
--- Run started 2026-02-04 15:58:27 ---

======================================================================
CREATING NEW MODEL
======================================================================

Starting fresh with epsilon: 1.0000
======================================================================

Starting DQN training for 500000 episodes...
Episode 1000/500000, Total Reward: 7102, Epsilon: 0.0100, Buffer: 100000
Episode 2000/500000, Total Reward: 3719, Epsilon: 0.0100, Buffer: 100000
Episode 3000/500000, Total Reward: 3310, Epsilon: 0.0100, Buffer: 100000
Episode 4000/500000, Total Reward: 9326, Epsilon: 0.0100, Buffer: 100000
Episode 5000/500000, Total Reward: -83, Epsilon: 0.0100, Buffer: 100000
Episode 6000/500000, Total Reward: 8164, Epsilon: 0.0100, Buffer: 100000
Episode 7000/500000, Total Reward: 11256, Epsilon: 0.0100, Buffer: 100000
Episode 8000/500000, Total Reward: 12167, Epsilon: 0.0100, Buffer: 100000
Episode 9000/500000, Total Reward: 586, Epsilon: 0.0100, Buffer: 100000
Episode 10000/500000, Total Reward: 4214, Epsilon: 0.0100, Buffer: 100000
Episode 11000/500000, Total Reward: 6608, Epsilon: 0.0100, Buffer: 100000
Episode 12000/500000, Total Reward: 8655, Epsilon: 0.0100, Buffer: 100000
Episode 13000/500000, Total Reward: 10423, Epsilon: 0.0100, Buffer: 100000
Episode 14000/500000, Total Reward: 5431, Epsilon: 0.0100, Buffer: 100000
Episode 15000/500000, Total Reward: 6705, Epsilon: 0.0100, Buffer: 100000
Episode 16000/500000, Total Reward: 10258, Epsilon: 0.0100, Buffer: 100000
Episode 17000/500000, Total Reward: 5699, Epsilon: 0.0100, Buffer: 100000
Episode 18000/500000, Total Reward: 10179, Epsilon: 0.0100, Buffer: 100000
Episode 19000/500000, Total Reward: 9741, Epsilon: 0.0100, Buffer: 100000
Episode 20000/500000, Total Reward: 12118, Epsilon: 0.0100, Buffer: 100000
Episode 21000/500000, Total Reward: 1162, Epsilon: 0.0100, Buffer: 100000
Episode 22000/500000, Total Reward: -22, Epsilon: 0.0100, Buffer: 100000
Episode 23000/500000, Total Reward: 2569, Epsilon: 0.0100, Buffer: 100000
Episode 24000/500000, Total Reward: 11234, Epsilon: 0.0100, Buffer: 100000
Episode 25000/500000, Total Reward: 4776, Epsilon: 0.0100, Buffer: 100000
Episode 26000/500000, Total Reward: 5099, Epsilon: 0.0100, Buffer: 100000
Episode 27000/500000, Total Reward: 2312, Epsilon: 0.0100, Buffer: 100000
Episode 28000/500000, Total Reward: 7184, Epsilon: 0.0100, Buffer: 100000
Episode 29000/500000, Total Reward: 5176, Epsilon: 0.0100, Buffer: 100000
Episode 30000/500000, Total Reward: 6099, Epsilon: 0.0100, Buffer: 100000
Episode 31000/500000, Total Reward: 8524, Epsilon: 0.0100, Buffer: 100000
Episode 32000/500000, Total Reward: 9621, Epsilon: 0.0100, Buffer: 100000
Episode 33000/500000, Total Reward: 2948, Epsilon: 0.0100, Buffer: 100000
Episode 34000/500000, Total Reward: 5241, Epsilon: 0.0100, Buffer: 100000
Episode 35000/500000, Total Reward: 3721, Epsilon: 0.0100, Buffer: 100000
Episode 36000/500000, Total Reward: 4003, Epsilon: 0.0100, Buffer: 100000
Episode 37000/500000, Total Reward: 9238, Epsilon: 0.0100, Buffer: 100000
Episode 38000/500000, Total Reward: 5070, Epsilon: 0.0100, Buffer: 100000
Episode 39000/500000, Total Reward: 13022, Epsilon: 0.0100, Buffer: 100000
Episode 40000/500000, Total Reward: 7470, Epsilon: 0.0100, Buffer: 100000
Episode 41000/500000, Total Reward: 5018, Epsilon: 0.0100, Buffer: 100000
Episode 42000/500000, Total Reward: 7958, Epsilon: 0.0100, Buffer: 100000
Episode 43000/500000, Total Reward: 5766, Epsilon: 0.0100, Buffer: 100000
Episode 44000/500000, Total Reward: 5268, Epsilon: 0.0100, Buffer: 100000
Episode 45000/500000, Total Reward: 3753, Epsilon: 0.0100, Buffer: 100000
Episode 46000/500000, Total Reward: 2770, Epsilon: 0.0100, Buffer: 100000
Episode 47000/500000, Total Reward: 7231, Epsilon: 0.0100, Buffer: 100000
Episode 48000/500000, Total Reward: 7734, Epsilon: 0.0100, Buffer: 100000
Episode 49000/500000, Total Reward: 9579, Epsilon: 0.0100, Buffer: 100000
Episode 50000/500000, Total Reward: 8022, Epsilon: 0.0100, Buffer: 100000
Episode 51000/500000, Total Reward: 4269, Epsilon: 0.0100, Buffer: 100000
Episode 52000/500000, Total Reward: 6162, Epsilon: 0.0100, Buffer: 100000
Episode 53000/500000, Total Reward: 8619, Epsilon: 0.0100, Buffer: 100000
Episode 54000/500000, Total Reward: 7648, Epsilon: 0.0100, Buffer: 100000
Episode 55000/500000, Total Reward: 3876, Epsilon: 0.0100, Buffer: 100000
Episode 56000/500000, Total Reward: 7472, Epsilon: 0.0100, Buffer: 100000
Episode 57000/500000, Total Reward: 7718, Epsilon: 0.0100, Buffer: 100000
Episode 58000/500000, Total Reward: 10836, Epsilon: 0.0100, Buffer: 100000
Episode 59000/500000, Total Reward: 8642, Epsilon: 0.0100, Buffer: 100000
Episode 60000/500000, Total Reward: 4753, Epsilon: 0.0100, Buffer: 100000
Episode 61000/500000, Total Reward: 7852, Epsilon: 0.0100, Buffer: 100000
Episode 62000/500000, Total Reward: 3080, Epsilon: 0.0100, Buffer: 100000
Episode 63000/500000, Total Reward: 9135, Epsilon: 0.0100, Buffer: 100000
Episode 64000/500000, Total Reward: 7436, Epsilon: 0.0100, Buffer: 100000
Episode 65000/500000, Total Reward: 2004, Epsilon: 0.0100, Buffer: 100000
Episode 66000/500000, Total Reward: 6892, Epsilon: 0.0100, Buffer: 100000
Episode 67000/500000, Total Reward: 12658, Epsilon: 0.0100, Buffer: 100000
Episode 68000/500000, Total Reward: 8253, Epsilon: 0.0100, Buffer: 100000
Episode 69000/500000, Total Reward: 8381, Epsilon: 0.0100, Buffer: 100000
Episode 70000/500000, Total Reward: 4576, Epsilon: 0.0100, Buffer: 100000
Episode 71000/500000, Total Reward: 9748, Epsilon: 0.0100, Buffer: 100000
Episode 72000/500000, Total Reward: 10381, Epsilon: 0.0100, Buffer: 100000
Episode 73000/500000, Total Reward: 8171, Epsilon: 0.0100, Buffer: 100000
Episode 74000/500000, Total Reward: -99, Epsilon: 0.0100, Buffer: 100000
Episode 75000/500000, Total Reward: 11308, Epsilon: 0.0100, Buffer: 100000
Episode 76000/500000, Total Reward: 6382, Epsilon: 0.0100, Buffer: 100000
Episode 77000/500000, Total Reward: 7586, Epsilon: 0.0100, Buffer: 100000
Episode 78000/500000, Total Reward: 9546, Epsilon: 0.0100, Buffer: 100000
Episode 79000/500000, Total Reward: 6428, Epsilon: 0.0100, Buffer: 100000
Episode 80000/500000, Total Reward: 9239, Epsilon: 0.0100, Buffer: 100000
Episode 81000/500000, Total Reward: 7147, Epsilon: 0.0100, Buffer: 100000
Episode 82000/500000, Total Reward: -2589, Epsilon: 0.0100, Buffer: 100000
Episode 83000/500000, Total Reward: 9479, Epsilon: 0.0100, Buffer: 100000
Episode 84000/500000, Total Reward: 8391, Epsilon: 0.0100, Buffer: 100000
Episode 85000/500000, Total Reward: 7184, Epsilon: 0.0100, Buffer: 100000
Episode 86000/500000, Total Reward: 582, Epsilon: 0.0100, Buffer: 100000
Episode 87000/500000, Total Reward: 10916, Epsilon: 0.0100, Buffer: 100000
Episode 88000/500000, Total Reward: 9177, Epsilon: 0.0100, Buffer: 100000
Episode 89000/500000, Total Reward: 9456, Epsilon: 0.0100, Buffer: 100000
Episode 90000/500000, Total Reward: 7010, Epsilon: 0.0100, Buffer: 100000
Episode 91000/500000, Total Reward: 7267, Epsilon: 0.0100, Buffer: 100000
Episode 92000/500000, Total Reward: 11571, Epsilon: 0.0100, Buffer: 100000
Episode 93000/500000, Total Reward: 7847, Epsilon: 0.0100, Buffer: 100000
Episode 94000/500000, Total Reward: 7134, Epsilon: 0.0100, Buffer: 100000
Episode 95000/500000, Total Reward: 568, Epsilon: 0.0100, Buffer: 100000
Episode 96000/500000, Total Reward: 8160, Epsilon: 0.0100, Buffer: 100000
Episode 97000/500000, Total Reward: 7171, Epsilon: 0.0100, Buffer: 100000
Episode 98000/500000, Total Reward: 7595, Epsilon: 0.0100, Buffer: 100000
Episode 99000/500000, Total Reward: 6979, Epsilon: 0.0100, Buffer: 100000
Episode 100000/500000, Total Reward: 7401, Epsilon: 0.0100, Buffer: 100000
Episode 101000/500000, Total Reward: 8764, Epsilon: 0.0100, Buffer: 100000
Episode 102000/500000, Total Reward: 5073, Epsilon: 0.0100, Buffer: 100000
Episode 103000/500000, Total Reward: 7315, Epsilon: 0.0100, Buffer: 100000
Episode 104000/500000, Total Reward: 9209, Epsilon: 0.0100, Buffer: 100000
Episode 105000/500000, Total Reward: 4543, Epsilon: 0.0100, Buffer: 100000
Episode 106000/500000, Total Reward: 7669, Epsilon: 0.0100, Buffer: 100000
Episode 107000/500000, Total Reward: 8074, Epsilon: 0.0100, Buffer: 100000
Episode 108000/500000, Total Reward: 7007, Epsilon: 0.0100, Buffer: 100000
Episode 109000/500000, Total Reward: 4791, Epsilon: 0.0100, Buffer: 100000
Episode 110000/500000, Total Reward: 6147, Epsilon: 0.0100, Buffer: 100000
Episode 111000/500000, Total Reward: 3040, Epsilon: 0.0100, Buffer: 100000
Episode 112000/500000, Total Reward: 4070, Epsilon: 0.0100, Buffer: 100000
Episode 113000/500000, Total Reward: 7885, Epsilon: 0.0100, Buffer: 100000
Episode 114000/500000, Total Reward: 3614, Epsilon: 0.0100, Buffer: 100000
Episode 115000/500000, Total Reward: 4075, Epsilon: 0.0100, Buffer: 100000
Episode 116000/500000, Total Reward: 6309, Epsilon: 0.0100, Buffer: 100000
Episode 117000/500000, Total Reward: 2215, Epsilon: 0.0100, Buffer: 100000
Episode 118000/500000, Total Reward: 2349, Epsilon: 0.0100, Buffer: 100000
Episode 119000/500000, Total Reward: 3837, Epsilon: 0.0100, Buffer: 100000
Episode 120000/500000, Total Reward: 5043, Epsilon: 0.0100, Buffer: 100000
Episode 121000/500000, Total Reward: 4860, Epsilon: 0.0100, Buffer: 100000
Episode 122000/500000, Total Reward: 9464, Epsilon: 0.0100, Buffer: 100000
Episode 123000/500000, Total Reward: 8202, Epsilon: 0.0100, Buffer: 100000
Episode 124000/500000, Total Reward: 4127, Epsilon: 0.0100, Buffer: 100000
Episode 125000/500000, Total Reward: 10726, Epsilon: 0.0100, Buffer: 100000
Episode 126000/500000, Total Reward: 7259, Epsilon: 0.0100, Buffer: 100000
Episode 127000/500000, Total Reward: 9357, Epsilon: 0.0100, Buffer: 100000
Episode 128000/500000, Total Reward: 8726, Epsilon: 0.0100, Buffer: 100000
Episode 129000/500000, Total Reward: 8510, Epsilon: 0.0100, Buffer: 100000
Episode 130000/500000, Total Reward: 10713, Epsilon: 0.0100, Buffer: 100000
Episode 131000/500000, Total Reward: 4566, Epsilon: 0.0100, Buffer: 100000
Episode 132000/500000, Total Reward: 7750, Epsilon: 0.0100, Buffer: 100000
Episode 133000/500000, Total Reward: 4788, Epsilon: 0.0100, Buffer: 100000
Episode 134000/500000, Total Reward: 9929, Epsilon: 0.0100, Buffer: 100000
Episode 135000/500000, Total Reward: 11675, Epsilon: 0.0100, Buffer: 100000
Episode 136000/500000, Total Reward: 9860, Epsilon: 0.0100, Buffer: 100000
Episode 137000/500000, Total Reward: 10291, Epsilon: 0.0100, Buffer: 100000
Episode 138000/500000, Total Reward: 7411, Epsilon: 0.0100, Buffer: 100000
Episode 139000/500000, Total Reward: 6985, Epsilon: 0.0100, Buffer: 100000
Episode 140000/500000, Total Reward: 4104, Epsilon: 0.0100, Buffer: 100000
Episode 141000/500000, Total Reward: 2808, Epsilon: 0.0100, Buffer: 100000
Episode 142000/500000, Total Reward: 4773, Epsilon: 0.0100, Buffer: 100000
Episode 143000/500000, Total Reward: 9008, Epsilon: 0.0100, Buffer: 100000
Episode 144000/500000, Total Reward: 6319, Epsilon: 0.0100, Buffer: 100000
Episode 145000/500000, Total Reward: 12657, Epsilon: 0.0100, Buffer: 100000
Episode 146000/500000, Total Reward: 14525, Epsilon: 0.0100, Buffer: 100000
Episode 147000/500000, Total Reward: 5456, Epsilon: 0.0100, Buffer: 100000
Episode 148000/500000, Total Reward: 1671, Epsilon: 0.0100, Buffer: 100000
Episode 149000/500000, Total Reward: 3784, Epsilon: 0.0100, Buffer: 100000
Episode 150000/500000, Total Reward: 6624, Epsilon: 0.0100, Buffer: 100000
Episode 151000/500000, Total Reward: 7862, Epsilon: 0.0100, Buffer: 100000
Episode 152000/500000, Total Reward: 9345, Epsilon: 0.0100, Buffer: 100000
Episode 153000/500000, Total Reward: 3069, Epsilon: 0.0100, Buffer: 100000
Episode 154000/500000, Total Reward: 7603, Epsilon: 0.0100, Buffer: 100000
Episode 155000/500000, Total Reward: 9764, Epsilon: 0.0100, Buffer: 100000
Episode 156000/500000, Total Reward: 7168, Epsilon: 0.0100, Buffer: 100000
Episode 157000/500000, Total Reward: 8306, Epsilon: 0.0100, Buffer: 100000
Episode 158000/500000, Total Reward: 3332, Epsilon: 0.0100, Buffer: 100000
Episode 159000/500000, Total Reward: 4189, Epsilon: 0.0100, Buffer: 100000
Episode 160000/500000, Total Reward: 9120, Epsilon: 0.0100, Buffer: 100000
Episode 161000/500000, Total Reward: 7696, Epsilon: 0.0100, Buffer: 100000
Episode 162000/500000, Total Reward: 10992, Epsilon: 0.0100, Buffer: 100000
Episode 163000/500000, Total Reward: 7289, Epsilon: 0.0100, Buffer: 100000
Episode 164000/500000, Total Reward: 9565, Epsilon: 0.0100, Buffer: 100000
Episode 165000/500000, Total Reward: 6491, Epsilon: 0.0100, Buffer: 100000
Episode 166000/500000, Total Reward: 9339, Epsilon: 0.0100, Buffer: 100000
Episode 167000/500000, Total Reward: 5520, Epsilon: 0.0100, Buffer: 100000
Episode 168000/500000, Total Reward: 10184, Epsilon: 0.0100, Buffer: 100000
Episode 169000/500000, Total Reward: 12427, Epsilon: 0.0100, Buffer: 100000
Episode 170000/500000, Total Reward: 6971, Epsilon: 0.0100, Buffer: 100000
Episode 171000/500000, Total Reward: 10720, Epsilon: 0.0100, Buffer: 100000
Episode 172000/500000, Total Reward: 10404, Epsilon: 0.0100, Buffer: 100000
Episode 173000/500000, Total Reward: 5879, Epsilon: 0.0100, Buffer: 100000
Episode 174000/500000, Total Reward: 11689, Epsilon: 0.0100, Buffer: 100000
Episode 175000/500000, Total Reward: 9990, Epsilon: 0.0100, Buffer: 100000
Episode 176000/500000, Total Reward: 9061, Epsilon: 0.0100, Buffer: 100000
Episode 177000/500000, Total Reward: 2506, Epsilon: 0.0100, Buffer: 100000
Episode 178000/500000, Total Reward: 10394, Epsilon: 0.0100, Buffer: 100000
Episode 179000/500000, Total Reward: 2576, Epsilon: 0.0100, Buffer: 100000
Episode 180000/500000, Total Reward: 2584, Epsilon: 0.0100, Buffer: 100000
Episode 181000/500000, Total Reward: 7141, Epsilon: 0.0100, Buffer: 100000
Episode 182000/500000, Total Reward: 1792, Epsilon: 0.0100, Buffer: 100000
Episode 183000/500000, Total Reward: 8773, Epsilon: 0.0100, Buffer: 100000
Episode 184000/500000, Total Reward: 7921, Epsilon: 0.0100, Buffer: 100000
Episode 185000/500000, Total Reward: 7435, Epsilon: 0.0100, Buffer: 100000
Episode 186000/500000, Total Reward: -632, Epsilon: 0.0100, Buffer: 100000
Episode 187000/500000, Total Reward: 7707, Epsilon: 0.0100, Buffer: 100000
Episode 188000/500000, Total Reward: 6546, Epsilon: 0.0100, Buffer: 100000
Episode 189000/500000, Total Reward: -751, Epsilon: 0.0100, Buffer: 100000
Episode 190000/500000, Total Reward: 5125, Epsilon: 0.0100, Buffer: 100000
Episode 191000/500000, Total Reward: 5243, Epsilon: 0.0100, Buffer: 100000
Episode 192000/500000, Total Reward: 9902, Epsilon: 0.0100, Buffer: 100000
Episode 193000/500000, Total Reward: 5987, Epsilon: 0.0100, Buffer: 100000
Episode 194000/500000, Total Reward: 7830, Epsilon: 0.0100, Buffer: 100000
Episode 195000/500000, Total Reward: 9768, Epsilon: 0.0100, Buffer: 100000
Episode 196000/500000, Total Reward: 5872, Epsilon: 0.0100, Buffer: 100000
Episode 197000/500000, Total Reward: 12334, Epsilon: 0.0100, Buffer: 100000
Episode 198000/500000, Total Reward: 9291, Epsilon: 0.0100, Buffer: 100000
Episode 199000/500000, Total Reward: 5448, Epsilon: 0.0100, Buffer: 100000
Episode 200000/500000, Total Reward: 7944, Epsilon: 0.0100, Buffer: 100000
Episode 201000/500000, Total Reward: 5364, Epsilon: 0.0100, Buffer: 100000
Episode 202000/500000, Total Reward: 9210, Epsilon: 0.0100, Buffer: 100000
Episode 203000/500000, Total Reward: 4175, Epsilon: 0.0100, Buffer: 100000
Episode 204000/500000, Total Reward: 8647, Epsilon: 0.0100, Buffer: 100000
Episode 205000/500000, Total Reward: 3714, Epsilon: 0.0100, Buffer: 100000
Episode 206000/500000, Total Reward: 8876, Epsilon: 0.0100, Buffer: 100000
Episode 207000/500000, Total Reward: 8942, Epsilon: 0.0100, Buffer: 100000
Episode 208000/500000, Total Reward: 8916, Epsilon: 0.0100, Buffer: 100000
Episode 209000/500000, Total Reward: 9614, Epsilon: 0.0100, Buffer: 100000
Episode 210000/500000, Total Reward: 11909, Epsilon: 0.0100, Buffer: 100000
Episode 211000/500000, Total Reward: 9043, Epsilon: 0.0100, Buffer: 100000
Episode 212000/500000, Total Reward: 8818, Epsilon: 0.0100, Buffer: 100000
Episode 213000/500000, Total Reward: 6854, Epsilon: 0.0100, Buffer: 100000
Episode 214000/500000, Total Reward: 9611, Epsilon: 0.0100, Buffer: 100000
Episode 215000/500000, Total Reward: 5545, Epsilon: 0.0100, Buffer: 100000
Episode 216000/500000, Total Reward: 10432, Epsilon: 0.0100, Buffer: 100000
Episode 217000/500000, Total Reward: 7997, Epsilon: 0.0100, Buffer: 100000
Episode 218000/500000, Total Reward: 6586, Epsilon: 0.0100, Buffer: 100000
Episode 219000/500000, Total Reward: 10106, Epsilon: 0.0100, Buffer: 100000
Episode 220000/500000, Total Reward: 10643, Epsilon: 0.0100, Buffer: 100000
Episode 221000/500000, Total Reward: 8068, Epsilon: 0.0100, Buffer: 100000
Episode 222000/500000, Total Reward: 10291, Epsilon: 0.0100, Buffer: 100000
Episode 223000/500000, Total Reward: 4724, Epsilon: 0.0100, Buffer: 100000
Episode 224000/500000, Total Reward: 5245, Epsilon: 0.0100, Buffer: 100000
Episode 225000/500000, Total Reward: 4903, Epsilon: 0.0100, Buffer: 100000
Episode 226000/500000, Total Reward: 12523, Epsilon: 0.0100, Buffer: 100000
Episode 227000/500000, Total Reward: 11352, Epsilon: 0.0100, Buffer: 100000
Episode 228000/500000, Total Reward: 5990, Epsilon: 0.0100, Buffer: 100000
Episode 229000/500000, Total Reward: 7642, Epsilon: 0.0100, Buffer: 100000
Episode 230000/500000, Total Reward: 6501, Epsilon: 0.0100, Buffer: 100000
Episode 231000/500000, Total Reward: 6528, Epsilon: 0.0100, Buffer: 100000
Episode 232000/500000, Total Reward: 10528, Epsilon: 0.0100, Buffer: 100000
Episode 233000/500000, Total Reward: 7319, Epsilon: 0.0100, Buffer: 100000
Episode 234000/500000, Total Reward: 6355, Epsilon: 0.0100, Buffer: 100000
Episode 235000/500000, Total Reward: 6090, Epsilon: 0.0100, Buffer: 100000
Episode 236000/500000, Total Reward: 9034, Epsilon: 0.0100, Buffer: 100000
Episode 237000/500000, Total Reward: 7115, Epsilon: 0.0100, Buffer: 100000
Episode 238000/500000, Total Reward: 10154, Epsilon: 0.0100, Buffer: 100000
Episode 239000/500000, Total Reward: 5064, Epsilon: 0.0100, Buffer: 100000
Episode 240000/500000, Total Reward: 10458, Epsilon: 0.0100, Buffer: 100000
Episode 241000/500000, Total Reward: 2789, Epsilon: 0.0100, Buffer: 100000
Episode 242000/500000, Total Reward: 11014, Epsilon: 0.0100, Buffer: 100000
Episode 243000/500000, Total Reward: 7611, Epsilon: 0.0100, Buffer: 100000
Episode 244000/500000, Total Reward: 10847, Epsilon: 0.0100, Buffer: 100000
Episode 245000/500000, Total Reward: 11634, Epsilon: 0.0100, Buffer: 100000
Episode 246000/500000, Total Reward: 5099, Epsilon: 0.0100, Buffer: 100000
Episode 247000/500000, Total Reward: 3901, Epsilon: 0.0100, Buffer: 100000
Episode 248000/500000, Total Reward: 12944, Epsilon: 0.0100, Buffer: 100000
Episode 249000/500000, Total Reward: 7527, Epsilon: 0.0100, Buffer: 100000
Episode 250000/500000, Total Reward: 9794, Epsilon: 0.0100, Buffer: 100000
Episode 251000/500000, Total Reward: 8129, Epsilon: 0.0100, Buffer: 100000
Episode 252000/500000, Total Reward: 6904, Epsilon: 0.0100, Buffer: 100000
Episode 253000/500000, Total Reward: 8521, Epsilon: 0.0100, Buffer: 100000
Episode 254000/500000, Total Reward: 8954, Epsilon: 0.0100, Buffer: 100000
Episode 255000/500000, Total Reward: 3963, Epsilon: 0.0100, Buffer: 100000
Episode 256000/500000, Total Reward: 10629, Epsilon: 0.0100, Buffer: 100000
Episode 257000/500000, Total Reward: 6543, Epsilon: 0.0100, Buffer: 100000
Episode 258000/500000, Total Reward: 11147, Epsilon: 0.0100, Buffer: 100000
Episode 259000/500000, Total Reward: 2167, Epsilon: 0.0100, Buffer: 100000
Episode 260000/500000, Total Reward: 9094, Epsilon: 0.0100, Buffer: 100000
Episode 261000/500000, Total Reward: 2272, Epsilon: 0.0100, Buffer: 100000
Episode 262000/500000, Total Reward: 6767, Epsilon: 0.0100, Buffer: 100000
Episode 263000/500000, Total Reward: 3106, Epsilon: 0.0100, Buffer: 100000
Episode 264000/500000, Total Reward: 3551, Epsilon: 0.0100, Buffer: 100000
Episode 265000/500000, Total Reward: 8319, Epsilon: 0.0100, Buffer: 100000
Episode 266000/500000, Total Reward: 7717, Epsilon: 0.0100, Buffer: 100000
Episode 267000/500000, Total Reward: 6464, Epsilon: 0.0100, Buffer: 100000
Episode 268000/500000, Total Reward: 5669, Epsilon: 0.0100, Buffer: 100000
Episode 269000/500000, Total Reward: 1916, Epsilon: 0.0100, Buffer: 100000
Episode 270000/500000, Total Reward: 9273, Epsilon: 0.0100, Buffer: 100000
Episode 271000/500000, Total Reward: 9895, Epsilon: 0.0100, Buffer: 100000
Episode 272000/500000, Total Reward: 7591, Epsilon: 0.0100, Buffer: 100000
Episode 273000/500000, Total Reward: 8264, Epsilon: 0.0100, Buffer: 100000
Episode 274000/500000, Total Reward: 8491, Epsilon: 0.0100, Buffer: 100000
Episode 275000/500000, Total Reward: 5516, Epsilon: 0.0100, Buffer: 100000
Episode 276000/500000, Total Reward: 1066, Epsilon: 0.0100, Buffer: 100000
Episode 277000/500000, Total Reward: 6526, Epsilon: 0.0100, Buffer: 100000
Episode 278000/500000, Total Reward: 1827, Epsilon: 0.0100, Buffer: 100000
Episode 279000/500000, Total Reward: 9329, Epsilon: 0.0100, Buffer: 100000
Episode 280000/500000, Total Reward: 4278, Epsilon: 0.0100, Buffer: 100000
Episode 281000/500000, Total Reward: 6103, Epsilon: 0.0100, Buffer: 100000
Episode 282000/500000, Total Reward: 4541, Epsilon: 0.0100, Buffer: 100000
Episode 283000/500000, Total Reward: 10895, Epsilon: 0.0100, Buffer: 100000
Episode 284000/500000, Total Reward: 8124, Epsilon: 0.0100, Buffer: 100000
Episode 285000/500000, Total Reward: 6083, Epsilon: 0.0100, Buffer: 100000
Episode 286000/500000, Total Reward: 8819, Epsilon: 0.0100, Buffer: 100000
Episode 287000/500000, Total Reward: 11686, Epsilon: 0.0100, Buffer: 100000
Episode 288000/500000, Total Reward: 6718, Epsilon: 0.0100, Buffer: 100000
Episode 289000/500000, Total Reward: 1558, Epsilon: 0.0100, Buffer: 100000
Episode 290000/500000, Total Reward: 7719, Epsilon: 0.0100, Buffer: 100000
Episode 291000/500000, Total Reward: 2512, Epsilon: 0.0100, Buffer: 100000
Episode 292000/500000, Total Reward: 9075, Epsilon: 0.0100, Buffer: 100000
Episode 293000/500000, Total Reward: 6869, Epsilon: 0.0100, Buffer: 100000
Episode 294000/500000, Total Reward: 4766, Epsilon: 0.0100, Buffer: 100000
Episode 295000/500000, Total Reward: 9684, Epsilon: 0.0100, Buffer: 100000
Episode 296000/500000, Total Reward: 1709, Epsilon: 0.0100, Buffer: 100000
Episode 297000/500000, Total Reward: 9145, Epsilon: 0.0100, Buffer: 100000
Episode 298000/500000, Total Reward: 8434, Epsilon: 0.0100, Buffer: 100000
Episode 299000/500000, Total Reward: 6490, Epsilon: 0.0100, Buffer: 100000
Episode 300000/500000, Total Reward: 2310, Epsilon: 0.0100, Buffer: 100000
Episode 301000/500000, Total Reward: 6859, Epsilon: 0.0100, Buffer: 100000
Episode 302000/500000, Total Reward: 6488, Epsilon: 0.0100, Buffer: 100000
Episode 303000/500000, Total Reward: -638, Epsilon: 0.0100, Buffer: 100000
Episode 304000/500000, Total Reward: 11408, Epsilon: 0.0100, Buffer: 100000
Episode 305000/500000, Total Reward: 8522, Epsilon: 0.0100, Buffer: 100000
Episode 306000/500000, Total Reward: 9457, Epsilon: 0.0100, Buffer: 100000
Episode 307000/500000, Total Reward: 9396, Epsilon: 0.0100, Buffer: 100000
Episode 308000/500000, Total Reward: 8449, Epsilon: 0.0100, Buffer: 100000
Episode 309000/500000, Total Reward: 3092, Epsilon: 0.0100, Buffer: 100000
Episode 310000/500000, Total Reward: 11781, Epsilon: 0.0100, Buffer: 100000
Episode 311000/500000, Total Reward: 8489, Epsilon: 0.0100, Buffer: 100000
Episode 312000/500000, Total Reward: 6982, Epsilon: 0.0100, Buffer: 100000
Episode 313000/500000, Total Reward: 6201, Epsilon: 0.0100, Buffer: 100000
Episode 314000/500000, Total Reward: 8820, Epsilon: 0.0100, Buffer: 100000
Episode 315000/500000, Total Reward: 8029, Epsilon: 0.0100, Buffer: 100000
Episode 316000/500000, Total Reward: 6541, Epsilon: 0.0100, Buffer: 100000
Episode 317000/500000, Total Reward: 5962, Epsilon: 0.0100, Buffer: 100000
Episode 318000/500000, Total Reward: 6128, Epsilon: 0.0100, Buffer: 100000
Episode 319000/500000, Total Reward: 6381, Epsilon: 0.0100, Buffer: 100000
Episode 320000/500000, Total Reward: 7125, Epsilon: 0.0100, Buffer: 100000
Episode 321000/500000, Total Reward: 5045, Epsilon: 0.0100, Buffer: 100000
Episode 322000/500000, Total Reward: -239, Epsilon: 0.0100, Buffer: 100000
Episode 323000/500000, Total Reward: 5300, Epsilon: 0.0100, Buffer: 100000
Episode 324000/500000, Total Reward: -925, Epsilon: 0.0100, Buffer: 100000
Episode 325000/500000, Total Reward: 6040, Epsilon: 0.0100, Buffer: 100000