
--- Run started 2026-01-29 15:29:22 ---

======================================================================
CREATING NEW MODEL
======================================================================

Starting fresh with epsilon: 1.0000
======================================================================

Starting DQN training for 1000 episodes...
Episode 1000/1000, Total Reward: 28476, Epsilon: 0.0100, Buffer: 100000
Extracting Q-table from DQN for compatibility...
Saved DQN model to outputs/dqn_policy_model.pth
Saved Q-table (for compatibility) to outputs/dqn_policy.pkl

Learned DQN Q-table (sample):
State: (0, 0, 9, 0)
  Action: keep, Q-value: 4150.90
  Action: replace, Q-value: 3123.81
State: (1, 1, 0, 0)
  Action: keep, Q-value: 3674.76
  Action: replace, Q-value: 3161.88
State: (1, 1, 0, 1)
  Action: keep, Q-value: 3239.64
  Action: replace, Q-value: 3134.30
State: (1, 2, 0, 0)
  Action: keep, Q-value: 3703.15
  Action: replace, Q-value: 3197.43
State: (1, 2, 0, 1)
  Action: keep, Q-value: 3229.97
  Action: replace, Q-value: 3170.23
State: (1, 3, 0, 0)
  Action: keep, Q-value: 3682.44
  Action: replace, Q-value: 3215.63
State: (1, 3, 0, 1)
  Action: keep, Q-value: 3168.37
  Action: replace, Q-value: 3174.89
State: (1, 4, 0, 0)
  Action: keep, Q-value: 3621.98
  Action: replace, Q-value: 3216.52
State: (1, 4, 0, 1)
  Action: keep, Q-value: 3105.88
  Action: replace, Q-value: 3179.00
State: (1, 4, 1, 0)
  Action: keep, Q-value: 3741.27
  Action: replace, Q-value: 3215.67
Total states: 3289

Time taken for training: 113.32 seconds
Average reward (last 1000 episodes): 19873.23
--- Run ended 2026-01-29 15:31:17 ---
