
--- Run started 2026-01-31 21:11:52 ---

======================================================================
CREATING NEW MODEL
======================================================================

Starting fresh with epsilon: 1.0000
======================================================================

Starting DQN training for 500000 episodes...
Episode 1000/500000, Total Reward: 53952, Epsilon: 0.0100, Buffer: 100000
Episode 2000/500000, Total Reward: 44059, Epsilon: 0.0100, Buffer: 100000
Episode 3000/500000, Total Reward: 48284, Epsilon: 0.0100, Buffer: 100000
Episode 4000/500000, Total Reward: 54036, Epsilon: 0.0100, Buffer: 100000
Episode 5000/500000, Total Reward: 44192, Epsilon: 0.0100, Buffer: 100000
Episode 6000/500000, Total Reward: 47944, Epsilon: 0.0100, Buffer: 100000
Episode 7000/500000, Total Reward: 59532, Epsilon: 0.0100, Buffer: 100000
Episode 8000/500000, Total Reward: 44718, Epsilon: 0.0100, Buffer: 100000
Episode 9000/500000, Total Reward: 50339, Epsilon: 0.0100, Buffer: 100000
Episode 10000/500000, Total Reward: 43812, Epsilon: 0.0100, Buffer: 100000
Episode 11000/500000, Total Reward: 55684, Epsilon: 0.0100, Buffer: 100000
Episode 12000/500000, Total Reward: 48457, Epsilon: 0.0100, Buffer: 100000
Episode 13000/500000, Total Reward: 44516, Epsilon: 0.0100, Buffer: 100000
Episode 14000/500000, Total Reward: 40611, Epsilon: 0.0100, Buffer: 100000
Episode 15000/500000, Total Reward: 47393, Epsilon: 0.0100, Buffer: 100000
Episode 16000/500000, Total Reward: 29374, Epsilon: 0.0100, Buffer: 100000
Episode 17000/500000, Total Reward: 33426, Epsilon: 0.0100, Buffer: 100000
Episode 18000/500000, Total Reward: 44817, Epsilon: 0.0100, Buffer: 100000
Episode 19000/500000, Total Reward: 41398, Epsilon: 0.0100, Buffer: 100000
Episode 20000/500000, Total Reward: 54612, Epsilon: 0.0100, Buffer: 100000
Episode 21000/500000, Total Reward: 50047, Epsilon: 0.0100, Buffer: 100000
Episode 22000/500000, Total Reward: 40748, Epsilon: 0.0100, Buffer: 100000
Episode 23000/500000, Total Reward: 46259, Epsilon: 0.0100, Buffer: 100000
Episode 24000/500000, Total Reward: 52779, Epsilon: 0.0100, Buffer: 100000
Episode 25000/500000, Total Reward: 47355, Epsilon: 0.0100, Buffer: 100000
Episode 26000/500000, Total Reward: 49493, Epsilon: 0.0100, Buffer: 100000
Episode 27000/500000, Total Reward: 47921, Epsilon: 0.0100, Buffer: 100000
Episode 28000/500000, Total Reward: 47222, Epsilon: 0.0100, Buffer: 100000
Episode 29000/500000, Total Reward: 54053, Epsilon: 0.0100, Buffer: 100000
Episode 30000/500000, Total Reward: 46844, Epsilon: 0.0100, Buffer: 100000
Episode 31000/500000, Total Reward: 57078, Epsilon: 0.0100, Buffer: 100000
Episode 32000/500000, Total Reward: 55651, Epsilon: 0.0100, Buffer: 100000
Episode 33000/500000, Total Reward: 48618, Epsilon: 0.0100, Buffer: 100000
Episode 34000/500000, Total Reward: 47276, Epsilon: 0.0100, Buffer: 100000
Episode 35000/500000, Total Reward: 49255, Epsilon: 0.0100, Buffer: 100000
Episode 36000/500000, Total Reward: 47118, Epsilon: 0.0100, Buffer: 100000
Episode 37000/500000, Total Reward: 1049, Epsilon: 0.0100, Buffer: 100000
Episode 38000/500000, Total Reward: 40480, Epsilon: 0.0100, Buffer: 100000
Episode 39000/500000, Total Reward: 51962, Epsilon: 0.0100, Buffer: 100000
Episode 40000/500000, Total Reward: 38357, Epsilon: 0.0100, Buffer: 100000
Episode 41000/500000, Total Reward: 55584, Epsilon: 0.0100, Buffer: 100000
Episode 42000/500000, Total Reward: 58146, Epsilon: 0.0100, Buffer: 100000
Episode 43000/500000, Total Reward: 38060, Epsilon: 0.0100, Buffer: 100000
Episode 44000/500000, Total Reward: 47317, Epsilon: 0.0100, Buffer: 100000
Episode 45000/500000, Total Reward: 46320, Epsilon: 0.0100, Buffer: 100000
Episode 46000/500000, Total Reward: 35297, Epsilon: 0.0100, Buffer: 100000
Episode 47000/500000, Total Reward: 41140, Epsilon: 0.0100, Buffer: 100000
Episode 48000/500000, Total Reward: 45431, Epsilon: 0.0100, Buffer: 100000
Episode 49000/500000, Total Reward: 41735, Epsilon: 0.0100, Buffer: 100000
Episode 50000/500000, Total Reward: 36298, Epsilon: 0.0100, Buffer: 100000
Episode 51000/500000, Total Reward: 53210, Epsilon: 0.0100, Buffer: 100000
Episode 52000/500000, Total Reward: 43482, Epsilon: 0.0100, Buffer: 100000
Episode 53000/500000, Total Reward: 40922, Epsilon: 0.0100, Buffer: 100000
Episode 54000/500000, Total Reward: 51316, Epsilon: 0.0100, Buffer: 100000
Episode 55000/500000, Total Reward: 37265, Epsilon: 0.0100, Buffer: 100000
Episode 56000/500000, Total Reward: 45330, Epsilon: 0.0100, Buffer: 100000
Episode 57000/500000, Total Reward: 57569, Epsilon: 0.0100, Buffer: 100000
Episode 58000/500000, Total Reward: 50910, Epsilon: 0.0100, Buffer: 100000
Episode 59000/500000, Total Reward: 21449, Epsilon: 0.0100, Buffer: 100000
Episode 60000/500000, Total Reward: 47924, Epsilon: 0.0100, Buffer: 100000
Episode 61000/500000, Total Reward: 32964, Epsilon: 0.0100, Buffer: 100000
Episode 62000/500000, Total Reward: 33507, Epsilon: 0.0100, Buffer: 100000
Episode 63000/500000, Total Reward: 42742, Epsilon: 0.0100, Buffer: 100000
Episode 64000/500000, Total Reward: 28741, Epsilon: 0.0100, Buffer: 100000
Episode 65000/500000, Total Reward: 41371, Epsilon: 0.0100, Buffer: 100000
Episode 66000/500000, Total Reward: 48512, Epsilon: 0.0100, Buffer: 100000
Episode 67000/500000, Total Reward: 43422, Epsilon: 0.0100, Buffer: 100000
Episode 68000/500000, Total Reward: 49341, Epsilon: 0.0100, Buffer: 100000
Episode 69000/500000, Total Reward: 55564, Epsilon: 0.0100, Buffer: 100000
Episode 70000/500000, Total Reward: 56443, Epsilon: 0.0100, Buffer: 100000
Episode 71000/500000, Total Reward: 51707, Epsilon: 0.0100, Buffer: 100000
Episode 72000/500000, Total Reward: 53131, Epsilon: 0.0100, Buffer: 100000
Episode 73000/500000, Total Reward: 48805, Epsilon: 0.0100, Buffer: 100000
Episode 74000/500000, Total Reward: 43378, Epsilon: 0.0100, Buffer: 100000
Episode 75000/500000, Total Reward: 43879, Epsilon: 0.0100, Buffer: 100000
Episode 76000/500000, Total Reward: 59183, Epsilon: 0.0100, Buffer: 100000
Episode 77000/500000, Total Reward: 42533, Epsilon: 0.0100, Buffer: 100000
Episode 78000/500000, Total Reward: 55138, Epsilon: 0.0100, Buffer: 100000
Episode 79000/500000, Total Reward: 55723, Epsilon: 0.0100, Buffer: 100000
Episode 80000/500000, Total Reward: 29580, Epsilon: 0.0100, Buffer: 100000
Episode 81000/500000, Total Reward: 51013, Epsilon: 0.0100, Buffer: 100000
Episode 82000/500000, Total Reward: 45166, Epsilon: 0.0100, Buffer: 100000
Episode 83000/500000, Total Reward: 40082, Epsilon: 0.0100, Buffer: 100000
Episode 84000/500000, Total Reward: 45363, Epsilon: 0.0100, Buffer: 100000
Episode 85000/500000, Total Reward: 57072, Epsilon: 0.0100, Buffer: 100000
Episode 86000/500000, Total Reward: 43835, Epsilon: 0.0100, Buffer: 100000
Episode 87000/500000, Total Reward: 48024, Epsilon: 0.0100, Buffer: 100000
Episode 88000/500000, Total Reward: 44460, Epsilon: 0.0100, Buffer: 100000
Episode 89000/500000, Total Reward: 41352, Epsilon: 0.0100, Buffer: 100000
Episode 90000/500000, Total Reward: 54999, Epsilon: 0.0100, Buffer: 100000
Episode 91000/500000, Total Reward: 40648, Epsilon: 0.0100, Buffer: 100000
Episode 92000/500000, Total Reward: 57991, Epsilon: 0.0100, Buffer: 100000
Episode 93000/500000, Total Reward: 45238, Epsilon: 0.0100, Buffer: 100000
Episode 94000/500000, Total Reward: 32919, Epsilon: 0.0100, Buffer: 100000
Episode 95000/500000, Total Reward: 14329, Epsilon: 0.0100, Buffer: 100000
Episode 96000/500000, Total Reward: 47191, Epsilon: 0.0100, Buffer: 100000
Episode 97000/500000, Total Reward: 30484, Epsilon: 0.0100, Buffer: 100000
Episode 98000/500000, Total Reward: 38690, Epsilon: 0.0100, Buffer: 100000
Episode 99000/500000, Total Reward: 55225, Epsilon: 0.0100, Buffer: 100000
Episode 100000/500000, Total Reward: 30193, Epsilon: 0.0100, Buffer: 100000
Episode 101000/500000, Total Reward: 53449, Epsilon: 0.0100, Buffer: 100000
Episode 102000/500000, Total Reward: 52962, Epsilon: 0.0100, Buffer: 100000
Episode 103000/500000, Total Reward: 53478, Epsilon: 0.0100, Buffer: 100000
Episode 104000/500000, Total Reward: 51455, Epsilon: 0.0100, Buffer: 100000
Episode 105000/500000, Total Reward: 51057, Epsilon: 0.0100, Buffer: 100000
Episode 106000/500000, Total Reward: 47850, Epsilon: 0.0100, Buffer: 100000
Episode 107000/500000, Total Reward: 59503, Epsilon: 0.0100, Buffer: 100000
Episode 108000/500000, Total Reward: 49139, Epsilon: 0.0100, Buffer: 100000
Episode 109000/500000, Total Reward: 53062, Epsilon: 0.0100, Buffer: 100000
Episode 110000/500000, Total Reward: 37099, Epsilon: 0.0100, Buffer: 100000
Episode 111000/500000, Total Reward: 50676, Epsilon: 0.0100, Buffer: 100000
Episode 112000/500000, Total Reward: 50712, Epsilon: 0.0100, Buffer: 100000
Episode 113000/500000, Total Reward: 46364, Epsilon: 0.0100, Buffer: 100000
Episode 114000/500000, Total Reward: 40978, Epsilon: 0.0100, Buffer: 100000
Episode 115000/500000, Total Reward: 42992, Epsilon: 0.0100, Buffer: 100000
Episode 116000/500000, Total Reward: 40925, Epsilon: 0.0100, Buffer: 100000
Episode 117000/500000, Total Reward: 42766, Epsilon: 0.0100, Buffer: 100000
Episode 118000/500000, Total Reward: 45872, Epsilon: 0.0100, Buffer: 100000
Episode 119000/500000, Total Reward: 42652, Epsilon: 0.0100, Buffer: 100000
Episode 120000/500000, Total Reward: 33224, Epsilon: 0.0100, Buffer: 100000
Episode 121000/500000, Total Reward: 57011, Epsilon: 0.0100, Buffer: 100000
Episode 122000/500000, Total Reward: 44887, Epsilon: 0.0100, Buffer: 100000
Episode 123000/500000, Total Reward: 40987, Epsilon: 0.0100, Buffer: 100000
Episode 124000/500000, Total Reward: 53343, Epsilon: 0.0100, Buffer: 100000
Episode 125000/500000, Total Reward: 54114, Epsilon: 0.0100, Buffer: 100000
Episode 126000/500000, Total Reward: 43071, Epsilon: 0.0100, Buffer: 100000
Episode 127000/500000, Total Reward: 53164, Epsilon: 0.0100, Buffer: 100000
Episode 128000/500000, Total Reward: 31483, Epsilon: 0.0100, Buffer: 100000
Episode 129000/500000, Total Reward: 48918, Epsilon: 0.0100, Buffer: 100000
Episode 130000/500000, Total Reward: 42494, Epsilon: 0.0100, Buffer: 100000
Episode 131000/500000, Total Reward: 54422, Epsilon: 0.0100, Buffer: 100000
Episode 132000/500000, Total Reward: 33416, Epsilon: 0.0100, Buffer: 100000
Episode 133000/500000, Total Reward: 49112, Epsilon: 0.0100, Buffer: 100000
Episode 134000/500000, Total Reward: 49030, Epsilon: 0.0100, Buffer: 100000
Episode 135000/500000, Total Reward: 49659, Epsilon: 0.0100, Buffer: 100000
Episode 136000/500000, Total Reward: 42451, Epsilon: 0.0100, Buffer: 100000
Episode 137000/500000, Total Reward: 57063, Epsilon: 0.0100, Buffer: 100000
Episode 138000/500000, Total Reward: 41792, Epsilon: 0.0100, Buffer: 100000
Episode 139000/500000, Total Reward: 56068, Epsilon: 0.0100, Buffer: 100000
Episode 140000/500000, Total Reward: 54870, Epsilon: 0.0100, Buffer: 100000
Episode 141000/500000, Total Reward: 54727, Epsilon: 0.0100, Buffer: 100000
Episode 142000/500000, Total Reward: 41639, Epsilon: 0.0100, Buffer: 100000
Episode 143000/500000, Total Reward: 38501, Epsilon: 0.0100, Buffer: 100000
Episode 144000/500000, Total Reward: 45680, Epsilon: 0.0100, Buffer: 100000
Episode 145000/500000, Total Reward: 52671, Epsilon: 0.0100, Buffer: 100000
Episode 146000/500000, Total Reward: 42311, Epsilon: 0.0100, Buffer: 100000
Episode 147000/500000, Total Reward: 51088, Epsilon: 0.0100, Buffer: 100000
Episode 148000/500000, Total Reward: 41441, Epsilon: 0.0100, Buffer: 100000
Episode 149000/500000, Total Reward: 44739, Epsilon: 0.0100, Buffer: 100000
Episode 150000/500000, Total Reward: 37263, Epsilon: 0.0100, Buffer: 100000
Episode 151000/500000, Total Reward: 41739, Epsilon: 0.0100, Buffer: 100000
Episode 152000/500000, Total Reward: 55617, Epsilon: 0.0100, Buffer: 100000
Episode 153000/500000, Total Reward: 42805, Epsilon: 0.0100, Buffer: 100000
Episode 154000/500000, Total Reward: 43931, Epsilon: 0.0100, Buffer: 100000
Episode 155000/500000, Total Reward: 57419, Epsilon: 0.0100, Buffer: 100000
Episode 156000/500000, Total Reward: 64387, Epsilon: 0.0100, Buffer: 100000
Episode 157000/500000, Total Reward: 47640, Epsilon: 0.0100, Buffer: 100000
Episode 158000/500000, Total Reward: 48392, Epsilon: 0.0100, Buffer: 100000
Episode 159000/500000, Total Reward: 49222, Epsilon: 0.0100, Buffer: 100000
Episode 160000/500000, Total Reward: 48086, Epsilon: 0.0100, Buffer: 100000
Episode 161000/500000, Total Reward: 40117, Epsilon: 0.0100, Buffer: 100000
Episode 162000/500000, Total Reward: 45558, Epsilon: 0.0100, Buffer: 100000
Episode 163000/500000, Total Reward: 57154, Epsilon: 0.0100, Buffer: 100000
Episode 164000/500000, Total Reward: 29769, Epsilon: 0.0100, Buffer: 100000
Episode 165000/500000, Total Reward: 49985, Epsilon: 0.0100, Buffer: 100000
Episode 166000/500000, Total Reward: 44196, Epsilon: 0.0100, Buffer: 100000
Episode 167000/500000, Total Reward: 55777, Epsilon: 0.0100, Buffer: 100000
Episode 168000/500000, Total Reward: 51948, Epsilon: 0.0100, Buffer: 100000
Episode 169000/500000, Total Reward: 60829, Epsilon: 0.0100, Buffer: 100000
Episode 170000/500000, Total Reward: 46215, Epsilon: 0.0100, Buffer: 100000
Episode 171000/500000, Total Reward: 42376, Epsilon: 0.0100, Buffer: 100000
Episode 172000/500000, Total Reward: 42637, Epsilon: 0.0100, Buffer: 100000
Episode 173000/500000, Total Reward: 38957, Epsilon: 0.0100, Buffer: 100000
Episode 174000/500000, Total Reward: 42165, Epsilon: 0.0100, Buffer: 100000
Episode 175000/500000, Total Reward: 61286, Epsilon: 0.0100, Buffer: 100000
Episode 176000/500000, Total Reward: 48733, Epsilon: 0.0100, Buffer: 100000
Episode 177000/500000, Total Reward: 51459, Epsilon: 0.0100, Buffer: 100000
Episode 178000/500000, Total Reward: 56408, Epsilon: 0.0100, Buffer: 100000
Episode 179000/500000, Total Reward: 59668, Epsilon: 0.0100, Buffer: 100000
Episode 180000/500000, Total Reward: 45914, Epsilon: 0.0100, Buffer: 100000
Episode 181000/500000, Total Reward: 49071, Epsilon: 0.0100, Buffer: 100000
Episode 182000/500000, Total Reward: 49328, Epsilon: 0.0100, Buffer: 100000
Episode 183000/500000, Total Reward: 52739, Epsilon: 0.0100, Buffer: 100000
Episode 184000/500000, Total Reward: 54871, Epsilon: 0.0100, Buffer: 100000
Episode 185000/500000, Total Reward: 53169, Epsilon: 0.0100, Buffer: 100000
Episode 186000/500000, Total Reward: 51484, Epsilon: 0.0100, Buffer: 100000
Episode 187000/500000, Total Reward: 48339, Epsilon: 0.0100, Buffer: 100000
Episode 188000/500000, Total Reward: 44786, Epsilon: 0.0100, Buffer: 100000
Episode 189000/500000, Total Reward: 51740, Epsilon: 0.0100, Buffer: 100000
Episode 190000/500000, Total Reward: 47356, Epsilon: 0.0100, Buffer: 100000
Episode 191000/500000, Total Reward: 57110, Epsilon: 0.0100, Buffer: 100000
Episode 192000/500000, Total Reward: 46241, Epsilon: 0.0100, Buffer: 100000
Episode 193000/500000, Total Reward: 32474, Epsilon: 0.0100, Buffer: 100000
Episode 194000/500000, Total Reward: 58010, Epsilon: 0.0100, Buffer: 100000
Episode 195000/500000, Total Reward: 47756, Epsilon: 0.0100, Buffer: 100000
Episode 196000/500000, Total Reward: 40961, Epsilon: 0.0100, Buffer: 100000
Episode 197000/500000, Total Reward: 55649, Epsilon: 0.0100, Buffer: 100000
Episode 198000/500000, Total Reward: 56562, Epsilon: 0.0100, Buffer: 100000
Episode 199000/500000, Total Reward: 53225, Epsilon: 0.0100, Buffer: 100000
Episode 200000/500000, Total Reward: 43855, Epsilon: 0.0100, Buffer: 100000
Episode 201000/500000, Total Reward: 44503, Epsilon: 0.0100, Buffer: 100000
Episode 202000/500000, Total Reward: 51918, Epsilon: 0.0100, Buffer: 100000
Episode 203000/500000, Total Reward: 46483, Epsilon: 0.0100, Buffer: 100000
Episode 204000/500000, Total Reward: 54145, Epsilon: 0.0100, Buffer: 100000
Episode 205000/500000, Total Reward: 45978, Epsilon: 0.0100, Buffer: 100000
Episode 206000/500000, Total Reward: 52492, Epsilon: 0.0100, Buffer: 100000
Episode 207000/500000, Total Reward: 53573, Epsilon: 0.0100, Buffer: 100000
Episode 208000/500000, Total Reward: 40930, Epsilon: 0.0100, Buffer: 100000
Episode 209000/500000, Total Reward: 45831, Epsilon: 0.0100, Buffer: 100000
Episode 210000/500000, Total Reward: 52776, Epsilon: 0.0100, Buffer: 100000
Episode 211000/500000, Total Reward: 43048, Epsilon: 0.0100, Buffer: 100000
Episode 212000/500000, Total Reward: 45254, Epsilon: 0.0100, Buffer: 100000
Episode 213000/500000, Total Reward: 51442, Epsilon: 0.0100, Buffer: 100000
Episode 214000/500000, Total Reward: 35601, Epsilon: 0.0100, Buffer: 100000
Episode 215000/500000, Total Reward: 59562, Epsilon: 0.0100, Buffer: 100000
Episode 216000/500000, Total Reward: 48408, Epsilon: 0.0100, Buffer: 100000
Episode 217000/500000, Total Reward: 44465, Epsilon: 0.0100, Buffer: 100000
Episode 218000/500000, Total Reward: 56059, Epsilon: 0.0100, Buffer: 100000
Episode 219000/500000, Total Reward: 49298, Epsilon: 0.0100, Buffer: 100000
Episode 220000/500000, Total Reward: 52281, Epsilon: 0.0100, Buffer: 100000
Episode 221000/500000, Total Reward: 43251, Epsilon: 0.0100, Buffer: 100000
Episode 222000/500000, Total Reward: 45541, Epsilon: 0.0100, Buffer: 100000
Episode 223000/500000, Total Reward: 53694, Epsilon: 0.0100, Buffer: 100000
Episode 224000/500000, Total Reward: 33634, Epsilon: 0.0100, Buffer: 100000
Episode 225000/500000, Total Reward: 58464, Epsilon: 0.0100, Buffer: 100000
Episode 226000/500000, Total Reward: 39179, Epsilon: 0.0100, Buffer: 100000
Episode 227000/500000, Total Reward: 51569, Epsilon: 0.0100, Buffer: 100000
Episode 228000/500000, Total Reward: 44388, Epsilon: 0.0100, Buffer: 100000
Episode 229000/500000, Total Reward: 48325, Epsilon: 0.0100, Buffer: 100000
Episode 230000/500000, Total Reward: 41401, Epsilon: 0.0100, Buffer: 100000
Episode 231000/500000, Total Reward: 44333, Epsilon: 0.0100, Buffer: 100000
Episode 232000/500000, Total Reward: 48699, Epsilon: 0.0100, Buffer: 100000
Episode 233000/500000, Total Reward: 40538, Epsilon: 0.0100, Buffer: 100000
Episode 234000/500000, Total Reward: 50929, Epsilon: 0.0100, Buffer: 100000
Episode 235000/500000, Total Reward: 63055, Epsilon: 0.0100, Buffer: 100000
Episode 236000/500000, Total Reward: 46578, Epsilon: 0.0100, Buffer: 100000
Episode 237000/500000, Total Reward: 50075, Epsilon: 0.0100, Buffer: 100000
Episode 238000/500000, Total Reward: 37878, Epsilon: 0.0100, Buffer: 100000
Episode 239000/500000, Total Reward: 63199, Epsilon: 0.0100, Buffer: 100000
Episode 240000/500000, Total Reward: 50411, Epsilon: 0.0100, Buffer: 100000
Episode 241000/500000, Total Reward: 41037, Epsilon: 0.0100, Buffer: 100000
Episode 242000/500000, Total Reward: 45066, Epsilon: 0.0100, Buffer: 100000
Episode 243000/500000, Total Reward: 49297, Epsilon: 0.0100, Buffer: 100000
Episode 244000/500000, Total Reward: 40846, Epsilon: 0.0100, Buffer: 100000
Episode 245000/500000, Total Reward: 48867, Epsilon: 0.0100, Buffer: 100000
Episode 246000/500000, Total Reward: 51580, Epsilon: 0.0100, Buffer: 100000
Episode 247000/500000, Total Reward: 54924, Epsilon: 0.0100, Buffer: 100000
Episode 248000/500000, Total Reward: 35561, Epsilon: 0.0100, Buffer: 100000
Episode 249000/500000, Total Reward: 46840, Epsilon: 0.0100, Buffer: 100000
Episode 250000/500000, Total Reward: 48935, Epsilon: 0.0100, Buffer: 100000
Episode 251000/500000, Total Reward: 50318, Epsilon: 0.0100, Buffer: 100000
Episode 252000/500000, Total Reward: 51051, Epsilon: 0.0100, Buffer: 100000
Episode 253000/500000, Total Reward: 50030, Epsilon: 0.0100, Buffer: 100000
Episode 254000/500000, Total Reward: 46178, Epsilon: 0.0100, Buffer: 100000
Episode 255000/500000, Total Reward: 50326, Epsilon: 0.0100, Buffer: 100000
Episode 256000/500000, Total Reward: 52037, Epsilon: 0.0100, Buffer: 100000
Episode 257000/500000, Total Reward: 53103, Epsilon: 0.0100, Buffer: 100000
Episode 258000/500000, Total Reward: 57696, Epsilon: 0.0100, Buffer: 100000
Episode 259000/500000, Total Reward: 45739, Epsilon: 0.0100, Buffer: 100000
Episode 260000/500000, Total Reward: 34613, Epsilon: 0.0100, Buffer: 100000
Episode 261000/500000, Total Reward: 40304, Epsilon: 0.0100, Buffer: 100000
Episode 262000/500000, Total Reward: 38456, Epsilon: 0.0100, Buffer: 100000
Episode 263000/500000, Total Reward: 47186, Epsilon: 0.0100, Buffer: 100000
Episode 264000/500000, Total Reward: 33997, Epsilon: 0.0100, Buffer: 100000
Episode 265000/500000, Total Reward: 31315, Epsilon: 0.0100, Buffer: 100000
Episode 266000/500000, Total Reward: 38507, Epsilon: 0.0100, Buffer: 100000
Episode 267000/500000, Total Reward: 50255, Epsilon: 0.0100, Buffer: 100000
Episode 268000/500000, Total Reward: 54629, Epsilon: 0.0100, Buffer: 100000
Episode 269000/500000, Total Reward: 42218, Epsilon: 0.0100, Buffer: 100000
Episode 270000/500000, Total Reward: 46420, Epsilon: 0.0100, Buffer: 100000
Episode 271000/500000, Total Reward: 39319, Epsilon: 0.0100, Buffer: 100000
Episode 272000/500000, Total Reward: 33945, Epsilon: 0.0100, Buffer: 100000
Episode 273000/500000, Total Reward: 26352, Epsilon: 0.0100, Buffer: 100000
Episode 274000/500000, Total Reward: 47349, Epsilon: 0.0100, Buffer: 100000
Episode 275000/500000, Total Reward: 50508, Epsilon: 0.0100, Buffer: 100000
Episode 276000/500000, Total Reward: 34378, Epsilon: 0.0100, Buffer: 100000
Episode 277000/500000, Total Reward: 51834, Epsilon: 0.0100, Buffer: 100000
Episode 278000/500000, Total Reward: 42073, Epsilon: 0.0100, Buffer: 100000
Episode 279000/500000, Total Reward: 40828, Epsilon: 0.0100, Buffer: 100000
Episode 280000/500000, Total Reward: 45157, Epsilon: 0.0100, Buffer: 100000
Episode 281000/500000, Total Reward: 41048, Epsilon: 0.0100, Buffer: 100000
Episode 282000/500000, Total Reward: 44911, Epsilon: 0.0100, Buffer: 100000
Episode 283000/500000, Total Reward: 43538, Epsilon: 0.0100, Buffer: 100000
Episode 284000/500000, Total Reward: 54861, Epsilon: 0.0100, Buffer: 100000
Episode 285000/500000, Total Reward: 41149, Epsilon: 0.0100, Buffer: 100000
Episode 286000/500000, Total Reward: 46786, Epsilon: 0.0100, Buffer: 100000
Episode 287000/500000, Total Reward: 51326, Epsilon: 0.0100, Buffer: 100000
Episode 288000/500000, Total Reward: 47085, Epsilon: 0.0100, Buffer: 100000
Episode 289000/500000, Total Reward: 31522, Epsilon: 0.0100, Buffer: 100000
Episode 290000/500000, Total Reward: 13102, Epsilon: 0.0100, Buffer: 100000
Episode 291000/500000, Total Reward: 42763, Epsilon: 0.0100, Buffer: 100000
Episode 292000/500000, Total Reward: 41321, Epsilon: 0.0100, Buffer: 100000
Episode 293000/500000, Total Reward: 38753, Epsilon: 0.0100, Buffer: 100000
Episode 294000/500000, Total Reward: 39535, Epsilon: 0.0100, Buffer: 100000
Episode 295000/500000, Total Reward: 42581, Epsilon: 0.0100, Buffer: 100000
Episode 296000/500000, Total Reward: 37363, Epsilon: 0.0100, Buffer: 100000
Episode 297000/500000, Total Reward: 48481, Epsilon: 0.0100, Buffer: 100000
Episode 298000/500000, Total Reward: 54694, Epsilon: 0.0100, Buffer: 100000
Episode 299000/500000, Total Reward: 54109, Epsilon: 0.0100, Buffer: 100000
Episode 300000/500000, Total Reward: 47811, Epsilon: 0.0100, Buffer: 100000
Episode 301000/500000, Total Reward: 52721, Epsilon: 0.0100, Buffer: 100000
Episode 302000/500000, Total Reward: 43887, Epsilon: 0.0100, Buffer: 100000
Episode 303000/500000, Total Reward: 50597, Epsilon: 0.0100, Buffer: 100000
Episode 304000/500000, Total Reward: 56576, Epsilon: 0.0100, Buffer: 100000
Episode 305000/500000, Total Reward: 36741, Epsilon: 0.0100, Buffer: 100000
Episode 306000/500000, Total Reward: 39001, Epsilon: 0.0100, Buffer: 100000
Episode 307000/500000, Total Reward: 44677, Epsilon: 0.0100, Buffer: 100000
Episode 308000/500000, Total Reward: 42368, Epsilon: 0.0100, Buffer: 100000
Episode 309000/500000, Total Reward: 53793, Epsilon: 0.0100, Buffer: 100000
Episode 310000/500000, Total Reward: 53476, Epsilon: 0.0100, Buffer: 100000
Episode 311000/500000, Total Reward: 56302, Epsilon: 0.0100, Buffer: 100000
Episode 312000/500000, Total Reward: 52988, Epsilon: 0.0100, Buffer: 100000
Episode 313000/500000, Total Reward: 58048, Epsilon: 0.0100, Buffer: 100000
Episode 314000/500000, Total Reward: 41566, Epsilon: 0.0100, Buffer: 100000
Episode 315000/500000, Total Reward: 51013, Epsilon: 0.0100, Buffer: 100000
Episode 316000/500000, Total Reward: 35846, Epsilon: 0.0100, Buffer: 100000
Episode 317000/500000, Total Reward: 32623, Epsilon: 0.0100, Buffer: 100000
Episode 318000/500000, Total Reward: 38530, Epsilon: 0.0100, Buffer: 100000
Episode 319000/500000, Total Reward: 42651, Epsilon: 0.0100, Buffer: 100000
Episode 320000/500000, Total Reward: 54925, Epsilon: 0.0100, Buffer: 100000
Episode 321000/500000, Total Reward: 41441, Epsilon: 0.0100, Buffer: 100000
Episode 322000/500000, Total Reward: 42018, Epsilon: 0.0100, Buffer: 100000
Episode 323000/500000, Total Reward: 28824, Epsilon: 0.0100, Buffer: 100000
Episode 324000/500000, Total Reward: 49598, Epsilon: 0.0100, Buffer: 100000
Episode 325000/500000, Total Reward: 39399, Epsilon: 0.0100, Buffer: 100000
Episode 326000/500000, Total Reward: 36011, Epsilon: 0.0100, Buffer: 100000
Episode 327000/500000, Total Reward: 47839, Epsilon: 0.0100, Buffer: 100000
Episode 328000/500000, Total Reward: 48360, Epsilon: 0.0100, Buffer: 100000
Episode 329000/500000, Total Reward: 40255, Epsilon: 0.0100, Buffer: 100000
Episode 330000/500000, Total Reward: 50293, Epsilon: 0.0100, Buffer: 100000
Episode 331000/500000, Total Reward: 32622, Epsilon: 0.0100, Buffer: 100000
Episode 332000/500000, Total Reward: 41843, Epsilon: 0.0100, Buffer: 100000
Episode 333000/500000, Total Reward: 47484, Epsilon: 0.0100, Buffer: 100000
Episode 334000/500000, Total Reward: 53596, Epsilon: 0.0100, Buffer: 100000
Episode 335000/500000, Total Reward: 58895, Epsilon: 0.0100, Buffer: 100000
Episode 336000/500000, Total Reward: 47003, Epsilon: 0.0100, Buffer: 100000
Episode 337000/500000, Total Reward: 54647, Epsilon: 0.0100, Buffer: 100000
Episode 338000/500000, Total Reward: 56396, Epsilon: 0.0100, Buffer: 100000
Episode 339000/500000, Total Reward: 39744, Epsilon: 0.0100, Buffer: 100000
Episode 340000/500000, Total Reward: 59267, Epsilon: 0.0100, Buffer: 100000
Episode 341000/500000, Total Reward: 41224, Epsilon: 0.0100, Buffer: 100000
Episode 342000/500000, Total Reward: 35238, Epsilon: 0.0100, Buffer: 100000
Episode 343000/500000, Total Reward: 51123, Epsilon: 0.0100, Buffer: 100000
Episode 344000/500000, Total Reward: 47927, Epsilon: 0.0100, Buffer: 100000
Episode 345000/500000, Total Reward: 37484, Epsilon: 0.0100, Buffer: 100000
Episode 346000/500000, Total Reward: 49523, Epsilon: 0.0100, Buffer: 100000
Episode 347000/500000, Total Reward: 47951, Epsilon: 0.0100, Buffer: 100000
Episode 348000/500000, Total Reward: 38507, Epsilon: 0.0100, Buffer: 100000
Episode 349000/500000, Total Reward: 47142, Epsilon: 0.0100, Buffer: 100000
Episode 350000/500000, Total Reward: 51980, Epsilon: 0.0100, Buffer: 100000
Episode 351000/500000, Total Reward: 50251, Epsilon: 0.0100, Buffer: 100000
Episode 352000/500000, Total Reward: 41364, Epsilon: 0.0100, Buffer: 100000
Episode 353000/500000, Total Reward: 34705, Epsilon: 0.0100, Buffer: 100000
Episode 354000/500000, Total Reward: 35581, Epsilon: 0.0100, Buffer: 100000
Episode 355000/500000, Total Reward: 47564, Epsilon: 0.0100, Buffer: 100000
Episode 356000/500000, Total Reward: 29024, Epsilon: 0.0100, Buffer: 100000
Episode 357000/500000, Total Reward: 47048, Epsilon: 0.0100, Buffer: 100000
Episode 358000/500000, Total Reward: 59239, Epsilon: 0.0100, Buffer: 100000
Episode 359000/500000, Total Reward: 44253, Epsilon: 0.0100, Buffer: 100000
Episode 360000/500000, Total Reward: 53745, Epsilon: 0.0100, Buffer: 100000
Episode 361000/500000, Total Reward: 42366, Epsilon: 0.0100, Buffer: 100000
Episode 362000/500000, Total Reward: 45376, Epsilon: 0.0100, Buffer: 100000
Episode 363000/500000, Total Reward: 49549, Epsilon: 0.0100, Buffer: 100000
Episode 364000/500000, Total Reward: 54542, Epsilon: 0.0100, Buffer: 100000
Episode 365000/500000, Total Reward: 53705, Epsilon: 0.0100, Buffer: 100000
Episode 366000/500000, Total Reward: 57576, Epsilon: 0.0100, Buffer: 100000
Episode 367000/500000, Total Reward: 49714, Epsilon: 0.0100, Buffer: 100000
Episode 368000/500000, Total Reward: 59502, Epsilon: 0.0100, Buffer: 100000
Episode 369000/500000, Total Reward: 53346, Epsilon: 0.0100, Buffer: 100000
Episode 370000/500000, Total Reward: 51774, Epsilon: 0.0100, Buffer: 100000
Episode 371000/500000, Total Reward: 42137, Epsilon: 0.0100, Buffer: 100000
Episode 372000/500000, Total Reward: 41719, Epsilon: 0.0100, Buffer: 100000
Episode 373000/500000, Total Reward: 49436, Epsilon: 0.0100, Buffer: 100000
Episode 374000/500000, Total Reward: 52620, Epsilon: 0.0100, Buffer: 100000
Episode 375000/500000, Total Reward: 48504, Epsilon: 0.0100, Buffer: 100000
Episode 376000/500000, Total Reward: 51785, Epsilon: 0.0100, Buffer: 100000
Episode 377000/500000, Total Reward: 52159, Epsilon: 0.0100, Buffer: 100000
Episode 378000/500000, Total Reward: 41757, Epsilon: 0.0100, Buffer: 100000
Episode 379000/500000, Total Reward: 20619, Epsilon: 0.0100, Buffer: 100000
Episode 380000/500000, Total Reward: 48986, Epsilon: 0.0100, Buffer: 100000
Episode 381000/500000, Total Reward: 58760, Epsilon: 0.0100, Buffer: 100000
Episode 382000/500000, Total Reward: 42460, Epsilon: 0.0100, Buffer: 100000
Episode 383000/500000, Total Reward: 60484, Epsilon: 0.0100, Buffer: 100000
Episode 384000/500000, Total Reward: 42178, Epsilon: 0.0100, Buffer: 100000
Episode 385000/500000, Total Reward: 41787, Epsilon: 0.0100, Buffer: 100000
Episode 386000/500000, Total Reward: 46303, Epsilon: 0.0100, Buffer: 100000
Episode 387000/500000, Total Reward: 47127, Epsilon: 0.0100, Buffer: 100000
Episode 388000/500000, Total Reward: 50745, Epsilon: 0.0100, Buffer: 100000
Episode 389000/500000, Total Reward: 35587, Epsilon: 0.0100, Buffer: 100000
Episode 390000/500000, Total Reward: 42344, Epsilon: 0.0100, Buffer: 100000
Episode 391000/500000, Total Reward: 41720, Epsilon: 0.0100, Buffer: 100000
Episode 392000/500000, Total Reward: 62377, Epsilon: 0.0100, Buffer: 100000
Episode 393000/500000, Total Reward: 45412, Epsilon: 0.0100, Buffer: 100000
Episode 394000/500000, Total Reward: 48192, Epsilon: 0.0100, Buffer: 100000
Episode 395000/500000, Total Reward: 56270, Epsilon: 0.0100, Buffer: 100000
Episode 396000/500000, Total Reward: 44265, Epsilon: 0.0100, Buffer: 100000
Episode 397000/500000, Total Reward: 47835, Epsilon: 0.0100, Buffer: 100000
Episode 398000/500000, Total Reward: 52578, Epsilon: 0.0100, Buffer: 100000
Episode 399000/500000, Total Reward: 49766, Epsilon: 0.0100, Buffer: 100000
Episode 400000/500000, Total Reward: 40292, Epsilon: 0.0100, Buffer: 100000
Episode 401000/500000, Total Reward: 44434, Epsilon: 0.0100, Buffer: 100000
Episode 402000/500000, Total Reward: 49021, Epsilon: 0.0100, Buffer: 100000
Episode 403000/500000, Total Reward: 50658, Epsilon: 0.0100, Buffer: 100000
Episode 404000/500000, Total Reward: 46000, Epsilon: 0.0100, Buffer: 100000
Episode 405000/500000, Total Reward: 57209, Epsilon: 0.0100, Buffer: 100000
Episode 406000/500000, Total Reward: 40137, Epsilon: 0.0100, Buffer: 100000
Episode 407000/500000, Total Reward: 50892, Epsilon: 0.0100, Buffer: 100000
Episode 408000/500000, Total Reward: 43545, Epsilon: 0.0100, Buffer: 100000
Episode 409000/500000, Total Reward: 50014, Epsilon: 0.0100, Buffer: 100000
Episode 410000/500000, Total Reward: 37483, Epsilon: 0.0100, Buffer: 100000
Episode 411000/500000, Total Reward: 36742, Epsilon: 0.0100, Buffer: 100000
Episode 412000/500000, Total Reward: 46568, Epsilon: 0.0100, Buffer: 100000
Episode 413000/500000, Total Reward: 43252, Epsilon: 0.0100, Buffer: 100000
Episode 414000/500000, Total Reward: 41053, Epsilon: 0.0100, Buffer: 100000
Episode 415000/500000, Total Reward: 44455, Epsilon: 0.0100, Buffer: 100000
Episode 416000/500000, Total Reward: 57037, Epsilon: 0.0100, Buffer: 100000
Episode 417000/500000, Total Reward: 48443, Epsilon: 0.0100, Buffer: 100000
Episode 418000/500000, Total Reward: 50216, Epsilon: 0.0100, Buffer: 100000
Episode 419000/500000, Total Reward: 51142, Epsilon: 0.0100, Buffer: 100000
Episode 420000/500000, Total Reward: 46299, Epsilon: 0.0100, Buffer: 100000
Episode 421000/500000, Total Reward: 48228, Epsilon: 0.0100, Buffer: 100000
Episode 422000/500000, Total Reward: 54151, Epsilon: 0.0100, Buffer: 100000
Episode 423000/500000, Total Reward: 27197, Epsilon: 0.0100, Buffer: 100000
Episode 424000/500000, Total Reward: 50170, Epsilon: 0.0100, Buffer: 100000
Episode 425000/500000, Total Reward: 44063, Epsilon: 0.0100, Buffer: 100000
Episode 426000/500000, Total Reward: 43893, Epsilon: 0.0100, Buffer: 100000
Episode 427000/500000, Total Reward: 46454, Epsilon: 0.0100, Buffer: 100000
Episode 428000/500000, Total Reward: 43708, Epsilon: 0.0100, Buffer: 100000
Episode 429000/500000, Total Reward: 34250, Epsilon: 0.0100, Buffer: 100000
Episode 430000/500000, Total Reward: 53339, Epsilon: 0.0100, Buffer: 100000
Episode 431000/500000, Total Reward: 43718, Epsilon: 0.0100, Buffer: 100000
Episode 432000/500000, Total Reward: 51979, Epsilon: 0.0100, Buffer: 100000
Episode 433000/500000, Total Reward: 32296, Epsilon: 0.0100, Buffer: 100000
Episode 434000/500000, Total Reward: 38820, Epsilon: 0.0100, Buffer: 100000
Episode 435000/500000, Total Reward: 44287, Epsilon: 0.0100, Buffer: 100000
Episode 436000/500000, Total Reward: 53011, Epsilon: 0.0100, Buffer: 100000
Episode 437000/500000, Total Reward: 41557, Epsilon: 0.0100, Buffer: 100000
Episode 438000/500000, Total Reward: 4981, Epsilon: 0.0100, Buffer: 100000
Episode 439000/500000, Total Reward: 41331, Epsilon: 0.0100, Buffer: 100000
Episode 440000/500000, Total Reward: 44223, Epsilon: 0.0100, Buffer: 100000
Episode 441000/500000, Total Reward: 47339, Epsilon: 0.0100, Buffer: 100000
Episode 442000/500000, Total Reward: 36421, Epsilon: 0.0100, Buffer: 100000
Episode 443000/500000, Total Reward: 48189, Epsilon: 0.0100, Buffer: 100000
Episode 444000/500000, Total Reward: 38226, Epsilon: 0.0100, Buffer: 100000
Episode 445000/500000, Total Reward: 40433, Epsilon: 0.0100, Buffer: 100000
Episode 446000/500000, Total Reward: 42928, Epsilon: 0.0100, Buffer: 100000
Episode 447000/500000, Total Reward: 29300, Epsilon: 0.0100, Buffer: 100000
Episode 448000/500000, Total Reward: 60373, Epsilon: 0.0100, Buffer: 100000
Episode 449000/500000, Total Reward: 41206, Epsilon: 0.0100, Buffer: 100000
Episode 450000/500000, Total Reward: 1049, Epsilon: 0.0100, Buffer: 100000
Episode 451000/500000, Total Reward: 45134, Epsilon: 0.0100, Buffer: 100000
Episode 452000/500000, Total Reward: 53436, Epsilon: 0.0100, Buffer: 100000
Episode 453000/500000, Total Reward: 57311, Epsilon: 0.0100, Buffer: 100000
Episode 454000/500000, Total Reward: 48300, Epsilon: 0.0100, Buffer: 100000
Episode 455000/500000, Total Reward: 48799, Epsilon: 0.0100, Buffer: 100000
Episode 456000/500000, Total Reward: 39821, Epsilon: 0.0100, Buffer: 100000
Episode 457000/500000, Total Reward: 58006, Epsilon: 0.0100, Buffer: 100000
Episode 458000/500000, Total Reward: 57131, Epsilon: 0.0100, Buffer: 100000
Episode 459000/500000, Total Reward: 58846, Epsilon: 0.0100, Buffer: 100000
Episode 460000/500000, Total Reward: 47895, Epsilon: 0.0100, Buffer: 100000
Episode 461000/500000, Total Reward: 43332, Epsilon: 0.0100, Buffer: 100000
Episode 462000/500000, Total Reward: 49849, Epsilon: 0.0100, Buffer: 100000
Episode 463000/500000, Total Reward: 46964, Epsilon: 0.0100, Buffer: 100000
Episode 464000/500000, Total Reward: 48878, Epsilon: 0.0100, Buffer: 100000
Episode 465000/500000, Total Reward: 43290, Epsilon: 0.0100, Buffer: 100000
Episode 466000/500000, Total Reward: 49437, Epsilon: 0.0100, Buffer: 100000
Episode 467000/500000, Total Reward: 51499, Epsilon: 0.0100, Buffer: 100000
Episode 468000/500000, Total Reward: 33958, Epsilon: 0.0100, Buffer: 100000
Episode 469000/500000, Total Reward: 38298, Epsilon: 0.0100, Buffer: 100000
Episode 470000/500000, Total Reward: 45851, Epsilon: 0.0100, Buffer: 100000
Episode 471000/500000, Total Reward: 45374, Epsilon: 0.0100, Buffer: 100000
Episode 472000/500000, Total Reward: 32443, Epsilon: 0.0100, Buffer: 100000
Episode 473000/500000, Total Reward: 49715, Epsilon: 0.0100, Buffer: 100000
Episode 474000/500000, Total Reward: 58861, Epsilon: 0.0100, Buffer: 100000
Episode 475000/500000, Total Reward: 44870, Epsilon: 0.0100, Buffer: 100000
Episode 476000/500000, Total Reward: 50686, Epsilon: 0.0100, Buffer: 100000
Episode 477000/500000, Total Reward: 51655, Epsilon: 0.0100, Buffer: 100000
Episode 478000/500000, Total Reward: 31058, Epsilon: 0.0100, Buffer: 100000
Episode 479000/500000, Total Reward: 42920, Epsilon: 0.0100, Buffer: 100000
Episode 480000/500000, Total Reward: 56649, Epsilon: 0.0100, Buffer: 100000
Episode 481000/500000, Total Reward: 37307, Epsilon: 0.0100, Buffer: 100000
Episode 482000/500000, Total Reward: 55045, Epsilon: 0.0100, Buffer: 100000
Episode 483000/500000, Total Reward: 41495, Epsilon: 0.0100, Buffer: 100000
Episode 484000/500000, Total Reward: 49481, Epsilon: 0.0100, Buffer: 100000
Episode 485000/500000, Total Reward: 54891, Epsilon: 0.0100, Buffer: 100000
Episode 486000/500000, Total Reward: 40558, Epsilon: 0.0100, Buffer: 100000
Episode 487000/500000, Total Reward: 46379, Epsilon: 0.0100, Buffer: 100000
Episode 488000/500000, Total Reward: 48174, Epsilon: 0.0100, Buffer: 100000
Episode 489000/500000, Total Reward: 58072, Epsilon: 0.0100, Buffer: 100000
Episode 490000/500000, Total Reward: 42230, Epsilon: 0.0100, Buffer: 100000
Episode 491000/500000, Total Reward: 38751, Epsilon: 0.0100, Buffer: 100000
Episode 492000/500000, Total Reward: 35318, Epsilon: 0.0100, Buffer: 100000
Episode 493000/500000, Total Reward: 27385, Epsilon: 0.0100, Buffer: 100000
Episode 494000/500000, Total Reward: 43367, Epsilon: 0.0100, Buffer: 100000
Episode 495000/500000, Total Reward: 43544, Epsilon: 0.0100, Buffer: 100000
Episode 496000/500000, Total Reward: 44028, Epsilon: 0.0100, Buffer: 100000
Episode 497000/500000, Total Reward: 44505, Epsilon: 0.0100, Buffer: 100000
Episode 498000/500000, Total Reward: 51895, Epsilon: 0.0100, Buffer: 100000
Episode 499000/500000, Total Reward: 53050, Epsilon: 0.0100, Buffer: 100000
Episode 500000/500000, Total Reward: 57377, Epsilon: 0.0100, Buffer: 100000
Extracting Q-table from DQN for compatibility...
Saved DQN model to outputs/DQN_UG_500k_run1_model.pth
Saved Q-table (for compatibility) to outputs/DQN_UG_500k_run1.pkl

Learned DQN Q-table (sample):
State: (0, 0, 9, 0)
  Action: keep, Q-value: 6156.39
  Action: replace, Q-value: 3935.69
State: (1, 1, 0, 0)
  Action: keep, Q-value: 5356.06
  Action: replace, Q-value: 3942.55
State: (1, 1, 0, 1)
  Action: keep, Q-value: 5031.40
  Action: replace, Q-value: 3871.23
State: (1, 2, 0, 0)
  Action: keep, Q-value: 5414.18
  Action: replace, Q-value: 3964.86
State: (1, 2, 0, 1)
  Action: keep, Q-value: 4824.14
  Action: replace, Q-value: 3812.01
State: (1, 3, 0, 0)
  Action: keep, Q-value: 5366.70
  Action: replace, Q-value: 3947.72
State: (1, 3, 0, 1)
  Action: keep, Q-value: 4743.91
  Action: replace, Q-value: 3834.00
State: (1, 4, 0, 0)
  Action: keep, Q-value: 5277.75
  Action: replace, Q-value: 3935.79
State: (1, 4, 0, 1)
  Action: keep, Q-value: 4627.62
  Action: replace, Q-value: 3857.94
State: (1, 4, 1, 0)
  Action: keep, Q-value: 5483.16
  Action: replace, Q-value: 3990.44
Total states: 3289

Time taken for training: 110497.16 seconds
Average reward (last 1000 episodes): 44821.21
--- Run ended 2026-02-02 03:53:36 ---
