
--- Run started 2026-02-09 23:13:30 ---

======================================================================
CREATING NEW MODEL
======================================================================

Starting fresh with epsilon: 1.0000
======================================================================

Starting DQN training for 500000 episodes...
Episode 1000/500000, Total Reward: 3193, Epsilon: 0.0100, Buffer: 100000
Episode 2000/500000, Total Reward: 7937, Epsilon: 0.0100, Buffer: 100000
Episode 3000/500000, Total Reward: 7073, Epsilon: 0.0100, Buffer: 100000
Episode 4000/500000, Total Reward: 6181, Epsilon: 0.0100, Buffer: 100000
Episode 5000/500000, Total Reward: 5846, Epsilon: 0.0100, Buffer: 100000
Episode 6000/500000, Total Reward: 8121, Epsilon: 0.0100, Buffer: 100000
Episode 7000/500000, Total Reward: 6785, Epsilon: 0.0100, Buffer: 100000
Episode 8000/500000, Total Reward: 6577, Epsilon: 0.0100, Buffer: 100000
Episode 9000/500000, Total Reward: 5794, Epsilon: 0.0100, Buffer: 100000
Episode 10000/500000, Total Reward: 7806, Epsilon: 0.0100, Buffer: 100000
Episode 11000/500000, Total Reward: 6729, Epsilon: 0.0100, Buffer: 100000
Episode 12000/500000, Total Reward: 7480, Epsilon: 0.0100, Buffer: 100000
Episode 13000/500000, Total Reward: 6768, Epsilon: 0.0100, Buffer: 100000
Episode 14000/500000, Total Reward: 2538, Epsilon: 0.0100, Buffer: 100000
Episode 15000/500000, Total Reward: 7484, Epsilon: 0.0100, Buffer: 100000
Episode 16000/500000, Total Reward: 10999, Epsilon: 0.0100, Buffer: 100000
Episode 17000/500000, Total Reward: 10704, Epsilon: 0.0100, Buffer: 100000
Episode 18000/500000, Total Reward: 3410, Epsilon: 0.0100, Buffer: 100000
Episode 19000/500000, Total Reward: 788, Epsilon: 0.0100, Buffer: 100000
Episode 20000/500000, Total Reward: 9521, Epsilon: 0.0100, Buffer: 100000
Episode 21000/500000, Total Reward: 7227, Epsilon: 0.0100, Buffer: 100000
Episode 22000/500000, Total Reward: 6776, Epsilon: 0.0100, Buffer: 100000
Episode 23000/500000, Total Reward: 7859, Epsilon: 0.0100, Buffer: 100000
Episode 24000/500000, Total Reward: 8474, Epsilon: 0.0100, Buffer: 100000
Episode 25000/500000, Total Reward: 3005, Epsilon: 0.0100, Buffer: 100000
Episode 26000/500000, Total Reward: 12459, Epsilon: 0.0100, Buffer: 100000
Episode 27000/500000, Total Reward: 3775, Epsilon: 0.0100, Buffer: 100000
Episode 28000/500000, Total Reward: 4092, Epsilon: 0.0100, Buffer: 100000
Episode 29000/500000, Total Reward: 2859, Epsilon: 0.0100, Buffer: 100000
Episode 30000/500000, Total Reward: 9857, Epsilon: 0.0100, Buffer: 100000
Episode 31000/500000, Total Reward: 2429, Epsilon: 0.0100, Buffer: 100000
Episode 32000/500000, Total Reward: 4247, Epsilon: 0.0100, Buffer: 100000
Episode 33000/500000, Total Reward: 3133, Epsilon: 0.0100, Buffer: 100000
Episode 34000/500000, Total Reward: 7893, Epsilon: 0.0100, Buffer: 100000
Episode 35000/500000, Total Reward: 6935, Epsilon: 0.0100, Buffer: 100000
Episode 36000/500000, Total Reward: 5808, Epsilon: 0.0100, Buffer: 100000
Episode 37000/500000, Total Reward: 9088, Epsilon: 0.0100, Buffer: 100000
Episode 38000/500000, Total Reward: 8114, Epsilon: 0.0100, Buffer: 100000
Episode 39000/500000, Total Reward: 6977, Epsilon: 0.0100, Buffer: 100000
Episode 40000/500000, Total Reward: 7877, Epsilon: 0.0100, Buffer: 100000
Episode 41000/500000, Total Reward: 8628, Epsilon: 0.0100, Buffer: 100000
Episode 42000/500000, Total Reward: 5818, Epsilon: 0.0100, Buffer: 100000
Episode 43000/500000, Total Reward: 8719, Epsilon: 0.0100, Buffer: 100000
Episode 44000/500000, Total Reward: 9047, Epsilon: 0.0100, Buffer: 100000
Episode 45000/500000, Total Reward: 3580, Epsilon: 0.0100, Buffer: 100000
Episode 46000/500000, Total Reward: 5694, Epsilon: 0.0100, Buffer: 100000
Episode 47000/500000, Total Reward: 5362, Epsilon: 0.0100, Buffer: 100000
Episode 48000/500000, Total Reward: 5595, Epsilon: 0.0100, Buffer: 100000
Episode 49000/500000, Total Reward: 12616, Epsilon: 0.0100, Buffer: 100000
Episode 50000/500000, Total Reward: 7504, Epsilon: 0.0100, Buffer: 100000
Episode 51000/500000, Total Reward: 8702, Epsilon: 0.0100, Buffer: 100000
Episode 52000/500000, Total Reward: 9324, Epsilon: 0.0100, Buffer: 100000
Episode 53000/500000, Total Reward: 533, Epsilon: 0.0100, Buffer: 100000
Episode 54000/500000, Total Reward: 5013, Epsilon: 0.0100, Buffer: 100000
Episode 55000/500000, Total Reward: 13069, Epsilon: 0.0100, Buffer: 100000
Episode 56000/500000, Total Reward: 4717, Epsilon: 0.0100, Buffer: 100000
Episode 57000/500000, Total Reward: 6249, Epsilon: 0.0100, Buffer: 100000
Episode 58000/500000, Total Reward: 6948, Epsilon: 0.0100, Buffer: 100000
Episode 59000/500000, Total Reward: 6062, Epsilon: 0.0100, Buffer: 100000
Episode 60000/500000, Total Reward: 8455, Epsilon: 0.0100, Buffer: 100000
Episode 61000/500000, Total Reward: 2976, Epsilon: 0.0100, Buffer: 100000
Episode 62000/500000, Total Reward: 8588, Epsilon: 0.0100, Buffer: 100000
Episode 63000/500000, Total Reward: 5890, Epsilon: 0.0100, Buffer: 100000
Episode 64000/500000, Total Reward: 5843, Epsilon: 0.0100, Buffer: 100000
Episode 65000/500000, Total Reward: 7683, Epsilon: 0.0100, Buffer: 100000
Episode 66000/500000, Total Reward: 9278, Epsilon: 0.0100, Buffer: 100000
Episode 67000/500000, Total Reward: 6438, Epsilon: 0.0100, Buffer: 100000
Episode 68000/500000, Total Reward: 10982, Epsilon: 0.0100, Buffer: 100000
Episode 69000/500000, Total Reward: 3782, Epsilon: 0.0100, Buffer: 100000
Episode 70000/500000, Total Reward: 9232, Epsilon: 0.0100, Buffer: 100000
Episode 71000/500000, Total Reward: 7203, Epsilon: 0.0100, Buffer: 100000
Episode 72000/500000, Total Reward: 7777, Epsilon: 0.0100, Buffer: 100000
Episode 73000/500000, Total Reward: 8019, Epsilon: 0.0100, Buffer: 100000
Episode 74000/500000, Total Reward: 6040, Epsilon: 0.0100, Buffer: 100000
Episode 75000/500000, Total Reward: 6172, Epsilon: 0.0100, Buffer: 100000
Episode 76000/500000, Total Reward: 3403, Epsilon: 0.0100, Buffer: 100000
Episode 77000/500000, Total Reward: 6712, Epsilon: 0.0100, Buffer: 100000
Episode 78000/500000, Total Reward: 8826, Epsilon: 0.0100, Buffer: 100000
Episode 79000/500000, Total Reward: 1376, Epsilon: 0.0100, Buffer: 100000
Episode 80000/500000, Total Reward: 8594, Epsilon: 0.0100, Buffer: 100000
Episode 81000/500000, Total Reward: 9694, Epsilon: 0.0100, Buffer: 100000
Episode 82000/500000, Total Reward: 7309, Epsilon: 0.0100, Buffer: 100000
Episode 83000/500000, Total Reward: 3911, Epsilon: 0.0100, Buffer: 100000
Episode 84000/500000, Total Reward: 6932, Epsilon: 0.0100, Buffer: 100000
Episode 85000/500000, Total Reward: 9639, Epsilon: 0.0100, Buffer: 100000
Episode 86000/500000, Total Reward: 6998, Epsilon: 0.0100, Buffer: 100000
Episode 87000/500000, Total Reward: 8599, Epsilon: 0.0100, Buffer: 100000
Episode 88000/500000, Total Reward: 8662, Epsilon: 0.0100, Buffer: 100000
Episode 89000/500000, Total Reward: 9324, Epsilon: 0.0100, Buffer: 100000
Episode 90000/500000, Total Reward: 7023, Epsilon: 0.0100, Buffer: 100000
Episode 91000/500000, Total Reward: -476, Epsilon: 0.0100, Buffer: 100000
Episode 92000/500000, Total Reward: 8740, Epsilon: 0.0100, Buffer: 100000
Episode 93000/500000, Total Reward: 1511, Epsilon: 0.0100, Buffer: 100000
Episode 94000/500000, Total Reward: 3735, Epsilon: 0.0100, Buffer: 100000
Episode 95000/500000, Total Reward: 6531, Epsilon: 0.0100, Buffer: 100000
Episode 96000/500000, Total Reward: 6083, Epsilon: 0.0100, Buffer: 100000
Episode 97000/500000, Total Reward: 9268, Epsilon: 0.0100, Buffer: 100000
Episode 98000/500000, Total Reward: 11083, Epsilon: 0.0100, Buffer: 100000
Episode 99000/500000, Total Reward: 2212, Epsilon: 0.0100, Buffer: 100000
Episode 100000/500000, Total Reward: 10506, Epsilon: 0.0100, Buffer: 100000
Episode 101000/500000, Total Reward: 7898, Epsilon: 0.0100, Buffer: 100000
Episode 102000/500000, Total Reward: 10224, Epsilon: 0.0100, Buffer: 100000
Episode 103000/500000, Total Reward: 11172, Epsilon: 0.0100, Buffer: 100000
Episode 104000/500000, Total Reward: 10330, Epsilon: 0.0100, Buffer: 100000
Episode 105000/500000, Total Reward: 7081, Epsilon: 0.0100, Buffer: 100000
Episode 106000/500000, Total Reward: 8608, Epsilon: 0.0100, Buffer: 100000
Episode 107000/500000, Total Reward: 8180, Epsilon: 0.0100, Buffer: 100000
Episode 108000/500000, Total Reward: 1014, Epsilon: 0.0100, Buffer: 100000
Episode 109000/500000, Total Reward: 5045, Epsilon: 0.0100, Buffer: 100000
Episode 110000/500000, Total Reward: 6784, Epsilon: 0.0100, Buffer: 100000
Episode 111000/500000, Total Reward: 7102, Epsilon: 0.0100, Buffer: 100000
Episode 112000/500000, Total Reward: 7889, Epsilon: 0.0100, Buffer: 100000
Episode 113000/500000, Total Reward: 6667, Epsilon: 0.0100, Buffer: 100000
Episode 114000/500000, Total Reward: 9074, Epsilon: 0.0100, Buffer: 100000
Episode 115000/500000, Total Reward: 4182, Epsilon: 0.0100, Buffer: 100000
Episode 116000/500000, Total Reward: 11252, Epsilon: 0.0100, Buffer: 100000
Episode 117000/500000, Total Reward: 5033, Epsilon: 0.0100, Buffer: 100000
Episode 118000/500000, Total Reward: 11238, Epsilon: 0.0100, Buffer: 100000
Episode 119000/500000, Total Reward: 5066, Epsilon: 0.0100, Buffer: 100000
Episode 120000/500000, Total Reward: 5037, Epsilon: 0.0100, Buffer: 100000
Episode 121000/500000, Total Reward: 11943, Epsilon: 0.0100, Buffer: 100000
Episode 122000/500000, Total Reward: 12250, Epsilon: 0.0100, Buffer: 100000
Episode 123000/500000, Total Reward: 2725, Epsilon: 0.0100, Buffer: 100000
Episode 124000/500000, Total Reward: 4693, Epsilon: 0.0100, Buffer: 100000
Episode 125000/500000, Total Reward: -323, Epsilon: 0.0100, Buffer: 100000
Episode 126000/500000, Total Reward: 5745, Epsilon: 0.0100, Buffer: 100000
Episode 127000/500000, Total Reward: 10583, Epsilon: 0.0100, Buffer: 100000
Episode 128000/500000, Total Reward: 5536, Epsilon: 0.0100, Buffer: 100000
Episode 129000/500000, Total Reward: 9638, Epsilon: 0.0100, Buffer: 100000
Episode 130000/500000, Total Reward: 9878, Epsilon: 0.0100, Buffer: 100000
Episode 131000/500000, Total Reward: 4936, Epsilon: 0.0100, Buffer: 100000
Episode 132000/500000, Total Reward: 11394, Epsilon: 0.0100, Buffer: 100000
Episode 133000/500000, Total Reward: 9303, Epsilon: 0.0100, Buffer: 100000
Episode 134000/500000, Total Reward: 2436, Epsilon: 0.0100, Buffer: 100000
Episode 135000/500000, Total Reward: 12622, Epsilon: 0.0100, Buffer: 100000
Episode 136000/500000, Total Reward: 6289, Epsilon: 0.0100, Buffer: 100000
Episode 137000/500000, Total Reward: 7763, Epsilon: 0.0100, Buffer: 100000
Episode 138000/500000, Total Reward: 3900, Epsilon: 0.0100, Buffer: 100000
Episode 139000/500000, Total Reward: 2659, Epsilon: 0.0100, Buffer: 100000
Episode 140000/500000, Total Reward: 4387, Epsilon: 0.0100, Buffer: 100000
Episode 141000/500000, Total Reward: 9860, Epsilon: 0.0100, Buffer: 100000
Episode 142000/500000, Total Reward: 3884, Epsilon: 0.0100, Buffer: 100000
Episode 143000/500000, Total Reward: 7920, Epsilon: 0.0100, Buffer: 100000
Episode 144000/500000, Total Reward: 10482, Epsilon: 0.0100, Buffer: 100000
Episode 145000/500000, Total Reward: 4768, Epsilon: 0.0100, Buffer: 100000
Episode 146000/500000, Total Reward: 4759, Epsilon: 0.0100, Buffer: 100000
Episode 147000/500000, Total Reward: 9354, Epsilon: 0.0100, Buffer: 100000
Episode 148000/500000, Total Reward: 6490, Epsilon: 0.0100, Buffer: 100000
Episode 149000/500000, Total Reward: 7950, Epsilon: 0.0100, Buffer: 100000
Episode 150000/500000, Total Reward: 2434, Epsilon: 0.0100, Buffer: 100000
Episode 151000/500000, Total Reward: 7078, Epsilon: 0.0100, Buffer: 100000
Episode 152000/500000, Total Reward: 7905, Epsilon: 0.0100, Buffer: 100000
Episode 153000/500000, Total Reward: 8028, Epsilon: 0.0100, Buffer: 100000
Episode 154000/500000, Total Reward: 6552, Epsilon: 0.0100, Buffer: 100000
Episode 155000/500000, Total Reward: 8167, Epsilon: 0.0100, Buffer: 100000
Episode 156000/500000, Total Reward: 8178, Epsilon: 0.0100, Buffer: 100000
Episode 157000/500000, Total Reward: 4621, Epsilon: 0.0100, Buffer: 100000
Episode 158000/500000, Total Reward: 6906, Epsilon: 0.0100, Buffer: 100000
Episode 159000/500000, Total Reward: 8522, Epsilon: 0.0100, Buffer: 100000
Episode 160000/500000, Total Reward: 4198, Epsilon: 0.0100, Buffer: 100000
Episode 161000/500000, Total Reward: 7987, Epsilon: 0.0100, Buffer: 100000
Episode 162000/500000, Total Reward: 3721, Epsilon: 0.0100, Buffer: 100000
Episode 163000/500000, Total Reward: 9956, Epsilon: 0.0100, Buffer: 100000
Episode 164000/500000, Total Reward: 4647, Epsilon: 0.0100, Buffer: 100000
Episode 165000/500000, Total Reward: 3415, Epsilon: 0.0100, Buffer: 100000
Episode 166000/500000, Total Reward: 7015, Epsilon: 0.0100, Buffer: 100000
Episode 167000/500000, Total Reward: 7651, Epsilon: 0.0100, Buffer: 100000
Episode 168000/500000, Total Reward: -1407, Epsilon: 0.0100, Buffer: 100000
Episode 169000/500000, Total Reward: 8365, Epsilon: 0.0100, Buffer: 100000
Episode 170000/500000, Total Reward: 11845, Epsilon: 0.0100, Buffer: 100000
Episode 171000/500000, Total Reward: 10046, Epsilon: 0.0100, Buffer: 100000
Episode 172000/500000, Total Reward: 5551, Epsilon: 0.0100, Buffer: 100000
Episode 173000/500000, Total Reward: 6125, Epsilon: 0.0100, Buffer: 100000
Episode 174000/500000, Total Reward: 7571, Epsilon: 0.0100, Buffer: 100000
Episode 175000/500000, Total Reward: 3549, Epsilon: 0.0100, Buffer: 100000
Episode 176000/500000, Total Reward: 9653, Epsilon: 0.0100, Buffer: 100000
Episode 177000/500000, Total Reward: 9654, Epsilon: 0.0100, Buffer: 100000
Episode 178000/500000, Total Reward: 10016, Epsilon: 0.0100, Buffer: 100000
Episode 179000/500000, Total Reward: 8604, Epsilon: 0.0100, Buffer: 100000
Episode 180000/500000, Total Reward: 5574, Epsilon: 0.0100, Buffer: 100000
Episode 181000/500000, Total Reward: 8652, Epsilon: 0.0100, Buffer: 100000
Episode 182000/500000, Total Reward: 8480, Epsilon: 0.0100, Buffer: 100000
Episode 183000/500000, Total Reward: 3076, Epsilon: 0.0100, Buffer: 100000
Episode 184000/500000, Total Reward: 9031, Epsilon: 0.0100, Buffer: 100000
Episode 185000/500000, Total Reward: 6589, Epsilon: 0.0100, Buffer: 100000
Episode 186000/500000, Total Reward: -322, Epsilon: 0.0100, Buffer: 100000
Episode 187000/500000, Total Reward: 9123, Epsilon: 0.0100, Buffer: 100000
Episode 188000/500000, Total Reward: 7430, Epsilon: 0.0100, Buffer: 100000
Episode 189000/500000, Total Reward: 7615, Epsilon: 0.0100, Buffer: 100000
Episode 190000/500000, Total Reward: 5678, Epsilon: 0.0100, Buffer: 100000
Episode 191000/500000, Total Reward: 6851, Epsilon: 0.0100, Buffer: 100000
Episode 192000/500000, Total Reward: 6714, Epsilon: 0.0100, Buffer: 100000
Episode 193000/500000, Total Reward: 10775, Epsilon: 0.0100, Buffer: 100000
Episode 194000/500000, Total Reward: 7371, Epsilon: 0.0100, Buffer: 100000
Episode 195000/500000, Total Reward: 681, Epsilon: 0.0100, Buffer: 100000
Episode 196000/500000, Total Reward: 4666, Epsilon: 0.0100, Buffer: 100000
Episode 197000/500000, Total Reward: 5254, Epsilon: 0.0100, Buffer: 100000
Episode 198000/500000, Total Reward: 11547, Epsilon: 0.0100, Buffer: 100000
Episode 199000/500000, Total Reward: 5449, Epsilon: 0.0100, Buffer: 100000
Episode 200000/500000, Total Reward: 9110, Epsilon: 0.0100, Buffer: 100000
Episode 201000/500000, Total Reward: 4169, Epsilon: 0.0100, Buffer: 100000
Episode 202000/500000, Total Reward: 8160, Epsilon: 0.0100, Buffer: 100000
Episode 203000/500000, Total Reward: 4586, Epsilon: 0.0100, Buffer: 100000
Episode 204000/500000, Total Reward: 4701, Epsilon: 0.0100, Buffer: 100000
Episode 205000/500000, Total Reward: 5715, Epsilon: 0.0100, Buffer: 100000
Episode 206000/500000, Total Reward: 7269, Epsilon: 0.0100, Buffer: 100000
Episode 207000/500000, Total Reward: 7640, Epsilon: 0.0100, Buffer: 100000
Episode 208000/500000, Total Reward: 6378, Epsilon: 0.0100, Buffer: 100000
Episode 209000/500000, Total Reward: 8968, Epsilon: 0.0100, Buffer: 100000
Episode 210000/500000, Total Reward: 11277, Epsilon: 0.0100, Buffer: 100000
Episode 211000/500000, Total Reward: 10113, Epsilon: 0.0100, Buffer: 100000
Episode 212000/500000, Total Reward: 5421, Epsilon: 0.0100, Buffer: 100000
Episode 213000/500000, Total Reward: 6010, Epsilon: 0.0100, Buffer: 100000
Episode 214000/500000, Total Reward: 7414, Epsilon: 0.0100, Buffer: 100000
Episode 215000/500000, Total Reward: 6942, Epsilon: 0.0100, Buffer: 100000
Episode 216000/500000, Total Reward: 6507, Epsilon: 0.0100, Buffer: 100000
Episode 217000/500000, Total Reward: 4484, Epsilon: 0.0100, Buffer: 100000
Episode 218000/500000, Total Reward: 7401, Epsilon: 0.0100, Buffer: 100000
Episode 219000/500000, Total Reward: 10915, Epsilon: 0.0100, Buffer: 100000
Episode 220000/500000, Total Reward: 10197, Epsilon: 0.0100, Buffer: 100000
Episode 221000/500000, Total Reward: 4577, Epsilon: 0.0100, Buffer: 100000
Episode 222000/500000, Total Reward: 6536, Epsilon: 0.0100, Buffer: 100000
Episode 223000/500000, Total Reward: 5708, Epsilon: 0.0100, Buffer: 100000
Episode 224000/500000, Total Reward: 2925, Epsilon: 0.0100, Buffer: 100000
Episode 225000/500000, Total Reward: 6139, Epsilon: 0.0100, Buffer: 100000
Episode 226000/500000, Total Reward: 4677, Epsilon: 0.0100, Buffer: 100000
Episode 227000/500000, Total Reward: 7040, Epsilon: 0.0100, Buffer: 100000
Episode 228000/500000, Total Reward: 6619, Epsilon: 0.0100, Buffer: 100000
Episode 229000/500000, Total Reward: 7780, Epsilon: 0.0100, Buffer: 100000
Episode 230000/500000, Total Reward: 7102, Epsilon: 0.0100, Buffer: 100000
Episode 231000/500000, Total Reward: 4935, Epsilon: 0.0100, Buffer: 100000
Episode 232000/500000, Total Reward: 3995, Epsilon: 0.0100, Buffer: 100000
Episode 233000/500000, Total Reward: 6791, Epsilon: 0.0100, Buffer: 100000
Episode 234000/500000, Total Reward: 3455, Epsilon: 0.0100, Buffer: 100000
Episode 235000/500000, Total Reward: 5951, Epsilon: 0.0100, Buffer: 100000
Episode 236000/500000, Total Reward: 4210, Epsilon: 0.0100, Buffer: 100000
Episode 237000/500000, Total Reward: 10691, Epsilon: 0.0100, Buffer: 100000
Episode 238000/500000, Total Reward: 3995, Epsilon: 0.0100, Buffer: 100000
Episode 239000/500000, Total Reward: 3762, Epsilon: 0.0100, Buffer: 100000
Episode 240000/500000, Total Reward: 8209, Epsilon: 0.0100, Buffer: 100000
Episode 241000/500000, Total Reward: 6386, Epsilon: 0.0100, Buffer: 100000
Episode 242000/500000, Total Reward: 8351, Epsilon: 0.0100, Buffer: 100000
Episode 243000/500000, Total Reward: 5541, Epsilon: 0.0100, Buffer: 100000
Episode 244000/500000, Total Reward: 8931, Epsilon: 0.0100, Buffer: 100000
Episode 245000/500000, Total Reward: 3283, Epsilon: 0.0100, Buffer: 100000
Episode 246000/500000, Total Reward: 9531, Epsilon: 0.0100, Buffer: 100000
Episode 247000/500000, Total Reward: 9766, Epsilon: 0.0100, Buffer: 100000
Episode 248000/500000, Total Reward: 3969, Epsilon: 0.0100, Buffer: 100000
Episode 249000/500000, Total Reward: 4585, Epsilon: 0.0100, Buffer: 100000
Episode 250000/500000, Total Reward: 7966, Epsilon: 0.0100, Buffer: 100000
Episode 251000/500000, Total Reward: 9368, Epsilon: 0.0100, Buffer: 100000
Episode 252000/500000, Total Reward: 4386, Epsilon: 0.0100, Buffer: 100000
Episode 253000/500000, Total Reward: 9736, Epsilon: 0.0100, Buffer: 100000
Episode 254000/500000, Total Reward: 8230, Epsilon: 0.0100, Buffer: 100000
Episode 255000/500000, Total Reward: 5391, Epsilon: 0.0100, Buffer: 100000
Episode 256000/500000, Total Reward: 9394, Epsilon: 0.0100, Buffer: 100000
Episode 257000/500000, Total Reward: 5226, Epsilon: 0.0100, Buffer: 100000
Episode 258000/500000, Total Reward: 4570, Epsilon: 0.0100, Buffer: 100000
Episode 259000/500000, Total Reward: 7588, Epsilon: 0.0100, Buffer: 100000
Episode 260000/500000, Total Reward: 6520, Epsilon: 0.0100, Buffer: 100000
Episode 261000/500000, Total Reward: 8470, Epsilon: 0.0100, Buffer: 100000
Episode 262000/500000, Total Reward: 7059, Epsilon: 0.0100, Buffer: 100000
Episode 263000/500000, Total Reward: 9665, Epsilon: 0.0100, Buffer: 100000
Episode 264000/500000, Total Reward: 6816, Epsilon: 0.0100, Buffer: 100000
Episode 265000/500000, Total Reward: 9509, Epsilon: 0.0100, Buffer: 100000
Episode 266000/500000, Total Reward: 10953, Epsilon: 0.0100, Buffer: 100000
Episode 267000/500000, Total Reward: 8576, Epsilon: 0.0100, Buffer: 100000
Episode 268000/500000, Total Reward: 2569, Epsilon: 0.0100, Buffer: 100000
Episode 269000/500000, Total Reward: 7440, Epsilon: 0.0100, Buffer: 100000
Episode 270000/500000, Total Reward: 8955, Epsilon: 0.0100, Buffer: 100000
Episode 271000/500000, Total Reward: 2433, Epsilon: 0.0100, Buffer: 100000
Episode 272000/500000, Total Reward: 3319, Epsilon: 0.0100, Buffer: 100000
Episode 273000/500000, Total Reward: 5492, Epsilon: 0.0100, Buffer: 100000
Episode 274000/500000, Total Reward: 8391, Epsilon: 0.0100, Buffer: 100000
Episode 275000/500000, Total Reward: 7239, Epsilon: 0.0100, Buffer: 100000
Episode 276000/500000, Total Reward: 3485, Epsilon: 0.0100, Buffer: 100000
Episode 277000/500000, Total Reward: 5481, Epsilon: 0.0100, Buffer: 100000
Episode 278000/500000, Total Reward: 5463, Epsilon: 0.0100, Buffer: 100000
Episode 279000/500000, Total Reward: 1714, Epsilon: 0.0100, Buffer: 100000
Episode 280000/500000, Total Reward: 4083, Epsilon: 0.0100, Buffer: 100000
Episode 281000/500000, Total Reward: 7449, Epsilon: 0.0100, Buffer: 100000
Episode 282000/500000, Total Reward: 10873, Epsilon: 0.0100, Buffer: 100000
Episode 283000/500000, Total Reward: 7253, Epsilon: 0.0100, Buffer: 100000
Episode 284000/500000, Total Reward: 9992, Epsilon: 0.0100, Buffer: 100000
Episode 285000/500000, Total Reward: 8564, Epsilon: 0.0100, Buffer: 100000
Episode 286000/500000, Total Reward: 4614, Epsilon: 0.0100, Buffer: 100000
Episode 287000/500000, Total Reward: 2320, Epsilon: 0.0100, Buffer: 100000
Episode 288000/500000, Total Reward: 4789, Epsilon: 0.0100, Buffer: 100000
Episode 289000/500000, Total Reward: 8593, Epsilon: 0.0100, Buffer: 100000
Episode 290000/500000, Total Reward: 8845, Epsilon: 0.0100, Buffer: 100000
Episode 291000/500000, Total Reward: 10962, Epsilon: 0.0100, Buffer: 100000
Episode 292000/500000, Total Reward: 5651, Epsilon: 0.0100, Buffer: 100000
Episode 293000/500000, Total Reward: 6066, Epsilon: 0.0100, Buffer: 100000
Episode 294000/500000, Total Reward: 7869, Epsilon: 0.0100, Buffer: 100000
Episode 295000/500000, Total Reward: 9608, Epsilon: 0.0100, Buffer: 100000
Episode 296000/500000, Total Reward: 9348, Epsilon: 0.0100, Buffer: 100000
Episode 297000/500000, Total Reward: 5813, Epsilon: 0.0100, Buffer: 100000
Episode 298000/500000, Total Reward: 4503, Epsilon: 0.0100, Buffer: 100000
Episode 299000/500000, Total Reward: 5999, Epsilon: 0.0100, Buffer: 100000
Episode 300000/500000, Total Reward: 8259, Epsilon: 0.0100, Buffer: 100000
Episode 301000/500000, Total Reward: 8405, Epsilon: 0.0100, Buffer: 100000
Episode 302000/500000, Total Reward: 3918, Epsilon: 0.0100, Buffer: 100000
Episode 303000/500000, Total Reward: 3883, Epsilon: 0.0100, Buffer: 100000
Episode 304000/500000, Total Reward: 3581, Epsilon: 0.0100, Buffer: 100000
Episode 305000/500000, Total Reward: 5913, Epsilon: 0.0100, Buffer: 100000
Episode 306000/500000, Total Reward: 7628, Epsilon: 0.0100, Buffer: 100000
Episode 307000/500000, Total Reward: -103, Epsilon: 0.0100, Buffer: 100000
Episode 308000/500000, Total Reward: 7486, Epsilon: 0.0100, Buffer: 100000
Episode 309000/500000, Total Reward: 5806, Epsilon: 0.0100, Buffer: 100000
Episode 310000/500000, Total Reward: 6989, Epsilon: 0.0100, Buffer: 100000
Episode 311000/500000, Total Reward: 4040, Epsilon: 0.0100, Buffer: 100000
Episode 312000/500000, Total Reward: 6370, Epsilon: 0.0100, Buffer: 100000
Episode 313000/500000, Total Reward: 6253, Epsilon: 0.0100, Buffer: 100000
Episode 314000/500000, Total Reward: 9285, Epsilon: 0.0100, Buffer: 100000
Episode 315000/500000, Total Reward: 1977, Epsilon: 0.0100, Buffer: 100000
Episode 316000/500000, Total Reward: 9025, Epsilon: 0.0100, Buffer: 100000
Episode 317000/500000, Total Reward: 8218, Epsilon: 0.0100, Buffer: 100000
Episode 318000/500000, Total Reward: 9190, Epsilon: 0.0100, Buffer: 100000
Episode 319000/500000, Total Reward: 2250, Epsilon: 0.0100, Buffer: 100000
Episode 320000/500000, Total Reward: 6025, Epsilon: 0.0100, Buffer: 100000
Episode 321000/500000, Total Reward: 9873, Epsilon: 0.0100, Buffer: 100000
Episode 322000/500000, Total Reward: 7708, Epsilon: 0.0100, Buffer: 100000
Episode 323000/500000, Total Reward: 7597, Epsilon: 0.0100, Buffer: 100000
Episode 324000/500000, Total Reward: 5195, Epsilon: 0.0100, Buffer: 100000
Episode 325000/500000, Total Reward: 4237, Epsilon: 0.0100, Buffer: 100000
Episode 326000/500000, Total Reward: 6794, Epsilon: 0.0100, Buffer: 100000
Episode 327000/500000, Total Reward: 8828, Epsilon: 0.0100, Buffer: 100000
Episode 328000/500000, Total Reward: 8735, Epsilon: 0.0100, Buffer: 100000
Episode 329000/500000, Total Reward: 6197, Epsilon: 0.0100, Buffer: 100000
Episode 330000/500000, Total Reward: 3143, Epsilon: 0.0100, Buffer: 100000
Episode 331000/500000, Total Reward: 8217, Epsilon: 0.0100, Buffer: 100000
Episode 332000/500000, Total Reward: 9406, Epsilon: 0.0100, Buffer: 100000
Episode 333000/500000, Total Reward: 5568, Epsilon: 0.0100, Buffer: 100000
Episode 334000/500000, Total Reward: 8306, Epsilon: 0.0100, Buffer: 100000
Episode 335000/500000, Total Reward: 8000, Epsilon: 0.0100, Buffer: 100000
Episode 336000/500000, Total Reward: 6562, Epsilon: 0.0100, Buffer: 100000
Episode 337000/500000, Total Reward: 9960, Epsilon: 0.0100, Buffer: 100000
Episode 338000/500000, Total Reward: 5007, Epsilon: 0.0100, Buffer: 100000
Episode 339000/500000, Total Reward: -14, Epsilon: 0.0100, Buffer: 100000
Episode 340000/500000, Total Reward: 6570, Epsilon: 0.0100, Buffer: 100000
Episode 341000/500000, Total Reward: 6230, Epsilon: 0.0100, Buffer: 100000
Episode 342000/500000, Total Reward: 7283, Epsilon: 0.0100, Buffer: 100000
Episode 343000/500000, Total Reward: 8105, Epsilon: 0.0100, Buffer: 100000
Episode 344000/500000, Total Reward: 12378, Epsilon: 0.0100, Buffer: 100000
Episode 345000/500000, Total Reward: 7412, Epsilon: 0.0100, Buffer: 100000
Episode 346000/500000, Total Reward: 8363, Epsilon: 0.0100, Buffer: 100000
Episode 347000/500000, Total Reward: 7506, Epsilon: 0.0100, Buffer: 100000
Episode 348000/500000, Total Reward: 5576, Epsilon: 0.0100, Buffer: 100000
Episode 349000/500000, Total Reward: 5776, Epsilon: 0.0100, Buffer: 100000
Episode 350000/500000, Total Reward: 4986, Epsilon: 0.0100, Buffer: 100000
Episode 351000/500000, Total Reward: 10113, Epsilon: 0.0100, Buffer: 100000
Episode 352000/500000, Total Reward: 7389, Epsilon: 0.0100, Buffer: 100000
Episode 353000/500000, Total Reward: 8989, Epsilon: 0.0100, Buffer: 100000
Episode 354000/500000, Total Reward: 8412, Epsilon: 0.0100, Buffer: 100000
Episode 355000/500000, Total Reward: 7496, Epsilon: 0.0100, Buffer: 100000
Episode 356000/500000, Total Reward: 7929, Epsilon: 0.0100, Buffer: 100000
Episode 357000/500000, Total Reward: 6445, Epsilon: 0.0100, Buffer: 100000
Episode 358000/500000, Total Reward: 8371, Epsilon: 0.0100, Buffer: 100000
Episode 359000/500000, Total Reward: 7669, Epsilon: 0.0100, Buffer: 100000
Episode 360000/500000, Total Reward: 8697, Epsilon: 0.0100, Buffer: 100000
Episode 361000/500000, Total Reward: 3835, Epsilon: 0.0100, Buffer: 100000
Episode 362000/500000, Total Reward: -3202, Epsilon: 0.0100, Buffer: 100000
Episode 363000/500000, Total Reward: 9773, Epsilon: 0.0100, Buffer: 100000
Episode 364000/500000, Total Reward: 8132, Epsilon: 0.0100, Buffer: 100000
Episode 365000/500000, Total Reward: 12037, Epsilon: 0.0100, Buffer: 100000
Episode 366000/500000, Total Reward: 5672, Epsilon: 0.0100, Buffer: 100000
Episode 367000/500000, Total Reward: 5367, Epsilon: 0.0100, Buffer: 100000
Episode 368000/500000, Total Reward: 10628, Epsilon: 0.0100, Buffer: 100000
Episode 369000/500000, Total Reward: 11417, Epsilon: 0.0100, Buffer: 100000
Episode 370000/500000, Total Reward: 11866, Epsilon: 0.0100, Buffer: 100000
Episode 371000/500000, Total Reward: 10419, Epsilon: 0.0100, Buffer: 100000
Episode 372000/500000, Total Reward: 7457, Epsilon: 0.0100, Buffer: 100000
Episode 373000/500000, Total Reward: 5468, Epsilon: 0.0100, Buffer: 100000
Episode 374000/500000, Total Reward: 1577, Epsilon: 0.0100, Buffer: 100000
Episode 375000/500000, Total Reward: 11313, Epsilon: 0.0100, Buffer: 100000
Episode 376000/500000, Total Reward: 11288, Epsilon: 0.0100, Buffer: 100000
Episode 377000/500000, Total Reward: 8560, Epsilon: 0.0100, Buffer: 100000
Episode 378000/500000, Total Reward: 7808, Epsilon: 0.0100, Buffer: 100000
Episode 379000/500000, Total Reward: 6245, Epsilon: 0.0100, Buffer: 100000
Episode 380000/500000, Total Reward: 6306, Epsilon: 0.0100, Buffer: 100000
Episode 381000/500000, Total Reward: 8094, Epsilon: 0.0100, Buffer: 100000
Episode 382000/500000, Total Reward: 8783, Epsilon: 0.0100, Buffer: 100000
Episode 383000/500000, Total Reward: 4087, Epsilon: 0.0100, Buffer: 100000
Episode 384000/500000, Total Reward: 8743, Epsilon: 0.0100, Buffer: 100000
Episode 385000/500000, Total Reward: 6410, Epsilon: 0.0100, Buffer: 100000
Episode 386000/500000, Total Reward: 5687, Epsilon: 0.0100, Buffer: 100000
Episode 387000/500000, Total Reward: 8922, Epsilon: 0.0100, Buffer: 100000
Episode 388000/500000, Total Reward: 6310, Epsilon: 0.0100, Buffer: 100000
Episode 389000/500000, Total Reward: 9566, Epsilon: 0.0100, Buffer: 100000
Episode 390000/500000, Total Reward: 7311, Epsilon: 0.0100, Buffer: 100000
Episode 391000/500000, Total Reward: 5183, Epsilon: 0.0100, Buffer: 100000
Episode 392000/500000, Total Reward: 10224, Epsilon: 0.0100, Buffer: 100000
Episode 393000/500000, Total Reward: 10024, Epsilon: 0.0100, Buffer: 100000
Episode 394000/500000, Total Reward: 5596, Epsilon: 0.0100, Buffer: 100000
Episode 395000/500000, Total Reward: 6938, Epsilon: 0.0100, Buffer: 100000
Episode 396000/500000, Total Reward: 5620, Epsilon: 0.0100, Buffer: 100000
Episode 397000/500000, Total Reward: 8150, Epsilon: 0.0100, Buffer: 100000
Episode 398000/500000, Total Reward: 11986, Epsilon: 0.0100, Buffer: 100000
Episode 399000/500000, Total Reward: 6797, Epsilon: 0.0100, Buffer: 100000
Episode 400000/500000, Total Reward: 7785, Epsilon: 0.0100, Buffer: 100000
Episode 401000/500000, Total Reward: 6645, Epsilon: 0.0100, Buffer: 100000
Episode 402000/500000, Total Reward: 9111, Epsilon: 0.0100, Buffer: 100000
Episode 403000/500000, Total Reward: 13176, Epsilon: 0.0100, Buffer: 100000
Episode 404000/500000, Total Reward: 4422, Epsilon: 0.0100, Buffer: 100000
Episode 405000/500000, Total Reward: 7602, Epsilon: 0.0100, Buffer: 100000
Episode 406000/500000, Total Reward: 4887, Epsilon: 0.0100, Buffer: 100000
Episode 407000/500000, Total Reward: 4870, Epsilon: 0.0100, Buffer: 100000
Episode 408000/500000, Total Reward: 5317, Epsilon: 0.0100, Buffer: 100000
Episode 409000/500000, Total Reward: 5553, Epsilon: 0.0100, Buffer: 100000
Episode 410000/500000, Total Reward: 5651, Epsilon: 0.0100, Buffer: 100000
Episode 411000/500000, Total Reward: 7556, Epsilon: 0.0100, Buffer: 100000
Episode 412000/500000, Total Reward: -4372, Epsilon: 0.0100, Buffer: 100000
Episode 413000/500000, Total Reward: 9378, Epsilon: 0.0100, Buffer: 100000
Episode 414000/500000, Total Reward: 6395, Epsilon: 0.0100, Buffer: 100000
Episode 415000/500000, Total Reward: 7495, Epsilon: 0.0100, Buffer: 100000
Episode 416000/500000, Total Reward: 10492, Epsilon: 0.0100, Buffer: 100000
Episode 417000/500000, Total Reward: 1955, Epsilon: 0.0100, Buffer: 100000
Episode 418000/500000, Total Reward: 14437, Epsilon: 0.0100, Buffer: 100000
Episode 419000/500000, Total Reward: 3479, Epsilon: 0.0100, Buffer: 100000
Episode 420000/500000, Total Reward: 5252, Epsilon: 0.0100, Buffer: 100000
Episode 421000/500000, Total Reward: 6047, Epsilon: 0.0100, Buffer: 100000
Episode 422000/500000, Total Reward: 8871, Epsilon: 0.0100, Buffer: 100000
Episode 423000/500000, Total Reward: 9997, Epsilon: 0.0100, Buffer: 100000
Episode 424000/500000, Total Reward: 5250, Epsilon: 0.0100, Buffer: 100000
Episode 425000/500000, Total Reward: 9826, Epsilon: 0.0100, Buffer: 100000
Episode 426000/500000, Total Reward: 8429, Epsilon: 0.0100, Buffer: 100000
Episode 427000/500000, Total Reward: 6296, Epsilon: 0.0100, Buffer: 100000
Episode 428000/500000, Total Reward: 8854, Epsilon: 0.0100, Buffer: 100000
Episode 429000/500000, Total Reward: 4374, Epsilon: 0.0100, Buffer: 100000
Episode 430000/500000, Total Reward: 8267, Epsilon: 0.0100, Buffer: 100000
Episode 431000/500000, Total Reward: 5212, Epsilon: 0.0100, Buffer: 100000
Episode 432000/500000, Total Reward: 9420, Epsilon: 0.0100, Buffer: 100000
Episode 433000/500000, Total Reward: 8260, Epsilon: 0.0100, Buffer: 100000
Episode 434000/500000, Total Reward: 9685, Epsilon: 0.0100, Buffer: 100000
Episode 435000/500000, Total Reward: 4697, Epsilon: 0.0100, Buffer: 100000
Episode 436000/500000, Total Reward: 9682, Epsilon: 0.0100, Buffer: 100000
Episode 437000/500000, Total Reward: 10601, Epsilon: 0.0100, Buffer: 100000
Episode 438000/500000, Total Reward: 10719, Epsilon: 0.0100, Buffer: 100000
Episode 439000/500000, Total Reward: 6310, Epsilon: 0.0100, Buffer: 100000
Episode 440000/500000, Total Reward: 6963, Epsilon: 0.0100, Buffer: 100000
Episode 441000/500000, Total Reward: 13285, Epsilon: 0.0100, Buffer: 100000
Episode 442000/500000, Total Reward: 7737, Epsilon: 0.0100, Buffer: 100000
Episode 443000/500000, Total Reward: 4250, Epsilon: 0.0100, Buffer: 100000
Episode 444000/500000, Total Reward: 10286, Epsilon: 0.0100, Buffer: 100000
Episode 445000/500000, Total Reward: 9617, Epsilon: 0.0100, Buffer: 100000
Episode 446000/500000, Total Reward: 5676, Epsilon: 0.0100, Buffer: 100000
Episode 447000/500000, Total Reward: 8787, Epsilon: 0.0100, Buffer: 100000
Episode 448000/500000, Total Reward: 11470, Epsilon: 0.0100, Buffer: 100000
Episode 449000/500000, Total Reward: 5880, Epsilon: 0.0100, Buffer: 100000
Episode 450000/500000, Total Reward: 3004, Epsilon: 0.0100, Buffer: 100000
Episode 451000/500000, Total Reward: 7543, Epsilon: 0.0100, Buffer: 100000
Episode 452000/500000, Total Reward: 5839, Epsilon: 0.0100, Buffer: 100000
Episode 453000/500000, Total Reward: 8811, Epsilon: 0.0100, Buffer: 100000
Episode 454000/500000, Total Reward: 5491, Epsilon: 0.0100, Buffer: 100000
Episode 455000/500000, Total Reward: 4472, Epsilon: 0.0100, Buffer: 100000
Episode 456000/500000, Total Reward: 6817, Epsilon: 0.0100, Buffer: 100000
Episode 457000/500000, Total Reward: 4401, Epsilon: 0.0100, Buffer: 100000
Episode 458000/500000, Total Reward: 9551, Epsilon: 0.0100, Buffer: 100000
Episode 459000/500000, Total Reward: 4863, Epsilon: 0.0100, Buffer: 100000
Episode 460000/500000, Total Reward: 5801, Epsilon: 0.0100, Buffer: 100000
Episode 461000/500000, Total Reward: 11736, Epsilon: 0.0100, Buffer: 100000
Episode 462000/500000, Total Reward: 9148, Epsilon: 0.0100, Buffer: 100000
Episode 463000/500000, Total Reward: 7562, Epsilon: 0.0100, Buffer: 100000
Episode 464000/500000, Total Reward: 10599, Epsilon: 0.0100, Buffer: 100000
Episode 465000/500000, Total Reward: 4523, Epsilon: 0.0100, Buffer: 100000
Episode 466000/500000, Total Reward: 7542, Epsilon: 0.0100, Buffer: 100000
Episode 467000/500000, Total Reward: 4926, Epsilon: 0.0100, Buffer: 100000
Episode 468000/500000, Total Reward: 6049, Epsilon: 0.0100, Buffer: 100000
Episode 469000/500000, Total Reward: 7660, Epsilon: 0.0100, Buffer: 100000
Episode 470000/500000, Total Reward: 7858, Epsilon: 0.0100, Buffer: 100000
Episode 471000/500000, Total Reward: 10905, Epsilon: 0.0100, Buffer: 100000
Episode 472000/500000, Total Reward: 4305, Epsilon: 0.0100, Buffer: 100000
Episode 473000/500000, Total Reward: 9921, Epsilon: 0.0100, Buffer: 100000
Episode 474000/500000, Total Reward: 5140, Epsilon: 0.0100, Buffer: 100000
Episode 475000/500000, Total Reward: 5025, Epsilon: 0.0100, Buffer: 100000
Episode 476000/500000, Total Reward: -978, Epsilon: 0.0100, Buffer: 100000
Episode 477000/500000, Total Reward: 6970, Epsilon: 0.0100, Buffer: 100000
Episode 478000/500000, Total Reward: 7786, Epsilon: 0.0100, Buffer: 100000
Episode 479000/500000, Total Reward: 7127, Epsilon: 0.0100, Buffer: 100000
Episode 480000/500000, Total Reward: 2888, Epsilon: 0.0100, Buffer: 100000
Episode 481000/500000, Total Reward: 6975, Epsilon: 0.0100, Buffer: 100000
Episode 482000/500000, Total Reward: 5430, Epsilon: 0.0100, Buffer: 100000
Episode 483000/500000, Total Reward: 4974, Epsilon: 0.0100, Buffer: 100000
Episode 484000/500000, Total Reward: 8347, Epsilon: 0.0100, Buffer: 100000
Episode 485000/500000, Total Reward: 5436, Epsilon: 0.0100, Buffer: 100000
Episode 486000/500000, Total Reward: 8461, Epsilon: 0.0100, Buffer: 100000
Episode 487000/500000, Total Reward: 9299, Epsilon: 0.0100, Buffer: 100000
Episode 488000/500000, Total Reward: 6742, Epsilon: 0.0100, Buffer: 100000
Episode 489000/500000, Total Reward: 7928, Epsilon: 0.0100, Buffer: 100000
Episode 490000/500000, Total Reward: 9370, Epsilon: 0.0100, Buffer: 100000
Episode 491000/500000, Total Reward: 9017, Epsilon: 0.0100, Buffer: 100000
Episode 492000/500000, Total Reward: 10008, Epsilon: 0.0100, Buffer: 100000
Episode 493000/500000, Total Reward: 6937, Epsilon: 0.0100, Buffer: 100000
Episode 494000/500000, Total Reward: 9440, Epsilon: 0.0100, Buffer: 100000
Episode 495000/500000, Total Reward: 11675, Epsilon: 0.0100, Buffer: 100000
Episode 496000/500000, Total Reward: 2693, Epsilon: 0.0100, Buffer: 100000
Episode 497000/500000, Total Reward: 7806, Epsilon: 0.0100, Buffer: 100000
Episode 498000/500000, Total Reward: 12657, Epsilon: 0.0100, Buffer: 100000
Episode 499000/500000, Total Reward: 5975, Epsilon: 0.0100, Buffer: 100000
Episode 500000/500000, Total Reward: 6890, Epsilon: 0.0100, Buffer: 100000
Extracting Q-table from DQN for compatibility...
Saved DQN model to outputs/DQN_OB_500k_parity12forcecull_run1_model.pth
Saved Q-table (for compatibility) to outputs/DQN_OB_500k_parity12forcecull_run1.pkl

Learned DQN Q-table (sample):
State: (0, 0, 9, 0)
  Action: keep, Q-value: 1098.41
  Action: replace, Q-value: 162.29
State: (1, 1, 0, 0)
  Action: keep, Q-value: 1179.79
  Action: replace, Q-value: 192.22
State: (1, 1, 0, 1)
  Action: keep, Q-value: 805.26
  Action: replace, Q-value: 163.71
State: (1, 2, 0, 0)
  Action: keep, Q-value: 1179.55
  Action: replace, Q-value: 191.82
State: (1, 2, 0, 1)
  Action: keep, Q-value: 762.99
  Action: replace, Q-value: 162.03
State: (1, 3, 0, 0)
  Action: keep, Q-value: 1134.41
  Action: replace, Q-value: 185.76
State: (1, 3, 0, 1)
  Action: keep, Q-value: 698.31
  Action: replace, Q-value: 157.78
State: (1, 4, 0, 0)
  Action: keep, Q-value: 1074.80
  Action: replace, Q-value: 182.08
State: (1, 4, 0, 1)
  Action: keep, Q-value: 645.90
  Action: replace, Q-value: 153.22
State: (1, 4, 1, 0)
  Action: keep, Q-value: 1166.00
  Action: replace, Q-value: 186.00
Total states: 3289

Time taken for training: 53397.87 seconds
Average reward (last 1000 episodes): 6977.77
--- Run ended 2026-02-10 14:03:32 ---
