
--- Run started 2026-02-04 17:56:39 ---

======================================================================
CREATING NEW MODEL
======================================================================

Starting fresh with epsilon: 1.0000
======================================================================

Starting DQN training for 500000 episodes...
Episode 1000/500000, Total Reward: 43518, Epsilon: 0.0100, Buffer: 100000
Episode 2000/500000, Total Reward: 44108, Epsilon: 0.0100, Buffer: 100000
Episode 3000/500000, Total Reward: 38696, Epsilon: 0.0100, Buffer: 100000
Episode 4000/500000, Total Reward: 44204, Epsilon: 0.0100, Buffer: 100000
Episode 5000/500000, Total Reward: 43838, Epsilon: 0.0100, Buffer: 100000
Episode 6000/500000, Total Reward: 48255, Epsilon: 0.0100, Buffer: 100000
Episode 7000/500000, Total Reward: 48695, Epsilon: 0.0100, Buffer: 100000
Episode 8000/500000, Total Reward: 39038, Epsilon: 0.0100, Buffer: 100000
Episode 9000/500000, Total Reward: 47805, Epsilon: 0.0100, Buffer: 100000
Episode 10000/500000, Total Reward: 49599, Epsilon: 0.0100, Buffer: 100000
Episode 11000/500000, Total Reward: 46973, Epsilon: 0.0100, Buffer: 100000
Episode 12000/500000, Total Reward: 46079, Epsilon: 0.0100, Buffer: 100000
Episode 13000/500000, Total Reward: 45720, Epsilon: 0.0100, Buffer: 100000
Episode 14000/500000, Total Reward: 43736, Epsilon: 0.0100, Buffer: 100000
Episode 15000/500000, Total Reward: 48551, Epsilon: 0.0100, Buffer: 100000
Episode 16000/500000, Total Reward: 40910, Epsilon: 0.0100, Buffer: 100000
Episode 17000/500000, Total Reward: 45307, Epsilon: 0.0100, Buffer: 100000
Episode 18000/500000, Total Reward: 40008, Epsilon: 0.0100, Buffer: 100000
Episode 19000/500000, Total Reward: 43142, Epsilon: 0.0100, Buffer: 100000
Episode 20000/500000, Total Reward: 42810, Epsilon: 0.0100, Buffer: 100000
Episode 21000/500000, Total Reward: 42818, Epsilon: 0.0100, Buffer: 100000
Episode 22000/500000, Total Reward: 46402, Epsilon: 0.0100, Buffer: 100000
Episode 23000/500000, Total Reward: 47415, Epsilon: 0.0100, Buffer: 100000
Episode 24000/500000, Total Reward: 51581, Epsilon: 0.0100, Buffer: 100000
Episode 25000/500000, Total Reward: 42803, Epsilon: 0.0100, Buffer: 100000
Episode 26000/500000, Total Reward: 47410, Epsilon: 0.0100, Buffer: 100000
Episode 27000/500000, Total Reward: 47537, Epsilon: 0.0100, Buffer: 100000
Episode 28000/500000, Total Reward: 47911, Epsilon: 0.0100, Buffer: 100000
Episode 29000/500000, Total Reward: 42278, Epsilon: 0.0100, Buffer: 100000
Episode 30000/500000, Total Reward: 45322, Epsilon: 0.0100, Buffer: 100000
Episode 31000/500000, Total Reward: 47387, Epsilon: 0.0100, Buffer: 100000
Episode 32000/500000, Total Reward: 44621, Epsilon: 0.0100, Buffer: 100000
Episode 33000/500000, Total Reward: 39344, Epsilon: 0.0100, Buffer: 100000
Episode 34000/500000, Total Reward: 41243, Epsilon: 0.0100, Buffer: 100000
Episode 35000/500000, Total Reward: 52301, Epsilon: 0.0100, Buffer: 100000
Episode 36000/500000, Total Reward: 46894, Epsilon: 0.0100, Buffer: 100000
Episode 37000/500000, Total Reward: 44976, Epsilon: 0.0100, Buffer: 100000
Episode 38000/500000, Total Reward: 47733, Epsilon: 0.0100, Buffer: 100000
Episode 39000/500000, Total Reward: 42508, Epsilon: 0.0100, Buffer: 100000
Episode 40000/500000, Total Reward: 46828, Epsilon: 0.0100, Buffer: 100000
Episode 41000/500000, Total Reward: 45107, Epsilon: 0.0100, Buffer: 100000
Episode 42000/500000, Total Reward: 42867, Epsilon: 0.0100, Buffer: 100000
Episode 43000/500000, Total Reward: 38674, Epsilon: 0.0100, Buffer: 100000
Episode 44000/500000, Total Reward: 40031, Epsilon: 0.0100, Buffer: 100000
Episode 45000/500000, Total Reward: 36848, Epsilon: 0.0100, Buffer: 100000
Episode 46000/500000, Total Reward: 44813, Epsilon: 0.0100, Buffer: 100000
Episode 47000/500000, Total Reward: 47609, Epsilon: 0.0100, Buffer: 100000
Episode 48000/500000, Total Reward: 48505, Epsilon: 0.0100, Buffer: 100000
Episode 49000/500000, Total Reward: 47278, Epsilon: 0.0100, Buffer: 100000
Episode 50000/500000, Total Reward: 47693, Epsilon: 0.0100, Buffer: 100000
Episode 51000/500000, Total Reward: 48522, Epsilon: 0.0100, Buffer: 100000
Episode 52000/500000, Total Reward: 44443, Epsilon: 0.0100, Buffer: 100000
Episode 53000/500000, Total Reward: 46853, Epsilon: 0.0100, Buffer: 100000
Episode 54000/500000, Total Reward: 39468, Epsilon: 0.0100, Buffer: 100000
Episode 55000/500000, Total Reward: 45529, Epsilon: 0.0100, Buffer: 100000
Episode 56000/500000, Total Reward: 41834, Epsilon: 0.0100, Buffer: 100000
Episode 57000/500000, Total Reward: 48787, Epsilon: 0.0100, Buffer: 100000
Episode 58000/500000, Total Reward: 47454, Epsilon: 0.0100, Buffer: 100000
Episode 59000/500000, Total Reward: 39254, Epsilon: 0.0100, Buffer: 100000
Episode 60000/500000, Total Reward: 43903, Epsilon: 0.0100, Buffer: 100000
Episode 61000/500000, Total Reward: 42985, Epsilon: 0.0100, Buffer: 100000
Episode 62000/500000, Total Reward: 41903, Epsilon: 0.0100, Buffer: 100000
Episode 63000/500000, Total Reward: 48749, Epsilon: 0.0100, Buffer: 100000
Episode 64000/500000, Total Reward: 48358, Epsilon: 0.0100, Buffer: 100000
Episode 65000/500000, Total Reward: 47919, Epsilon: 0.0100, Buffer: 100000
Episode 66000/500000, Total Reward: 41816, Epsilon: 0.0100, Buffer: 100000
Episode 67000/500000, Total Reward: 39723, Epsilon: 0.0100, Buffer: 100000
Episode 68000/500000, Total Reward: 46922, Epsilon: 0.0100, Buffer: 100000
Episode 69000/500000, Total Reward: 43303, Epsilon: 0.0100, Buffer: 100000
Episode 70000/500000, Total Reward: 38559, Epsilon: 0.0100, Buffer: 100000
Episode 71000/500000, Total Reward: 45584, Epsilon: 0.0100, Buffer: 100000
Episode 72000/500000, Total Reward: 44805, Epsilon: 0.0100, Buffer: 100000
Episode 73000/500000, Total Reward: 49892, Epsilon: 0.0100, Buffer: 100000
Episode 74000/500000, Total Reward: 47961, Epsilon: 0.0100, Buffer: 100000
Episode 75000/500000, Total Reward: 41447, Epsilon: 0.0100, Buffer: 100000
Episode 76000/500000, Total Reward: 40396, Epsilon: 0.0100, Buffer: 100000
Episode 77000/500000, Total Reward: 44333, Epsilon: 0.0100, Buffer: 100000
Episode 78000/500000, Total Reward: 40630, Epsilon: 0.0100, Buffer: 100000
Episode 79000/500000, Total Reward: 45211, Epsilon: 0.0100, Buffer: 100000
Episode 80000/500000, Total Reward: 48004, Epsilon: 0.0100, Buffer: 100000
Episode 81000/500000, Total Reward: 41312, Epsilon: 0.0100, Buffer: 100000
Episode 82000/500000, Total Reward: 44231, Epsilon: 0.0100, Buffer: 100000
Episode 83000/500000, Total Reward: 40463, Epsilon: 0.0100, Buffer: 100000
Episode 84000/500000, Total Reward: 44003, Epsilon: 0.0100, Buffer: 100000
Episode 85000/500000, Total Reward: 40355, Epsilon: 0.0100, Buffer: 100000
Episode 86000/500000, Total Reward: 48848, Epsilon: 0.0100, Buffer: 100000
Episode 87000/500000, Total Reward: 49679, Epsilon: 0.0100, Buffer: 100000
Episode 88000/500000, Total Reward: 39099, Epsilon: 0.0100, Buffer: 100000
Episode 89000/500000, Total Reward: 47277, Epsilon: 0.0100, Buffer: 100000
Episode 90000/500000, Total Reward: 41630, Epsilon: 0.0100, Buffer: 100000
Episode 91000/500000, Total Reward: 47314, Epsilon: 0.0100, Buffer: 100000
Episode 92000/500000, Total Reward: 50733, Epsilon: 0.0100, Buffer: 100000
Episode 93000/500000, Total Reward: 49419, Epsilon: 0.0100, Buffer: 100000
Episode 94000/500000, Total Reward: 45629, Epsilon: 0.0100, Buffer: 100000
Episode 95000/500000, Total Reward: 45533, Epsilon: 0.0100, Buffer: 100000
Episode 96000/500000, Total Reward: 37011, Epsilon: 0.0100, Buffer: 100000
Episode 97000/500000, Total Reward: 46358, Epsilon: 0.0100, Buffer: 100000
Episode 98000/500000, Total Reward: 40236, Epsilon: 0.0100, Buffer: 100000
Episode 99000/500000, Total Reward: 48274, Epsilon: 0.0100, Buffer: 100000
Episode 100000/500000, Total Reward: 38832, Epsilon: 0.0100, Buffer: 100000
Episode 101000/500000, Total Reward: 43583, Epsilon: 0.0100, Buffer: 100000
Episode 102000/500000, Total Reward: 39311, Epsilon: 0.0100, Buffer: 100000
Episode 103000/500000, Total Reward: 44921, Epsilon: 0.0100, Buffer: 100000
Episode 104000/500000, Total Reward: 48213, Epsilon: 0.0100, Buffer: 100000
Episode 105000/500000, Total Reward: 41599, Epsilon: 0.0100, Buffer: 100000
Episode 106000/500000, Total Reward: 47964, Epsilon: 0.0100, Buffer: 100000
Episode 107000/500000, Total Reward: 38466, Epsilon: 0.0100, Buffer: 100000
Episode 108000/500000, Total Reward: 45786, Epsilon: 0.0100, Buffer: 100000
Episode 109000/500000, Total Reward: 44954, Epsilon: 0.0100, Buffer: 100000
Episode 110000/500000, Total Reward: 43658, Epsilon: 0.0100, Buffer: 100000
Episode 111000/500000, Total Reward: 46529, Epsilon: 0.0100, Buffer: 100000
Episode 112000/500000, Total Reward: 47569, Epsilon: 0.0100, Buffer: 100000
Episode 113000/500000, Total Reward: 40423, Epsilon: 0.0100, Buffer: 100000
Episode 114000/500000, Total Reward: 38018, Epsilon: 0.0100, Buffer: 100000
Episode 115000/500000, Total Reward: 47291, Epsilon: 0.0100, Buffer: 100000
Episode 116000/500000, Total Reward: 43079, Epsilon: 0.0100, Buffer: 100000
Episode 117000/500000, Total Reward: 46022, Epsilon: 0.0100, Buffer: 100000
Episode 118000/500000, Total Reward: 45339, Epsilon: 0.0100, Buffer: 100000
Episode 119000/500000, Total Reward: 50607, Epsilon: 0.0100, Buffer: 100000
Episode 120000/500000, Total Reward: 36608, Epsilon: 0.0100, Buffer: 100000
Episode 121000/500000, Total Reward: 39870, Epsilon: 0.0100, Buffer: 100000
Episode 122000/500000, Total Reward: 43252, Epsilon: 0.0100, Buffer: 100000
Episode 123000/500000, Total Reward: 44613, Epsilon: 0.0100, Buffer: 100000
Episode 124000/500000, Total Reward: 523, Epsilon: 0.0100, Buffer: 100000
Episode 125000/500000, Total Reward: 47273, Epsilon: 0.0100, Buffer: 100000
Episode 126000/500000, Total Reward: 44661, Epsilon: 0.0100, Buffer: 100000
Episode 127000/500000, Total Reward: 42031, Epsilon: 0.0100, Buffer: 100000
Episode 128000/500000, Total Reward: 45211, Epsilon: 0.0100, Buffer: 100000
Episode 129000/500000, Total Reward: 49650, Epsilon: 0.0100, Buffer: 100000
Episode 130000/500000, Total Reward: 48221, Epsilon: 0.0100, Buffer: 100000
Episode 131000/500000, Total Reward: 51307, Epsilon: 0.0100, Buffer: 100000
Episode 132000/500000, Total Reward: 38217, Epsilon: 0.0100, Buffer: 100000
Episode 133000/500000, Total Reward: 44263, Epsilon: 0.0100, Buffer: 100000
Episode 134000/500000, Total Reward: 46937, Epsilon: 0.0100, Buffer: 100000
Episode 135000/500000, Total Reward: 46076, Epsilon: 0.0100, Buffer: 100000
Episode 136000/500000, Total Reward: 40449, Epsilon: 0.0100, Buffer: 100000
Episode 137000/500000, Total Reward: 44416, Epsilon: 0.0100, Buffer: 100000
Episode 138000/500000, Total Reward: 38852, Epsilon: 0.0100, Buffer: 100000
Episode 139000/500000, Total Reward: 43207, Epsilon: 0.0100, Buffer: 100000
Episode 140000/500000, Total Reward: 38953, Epsilon: 0.0100, Buffer: 100000
Episode 141000/500000, Total Reward: 41116, Epsilon: 0.0100, Buffer: 100000
Episode 142000/500000, Total Reward: 43987, Epsilon: 0.0100, Buffer: 100000
Episode 143000/500000, Total Reward: 38850, Epsilon: 0.0100, Buffer: 100000
Episode 144000/500000, Total Reward: 34121, Epsilon: 0.0100, Buffer: 100000
Episode 145000/500000, Total Reward: 49801, Epsilon: 0.0100, Buffer: 100000
Episode 146000/500000, Total Reward: 37887, Epsilon: 0.0100, Buffer: 100000
Episode 147000/500000, Total Reward: 40898, Epsilon: 0.0100, Buffer: 100000
Episode 148000/500000, Total Reward: 42412, Epsilon: 0.0100, Buffer: 100000
Episode 149000/500000, Total Reward: 42317, Epsilon: 0.0100, Buffer: 100000
Episode 150000/500000, Total Reward: 43460, Epsilon: 0.0100, Buffer: 100000
Episode 151000/500000, Total Reward: 44887, Epsilon: 0.0100, Buffer: 100000
Episode 152000/500000, Total Reward: 44986, Epsilon: 0.0100, Buffer: 100000
Episode 153000/500000, Total Reward: 50035, Epsilon: 0.0100, Buffer: 100000
Episode 154000/500000, Total Reward: 42661, Epsilon: 0.0100, Buffer: 100000
Episode 155000/500000, Total Reward: 41567, Epsilon: 0.0100, Buffer: 100000
Episode 156000/500000, Total Reward: 44486, Epsilon: 0.0100, Buffer: 100000
Episode 157000/500000, Total Reward: 46927, Epsilon: 0.0100, Buffer: 100000
Episode 158000/500000, Total Reward: 43137, Epsilon: 0.0100, Buffer: 100000
Episode 159000/500000, Total Reward: 46183, Epsilon: 0.0100, Buffer: 100000
Episode 160000/500000, Total Reward: 45190, Epsilon: 0.0100, Buffer: 100000
Episode 161000/500000, Total Reward: 47526, Epsilon: 0.0100, Buffer: 100000
Episode 162000/500000, Total Reward: 47889, Epsilon: 0.0100, Buffer: 100000
Episode 163000/500000, Total Reward: 44357, Epsilon: 0.0100, Buffer: 100000
Episode 164000/500000, Total Reward: 47073, Epsilon: 0.0100, Buffer: 100000
Episode 165000/500000, Total Reward: 41025, Epsilon: 0.0100, Buffer: 100000
Episode 166000/500000, Total Reward: 41931, Epsilon: 0.0100, Buffer: 100000
Episode 167000/500000, Total Reward: 50125, Epsilon: 0.0100, Buffer: 100000
Episode 168000/500000, Total Reward: 43219, Epsilon: 0.0100, Buffer: 100000
Episode 169000/500000, Total Reward: 48325, Epsilon: 0.0100, Buffer: 100000
Episode 170000/500000, Total Reward: 49266, Epsilon: 0.0100, Buffer: 100000
Episode 171000/500000, Total Reward: 48433, Epsilon: 0.0100, Buffer: 100000
Episode 172000/500000, Total Reward: 37760, Epsilon: 0.0100, Buffer: 100000
Episode 173000/500000, Total Reward: 43700, Epsilon: 0.0100, Buffer: 100000
Episode 174000/500000, Total Reward: 41753, Epsilon: 0.0100, Buffer: 100000
Episode 175000/500000, Total Reward: 40745, Epsilon: 0.0100, Buffer: 100000
Episode 176000/500000, Total Reward: 49914, Epsilon: 0.0100, Buffer: 100000
Episode 177000/500000, Total Reward: 41234, Epsilon: 0.0100, Buffer: 100000
Episode 178000/500000, Total Reward: 47389, Epsilon: 0.0100, Buffer: 100000
Episode 179000/500000, Total Reward: 46163, Epsilon: 0.0100, Buffer: 100000
Episode 180000/500000, Total Reward: 45873, Epsilon: 0.0100, Buffer: 100000
Episode 181000/500000, Total Reward: 44477, Epsilon: 0.0100, Buffer: 100000
Episode 182000/500000, Total Reward: 48381, Epsilon: 0.0100, Buffer: 100000
Episode 183000/500000, Total Reward: 45503, Epsilon: 0.0100, Buffer: 100000
Episode 184000/500000, Total Reward: 44884, Epsilon: 0.0100, Buffer: 100000
Episode 185000/500000, Total Reward: 41869, Epsilon: 0.0100, Buffer: 100000
Episode 186000/500000, Total Reward: 48410, Epsilon: 0.0100, Buffer: 100000
Episode 187000/500000, Total Reward: 36730, Epsilon: 0.0100, Buffer: 100000
Episode 188000/500000, Total Reward: 39483, Epsilon: 0.0100, Buffer: 100000
Episode 189000/500000, Total Reward: 49781, Epsilon: 0.0100, Buffer: 100000
Episode 190000/500000, Total Reward: 39017, Epsilon: 0.0100, Buffer: 100000
Episode 191000/500000, Total Reward: 44572, Epsilon: 0.0100, Buffer: 100000
Episode 192000/500000, Total Reward: 35947, Epsilon: 0.0100, Buffer: 100000
Episode 193000/500000, Total Reward: 43624, Epsilon: 0.0100, Buffer: 100000
Episode 194000/500000, Total Reward: 42909, Epsilon: 0.0100, Buffer: 100000
Episode 195000/500000, Total Reward: 45828, Epsilon: 0.0100, Buffer: 100000
Episode 196000/500000, Total Reward: 46499, Epsilon: 0.0100, Buffer: 100000
Episode 197000/500000, Total Reward: 41016, Epsilon: 0.0100, Buffer: 100000
Episode 198000/500000, Total Reward: 45110, Epsilon: 0.0100, Buffer: 100000
Episode 199000/500000, Total Reward: 42424, Epsilon: 0.0100, Buffer: 100000
Episode 200000/500000, Total Reward: 36624, Epsilon: 0.0100, Buffer: 100000
Episode 201000/500000, Total Reward: 47643, Epsilon: 0.0100, Buffer: 100000
Episode 202000/500000, Total Reward: 47991, Epsilon: 0.0100, Buffer: 100000
Episode 203000/500000, Total Reward: 49212, Epsilon: 0.0100, Buffer: 100000
Episode 204000/500000, Total Reward: 41102, Epsilon: 0.0100, Buffer: 100000
Episode 205000/500000, Total Reward: 47139, Epsilon: 0.0100, Buffer: 100000
Episode 206000/500000, Total Reward: 44277, Epsilon: 0.0100, Buffer: 100000
Episode 207000/500000, Total Reward: 44504, Epsilon: 0.0100, Buffer: 100000
Episode 208000/500000, Total Reward: 41291, Epsilon: 0.0100, Buffer: 100000
Episode 209000/500000, Total Reward: 45669, Epsilon: 0.0100, Buffer: 100000
Episode 210000/500000, Total Reward: 40100, Epsilon: 0.0100, Buffer: 100000
Episode 211000/500000, Total Reward: 38930, Epsilon: 0.0100, Buffer: 100000
Episode 212000/500000, Total Reward: 45078, Epsilon: 0.0100, Buffer: 100000
Episode 213000/500000, Total Reward: 39624, Epsilon: 0.0100, Buffer: 100000
Episode 214000/500000, Total Reward: 44343, Epsilon: 0.0100, Buffer: 100000