
--- Run started 2026-02-08 17:56:26 ---

======================================================================
CREATING NEW MODEL
======================================================================

Starting fresh with epsilon: 1.0000
======================================================================

Starting DQN training for 500000 episodes...
Episode 1000/500000, Total Reward: -85, Epsilon: 0.0100, Buffer: 100000
Episode 2000/500000, Total Reward: 28567, Epsilon: 0.0100, Buffer: 100000
Episode 3000/500000, Total Reward: 28761, Epsilon: 0.0100, Buffer: 100000
Episode 4000/500000, Total Reward: 29096, Epsilon: 0.0100, Buffer: 100000
Episode 5000/500000, Total Reward: 23727, Epsilon: 0.0100, Buffer: 100000
Episode 6000/500000, Total Reward: 34066, Epsilon: 0.0100, Buffer: 100000
Episode 7000/500000, Total Reward: 35297, Epsilon: 0.0100, Buffer: 100000
Episode 8000/500000, Total Reward: 33709, Epsilon: 0.0100, Buffer: 100000
Episode 9000/500000, Total Reward: 37025, Epsilon: 0.0100, Buffer: 100000
Episode 10000/500000, Total Reward: 21445, Epsilon: 0.0100, Buffer: 100000
Episode 11000/500000, Total Reward: 33609, Epsilon: 0.0100, Buffer: 100000
Episode 12000/500000, Total Reward: 28944, Epsilon: 0.0100, Buffer: 100000
Episode 13000/500000, Total Reward: 21802, Epsilon: 0.0100, Buffer: 100000
Episode 14000/500000, Total Reward: 21858, Epsilon: 0.0100, Buffer: 100000
Episode 15000/500000, Total Reward: 30033, Epsilon: 0.0100, Buffer: 100000
Episode 16000/500000, Total Reward: 31918, Epsilon: 0.0100, Buffer: 100000
Episode 17000/500000, Total Reward: 32938, Epsilon: 0.0100, Buffer: 100000
Episode 18000/500000, Total Reward: 35889, Epsilon: 0.0100, Buffer: 100000
Episode 19000/500000, Total Reward: 24689, Epsilon: 0.0100, Buffer: 100000
Episode 20000/500000, Total Reward: 30730, Epsilon: 0.0100, Buffer: 100000
Episode 21000/500000, Total Reward: 23356, Epsilon: 0.0100, Buffer: 100000
Episode 22000/500000, Total Reward: 34438, Epsilon: 0.0100, Buffer: 100000
Episode 23000/500000, Total Reward: 33136, Epsilon: 0.0100, Buffer: 100000
Episode 24000/500000, Total Reward: 29395, Epsilon: 0.0100, Buffer: 100000
Episode 25000/500000, Total Reward: 27872, Epsilon: 0.0100, Buffer: 100000
Episode 26000/500000, Total Reward: 29737, Epsilon: 0.0100, Buffer: 100000
Episode 27000/500000, Total Reward: 36615, Epsilon: 0.0100, Buffer: 100000
Episode 28000/500000, Total Reward: 28915, Epsilon: 0.0100, Buffer: 100000
Episode 29000/500000, Total Reward: 21400, Epsilon: 0.0100, Buffer: 100000
Episode 30000/500000, Total Reward: 35151, Epsilon: 0.0100, Buffer: 100000
Episode 31000/500000, Total Reward: 40224, Epsilon: 0.0100, Buffer: 100000
Episode 32000/500000, Total Reward: 26002, Epsilon: 0.0100, Buffer: 100000
Episode 33000/500000, Total Reward: 29029, Epsilon: 0.0100, Buffer: 100000
Episode 34000/500000, Total Reward: 31468, Epsilon: 0.0100, Buffer: 100000
Episode 35000/500000, Total Reward: 26598, Epsilon: 0.0100, Buffer: 100000
Episode 36000/500000, Total Reward: 28791, Epsilon: 0.0100, Buffer: 100000
Episode 37000/500000, Total Reward: 33199, Epsilon: 0.0100, Buffer: 100000
Episode 38000/500000, Total Reward: 22906, Epsilon: 0.0100, Buffer: 100000
Episode 39000/500000, Total Reward: 21116, Epsilon: 0.0100, Buffer: 100000
Episode 40000/500000, Total Reward: 33520, Epsilon: 0.0100, Buffer: 100000
Episode 41000/500000, Total Reward: 31574, Epsilon: 0.0100, Buffer: 100000
Episode 42000/500000, Total Reward: 29347, Epsilon: 0.0100, Buffer: 100000
Episode 43000/500000, Total Reward: 26361, Epsilon: 0.0100, Buffer: 100000
Episode 44000/500000, Total Reward: 32882, Epsilon: 0.0100, Buffer: 100000
Episode 45000/500000, Total Reward: 26770, Epsilon: 0.0100, Buffer: 100000
Episode 46000/500000, Total Reward: 39786, Epsilon: 0.0100, Buffer: 100000
Episode 47000/500000, Total Reward: 22947, Epsilon: 0.0100, Buffer: 100000
Episode 48000/500000, Total Reward: -85, Epsilon: 0.0100, Buffer: 100000
Episode 49000/500000, Total Reward: 34042, Epsilon: 0.0100, Buffer: 100000
Episode 50000/500000, Total Reward: 34222, Epsilon: 0.0100, Buffer: 100000
Episode 51000/500000, Total Reward: 31488, Epsilon: 0.0100, Buffer: 100000
Episode 52000/500000, Total Reward: 24601, Epsilon: 0.0100, Buffer: 100000
Episode 53000/500000, Total Reward: 32051, Epsilon: 0.0100, Buffer: 100000
Episode 54000/500000, Total Reward: 36057, Epsilon: 0.0100, Buffer: 100000
Episode 55000/500000, Total Reward: 31729, Epsilon: 0.0100, Buffer: 100000
Episode 56000/500000, Total Reward: 30456, Epsilon: 0.0100, Buffer: 100000
Episode 57000/500000, Total Reward: 23295, Epsilon: 0.0100, Buffer: 100000
Episode 58000/500000, Total Reward: 28232, Epsilon: 0.0100, Buffer: 100000
Episode 59000/500000, Total Reward: 30727, Epsilon: 0.0100, Buffer: 100000
Episode 60000/500000, Total Reward: 33937, Epsilon: 0.0100, Buffer: 100000
Episode 61000/500000, Total Reward: 27802, Epsilon: 0.0100, Buffer: 100000
Episode 62000/500000, Total Reward: 24476, Epsilon: 0.0100, Buffer: 100000
Episode 63000/500000, Total Reward: 36709, Epsilon: 0.0100, Buffer: 100000
Episode 64000/500000, Total Reward: 32885, Epsilon: 0.0100, Buffer: 100000
Episode 65000/500000, Total Reward: 30917, Epsilon: 0.0100, Buffer: 100000
Episode 66000/500000, Total Reward: 30106, Epsilon: 0.0100, Buffer: 100000
Episode 67000/500000, Total Reward: 34955, Epsilon: 0.0100, Buffer: 100000
Episode 68000/500000, Total Reward: 27369, Epsilon: 0.0100, Buffer: 100000
Episode 69000/500000, Total Reward: 36647, Epsilon: 0.0100, Buffer: 100000
Episode 70000/500000, Total Reward: 28657, Epsilon: 0.0100, Buffer: 100000
Episode 71000/500000, Total Reward: 37425, Epsilon: 0.0100, Buffer: 100000
Episode 72000/500000, Total Reward: 35492, Epsilon: 0.0100, Buffer: 100000
Episode 73000/500000, Total Reward: 28640, Epsilon: 0.0100, Buffer: 100000
Episode 74000/500000, Total Reward: 29073, Epsilon: 0.0100, Buffer: 100000
Episode 75000/500000, Total Reward: 37839, Epsilon: 0.0100, Buffer: 100000
Episode 76000/500000, Total Reward: 36464, Epsilon: 0.0100, Buffer: 100000
Episode 77000/500000, Total Reward: 33472, Epsilon: 0.0100, Buffer: 100000
Episode 78000/500000, Total Reward: 25568, Epsilon: 0.0100, Buffer: 100000
Episode 79000/500000, Total Reward: 33209, Epsilon: 0.0100, Buffer: 100000
Episode 80000/500000, Total Reward: 34526, Epsilon: 0.0100, Buffer: 100000
Episode 81000/500000, Total Reward: 31236, Epsilon: 0.0100, Buffer: 100000
Episode 82000/500000, Total Reward: 35379, Epsilon: 0.0100, Buffer: 100000
Episode 83000/500000, Total Reward: 34018, Epsilon: 0.0100, Buffer: 100000
Episode 84000/500000, Total Reward: 21267, Epsilon: 0.0100, Buffer: 100000
Episode 85000/500000, Total Reward: 34817, Epsilon: 0.0100, Buffer: 100000
Episode 86000/500000, Total Reward: 30275, Epsilon: 0.0100, Buffer: 100000
Episode 87000/500000, Total Reward: 31989, Epsilon: 0.0100, Buffer: 100000
Episode 88000/500000, Total Reward: 38428, Epsilon: 0.0100, Buffer: 100000
Episode 89000/500000, Total Reward: 34521, Epsilon: 0.0100, Buffer: 100000
Episode 90000/500000, Total Reward: 38364, Epsilon: 0.0100, Buffer: 100000
Episode 91000/500000, Total Reward: 29474, Epsilon: 0.0100, Buffer: 100000
Episode 92000/500000, Total Reward: 33985, Epsilon: 0.0100, Buffer: 100000
Episode 93000/500000, Total Reward: 32710, Epsilon: 0.0100, Buffer: 100000
Episode 94000/500000, Total Reward: 36016, Epsilon: 0.0100, Buffer: 100000
Episode 95000/500000, Total Reward: 30456, Epsilon: 0.0100, Buffer: 100000
Episode 96000/500000, Total Reward: 30755, Epsilon: 0.0100, Buffer: 100000
Episode 97000/500000, Total Reward: 23060, Epsilon: 0.0100, Buffer: 100000
Episode 98000/500000, Total Reward: 27426, Epsilon: 0.0100, Buffer: 100000
Episode 99000/500000, Total Reward: 31371, Epsilon: 0.0100, Buffer: 100000
Episode 100000/500000, Total Reward: 29358, Epsilon: 0.0100, Buffer: 100000
Episode 101000/500000, Total Reward: 26186, Epsilon: 0.0100, Buffer: 100000
Episode 102000/500000, Total Reward: 18817, Epsilon: 0.0100, Buffer: 100000
Episode 103000/500000, Total Reward: 33820, Epsilon: 0.0100, Buffer: 100000
Episode 104000/500000, Total Reward: 33092, Epsilon: 0.0100, Buffer: 100000
Episode 105000/500000, Total Reward: 35924, Epsilon: 0.0100, Buffer: 100000
Episode 106000/500000, Total Reward: 33553, Epsilon: 0.0100, Buffer: 100000
Episode 107000/500000, Total Reward: 30171, Epsilon: 0.0100, Buffer: 100000
Episode 108000/500000, Total Reward: 40204, Epsilon: 0.0100, Buffer: 100000
Episode 109000/500000, Total Reward: 34492, Epsilon: 0.0100, Buffer: 100000
Episode 110000/500000, Total Reward: 28828, Epsilon: 0.0100, Buffer: 100000
Episode 111000/500000, Total Reward: 40480, Epsilon: 0.0100, Buffer: 100000
Episode 112000/500000, Total Reward: 32614, Epsilon: 0.0100, Buffer: 100000
Episode 113000/500000, Total Reward: 27815, Epsilon: 0.0100, Buffer: 100000
Episode 114000/500000, Total Reward: 33713, Epsilon: 0.0100, Buffer: 100000
Episode 115000/500000, Total Reward: 26515, Epsilon: 0.0100, Buffer: 100000
Episode 116000/500000, Total Reward: 41944, Epsilon: 0.0100, Buffer: 100000
Episode 117000/500000, Total Reward: 30776, Epsilon: 0.0100, Buffer: 100000
Episode 118000/500000, Total Reward: 25580, Epsilon: 0.0100, Buffer: 100000
Episode 119000/500000, Total Reward: 32098, Epsilon: 0.0100, Buffer: 100000
Episode 120000/500000, Total Reward: 35002, Epsilon: 0.0100, Buffer: 100000
Episode 121000/500000, Total Reward: 27721, Epsilon: 0.0100, Buffer: 100000
Episode 122000/500000, Total Reward: 22002, Epsilon: 0.0100, Buffer: 100000
Episode 123000/500000, Total Reward: 32921, Epsilon: 0.0100, Buffer: 100000
Episode 124000/500000, Total Reward: 33320, Epsilon: 0.0100, Buffer: 100000
Episode 125000/500000, Total Reward: 29357, Epsilon: 0.0100, Buffer: 100000
Episode 126000/500000, Total Reward: 25701, Epsilon: 0.0100, Buffer: 100000
Episode 127000/500000, Total Reward: 33588, Epsilon: 0.0100, Buffer: 100000
Episode 128000/500000, Total Reward: 28753, Epsilon: 0.0100, Buffer: 100000
Episode 129000/500000, Total Reward: 32403, Epsilon: 0.0100, Buffer: 100000
Episode 130000/500000, Total Reward: 17428, Epsilon: 0.0100, Buffer: 100000
Episode 131000/500000, Total Reward: 28335, Epsilon: 0.0100, Buffer: 100000
Episode 132000/500000, Total Reward: 27177, Epsilon: 0.0100, Buffer: 100000
Episode 133000/500000, Total Reward: 32104, Epsilon: 0.0100, Buffer: 100000
Episode 134000/500000, Total Reward: 33760, Epsilon: 0.0100, Buffer: 100000
Episode 135000/500000, Total Reward: 37896, Epsilon: 0.0100, Buffer: 100000
Episode 136000/500000, Total Reward: 32750, Epsilon: 0.0100, Buffer: 100000
Episode 137000/500000, Total Reward: 35205, Epsilon: 0.0100, Buffer: 100000
Episode 138000/500000, Total Reward: 24841, Epsilon: 0.0100, Buffer: 100000
Episode 139000/500000, Total Reward: 19901, Epsilon: 0.0100, Buffer: 100000
Episode 140000/500000, Total Reward: 36533, Epsilon: 0.0100, Buffer: 100000
Episode 141000/500000, Total Reward: 25587, Epsilon: 0.0100, Buffer: 100000
Episode 142000/500000, Total Reward: 42874, Epsilon: 0.0100, Buffer: 100000
Episode 143000/500000, Total Reward: 30676, Epsilon: 0.0100, Buffer: 100000
Episode 144000/500000, Total Reward: 18810, Epsilon: 0.0100, Buffer: 100000
Episode 145000/500000, Total Reward: 39210, Epsilon: 0.0100, Buffer: 100000
Episode 146000/500000, Total Reward: 25774, Epsilon: 0.0100, Buffer: 100000
Episode 147000/500000, Total Reward: 26074, Epsilon: 0.0100, Buffer: 100000
Episode 148000/500000, Total Reward: 33250, Epsilon: 0.0100, Buffer: 100000
Episode 149000/500000, Total Reward: 29785, Epsilon: 0.0100, Buffer: 100000
Episode 150000/500000, Total Reward: 23912, Epsilon: 0.0100, Buffer: 100000
Episode 151000/500000, Total Reward: 38229, Epsilon: 0.0100, Buffer: 100000
Episode 152000/500000, Total Reward: 33051, Epsilon: 0.0100, Buffer: 100000
Episode 153000/500000, Total Reward: 37509, Epsilon: 0.0100, Buffer: 100000
Episode 154000/500000, Total Reward: 25801, Epsilon: 0.0100, Buffer: 100000
Episode 155000/500000, Total Reward: 34046, Epsilon: 0.0100, Buffer: 100000
Episode 156000/500000, Total Reward: 25829, Epsilon: 0.0100, Buffer: 100000
Episode 157000/500000, Total Reward: 35376, Epsilon: 0.0100, Buffer: 100000
Episode 158000/500000, Total Reward: 32679, Epsilon: 0.0100, Buffer: 100000
Episode 159000/500000, Total Reward: 29108, Epsilon: 0.0100, Buffer: 100000
Episode 160000/500000, Total Reward: 32300, Epsilon: 0.0100, Buffer: 100000
Episode 161000/500000, Total Reward: 33344, Epsilon: 0.0100, Buffer: 100000
Episode 162000/500000, Total Reward: 19413, Epsilon: 0.0100, Buffer: 100000
Episode 163000/500000, Total Reward: 33507, Epsilon: 0.0100, Buffer: 100000
Episode 164000/500000, Total Reward: 32786, Epsilon: 0.0100, Buffer: 100000
Episode 165000/500000, Total Reward: 31181, Epsilon: 0.0100, Buffer: 100000
Episode 166000/500000, Total Reward: 25407, Epsilon: 0.0100, Buffer: 100000
Episode 167000/500000, Total Reward: 33087, Epsilon: 0.0100, Buffer: 100000
Episode 168000/500000, Total Reward: 34117, Epsilon: 0.0100, Buffer: 100000
Episode 169000/500000, Total Reward: 26757, Epsilon: 0.0100, Buffer: 100000
Episode 170000/500000, Total Reward: 30943, Epsilon: 0.0100, Buffer: 100000
Episode 171000/500000, Total Reward: 28750, Epsilon: 0.0100, Buffer: 100000
Episode 172000/500000, Total Reward: 34599, Epsilon: 0.0100, Buffer: 100000
Episode 173000/500000, Total Reward: 31936, Epsilon: 0.0100, Buffer: 100000
Episode 174000/500000, Total Reward: 31472, Epsilon: 0.0100, Buffer: 100000
Episode 175000/500000, Total Reward: 37401, Epsilon: 0.0100, Buffer: 100000
Episode 176000/500000, Total Reward: 36759, Epsilon: 0.0100, Buffer: 100000
Episode 177000/500000, Total Reward: 34528, Epsilon: 0.0100, Buffer: 100000
Episode 178000/500000, Total Reward: 26144, Epsilon: 0.0100, Buffer: 100000
Episode 179000/500000, Total Reward: 26240, Epsilon: 0.0100, Buffer: 100000
Episode 180000/500000, Total Reward: 38483, Epsilon: 0.0100, Buffer: 100000
Episode 181000/500000, Total Reward: 31810, Epsilon: 0.0100, Buffer: 100000
Episode 182000/500000, Total Reward: 34997, Epsilon: 0.0100, Buffer: 100000
Episode 183000/500000, Total Reward: 33343, Epsilon: 0.0100, Buffer: 100000
Episode 184000/500000, Total Reward: 36236, Epsilon: 0.0100, Buffer: 100000
Episode 185000/500000, Total Reward: 23118, Epsilon: 0.0100, Buffer: 100000
Episode 186000/500000, Total Reward: 27987, Epsilon: 0.0100, Buffer: 100000
Episode 187000/500000, Total Reward: 27290, Epsilon: 0.0100, Buffer: 100000
Episode 188000/500000, Total Reward: 26617, Epsilon: 0.0100, Buffer: 100000
Episode 189000/500000, Total Reward: 38969, Epsilon: 0.0100, Buffer: 100000
Episode 190000/500000, Total Reward: 34684, Epsilon: 0.0100, Buffer: 100000
Episode 191000/500000, Total Reward: 28099, Epsilon: 0.0100, Buffer: 100000
Episode 192000/500000, Total Reward: 34771, Epsilon: 0.0100, Buffer: 100000
Episode 193000/500000, Total Reward: 32121, Epsilon: 0.0100, Buffer: 100000
Episode 194000/500000, Total Reward: 28911, Epsilon: 0.0100, Buffer: 100000
Episode 195000/500000, Total Reward: 34309, Epsilon: 0.0100, Buffer: 100000
Episode 196000/500000, Total Reward: 37998, Epsilon: 0.0100, Buffer: 100000
Episode 197000/500000, Total Reward: 38156, Epsilon: 0.0100, Buffer: 100000
Episode 198000/500000, Total Reward: 26843, Epsilon: 0.0100, Buffer: 100000
Episode 199000/500000, Total Reward: 18288, Epsilon: 0.0100, Buffer: 100000
Episode 200000/500000, Total Reward: 39638, Epsilon: 0.0100, Buffer: 100000
Episode 201000/500000, Total Reward: 31328, Epsilon: 0.0100, Buffer: 100000
Episode 202000/500000, Total Reward: 23896, Epsilon: 0.0100, Buffer: 100000
Episode 203000/500000, Total Reward: 30524, Epsilon: 0.0100, Buffer: 100000
Episode 204000/500000, Total Reward: 28428, Epsilon: 0.0100, Buffer: 100000
Episode 205000/500000, Total Reward: 31258, Epsilon: 0.0100, Buffer: 100000
Episode 206000/500000, Total Reward: 40818, Epsilon: 0.0100, Buffer: 100000
Episode 207000/500000, Total Reward: 30838, Epsilon: 0.0100, Buffer: 100000
Episode 208000/500000, Total Reward: 30436, Epsilon: 0.0100, Buffer: 100000
Episode 209000/500000, Total Reward: 25045, Epsilon: 0.0100, Buffer: 100000
Episode 210000/500000, Total Reward: 36856, Epsilon: 0.0100, Buffer: 100000
Episode 211000/500000, Total Reward: 38135, Epsilon: 0.0100, Buffer: 100000
Episode 212000/500000, Total Reward: 42927, Epsilon: 0.0100, Buffer: 100000
Episode 213000/500000, Total Reward: 38844, Epsilon: 0.0100, Buffer: 100000
Episode 214000/500000, Total Reward: 30583, Epsilon: 0.0100, Buffer: 100000
Episode 215000/500000, Total Reward: 23620, Epsilon: 0.0100, Buffer: 100000
Episode 216000/500000, Total Reward: 30970, Epsilon: 0.0100, Buffer: 100000
Episode 217000/500000, Total Reward: 32355, Epsilon: 0.0100, Buffer: 100000
Episode 218000/500000, Total Reward: 28008, Epsilon: 0.0100, Buffer: 100000
Episode 219000/500000, Total Reward: 38421, Epsilon: 0.0100, Buffer: 100000
Episode 220000/500000, Total Reward: 31727, Epsilon: 0.0100, Buffer: 100000
Episode 221000/500000, Total Reward: 28059, Epsilon: 0.0100, Buffer: 100000
Episode 222000/500000, Total Reward: 29909, Epsilon: 0.0100, Buffer: 100000
Episode 223000/500000, Total Reward: 36301, Epsilon: 0.0100, Buffer: 100000
Episode 224000/500000, Total Reward: 32399, Epsilon: 0.0100, Buffer: 100000
Episode 225000/500000, Total Reward: 29203, Epsilon: 0.0100, Buffer: 100000
Episode 226000/500000, Total Reward: 116, Epsilon: 0.0100, Buffer: 100000
Episode 227000/500000, Total Reward: 26843, Epsilon: 0.0100, Buffer: 100000
Episode 228000/500000, Total Reward: 37304, Epsilon: 0.0100, Buffer: 100000
Episode 229000/500000, Total Reward: 35095, Epsilon: 0.0100, Buffer: 100000
Episode 230000/500000, Total Reward: 34278, Epsilon: 0.0100, Buffer: 100000
Episode 231000/500000, Total Reward: 38088, Epsilon: 0.0100, Buffer: 100000
Episode 232000/500000, Total Reward: 38222, Epsilon: 0.0100, Buffer: 100000
Episode 233000/500000, Total Reward: 24973, Epsilon: 0.0100, Buffer: 100000
Episode 234000/500000, Total Reward: 28495, Epsilon: 0.0100, Buffer: 100000
Episode 235000/500000, Total Reward: 32895, Epsilon: 0.0100, Buffer: 100000
Episode 236000/500000, Total Reward: 36197, Epsilon: 0.0100, Buffer: 100000
Episode 237000/500000, Total Reward: 32251, Epsilon: 0.0100, Buffer: 100000
Episode 238000/500000, Total Reward: 39001, Epsilon: 0.0100, Buffer: 100000
Episode 239000/500000, Total Reward: 30688, Epsilon: 0.0100, Buffer: 100000
Episode 240000/500000, Total Reward: 30111, Epsilon: 0.0100, Buffer: 100000
Episode 241000/500000, Total Reward: 24595, Epsilon: 0.0100, Buffer: 100000
Episode 242000/500000, Total Reward: 38942, Epsilon: 0.0100, Buffer: 100000
Episode 243000/500000, Total Reward: 37221, Epsilon: 0.0100, Buffer: 100000
Episode 244000/500000, Total Reward: 20604, Epsilon: 0.0100, Buffer: 100000
Episode 245000/500000, Total Reward: 30880, Epsilon: 0.0100, Buffer: 100000
Episode 246000/500000, Total Reward: 27243, Epsilon: 0.0100, Buffer: 100000
Episode 247000/500000, Total Reward: 41248, Epsilon: 0.0100, Buffer: 100000
Episode 248000/500000, Total Reward: 34056, Epsilon: 0.0100, Buffer: 100000
Episode 249000/500000, Total Reward: 33437, Epsilon: 0.0100, Buffer: 100000
Episode 250000/500000, Total Reward: 25814, Epsilon: 0.0100, Buffer: 100000
Episode 251000/500000, Total Reward: 35603, Epsilon: 0.0100, Buffer: 100000
Episode 252000/500000, Total Reward: 29013, Epsilon: 0.0100, Buffer: 100000
Episode 253000/500000, Total Reward: 32214, Epsilon: 0.0100, Buffer: 100000
Episode 254000/500000, Total Reward: 23110, Epsilon: 0.0100, Buffer: 100000
Episode 255000/500000, Total Reward: 14255, Epsilon: 0.0100, Buffer: 100000
Episode 256000/500000, Total Reward: 29248, Epsilon: 0.0100, Buffer: 100000
Episode 257000/500000, Total Reward: 28414, Epsilon: 0.0100, Buffer: 100000
Episode 258000/500000, Total Reward: 25012, Epsilon: 0.0100, Buffer: 100000
Episode 259000/500000, Total Reward: 36029, Epsilon: 0.0100, Buffer: 100000
Episode 260000/500000, Total Reward: 30225, Epsilon: 0.0100, Buffer: 100000
Episode 261000/500000, Total Reward: 30010, Epsilon: 0.0100, Buffer: 100000
Episode 262000/500000, Total Reward: 17841, Epsilon: 0.0100, Buffer: 100000
Episode 263000/500000, Total Reward: 34595, Epsilon: 0.0100, Buffer: 100000
Episode 264000/500000, Total Reward: 30829, Epsilon: 0.0100, Buffer: 100000
Episode 265000/500000, Total Reward: 39158, Epsilon: 0.0100, Buffer: 100000
Episode 266000/500000, Total Reward: 34541, Epsilon: 0.0100, Buffer: 100000
Episode 267000/500000, Total Reward: 18481, Epsilon: 0.0100, Buffer: 100000
Episode 268000/500000, Total Reward: 34078, Epsilon: 0.0100, Buffer: 100000
Episode 269000/500000, Total Reward: 23975, Epsilon: 0.0100, Buffer: 100000
Episode 270000/500000, Total Reward: 37042, Epsilon: 0.0100, Buffer: 100000
Episode 271000/500000, Total Reward: 33044, Epsilon: 0.0100, Buffer: 100000
Episode 272000/500000, Total Reward: 32539, Epsilon: 0.0100, Buffer: 100000
Episode 273000/500000, Total Reward: 32530, Epsilon: 0.0100, Buffer: 100000
Episode 274000/500000, Total Reward: 38658, Epsilon: 0.0100, Buffer: 100000
Episode 275000/500000, Total Reward: 28360, Epsilon: 0.0100, Buffer: 100000
Episode 276000/500000, Total Reward: 30902, Epsilon: 0.0100, Buffer: 100000
Episode 277000/500000, Total Reward: 30408, Epsilon: 0.0100, Buffer: 100000
Episode 278000/500000, Total Reward: 31771, Epsilon: 0.0100, Buffer: 100000
Episode 279000/500000, Total Reward: 36835, Epsilon: 0.0100, Buffer: 100000
Episode 280000/500000, Total Reward: 23566, Epsilon: 0.0100, Buffer: 100000
Episode 281000/500000, Total Reward: 40129, Epsilon: 0.0100, Buffer: 100000
Episode 282000/500000, Total Reward: 21573, Epsilon: 0.0100, Buffer: 100000
Episode 283000/500000, Total Reward: 32356, Epsilon: 0.0100, Buffer: 100000
Episode 284000/500000, Total Reward: 32238, Epsilon: 0.0100, Buffer: 100000
Episode 285000/500000, Total Reward: 29982, Epsilon: 0.0100, Buffer: 100000
Episode 286000/500000, Total Reward: 27416, Epsilon: 0.0100, Buffer: 100000
Episode 287000/500000, Total Reward: 35503, Epsilon: 0.0100, Buffer: 100000
Episode 288000/500000, Total Reward: 27106, Epsilon: 0.0100, Buffer: 100000
Episode 289000/500000, Total Reward: 23670, Epsilon: 0.0100, Buffer: 100000
Episode 290000/500000, Total Reward: 40546, Epsilon: 0.0100, Buffer: 100000
Episode 291000/500000, Total Reward: 31558, Epsilon: 0.0100, Buffer: 100000
Episode 292000/500000, Total Reward: 36674, Epsilon: 0.0100, Buffer: 100000
Episode 293000/500000, Total Reward: 31381, Epsilon: 0.0100, Buffer: 100000
Episode 294000/500000, Total Reward: 32457, Epsilon: 0.0100, Buffer: 100000
Episode 295000/500000, Total Reward: 30932, Epsilon: 0.0100, Buffer: 100000
Episode 296000/500000, Total Reward: 31892, Epsilon: 0.0100, Buffer: 100000
Episode 297000/500000, Total Reward: 34907, Epsilon: 0.0100, Buffer: 100000
Episode 298000/500000, Total Reward: 39806, Epsilon: 0.0100, Buffer: 100000
Episode 299000/500000, Total Reward: 28945, Epsilon: 0.0100, Buffer: 100000
Episode 300000/500000, Total Reward: 25304, Epsilon: 0.0100, Buffer: 100000
Episode 301000/500000, Total Reward: 34706, Epsilon: 0.0100, Buffer: 100000
Episode 302000/500000, Total Reward: 36266, Epsilon: 0.0100, Buffer: 100000
Episode 303000/500000, Total Reward: 32698, Epsilon: 0.0100, Buffer: 100000
Episode 304000/500000, Total Reward: 32584, Epsilon: 0.0100, Buffer: 100000
Episode 305000/500000, Total Reward: 26463, Epsilon: 0.0100, Buffer: 100000
Episode 306000/500000, Total Reward: 35888, Epsilon: 0.0100, Buffer: 100000
Episode 307000/500000, Total Reward: 32393, Epsilon: 0.0100, Buffer: 100000
Episode 308000/500000, Total Reward: 32341, Epsilon: 0.0100, Buffer: 100000
Episode 309000/500000, Total Reward: 30804, Epsilon: 0.0100, Buffer: 100000
Episode 310000/500000, Total Reward: 29778, Epsilon: 0.0100, Buffer: 100000
Episode 311000/500000, Total Reward: 37581, Epsilon: 0.0100, Buffer: 100000
Episode 312000/500000, Total Reward: 31006, Epsilon: 0.0100, Buffer: 100000
Episode 313000/500000, Total Reward: 36382, Epsilon: 0.0100, Buffer: 100000
Episode 314000/500000, Total Reward: 41757, Epsilon: 0.0100, Buffer: 100000
Episode 315000/500000, Total Reward: 36620, Epsilon: 0.0100, Buffer: 100000
Episode 316000/500000, Total Reward: 34151, Epsilon: 0.0100, Buffer: 100000
Episode 317000/500000, Total Reward: 32458, Epsilon: 0.0100, Buffer: 100000
Episode 318000/500000, Total Reward: 32588, Epsilon: 0.0100, Buffer: 100000
Episode 319000/500000, Total Reward: 27967, Epsilon: 0.0100, Buffer: 100000
Episode 320000/500000, Total Reward: 24777, Epsilon: 0.0100, Buffer: 100000
Episode 321000/500000, Total Reward: 38138, Epsilon: 0.0100, Buffer: 100000
Episode 322000/500000, Total Reward: 34343, Epsilon: 0.0100, Buffer: 100000
Episode 323000/500000, Total Reward: 34096, Epsilon: 0.0100, Buffer: 100000
Episode 324000/500000, Total Reward: 31525, Epsilon: 0.0100, Buffer: 100000
Episode 325000/500000, Total Reward: 29098, Epsilon: 0.0100, Buffer: 100000
Episode 326000/500000, Total Reward: 31963, Epsilon: 0.0100, Buffer: 100000
Episode 327000/500000, Total Reward: 28728, Epsilon: 0.0100, Buffer: 100000
Episode 328000/500000, Total Reward: 24837, Epsilon: 0.0100, Buffer: 100000
Episode 329000/500000, Total Reward: 36593, Epsilon: 0.0100, Buffer: 100000
Episode 330000/500000, Total Reward: 36159, Epsilon: 0.0100, Buffer: 100000
Episode 331000/500000, Total Reward: 28041, Epsilon: 0.0100, Buffer: 100000
Episode 332000/500000, Total Reward: 40565, Epsilon: 0.0100, Buffer: 100000
Episode 333000/500000, Total Reward: 33392, Epsilon: 0.0100, Buffer: 100000
Episode 334000/500000, Total Reward: 29533, Epsilon: 0.0100, Buffer: 100000
Episode 335000/500000, Total Reward: 39688, Epsilon: 0.0100, Buffer: 100000
Episode 336000/500000, Total Reward: 35385, Epsilon: 0.0100, Buffer: 100000
Episode 337000/500000, Total Reward: 33144, Epsilon: 0.0100, Buffer: 100000
Episode 338000/500000, Total Reward: 33496, Epsilon: 0.0100, Buffer: 100000
Episode 339000/500000, Total Reward: 39542, Epsilon: 0.0100, Buffer: 100000
Episode 340000/500000, Total Reward: 34272, Epsilon: 0.0100, Buffer: 100000
Episode 341000/500000, Total Reward: 24704, Epsilon: 0.0100, Buffer: 100000
Episode 342000/500000, Total Reward: 29165, Epsilon: 0.0100, Buffer: 100000
Episode 343000/500000, Total Reward: 36096, Epsilon: 0.0100, Buffer: 100000
Episode 344000/500000, Total Reward: 35923, Epsilon: 0.0100, Buffer: 100000
Episode 345000/500000, Total Reward: 38592, Epsilon: 0.0100, Buffer: 100000
Episode 346000/500000, Total Reward: 20857, Epsilon: 0.0100, Buffer: 100000
Episode 347000/500000, Total Reward: 30041, Epsilon: 0.0100, Buffer: 100000
Episode 348000/500000, Total Reward: 35093, Epsilon: 0.0100, Buffer: 100000
Episode 349000/500000, Total Reward: 34891, Epsilon: 0.0100, Buffer: 100000
Episode 350000/500000, Total Reward: 37102, Epsilon: 0.0100, Buffer: 100000
Episode 351000/500000, Total Reward: 30963, Epsilon: 0.0100, Buffer: 100000
Episode 352000/500000, Total Reward: 31849, Epsilon: 0.0100, Buffer: 100000
Episode 353000/500000, Total Reward: 29708, Epsilon: 0.0100, Buffer: 100000
Episode 354000/500000, Total Reward: 38519, Epsilon: 0.0100, Buffer: 100000
Episode 355000/500000, Total Reward: 41088, Epsilon: 0.0100, Buffer: 100000
Episode 356000/500000, Total Reward: 27941, Epsilon: 0.0100, Buffer: 100000
Episode 357000/500000, Total Reward: 28941, Epsilon: 0.0100, Buffer: 100000
Episode 358000/500000, Total Reward: 35449, Epsilon: 0.0100, Buffer: 100000
Episode 359000/500000, Total Reward: 26989, Epsilon: 0.0100, Buffer: 100000
Episode 360000/500000, Total Reward: 30306, Epsilon: 0.0100, Buffer: 100000
Episode 361000/500000, Total Reward: 24785, Epsilon: 0.0100, Buffer: 100000
Episode 362000/500000, Total Reward: 36994, Epsilon: 0.0100, Buffer: 100000
Episode 363000/500000, Total Reward: 29480, Epsilon: 0.0100, Buffer: 100000
Episode 364000/500000, Total Reward: 37699, Epsilon: 0.0100, Buffer: 100000
Episode 365000/500000, Total Reward: 30163, Epsilon: 0.0100, Buffer: 100000
Episode 366000/500000, Total Reward: 30245, Epsilon: 0.0100, Buffer: 100000
Episode 367000/500000, Total Reward: 31023, Epsilon: 0.0100, Buffer: 100000
Episode 368000/500000, Total Reward: 30369, Epsilon: 0.0100, Buffer: 100000
Episode 369000/500000, Total Reward: 43819, Epsilon: 0.0100, Buffer: 100000
Episode 370000/500000, Total Reward: 35480, Epsilon: 0.0100, Buffer: 100000
Episode 371000/500000, Total Reward: 32795, Epsilon: 0.0100, Buffer: 100000
Episode 372000/500000, Total Reward: 25676, Epsilon: 0.0100, Buffer: 100000
Episode 373000/500000, Total Reward: 40780, Epsilon: 0.0100, Buffer: 100000
Episode 374000/500000, Total Reward: 37152, Epsilon: 0.0100, Buffer: 100000
Episode 375000/500000, Total Reward: 28539, Epsilon: 0.0100, Buffer: 100000
Episode 376000/500000, Total Reward: 33096, Epsilon: 0.0100, Buffer: 100000
Episode 377000/500000, Total Reward: 34091, Epsilon: 0.0100, Buffer: 100000
Episode 378000/500000, Total Reward: 23209, Epsilon: 0.0100, Buffer: 100000
Episode 379000/500000, Total Reward: 27773, Epsilon: 0.0100, Buffer: 100000
Episode 380000/500000, Total Reward: 33228, Epsilon: 0.0100, Buffer: 100000
Episode 381000/500000, Total Reward: 30356, Epsilon: 0.0100, Buffer: 100000
Episode 382000/500000, Total Reward: 34426, Epsilon: 0.0100, Buffer: 100000
Episode 383000/500000, Total Reward: 19951, Epsilon: 0.0100, Buffer: 100000
Episode 384000/500000, Total Reward: 34175, Epsilon: 0.0100, Buffer: 100000
Episode 385000/500000, Total Reward: 37115, Epsilon: 0.0100, Buffer: 100000
Episode 386000/500000, Total Reward: 27082, Epsilon: 0.0100, Buffer: 100000
Episode 387000/500000, Total Reward: 26177, Epsilon: 0.0100, Buffer: 100000
Episode 388000/500000, Total Reward: 29159, Epsilon: 0.0100, Buffer: 100000
Episode 389000/500000, Total Reward: 23216, Epsilon: 0.0100, Buffer: 100000
Episode 390000/500000, Total Reward: 29655, Epsilon: 0.0100, Buffer: 100000
Episode 391000/500000, Total Reward: 25059, Epsilon: 0.0100, Buffer: 100000
Episode 392000/500000, Total Reward: 29680, Epsilon: 0.0100, Buffer: 100000
Episode 393000/500000, Total Reward: 35703, Epsilon: 0.0100, Buffer: 100000
Episode 394000/500000, Total Reward: 36294, Epsilon: 0.0100, Buffer: 100000
Episode 395000/500000, Total Reward: 36751, Epsilon: 0.0100, Buffer: 100000
Episode 396000/500000, Total Reward: 28833, Epsilon: 0.0100, Buffer: 100000
Episode 397000/500000, Total Reward: 27694, Epsilon: 0.0100, Buffer: 100000
Episode 398000/500000, Total Reward: 34645, Epsilon: 0.0100, Buffer: 100000
Episode 399000/500000, Total Reward: 32113, Epsilon: 0.0100, Buffer: 100000
Episode 400000/500000, Total Reward: 23851, Epsilon: 0.0100, Buffer: 100000
Episode 401000/500000, Total Reward: 25709, Epsilon: 0.0100, Buffer: 100000
Episode 402000/500000, Total Reward: 31652, Epsilon: 0.0100, Buffer: 100000
Episode 403000/500000, Total Reward: 31142, Epsilon: 0.0100, Buffer: 100000
Episode 404000/500000, Total Reward: 27907, Epsilon: 0.0100, Buffer: 100000
Episode 405000/500000, Total Reward: 29484, Epsilon: 0.0100, Buffer: 100000
Episode 406000/500000, Total Reward: 37462, Epsilon: 0.0100, Buffer: 100000
Episode 407000/500000, Total Reward: 33285, Epsilon: 0.0100, Buffer: 100000
Episode 408000/500000, Total Reward: 27449, Epsilon: 0.0100, Buffer: 100000
Episode 409000/500000, Total Reward: 28228, Epsilon: 0.0100, Buffer: 100000
Episode 410000/500000, Total Reward: 34974, Epsilon: 0.0100, Buffer: 100000
Episode 411000/500000, Total Reward: 28972, Epsilon: 0.0100, Buffer: 100000
Episode 412000/500000, Total Reward: 31606, Epsilon: 0.0100, Buffer: 100000
Episode 413000/500000, Total Reward: 29633, Epsilon: 0.0100, Buffer: 100000
Episode 414000/500000, Total Reward: 29128, Epsilon: 0.0100, Buffer: 100000
Episode 415000/500000, Total Reward: 29393, Epsilon: 0.0100, Buffer: 100000
Episode 416000/500000, Total Reward: 32124, Epsilon: 0.0100, Buffer: 100000
Episode 417000/500000, Total Reward: 37010, Epsilon: 0.0100, Buffer: 100000
Episode 418000/500000, Total Reward: 25802, Epsilon: 0.0100, Buffer: 100000
Episode 419000/500000, Total Reward: 24273, Epsilon: 0.0100, Buffer: 100000
Episode 420000/500000, Total Reward: 36407, Epsilon: 0.0100, Buffer: 100000
Episode 421000/500000, Total Reward: 28948, Epsilon: 0.0100, Buffer: 100000
Episode 422000/500000, Total Reward: 31156, Epsilon: 0.0100, Buffer: 100000
Episode 423000/500000, Total Reward: 22183, Epsilon: 0.0100, Buffer: 100000
Episode 424000/500000, Total Reward: 32481, Epsilon: 0.0100, Buffer: 100000
Episode 425000/500000, Total Reward: 40743, Epsilon: 0.0100, Buffer: 100000
Episode 426000/500000, Total Reward: 31937, Epsilon: 0.0100, Buffer: 100000
Episode 427000/500000, Total Reward: 31833, Epsilon: 0.0100, Buffer: 100000
Episode 428000/500000, Total Reward: 39476, Epsilon: 0.0100, Buffer: 100000
Episode 429000/500000, Total Reward: 28609, Epsilon: 0.0100, Buffer: 100000
Episode 430000/500000, Total Reward: 30487, Epsilon: 0.0100, Buffer: 100000
Episode 431000/500000, Total Reward: 32174, Epsilon: 0.0100, Buffer: 100000
Episode 432000/500000, Total Reward: 36785, Epsilon: 0.0100, Buffer: 100000
Episode 433000/500000, Total Reward: 17003, Epsilon: 0.0100, Buffer: 100000
Episode 434000/500000, Total Reward: 38827, Epsilon: 0.0100, Buffer: 100000
Episode 435000/500000, Total Reward: 28016, Epsilon: 0.0100, Buffer: 100000
Episode 436000/500000, Total Reward: 25952, Epsilon: 0.0100, Buffer: 100000
Episode 437000/500000, Total Reward: 30307, Epsilon: 0.0100, Buffer: 100000
Episode 438000/500000, Total Reward: 34142, Epsilon: 0.0100, Buffer: 100000
Episode 439000/500000, Total Reward: 24007, Epsilon: 0.0100, Buffer: 100000
Episode 440000/500000, Total Reward: 31093, Epsilon: 0.0100, Buffer: 100000
Episode 441000/500000, Total Reward: 31847, Epsilon: 0.0100, Buffer: 100000
Episode 442000/500000, Total Reward: 24957, Epsilon: 0.0100, Buffer: 100000
Episode 443000/500000, Total Reward: 31004, Epsilon: 0.0100, Buffer: 100000
Episode 444000/500000, Total Reward: 33807, Epsilon: 0.0100, Buffer: 100000
Episode 445000/500000, Total Reward: 33910, Epsilon: 0.0100, Buffer: 100000
Episode 446000/500000, Total Reward: 36946, Epsilon: 0.0100, Buffer: 100000
Episode 447000/500000, Total Reward: 30108, Epsilon: 0.0100, Buffer: 100000
Episode 448000/500000, Total Reward: 36297, Epsilon: 0.0100, Buffer: 100000
Episode 449000/500000, Total Reward: 33387, Epsilon: 0.0100, Buffer: 100000
Episode 450000/500000, Total Reward: 29348, Epsilon: 0.0100, Buffer: 100000
Episode 451000/500000, Total Reward: 30897, Epsilon: 0.0100, Buffer: 100000
Episode 452000/500000, Total Reward: 32853, Epsilon: 0.0100, Buffer: 100000
Episode 453000/500000, Total Reward: 27746, Epsilon: 0.0100, Buffer: 100000
Episode 454000/500000, Total Reward: 30713, Epsilon: 0.0100, Buffer: 100000
Episode 455000/500000, Total Reward: 40206, Epsilon: 0.0100, Buffer: 100000
Episode 456000/500000, Total Reward: 39149, Epsilon: 0.0100, Buffer: 100000
Episode 457000/500000, Total Reward: 25828, Epsilon: 0.0100, Buffer: 100000
Episode 458000/500000, Total Reward: 26151, Epsilon: 0.0100, Buffer: 100000
Episode 459000/500000, Total Reward: 31539, Epsilon: 0.0100, Buffer: 100000
Episode 460000/500000, Total Reward: 30163, Epsilon: 0.0100, Buffer: 100000
Episode 461000/500000, Total Reward: 26630, Epsilon: 0.0100, Buffer: 100000
Episode 462000/500000, Total Reward: 34216, Epsilon: 0.0100, Buffer: 100000
Episode 463000/500000, Total Reward: 38629, Epsilon: 0.0100, Buffer: 100000
Episode 464000/500000, Total Reward: 37244, Epsilon: 0.0100, Buffer: 100000
Episode 465000/500000, Total Reward: 19923, Epsilon: 0.0100, Buffer: 100000
Episode 466000/500000, Total Reward: 36429, Epsilon: 0.0100, Buffer: 100000
Episode 467000/500000, Total Reward: 29736, Epsilon: 0.0100, Buffer: 100000
Episode 468000/500000, Total Reward: 33234, Epsilon: 0.0100, Buffer: 100000
Episode 469000/500000, Total Reward: 33508, Epsilon: 0.0100, Buffer: 100000
Episode 470000/500000, Total Reward: 26024, Epsilon: 0.0100, Buffer: 100000
Episode 471000/500000, Total Reward: 36526, Epsilon: 0.0100, Buffer: 100000
Episode 472000/500000, Total Reward: 38010, Epsilon: 0.0100, Buffer: 100000
Episode 473000/500000, Total Reward: 28022, Epsilon: 0.0100, Buffer: 100000
Episode 474000/500000, Total Reward: 25796, Epsilon: 0.0100, Buffer: 100000
Episode 475000/500000, Total Reward: 28903, Epsilon: 0.0100, Buffer: 100000
Episode 476000/500000, Total Reward: 36846, Epsilon: 0.0100, Buffer: 100000
Episode 477000/500000, Total Reward: 29095, Epsilon: 0.0100, Buffer: 100000
Episode 478000/500000, Total Reward: 26906, Epsilon: 0.0100, Buffer: 100000
Episode 479000/500000, Total Reward: 37161, Epsilon: 0.0100, Buffer: 100000
Episode 480000/500000, Total Reward: 37114, Epsilon: 0.0100, Buffer: 100000
Episode 481000/500000, Total Reward: 40130, Epsilon: 0.0100, Buffer: 100000
Episode 482000/500000, Total Reward: 18635, Epsilon: 0.0100, Buffer: 100000
Episode 483000/500000, Total Reward: 37145, Epsilon: 0.0100, Buffer: 100000
Episode 484000/500000, Total Reward: 11, Epsilon: 0.0100, Buffer: 100000
Episode 485000/500000, Total Reward: 33729, Epsilon: 0.0100, Buffer: 100000
Episode 486000/500000, Total Reward: 36562, Epsilon: 0.0100, Buffer: 100000
Episode 487000/500000, Total Reward: 30682, Epsilon: 0.0100, Buffer: 100000
Episode 488000/500000, Total Reward: 30461, Epsilon: 0.0100, Buffer: 100000
Episode 489000/500000, Total Reward: 38184, Epsilon: 0.0100, Buffer: 100000
Episode 490000/500000, Total Reward: 20372, Epsilon: 0.0100, Buffer: 100000
Episode 491000/500000, Total Reward: 32687, Epsilon: 0.0100, Buffer: 100000
Episode 492000/500000, Total Reward: 17062, Epsilon: 0.0100, Buffer: 100000
Episode 493000/500000, Total Reward: 34708, Epsilon: 0.0100, Buffer: 100000
Episode 494000/500000, Total Reward: 30339, Epsilon: 0.0100, Buffer: 100000
Episode 495000/500000, Total Reward: 37570, Epsilon: 0.0100, Buffer: 100000
Episode 496000/500000, Total Reward: 32496, Epsilon: 0.0100, Buffer: 100000
Episode 497000/500000, Total Reward: 20797, Epsilon: 0.0100, Buffer: 100000
Episode 498000/500000, Total Reward: 30181, Epsilon: 0.0100, Buffer: 100000
Episode 499000/500000, Total Reward: 29507, Epsilon: 0.0100, Buffer: 100000
Episode 500000/500000, Total Reward: 38514, Epsilon: 0.0100, Buffer: 100000
Extracting Q-table from DQN for compatibility...
Saved DQN model to outputs/DQN_2025_500k_parity12forcecull_run1_model.pth
Saved Q-table (for compatibility) to outputs/DQN_2025_500k_parity12forcecull_run1.pkl

Learned DQN Q-table (sample):
State: (0, 0, 9, 0)
  Action: keep, Q-value: 4065.06
  Action: replace, Q-value: 2999.88
State: (1, 1, 0, 0)
  Action: keep, Q-value: 3578.36
  Action: replace, Q-value: 3004.77
State: (1, 1, 0, 1)
  Action: keep, Q-value: 3231.32
  Action: replace, Q-value: 3062.85
State: (1, 2, 0, 0)
  Action: keep, Q-value: 3609.48
  Action: replace, Q-value: 2977.04
State: (1, 2, 0, 1)
  Action: keep, Q-value: 3100.33
  Action: replace, Q-value: 2769.31
State: (1, 3, 0, 0)
  Action: keep, Q-value: 3571.88
  Action: replace, Q-value: 3003.69
State: (1, 3, 0, 1)
  Action: keep, Q-value: 3036.41
  Action: replace, Q-value: 2815.10
State: (1, 4, 0, 0)
  Action: keep, Q-value: 3492.67
  Action: replace, Q-value: 3030.87
State: (1, 4, 0, 1)
  Action: keep, Q-value: 2961.86
  Action: replace, Q-value: 2862.86
State: (1, 4, 1, 0)
  Action: keep, Q-value: 3687.72
  Action: replace, Q-value: 3002.44
Total states: 3289

Time taken for training: 53037.14 seconds
Average reward (last 1000 episodes): 31465.06
--- Run ended 2026-02-09 08:40:28 ---
