
--- Run started 2026-01-29 16:04:17 ---

======================================================================
CREATING NEW MODEL
======================================================================

Starting fresh with epsilon: 1.0000
======================================================================

Starting DQN training for 50000 episodes...
Episode 1000/50000, Total Reward: 30992, Epsilon: 0.0100, Buffer: 100000
Episode 2000/50000, Total Reward: 32713, Epsilon: 0.0100, Buffer: 100000
Episode 3000/50000, Total Reward: 33985, Epsilon: 0.0100, Buffer: 100000
Episode 4000/50000, Total Reward: -93, Epsilon: 0.0100, Buffer: 100000
Episode 5000/50000, Total Reward: 28708, Epsilon: 0.0100, Buffer: 100000
Episode 6000/50000, Total Reward: 35846, Epsilon: 0.0100, Buffer: 100000
Episode 7000/50000, Total Reward: 28720, Epsilon: 0.0100, Buffer: 100000
Episode 8000/50000, Total Reward: 32960, Epsilon: 0.0100, Buffer: 100000
Episode 9000/50000, Total Reward: 32391, Epsilon: 0.0100, Buffer: 100000
Episode 10000/50000, Total Reward: 27304, Epsilon: 0.0100, Buffer: 100000
Episode 11000/50000, Total Reward: 26703, Epsilon: 0.0100, Buffer: 100000
Episode 12000/50000, Total Reward: 27434, Epsilon: 0.0100, Buffer: 100000
Episode 13000/50000, Total Reward: 36165, Epsilon: 0.0100, Buffer: 100000
Episode 14000/50000, Total Reward: 30035, Epsilon: 0.0100, Buffer: 100000
Episode 15000/50000, Total Reward: 31758, Epsilon: 0.0100, Buffer: 100000
Episode 16000/50000, Total Reward: 32838, Epsilon: 0.0100, Buffer: 100000
Episode 17000/50000, Total Reward: 22272, Epsilon: 0.0100, Buffer: 100000
Episode 18000/50000, Total Reward: 35120, Epsilon: 0.0100, Buffer: 100000
Episode 19000/50000, Total Reward: 27795, Epsilon: 0.0100, Buffer: 100000
Episode 20000/50000, Total Reward: 38014, Epsilon: 0.0100, Buffer: 100000
Episode 21000/50000, Total Reward: 21943, Epsilon: 0.0100, Buffer: 100000
Episode 22000/50000, Total Reward: 34924, Epsilon: 0.0100, Buffer: 100000
Episode 23000/50000, Total Reward: 41393, Epsilon: 0.0100, Buffer: 100000
Episode 24000/50000, Total Reward: 30470, Epsilon: 0.0100, Buffer: 100000
Episode 25000/50000, Total Reward: 41590, Epsilon: 0.0100, Buffer: 100000
Episode 26000/50000, Total Reward: 18151, Epsilon: 0.0100, Buffer: 100000
Episode 27000/50000, Total Reward: 27949, Epsilon: 0.0100, Buffer: 100000
Episode 28000/50000, Total Reward: 36688, Epsilon: 0.0100, Buffer: 100000
Episode 29000/50000, Total Reward: 35762, Epsilon: 0.0100, Buffer: 100000
Episode 30000/50000, Total Reward: 29464, Epsilon: 0.0100, Buffer: 100000
Episode 31000/50000, Total Reward: 36521, Epsilon: 0.0100, Buffer: 100000
Episode 32000/50000, Total Reward: 25431, Epsilon: 0.0100, Buffer: 100000
Episode 33000/50000, Total Reward: 35686, Epsilon: 0.0100, Buffer: 100000
Episode 34000/50000, Total Reward: 32090, Epsilon: 0.0100, Buffer: 100000
Episode 35000/50000, Total Reward: 30482, Epsilon: 0.0100, Buffer: 100000
Episode 36000/50000, Total Reward: 35267, Epsilon: 0.0100, Buffer: 100000
Episode 37000/50000, Total Reward: 32925, Epsilon: 0.0100, Buffer: 100000
Episode 38000/50000, Total Reward: 18202, Epsilon: 0.0100, Buffer: 100000
Episode 39000/50000, Total Reward: 34451, Epsilon: 0.0100, Buffer: 100000
Episode 40000/50000, Total Reward: 33406, Epsilon: 0.0100, Buffer: 100000
Episode 41000/50000, Total Reward: 31368, Epsilon: 0.0100, Buffer: 100000
Episode 42000/50000, Total Reward: 27411, Epsilon: 0.0100, Buffer: 100000
Episode 43000/50000, Total Reward: 28082, Epsilon: 0.0100, Buffer: 100000
Episode 44000/50000, Total Reward: 25414, Epsilon: 0.0100, Buffer: 100000
Episode 45000/50000, Total Reward: 33270, Epsilon: 0.0100, Buffer: 100000
Episode 46000/50000, Total Reward: 31426, Epsilon: 0.0100, Buffer: 100000
Episode 47000/50000, Total Reward: 37742, Epsilon: 0.0100, Buffer: 100000
Episode 48000/50000, Total Reward: 34301, Epsilon: 0.0100, Buffer: 100000
Episode 49000/50000, Total Reward: 28254, Epsilon: 0.0100, Buffer: 100000
Episode 50000/50000, Total Reward: 33840, Epsilon: 0.0100, Buffer: 100000
Extracting Q-table from DQN for compatibility...
Saved DQN model to outputs/DQN_BL_50t_model.pth
Saved Q-table (for compatibility) to outputs/DQN_BL_50t.pkl

Learned DQN Q-table (sample):
State: (0, 0, 9, 0)
  Action: keep, Q-value: 4017.51
  Action: replace, Q-value: 2927.99
State: (1, 1, 0, 0)
  Action: keep, Q-value: 3523.54
  Action: replace, Q-value: 2892.22
State: (1, 1, 0, 1)
  Action: keep, Q-value: 3078.22
  Action: replace, Q-value: 2836.63
State: (1, 2, 0, 0)
  Action: keep, Q-value: 3572.28
  Action: replace, Q-value: 2931.17
State: (1, 2, 0, 1)
  Action: keep, Q-value: 3070.79
  Action: replace, Q-value: 2806.50
State: (1, 3, 0, 0)
  Action: keep, Q-value: 3544.68
  Action: replace, Q-value: 2911.93
State: (1, 3, 0, 1)
  Action: keep, Q-value: 3047.23
  Action: replace, Q-value: 2796.48
State: (1, 4, 0, 0)
  Action: keep, Q-value: 3468.85
  Action: replace, Q-value: 2917.77
State: (1, 4, 0, 1)
  Action: keep, Q-value: 2970.64
  Action: replace, Q-value: 2807.60
State: (1, 4, 1, 0)
  Action: keep, Q-value: 3645.29
  Action: replace, Q-value: 2971.95
Total states: 3289

Time taken for training: 7929.25 seconds
Average reward (last 1000 episodes): 31612.92
--- Run ended 2026-01-29 18:16:28 ---
