
--- Run started 2026-02-04 17:51:48 ---

======================================================================
CREATING NEW MODEL
======================================================================

Starting fresh with epsilon: 1.0000
======================================================================

Starting DQN training for 500000 episodes...
Episode 1000/500000, Total Reward: 52605, Epsilon: 0.0100, Buffer: 100000
Episode 2000/500000, Total Reward: 54467, Epsilon: 0.0100, Buffer: 100000
Episode 3000/500000, Total Reward: 48940, Epsilon: 0.0100, Buffer: 100000
Episode 4000/500000, Total Reward: 47896, Epsilon: 0.0100, Buffer: 100000
Episode 5000/500000, Total Reward: 57932, Epsilon: 0.0100, Buffer: 100000
Episode 6000/500000, Total Reward: 48585, Epsilon: 0.0100, Buffer: 100000
Episode 7000/500000, Total Reward: 40676, Epsilon: 0.0100, Buffer: 100000
Episode 8000/500000, Total Reward: 40692, Epsilon: 0.0100, Buffer: 100000
Episode 9000/500000, Total Reward: 42924, Epsilon: 0.0100, Buffer: 100000
Episode 10000/500000, Total Reward: 49018, Epsilon: 0.0100, Buffer: 100000
Episode 11000/500000, Total Reward: 40695, Epsilon: 0.0100, Buffer: 100000
Episode 12000/500000, Total Reward: 44748, Epsilon: 0.0100, Buffer: 100000
Episode 13000/500000, Total Reward: 42895, Epsilon: 0.0100, Buffer: 100000
Episode 14000/500000, Total Reward: 41992, Epsilon: 0.0100, Buffer: 100000
Episode 15000/500000, Total Reward: 42324, Epsilon: 0.0100, Buffer: 100000
Episode 16000/500000, Total Reward: 44016, Epsilon: 0.0100, Buffer: 100000
Episode 17000/500000, Total Reward: 51831, Epsilon: 0.0100, Buffer: 100000
Episode 18000/500000, Total Reward: 46529, Epsilon: 0.0100, Buffer: 100000
Episode 19000/500000, Total Reward: 47684, Epsilon: 0.0100, Buffer: 100000
Episode 20000/500000, Total Reward: 39379, Epsilon: 0.0100, Buffer: 100000
Episode 21000/500000, Total Reward: 49695, Epsilon: 0.0100, Buffer: 100000
Episode 22000/500000, Total Reward: 37837, Epsilon: 0.0100, Buffer: 100000
Episode 23000/500000, Total Reward: 54496, Epsilon: 0.0100, Buffer: 100000
Episode 24000/500000, Total Reward: 43935, Epsilon: 0.0100, Buffer: 100000
Episode 25000/500000, Total Reward: 54131, Epsilon: 0.0100, Buffer: 100000
Episode 26000/500000, Total Reward: 49160, Epsilon: 0.0100, Buffer: 100000
Episode 27000/500000, Total Reward: 37131, Epsilon: 0.0100, Buffer: 100000
Episode 28000/500000, Total Reward: 50582, Epsilon: 0.0100, Buffer: 100000
Episode 29000/500000, Total Reward: 58131, Epsilon: 0.0100, Buffer: 100000
Episode 30000/500000, Total Reward: 53465, Epsilon: 0.0100, Buffer: 100000
Episode 31000/500000, Total Reward: 45391, Epsilon: 0.0100, Buffer: 100000
Episode 32000/500000, Total Reward: 42543, Epsilon: 0.0100, Buffer: 100000
Episode 33000/500000, Total Reward: 38963, Epsilon: 0.0100, Buffer: 100000
Episode 34000/500000, Total Reward: 36902, Epsilon: 0.0100, Buffer: 100000
Episode 35000/500000, Total Reward: 52773, Epsilon: 0.0100, Buffer: 100000
Episode 36000/500000, Total Reward: 42703, Epsilon: 0.0100, Buffer: 100000
Episode 37000/500000, Total Reward: 46677, Epsilon: 0.0100, Buffer: 100000
Episode 38000/500000, Total Reward: 41077, Epsilon: 0.0100, Buffer: 100000
Episode 39000/500000, Total Reward: 37749, Epsilon: 0.0100, Buffer: 100000
Episode 40000/500000, Total Reward: 42110, Epsilon: 0.0100, Buffer: 100000
Episode 41000/500000, Total Reward: 65552, Epsilon: 0.0100, Buffer: 100000
Episode 42000/500000, Total Reward: 25836, Epsilon: 0.0100, Buffer: 100000
Episode 43000/500000, Total Reward: 47867, Epsilon: 0.0100, Buffer: 100000
Episode 44000/500000, Total Reward: 44924, Epsilon: 0.0100, Buffer: 100000
Episode 45000/500000, Total Reward: 45720, Epsilon: 0.0100, Buffer: 100000
Episode 46000/500000, Total Reward: 60953, Epsilon: 0.0100, Buffer: 100000
Episode 47000/500000, Total Reward: 42438, Epsilon: 0.0100, Buffer: 100000
Episode 48000/500000, Total Reward: 41386, Epsilon: 0.0100, Buffer: 100000
Episode 49000/500000, Total Reward: 56327, Epsilon: 0.0100, Buffer: 100000
Episode 50000/500000, Total Reward: 42632, Epsilon: 0.0100, Buffer: 100000
Episode 51000/500000, Total Reward: 42603, Epsilon: 0.0100, Buffer: 100000
Episode 52000/500000, Total Reward: 51879, Epsilon: 0.0100, Buffer: 100000
Episode 53000/500000, Total Reward: 50324, Epsilon: 0.0100, Buffer: 100000
Episode 54000/500000, Total Reward: 32223, Epsilon: 0.0100, Buffer: 100000
Episode 55000/500000, Total Reward: 46424, Epsilon: 0.0100, Buffer: 100000
Episode 56000/500000, Total Reward: 38771, Epsilon: 0.0100, Buffer: 100000
Episode 57000/500000, Total Reward: 37007, Epsilon: 0.0100, Buffer: 100000
Episode 58000/500000, Total Reward: 45432, Epsilon: 0.0100, Buffer: 100000
Episode 59000/500000, Total Reward: 47856, Epsilon: 0.0100, Buffer: 100000
Episode 60000/500000, Total Reward: 43701, Epsilon: 0.0100, Buffer: 100000
Episode 61000/500000, Total Reward: 42700, Epsilon: 0.0100, Buffer: 100000
Episode 62000/500000, Total Reward: 60169, Epsilon: 0.0100, Buffer: 100000
Episode 63000/500000, Total Reward: 52547, Epsilon: 0.0100, Buffer: 100000
Episode 64000/500000, Total Reward: 58155, Epsilon: 0.0100, Buffer: 100000
Episode 65000/500000, Total Reward: 53497, Epsilon: 0.0100, Buffer: 100000
Episode 66000/500000, Total Reward: 36634, Epsilon: 0.0100, Buffer: 100000
Episode 67000/500000, Total Reward: 56842, Epsilon: 0.0100, Buffer: 100000
Episode 68000/500000, Total Reward: 22210, Epsilon: 0.0100, Buffer: 100000
Episode 69000/500000, Total Reward: 42054, Epsilon: 0.0100, Buffer: 100000
Episode 70000/500000, Total Reward: 45916, Epsilon: 0.0100, Buffer: 100000
Episode 71000/500000, Total Reward: 50446, Epsilon: 0.0100, Buffer: 100000
Episode 72000/500000, Total Reward: 47978, Epsilon: 0.0100, Buffer: 100000
Episode 73000/500000, Total Reward: 41810, Epsilon: 0.0100, Buffer: 100000
Episode 74000/500000, Total Reward: 53647, Epsilon: 0.0100, Buffer: 100000
Episode 75000/500000, Total Reward: 57472, Epsilon: 0.0100, Buffer: 100000
Episode 76000/500000, Total Reward: 56664, Epsilon: 0.0100, Buffer: 100000
Episode 77000/500000, Total Reward: 50160, Epsilon: 0.0100, Buffer: 100000
Episode 78000/500000, Total Reward: 44107, Epsilon: 0.0100, Buffer: 100000
Episode 79000/500000, Total Reward: 57001, Epsilon: 0.0100, Buffer: 100000
Episode 80000/500000, Total Reward: 47732, Epsilon: 0.0100, Buffer: 100000
Episode 81000/500000, Total Reward: 51363, Epsilon: 0.0100, Buffer: 100000
Episode 82000/500000, Total Reward: 40111, Epsilon: 0.0100, Buffer: 100000
Episode 83000/500000, Total Reward: 51438, Epsilon: 0.0100, Buffer: 100000
Episode 84000/500000, Total Reward: 35866, Epsilon: 0.0100, Buffer: 100000
Episode 85000/500000, Total Reward: 47919, Epsilon: 0.0100, Buffer: 100000
Episode 86000/500000, Total Reward: 57804, Epsilon: 0.0100, Buffer: 100000
Episode 87000/500000, Total Reward: 47326, Epsilon: 0.0100, Buffer: 100000
Episode 88000/500000, Total Reward: 55233, Epsilon: 0.0100, Buffer: 100000
Episode 89000/500000, Total Reward: 22042, Epsilon: 0.0100, Buffer: 100000
Episode 90000/500000, Total Reward: 40595, Epsilon: 0.0100, Buffer: 100000
Episode 91000/500000, Total Reward: 46185, Epsilon: 0.0100, Buffer: 100000
Episode 92000/500000, Total Reward: 40167, Epsilon: 0.0100, Buffer: 100000
Episode 93000/500000, Total Reward: 49570, Epsilon: 0.0100, Buffer: 100000
Episode 94000/500000, Total Reward: -78, Epsilon: 0.0100, Buffer: 100000
Episode 95000/500000, Total Reward: 41757, Epsilon: 0.0100, Buffer: 100000
Episode 96000/500000, Total Reward: 41790, Epsilon: 0.0100, Buffer: 100000
Episode 97000/500000, Total Reward: 52152, Epsilon: 0.0100, Buffer: 100000
Episode 98000/500000, Total Reward: 48985, Epsilon: 0.0100, Buffer: 100000
Episode 99000/500000, Total Reward: 45092, Epsilon: 0.0100, Buffer: 100000
Episode 100000/500000, Total Reward: 37478, Epsilon: 0.0100, Buffer: 100000
Episode 101000/500000, Total Reward: 34157, Epsilon: 0.0100, Buffer: 100000
Episode 102000/500000, Total Reward: 43102, Epsilon: 0.0100, Buffer: 100000
Episode 103000/500000, Total Reward: 48549, Epsilon: 0.0100, Buffer: 100000
Episode 104000/500000, Total Reward: 56824, Epsilon: 0.0100, Buffer: 100000
Episode 105000/500000, Total Reward: 56241, Epsilon: 0.0100, Buffer: 100000
Episode 106000/500000, Total Reward: 39801, Epsilon: 0.0100, Buffer: 100000
Episode 107000/500000, Total Reward: 34599, Epsilon: 0.0100, Buffer: 100000
Episode 108000/500000, Total Reward: 54003, Epsilon: 0.0100, Buffer: 100000
Episode 109000/500000, Total Reward: 38412, Epsilon: 0.0100, Buffer: 100000
Episode 110000/500000, Total Reward: 40234, Epsilon: 0.0100, Buffer: 100000
Episode 111000/500000, Total Reward: 43416, Epsilon: 0.0100, Buffer: 100000
Episode 112000/500000, Total Reward: 42021, Epsilon: 0.0100, Buffer: 100000
Episode 113000/500000, Total Reward: 53324, Epsilon: 0.0100, Buffer: 100000
Episode 114000/500000, Total Reward: 48144, Epsilon: 0.0100, Buffer: 100000
Episode 115000/500000, Total Reward: 41451, Epsilon: 0.0100, Buffer: 100000
Episode 116000/500000, Total Reward: -135, Epsilon: 0.0100, Buffer: 100000
Episode 117000/500000, Total Reward: 51656, Epsilon: 0.0100, Buffer: 100000
Episode 118000/500000, Total Reward: 51039, Epsilon: 0.0100, Buffer: 100000
Episode 119000/500000, Total Reward: 57779, Epsilon: 0.0100, Buffer: 100000
Episode 120000/500000, Total Reward: 39918, Epsilon: 0.0100, Buffer: 100000
Episode 121000/500000, Total Reward: 40491, Epsilon: 0.0100, Buffer: 100000
Episode 122000/500000, Total Reward: 47300, Epsilon: 0.0100, Buffer: 100000
Episode 123000/500000, Total Reward: 39894, Epsilon: 0.0100, Buffer: 100000
Episode 124000/500000, Total Reward: 44537, Epsilon: 0.0100, Buffer: 100000
Episode 125000/500000, Total Reward: 36510, Epsilon: 0.0100, Buffer: 100000
Episode 126000/500000, Total Reward: 48979, Epsilon: 0.0100, Buffer: 100000
Episode 127000/500000, Total Reward: 38097, Epsilon: 0.0100, Buffer: 100000
Episode 128000/500000, Total Reward: 46569, Epsilon: 0.0100, Buffer: 100000
Episode 129000/500000, Total Reward: 45343, Epsilon: 0.0100, Buffer: 100000
Episode 130000/500000, Total Reward: 52800, Epsilon: 0.0100, Buffer: 100000
Episode 131000/500000, Total Reward: 47618, Epsilon: 0.0100, Buffer: 100000
Episode 132000/500000, Total Reward: 31272, Epsilon: 0.0100, Buffer: 100000
Episode 133000/500000, Total Reward: 48832, Epsilon: 0.0100, Buffer: 100000
Episode 134000/500000, Total Reward: 38571, Epsilon: 0.0100, Buffer: 100000
Episode 135000/500000, Total Reward: 64058, Epsilon: 0.0100, Buffer: 100000
Episode 136000/500000, Total Reward: 49401, Epsilon: 0.0100, Buffer: 100000
Episode 137000/500000, Total Reward: 42475, Epsilon: 0.0100, Buffer: 100000
Episode 138000/500000, Total Reward: 44513, Epsilon: 0.0100, Buffer: 100000
Episode 139000/500000, Total Reward: 37719, Epsilon: 0.0100, Buffer: 100000
Episode 140000/500000, Total Reward: 44847, Epsilon: 0.0100, Buffer: 100000
Episode 141000/500000, Total Reward: 37885, Epsilon: 0.0100, Buffer: 100000
Episode 142000/500000, Total Reward: 34294, Epsilon: 0.0100, Buffer: 100000
Episode 143000/500000, Total Reward: 42908, Epsilon: 0.0100, Buffer: 100000
Episode 144000/500000, Total Reward: 53464, Epsilon: 0.0100, Buffer: 100000
Episode 145000/500000, Total Reward: 44212, Epsilon: 0.0100, Buffer: 100000
Episode 146000/500000, Total Reward: 47354, Epsilon: 0.0100, Buffer: 100000
Episode 147000/500000, Total Reward: 38955, Epsilon: 0.0100, Buffer: 100000
Episode 148000/500000, Total Reward: 50151, Epsilon: 0.0100, Buffer: 100000
Episode 149000/500000, Total Reward: 57414, Epsilon: 0.0100, Buffer: 100000
Episode 150000/500000, Total Reward: 23222, Epsilon: 0.0100, Buffer: 100000
Episode 151000/500000, Total Reward: 44155, Epsilon: 0.0100, Buffer: 100000
Episode 152000/500000, Total Reward: 43677, Epsilon: 0.0100, Buffer: 100000
Episode 153000/500000, Total Reward: 61882, Epsilon: 0.0100, Buffer: 100000
Episode 154000/500000, Total Reward: 44974, Epsilon: 0.0100, Buffer: 100000
Episode 155000/500000, Total Reward: 55432, Epsilon: 0.0100, Buffer: 100000
Episode 156000/500000, Total Reward: 62113, Epsilon: 0.0100, Buffer: 100000
Episode 157000/500000, Total Reward: 48062, Epsilon: 0.0100, Buffer: 100000
Episode 158000/500000, Total Reward: 59945, Epsilon: 0.0100, Buffer: 100000
Episode 159000/500000, Total Reward: 52864, Epsilon: 0.0100, Buffer: 100000
Episode 160000/500000, Total Reward: 52523, Epsilon: 0.0100, Buffer: 100000
Episode 161000/500000, Total Reward: 44896, Epsilon: 0.0100, Buffer: 100000
Episode 162000/500000, Total Reward: 53012, Epsilon: 0.0100, Buffer: 100000
Episode 163000/500000, Total Reward: 37269, Epsilon: 0.0100, Buffer: 100000
Episode 164000/500000, Total Reward: 42366, Epsilon: 0.0100, Buffer: 100000
Episode 165000/500000, Total Reward: 41342, Epsilon: 0.0100, Buffer: 100000
Episode 166000/500000, Total Reward: 49237, Epsilon: 0.0100, Buffer: 100000
Episode 167000/500000, Total Reward: 38142, Epsilon: 0.0100, Buffer: 100000
Episode 168000/500000, Total Reward: 40418, Epsilon: 0.0100, Buffer: 100000
Episode 169000/500000, Total Reward: 52237, Epsilon: 0.0100, Buffer: 100000
Episode 170000/500000, Total Reward: 35905, Epsilon: 0.0100, Buffer: 100000
Episode 171000/500000, Total Reward: 47384, Epsilon: 0.0100, Buffer: 100000
Episode 172000/500000, Total Reward: 58135, Epsilon: 0.0100, Buffer: 100000
Episode 173000/500000, Total Reward: 39243, Epsilon: 0.0100, Buffer: 100000
Episode 174000/500000, Total Reward: 53518, Epsilon: 0.0100, Buffer: 100000
Episode 175000/500000, Total Reward: 43312, Epsilon: 0.0100, Buffer: 100000
Episode 176000/500000, Total Reward: 34096, Epsilon: 0.0100, Buffer: 100000
Episode 177000/500000, Total Reward: 43550, Epsilon: 0.0100, Buffer: 100000
Episode 178000/500000, Total Reward: 46925, Epsilon: 0.0100, Buffer: 100000
Episode 179000/500000, Total Reward: 36393, Epsilon: 0.0100, Buffer: 100000
Episode 180000/500000, Total Reward: 61185, Epsilon: 0.0100, Buffer: 100000
Episode 181000/500000, Total Reward: 50835, Epsilon: 0.0100, Buffer: 100000
Episode 182000/500000, Total Reward: 37282, Epsilon: 0.0100, Buffer: 100000
Episode 183000/500000, Total Reward: 31482, Epsilon: 0.0100, Buffer: 100000
Episode 184000/500000, Total Reward: 47716, Epsilon: 0.0100, Buffer: 100000
Episode 185000/500000, Total Reward: 50654, Epsilon: 0.0100, Buffer: 100000
Episode 186000/500000, Total Reward: 35877, Epsilon: 0.0100, Buffer: 100000
Episode 187000/500000, Total Reward: 41875, Epsilon: 0.0100, Buffer: 100000
Episode 188000/500000, Total Reward: 56672, Epsilon: 0.0100, Buffer: 100000
Episode 189000/500000, Total Reward: 52658, Epsilon: 0.0100, Buffer: 100000
Episode 190000/500000, Total Reward: 45669, Epsilon: 0.0100, Buffer: 100000
Episode 191000/500000, Total Reward: 48148, Epsilon: 0.0100, Buffer: 100000
Episode 192000/500000, Total Reward: 42708, Epsilon: 0.0100, Buffer: 100000
Episode 193000/500000, Total Reward: 35201, Epsilon: 0.0100, Buffer: 100000
Episode 194000/500000, Total Reward: 57564, Epsilon: 0.0100, Buffer: 100000
Episode 195000/500000, Total Reward: 42507, Epsilon: 0.0100, Buffer: 100000
Episode 196000/500000, Total Reward: 52779, Epsilon: 0.0100, Buffer: 100000
Episode 197000/500000, Total Reward: 42153, Epsilon: 0.0100, Buffer: 100000
Episode 198000/500000, Total Reward: 49088, Epsilon: 0.0100, Buffer: 100000
Episode 199000/500000, Total Reward: 45734, Epsilon: 0.0100, Buffer: 100000
Episode 200000/500000, Total Reward: 39647, Epsilon: 0.0100, Buffer: 100000
Episode 201000/500000, Total Reward: 52486, Epsilon: 0.0100, Buffer: 100000
Episode 202000/500000, Total Reward: 53980, Epsilon: 0.0100, Buffer: 100000
Episode 203000/500000, Total Reward: 52640, Epsilon: 0.0100, Buffer: 100000
Episode 204000/500000, Total Reward: 48334, Epsilon: 0.0100, Buffer: 100000
Episode 205000/500000, Total Reward: 46541, Epsilon: 0.0100, Buffer: 100000
Episode 206000/500000, Total Reward: 50325, Epsilon: 0.0100, Buffer: 100000
Episode 207000/500000, Total Reward: 53020, Epsilon: 0.0100, Buffer: 100000
Episode 208000/500000, Total Reward: 49214, Epsilon: 0.0100, Buffer: 100000
Episode 209000/500000, Total Reward: 47381, Epsilon: 0.0100, Buffer: 100000
Episode 210000/500000, Total Reward: 54648, Epsilon: 0.0100, Buffer: 100000
Episode 211000/500000, Total Reward: 48589, Epsilon: 0.0100, Buffer: 100000
Episode 212000/500000, Total Reward: 29898, Epsilon: 0.0100, Buffer: 100000
Episode 213000/500000, Total Reward: 35076, Epsilon: 0.0100, Buffer: 100000
Episode 214000/500000, Total Reward: 57066, Epsilon: 0.0100, Buffer: 100000