
--- Run started 2026-02-06 01:58:13 ---

======================================================================
CREATING NEW MODEL
======================================================================

Starting fresh with epsilon: 1.0000
======================================================================

Starting DQN training for 500000 episodes...
Episode 1000/500000, Total Reward: 42259, Epsilon: 0.0100, Buffer: 100000
Episode 2000/500000, Total Reward: 42643, Epsilon: 0.0100, Buffer: 100000
Episode 3000/500000, Total Reward: 34333, Epsilon: 0.0100, Buffer: 100000
Episode 4000/500000, Total Reward: 45650, Epsilon: 0.0100, Buffer: 100000
Episode 5000/500000, Total Reward: 42166, Epsilon: 0.0100, Buffer: 100000
Episode 6000/500000, Total Reward: 43432, Epsilon: 0.0100, Buffer: 100000
Episode 7000/500000, Total Reward: 39532, Epsilon: 0.0100, Buffer: 100000
Episode 8000/500000, Total Reward: 43319, Epsilon: 0.0100, Buffer: 100000
Episode 9000/500000, Total Reward: 42303, Epsilon: 0.0100, Buffer: 100000
Episode 10000/500000, Total Reward: 20944, Epsilon: 0.0100, Buffer: 100000
Episode 11000/500000, Total Reward: 38913, Epsilon: 0.0100, Buffer: 100000
Episode 12000/500000, Total Reward: 47533, Epsilon: 0.0100, Buffer: 100000
Episode 13000/500000, Total Reward: 43120, Epsilon: 0.0100, Buffer: 100000
Episode 14000/500000, Total Reward: 44356, Epsilon: 0.0100, Buffer: 100000
Episode 15000/500000, Total Reward: 47732, Epsilon: 0.0100, Buffer: 100000
Episode 16000/500000, Total Reward: 36363, Epsilon: 0.0100, Buffer: 100000
Episode 17000/500000, Total Reward: 43347, Epsilon: 0.0100, Buffer: 100000
Episode 18000/500000, Total Reward: 39568, Epsilon: 0.0100, Buffer: 100000
Episode 19000/500000, Total Reward: 42082, Epsilon: 0.0100, Buffer: 100000
Episode 20000/500000, Total Reward: 34740, Epsilon: 0.0100, Buffer: 100000
Episode 21000/500000, Total Reward: 43168, Epsilon: 0.0100, Buffer: 100000
Episode 22000/500000, Total Reward: 50008, Epsilon: 0.0100, Buffer: 100000
Episode 23000/500000, Total Reward: 46168, Epsilon: 0.0100, Buffer: 100000
Episode 24000/500000, Total Reward: 38276, Epsilon: 0.0100, Buffer: 100000
Episode 25000/500000, Total Reward: 45809, Epsilon: 0.0100, Buffer: 100000
Episode 26000/500000, Total Reward: 46363, Epsilon: 0.0100, Buffer: 100000
Episode 27000/500000, Total Reward: 45083, Epsilon: 0.0100, Buffer: 100000
Episode 28000/500000, Total Reward: 47895, Epsilon: 0.0100, Buffer: 100000
Episode 29000/500000, Total Reward: 38772, Epsilon: 0.0100, Buffer: 100000
Episode 30000/500000, Total Reward: 46381, Epsilon: 0.0100, Buffer: 100000
Episode 31000/500000, Total Reward: 48172, Epsilon: 0.0100, Buffer: 100000
Episode 32000/500000, Total Reward: 45747, Epsilon: 0.0100, Buffer: 100000
Episode 33000/500000, Total Reward: 44346, Epsilon: 0.0100, Buffer: 100000
Episode 34000/500000, Total Reward: 45078, Epsilon: 0.0100, Buffer: 100000
Episode 35000/500000, Total Reward: 44889, Epsilon: 0.0100, Buffer: 100000
Episode 36000/500000, Total Reward: 40210, Epsilon: 0.0100, Buffer: 100000
Episode 37000/500000, Total Reward: 40187, Epsilon: 0.0100, Buffer: 100000
Episode 38000/500000, Total Reward: 47188, Epsilon: 0.0100, Buffer: 100000
Episode 39000/500000, Total Reward: 36439, Epsilon: 0.0100, Buffer: 100000
Episode 40000/500000, Total Reward: 42476, Epsilon: 0.0100, Buffer: 100000
Episode 41000/500000, Total Reward: 36478, Epsilon: 0.0100, Buffer: 100000
Episode 42000/500000, Total Reward: 51234, Epsilon: 0.0100, Buffer: 100000
Episode 43000/500000, Total Reward: 44323, Epsilon: 0.0100, Buffer: 100000
Episode 44000/500000, Total Reward: 47005, Epsilon: 0.0100, Buffer: 100000
Episode 45000/500000, Total Reward: 42608, Epsilon: 0.0100, Buffer: 100000
Episode 46000/500000, Total Reward: 49201, Epsilon: 0.0100, Buffer: 100000
Episode 47000/500000, Total Reward: 42581, Epsilon: 0.0100, Buffer: 100000
Episode 48000/500000, Total Reward: 38885, Epsilon: 0.0100, Buffer: 100000
Episode 49000/500000, Total Reward: 47103, Epsilon: 0.0100, Buffer: 100000
Episode 50000/500000, Total Reward: 41084, Epsilon: 0.0100, Buffer: 100000
Episode 51000/500000, Total Reward: 44646, Epsilon: 0.0100, Buffer: 100000
Episode 52000/500000, Total Reward: 43215, Epsilon: 0.0100, Buffer: 100000
Episode 53000/500000, Total Reward: 48585, Epsilon: 0.0100, Buffer: 100000
Episode 54000/500000, Total Reward: 48340, Epsilon: 0.0100, Buffer: 100000
Episode 55000/500000, Total Reward: 45610, Epsilon: 0.0100, Buffer: 100000
Episode 56000/500000, Total Reward: 48546, Epsilon: 0.0100, Buffer: 100000
Episode 57000/500000, Total Reward: 44819, Epsilon: 0.0100, Buffer: 100000
Episode 58000/500000, Total Reward: 46158, Epsilon: 0.0100, Buffer: 100000
Episode 59000/500000, Total Reward: 48767, Epsilon: 0.0100, Buffer: 100000
Episode 60000/500000, Total Reward: 45353, Epsilon: 0.0100, Buffer: 100000
Episode 61000/500000, Total Reward: 44614, Epsilon: 0.0100, Buffer: 100000
Episode 62000/500000, Total Reward: 43609, Epsilon: 0.0100, Buffer: 100000
Episode 63000/500000, Total Reward: 41109, Epsilon: 0.0100, Buffer: 100000
Episode 64000/500000, Total Reward: 41840, Epsilon: 0.0100, Buffer: 100000
Episode 65000/500000, Total Reward: 41388, Epsilon: 0.0100, Buffer: 100000
Episode 66000/500000, Total Reward: 42454, Epsilon: 0.0100, Buffer: 100000
Episode 67000/500000, Total Reward: 42773, Epsilon: 0.0100, Buffer: 100000
Episode 68000/500000, Total Reward: 45964, Epsilon: 0.0100, Buffer: 100000
Episode 69000/500000, Total Reward: 42800, Epsilon: 0.0100, Buffer: 100000
Episode 70000/500000, Total Reward: 45881, Epsilon: 0.0100, Buffer: 100000
Episode 71000/500000, Total Reward: 42023, Epsilon: 0.0100, Buffer: 100000
Episode 72000/500000, Total Reward: 40852, Epsilon: 0.0100, Buffer: 100000
Episode 73000/500000, Total Reward: 46526, Epsilon: 0.0100, Buffer: 100000
Episode 74000/500000, Total Reward: 42188, Epsilon: 0.0100, Buffer: 100000
Episode 75000/500000, Total Reward: 44756, Epsilon: 0.0100, Buffer: 100000
Episode 76000/500000, Total Reward: 41521, Epsilon: 0.0100, Buffer: 100000
Episode 77000/500000, Total Reward: 45239, Epsilon: 0.0100, Buffer: 100000
Episode 78000/500000, Total Reward: 43637, Epsilon: 0.0100, Buffer: 100000
Episode 79000/500000, Total Reward: 38244, Epsilon: 0.0100, Buffer: 100000
Episode 80000/500000, Total Reward: 45618, Epsilon: 0.0100, Buffer: 100000
Episode 81000/500000, Total Reward: 39868, Epsilon: 0.0100, Buffer: 100000
Episode 82000/500000, Total Reward: 37371, Epsilon: 0.0100, Buffer: 100000
Episode 83000/500000, Total Reward: 41679, Epsilon: 0.0100, Buffer: 100000
Episode 84000/500000, Total Reward: 39523, Epsilon: 0.0100, Buffer: 100000
Episode 85000/500000, Total Reward: 51480, Epsilon: 0.0100, Buffer: 100000
Episode 86000/500000, Total Reward: 41958, Epsilon: 0.0100, Buffer: 100000
Episode 87000/500000, Total Reward: 36362, Epsilon: 0.0100, Buffer: 100000
Episode 88000/500000, Total Reward: 48461, Epsilon: 0.0100, Buffer: 100000
Episode 89000/500000, Total Reward: 44482, Epsilon: 0.0100, Buffer: 100000
Episode 90000/500000, Total Reward: 35888, Epsilon: 0.0100, Buffer: 100000
Episode 91000/500000, Total Reward: 35786, Epsilon: 0.0100, Buffer: 100000
Episode 92000/500000, Total Reward: 41376, Epsilon: 0.0100, Buffer: 100000
Episode 93000/500000, Total Reward: 46923, Epsilon: 0.0100, Buffer: 100000
Episode 94000/500000, Total Reward: 50768, Epsilon: 0.0100, Buffer: 100000
Episode 95000/500000, Total Reward: 46186, Epsilon: 0.0100, Buffer: 100000
Episode 96000/500000, Total Reward: 45618, Epsilon: 0.0100, Buffer: 100000
Episode 97000/500000, Total Reward: 42610, Epsilon: 0.0100, Buffer: 100000
Episode 98000/500000, Total Reward: 45075, Epsilon: 0.0100, Buffer: 100000
Episode 99000/500000, Total Reward: 43299, Epsilon: 0.0100, Buffer: 100000
Episode 100000/500000, Total Reward: 47505, Epsilon: 0.0100, Buffer: 100000
Episode 101000/500000, Total Reward: 45578, Epsilon: 0.0100, Buffer: 100000
Episode 102000/500000, Total Reward: 42937, Epsilon: 0.0100, Buffer: 100000
Episode 103000/500000, Total Reward: 49682, Epsilon: 0.0100, Buffer: 100000
Episode 104000/500000, Total Reward: 39845, Epsilon: 0.0100, Buffer: 100000
Episode 105000/500000, Total Reward: 45471, Epsilon: 0.0100, Buffer: 100000
Episode 106000/500000, Total Reward: 44038, Epsilon: 0.0100, Buffer: 100000
Episode 107000/500000, Total Reward: 44019, Epsilon: 0.0100, Buffer: 100000
Episode 108000/500000, Total Reward: 46912, Epsilon: 0.0100, Buffer: 100000
Episode 109000/500000, Total Reward: 44897, Epsilon: 0.0100, Buffer: 100000
Episode 110000/500000, Total Reward: 49039, Epsilon: 0.0100, Buffer: 100000
Episode 111000/500000, Total Reward: 38630, Epsilon: 0.0100, Buffer: 100000
Episode 112000/500000, Total Reward: 40271, Epsilon: 0.0100, Buffer: 100000
Episode 113000/500000, Total Reward: 46693, Epsilon: 0.0100, Buffer: 100000
Episode 114000/500000, Total Reward: 46457, Epsilon: 0.0100, Buffer: 100000
Episode 115000/500000, Total Reward: 44003, Epsilon: 0.0100, Buffer: 100000
Episode 116000/500000, Total Reward: 44986, Epsilon: 0.0100, Buffer: 100000
Episode 117000/500000, Total Reward: 39559, Epsilon: 0.0100, Buffer: 100000
Episode 118000/500000, Total Reward: 38522, Epsilon: 0.0100, Buffer: 100000
Episode 119000/500000, Total Reward: 32294, Epsilon: 0.0100, Buffer: 100000
Episode 120000/500000, Total Reward: 44329, Epsilon: 0.0100, Buffer: 100000
Episode 121000/500000, Total Reward: 37971, Epsilon: 0.0100, Buffer: 100000
Episode 122000/500000, Total Reward: 17539, Epsilon: 0.0100, Buffer: 100000
Episode 123000/500000, Total Reward: 44409, Epsilon: 0.0100, Buffer: 100000
Episode 124000/500000, Total Reward: 46603, Epsilon: 0.0100, Buffer: 100000
Episode 125000/500000, Total Reward: 41508, Epsilon: 0.0100, Buffer: 100000
Episode 126000/500000, Total Reward: 46254, Epsilon: 0.0100, Buffer: 100000
Episode 127000/500000, Total Reward: 49726, Epsilon: 0.0100, Buffer: 100000
Episode 128000/500000, Total Reward: 33307, Epsilon: 0.0100, Buffer: 100000
Episode 129000/500000, Total Reward: 49243, Epsilon: 0.0100, Buffer: 100000
Episode 130000/500000, Total Reward: 43803, Epsilon: 0.0100, Buffer: 100000
Episode 131000/500000, Total Reward: 37822, Epsilon: 0.0100, Buffer: 100000
Episode 132000/500000, Total Reward: 41202, Epsilon: 0.0100, Buffer: 100000
Episode 133000/500000, Total Reward: 46563, Epsilon: 0.0100, Buffer: 100000
Episode 134000/500000, Total Reward: 43486, Epsilon: 0.0100, Buffer: 100000
Episode 135000/500000, Total Reward: 43738, Epsilon: 0.0100, Buffer: 100000
Episode 136000/500000, Total Reward: 43861, Epsilon: 0.0100, Buffer: 100000
Episode 137000/500000, Total Reward: 41169, Epsilon: 0.0100, Buffer: 100000
Episode 138000/500000, Total Reward: 38859, Epsilon: 0.0100, Buffer: 100000
Episode 139000/500000, Total Reward: 44527, Epsilon: 0.0100, Buffer: 100000
Episode 140000/500000, Total Reward: 46702, Epsilon: 0.0100, Buffer: 100000
Episode 141000/500000, Total Reward: 43910, Epsilon: 0.0100, Buffer: 100000
Episode 142000/500000, Total Reward: 39978, Epsilon: 0.0100, Buffer: 100000
Episode 143000/500000, Total Reward: 48489, Epsilon: 0.0100, Buffer: 100000
Episode 144000/500000, Total Reward: 50211, Epsilon: 0.0100, Buffer: 100000
Episode 145000/500000, Total Reward: 46345, Epsilon: 0.0100, Buffer: 100000
Episode 146000/500000, Total Reward: 46290, Epsilon: 0.0100, Buffer: 100000
Episode 147000/500000, Total Reward: 41016, Epsilon: 0.0100, Buffer: 100000
Episode 148000/500000, Total Reward: 21768, Epsilon: 0.0100, Buffer: 100000
Episode 149000/500000, Total Reward: 49777, Epsilon: 0.0100, Buffer: 100000
Episode 150000/500000, Total Reward: 46300, Epsilon: 0.0100, Buffer: 100000
Episode 151000/500000, Total Reward: 43995, Epsilon: 0.0100, Buffer: 100000
Episode 152000/500000, Total Reward: 38241, Epsilon: 0.0100, Buffer: 100000
Episode 153000/500000, Total Reward: 41835, Epsilon: 0.0100, Buffer: 100000
Episode 154000/500000, Total Reward: 40601, Epsilon: 0.0100, Buffer: 100000
Episode 155000/500000, Total Reward: 40117, Epsilon: 0.0100, Buffer: 100000
Episode 156000/500000, Total Reward: 42381, Epsilon: 0.0100, Buffer: 100000
Episode 157000/500000, Total Reward: 45664, Epsilon: 0.0100, Buffer: 100000
Episode 158000/500000, Total Reward: 46561, Epsilon: 0.0100, Buffer: 100000
Episode 159000/500000, Total Reward: 40544, Epsilon: 0.0100, Buffer: 100000
Episode 160000/500000, Total Reward: 45143, Epsilon: 0.0100, Buffer: 100000
Episode 161000/500000, Total Reward: 44985, Epsilon: 0.0100, Buffer: 100000
Episode 162000/500000, Total Reward: 36522, Epsilon: 0.0100, Buffer: 100000
Episode 163000/500000, Total Reward: 42936, Epsilon: 0.0100, Buffer: 100000
Episode 164000/500000, Total Reward: 46307, Epsilon: 0.0100, Buffer: 100000
Episode 165000/500000, Total Reward: 39062, Epsilon: 0.0100, Buffer: 100000
Episode 166000/500000, Total Reward: 43475, Epsilon: 0.0100, Buffer: 100000
Episode 167000/500000, Total Reward: 46545, Epsilon: 0.0100, Buffer: 100000
Episode 168000/500000, Total Reward: -11, Epsilon: 0.0100, Buffer: 100000
Episode 169000/500000, Total Reward: 49189, Epsilon: 0.0100, Buffer: 100000
Episode 170000/500000, Total Reward: 46123, Epsilon: 0.0100, Buffer: 100000
Episode 171000/500000, Total Reward: 41675, Epsilon: 0.0100, Buffer: 100000
Episode 172000/500000, Total Reward: 38422, Epsilon: 0.0100, Buffer: 100000
Episode 173000/500000, Total Reward: 36375, Epsilon: 0.0100, Buffer: 100000
Episode 174000/500000, Total Reward: 43607, Epsilon: 0.0100, Buffer: 100000
Episode 175000/500000, Total Reward: 49243, Epsilon: 0.0100, Buffer: 100000
Episode 176000/500000, Total Reward: 44260, Epsilon: 0.0100, Buffer: 100000
Episode 177000/500000, Total Reward: 45289, Epsilon: 0.0100, Buffer: 100000
Episode 178000/500000, Total Reward: 50482, Epsilon: 0.0100, Buffer: 100000
Episode 179000/500000, Total Reward: 41397, Epsilon: 0.0100, Buffer: 100000
Episode 180000/500000, Total Reward: 40729, Epsilon: 0.0100, Buffer: 100000
Episode 181000/500000, Total Reward: 43344, Epsilon: 0.0100, Buffer: 100000
Episode 182000/500000, Total Reward: 51665, Epsilon: 0.0100, Buffer: 100000
Episode 183000/500000, Total Reward: 43794, Epsilon: 0.0100, Buffer: 100000
Episode 184000/500000, Total Reward: 48069, Epsilon: 0.0100, Buffer: 100000
Episode 185000/500000, Total Reward: 49623, Epsilon: 0.0100, Buffer: 100000
Episode 186000/500000, Total Reward: 42429, Epsilon: 0.0100, Buffer: 100000
Episode 187000/500000, Total Reward: 45037, Epsilon: 0.0100, Buffer: 100000
Episode 188000/500000, Total Reward: 47614, Epsilon: 0.0100, Buffer: 100000
Episode 189000/500000, Total Reward: 45807, Epsilon: 0.0100, Buffer: 100000
Episode 190000/500000, Total Reward: 95, Epsilon: 0.0100, Buffer: 100000
Episode 191000/500000, Total Reward: 46350, Epsilon: 0.0100, Buffer: 100000
Episode 192000/500000, Total Reward: 45852, Epsilon: 0.0100, Buffer: 100000
Episode 193000/500000, Total Reward: 38575, Epsilon: 0.0100, Buffer: 100000
Episode 194000/500000, Total Reward: 43114, Epsilon: 0.0100, Buffer: 100000
Episode 195000/500000, Total Reward: 44445, Epsilon: 0.0100, Buffer: 100000
Episode 196000/500000, Total Reward: 40427, Epsilon: 0.0100, Buffer: 100000
Episode 197000/500000, Total Reward: 47753, Epsilon: 0.0100, Buffer: 100000
Episode 198000/500000, Total Reward: 40670, Epsilon: 0.0100, Buffer: 100000
Episode 199000/500000, Total Reward: 45251, Epsilon: 0.0100, Buffer: 100000
Episode 200000/500000, Total Reward: 38783, Epsilon: 0.0100, Buffer: 100000
Episode 201000/500000, Total Reward: 40516, Epsilon: 0.0100, Buffer: 100000
Episode 202000/500000, Total Reward: 48505, Epsilon: 0.0100, Buffer: 100000
Episode 203000/500000, Total Reward: 45182, Epsilon: 0.0100, Buffer: 100000
Episode 204000/500000, Total Reward: 50510, Epsilon: 0.0100, Buffer: 100000
Episode 205000/500000, Total Reward: 44086, Epsilon: 0.0100, Buffer: 100000
Episode 206000/500000, Total Reward: 47440, Epsilon: 0.0100, Buffer: 100000
Episode 207000/500000, Total Reward: 40750, Epsilon: 0.0100, Buffer: 100000
Episode 208000/500000, Total Reward: 44358, Epsilon: 0.0100, Buffer: 100000
Episode 209000/500000, Total Reward: 38223, Epsilon: 0.0100, Buffer: 100000
Episode 210000/500000, Total Reward: 44905, Epsilon: 0.0100, Buffer: 100000
Episode 211000/500000, Total Reward: 45299, Epsilon: 0.0100, Buffer: 100000
Episode 212000/500000, Total Reward: 42187, Epsilon: 0.0100, Buffer: 100000
Episode 213000/500000, Total Reward: 40767, Epsilon: 0.0100, Buffer: 100000
Episode 214000/500000, Total Reward: 45775, Epsilon: 0.0100, Buffer: 100000
Episode 215000/500000, Total Reward: 38579, Epsilon: 0.0100, Buffer: 100000
Episode 216000/500000, Total Reward: 15622, Epsilon: 0.0100, Buffer: 100000
Episode 217000/500000, Total Reward: 48527, Epsilon: 0.0100, Buffer: 100000
Episode 218000/500000, Total Reward: 46986, Epsilon: 0.0100, Buffer: 100000
Episode 219000/500000, Total Reward: 48673, Epsilon: 0.0100, Buffer: 100000
Episode 220000/500000, Total Reward: 31180, Epsilon: 0.0100, Buffer: 100000
Episode 221000/500000, Total Reward: 43303, Epsilon: 0.0100, Buffer: 100000
Episode 222000/500000, Total Reward: 42001, Epsilon: 0.0100, Buffer: 100000
Episode 223000/500000, Total Reward: 47592, Epsilon: 0.0100, Buffer: 100000
Episode 224000/500000, Total Reward: 45257, Epsilon: 0.0100, Buffer: 100000
Episode 225000/500000, Total Reward: 46197, Epsilon: 0.0100, Buffer: 100000
Episode 226000/500000, Total Reward: 45728, Epsilon: 0.0100, Buffer: 100000
Episode 227000/500000, Total Reward: 43730, Epsilon: 0.0100, Buffer: 100000
Episode 228000/500000, Total Reward: 47954, Epsilon: 0.0100, Buffer: 100000
Episode 229000/500000, Total Reward: 43591, Epsilon: 0.0100, Buffer: 100000
Episode 230000/500000, Total Reward: 48820, Epsilon: 0.0100, Buffer: 100000
Episode 231000/500000, Total Reward: 44400, Epsilon: 0.0100, Buffer: 100000
Episode 232000/500000, Total Reward: 49285, Epsilon: 0.0100, Buffer: 100000
Episode 233000/500000, Total Reward: 41748, Epsilon: 0.0100, Buffer: 100000
Episode 234000/500000, Total Reward: 47675, Epsilon: 0.0100, Buffer: 100000
Episode 235000/500000, Total Reward: 47497, Epsilon: 0.0100, Buffer: 100000
Episode 236000/500000, Total Reward: 44914, Epsilon: 0.0100, Buffer: 100000
Episode 237000/500000, Total Reward: 47766, Epsilon: 0.0100, Buffer: 100000
Episode 238000/500000, Total Reward: 43740, Epsilon: 0.0100, Buffer: 100000
Episode 239000/500000, Total Reward: 40280, Epsilon: 0.0100, Buffer: 100000
Episode 240000/500000, Total Reward: 48590, Epsilon: 0.0100, Buffer: 100000
Episode 241000/500000, Total Reward: 43128, Epsilon: 0.0100, Buffer: 100000
Episode 242000/500000, Total Reward: 44184, Epsilon: 0.0100, Buffer: 100000
Episode 243000/500000, Total Reward: 43295, Epsilon: 0.0100, Buffer: 100000
Episode 244000/500000, Total Reward: 53034, Epsilon: 0.0100, Buffer: 100000
Episode 245000/500000, Total Reward: 40496, Epsilon: 0.0100, Buffer: 100000
Episode 246000/500000, Total Reward: 45989, Epsilon: 0.0100, Buffer: 100000
Episode 247000/500000, Total Reward: 43772, Epsilon: 0.0100, Buffer: 100000
Episode 248000/500000, Total Reward: 48773, Epsilon: 0.0100, Buffer: 100000
Episode 249000/500000, Total Reward: 47336, Epsilon: 0.0100, Buffer: 100000
Episode 250000/500000, Total Reward: 45086, Epsilon: 0.0100, Buffer: 100000
Episode 251000/500000, Total Reward: 45580, Epsilon: 0.0100, Buffer: 100000
Episode 252000/500000, Total Reward: 44878, Epsilon: 0.0100, Buffer: 100000
Episode 253000/500000, Total Reward: 52338, Epsilon: 0.0100, Buffer: 100000
Episode 254000/500000, Total Reward: 39802, Epsilon: 0.0100, Buffer: 100000
Episode 255000/500000, Total Reward: 42326, Epsilon: 0.0100, Buffer: 100000
Episode 256000/500000, Total Reward: 39411, Epsilon: 0.0100, Buffer: 100000
Episode 257000/500000, Total Reward: 46407, Epsilon: 0.0100, Buffer: 100000
Episode 258000/500000, Total Reward: 44363, Epsilon: 0.0100, Buffer: 100000
Episode 259000/500000, Total Reward: 40394, Epsilon: 0.0100, Buffer: 100000
Episode 260000/500000, Total Reward: 33918, Epsilon: 0.0100, Buffer: 100000
Episode 261000/500000, Total Reward: 44209, Epsilon: 0.0100, Buffer: 100000
Episode 262000/500000, Total Reward: 40733, Epsilon: 0.0100, Buffer: 100000
Episode 263000/500000, Total Reward: 44197, Epsilon: 0.0100, Buffer: 100000
Episode 264000/500000, Total Reward: 34726, Epsilon: 0.0100, Buffer: 100000
Episode 265000/500000, Total Reward: 50235, Epsilon: 0.0100, Buffer: 100000
Episode 266000/500000, Total Reward: 39396, Epsilon: 0.0100, Buffer: 100000
Episode 267000/500000, Total Reward: 40651, Epsilon: 0.0100, Buffer: 100000
Episode 268000/500000, Total Reward: 44134, Epsilon: 0.0100, Buffer: 100000
Episode 269000/500000, Total Reward: 44760, Epsilon: 0.0100, Buffer: 100000
Episode 270000/500000, Total Reward: 33978, Epsilon: 0.0100, Buffer: 100000
Episode 271000/500000, Total Reward: 42728, Epsilon: 0.0100, Buffer: 100000
Episode 272000/500000, Total Reward: 43895, Epsilon: 0.0100, Buffer: 100000
Episode 273000/500000, Total Reward: 45541, Epsilon: 0.0100, Buffer: 100000
Episode 274000/500000, Total Reward: 44267, Epsilon: 0.0100, Buffer: 100000
Episode 275000/500000, Total Reward: 43351, Epsilon: 0.0100, Buffer: 100000
Episode 276000/500000, Total Reward: 41568, Epsilon: 0.0100, Buffer: 100000
Episode 277000/500000, Total Reward: 42245, Epsilon: 0.0100, Buffer: 100000
Episode 278000/500000, Total Reward: 45551, Epsilon: 0.0100, Buffer: 100000
Episode 279000/500000, Total Reward: 36431, Epsilon: 0.0100, Buffer: 100000
Episode 280000/500000, Total Reward: 41146, Epsilon: 0.0100, Buffer: 100000
Episode 281000/500000, Total Reward: 46260, Epsilon: 0.0100, Buffer: 100000
Episode 282000/500000, Total Reward: 45888, Epsilon: 0.0100, Buffer: 100000
Episode 283000/500000, Total Reward: 38907, Epsilon: 0.0100, Buffer: 100000
Episode 284000/500000, Total Reward: 47803, Epsilon: 0.0100, Buffer: 100000
Episode 285000/500000, Total Reward: 44614, Epsilon: 0.0100, Buffer: 100000
Episode 286000/500000, Total Reward: 43498, Epsilon: 0.0100, Buffer: 100000
Episode 287000/500000, Total Reward: 45766, Epsilon: 0.0100, Buffer: 100000
Episode 288000/500000, Total Reward: 45184, Epsilon: 0.0100, Buffer: 100000
Episode 289000/500000, Total Reward: 45027, Epsilon: 0.0100, Buffer: 100000
Episode 290000/500000, Total Reward: 42953, Epsilon: 0.0100, Buffer: 100000
Episode 291000/500000, Total Reward: 46704, Epsilon: 0.0100, Buffer: 100000
Episode 292000/500000, Total Reward: 40231, Epsilon: 0.0100, Buffer: 100000
Episode 293000/500000, Total Reward: 45411, Epsilon: 0.0100, Buffer: 100000
Episode 294000/500000, Total Reward: 48392, Epsilon: 0.0100, Buffer: 100000
Episode 295000/500000, Total Reward: 37596, Epsilon: 0.0100, Buffer: 100000
Episode 296000/500000, Total Reward: 45257, Epsilon: 0.0100, Buffer: 100000
Episode 297000/500000, Total Reward: 43216, Epsilon: 0.0100, Buffer: 100000
Episode 298000/500000, Total Reward: 44598, Epsilon: 0.0100, Buffer: 100000
Episode 299000/500000, Total Reward: 44344, Epsilon: 0.0100, Buffer: 100000
Episode 300000/500000, Total Reward: 43213, Epsilon: 0.0100, Buffer: 100000
Episode 301000/500000, Total Reward: 42898, Epsilon: 0.0100, Buffer: 100000
Episode 302000/500000, Total Reward: 45354, Epsilon: 0.0100, Buffer: 100000
Episode 303000/500000, Total Reward: 35071, Epsilon: 0.0100, Buffer: 100000
Episode 304000/500000, Total Reward: 48564, Epsilon: 0.0100, Buffer: 100000
Episode 305000/500000, Total Reward: 42953, Epsilon: 0.0100, Buffer: 100000
Episode 306000/500000, Total Reward: 46898, Epsilon: 0.0100, Buffer: 100000
Episode 307000/500000, Total Reward: 43442, Epsilon: 0.0100, Buffer: 100000
Episode 308000/500000, Total Reward: 41442, Epsilon: 0.0100, Buffer: 100000
Episode 309000/500000, Total Reward: 48223, Epsilon: 0.0100, Buffer: 100000
Episode 310000/500000, Total Reward: 44785, Epsilon: 0.0100, Buffer: 100000
Episode 311000/500000, Total Reward: 45385, Epsilon: 0.0100, Buffer: 100000
Episode 312000/500000, Total Reward: 46169, Epsilon: 0.0100, Buffer: 100000
Episode 313000/500000, Total Reward: 43040, Epsilon: 0.0100, Buffer: 100000
Episode 314000/500000, Total Reward: 46760, Epsilon: 0.0100, Buffer: 100000
Episode 315000/500000, Total Reward: 39897, Epsilon: 0.0100, Buffer: 100000
Episode 316000/500000, Total Reward: 46572, Epsilon: 0.0100, Buffer: 100000
Episode 317000/500000, Total Reward: 45070, Epsilon: 0.0100, Buffer: 100000
Episode 318000/500000, Total Reward: 50656, Epsilon: 0.0100, Buffer: 100000
Episode 319000/500000, Total Reward: 39510, Epsilon: 0.0100, Buffer: 100000
Episode 320000/500000, Total Reward: 42760, Epsilon: 0.0100, Buffer: 100000
Episode 321000/500000, Total Reward: 45977, Epsilon: 0.0100, Buffer: 100000
Episode 322000/500000, Total Reward: 49180, Epsilon: 0.0100, Buffer: 100000
Episode 323000/500000, Total Reward: 48768, Epsilon: 0.0100, Buffer: 100000
Episode 324000/500000, Total Reward: 45188, Epsilon: 0.0100, Buffer: 100000
Episode 325000/500000, Total Reward: 49455, Epsilon: 0.0100, Buffer: 100000
Episode 326000/500000, Total Reward: 47515, Epsilon: 0.0100, Buffer: 100000
Episode 327000/500000, Total Reward: 46938, Epsilon: 0.0100, Buffer: 100000
Episode 328000/500000, Total Reward: 46239, Epsilon: 0.0100, Buffer: 100000
Episode 329000/500000, Total Reward: 39118, Epsilon: 0.0100, Buffer: 100000
Episode 330000/500000, Total Reward: 50462, Epsilon: 0.0100, Buffer: 100000
Episode 331000/500000, Total Reward: 46068, Epsilon: 0.0100, Buffer: 100000
Episode 332000/500000, Total Reward: 48854, Epsilon: 0.0100, Buffer: 100000
Episode 333000/500000, Total Reward: 46826, Epsilon: 0.0100, Buffer: 100000
Episode 334000/500000, Total Reward: 44247, Epsilon: 0.0100, Buffer: 100000
Episode 335000/500000, Total Reward: 47991, Epsilon: 0.0100, Buffer: 100000
Episode 336000/500000, Total Reward: 46785, Epsilon: 0.0100, Buffer: 100000
Episode 337000/500000, Total Reward: 41062, Epsilon: 0.0100, Buffer: 100000
Episode 338000/500000, Total Reward: 41194, Epsilon: 0.0100, Buffer: 100000
Episode 339000/500000, Total Reward: 43435, Epsilon: 0.0100, Buffer: 100000
Episode 340000/500000, Total Reward: 43813, Epsilon: 0.0100, Buffer: 100000
Episode 341000/500000, Total Reward: 41971, Epsilon: 0.0100, Buffer: 100000
Episode 342000/500000, Total Reward: 41700, Epsilon: 0.0100, Buffer: 100000
Episode 343000/500000, Total Reward: 50392, Epsilon: 0.0100, Buffer: 100000
Episode 344000/500000, Total Reward: 40673, Epsilon: 0.0100, Buffer: 100000
Episode 345000/500000, Total Reward: 43373, Epsilon: 0.0100, Buffer: 100000
Episode 346000/500000, Total Reward: 41830, Epsilon: 0.0100, Buffer: 100000
Episode 347000/500000, Total Reward: 46457, Epsilon: 0.0100, Buffer: 100000
Episode 348000/500000, Total Reward: 44558, Epsilon: 0.0100, Buffer: 100000
Episode 349000/500000, Total Reward: 46707, Epsilon: 0.0100, Buffer: 100000
Episode 350000/500000, Total Reward: 49201, Epsilon: 0.0100, Buffer: 100000
Episode 351000/500000, Total Reward: 40444, Epsilon: 0.0100, Buffer: 100000
Episode 352000/500000, Total Reward: 44786, Epsilon: 0.0100, Buffer: 100000
Episode 353000/500000, Total Reward: 41339, Epsilon: 0.0100, Buffer: 100000
Episode 354000/500000, Total Reward: 43141, Epsilon: 0.0100, Buffer: 100000
Episode 355000/500000, Total Reward: 46184, Epsilon: 0.0100, Buffer: 100000
Episode 356000/500000, Total Reward: 41743, Epsilon: 0.0100, Buffer: 100000
Episode 357000/500000, Total Reward: 43710, Epsilon: 0.0100, Buffer: 100000
Episode 358000/500000, Total Reward: 41077, Epsilon: 0.0100, Buffer: 100000
Episode 359000/500000, Total Reward: 39021, Epsilon: 0.0100, Buffer: 100000
Episode 360000/500000, Total Reward: 46301, Epsilon: 0.0100, Buffer: 100000
Episode 361000/500000, Total Reward: 42188, Epsilon: 0.0100, Buffer: 100000
Episode 362000/500000, Total Reward: 47525, Epsilon: 0.0100, Buffer: 100000
Episode 363000/500000, Total Reward: 45345, Epsilon: 0.0100, Buffer: 100000
Episode 364000/500000, Total Reward: 41104, Epsilon: 0.0100, Buffer: 100000
Episode 365000/500000, Total Reward: 37831, Epsilon: 0.0100, Buffer: 100000
Episode 366000/500000, Total Reward: 41244, Epsilon: 0.0100, Buffer: 100000
Episode 367000/500000, Total Reward: 44406, Epsilon: 0.0100, Buffer: 100000
Episode 368000/500000, Total Reward: 42371, Epsilon: 0.0100, Buffer: 100000
Episode 369000/500000, Total Reward: 43197, Epsilon: 0.0100, Buffer: 100000
Episode 370000/500000, Total Reward: 40904, Epsilon: 0.0100, Buffer: 100000
Episode 371000/500000, Total Reward: 43004, Epsilon: 0.0100, Buffer: 100000
Episode 372000/500000, Total Reward: 42442, Epsilon: 0.0100, Buffer: 100000
Episode 373000/500000, Total Reward: 51467, Epsilon: 0.0100, Buffer: 100000
Episode 374000/500000, Total Reward: 44440, Epsilon: 0.0100, Buffer: 100000
Episode 375000/500000, Total Reward: 47619, Epsilon: 0.0100, Buffer: 100000
Episode 376000/500000, Total Reward: 43864, Epsilon: 0.0100, Buffer: 100000
Episode 377000/500000, Total Reward: 41810, Epsilon: 0.0100, Buffer: 100000
Episode 378000/500000, Total Reward: 50918, Epsilon: 0.0100, Buffer: 100000
Episode 379000/500000, Total Reward: 41938, Epsilon: 0.0100, Buffer: 100000
Episode 380000/500000, Total Reward: 48774, Epsilon: 0.0100, Buffer: 100000
Episode 381000/500000, Total Reward: 47294, Epsilon: 0.0100, Buffer: 100000
Episode 382000/500000, Total Reward: 47798, Epsilon: 0.0100, Buffer: 100000
Episode 383000/500000, Total Reward: 43834, Epsilon: 0.0100, Buffer: 100000
Episode 384000/500000, Total Reward: 39187, Epsilon: 0.0100, Buffer: 100000
Episode 385000/500000, Total Reward: 37936, Epsilon: 0.0100, Buffer: 100000
Episode 386000/500000, Total Reward: 41444, Epsilon: 0.0100, Buffer: 100000
Episode 387000/500000, Total Reward: 42776, Epsilon: 0.0100, Buffer: 100000
Episode 388000/500000, Total Reward: 49208, Epsilon: 0.0100, Buffer: 100000
Episode 389000/500000, Total Reward: 36938, Epsilon: 0.0100, Buffer: 100000
Episode 390000/500000, Total Reward: 41791, Epsilon: 0.0100, Buffer: 100000
Episode 391000/500000, Total Reward: 47919, Epsilon: 0.0100, Buffer: 100000
Episode 392000/500000, Total Reward: 47983, Epsilon: 0.0100, Buffer: 100000
Episode 393000/500000, Total Reward: 44962, Epsilon: 0.0100, Buffer: 100000
Episode 394000/500000, Total Reward: 46274, Epsilon: 0.0100, Buffer: 100000
Episode 395000/500000, Total Reward: 42584, Epsilon: 0.0100, Buffer: 100000
Episode 396000/500000, Total Reward: 37005, Epsilon: 0.0100, Buffer: 100000
Episode 397000/500000, Total Reward: 52094, Epsilon: 0.0100, Buffer: 100000
Episode 398000/500000, Total Reward: 40361, Epsilon: 0.0100, Buffer: 100000
Episode 399000/500000, Total Reward: 44068, Epsilon: 0.0100, Buffer: 100000
Episode 400000/500000, Total Reward: 46071, Epsilon: 0.0100, Buffer: 100000
Episode 401000/500000, Total Reward: 49858, Epsilon: 0.0100, Buffer: 100000
Episode 402000/500000, Total Reward: 47601, Epsilon: 0.0100, Buffer: 100000
Episode 403000/500000, Total Reward: 46249, Epsilon: 0.0100, Buffer: 100000
Episode 404000/500000, Total Reward: 44870, Epsilon: 0.0100, Buffer: 100000
Episode 405000/500000, Total Reward: 48591, Epsilon: 0.0100, Buffer: 100000
Episode 406000/500000, Total Reward: 41099, Epsilon: 0.0100, Buffer: 100000
Episode 407000/500000, Total Reward: 47090, Epsilon: 0.0100, Buffer: 100000
Episode 408000/500000, Total Reward: 46687, Epsilon: 0.0100, Buffer: 100000
Episode 409000/500000, Total Reward: 45999, Epsilon: 0.0100, Buffer: 100000
Episode 410000/500000, Total Reward: 48607, Epsilon: 0.0100, Buffer: 100000
Episode 411000/500000, Total Reward: 47682, Epsilon: 0.0100, Buffer: 100000
Episode 412000/500000, Total Reward: 47804, Epsilon: 0.0100, Buffer: 100000
Episode 413000/500000, Total Reward: 43070, Epsilon: 0.0100, Buffer: 100000
Episode 414000/500000, Total Reward: 47005, Epsilon: 0.0100, Buffer: 100000
Episode 415000/500000, Total Reward: 46910, Epsilon: 0.0100, Buffer: 100000
Episode 416000/500000, Total Reward: 43706, Epsilon: 0.0100, Buffer: 100000
Episode 417000/500000, Total Reward: 45872, Epsilon: 0.0100, Buffer: 100000
Episode 418000/500000, Total Reward: 41295, Epsilon: 0.0100, Buffer: 100000
Episode 419000/500000, Total Reward: 47330, Epsilon: 0.0100, Buffer: 100000
Episode 420000/500000, Total Reward: 46974, Epsilon: 0.0100, Buffer: 100000
Episode 421000/500000, Total Reward: 42279, Epsilon: 0.0100, Buffer: 100000
Episode 422000/500000, Total Reward: 40610, Epsilon: 0.0100, Buffer: 100000
Episode 423000/500000, Total Reward: 33822, Epsilon: 0.0100, Buffer: 100000
Episode 424000/500000, Total Reward: 42481, Epsilon: 0.0100, Buffer: 100000
Episode 425000/500000, Total Reward: 44432, Epsilon: 0.0100, Buffer: 100000
Episode 426000/500000, Total Reward: 38939, Epsilon: 0.0100, Buffer: 100000
Episode 427000/500000, Total Reward: 37878, Epsilon: 0.0100, Buffer: 100000
Episode 428000/500000, Total Reward: 45774, Epsilon: 0.0100, Buffer: 100000
Episode 429000/500000, Total Reward: 39387, Epsilon: 0.0100, Buffer: 100000
Episode 430000/500000, Total Reward: 46959, Epsilon: 0.0100, Buffer: 100000
Episode 431000/500000, Total Reward: 45761, Epsilon: 0.0100, Buffer: 100000
Episode 432000/500000, Total Reward: 45515, Epsilon: 0.0100, Buffer: 100000
Episode 433000/500000, Total Reward: 44265, Epsilon: 0.0100, Buffer: 100000
Episode 434000/500000, Total Reward: 46832, Epsilon: 0.0100, Buffer: 100000
Episode 435000/500000, Total Reward: 39547, Epsilon: 0.0100, Buffer: 100000
Episode 436000/500000, Total Reward: 51739, Epsilon: 0.0100, Buffer: 100000
Episode 437000/500000, Total Reward: 44612, Epsilon: 0.0100, Buffer: 100000
Episode 438000/500000, Total Reward: 46034, Epsilon: 0.0100, Buffer: 100000
Episode 439000/500000, Total Reward: 41697, Epsilon: 0.0100, Buffer: 100000
Episode 440000/500000, Total Reward: 40326, Epsilon: 0.0100, Buffer: 100000
Episode 441000/500000, Total Reward: 46357, Epsilon: 0.0100, Buffer: 100000
Episode 442000/500000, Total Reward: 48102, Epsilon: 0.0100, Buffer: 100000
Episode 443000/500000, Total Reward: 46043, Epsilon: 0.0100, Buffer: 100000
Episode 444000/500000, Total Reward: 46957, Epsilon: 0.0100, Buffer: 100000
Episode 445000/500000, Total Reward: 47075, Epsilon: 0.0100, Buffer: 100000
Episode 446000/500000, Total Reward: 48785, Epsilon: 0.0100, Buffer: 100000
Episode 447000/500000, Total Reward: 46701, Epsilon: 0.0100, Buffer: 100000
Episode 448000/500000, Total Reward: 41990, Epsilon: 0.0100, Buffer: 100000
Episode 449000/500000, Total Reward: 42431, Epsilon: 0.0100, Buffer: 100000
Episode 450000/500000, Total Reward: 43511, Epsilon: 0.0100, Buffer: 100000
Episode 451000/500000, Total Reward: 53764, Epsilon: 0.0100, Buffer: 100000
Episode 452000/500000, Total Reward: 46904, Epsilon: 0.0100, Buffer: 100000
Episode 453000/500000, Total Reward: 44737, Epsilon: 0.0100, Buffer: 100000
Episode 454000/500000, Total Reward: 51610, Epsilon: 0.0100, Buffer: 100000
Episode 455000/500000, Total Reward: 46764, Epsilon: 0.0100, Buffer: 100000
Episode 456000/500000, Total Reward: 44130, Epsilon: 0.0100, Buffer: 100000
Episode 457000/500000, Total Reward: 42636, Epsilon: 0.0100, Buffer: 100000
Episode 458000/500000, Total Reward: 47923, Epsilon: 0.0100, Buffer: 100000
Episode 459000/500000, Total Reward: 45245, Epsilon: 0.0100, Buffer: 100000
Episode 460000/500000, Total Reward: 40341, Epsilon: 0.0100, Buffer: 100000
Episode 461000/500000, Total Reward: 40875, Epsilon: 0.0100, Buffer: 100000
Episode 462000/500000, Total Reward: 46288, Epsilon: 0.0100, Buffer: 100000
Episode 463000/500000, Total Reward: 43436, Epsilon: 0.0100, Buffer: 100000
Episode 464000/500000, Total Reward: 47230, Epsilon: 0.0100, Buffer: 100000
Episode 465000/500000, Total Reward: 39688, Epsilon: 0.0100, Buffer: 100000
Episode 466000/500000, Total Reward: 48095, Epsilon: 0.0100, Buffer: 100000
Episode 467000/500000, Total Reward: 39450, Epsilon: 0.0100, Buffer: 100000
Episode 468000/500000, Total Reward: 44046, Epsilon: 0.0100, Buffer: 100000
Episode 469000/500000, Total Reward: 46253, Epsilon: 0.0100, Buffer: 100000
Episode 470000/500000, Total Reward: 45421, Epsilon: 0.0100, Buffer: 100000
Episode 471000/500000, Total Reward: 38476, Epsilon: 0.0100, Buffer: 100000
Episode 472000/500000, Total Reward: 33443, Epsilon: 0.0100, Buffer: 100000
Episode 473000/500000, Total Reward: 41651, Epsilon: 0.0100, Buffer: 100000
Episode 474000/500000, Total Reward: 41928, Epsilon: 0.0100, Buffer: 100000
Episode 475000/500000, Total Reward: 46599, Epsilon: 0.0100, Buffer: 100000
Episode 476000/500000, Total Reward: 40258, Epsilon: 0.0100, Buffer: 100000
Episode 477000/500000, Total Reward: 44127, Epsilon: 0.0100, Buffer: 100000
Episode 478000/500000, Total Reward: 44049, Epsilon: 0.0100, Buffer: 100000
Episode 479000/500000, Total Reward: 43816, Epsilon: 0.0100, Buffer: 100000
Episode 480000/500000, Total Reward: 45675, Epsilon: 0.0100, Buffer: 100000
Episode 481000/500000, Total Reward: 37261, Epsilon: 0.0100, Buffer: 100000
Episode 482000/500000, Total Reward: 49099, Epsilon: 0.0100, Buffer: 100000
Episode 483000/500000, Total Reward: 46758, Epsilon: 0.0100, Buffer: 100000
Episode 484000/500000, Total Reward: 38044, Epsilon: 0.0100, Buffer: 100000
Episode 485000/500000, Total Reward: 44135, Epsilon: 0.0100, Buffer: 100000
Episode 486000/500000, Total Reward: 39244, Epsilon: 0.0100, Buffer: 100000
Episode 487000/500000, Total Reward: 44579, Epsilon: 0.0100, Buffer: 100000
Episode 488000/500000, Total Reward: 45984, Epsilon: 0.0100, Buffer: 100000
Episode 489000/500000, Total Reward: 42421, Epsilon: 0.0100, Buffer: 100000
Episode 490000/500000, Total Reward: 42961, Epsilon: 0.0100, Buffer: 100000
Episode 491000/500000, Total Reward: 38914, Epsilon: 0.0100, Buffer: 100000
Episode 492000/500000, Total Reward: 43872, Epsilon: 0.0100, Buffer: 100000
Episode 493000/500000, Total Reward: 46149, Epsilon: 0.0100, Buffer: 100000
Episode 494000/500000, Total Reward: 41550, Epsilon: 0.0100, Buffer: 100000
Episode 495000/500000, Total Reward: 43666, Epsilon: 0.0100, Buffer: 100000
Episode 496000/500000, Total Reward: 43781, Epsilon: 0.0100, Buffer: 100000
Episode 497000/500000, Total Reward: 49332, Epsilon: 0.0100, Buffer: 100000
Episode 498000/500000, Total Reward: 45856, Epsilon: 0.0100, Buffer: 100000
Episode 499000/500000, Total Reward: 42533, Epsilon: 0.0100, Buffer: 100000
Episode 500000/500000, Total Reward: 46360, Epsilon: 0.0100, Buffer: 100000
Extracting Q-table from DQN for compatibility...
Saved DQN model to outputs/DQN_OG_500k_run5_model.pth
Saved Q-table (for compatibility) to outputs/DQN_OG_500k_run5.pkl

Learned DQN Q-table (sample):
State: (0, 0, 9, 0)
  Action: keep, Q-value: 5168.24
  Action: replace, Q-value: 4051.50
State: (1, 1, 0, 0)
  Action: keep, Q-value: 5430.86
  Action: replace, Q-value: 4058.24
State: (1, 1, 0, 1)
  Action: keep, Q-value: 4947.02
  Action: replace, Q-value: 4106.17
State: (1, 2, 0, 0)
  Action: keep, Q-value: 5459.09
  Action: replace, Q-value: 4054.04
State: (1, 2, 0, 1)
  Action: keep, Q-value: 4869.74
  Action: replace, Q-value: 4091.10
State: (1, 3, 0, 0)
  Action: keep, Q-value: 5397.77
  Action: replace, Q-value: 4051.68
State: (1, 3, 0, 1)
  Action: keep, Q-value: 4811.79
  Action: replace, Q-value: 4080.86
State: (1, 4, 0, 0)
  Action: keep, Q-value: 5306.87
  Action: replace, Q-value: 4051.03
State: (1, 4, 0, 1)
  Action: keep, Q-value: 4693.25
  Action: replace, Q-value: 4074.93
State: (1, 4, 1, 0)
  Action: keep, Q-value: 5370.70
  Action: replace, Q-value: 4043.34
Total states: 3289

Time taken for training: 119343.03 seconds
Average reward (last 1000 episodes): 43775.10
--- Run ended 2026-02-07 11:07:21 ---
