
--- Run started 2026-02-06 17:27:19 ---

======================================================================
LOADING EXISTING MODEL
======================================================================
Model file: outputs/DQN_2025_500k_run1_continue_UB_model.pth
Loaded 500000 previous episodes
Continuing from epsilon: 0.0100
Previous final reward: 34819
======================================================================

Starting DQN training for 500000 episodes...
Episode 1000/500000, Total Reward: 16433, Epsilon: 0.0100, Buffer: 100000
Episode 2000/500000, Total Reward: 9180, Epsilon: 0.0100, Buffer: 100000
Episode 3000/500000, Total Reward: 20757, Epsilon: 0.0100, Buffer: 100000
Episode 4000/500000, Total Reward: 9858, Epsilon: 0.0100, Buffer: 100000
Episode 5000/500000, Total Reward: 19245, Epsilon: 0.0100, Buffer: 100000
Episode 6000/500000, Total Reward: 19445, Epsilon: 0.0100, Buffer: 100000
Episode 7000/500000, Total Reward: 13102, Epsilon: 0.0100, Buffer: 100000
Episode 8000/500000, Total Reward: 10556, Epsilon: 0.0100, Buffer: 100000
Episode 9000/500000, Total Reward: 7433, Epsilon: 0.0100, Buffer: 100000
Episode 10000/500000, Total Reward: 8284, Epsilon: 0.0100, Buffer: 100000
Episode 11000/500000, Total Reward: 15456, Epsilon: 0.0100, Buffer: 100000
Episode 12000/500000, Total Reward: 9774, Epsilon: 0.0100, Buffer: 100000
Episode 13000/500000, Total Reward: 19584, Epsilon: 0.0100, Buffer: 100000
Episode 14000/500000, Total Reward: 12100, Epsilon: 0.0100, Buffer: 100000
Episode 15000/500000, Total Reward: 2607, Epsilon: 0.0100, Buffer: 100000
Episode 16000/500000, Total Reward: 8779, Epsilon: 0.0100, Buffer: 100000
Episode 17000/500000, Total Reward: -5766, Epsilon: 0.0100, Buffer: 100000
Episode 18000/500000, Total Reward: 7716, Epsilon: 0.0100, Buffer: 100000
Episode 19000/500000, Total Reward: 7530, Epsilon: 0.0100, Buffer: 100000
Episode 20000/500000, Total Reward: 7124, Epsilon: 0.0100, Buffer: 100000
Episode 21000/500000, Total Reward: 23829, Epsilon: 0.0100, Buffer: 100000
Episode 22000/500000, Total Reward: 14744, Epsilon: 0.0100, Buffer: 100000
Episode 23000/500000, Total Reward: 14658, Epsilon: 0.0100, Buffer: 100000
Episode 24000/500000, Total Reward: 7836, Epsilon: 0.0100, Buffer: 100000
Episode 25000/500000, Total Reward: 13771, Epsilon: 0.0100, Buffer: 100000
Episode 26000/500000, Total Reward: 15899, Epsilon: 0.0100, Buffer: 100000
Episode 27000/500000, Total Reward: -15666, Epsilon: 0.0100, Buffer: 100000
Episode 28000/500000, Total Reward: 16207, Epsilon: 0.0100, Buffer: 100000
Episode 29000/500000, Total Reward: 8736, Epsilon: 0.0100, Buffer: 100000
Episode 30000/500000, Total Reward: 6590, Epsilon: 0.0100, Buffer: 100000
Episode 31000/500000, Total Reward: 12255, Epsilon: 0.0100, Buffer: 100000
Episode 32000/500000, Total Reward: 9826, Epsilon: 0.0100, Buffer: 100000
Episode 33000/500000, Total Reward: 16429, Epsilon: 0.0100, Buffer: 100000
Episode 34000/500000, Total Reward: 14430, Epsilon: 0.0100, Buffer: 100000
Episode 35000/500000, Total Reward: 18333, Epsilon: 0.0100, Buffer: 100000
Episode 36000/500000, Total Reward: -2111, Epsilon: 0.0100, Buffer: 100000
Episode 37000/500000, Total Reward: 9513, Epsilon: 0.0100, Buffer: 100000
Episode 38000/500000, Total Reward: 1894, Epsilon: 0.0100, Buffer: 100000
Episode 39000/500000, Total Reward: -2942, Epsilon: 0.0100, Buffer: 100000
Episode 40000/500000, Total Reward: 6575, Epsilon: 0.0100, Buffer: 100000
Episode 41000/500000, Total Reward: 5091, Epsilon: 0.0100, Buffer: 100000
Episode 42000/500000, Total Reward: 9442, Epsilon: 0.0100, Buffer: 100000
Episode 43000/500000, Total Reward: 14901, Epsilon: 0.0100, Buffer: 100000
Episode 44000/500000, Total Reward: 6011, Epsilon: 0.0100, Buffer: 100000
Episode 45000/500000, Total Reward: 7802, Epsilon: 0.0100, Buffer: 100000
Episode 46000/500000, Total Reward: 1143, Epsilon: 0.0100, Buffer: 100000
Episode 47000/500000, Total Reward: 4618, Epsilon: 0.0100, Buffer: 100000
Episode 48000/500000, Total Reward: 18636, Epsilon: 0.0100, Buffer: 100000
Episode 49000/500000, Total Reward: 5890, Epsilon: 0.0100, Buffer: 100000
Episode 50000/500000, Total Reward: 14406, Epsilon: 0.0100, Buffer: 100000
Episode 51000/500000, Total Reward: 8430, Epsilon: 0.0100, Buffer: 100000
Episode 52000/500000, Total Reward: 10844, Epsilon: 0.0100, Buffer: 100000
Episode 53000/500000, Total Reward: 11686, Epsilon: 0.0100, Buffer: 100000
Episode 54000/500000, Total Reward: 16762, Epsilon: 0.0100, Buffer: 100000
Episode 55000/500000, Total Reward: -968, Epsilon: 0.0100, Buffer: 100000
Episode 56000/500000, Total Reward: 20237, Epsilon: 0.0100, Buffer: 100000
Episode 57000/500000, Total Reward: 5083, Epsilon: 0.0100, Buffer: 100000
Episode 58000/500000, Total Reward: 3607, Epsilon: 0.0100, Buffer: 100000
Episode 59000/500000, Total Reward: 10389, Epsilon: 0.0100, Buffer: 100000
Episode 60000/500000, Total Reward: 14355, Epsilon: 0.0100, Buffer: 100000
Episode 61000/500000, Total Reward: 19104, Epsilon: 0.0100, Buffer: 100000
Episode 62000/500000, Total Reward: 10495, Epsilon: 0.0100, Buffer: 100000
Episode 63000/500000, Total Reward: 15030, Epsilon: 0.0100, Buffer: 100000
Episode 64000/500000, Total Reward: -5252, Epsilon: 0.0100, Buffer: 100000
Episode 65000/500000, Total Reward: -3154, Epsilon: 0.0100, Buffer: 100000
Episode 66000/500000, Total Reward: 16150, Epsilon: 0.0100, Buffer: 100000
Episode 67000/500000, Total Reward: 7913, Epsilon: 0.0100, Buffer: 100000
Episode 68000/500000, Total Reward: 22451, Epsilon: 0.0100, Buffer: 100000
Episode 69000/500000, Total Reward: 19235, Epsilon: 0.0100, Buffer: 100000
Episode 70000/500000, Total Reward: 17488, Epsilon: 0.0100, Buffer: 100000
Episode 71000/500000, Total Reward: 1407, Epsilon: 0.0100, Buffer: 100000
Episode 72000/500000, Total Reward: 5622, Epsilon: 0.0100, Buffer: 100000
Episode 73000/500000, Total Reward: 14924, Epsilon: 0.0100, Buffer: 100000
Episode 74000/500000, Total Reward: 15401, Epsilon: 0.0100, Buffer: 100000
Episode 75000/500000, Total Reward: 4746, Epsilon: 0.0100, Buffer: 100000
Episode 76000/500000, Total Reward: 10893, Epsilon: 0.0100, Buffer: 100000
Episode 77000/500000, Total Reward: 4569, Epsilon: 0.0100, Buffer: 100000
Episode 78000/500000, Total Reward: 12792, Epsilon: 0.0100, Buffer: 100000
Episode 79000/500000, Total Reward: 7360, Epsilon: 0.0100, Buffer: 100000
Episode 80000/500000, Total Reward: 319, Epsilon: 0.0100, Buffer: 100000
Episode 81000/500000, Total Reward: -12512, Epsilon: 0.0100, Buffer: 100000
Episode 82000/500000, Total Reward: 15687, Epsilon: 0.0100, Buffer: 100000
Episode 83000/500000, Total Reward: 5381, Epsilon: 0.0100, Buffer: 100000
Episode 84000/500000, Total Reward: 14552, Epsilon: 0.0100, Buffer: 100000
Episode 85000/500000, Total Reward: 14263, Epsilon: 0.0100, Buffer: 100000
Episode 86000/500000, Total Reward: 9981, Epsilon: 0.0100, Buffer: 100000
Episode 87000/500000, Total Reward: 10010, Epsilon: 0.0100, Buffer: 100000
Episode 88000/500000, Total Reward: 16621, Epsilon: 0.0100, Buffer: 100000
Episode 89000/500000, Total Reward: -868, Epsilon: 0.0100, Buffer: 100000
Episode 90000/500000, Total Reward: 3093, Epsilon: 0.0100, Buffer: 100000
Episode 91000/500000, Total Reward: 14427, Epsilon: 0.0100, Buffer: 100000
Episode 92000/500000, Total Reward: 571, Epsilon: 0.0100, Buffer: 100000
Episode 93000/500000, Total Reward: 11833, Epsilon: 0.0100, Buffer: 100000
Episode 94000/500000, Total Reward: 1740, Epsilon: 0.0100, Buffer: 100000
Episode 95000/500000, Total Reward: 7193, Epsilon: 0.0100, Buffer: 100000
Episode 96000/500000, Total Reward: 3313, Epsilon: 0.0100, Buffer: 100000
Episode 97000/500000, Total Reward: -4383, Epsilon: 0.0100, Buffer: 100000
Episode 98000/500000, Total Reward: -4608, Epsilon: 0.0100, Buffer: 100000
Episode 99000/500000, Total Reward: 17542, Epsilon: 0.0100, Buffer: 100000
Episode 100000/500000, Total Reward: -1924, Epsilon: 0.0100, Buffer: 100000
Episode 101000/500000, Total Reward: 9272, Epsilon: 0.0100, Buffer: 100000
Episode 102000/500000, Total Reward: 870, Epsilon: 0.0100, Buffer: 100000
Episode 103000/500000, Total Reward: -5009, Epsilon: 0.0100, Buffer: 100000
Episode 104000/500000, Total Reward: 14712, Epsilon: 0.0100, Buffer: 100000
Episode 105000/500000, Total Reward: 16113, Epsilon: 0.0100, Buffer: 100000
Episode 106000/500000, Total Reward: 668, Epsilon: 0.0100, Buffer: 100000
Episode 107000/500000, Total Reward: 20507, Epsilon: 0.0100, Buffer: 100000
Episode 108000/500000, Total Reward: 10814, Epsilon: 0.0100, Buffer: 100000
Episode 109000/500000, Total Reward: 8309, Epsilon: 0.0100, Buffer: 100000
Episode 110000/500000, Total Reward: 9542, Epsilon: 0.0100, Buffer: 100000
Episode 111000/500000, Total Reward: -1764, Epsilon: 0.0100, Buffer: 100000
Episode 112000/500000, Total Reward: 5435, Epsilon: 0.0100, Buffer: 100000
Episode 113000/500000, Total Reward: 7902, Epsilon: 0.0100, Buffer: 100000
Episode 114000/500000, Total Reward: 5767, Epsilon: 0.0100, Buffer: 100000
Episode 115000/500000, Total Reward: 10930, Epsilon: 0.0100, Buffer: 100000
Episode 116000/500000, Total Reward: 7106, Epsilon: 0.0100, Buffer: 100000
Episode 117000/500000, Total Reward: 6797, Epsilon: 0.0100, Buffer: 100000
Episode 118000/500000, Total Reward: 5563, Epsilon: 0.0100, Buffer: 100000
Episode 119000/500000, Total Reward: 871, Epsilon: 0.0100, Buffer: 100000
Episode 120000/500000, Total Reward: 15337, Epsilon: 0.0100, Buffer: 100000
Episode 121000/500000, Total Reward: 6047, Epsilon: 0.0100, Buffer: 100000
Episode 122000/500000, Total Reward: 8183, Epsilon: 0.0100, Buffer: 100000
Episode 123000/500000, Total Reward: 4555, Epsilon: 0.0100, Buffer: 100000
Episode 124000/500000, Total Reward: 5284, Epsilon: 0.0100, Buffer: 100000
Episode 125000/500000, Total Reward: 16603, Epsilon: 0.0100, Buffer: 100000
Episode 126000/500000, Total Reward: -1444, Epsilon: 0.0100, Buffer: 100000
Episode 127000/500000, Total Reward: 4340, Epsilon: 0.0100, Buffer: 100000
Episode 128000/500000, Total Reward: 12064, Epsilon: 0.0100, Buffer: 100000
Episode 129000/500000, Total Reward: 14997, Epsilon: 0.0100, Buffer: 100000
Episode 130000/500000, Total Reward: 5853, Epsilon: 0.0100, Buffer: 100000
Episode 131000/500000, Total Reward: 10709, Epsilon: 0.0100, Buffer: 100000
Episode 132000/500000, Total Reward: 16273, Epsilon: 0.0100, Buffer: 100000
Episode 133000/500000, Total Reward: 1978, Epsilon: 0.0100, Buffer: 100000
Episode 134000/500000, Total Reward: 13801, Epsilon: 0.0100, Buffer: 100000
Episode 135000/500000, Total Reward: 8538, Epsilon: 0.0100, Buffer: 100000
Episode 136000/500000, Total Reward: 23130, Epsilon: 0.0100, Buffer: 100000
Episode 137000/500000, Total Reward: 6134, Epsilon: 0.0100, Buffer: 100000
Episode 138000/500000, Total Reward: 14894, Epsilon: 0.0100, Buffer: 100000
Episode 139000/500000, Total Reward: 16872, Epsilon: 0.0100, Buffer: 100000
Episode 140000/500000, Total Reward: 8046, Epsilon: 0.0100, Buffer: 100000
Episode 141000/500000, Total Reward: 7072, Epsilon: 0.0100, Buffer: 100000
Episode 142000/500000, Total Reward: 12827, Epsilon: 0.0100, Buffer: 100000
Episode 143000/500000, Total Reward: 4690, Epsilon: 0.0100, Buffer: 100000
Episode 144000/500000, Total Reward: 733, Epsilon: 0.0100, Buffer: 100000
Episode 145000/500000, Total Reward: 12230, Epsilon: 0.0100, Buffer: 100000
Episode 146000/500000, Total Reward: 7087, Epsilon: 0.0100, Buffer: 100000
Episode 147000/500000, Total Reward: 535, Epsilon: 0.0100, Buffer: 100000
Episode 148000/500000, Total Reward: 19864, Epsilon: 0.0100, Buffer: 100000
Episode 149000/500000, Total Reward: 11437, Epsilon: 0.0100, Buffer: 100000
Episode 150000/500000, Total Reward: -4920, Epsilon: 0.0100, Buffer: 100000
Episode 151000/500000, Total Reward: 12150, Epsilon: 0.0100, Buffer: 100000
Episode 152000/500000, Total Reward: 17637, Epsilon: 0.0100, Buffer: 100000
Episode 153000/500000, Total Reward: 2455, Epsilon: 0.0100, Buffer: 100000
Episode 154000/500000, Total Reward: 10798, Epsilon: 0.0100, Buffer: 100000
Episode 155000/500000, Total Reward: 16239, Epsilon: 0.0100, Buffer: 100000
Episode 156000/500000, Total Reward: -3345, Epsilon: 0.0100, Buffer: 100000
Episode 157000/500000, Total Reward: 13211, Epsilon: 0.0100, Buffer: 100000
Episode 158000/500000, Total Reward: 19946, Epsilon: 0.0100, Buffer: 100000
Episode 159000/500000, Total Reward: 6527, Epsilon: 0.0100, Buffer: 100000
Episode 160000/500000, Total Reward: 14883, Epsilon: 0.0100, Buffer: 100000
Episode 161000/500000, Total Reward: 10477, Epsilon: 0.0100, Buffer: 100000
Episode 162000/500000, Total Reward: 9624, Epsilon: 0.0100, Buffer: 100000
Episode 163000/500000, Total Reward: 15486, Epsilon: 0.0100, Buffer: 100000
Episode 164000/500000, Total Reward: 23780, Epsilon: 0.0100, Buffer: 100000
Episode 165000/500000, Total Reward: 13906, Epsilon: 0.0100, Buffer: 100000
Episode 166000/500000, Total Reward: 15348, Epsilon: 0.0100, Buffer: 100000
Episode 167000/500000, Total Reward: 11556, Epsilon: 0.0100, Buffer: 100000
Episode 168000/500000, Total Reward: 22335, Epsilon: 0.0100, Buffer: 100000
Episode 169000/500000, Total Reward: -669, Epsilon: 0.0100, Buffer: 100000
Episode 170000/500000, Total Reward: 13469, Epsilon: 0.0100, Buffer: 100000
Episode 171000/500000, Total Reward: 7510, Epsilon: 0.0100, Buffer: 100000
Episode 172000/500000, Total Reward: 9385, Epsilon: 0.0100, Buffer: 100000
Episode 173000/500000, Total Reward: 11690, Epsilon: 0.0100, Buffer: 100000
Episode 174000/500000, Total Reward: 4851, Epsilon: 0.0100, Buffer: 100000
Episode 175000/500000, Total Reward: 4610, Epsilon: 0.0100, Buffer: 100000
Episode 176000/500000, Total Reward: -2356, Epsilon: 0.0100, Buffer: 100000
Episode 177000/500000, Total Reward: 11817, Epsilon: 0.0100, Buffer: 100000
Episode 178000/500000, Total Reward: 9967, Epsilon: 0.0100, Buffer: 100000
Episode 179000/500000, Total Reward: 5606, Epsilon: 0.0100, Buffer: 100000
Episode 180000/500000, Total Reward: 12723, Epsilon: 0.0100, Buffer: 100000
Episode 181000/500000, Total Reward: 7546, Epsilon: 0.0100, Buffer: 100000
Episode 182000/500000, Total Reward: 11720, Epsilon: 0.0100, Buffer: 100000
Episode 183000/500000, Total Reward: 16159, Epsilon: 0.0100, Buffer: 100000
Episode 184000/500000, Total Reward: 12852, Epsilon: 0.0100, Buffer: 100000
Episode 185000/500000, Total Reward: 1777, Epsilon: 0.0100, Buffer: 100000
Episode 186000/500000, Total Reward: 19713, Epsilon: 0.0100, Buffer: 100000
Episode 187000/500000, Total Reward: 10460, Epsilon: 0.0100, Buffer: 100000
Episode 188000/500000, Total Reward: 14893, Epsilon: 0.0100, Buffer: 100000
Episode 189000/500000, Total Reward: 7271, Epsilon: 0.0100, Buffer: 100000
Episode 190000/500000, Total Reward: 7198, Epsilon: 0.0100, Buffer: 100000
Episode 191000/500000, Total Reward: 7876, Epsilon: 0.0100, Buffer: 100000
Episode 192000/500000, Total Reward: 12529, Epsilon: 0.0100, Buffer: 100000
Episode 193000/500000, Total Reward: 3386, Epsilon: 0.0100, Buffer: 100000
Episode 194000/500000, Total Reward: 10246, Epsilon: 0.0100, Buffer: 100000
Episode 195000/500000, Total Reward: 7272, Epsilon: 0.0100, Buffer: 100000
Episode 196000/500000, Total Reward: -9816, Epsilon: 0.0100, Buffer: 100000
Episode 197000/500000, Total Reward: 11192, Epsilon: 0.0100, Buffer: 100000
Episode 198000/500000, Total Reward: 13779, Epsilon: 0.0100, Buffer: 100000
Episode 199000/500000, Total Reward: 12506, Epsilon: 0.0100, Buffer: 100000
Episode 200000/500000, Total Reward: 20903, Epsilon: 0.0100, Buffer: 100000
Episode 201000/500000, Total Reward: 12616, Epsilon: 0.0100, Buffer: 100000
Episode 202000/500000, Total Reward: 14347, Epsilon: 0.0100, Buffer: 100000
Episode 203000/500000, Total Reward: 12000, Epsilon: 0.0100, Buffer: 100000
Episode 204000/500000, Total Reward: 14550, Epsilon: 0.0100, Buffer: 100000
Episode 205000/500000, Total Reward: 21077, Epsilon: 0.0100, Buffer: 100000
Episode 206000/500000, Total Reward: 4169, Epsilon: 0.0100, Buffer: 100000
Episode 207000/500000, Total Reward: -1902, Epsilon: 0.0100, Buffer: 100000
Episode 208000/500000, Total Reward: 6468, Epsilon: 0.0100, Buffer: 100000
Episode 209000/500000, Total Reward: 8633, Epsilon: 0.0100, Buffer: 100000
Episode 210000/500000, Total Reward: 3667, Epsilon: 0.0100, Buffer: 100000
Episode 211000/500000, Total Reward: 12621, Epsilon: 0.0100, Buffer: 100000
Episode 212000/500000, Total Reward: 5459, Epsilon: 0.0100, Buffer: 100000
Episode 213000/500000, Total Reward: 7736, Epsilon: 0.0100, Buffer: 100000
Episode 214000/500000, Total Reward: 11638, Epsilon: 0.0100, Buffer: 100000
Episode 215000/500000, Total Reward: -2235, Epsilon: 0.0100, Buffer: 100000
Episode 216000/500000, Total Reward: 17634, Epsilon: 0.0100, Buffer: 100000
Episode 217000/500000, Total Reward: 8638, Epsilon: 0.0100, Buffer: 100000
Episode 218000/500000, Total Reward: 15016, Epsilon: 0.0100, Buffer: 100000
Episode 219000/500000, Total Reward: 3086, Epsilon: 0.0100, Buffer: 100000
Episode 220000/500000, Total Reward: 6008, Epsilon: 0.0100, Buffer: 100000
Episode 221000/500000, Total Reward: 9821, Epsilon: 0.0100, Buffer: 100000
Episode 222000/500000, Total Reward: 16630, Epsilon: 0.0100, Buffer: 100000
Episode 223000/500000, Total Reward: 8677, Epsilon: 0.0100, Buffer: 100000
Episode 224000/500000, Total Reward: -7667, Epsilon: 0.0100, Buffer: 100000
Episode 225000/500000, Total Reward: -305, Epsilon: 0.0100, Buffer: 100000
Episode 226000/500000, Total Reward: 13139, Epsilon: 0.0100, Buffer: 100000
Episode 227000/500000, Total Reward: 15347, Epsilon: 0.0100, Buffer: 100000
Episode 228000/500000, Total Reward: 18327, Epsilon: 0.0100, Buffer: 100000
Episode 229000/500000, Total Reward: 20170, Epsilon: 0.0100, Buffer: 100000
Episode 230000/500000, Total Reward: 5904, Epsilon: 0.0100, Buffer: 100000
Episode 231000/500000, Total Reward: -493, Epsilon: 0.0100, Buffer: 100000
Episode 232000/500000, Total Reward: 12582, Epsilon: 0.0100, Buffer: 100000
Episode 233000/500000, Total Reward: 10156, Epsilon: 0.0100, Buffer: 100000
Episode 234000/500000, Total Reward: 20912, Epsilon: 0.0100, Buffer: 100000
Episode 235000/500000, Total Reward: 14358, Epsilon: 0.0100, Buffer: 100000
Episode 236000/500000, Total Reward: 1100, Epsilon: 0.0100, Buffer: 100000
Episode 237000/500000, Total Reward: 9773, Epsilon: 0.0100, Buffer: 100000
Episode 238000/500000, Total Reward: 7114, Epsilon: 0.0100, Buffer: 100000
Episode 239000/500000, Total Reward: 15426, Epsilon: 0.0100, Buffer: 100000
Episode 240000/500000, Total Reward: 6312, Epsilon: 0.0100, Buffer: 100000
Episode 241000/500000, Total Reward: 7088, Epsilon: 0.0100, Buffer: 100000
Episode 242000/500000, Total Reward: 21583, Epsilon: 0.0100, Buffer: 100000
Episode 243000/500000, Total Reward: 2480, Epsilon: 0.0100, Buffer: 100000
Episode 244000/500000, Total Reward: 4289, Epsilon: 0.0100, Buffer: 100000
Episode 245000/500000, Total Reward: 4722, Epsilon: 0.0100, Buffer: 100000
Episode 246000/500000, Total Reward: 4732, Epsilon: 0.0100, Buffer: 100000
Episode 247000/500000, Total Reward: 5000, Epsilon: 0.0100, Buffer: 100000
Episode 248000/500000, Total Reward: 7831, Epsilon: 0.0100, Buffer: 100000
Episode 249000/500000, Total Reward: -2655, Epsilon: 0.0100, Buffer: 100000
Episode 250000/500000, Total Reward: 19044, Epsilon: 0.0100, Buffer: 100000
Episode 251000/500000, Total Reward: -11622, Epsilon: 0.0100, Buffer: 100000
Episode 252000/500000, Total Reward: 2546, Epsilon: 0.0100, Buffer: 100000
Episode 253000/500000, Total Reward: 16377, Epsilon: 0.0100, Buffer: 100000
Episode 254000/500000, Total Reward: 12608, Epsilon: 0.0100, Buffer: 100000
Episode 255000/500000, Total Reward: 4142, Epsilon: 0.0100, Buffer: 100000
Episode 256000/500000, Total Reward: -1262, Epsilon: 0.0100, Buffer: 100000
Episode 257000/500000, Total Reward: 4304, Epsilon: 0.0100, Buffer: 100000
Episode 258000/500000, Total Reward: 6694, Epsilon: 0.0100, Buffer: 100000
Episode 259000/500000, Total Reward: 20113, Epsilon: 0.0100, Buffer: 100000
Episode 260000/500000, Total Reward: 18962, Epsilon: 0.0100, Buffer: 100000
Episode 261000/500000, Total Reward: 13423, Epsilon: 0.0100, Buffer: 100000
Episode 262000/500000, Total Reward: 4607, Epsilon: 0.0100, Buffer: 100000
Episode 263000/500000, Total Reward: 8368, Epsilon: 0.0100, Buffer: 100000
Episode 264000/500000, Total Reward: 7867, Epsilon: 0.0100, Buffer: 100000
Episode 265000/500000, Total Reward: 6033, Epsilon: 0.0100, Buffer: 100000
Episode 266000/500000, Total Reward: 6907, Epsilon: 0.0100, Buffer: 100000
Episode 267000/500000, Total Reward: 12918, Epsilon: 0.0100, Buffer: 100000
Episode 268000/500000, Total Reward: -1722, Epsilon: 0.0100, Buffer: 100000
Episode 269000/500000, Total Reward: 18918, Epsilon: 0.0100, Buffer: 100000
Episode 270000/500000, Total Reward: 21, Epsilon: 0.0100, Buffer: 100000
Episode 271000/500000, Total Reward: 691, Epsilon: 0.0100, Buffer: 100000
Episode 272000/500000, Total Reward: 19038, Epsilon: 0.0100, Buffer: 100000
Episode 273000/500000, Total Reward: 17657, Epsilon: 0.0100, Buffer: 100000
Episode 274000/500000, Total Reward: -3853, Epsilon: 0.0100, Buffer: 100000
Episode 275000/500000, Total Reward: 9391, Epsilon: 0.0100, Buffer: 100000
Episode 276000/500000, Total Reward: 20959, Epsilon: 0.0100, Buffer: 100000
Episode 277000/500000, Total Reward: 13554, Epsilon: 0.0100, Buffer: 100000
Episode 278000/500000, Total Reward: 17970, Epsilon: 0.0100, Buffer: 100000
Episode 279000/500000, Total Reward: 5258, Epsilon: 0.0100, Buffer: 100000
Episode 280000/500000, Total Reward: 10457, Epsilon: 0.0100, Buffer: 100000
Episode 281000/500000, Total Reward: 8175, Epsilon: 0.0100, Buffer: 100000
Episode 282000/500000, Total Reward: 23180, Epsilon: 0.0100, Buffer: 100000
Episode 283000/500000, Total Reward: 9479, Epsilon: 0.0100, Buffer: 100000
Episode 284000/500000, Total Reward: -2694, Epsilon: 0.0100, Buffer: 100000
Episode 285000/500000, Total Reward: 18405, Epsilon: 0.0100, Buffer: 100000
Episode 286000/500000, Total Reward: 14244, Epsilon: 0.0100, Buffer: 100000
Episode 287000/500000, Total Reward: 15361, Epsilon: 0.0100, Buffer: 100000
Episode 288000/500000, Total Reward: 5444, Epsilon: 0.0100, Buffer: 100000
Episode 289000/500000, Total Reward: -425, Epsilon: 0.0100, Buffer: 100000
Episode 290000/500000, Total Reward: 13822, Epsilon: 0.0100, Buffer: 100000
Episode 291000/500000, Total Reward: 16358, Epsilon: 0.0100, Buffer: 100000
Episode 292000/500000, Total Reward: 14666, Epsilon: 0.0100, Buffer: 100000
Episode 293000/500000, Total Reward: 21221, Epsilon: 0.0100, Buffer: 100000
Episode 294000/500000, Total Reward: 8428, Epsilon: 0.0100, Buffer: 100000
Episode 295000/500000, Total Reward: 10400, Epsilon: 0.0100, Buffer: 100000
Episode 296000/500000, Total Reward: 990, Epsilon: 0.0100, Buffer: 100000
Episode 297000/500000, Total Reward: 20477, Epsilon: 0.0100, Buffer: 100000
Episode 298000/500000, Total Reward: 12403, Epsilon: 0.0100, Buffer: 100000
Episode 299000/500000, Total Reward: 1773, Epsilon: 0.0100, Buffer: 100000
Episode 300000/500000, Total Reward: 13336, Epsilon: 0.0100, Buffer: 100000
Episode 301000/500000, Total Reward: -2217, Epsilon: 0.0100, Buffer: 100000
Episode 302000/500000, Total Reward: 12623, Epsilon: 0.0100, Buffer: 100000
Episode 303000/500000, Total Reward: 7667, Epsilon: 0.0100, Buffer: 100000
Episode 304000/500000, Total Reward: 9287, Epsilon: 0.0100, Buffer: 100000
Episode 305000/500000, Total Reward: 7912, Epsilon: 0.0100, Buffer: 100000
Episode 306000/500000, Total Reward: 12307, Epsilon: 0.0100, Buffer: 100000
Episode 307000/500000, Total Reward: 15983, Epsilon: 0.0100, Buffer: 100000
Episode 308000/500000, Total Reward: -4580, Epsilon: 0.0100, Buffer: 100000
Episode 309000/500000, Total Reward: -3377, Epsilon: 0.0100, Buffer: 100000
Episode 310000/500000, Total Reward: 15479, Epsilon: 0.0100, Buffer: 100000
Episode 311000/500000, Total Reward: -922, Epsilon: 0.0100, Buffer: 100000
Episode 312000/500000, Total Reward: 13116, Epsilon: 0.0100, Buffer: 100000
Episode 313000/500000, Total Reward: 11520, Epsilon: 0.0100, Buffer: 100000
Episode 314000/500000, Total Reward: 2714, Epsilon: 0.0100, Buffer: 100000
Episode 315000/500000, Total Reward: 14366, Epsilon: 0.0100, Buffer: 100000
Episode 316000/500000, Total Reward: 7521, Epsilon: 0.0100, Buffer: 100000
Episode 317000/500000, Total Reward: 22386, Epsilon: 0.0100, Buffer: 100000
Episode 318000/500000, Total Reward: 3888, Epsilon: 0.0100, Buffer: 100000
Episode 319000/500000, Total Reward: 7471, Epsilon: 0.0100, Buffer: 100000
Episode 320000/500000, Total Reward: 17227, Epsilon: 0.0100, Buffer: 100000
Episode 321000/500000, Total Reward: 23879, Epsilon: 0.0100, Buffer: 100000
Episode 322000/500000, Total Reward: -2377, Epsilon: 0.0100, Buffer: 100000
Episode 323000/500000, Total Reward: 13122, Epsilon: 0.0100, Buffer: 100000
Episode 324000/500000, Total Reward: 12636, Epsilon: 0.0100, Buffer: 100000
Episode 325000/500000, Total Reward: 1384, Epsilon: 0.0100, Buffer: 100000
Episode 326000/500000, Total Reward: -3227, Epsilon: 0.0100, Buffer: 100000
Episode 327000/500000, Total Reward: 2136, Epsilon: 0.0100, Buffer: 100000
Episode 328000/500000, Total Reward: 1778, Epsilon: 0.0100, Buffer: 100000
Episode 329000/500000, Total Reward: 22759, Epsilon: 0.0100, Buffer: 100000
Episode 330000/500000, Total Reward: 16052, Epsilon: 0.0100, Buffer: 100000
Episode 331000/500000, Total Reward: 12134, Epsilon: 0.0100, Buffer: 100000
Episode 332000/500000, Total Reward: 18969, Epsilon: 0.0100, Buffer: 100000
Episode 333000/500000, Total Reward: 5401, Epsilon: 0.0100, Buffer: 100000
Episode 334000/500000, Total Reward: 4029, Epsilon: 0.0100, Buffer: 100000
Episode 335000/500000, Total Reward: 6527, Epsilon: 0.0100, Buffer: 100000
Episode 336000/500000, Total Reward: 11729, Epsilon: 0.0100, Buffer: 100000
Episode 337000/500000, Total Reward: 8151, Epsilon: 0.0100, Buffer: 100000
Episode 338000/500000, Total Reward: 5956, Epsilon: 0.0100, Buffer: 100000
Episode 339000/500000, Total Reward: 9485, Epsilon: 0.0100, Buffer: 100000
Episode 340000/500000, Total Reward: 16441, Epsilon: 0.0100, Buffer: 100000
Episode 341000/500000, Total Reward: 12652, Epsilon: 0.0100, Buffer: 100000
Episode 342000/500000, Total Reward: 16372, Epsilon: 0.0100, Buffer: 100000
Episode 343000/500000, Total Reward: 8731, Epsilon: 0.0100, Buffer: 100000
Episode 344000/500000, Total Reward: 9306, Epsilon: 0.0100, Buffer: 100000
Episode 345000/500000, Total Reward: 3489, Epsilon: 0.0100, Buffer: 100000
Episode 346000/500000, Total Reward: 16735, Epsilon: 0.0100, Buffer: 100000
Episode 347000/500000, Total Reward: 12149, Epsilon: 0.0100, Buffer: 100000
Episode 348000/500000, Total Reward: 11018, Epsilon: 0.0100, Buffer: 100000
Episode 349000/500000, Total Reward: 9288, Epsilon: 0.0100, Buffer: 100000
Episode 350000/500000, Total Reward: 21156, Epsilon: 0.0100, Buffer: 100000
Episode 351000/500000, Total Reward: -3525, Epsilon: 0.0100, Buffer: 100000
Episode 352000/500000, Total Reward: 8093, Epsilon: 0.0100, Buffer: 100000
Episode 353000/500000, Total Reward: 13971, Epsilon: 0.0100, Buffer: 100000
Episode 354000/500000, Total Reward: 5204, Epsilon: 0.0100, Buffer: 100000
Episode 355000/500000, Total Reward: 17893, Epsilon: 0.0100, Buffer: 100000
Episode 356000/500000, Total Reward: 13520, Epsilon: 0.0100, Buffer: 100000
Episode 357000/500000, Total Reward: 12442, Epsilon: 0.0100, Buffer: 100000
Episode 358000/500000, Total Reward: 11002, Epsilon: 0.0100, Buffer: 100000
Episode 359000/500000, Total Reward: 12940, Epsilon: 0.0100, Buffer: 100000
Episode 360000/500000, Total Reward: 4333, Epsilon: 0.0100, Buffer: 100000
Episode 361000/500000, Total Reward: 15291, Epsilon: 0.0100, Buffer: 100000
Episode 362000/500000, Total Reward: 20890, Epsilon: 0.0100, Buffer: 100000
Episode 363000/500000, Total Reward: 19536, Epsilon: 0.0100, Buffer: 100000
Episode 364000/500000, Total Reward: 13698, Epsilon: 0.0100, Buffer: 100000
Episode 365000/500000, Total Reward: 71, Epsilon: 0.0100, Buffer: 100000
Episode 366000/500000, Total Reward: -2062, Epsilon: 0.0100, Buffer: 100000
Episode 367000/500000, Total Reward: 8077, Epsilon: 0.0100, Buffer: 100000
Episode 368000/500000, Total Reward: 12501, Epsilon: 0.0100, Buffer: 100000
Episode 369000/500000, Total Reward: 11746, Epsilon: 0.0100, Buffer: 100000
Episode 370000/500000, Total Reward: 14682, Epsilon: 0.0100, Buffer: 100000
Episode 371000/500000, Total Reward: 7610, Epsilon: 0.0100, Buffer: 100000
Episode 372000/500000, Total Reward: 15050, Epsilon: 0.0100, Buffer: 100000
Episode 373000/500000, Total Reward: -598, Epsilon: 0.0100, Buffer: 100000
Episode 374000/500000, Total Reward: 4708, Epsilon: 0.0100, Buffer: 100000
Episode 375000/500000, Total Reward: 6627, Epsilon: 0.0100, Buffer: 100000
Episode 376000/500000, Total Reward: 13450, Epsilon: 0.0100, Buffer: 100000
Episode 377000/500000, Total Reward: 17580, Epsilon: 0.0100, Buffer: 100000
Episode 378000/500000, Total Reward: 16564, Epsilon: 0.0100, Buffer: 100000
Episode 379000/500000, Total Reward: 5231, Epsilon: 0.0100, Buffer: 100000
Episode 380000/500000, Total Reward: 11402, Epsilon: 0.0100, Buffer: 100000
Episode 381000/500000, Total Reward: 16020, Epsilon: 0.0100, Buffer: 100000
Episode 382000/500000, Total Reward: 2424, Epsilon: 0.0100, Buffer: 100000
Episode 383000/500000, Total Reward: 791, Epsilon: 0.0100, Buffer: 100000
Episode 384000/500000, Total Reward: 15524, Epsilon: 0.0100, Buffer: 100000
Episode 385000/500000, Total Reward: 11562, Epsilon: 0.0100, Buffer: 100000
Episode 386000/500000, Total Reward: 19032, Epsilon: 0.0100, Buffer: 100000
Episode 387000/500000, Total Reward: 1126, Epsilon: 0.0100, Buffer: 100000
Episode 388000/500000, Total Reward: 5380, Epsilon: 0.0100, Buffer: 100000
Episode 389000/500000, Total Reward: 861, Epsilon: 0.0100, Buffer: 100000
Episode 390000/500000, Total Reward: 15014, Epsilon: 0.0100, Buffer: 100000
Episode 391000/500000, Total Reward: 6042, Epsilon: 0.0100, Buffer: 100000
Episode 392000/500000, Total Reward: 6346, Epsilon: 0.0100, Buffer: 100000
Episode 393000/500000, Total Reward: 4495, Epsilon: 0.0100, Buffer: 100000
Episode 394000/500000, Total Reward: 15535, Epsilon: 0.0100, Buffer: 100000
Episode 395000/500000, Total Reward: 17207, Epsilon: 0.0100, Buffer: 100000
Episode 396000/500000, Total Reward: -580, Epsilon: 0.0100, Buffer: 100000
Episode 397000/500000, Total Reward: 12507, Epsilon: 0.0100, Buffer: 100000
Episode 398000/500000, Total Reward: 11850, Epsilon: 0.0100, Buffer: 100000
Episode 399000/500000, Total Reward: 22020, Epsilon: 0.0100, Buffer: 100000
Episode 400000/500000, Total Reward: 16635, Epsilon: 0.0100, Buffer: 100000
Episode 401000/500000, Total Reward: 9983, Epsilon: 0.0100, Buffer: 100000
Episode 402000/500000, Total Reward: 4177, Epsilon: 0.0100, Buffer: 100000
Episode 403000/500000, Total Reward: 8789, Epsilon: 0.0100, Buffer: 100000
Episode 404000/500000, Total Reward: 7172, Epsilon: 0.0100, Buffer: 100000
Episode 405000/500000, Total Reward: 13509, Epsilon: 0.0100, Buffer: 100000
Episode 406000/500000, Total Reward: 3145, Epsilon: 0.0100, Buffer: 100000
Episode 407000/500000, Total Reward: -2862, Epsilon: 0.0100, Buffer: 100000
Episode 408000/500000, Total Reward: 8052, Epsilon: 0.0100, Buffer: 100000
Episode 409000/500000, Total Reward: 385, Epsilon: 0.0100, Buffer: 100000
Episode 410000/500000, Total Reward: 9115, Epsilon: 0.0100, Buffer: 100000
Episode 411000/500000, Total Reward: 7201, Epsilon: 0.0100, Buffer: 100000
Episode 412000/500000, Total Reward: -4745, Epsilon: 0.0100, Buffer: 100000
Episode 413000/500000, Total Reward: 9590, Epsilon: 0.0100, Buffer: 100000
Episode 414000/500000, Total Reward: 9525, Epsilon: 0.0100, Buffer: 100000
Episode 415000/500000, Total Reward: 9504, Epsilon: 0.0100, Buffer: 100000
Episode 416000/500000, Total Reward: -1618, Epsilon: 0.0100, Buffer: 100000
Episode 417000/500000, Total Reward: 19192, Epsilon: 0.0100, Buffer: 100000
Episode 418000/500000, Total Reward: 20192, Epsilon: 0.0100, Buffer: 100000
Episode 419000/500000, Total Reward: 9876, Epsilon: 0.0100, Buffer: 100000
Episode 420000/500000, Total Reward: 1972, Epsilon: 0.0100, Buffer: 100000
Episode 421000/500000, Total Reward: 10456, Epsilon: 0.0100, Buffer: 100000
Episode 422000/500000, Total Reward: 10581, Epsilon: 0.0100, Buffer: 100000
Episode 423000/500000, Total Reward: 10686, Epsilon: 0.0100, Buffer: 100000
Episode 424000/500000, Total Reward: 1008, Epsilon: 0.0100, Buffer: 100000
Episode 425000/500000, Total Reward: 10631, Epsilon: 0.0100, Buffer: 100000
Episode 426000/500000, Total Reward: -7288, Epsilon: 0.0100, Buffer: 100000
Episode 427000/500000, Total Reward: 3702, Epsilon: 0.0100, Buffer: 100000
Episode 428000/500000, Total Reward: 18379, Epsilon: 0.0100, Buffer: 100000
Episode 429000/500000, Total Reward: 12735, Epsilon: 0.0100, Buffer: 100000
Episode 430000/500000, Total Reward: 13995, Epsilon: 0.0100, Buffer: 100000
Episode 431000/500000, Total Reward: 21529, Epsilon: 0.0100, Buffer: 100000
Episode 432000/500000, Total Reward: 13662, Epsilon: 0.0100, Buffer: 100000
Episode 433000/500000, Total Reward: 13474, Epsilon: 0.0100, Buffer: 100000
Episode 434000/500000, Total Reward: 5209, Epsilon: 0.0100, Buffer: 100000
Episode 435000/500000, Total Reward: 11840, Epsilon: 0.0100, Buffer: 100000
Episode 436000/500000, Total Reward: 7740, Epsilon: 0.0100, Buffer: 100000
Episode 437000/500000, Total Reward: 6293, Epsilon: 0.0100, Buffer: 100000
Episode 438000/500000, Total Reward: 11808, Epsilon: 0.0100, Buffer: 100000
Episode 439000/500000, Total Reward: 6613, Epsilon: 0.0100, Buffer: 100000
Episode 440000/500000, Total Reward: 3024, Epsilon: 0.0100, Buffer: 100000
Episode 441000/500000, Total Reward: 9267, Epsilon: 0.0100, Buffer: 100000
Episode 442000/500000, Total Reward: 21935, Epsilon: 0.0100, Buffer: 100000
Episode 443000/500000, Total Reward: 20676, Epsilon: 0.0100, Buffer: 100000
Episode 444000/500000, Total Reward: 9476, Epsilon: 0.0100, Buffer: 100000
Episode 445000/500000, Total Reward: 4098, Epsilon: 0.0100, Buffer: 100000
Episode 446000/500000, Total Reward: 3710, Epsilon: 0.0100, Buffer: 100000
Episode 447000/500000, Total Reward: -67, Epsilon: 0.0100, Buffer: 100000
Episode 448000/500000, Total Reward: 13574, Epsilon: 0.0100, Buffer: 100000
Episode 449000/500000, Total Reward: 20364, Epsilon: 0.0100, Buffer: 100000
Episode 450000/500000, Total Reward: 14285, Epsilon: 0.0100, Buffer: 100000
Episode 451000/500000, Total Reward: 16991, Epsilon: 0.0100, Buffer: 100000
Episode 452000/500000, Total Reward: 11893, Epsilon: 0.0100, Buffer: 100000
Episode 453000/500000, Total Reward: 9106, Epsilon: 0.0100, Buffer: 100000
Episode 454000/500000, Total Reward: 9750, Epsilon: 0.0100, Buffer: 100000
Episode 455000/500000, Total Reward: 16907, Epsilon: 0.0100, Buffer: 100000
Episode 456000/500000, Total Reward: 14265, Epsilon: 0.0100, Buffer: 100000
Episode 457000/500000, Total Reward: 3272, Epsilon: 0.0100, Buffer: 100000
Episode 458000/500000, Total Reward: 8886, Epsilon: 0.0100, Buffer: 100000
Episode 459000/500000, Total Reward: 16316, Epsilon: 0.0100, Buffer: 100000
Episode 460000/500000, Total Reward: 16159, Epsilon: 0.0100, Buffer: 100000
Episode 461000/500000, Total Reward: -815, Epsilon: 0.0100, Buffer: 100000
Episode 462000/500000, Total Reward: 2970, Epsilon: 0.0100, Buffer: 100000
Episode 463000/500000, Total Reward: 4110, Epsilon: 0.0100, Buffer: 100000
Episode 464000/500000, Total Reward: -1102, Epsilon: 0.0100, Buffer: 100000
Episode 465000/500000, Total Reward: 10808, Epsilon: 0.0100, Buffer: 100000
Episode 466000/500000, Total Reward: 8336, Epsilon: 0.0100, Buffer: 100000
Episode 467000/500000, Total Reward: -871, Epsilon: 0.0100, Buffer: 100000
Episode 468000/500000, Total Reward: 15831, Epsilon: 0.0100, Buffer: 100000
Episode 469000/500000, Total Reward: 2443, Epsilon: 0.0100, Buffer: 100000
Episode 470000/500000, Total Reward: 10593, Epsilon: 0.0100, Buffer: 100000
Episode 471000/500000, Total Reward: 453, Epsilon: 0.0100, Buffer: 100000
Episode 472000/500000, Total Reward: 990, Epsilon: 0.0100, Buffer: 100000
Episode 473000/500000, Total Reward: 4637, Epsilon: 0.0100, Buffer: 100000
Episode 474000/500000, Total Reward: 15692, Epsilon: 0.0100, Buffer: 100000
Episode 475000/500000, Total Reward: 9540, Epsilon: 0.0100, Buffer: 100000
Episode 476000/500000, Total Reward: 3561, Epsilon: 0.0100, Buffer: 100000
Episode 477000/500000, Total Reward: 15837, Epsilon: 0.0100, Buffer: 100000
Episode 478000/500000, Total Reward: -2007, Epsilon: 0.0100, Buffer: 100000
Episode 479000/500000, Total Reward: 7353, Epsilon: 0.0100, Buffer: 100000
Episode 480000/500000, Total Reward: 13934, Epsilon: 0.0100, Buffer: 100000
Episode 481000/500000, Total Reward: -1617, Epsilon: 0.0100, Buffer: 100000
Episode 482000/500000, Total Reward: 1711, Epsilon: 0.0100, Buffer: 100000
Episode 483000/500000, Total Reward: 5950, Epsilon: 0.0100, Buffer: 100000
Episode 484000/500000, Total Reward: 18703, Epsilon: 0.0100, Buffer: 100000
Episode 485000/500000, Total Reward: 3882, Epsilon: 0.0100, Buffer: 100000
Episode 486000/500000, Total Reward: 11165, Epsilon: 0.0100, Buffer: 100000
Episode 487000/500000, Total Reward: -112, Epsilon: 0.0100, Buffer: 100000
Episode 488000/500000, Total Reward: 6299, Epsilon: 0.0100, Buffer: 100000
Episode 489000/500000, Total Reward: 2492, Epsilon: 0.0100, Buffer: 100000
Episode 490000/500000, Total Reward: 8783, Epsilon: 0.0100, Buffer: 100000
Episode 491000/500000, Total Reward: 17634, Epsilon: 0.0100, Buffer: 100000
Episode 492000/500000, Total Reward: 13380, Epsilon: 0.0100, Buffer: 100000
Episode 493000/500000, Total Reward: 14586, Epsilon: 0.0100, Buffer: 100000
Episode 494000/500000, Total Reward: 6388, Epsilon: 0.0100, Buffer: 100000
Episode 495000/500000, Total Reward: 14916, Epsilon: 0.0100, Buffer: 100000
Episode 496000/500000, Total Reward: 3168, Epsilon: 0.0100, Buffer: 100000
Episode 497000/500000, Total Reward: 10809, Epsilon: 0.0100, Buffer: 100000
Episode 498000/500000, Total Reward: 11183, Epsilon: 0.0100, Buffer: 100000
Episode 499000/500000, Total Reward: 4939, Epsilon: 0.0100, Buffer: 100000
Episode 500000/500000, Total Reward: 7817, Epsilon: 0.0100, Buffer: 100000
Extracting Q-table from DQN for compatibility...
Saved DQN model to outputs/DQN_2025_500k_run1_continue_UB_model.pth
Saved Q-table (for compatibility) to outputs/DQN_2025_500k_run1_continue_UB.pkl

Learned DQN Q-table (sample):
State: (0, 0, 9, 0)
  Action: keep, Q-value: 2157.81
  Action: replace, Q-value: 151.64
State: (1, 1, 0, 0)
  Action: keep, Q-value: 1210.97
  Action: replace, Q-value: 160.34
State: (1, 1, 0, 1)
  Action: keep, Q-value: 1039.87
  Action: replace, Q-value: 73.01
State: (1, 2, 0, 0)
  Action: keep, Q-value: 1245.63
  Action: replace, Q-value: 136.67
State: (1, 2, 0, 1)
  Action: keep, Q-value: 920.11
  Action: replace, Q-value: 151.73
State: (1, 3, 0, 0)
  Action: keep, Q-value: 1260.43
  Action: replace, Q-value: 140.21
State: (1, 3, 0, 1)
  Action: keep, Q-value: 839.92
  Action: replace, Q-value: 59.98
State: (1, 4, 0, 0)
  Action: keep, Q-value: 1168.74
  Action: replace, Q-value: 144.97
State: (1, 4, 0, 1)
  Action: keep, Q-value: 810.19
  Action: replace, Q-value: 65.64
State: (1, 4, 1, 0)
  Action: keep, Q-value: 1465.88
  Action: replace, Q-value: 167.92
Total states: 3289

Time taken for training: 87806.01 seconds
Average reward (last 1000 episodes): 9366.60
--- Run ended 2026-02-07 17:50:54 ---
