
--- Run started 2026-02-06 01:49:33 ---

======================================================================
CREATING NEW MODEL
======================================================================

Starting fresh with epsilon: 1.0000
======================================================================

Starting DQN training for 500000 episodes...
Episode 1000/500000, Total Reward: 30701, Epsilon: 0.0100, Buffer: 100000
Episode 2000/500000, Total Reward: 28247, Epsilon: 0.0100, Buffer: 100000
Episode 3000/500000, Total Reward: 24883, Epsilon: 0.0100, Buffer: 100000
Episode 4000/500000, Total Reward: 32169, Epsilon: 0.0100, Buffer: 100000
Episode 5000/500000, Total Reward: 31103, Epsilon: 0.0100, Buffer: 100000
Episode 6000/500000, Total Reward: 30392, Epsilon: 0.0100, Buffer: 100000
Episode 7000/500000, Total Reward: 31153, Epsilon: 0.0100, Buffer: 100000
Episode 8000/500000, Total Reward: 31397, Epsilon: 0.0100, Buffer: 100000
Episode 9000/500000, Total Reward: 24232, Epsilon: 0.0100, Buffer: 100000
Episode 10000/500000, Total Reward: 29122, Epsilon: 0.0100, Buffer: 100000
Episode 11000/500000, Total Reward: 39822, Epsilon: 0.0100, Buffer: 100000
Episode 12000/500000, Total Reward: 563, Epsilon: 0.0100, Buffer: 100000
Episode 13000/500000, Total Reward: 28114, Epsilon: 0.0100, Buffer: 100000
Episode 14000/500000, Total Reward: 35207, Epsilon: 0.0100, Buffer: 100000
Episode 15000/500000, Total Reward: 23698, Epsilon: 0.0100, Buffer: 100000
Episode 16000/500000, Total Reward: 302, Epsilon: 0.0100, Buffer: 100000
Episode 17000/500000, Total Reward: 31125, Epsilon: 0.0100, Buffer: 100000
Episode 18000/500000, Total Reward: 26575, Epsilon: 0.0100, Buffer: 100000
Episode 19000/500000, Total Reward: 34534, Epsilon: 0.0100, Buffer: 100000
Episode 20000/500000, Total Reward: 26082, Epsilon: 0.0100, Buffer: 100000
Episode 21000/500000, Total Reward: 27729, Epsilon: 0.0100, Buffer: 100000
Episode 22000/500000, Total Reward: 23900, Epsilon: 0.0100, Buffer: 100000
Episode 23000/500000, Total Reward: 38755, Epsilon: 0.0100, Buffer: 100000
Episode 24000/500000, Total Reward: 26936, Epsilon: 0.0100, Buffer: 100000
Episode 25000/500000, Total Reward: 34068, Epsilon: 0.0100, Buffer: 100000
Episode 26000/500000, Total Reward: 23372, Epsilon: 0.0100, Buffer: 100000
Episode 27000/500000, Total Reward: 25803, Epsilon: 0.0100, Buffer: 100000
Episode 28000/500000, Total Reward: 29613, Epsilon: 0.0100, Buffer: 100000
Episode 29000/500000, Total Reward: 39803, Epsilon: 0.0100, Buffer: 100000
Episode 30000/500000, Total Reward: 32757, Epsilon: 0.0100, Buffer: 100000
Episode 31000/500000, Total Reward: 22733, Epsilon: 0.0100, Buffer: 100000
Episode 32000/500000, Total Reward: 26401, Epsilon: 0.0100, Buffer: 100000
Episode 33000/500000, Total Reward: 23457, Epsilon: 0.0100, Buffer: 100000
Episode 34000/500000, Total Reward: 26865, Epsilon: 0.0100, Buffer: 100000
Episode 35000/500000, Total Reward: 34514, Epsilon: 0.0100, Buffer: 100000
Episode 36000/500000, Total Reward: 35765, Epsilon: 0.0100, Buffer: 100000
Episode 37000/500000, Total Reward: 27900, Epsilon: 0.0100, Buffer: 100000
Episode 38000/500000, Total Reward: 15811, Epsilon: 0.0100, Buffer: 100000
Episode 39000/500000, Total Reward: 26807, Epsilon: 0.0100, Buffer: 100000
Episode 40000/500000, Total Reward: 32376, Epsilon: 0.0100, Buffer: 100000
Episode 41000/500000, Total Reward: 34896, Epsilon: 0.0100, Buffer: 100000
Episode 42000/500000, Total Reward: 27336, Epsilon: 0.0100, Buffer: 100000
Episode 43000/500000, Total Reward: 30728, Epsilon: 0.0100, Buffer: 100000
Episode 44000/500000, Total Reward: 32493, Epsilon: 0.0100, Buffer: 100000
Episode 45000/500000, Total Reward: 25935, Epsilon: 0.0100, Buffer: 100000
Episode 46000/500000, Total Reward: 31731, Epsilon: 0.0100, Buffer: 100000
Episode 47000/500000, Total Reward: 21914, Epsilon: 0.0100, Buffer: 100000
Episode 48000/500000, Total Reward: 30121, Epsilon: 0.0100, Buffer: 100000
Episode 49000/500000, Total Reward: 32302, Epsilon: 0.0100, Buffer: 100000
Episode 50000/500000, Total Reward: 27161, Epsilon: 0.0100, Buffer: 100000
Episode 51000/500000, Total Reward: 31790, Epsilon: 0.0100, Buffer: 100000
Episode 52000/500000, Total Reward: 33377, Epsilon: 0.0100, Buffer: 100000
Episode 53000/500000, Total Reward: 35424, Epsilon: 0.0100, Buffer: 100000
Episode 54000/500000, Total Reward: 38131, Epsilon: 0.0100, Buffer: 100000
Episode 55000/500000, Total Reward: 35748, Epsilon: 0.0100, Buffer: 100000
Episode 56000/500000, Total Reward: 35242, Epsilon: 0.0100, Buffer: 100000
Episode 57000/500000, Total Reward: 30379, Epsilon: 0.0100, Buffer: 100000
Episode 58000/500000, Total Reward: 28032, Epsilon: 0.0100, Buffer: 100000
Episode 59000/500000, Total Reward: 33749, Epsilon: 0.0100, Buffer: 100000
Episode 60000/500000, Total Reward: 29346, Epsilon: 0.0100, Buffer: 100000
Episode 61000/500000, Total Reward: 26307, Epsilon: 0.0100, Buffer: 100000
Episode 62000/500000, Total Reward: 32412, Epsilon: 0.0100, Buffer: 100000
Episode 63000/500000, Total Reward: 23983, Epsilon: 0.0100, Buffer: 100000
Episode 64000/500000, Total Reward: 29357, Epsilon: 0.0100, Buffer: 100000
Episode 65000/500000, Total Reward: 27086, Epsilon: 0.0100, Buffer: 100000
Episode 66000/500000, Total Reward: 28951, Epsilon: 0.0100, Buffer: 100000
Episode 67000/500000, Total Reward: 27577, Epsilon: 0.0100, Buffer: 100000
Episode 68000/500000, Total Reward: 23630, Epsilon: 0.0100, Buffer: 100000
Episode 69000/500000, Total Reward: 36704, Epsilon: 0.0100, Buffer: 100000
Episode 70000/500000, Total Reward: 24688, Epsilon: 0.0100, Buffer: 100000
Episode 71000/500000, Total Reward: 28149, Epsilon: 0.0100, Buffer: 100000
Episode 72000/500000, Total Reward: 27114, Epsilon: 0.0100, Buffer: 100000
Episode 73000/500000, Total Reward: 32134, Epsilon: 0.0100, Buffer: 100000
Episode 74000/500000, Total Reward: 31333, Epsilon: 0.0100, Buffer: 100000
Episode 75000/500000, Total Reward: 39242, Epsilon: 0.0100, Buffer: 100000
Episode 76000/500000, Total Reward: 28582, Epsilon: 0.0100, Buffer: 100000
Episode 77000/500000, Total Reward: 35527, Epsilon: 0.0100, Buffer: 100000
Episode 78000/500000, Total Reward: 33407, Epsilon: 0.0100, Buffer: 100000
Episode 79000/500000, Total Reward: 28864, Epsilon: 0.0100, Buffer: 100000
Episode 80000/500000, Total Reward: 26778, Epsilon: 0.0100, Buffer: 100000
Episode 81000/500000, Total Reward: 36205, Epsilon: 0.0100, Buffer: 100000
Episode 82000/500000, Total Reward: 25082, Epsilon: 0.0100, Buffer: 100000
Episode 83000/500000, Total Reward: 27056, Epsilon: 0.0100, Buffer: 100000
Episode 84000/500000, Total Reward: 26437, Epsilon: 0.0100, Buffer: 100000
Episode 85000/500000, Total Reward: 39908, Epsilon: 0.0100, Buffer: 100000
Episode 86000/500000, Total Reward: 33186, Epsilon: 0.0100, Buffer: 100000
Episode 87000/500000, Total Reward: 29995, Epsilon: 0.0100, Buffer: 100000
Episode 88000/500000, Total Reward: 35392, Epsilon: 0.0100, Buffer: 100000
Episode 89000/500000, Total Reward: 29458, Epsilon: 0.0100, Buffer: 100000
Episode 90000/500000, Total Reward: 24833, Epsilon: 0.0100, Buffer: 100000
Episode 91000/500000, Total Reward: 31047, Epsilon: 0.0100, Buffer: 100000
Episode 92000/500000, Total Reward: 35734, Epsilon: 0.0100, Buffer: 100000
Episode 93000/500000, Total Reward: 19839, Epsilon: 0.0100, Buffer: 100000
Episode 94000/500000, Total Reward: 29943, Epsilon: 0.0100, Buffer: 100000
Episode 95000/500000, Total Reward: 25779, Epsilon: 0.0100, Buffer: 100000
Episode 96000/500000, Total Reward: 34446, Epsilon: 0.0100, Buffer: 100000
Episode 97000/500000, Total Reward: 41099, Epsilon: 0.0100, Buffer: 100000
Episode 98000/500000, Total Reward: 36350, Epsilon: 0.0100, Buffer: 100000
Episode 99000/500000, Total Reward: 33533, Epsilon: 0.0100, Buffer: 100000
Episode 100000/500000, Total Reward: 32627, Epsilon: 0.0100, Buffer: 100000
Episode 101000/500000, Total Reward: 34000, Epsilon: 0.0100, Buffer: 100000
Episode 102000/500000, Total Reward: 31831, Epsilon: 0.0100, Buffer: 100000
Episode 103000/500000, Total Reward: 35533, Epsilon: 0.0100, Buffer: 100000
Episode 104000/500000, Total Reward: 28425, Epsilon: 0.0100, Buffer: 100000
Episode 105000/500000, Total Reward: 34791, Epsilon: 0.0100, Buffer: 100000
Episode 106000/500000, Total Reward: 31435, Epsilon: 0.0100, Buffer: 100000
Episode 107000/500000, Total Reward: 38055, Epsilon: 0.0100, Buffer: 100000
Episode 108000/500000, Total Reward: 35708, Epsilon: 0.0100, Buffer: 100000
Episode 109000/500000, Total Reward: 28840, Epsilon: 0.0100, Buffer: 100000
Episode 110000/500000, Total Reward: 29701, Epsilon: 0.0100, Buffer: 100000
Episode 111000/500000, Total Reward: 23254, Epsilon: 0.0100, Buffer: 100000
Episode 112000/500000, Total Reward: 32432, Epsilon: 0.0100, Buffer: 100000
Episode 113000/500000, Total Reward: 28952, Epsilon: 0.0100, Buffer: 100000
Episode 114000/500000, Total Reward: 29705, Epsilon: 0.0100, Buffer: 100000
Episode 115000/500000, Total Reward: 29408, Epsilon: 0.0100, Buffer: 100000
Episode 116000/500000, Total Reward: 37162, Epsilon: 0.0100, Buffer: 100000
Episode 117000/500000, Total Reward: 29697, Epsilon: 0.0100, Buffer: 100000
Episode 118000/500000, Total Reward: 29157, Epsilon: 0.0100, Buffer: 100000
Episode 119000/500000, Total Reward: 30931, Epsilon: 0.0100, Buffer: 100000
Episode 120000/500000, Total Reward: 35786, Epsilon: 0.0100, Buffer: 100000
Episode 121000/500000, Total Reward: 27079, Epsilon: 0.0100, Buffer: 100000
Episode 122000/500000, Total Reward: 25170, Epsilon: 0.0100, Buffer: 100000
Episode 123000/500000, Total Reward: 28820, Epsilon: 0.0100, Buffer: 100000
Episode 124000/500000, Total Reward: 27438, Epsilon: 0.0100, Buffer: 100000
Episode 125000/500000, Total Reward: 19283, Epsilon: 0.0100, Buffer: 100000
Episode 126000/500000, Total Reward: 30437, Epsilon: 0.0100, Buffer: 100000
Episode 127000/500000, Total Reward: 37383, Epsilon: 0.0100, Buffer: 100000
Episode 128000/500000, Total Reward: 35271, Epsilon: 0.0100, Buffer: 100000
Episode 129000/500000, Total Reward: 11449, Epsilon: 0.0100, Buffer: 100000
Episode 130000/500000, Total Reward: 31352, Epsilon: 0.0100, Buffer: 100000
Episode 131000/500000, Total Reward: 15748, Epsilon: 0.0100, Buffer: 100000
Episode 132000/500000, Total Reward: 41567, Epsilon: 0.0100, Buffer: 100000
Episode 133000/500000, Total Reward: 33761, Epsilon: 0.0100, Buffer: 100000
Episode 134000/500000, Total Reward: 34865, Epsilon: 0.0100, Buffer: 100000
Episode 135000/500000, Total Reward: 30434, Epsilon: 0.0100, Buffer: 100000
Episode 136000/500000, Total Reward: 27575, Epsilon: 0.0100, Buffer: 100000
Episode 137000/500000, Total Reward: 28840, Epsilon: 0.0100, Buffer: 100000
Episode 138000/500000, Total Reward: 22852, Epsilon: 0.0100, Buffer: 100000
Episode 139000/500000, Total Reward: 37863, Epsilon: 0.0100, Buffer: 100000
Episode 140000/500000, Total Reward: 741, Epsilon: 0.0100, Buffer: 100000
Episode 141000/500000, Total Reward: 35436, Epsilon: 0.0100, Buffer: 100000
Episode 142000/500000, Total Reward: 40233, Epsilon: 0.0100, Buffer: 100000
Episode 143000/500000, Total Reward: 33029, Epsilon: 0.0100, Buffer: 100000
Episode 144000/500000, Total Reward: 37598, Epsilon: 0.0100, Buffer: 100000
Episode 145000/500000, Total Reward: 26215, Epsilon: 0.0100, Buffer: 100000
Episode 146000/500000, Total Reward: 33539, Epsilon: 0.0100, Buffer: 100000
Episode 147000/500000, Total Reward: 26556, Epsilon: 0.0100, Buffer: 100000
Episode 148000/500000, Total Reward: 33035, Epsilon: 0.0100, Buffer: 100000
Episode 149000/500000, Total Reward: 30732, Epsilon: 0.0100, Buffer: 100000
Episode 150000/500000, Total Reward: 24203, Epsilon: 0.0100, Buffer: 100000
Episode 151000/500000, Total Reward: 31923, Epsilon: 0.0100, Buffer: 100000
Episode 152000/500000, Total Reward: 28268, Epsilon: 0.0100, Buffer: 100000
Episode 153000/500000, Total Reward: 30021, Epsilon: 0.0100, Buffer: 100000
Episode 154000/500000, Total Reward: 36188, Epsilon: 0.0100, Buffer: 100000
Episode 155000/500000, Total Reward: 22659, Epsilon: 0.0100, Buffer: 100000
Episode 156000/500000, Total Reward: 35306, Epsilon: 0.0100, Buffer: 100000
Episode 157000/500000, Total Reward: 31843, Epsilon: 0.0100, Buffer: 100000
Episode 158000/500000, Total Reward: 37045, Epsilon: 0.0100, Buffer: 100000
Episode 159000/500000, Total Reward: 32471, Epsilon: 0.0100, Buffer: 100000
Episode 160000/500000, Total Reward: 35907, Epsilon: 0.0100, Buffer: 100000
Episode 161000/500000, Total Reward: 35211, Epsilon: 0.0100, Buffer: 100000
Episode 162000/500000, Total Reward: 28375, Epsilon: 0.0100, Buffer: 100000
Episode 163000/500000, Total Reward: 24432, Epsilon: 0.0100, Buffer: 100000
Episode 164000/500000, Total Reward: 39175, Epsilon: 0.0100, Buffer: 100000
Episode 165000/500000, Total Reward: 32673, Epsilon: 0.0100, Buffer: 100000
Episode 166000/500000, Total Reward: 34373, Epsilon: 0.0100, Buffer: 100000
Episode 167000/500000, Total Reward: 29817, Epsilon: 0.0100, Buffer: 100000
Episode 168000/500000, Total Reward: 30018, Epsilon: 0.0100, Buffer: 100000
Episode 169000/500000, Total Reward: 37854, Epsilon: 0.0100, Buffer: 100000
Episode 170000/500000, Total Reward: 34686, Epsilon: 0.0100, Buffer: 100000
Episode 171000/500000, Total Reward: 28007, Epsilon: 0.0100, Buffer: 100000
Episode 172000/500000, Total Reward: 22042, Epsilon: 0.0100, Buffer: 100000
Episode 173000/500000, Total Reward: 33415, Epsilon: 0.0100, Buffer: 100000
Episode 174000/500000, Total Reward: 23982, Epsilon: 0.0100, Buffer: 100000
Episode 175000/500000, Total Reward: 25846, Epsilon: 0.0100, Buffer: 100000
Episode 176000/500000, Total Reward: 23168, Epsilon: 0.0100, Buffer: 100000
Episode 177000/500000, Total Reward: 29117, Epsilon: 0.0100, Buffer: 100000
Episode 178000/500000, Total Reward: 23033, Epsilon: 0.0100, Buffer: 100000
Episode 179000/500000, Total Reward: 22868, Epsilon: 0.0100, Buffer: 100000
Episode 180000/500000, Total Reward: 14842, Epsilon: 0.0100, Buffer: 100000
Episode 181000/500000, Total Reward: 34304, Epsilon: 0.0100, Buffer: 100000
Episode 182000/500000, Total Reward: 19318, Epsilon: 0.0100, Buffer: 100000
Episode 183000/500000, Total Reward: 33320, Epsilon: 0.0100, Buffer: 100000
Episode 184000/500000, Total Reward: 26919, Epsilon: 0.0100, Buffer: 100000
Episode 185000/500000, Total Reward: 19655, Epsilon: 0.0100, Buffer: 100000
Episode 186000/500000, Total Reward: 25395, Epsilon: 0.0100, Buffer: 100000
Episode 187000/500000, Total Reward: 34183, Epsilon: 0.0100, Buffer: 100000
Episode 188000/500000, Total Reward: 26889, Epsilon: 0.0100, Buffer: 100000
Episode 189000/500000, Total Reward: 28494, Epsilon: 0.0100, Buffer: 100000
Episode 190000/500000, Total Reward: 34890, Epsilon: 0.0100, Buffer: 100000
Episode 191000/500000, Total Reward: 34525, Epsilon: 0.0100, Buffer: 100000
Episode 192000/500000, Total Reward: 26588, Epsilon: 0.0100, Buffer: 100000
Episode 193000/500000, Total Reward: 34072, Epsilon: 0.0100, Buffer: 100000
Episode 194000/500000, Total Reward: 34506, Epsilon: 0.0100, Buffer: 100000
Episode 195000/500000, Total Reward: 34354, Epsilon: 0.0100, Buffer: 100000
Episode 196000/500000, Total Reward: 42200, Epsilon: 0.0100, Buffer: 100000
Episode 197000/500000, Total Reward: 32118, Epsilon: 0.0100, Buffer: 100000
Episode 198000/500000, Total Reward: 33262, Epsilon: 0.0100, Buffer: 100000
Episode 199000/500000, Total Reward: 18817, Epsilon: 0.0100, Buffer: 100000
Episode 200000/500000, Total Reward: 30784, Epsilon: 0.0100, Buffer: 100000
Episode 201000/500000, Total Reward: 33015, Epsilon: 0.0100, Buffer: 100000
Episode 202000/500000, Total Reward: 33995, Epsilon: 0.0100, Buffer: 100000
Episode 203000/500000, Total Reward: 35491, Epsilon: 0.0100, Buffer: 100000
Episode 204000/500000, Total Reward: 23750, Epsilon: 0.0100, Buffer: 100000
Episode 205000/500000, Total Reward: 39174, Epsilon: 0.0100, Buffer: 100000
Episode 206000/500000, Total Reward: 36246, Epsilon: 0.0100, Buffer: 100000
Episode 207000/500000, Total Reward: 33386, Epsilon: 0.0100, Buffer: 100000
Episode 208000/500000, Total Reward: 33612, Epsilon: 0.0100, Buffer: 100000
Episode 209000/500000, Total Reward: 41956, Epsilon: 0.0100, Buffer: 100000
Episode 210000/500000, Total Reward: 29348, Epsilon: 0.0100, Buffer: 100000
Episode 211000/500000, Total Reward: 37632, Epsilon: 0.0100, Buffer: 100000
Episode 212000/500000, Total Reward: 24715, Epsilon: 0.0100, Buffer: 100000
Episode 213000/500000, Total Reward: 32812, Epsilon: 0.0100, Buffer: 100000
Episode 214000/500000, Total Reward: 28221, Epsilon: 0.0100, Buffer: 100000
Episode 215000/500000, Total Reward: 36624, Epsilon: 0.0100, Buffer: 100000
Episode 216000/500000, Total Reward: 33304, Epsilon: 0.0100, Buffer: 100000
Episode 217000/500000, Total Reward: 29345, Epsilon: 0.0100, Buffer: 100000
Episode 218000/500000, Total Reward: 33223, Epsilon: 0.0100, Buffer: 100000
Episode 219000/500000, Total Reward: 32588, Epsilon: 0.0100, Buffer: 100000
Episode 220000/500000, Total Reward: 39612, Epsilon: 0.0100, Buffer: 100000
Episode 221000/500000, Total Reward: 33092, Epsilon: 0.0100, Buffer: 100000
Episode 222000/500000, Total Reward: 39858, Epsilon: 0.0100, Buffer: 100000
Episode 223000/500000, Total Reward: 21272, Epsilon: 0.0100, Buffer: 100000
Episode 224000/500000, Total Reward: 34590, Epsilon: 0.0100, Buffer: 100000
Episode 225000/500000, Total Reward: 29061, Epsilon: 0.0100, Buffer: 100000
Episode 226000/500000, Total Reward: 34215, Epsilon: 0.0100, Buffer: 100000
Episode 227000/500000, Total Reward: 37545, Epsilon: 0.0100, Buffer: 100000
Episode 228000/500000, Total Reward: 30980, Epsilon: 0.0100, Buffer: 100000
Episode 229000/500000, Total Reward: 35922, Epsilon: 0.0100, Buffer: 100000
Episode 230000/500000, Total Reward: 39053, Epsilon: 0.0100, Buffer: 100000
Episode 231000/500000, Total Reward: 31022, Epsilon: 0.0100, Buffer: 100000
Episode 232000/500000, Total Reward: 32304, Epsilon: 0.0100, Buffer: 100000
Episode 233000/500000, Total Reward: 32332, Epsilon: 0.0100, Buffer: 100000
Episode 234000/500000, Total Reward: 33178, Epsilon: 0.0100, Buffer: 100000
Episode 235000/500000, Total Reward: 34496, Epsilon: 0.0100, Buffer: 100000
Episode 236000/500000, Total Reward: 32919, Epsilon: 0.0100, Buffer: 100000
Episode 237000/500000, Total Reward: 25681, Epsilon: 0.0100, Buffer: 100000
Episode 238000/500000, Total Reward: 32862, Epsilon: 0.0100, Buffer: 100000
Episode 239000/500000, Total Reward: 30142, Epsilon: 0.0100, Buffer: 100000
Episode 240000/500000, Total Reward: 21146, Epsilon: 0.0100, Buffer: 100000
Episode 241000/500000, Total Reward: 32958, Epsilon: 0.0100, Buffer: 100000
Episode 242000/500000, Total Reward: 20170, Epsilon: 0.0100, Buffer: 100000
Episode 243000/500000, Total Reward: 32424, Epsilon: 0.0100, Buffer: 100000
Episode 244000/500000, Total Reward: 32971, Epsilon: 0.0100, Buffer: 100000
Episode 245000/500000, Total Reward: 37199, Epsilon: 0.0100, Buffer: 100000
Episode 246000/500000, Total Reward: 28384, Epsilon: 0.0100, Buffer: 100000
Episode 247000/500000, Total Reward: 26081, Epsilon: 0.0100, Buffer: 100000
Episode 248000/500000, Total Reward: 28058, Epsilon: 0.0100, Buffer: 100000
Episode 249000/500000, Total Reward: 31685, Epsilon: 0.0100, Buffer: 100000
Episode 250000/500000, Total Reward: 25505, Epsilon: 0.0100, Buffer: 100000
Episode 251000/500000, Total Reward: 38339, Epsilon: 0.0100, Buffer: 100000
Episode 252000/500000, Total Reward: 33089, Epsilon: 0.0100, Buffer: 100000
Episode 253000/500000, Total Reward: 35360, Epsilon: 0.0100, Buffer: 100000
Episode 254000/500000, Total Reward: 35452, Epsilon: 0.0100, Buffer: 100000
Episode 255000/500000, Total Reward: 35796, Epsilon: 0.0100, Buffer: 100000
Episode 256000/500000, Total Reward: 25079, Epsilon: 0.0100, Buffer: 100000
Episode 257000/500000, Total Reward: 29986, Epsilon: 0.0100, Buffer: 100000
Episode 258000/500000, Total Reward: 28394, Epsilon: 0.0100, Buffer: 100000
Episode 259000/500000, Total Reward: 34760, Epsilon: 0.0100, Buffer: 100000
Episode 260000/500000, Total Reward: 26602, Epsilon: 0.0100, Buffer: 100000
Episode 261000/500000, Total Reward: 24351, Epsilon: 0.0100, Buffer: 100000
Episode 262000/500000, Total Reward: 33366, Epsilon: 0.0100, Buffer: 100000
Episode 263000/500000, Total Reward: 29760, Epsilon: 0.0100, Buffer: 100000
Episode 264000/500000, Total Reward: 29643, Epsilon: 0.0100, Buffer: 100000
Episode 265000/500000, Total Reward: 39750, Epsilon: 0.0100, Buffer: 100000
Episode 266000/500000, Total Reward: 36213, Epsilon: 0.0100, Buffer: 100000
Episode 267000/500000, Total Reward: 27672, Epsilon: 0.0100, Buffer: 100000
Episode 268000/500000, Total Reward: 34691, Epsilon: 0.0100, Buffer: 100000
Episode 269000/500000, Total Reward: 37583, Epsilon: 0.0100, Buffer: 100000
Episode 270000/500000, Total Reward: 28461, Epsilon: 0.0100, Buffer: 100000
Episode 271000/500000, Total Reward: 30577, Epsilon: 0.0100, Buffer: 100000
Episode 272000/500000, Total Reward: 24913, Epsilon: 0.0100, Buffer: 100000
Episode 273000/500000, Total Reward: 35413, Epsilon: 0.0100, Buffer: 100000
Episode 274000/500000, Total Reward: 39941, Epsilon: 0.0100, Buffer: 100000
Episode 275000/500000, Total Reward: 37738, Epsilon: 0.0100, Buffer: 100000
Episode 276000/500000, Total Reward: 26731, Epsilon: 0.0100, Buffer: 100000
Episode 277000/500000, Total Reward: 34780, Epsilon: 0.0100, Buffer: 100000
Episode 278000/500000, Total Reward: 35571, Epsilon: 0.0100, Buffer: 100000
Episode 279000/500000, Total Reward: 27539, Epsilon: 0.0100, Buffer: 100000
Episode 280000/500000, Total Reward: 36280, Epsilon: 0.0100, Buffer: 100000
Episode 281000/500000, Total Reward: 35768, Epsilon: 0.0100, Buffer: 100000
Episode 282000/500000, Total Reward: 31906, Epsilon: 0.0100, Buffer: 100000
Episode 283000/500000, Total Reward: 41934, Epsilon: 0.0100, Buffer: 100000
Episode 284000/500000, Total Reward: 39749, Epsilon: 0.0100, Buffer: 100000
Episode 285000/500000, Total Reward: 34734, Epsilon: 0.0100, Buffer: 100000
Episode 286000/500000, Total Reward: 41125, Epsilon: 0.0100, Buffer: 100000
Episode 287000/500000, Total Reward: 31488, Epsilon: 0.0100, Buffer: 100000
Episode 288000/500000, Total Reward: 29640, Epsilon: 0.0100, Buffer: 100000
Episode 289000/500000, Total Reward: 31188, Epsilon: 0.0100, Buffer: 100000
Episode 290000/500000, Total Reward: 31755, Epsilon: 0.0100, Buffer: 100000
Episode 291000/500000, Total Reward: 31334, Epsilon: 0.0100, Buffer: 100000
Episode 292000/500000, Total Reward: 24989, Epsilon: 0.0100, Buffer: 100000
Episode 293000/500000, Total Reward: 31152, Epsilon: 0.0100, Buffer: 100000
Episode 294000/500000, Total Reward: 29729, Epsilon: 0.0100, Buffer: 100000
Episode 295000/500000, Total Reward: 25601, Epsilon: 0.0100, Buffer: 100000
Episode 296000/500000, Total Reward: 25218, Epsilon: 0.0100, Buffer: 100000
Episode 297000/500000, Total Reward: 35802, Epsilon: 0.0100, Buffer: 100000
Episode 298000/500000, Total Reward: 36161, Epsilon: 0.0100, Buffer: 100000
Episode 299000/500000, Total Reward: 22457, Epsilon: 0.0100, Buffer: 100000
Episode 300000/500000, Total Reward: 38502, Epsilon: 0.0100, Buffer: 100000
Episode 301000/500000, Total Reward: 29149, Epsilon: 0.0100, Buffer: 100000
Episode 302000/500000, Total Reward: 41379, Epsilon: 0.0100, Buffer: 100000
Episode 303000/500000, Total Reward: 34560, Epsilon: 0.0100, Buffer: 100000
Episode 304000/500000, Total Reward: 29151, Epsilon: 0.0100, Buffer: 100000
Episode 305000/500000, Total Reward: 30320, Epsilon: 0.0100, Buffer: 100000
Episode 306000/500000, Total Reward: 32894, Epsilon: 0.0100, Buffer: 100000
Episode 307000/500000, Total Reward: 34304, Epsilon: 0.0100, Buffer: 100000
Episode 308000/500000, Total Reward: 30684, Epsilon: 0.0100, Buffer: 100000
Episode 309000/500000, Total Reward: 30725, Epsilon: 0.0100, Buffer: 100000
Episode 310000/500000, Total Reward: 23211, Epsilon: 0.0100, Buffer: 100000
Episode 311000/500000, Total Reward: 31150, Epsilon: 0.0100, Buffer: 100000
Episode 312000/500000, Total Reward: 22478, Epsilon: 0.0100, Buffer: 100000
Episode 313000/500000, Total Reward: 31608, Epsilon: 0.0100, Buffer: 100000
Episode 314000/500000, Total Reward: 30318, Epsilon: 0.0100, Buffer: 100000
Episode 315000/500000, Total Reward: 28305, Epsilon: 0.0100, Buffer: 100000
Episode 316000/500000, Total Reward: 19196, Epsilon: 0.0100, Buffer: 100000
Episode 317000/500000, Total Reward: 26465, Epsilon: 0.0100, Buffer: 100000
Episode 318000/500000, Total Reward: 27252, Epsilon: 0.0100, Buffer: 100000
Episode 319000/500000, Total Reward: 38192, Epsilon: 0.0100, Buffer: 100000
Episode 320000/500000, Total Reward: 30416, Epsilon: 0.0100, Buffer: 100000
Episode 321000/500000, Total Reward: 29704, Epsilon: 0.0100, Buffer: 100000
Episode 322000/500000, Total Reward: 35146, Epsilon: 0.0100, Buffer: 100000
Episode 323000/500000, Total Reward: 31375, Epsilon: 0.0100, Buffer: 100000
Episode 324000/500000, Total Reward: 24919, Epsilon: 0.0100, Buffer: 100000
Episode 325000/500000, Total Reward: 32343, Epsilon: 0.0100, Buffer: 100000
Episode 326000/500000, Total Reward: 26579, Epsilon: 0.0100, Buffer: 100000
Episode 327000/500000, Total Reward: 28135, Epsilon: 0.0100, Buffer: 100000
Episode 328000/500000, Total Reward: 29183, Epsilon: 0.0100, Buffer: 100000
Episode 329000/500000, Total Reward: 37984, Epsilon: 0.0100, Buffer: 100000
Episode 330000/500000, Total Reward: 34420, Epsilon: 0.0100, Buffer: 100000
Episode 331000/500000, Total Reward: 33326, Epsilon: 0.0100, Buffer: 100000
Episode 332000/500000, Total Reward: 24737, Epsilon: 0.0100, Buffer: 100000
Episode 333000/500000, Total Reward: 30155, Epsilon: 0.0100, Buffer: 100000
Episode 334000/500000, Total Reward: 28093, Epsilon: 0.0100, Buffer: 100000
Episode 335000/500000, Total Reward: 27420, Epsilon: 0.0100, Buffer: 100000
Episode 336000/500000, Total Reward: 37381, Epsilon: 0.0100, Buffer: 100000
Episode 337000/500000, Total Reward: 34692, Epsilon: 0.0100, Buffer: 100000
Episode 338000/500000, Total Reward: 33300, Epsilon: 0.0100, Buffer: 100000
Episode 339000/500000, Total Reward: 34422, Epsilon: 0.0100, Buffer: 100000
Episode 340000/500000, Total Reward: 19838, Epsilon: 0.0100, Buffer: 100000
Episode 341000/500000, Total Reward: 34948, Epsilon: 0.0100, Buffer: 100000
Episode 342000/500000, Total Reward: 32060, Epsilon: 0.0100, Buffer: 100000
Episode 343000/500000, Total Reward: 33176, Epsilon: 0.0100, Buffer: 100000
Episode 344000/500000, Total Reward: 38343, Epsilon: 0.0100, Buffer: 100000
Episode 345000/500000, Total Reward: 37679, Epsilon: 0.0100, Buffer: 100000
Episode 346000/500000, Total Reward: 38732, Epsilon: 0.0100, Buffer: 100000
Episode 347000/500000, Total Reward: 28100, Epsilon: 0.0100, Buffer: 100000
Episode 348000/500000, Total Reward: 32986, Epsilon: 0.0100, Buffer: 100000
Episode 349000/500000, Total Reward: 30967, Epsilon: 0.0100, Buffer: 100000
Episode 350000/500000, Total Reward: 37733, Epsilon: 0.0100, Buffer: 100000
Episode 351000/500000, Total Reward: 28456, Epsilon: 0.0100, Buffer: 100000
Episode 352000/500000, Total Reward: 39304, Epsilon: 0.0100, Buffer: 100000
Episode 353000/500000, Total Reward: 30051, Epsilon: 0.0100, Buffer: 100000
Episode 354000/500000, Total Reward: 27564, Epsilon: 0.0100, Buffer: 100000
Episode 355000/500000, Total Reward: 29141, Epsilon: 0.0100, Buffer: 100000
Episode 356000/500000, Total Reward: 24640, Epsilon: 0.0100, Buffer: 100000
Episode 357000/500000, Total Reward: 28408, Epsilon: 0.0100, Buffer: 100000
Episode 358000/500000, Total Reward: 30038, Epsilon: 0.0100, Buffer: 100000
Episode 359000/500000, Total Reward: 36010, Epsilon: 0.0100, Buffer: 100000
Episode 360000/500000, Total Reward: 41196, Epsilon: 0.0100, Buffer: 100000
Episode 361000/500000, Total Reward: 32900, Epsilon: 0.0100, Buffer: 100000
Episode 362000/500000, Total Reward: 31633, Epsilon: 0.0100, Buffer: 100000
Episode 363000/500000, Total Reward: 30038, Epsilon: 0.0100, Buffer: 100000
Episode 364000/500000, Total Reward: 34508, Epsilon: 0.0100, Buffer: 100000
Episode 365000/500000, Total Reward: 32364, Epsilon: 0.0100, Buffer: 100000
Episode 366000/500000, Total Reward: 35212, Epsilon: 0.0100, Buffer: 100000
Episode 367000/500000, Total Reward: 28756, Epsilon: 0.0100, Buffer: 100000
Episode 368000/500000, Total Reward: 33941, Epsilon: 0.0100, Buffer: 100000
Episode 369000/500000, Total Reward: 30446, Epsilon: 0.0100, Buffer: 100000
Episode 370000/500000, Total Reward: 30132, Epsilon: 0.0100, Buffer: 100000
Episode 371000/500000, Total Reward: 19715, Epsilon: 0.0100, Buffer: 100000
Episode 372000/500000, Total Reward: 34205, Epsilon: 0.0100, Buffer: 100000
Episode 373000/500000, Total Reward: 34619, Epsilon: 0.0100, Buffer: 100000
Episode 374000/500000, Total Reward: 28715, Epsilon: 0.0100, Buffer: 100000
Episode 375000/500000, Total Reward: 38277, Epsilon: 0.0100, Buffer: 100000
Episode 376000/500000, Total Reward: 36550, Epsilon: 0.0100, Buffer: 100000
Episode 377000/500000, Total Reward: 35609, Epsilon: 0.0100, Buffer: 100000
Episode 378000/500000, Total Reward: 36563, Epsilon: 0.0100, Buffer: 100000
Episode 379000/500000, Total Reward: 39061, Epsilon: 0.0100, Buffer: 100000
Episode 380000/500000, Total Reward: 33308, Epsilon: 0.0100, Buffer: 100000
Episode 381000/500000, Total Reward: 37849, Epsilon: 0.0100, Buffer: 100000
Episode 382000/500000, Total Reward: 33997, Epsilon: 0.0100, Buffer: 100000
Episode 383000/500000, Total Reward: 34256, Epsilon: 0.0100, Buffer: 100000
Episode 384000/500000, Total Reward: 33516, Epsilon: 0.0100, Buffer: 100000
Episode 385000/500000, Total Reward: 33671, Epsilon: 0.0100, Buffer: 100000
Episode 386000/500000, Total Reward: 25144, Epsilon: 0.0100, Buffer: 100000
Episode 387000/500000, Total Reward: 36959, Epsilon: 0.0100, Buffer: 100000
Episode 388000/500000, Total Reward: 24618, Epsilon: 0.0100, Buffer: 100000
Episode 389000/500000, Total Reward: 33012, Epsilon: 0.0100, Buffer: 100000
Episode 390000/500000, Total Reward: 33553, Epsilon: 0.0100, Buffer: 100000
Episode 391000/500000, Total Reward: 28303, Epsilon: 0.0100, Buffer: 100000
Episode 392000/500000, Total Reward: 31612, Epsilon: 0.0100, Buffer: 100000
Episode 393000/500000, Total Reward: 31715, Epsilon: 0.0100, Buffer: 100000
Episode 394000/500000, Total Reward: 37390, Epsilon: 0.0100, Buffer: 100000
Episode 395000/500000, Total Reward: 31127, Epsilon: 0.0100, Buffer: 100000
Episode 396000/500000, Total Reward: 35811, Epsilon: 0.0100, Buffer: 100000
Episode 397000/500000, Total Reward: 42719, Epsilon: 0.0100, Buffer: 100000
Episode 398000/500000, Total Reward: 29717, Epsilon: 0.0100, Buffer: 100000
Episode 399000/500000, Total Reward: 29296, Epsilon: 0.0100, Buffer: 100000
Episode 400000/500000, Total Reward: 38812, Epsilon: 0.0100, Buffer: 100000
Episode 401000/500000, Total Reward: 27833, Epsilon: 0.0100, Buffer: 100000
Episode 402000/500000, Total Reward: 32589, Epsilon: 0.0100, Buffer: 100000
Episode 403000/500000, Total Reward: 25933, Epsilon: 0.0100, Buffer: 100000
Episode 404000/500000, Total Reward: 21805, Epsilon: 0.0100, Buffer: 100000
Episode 405000/500000, Total Reward: 35857, Epsilon: 0.0100, Buffer: 100000
Episode 406000/500000, Total Reward: 23999, Epsilon: 0.0100, Buffer: 100000
Episode 407000/500000, Total Reward: 38981, Epsilon: 0.0100, Buffer: 100000
Episode 408000/500000, Total Reward: 20998, Epsilon: 0.0100, Buffer: 100000
Episode 409000/500000, Total Reward: 32166, Epsilon: 0.0100, Buffer: 100000
Episode 410000/500000, Total Reward: 38350, Epsilon: 0.0100, Buffer: 100000
Episode 411000/500000, Total Reward: 39265, Epsilon: 0.0100, Buffer: 100000
Episode 412000/500000, Total Reward: 37572, Epsilon: 0.0100, Buffer: 100000
Episode 413000/500000, Total Reward: 38980, Epsilon: 0.0100, Buffer: 100000
Episode 414000/500000, Total Reward: 29362, Epsilon: 0.0100, Buffer: 100000
Episode 415000/500000, Total Reward: 18912, Epsilon: 0.0100, Buffer: 100000
Episode 416000/500000, Total Reward: 30396, Epsilon: 0.0100, Buffer: 100000
Episode 417000/500000, Total Reward: 24860, Epsilon: 0.0100, Buffer: 100000
Episode 418000/500000, Total Reward: 39221, Epsilon: 0.0100, Buffer: 100000
Episode 419000/500000, Total Reward: 37312, Epsilon: 0.0100, Buffer: 100000
Episode 420000/500000, Total Reward: 24966, Epsilon: 0.0100, Buffer: 100000
Episode 421000/500000, Total Reward: 33221, Epsilon: 0.0100, Buffer: 100000
Episode 422000/500000, Total Reward: 23501, Epsilon: 0.0100, Buffer: 100000
Episode 423000/500000, Total Reward: 29977, Epsilon: 0.0100, Buffer: 100000
Episode 424000/500000, Total Reward: 26002, Epsilon: 0.0100, Buffer: 100000
Episode 425000/500000, Total Reward: 29133, Epsilon: 0.0100, Buffer: 100000
Episode 426000/500000, Total Reward: 18546, Epsilon: 0.0100, Buffer: 100000
Episode 427000/500000, Total Reward: 36193, Epsilon: 0.0100, Buffer: 100000
Episode 428000/500000, Total Reward: 40425, Epsilon: 0.0100, Buffer: 100000
Episode 429000/500000, Total Reward: 36098, Epsilon: 0.0100, Buffer: 100000
Episode 430000/500000, Total Reward: 33973, Epsilon: 0.0100, Buffer: 100000
Episode 431000/500000, Total Reward: 32639, Epsilon: 0.0100, Buffer: 100000
Episode 432000/500000, Total Reward: 30791, Epsilon: 0.0100, Buffer: 100000
Episode 433000/500000, Total Reward: 31971, Epsilon: 0.0100, Buffer: 100000
Episode 434000/500000, Total Reward: 42724, Epsilon: 0.0100, Buffer: 100000
Episode 435000/500000, Total Reward: 35392, Epsilon: 0.0100, Buffer: 100000
Episode 436000/500000, Total Reward: 27102, Epsilon: 0.0100, Buffer: 100000
Episode 437000/500000, Total Reward: 28016, Epsilon: 0.0100, Buffer: 100000
Episode 438000/500000, Total Reward: 35258, Epsilon: 0.0100, Buffer: 100000
Episode 439000/500000, Total Reward: 28502, Epsilon: 0.0100, Buffer: 100000
Episode 440000/500000, Total Reward: 40089, Epsilon: 0.0100, Buffer: 100000
Episode 441000/500000, Total Reward: 27074, Epsilon: 0.0100, Buffer: 100000
Episode 442000/500000, Total Reward: 31844, Epsilon: 0.0100, Buffer: 100000
Episode 443000/500000, Total Reward: 38875, Epsilon: 0.0100, Buffer: 100000
Episode 444000/500000, Total Reward: 30287, Epsilon: 0.0100, Buffer: 100000
Episode 445000/500000, Total Reward: 36466, Epsilon: 0.0100, Buffer: 100000
Episode 446000/500000, Total Reward: 23415, Epsilon: 0.0100, Buffer: 100000
Episode 447000/500000, Total Reward: 35682, Epsilon: 0.0100, Buffer: 100000
Episode 448000/500000, Total Reward: 28984, Epsilon: 0.0100, Buffer: 100000
Episode 449000/500000, Total Reward: 30912, Epsilon: 0.0100, Buffer: 100000
Episode 450000/500000, Total Reward: 18075, Epsilon: 0.0100, Buffer: 100000
Episode 451000/500000, Total Reward: 28702, Epsilon: 0.0100, Buffer: 100000
Episode 452000/500000, Total Reward: 25910, Epsilon: 0.0100, Buffer: 100000
Episode 453000/500000, Total Reward: 38248, Epsilon: 0.0100, Buffer: 100000
Episode 454000/500000, Total Reward: 37064, Epsilon: 0.0100, Buffer: 100000
Episode 455000/500000, Total Reward: 27649, Epsilon: 0.0100, Buffer: 100000
Episode 456000/500000, Total Reward: 31192, Epsilon: 0.0100, Buffer: 100000
Episode 457000/500000, Total Reward: 34462, Epsilon: 0.0100, Buffer: 100000
Episode 458000/500000, Total Reward: 39586, Epsilon: 0.0100, Buffer: 100000
Episode 459000/500000, Total Reward: 26908, Epsilon: 0.0100, Buffer: 100000
Episode 460000/500000, Total Reward: 25146, Epsilon: 0.0100, Buffer: 100000
Episode 461000/500000, Total Reward: 35480, Epsilon: 0.0100, Buffer: 100000
Episode 462000/500000, Total Reward: 42883, Epsilon: 0.0100, Buffer: 100000
Episode 463000/500000, Total Reward: 28710, Epsilon: 0.0100, Buffer: 100000
Episode 464000/500000, Total Reward: 33083, Epsilon: 0.0100, Buffer: 100000
Episode 465000/500000, Total Reward: 25434, Epsilon: 0.0100, Buffer: 100000
Episode 466000/500000, Total Reward: 28082, Epsilon: 0.0100, Buffer: 100000
Episode 467000/500000, Total Reward: 29648, Epsilon: 0.0100, Buffer: 100000
Episode 468000/500000, Total Reward: 35655, Epsilon: 0.0100, Buffer: 100000
Episode 469000/500000, Total Reward: 26332, Epsilon: 0.0100, Buffer: 100000
Episode 470000/500000, Total Reward: 31239, Epsilon: 0.0100, Buffer: 100000
Episode 471000/500000, Total Reward: 28430, Epsilon: 0.0100, Buffer: 100000
Episode 472000/500000, Total Reward: 27217, Epsilon: 0.0100, Buffer: 100000
Episode 473000/500000, Total Reward: 40076, Epsilon: 0.0100, Buffer: 100000
Episode 474000/500000, Total Reward: 36853, Epsilon: 0.0100, Buffer: 100000
Episode 475000/500000, Total Reward: 37768, Epsilon: 0.0100, Buffer: 100000
Episode 476000/500000, Total Reward: 23738, Epsilon: 0.0100, Buffer: 100000
Episode 477000/500000, Total Reward: 28921, Epsilon: 0.0100, Buffer: 100000
Episode 478000/500000, Total Reward: 31308, Epsilon: 0.0100, Buffer: 100000
Episode 479000/500000, Total Reward: 19615, Epsilon: 0.0100, Buffer: 100000
Episode 480000/500000, Total Reward: 24143, Epsilon: 0.0100, Buffer: 100000
Episode 481000/500000, Total Reward: 35136, Epsilon: 0.0100, Buffer: 100000
Episode 482000/500000, Total Reward: 25062, Epsilon: 0.0100, Buffer: 100000
Episode 483000/500000, Total Reward: 33460, Epsilon: 0.0100, Buffer: 100000
Episode 484000/500000, Total Reward: 31512, Epsilon: 0.0100, Buffer: 100000
Episode 485000/500000, Total Reward: 35036, Epsilon: 0.0100, Buffer: 100000
Episode 486000/500000, Total Reward: 31502, Epsilon: 0.0100, Buffer: 100000
Episode 487000/500000, Total Reward: 28946, Epsilon: 0.0100, Buffer: 100000
Episode 488000/500000, Total Reward: 36075, Epsilon: 0.0100, Buffer: 100000
Episode 489000/500000, Total Reward: 36964, Epsilon: 0.0100, Buffer: 100000
Episode 490000/500000, Total Reward: 36949, Epsilon: 0.0100, Buffer: 100000
Episode 491000/500000, Total Reward: 24964, Epsilon: 0.0100, Buffer: 100000
Episode 492000/500000, Total Reward: 34296, Epsilon: 0.0100, Buffer: 100000
Episode 493000/500000, Total Reward: 32139, Epsilon: 0.0100, Buffer: 100000
Episode 494000/500000, Total Reward: 32204, Epsilon: 0.0100, Buffer: 100000
Episode 495000/500000, Total Reward: 36550, Epsilon: 0.0100, Buffer: 100000
Episode 496000/500000, Total Reward: 37862, Epsilon: 0.0100, Buffer: 100000
Episode 497000/500000, Total Reward: 26009, Epsilon: 0.0100, Buffer: 100000
Episode 498000/500000, Total Reward: 36046, Epsilon: 0.0100, Buffer: 100000
Episode 499000/500000, Total Reward: 29210, Epsilon: 0.0100, Buffer: 100000
Episode 500000/500000, Total Reward: 27609, Epsilon: 0.0100, Buffer: 100000
Extracting Q-table from DQN for compatibility...
Saved DQN model to outputs/DQN_2025_500k_run5_model.pth
Saved Q-table (for compatibility) to outputs/DQN_2025_500k_run5.pkl

Learned DQN Q-table (sample):
State: (0, 0, 9, 0)
  Action: keep, Q-value: 4032.39
  Action: replace, Q-value: 2949.45
State: (1, 1, 0, 0)
  Action: keep, Q-value: 3559.04
  Action: replace, Q-value: 2963.35
State: (1, 1, 0, 1)
  Action: keep, Q-value: 3138.12
  Action: replace, Q-value: 2818.15
State: (1, 2, 0, 0)
  Action: keep, Q-value: 3599.29
  Action: replace, Q-value: 2952.58
State: (1, 2, 0, 1)
  Action: keep, Q-value: 3097.36
  Action: replace, Q-value: 2822.92
State: (1, 3, 0, 0)
  Action: keep, Q-value: 3572.92
  Action: replace, Q-value: 2951.10
State: (1, 3, 0, 1)
  Action: keep, Q-value: 3036.22
  Action: replace, Q-value: 2814.44
State: (1, 4, 0, 0)
  Action: keep, Q-value: 3507.30
  Action: replace, Q-value: 2961.72
State: (1, 4, 0, 1)
  Action: keep, Q-value: 2979.34
  Action: replace, Q-value: 2814.88
State: (1, 4, 1, 0)
  Action: keep, Q-value: 3650.28
  Action: replace, Q-value: 2968.75
Total states: 3289

Time taken for training: 119951.95 seconds
Average reward (last 1000 episodes): 31370.28
--- Run ended 2026-02-07 11:08:49 ---
