
--- Run started 2026-02-02 03:36:14 ---

======================================================================
CREATING NEW MODEL
======================================================================

Starting fresh with epsilon: 1.0000
======================================================================

Starting DQN training for 500000 episodes...
Episode 1000/500000, Total Reward: 31481, Epsilon: 0.0100, Buffer: 100000
Episode 2000/500000, Total Reward: 33386, Epsilon: 0.0100, Buffer: 100000
Episode 3000/500000, Total Reward: 31490, Epsilon: 0.0100, Buffer: 100000
Episode 4000/500000, Total Reward: 31600, Epsilon: 0.0100, Buffer: 100000
Episode 5000/500000, Total Reward: 34410, Epsilon: 0.0100, Buffer: 100000
Episode 6000/500000, Total Reward: 28756, Epsilon: 0.0100, Buffer: 100000
Episode 7000/500000, Total Reward: 31931, Epsilon: 0.0100, Buffer: 100000
Episode 8000/500000, Total Reward: 32514, Epsilon: 0.0100, Buffer: 100000
Episode 9000/500000, Total Reward: 32921, Epsilon: 0.0100, Buffer: 100000
Episode 10000/500000, Total Reward: 31892, Epsilon: 0.0100, Buffer: 100000
Episode 11000/500000, Total Reward: 36029, Epsilon: 0.0100, Buffer: 100000
Episode 12000/500000, Total Reward: 28012, Epsilon: 0.0100, Buffer: 100000
Episode 13000/500000, Total Reward: 36503, Epsilon: 0.0100, Buffer: 100000
Episode 14000/500000, Total Reward: 29747, Epsilon: 0.0100, Buffer: 100000
Episode 15000/500000, Total Reward: 19702, Epsilon: 0.0100, Buffer: 100000
Episode 16000/500000, Total Reward: 38494, Epsilon: 0.0100, Buffer: 100000
Episode 17000/500000, Total Reward: 37628, Epsilon: 0.0100, Buffer: 100000
Episode 18000/500000, Total Reward: 31050, Epsilon: 0.0100, Buffer: 100000
Episode 19000/500000, Total Reward: 39153, Epsilon: 0.0100, Buffer: 100000
Episode 20000/500000, Total Reward: 35251, Epsilon: 0.0100, Buffer: 100000
Episode 21000/500000, Total Reward: 31211, Epsilon: 0.0100, Buffer: 100000
Episode 22000/500000, Total Reward: 40629, Epsilon: 0.0100, Buffer: 100000
Episode 23000/500000, Total Reward: 29469, Epsilon: 0.0100, Buffer: 100000
Episode 24000/500000, Total Reward: 38897, Epsilon: 0.0100, Buffer: 100000
Episode 25000/500000, Total Reward: 29840, Epsilon: 0.0100, Buffer: 100000
Episode 26000/500000, Total Reward: 36386, Epsilon: 0.0100, Buffer: 100000
Episode 27000/500000, Total Reward: 23281, Epsilon: 0.0100, Buffer: 100000
Episode 28000/500000, Total Reward: 34704, Epsilon: 0.0100, Buffer: 100000
Episode 29000/500000, Total Reward: 34419, Epsilon: 0.0100, Buffer: 100000
Episode 30000/500000, Total Reward: 27287, Epsilon: 0.0100, Buffer: 100000
Episode 31000/500000, Total Reward: 34571, Epsilon: 0.0100, Buffer: 100000
Episode 32000/500000, Total Reward: 28578, Epsilon: 0.0100, Buffer: 100000
Episode 33000/500000, Total Reward: 30285, Epsilon: 0.0100, Buffer: 100000
Episode 34000/500000, Total Reward: 28182, Epsilon: 0.0100, Buffer: 100000
Episode 35000/500000, Total Reward: 40735, Epsilon: 0.0100, Buffer: 100000
Episode 36000/500000, Total Reward: 36406, Epsilon: 0.0100, Buffer: 100000
Episode 37000/500000, Total Reward: 18912, Epsilon: 0.0100, Buffer: 100000
Episode 38000/500000, Total Reward: 24984, Epsilon: 0.0100, Buffer: 100000
Episode 39000/500000, Total Reward: 27679, Epsilon: 0.0100, Buffer: 100000
Episode 40000/500000, Total Reward: 34434, Epsilon: 0.0100, Buffer: 100000
Episode 41000/500000, Total Reward: 35271, Epsilon: 0.0100, Buffer: 100000
Episode 42000/500000, Total Reward: 30457, Epsilon: 0.0100, Buffer: 100000
Episode 43000/500000, Total Reward: 27274, Epsilon: 0.0100, Buffer: 100000
Episode 44000/500000, Total Reward: 36357, Epsilon: 0.0100, Buffer: 100000
Episode 45000/500000, Total Reward: 43724, Epsilon: 0.0100, Buffer: 100000
Episode 46000/500000, Total Reward: 23592, Epsilon: 0.0100, Buffer: 100000
Episode 47000/500000, Total Reward: 35189, Epsilon: 0.0100, Buffer: 100000
Episode 48000/500000, Total Reward: 32431, Epsilon: 0.0100, Buffer: 100000
Episode 49000/500000, Total Reward: 36609, Epsilon: 0.0100, Buffer: 100000
Episode 50000/500000, Total Reward: 35905, Epsilon: 0.0100, Buffer: 100000
Episode 51000/500000, Total Reward: 32078, Epsilon: 0.0100, Buffer: 100000
Episode 52000/500000, Total Reward: 34589, Epsilon: 0.0100, Buffer: 100000
Episode 53000/500000, Total Reward: 31946, Epsilon: 0.0100, Buffer: 100000
Episode 54000/500000, Total Reward: 34810, Epsilon: 0.0100, Buffer: 100000
Episode 55000/500000, Total Reward: 20432, Epsilon: 0.0100, Buffer: 100000
Episode 56000/500000, Total Reward: 36550, Epsilon: 0.0100, Buffer: 100000
Episode 57000/500000, Total Reward: 37141, Epsilon: 0.0100, Buffer: 100000
Episode 58000/500000, Total Reward: 35294, Epsilon: 0.0100, Buffer: 100000
Episode 59000/500000, Total Reward: 28377, Epsilon: 0.0100, Buffer: 100000
Episode 60000/500000, Total Reward: 25091, Epsilon: 0.0100, Buffer: 100000
Episode 61000/500000, Total Reward: 33917, Epsilon: 0.0100, Buffer: 100000
Episode 62000/500000, Total Reward: 33966, Epsilon: 0.0100, Buffer: 100000
Episode 63000/500000, Total Reward: 34361, Epsilon: 0.0100, Buffer: 100000
Episode 64000/500000, Total Reward: 32963, Epsilon: 0.0100, Buffer: 100000
Episode 65000/500000, Total Reward: 41849, Epsilon: 0.0100, Buffer: 100000
Episode 66000/500000, Total Reward: 35605, Epsilon: 0.0100, Buffer: 100000
Episode 67000/500000, Total Reward: 28904, Epsilon: 0.0100, Buffer: 100000
Episode 68000/500000, Total Reward: 42820, Epsilon: 0.0100, Buffer: 100000
Episode 69000/500000, Total Reward: 18161, Epsilon: 0.0100, Buffer: 100000
Episode 70000/500000, Total Reward: 30421, Epsilon: 0.0100, Buffer: 100000
Episode 71000/500000, Total Reward: 32765, Epsilon: 0.0100, Buffer: 100000
Episode 72000/500000, Total Reward: 36515, Epsilon: 0.0100, Buffer: 100000
Episode 73000/500000, Total Reward: 32883, Epsilon: 0.0100, Buffer: 100000
Episode 74000/500000, Total Reward: 34845, Epsilon: 0.0100, Buffer: 100000
Episode 75000/500000, Total Reward: 20992, Epsilon: 0.0100, Buffer: 100000
Episode 76000/500000, Total Reward: 31708, Epsilon: 0.0100, Buffer: 100000
Episode 77000/500000, Total Reward: 18873, Epsilon: 0.0100, Buffer: 100000
Episode 78000/500000, Total Reward: 2906, Epsilon: 0.0100, Buffer: 100000
Episode 79000/500000, Total Reward: 20181, Epsilon: 0.0100, Buffer: 100000
Episode 80000/500000, Total Reward: 27656, Epsilon: 0.0100, Buffer: 100000
Episode 81000/500000, Total Reward: 29243, Epsilon: 0.0100, Buffer: 100000
Episode 82000/500000, Total Reward: 32221, Epsilon: 0.0100, Buffer: 100000
Episode 83000/500000, Total Reward: 26702, Epsilon: 0.0100, Buffer: 100000
Episode 84000/500000, Total Reward: 30787, Epsilon: 0.0100, Buffer: 100000
Episode 85000/500000, Total Reward: 27878, Epsilon: 0.0100, Buffer: 100000
Episode 86000/500000, Total Reward: 32957, Epsilon: 0.0100, Buffer: 100000
Episode 87000/500000, Total Reward: 34911, Epsilon: 0.0100, Buffer: 100000
Episode 88000/500000, Total Reward: 34050, Epsilon: 0.0100, Buffer: 100000
Episode 89000/500000, Total Reward: 37617, Epsilon: 0.0100, Buffer: 100000
Episode 90000/500000, Total Reward: 37393, Epsilon: 0.0100, Buffer: 100000
Episode 91000/500000, Total Reward: 32859, Epsilon: 0.0100, Buffer: 100000
Episode 92000/500000, Total Reward: 38375, Epsilon: 0.0100, Buffer: 100000
Episode 93000/500000, Total Reward: 36678, Epsilon: 0.0100, Buffer: 100000
Episode 94000/500000, Total Reward: 30863, Epsilon: 0.0100, Buffer: 100000
Episode 95000/500000, Total Reward: 26759, Epsilon: 0.0100, Buffer: 100000
Episode 96000/500000, Total Reward: 30477, Epsilon: 0.0100, Buffer: 100000
Episode 97000/500000, Total Reward: 25612, Epsilon: 0.0100, Buffer: 100000
Episode 98000/500000, Total Reward: 37955, Epsilon: 0.0100, Buffer: 100000
Episode 99000/500000, Total Reward: 29090, Epsilon: 0.0100, Buffer: 100000
Episode 100000/500000, Total Reward: 29329, Epsilon: 0.0100, Buffer: 100000
Episode 101000/500000, Total Reward: 32299, Epsilon: 0.0100, Buffer: 100000
Episode 102000/500000, Total Reward: 30463, Epsilon: 0.0100, Buffer: 100000
Episode 103000/500000, Total Reward: 30222, Epsilon: 0.0100, Buffer: 100000
Episode 104000/500000, Total Reward: 24378, Epsilon: 0.0100, Buffer: 100000
Episode 105000/500000, Total Reward: 33210, Epsilon: 0.0100, Buffer: 100000
Episode 106000/500000, Total Reward: 37145, Epsilon: 0.0100, Buffer: 100000
Episode 107000/500000, Total Reward: 32686, Epsilon: 0.0100, Buffer: 100000
Episode 108000/500000, Total Reward: 40193, Epsilon: 0.0100, Buffer: 100000
Episode 109000/500000, Total Reward: 36249, Epsilon: 0.0100, Buffer: 100000
Episode 110000/500000, Total Reward: 35856, Epsilon: 0.0100, Buffer: 100000
Episode 111000/500000, Total Reward: 38196, Epsilon: 0.0100, Buffer: 100000
Episode 112000/500000, Total Reward: 38209, Epsilon: 0.0100, Buffer: 100000
Episode 113000/500000, Total Reward: 34608, Epsilon: 0.0100, Buffer: 100000
Episode 114000/500000, Total Reward: 37140, Epsilon: 0.0100, Buffer: 100000
Episode 115000/500000, Total Reward: 22950, Epsilon: 0.0100, Buffer: 100000
Episode 116000/500000, Total Reward: 37526, Epsilon: 0.0100, Buffer: 100000
Episode 117000/500000, Total Reward: 16705, Epsilon: 0.0100, Buffer: 100000
Episode 118000/500000, Total Reward: 29610, Epsilon: 0.0100, Buffer: 100000
Episode 119000/500000, Total Reward: 35167, Epsilon: 0.0100, Buffer: 100000
Episode 120000/500000, Total Reward: 32460, Epsilon: 0.0100, Buffer: 100000
Episode 121000/500000, Total Reward: 24057, Epsilon: 0.0100, Buffer: 100000
Episode 122000/500000, Total Reward: 37919, Epsilon: 0.0100, Buffer: 100000
Episode 123000/500000, Total Reward: 33707, Epsilon: 0.0100, Buffer: 100000
Episode 124000/500000, Total Reward: 27296, Epsilon: 0.0100, Buffer: 100000
Episode 125000/500000, Total Reward: 32432, Epsilon: 0.0100, Buffer: 100000
Episode 126000/500000, Total Reward: 25986, Epsilon: 0.0100, Buffer: 100000
Episode 127000/500000, Total Reward: 32841, Epsilon: 0.0100, Buffer: 100000
Episode 128000/500000, Total Reward: 31380, Epsilon: 0.0100, Buffer: 100000
Episode 129000/500000, Total Reward: 37158, Epsilon: 0.0100, Buffer: 100000
Episode 130000/500000, Total Reward: 30889, Epsilon: 0.0100, Buffer: 100000
Episode 131000/500000, Total Reward: 25929, Epsilon: 0.0100, Buffer: 100000
Episode 132000/500000, Total Reward: 39299, Epsilon: 0.0100, Buffer: 100000
Episode 133000/500000, Total Reward: 30739, Epsilon: 0.0100, Buffer: 100000
Episode 134000/500000, Total Reward: 36934, Epsilon: 0.0100, Buffer: 100000
Episode 135000/500000, Total Reward: 26396, Epsilon: 0.0100, Buffer: 100000
Episode 136000/500000, Total Reward: 32728, Epsilon: 0.0100, Buffer: 100000
Episode 137000/500000, Total Reward: 28746, Epsilon: 0.0100, Buffer: 100000
Episode 138000/500000, Total Reward: 17176, Epsilon: 0.0100, Buffer: 100000
Episode 139000/500000, Total Reward: 27807, Epsilon: 0.0100, Buffer: 100000
Episode 140000/500000, Total Reward: 28777, Epsilon: 0.0100, Buffer: 100000
Episode 141000/500000, Total Reward: 31055, Epsilon: 0.0100, Buffer: 100000
Episode 142000/500000, Total Reward: 38955, Epsilon: 0.0100, Buffer: 100000
Episode 143000/500000, Total Reward: 22455, Epsilon: 0.0100, Buffer: 100000
Episode 144000/500000, Total Reward: 31638, Epsilon: 0.0100, Buffer: 100000
Episode 145000/500000, Total Reward: 30481, Epsilon: 0.0100, Buffer: 100000
Episode 146000/500000, Total Reward: 31858, Epsilon: 0.0100, Buffer: 100000
Episode 147000/500000, Total Reward: 34332, Epsilon: 0.0100, Buffer: 100000
Episode 148000/500000, Total Reward: 33727, Epsilon: 0.0100, Buffer: 100000
Episode 149000/500000, Total Reward: 32222, Epsilon: 0.0100, Buffer: 100000
Episode 150000/500000, Total Reward: 29140, Epsilon: 0.0100, Buffer: 100000
Episode 151000/500000, Total Reward: 38450, Epsilon: 0.0100, Buffer: 100000
Episode 152000/500000, Total Reward: 31202, Epsilon: 0.0100, Buffer: 100000
Episode 153000/500000, Total Reward: 34479, Epsilon: 0.0100, Buffer: 100000
Episode 154000/500000, Total Reward: 39818, Epsilon: 0.0100, Buffer: 100000
Episode 155000/500000, Total Reward: 39547, Epsilon: 0.0100, Buffer: 100000
Episode 156000/500000, Total Reward: 39253, Epsilon: 0.0100, Buffer: 100000
Episode 157000/500000, Total Reward: 32791, Epsilon: 0.0100, Buffer: 100000
Episode 158000/500000, Total Reward: 24097, Epsilon: 0.0100, Buffer: 100000
Episode 159000/500000, Total Reward: 34701, Epsilon: 0.0100, Buffer: 100000
Episode 160000/500000, Total Reward: 18356, Epsilon: 0.0100, Buffer: 100000
Episode 161000/500000, Total Reward: 35827, Epsilon: 0.0100, Buffer: 100000
Episode 162000/500000, Total Reward: 39660, Epsilon: 0.0100, Buffer: 100000
Episode 163000/500000, Total Reward: 28937, Epsilon: 0.0100, Buffer: 100000
Episode 164000/500000, Total Reward: 23953, Epsilon: 0.0100, Buffer: 100000
Episode 165000/500000, Total Reward: 34498, Epsilon: 0.0100, Buffer: 100000
Episode 166000/500000, Total Reward: 15753, Epsilon: 0.0100, Buffer: 100000
Episode 167000/500000, Total Reward: 33411, Epsilon: 0.0100, Buffer: 100000
Episode 168000/500000, Total Reward: 38549, Epsilon: 0.0100, Buffer: 100000
Episode 169000/500000, Total Reward: 31199, Epsilon: 0.0100, Buffer: 100000
Episode 170000/500000, Total Reward: 34301, Epsilon: 0.0100, Buffer: 100000
Episode 171000/500000, Total Reward: 41929, Epsilon: 0.0100, Buffer: 100000
Episode 172000/500000, Total Reward: 29894, Epsilon: 0.0100, Buffer: 100000
Episode 173000/500000, Total Reward: 31345, Epsilon: 0.0100, Buffer: 100000
Episode 174000/500000, Total Reward: 38876, Epsilon: 0.0100, Buffer: 100000
Episode 175000/500000, Total Reward: 30898, Epsilon: 0.0100, Buffer: 100000
Episode 176000/500000, Total Reward: 35521, Epsilon: 0.0100, Buffer: 100000
Episode 177000/500000, Total Reward: 21553, Epsilon: 0.0100, Buffer: 100000
Episode 178000/500000, Total Reward: 36182, Epsilon: 0.0100, Buffer: 100000
Episode 179000/500000, Total Reward: 36691, Epsilon: 0.0100, Buffer: 100000
Episode 180000/500000, Total Reward: 31266, Epsilon: 0.0100, Buffer: 100000
Episode 181000/500000, Total Reward: 27099, Epsilon: 0.0100, Buffer: 100000
Episode 182000/500000, Total Reward: 29499, Epsilon: 0.0100, Buffer: 100000
Episode 183000/500000, Total Reward: 30045, Epsilon: 0.0100, Buffer: 100000
Episode 184000/500000, Total Reward: 29291, Epsilon: 0.0100, Buffer: 100000
Episode 185000/500000, Total Reward: 26641, Epsilon: 0.0100, Buffer: 100000
Episode 186000/500000, Total Reward: 39887, Epsilon: 0.0100, Buffer: 100000
Episode 187000/500000, Total Reward: 34934, Epsilon: 0.0100, Buffer: 100000
Episode 188000/500000, Total Reward: 23950, Epsilon: 0.0100, Buffer: 100000
Episode 189000/500000, Total Reward: 32406, Epsilon: 0.0100, Buffer: 100000
Episode 190000/500000, Total Reward: 33438, Epsilon: 0.0100, Buffer: 100000
Episode 191000/500000, Total Reward: 28812, Epsilon: 0.0100, Buffer: 100000
Episode 192000/500000, Total Reward: 40093, Epsilon: 0.0100, Buffer: 100000
Episode 193000/500000, Total Reward: 26169, Epsilon: 0.0100, Buffer: 100000
Episode 194000/500000, Total Reward: 38424, Epsilon: 0.0100, Buffer: 100000
Episode 195000/500000, Total Reward: 28961, Epsilon: 0.0100, Buffer: 100000
Episode 196000/500000, Total Reward: 38608, Epsilon: 0.0100, Buffer: 100000
Episode 197000/500000, Total Reward: 28460, Epsilon: 0.0100, Buffer: 100000
Episode 198000/500000, Total Reward: 23106, Epsilon: 0.0100, Buffer: 100000
Episode 199000/500000, Total Reward: 37090, Epsilon: 0.0100, Buffer: 100000
Episode 200000/500000, Total Reward: 25613, Epsilon: 0.0100, Buffer: 100000
Episode 201000/500000, Total Reward: 32128, Epsilon: 0.0100, Buffer: 100000
Episode 202000/500000, Total Reward: 32779, Epsilon: 0.0100, Buffer: 100000
Episode 203000/500000, Total Reward: 35099, Epsilon: 0.0100, Buffer: 100000
Episode 204000/500000, Total Reward: 34147, Epsilon: 0.0100, Buffer: 100000
Episode 205000/500000, Total Reward: 31687, Epsilon: 0.0100, Buffer: 100000
Episode 206000/500000, Total Reward: 28732, Epsilon: 0.0100, Buffer: 100000
Episode 207000/500000, Total Reward: 25984, Epsilon: 0.0100, Buffer: 100000
Episode 208000/500000, Total Reward: 27095, Epsilon: 0.0100, Buffer: 100000
Episode 209000/500000, Total Reward: 23957, Epsilon: 0.0100, Buffer: 100000
Episode 210000/500000, Total Reward: 24684, Epsilon: 0.0100, Buffer: 100000
Episode 211000/500000, Total Reward: 35885, Epsilon: 0.0100, Buffer: 100000
Episode 212000/500000, Total Reward: 39740, Epsilon: 0.0100, Buffer: 100000
Episode 213000/500000, Total Reward: 33195, Epsilon: 0.0100, Buffer: 100000
Episode 214000/500000, Total Reward: 32173, Epsilon: 0.0100, Buffer: 100000
Episode 215000/500000, Total Reward: 27908, Epsilon: 0.0100, Buffer: 100000
Episode 216000/500000, Total Reward: 37739, Epsilon: 0.0100, Buffer: 100000
Episode 217000/500000, Total Reward: 25808, Epsilon: 0.0100, Buffer: 100000
Episode 218000/500000, Total Reward: 23552, Epsilon: 0.0100, Buffer: 100000
Episode 219000/500000, Total Reward: 31180, Epsilon: 0.0100, Buffer: 100000
Episode 220000/500000, Total Reward: 28665, Epsilon: 0.0100, Buffer: 100000
Episode 221000/500000, Total Reward: 34867, Epsilon: 0.0100, Buffer: 100000
Episode 222000/500000, Total Reward: 34450, Epsilon: 0.0100, Buffer: 100000
Episode 223000/500000, Total Reward: 32773, Epsilon: 0.0100, Buffer: 100000
Episode 224000/500000, Total Reward: 31675, Epsilon: 0.0100, Buffer: 100000
Episode 225000/500000, Total Reward: 29455, Epsilon: 0.0100, Buffer: 100000
Episode 226000/500000, Total Reward: 30160, Epsilon: 0.0100, Buffer: 100000
Episode 227000/500000, Total Reward: 33166, Epsilon: 0.0100, Buffer: 100000
Episode 228000/500000, Total Reward: 34436, Epsilon: 0.0100, Buffer: 100000
Episode 229000/500000, Total Reward: 36150, Epsilon: 0.0100, Buffer: 100000
Episode 230000/500000, Total Reward: 30090, Epsilon: 0.0100, Buffer: 100000
Episode 231000/500000, Total Reward: 37461, Epsilon: 0.0100, Buffer: 100000
Episode 232000/500000, Total Reward: 26259, Epsilon: 0.0100, Buffer: 100000
Episode 233000/500000, Total Reward: 36144, Epsilon: 0.0100, Buffer: 100000
Episode 234000/500000, Total Reward: 35553, Epsilon: 0.0100, Buffer: 100000
Episode 235000/500000, Total Reward: 30891, Epsilon: 0.0100, Buffer: 100000
Episode 236000/500000, Total Reward: 28158, Epsilon: 0.0100, Buffer: 100000
Episode 237000/500000, Total Reward: 35002, Epsilon: 0.0100, Buffer: 100000
Episode 238000/500000, Total Reward: 24345, Epsilon: 0.0100, Buffer: 100000
Episode 239000/500000, Total Reward: 34272, Epsilon: 0.0100, Buffer: 100000
Episode 240000/500000, Total Reward: 19967, Epsilon: 0.0100, Buffer: 100000
Episode 241000/500000, Total Reward: 33878, Epsilon: 0.0100, Buffer: 100000
Episode 242000/500000, Total Reward: 29233, Epsilon: 0.0100, Buffer: 100000
Episode 243000/500000, Total Reward: 36063, Epsilon: 0.0100, Buffer: 100000
Episode 244000/500000, Total Reward: 33004, Epsilon: 0.0100, Buffer: 100000
Episode 245000/500000, Total Reward: 33095, Epsilon: 0.0100, Buffer: 100000
Episode 246000/500000, Total Reward: 28213, Epsilon: 0.0100, Buffer: 100000
Episode 247000/500000, Total Reward: 27784, Epsilon: 0.0100, Buffer: 100000
Episode 248000/500000, Total Reward: 32204, Epsilon: 0.0100, Buffer: 100000
Episode 249000/500000, Total Reward: 30041, Epsilon: 0.0100, Buffer: 100000
Episode 250000/500000, Total Reward: 28063, Epsilon: 0.0100, Buffer: 100000
Episode 251000/500000, Total Reward: 28666, Epsilon: 0.0100, Buffer: 100000
Episode 252000/500000, Total Reward: 31454, Epsilon: 0.0100, Buffer: 100000
Episode 253000/500000, Total Reward: 36242, Epsilon: 0.0100, Buffer: 100000
Episode 254000/500000, Total Reward: 30891, Epsilon: 0.0100, Buffer: 100000
Episode 255000/500000, Total Reward: 37942, Epsilon: 0.0100, Buffer: 100000
Episode 256000/500000, Total Reward: 31010, Epsilon: 0.0100, Buffer: 100000
Episode 257000/500000, Total Reward: 27086, Epsilon: 0.0100, Buffer: 100000
Episode 258000/500000, Total Reward: 37943, Epsilon: 0.0100, Buffer: 100000
Episode 259000/500000, Total Reward: 27651, Epsilon: 0.0100, Buffer: 100000
Episode 260000/500000, Total Reward: 35199, Epsilon: 0.0100, Buffer: 100000
Episode 261000/500000, Total Reward: 26899, Epsilon: 0.0100, Buffer: 100000
Episode 262000/500000, Total Reward: 20468, Epsilon: 0.0100, Buffer: 100000
Episode 263000/500000, Total Reward: 27744, Epsilon: 0.0100, Buffer: 100000
Episode 264000/500000, Total Reward: 33990, Epsilon: 0.0100, Buffer: 100000
Episode 265000/500000, Total Reward: 37125, Epsilon: 0.0100, Buffer: 100000
Episode 266000/500000, Total Reward: 32984, Epsilon: 0.0100, Buffer: 100000
Episode 267000/500000, Total Reward: 30238, Epsilon: 0.0100, Buffer: 100000
Episode 268000/500000, Total Reward: 30649, Epsilon: 0.0100, Buffer: 100000
Episode 269000/500000, Total Reward: 26174, Epsilon: 0.0100, Buffer: 100000
Episode 270000/500000, Total Reward: 28217, Epsilon: 0.0100, Buffer: 100000
Episode 271000/500000, Total Reward: 20705, Epsilon: 0.0100, Buffer: 100000
Episode 272000/500000, Total Reward: 33485, Epsilon: 0.0100, Buffer: 100000
Episode 273000/500000, Total Reward: 28882, Epsilon: 0.0100, Buffer: 100000
Episode 274000/500000, Total Reward: 35527, Epsilon: 0.0100, Buffer: 100000
Episode 275000/500000, Total Reward: 37280, Epsilon: 0.0100, Buffer: 100000
Episode 276000/500000, Total Reward: 31707, Epsilon: 0.0100, Buffer: 100000
Episode 277000/500000, Total Reward: 34481, Epsilon: 0.0100, Buffer: 100000
Episode 278000/500000, Total Reward: 29333, Epsilon: 0.0100, Buffer: 100000
Episode 279000/500000, Total Reward: 33845, Epsilon: 0.0100, Buffer: 100000
Episode 280000/500000, Total Reward: 37563, Epsilon: 0.0100, Buffer: 100000
Episode 281000/500000, Total Reward: 33435, Epsilon: 0.0100, Buffer: 100000
Episode 282000/500000, Total Reward: 30623, Epsilon: 0.0100, Buffer: 100000
Episode 283000/500000, Total Reward: 36504, Epsilon: 0.0100, Buffer: 100000
Episode 284000/500000, Total Reward: 42717, Epsilon: 0.0100, Buffer: 100000
Episode 285000/500000, Total Reward: 28828, Epsilon: 0.0100, Buffer: 100000
Episode 286000/500000, Total Reward: 32941, Epsilon: 0.0100, Buffer: 100000
Episode 287000/500000, Total Reward: 27679, Epsilon: 0.0100, Buffer: 100000
Episode 288000/500000, Total Reward: 33614, Epsilon: 0.0100, Buffer: 100000
Episode 289000/500000, Total Reward: 32674, Epsilon: 0.0100, Buffer: 100000
Episode 290000/500000, Total Reward: 34923, Epsilon: 0.0100, Buffer: 100000
Episode 291000/500000, Total Reward: 19594, Epsilon: 0.0100, Buffer: 100000
Episode 292000/500000, Total Reward: 32160, Epsilon: 0.0100, Buffer: 100000
Episode 293000/500000, Total Reward: 31428, Epsilon: 0.0100, Buffer: 100000
Episode 294000/500000, Total Reward: 25886, Epsilon: 0.0100, Buffer: 100000
Episode 295000/500000, Total Reward: 29430, Epsilon: 0.0100, Buffer: 100000
Episode 296000/500000, Total Reward: 31586, Epsilon: 0.0100, Buffer: 100000
Episode 297000/500000, Total Reward: 31415, Epsilon: 0.0100, Buffer: 100000
Episode 298000/500000, Total Reward: 29881, Epsilon: 0.0100, Buffer: 100000
Episode 299000/500000, Total Reward: 30909, Epsilon: 0.0100, Buffer: 100000
Episode 300000/500000, Total Reward: 19142, Epsilon: 0.0100, Buffer: 100000
Episode 301000/500000, Total Reward: 27118, Epsilon: 0.0100, Buffer: 100000
Episode 302000/500000, Total Reward: 20062, Epsilon: 0.0100, Buffer: 100000
Episode 303000/500000, Total Reward: 28631, Epsilon: 0.0100, Buffer: 100000
Episode 304000/500000, Total Reward: 30030, Epsilon: 0.0100, Buffer: 100000
Episode 305000/500000, Total Reward: 37632, Epsilon: 0.0100, Buffer: 100000
Episode 306000/500000, Total Reward: 35657, Epsilon: 0.0100, Buffer: 100000
Episode 307000/500000, Total Reward: 28279, Epsilon: 0.0100, Buffer: 100000
Episode 308000/500000, Total Reward: 36188, Epsilon: 0.0100, Buffer: 100000
Episode 309000/500000, Total Reward: 28965, Epsilon: 0.0100, Buffer: 100000
Episode 310000/500000, Total Reward: 28971, Epsilon: 0.0100, Buffer: 100000
Episode 311000/500000, Total Reward: 23749, Epsilon: 0.0100, Buffer: 100000
Episode 312000/500000, Total Reward: 32776, Epsilon: 0.0100, Buffer: 100000
Episode 313000/500000, Total Reward: 23164, Epsilon: 0.0100, Buffer: 100000
Episode 314000/500000, Total Reward: 37907, Epsilon: 0.0100, Buffer: 100000
Episode 315000/500000, Total Reward: 33400, Epsilon: 0.0100, Buffer: 100000
Episode 316000/500000, Total Reward: 31825, Epsilon: 0.0100, Buffer: 100000
Episode 317000/500000, Total Reward: 36741, Epsilon: 0.0100, Buffer: 100000
Episode 318000/500000, Total Reward: 37582, Epsilon: 0.0100, Buffer: 100000
Episode 319000/500000, Total Reward: 31912, Epsilon: 0.0100, Buffer: 100000
Episode 320000/500000, Total Reward: 39578, Epsilon: 0.0100, Buffer: 100000
Episode 321000/500000, Total Reward: 36121, Epsilon: 0.0100, Buffer: 100000
Episode 322000/500000, Total Reward: 33571, Epsilon: 0.0100, Buffer: 100000
Episode 323000/500000, Total Reward: 27919, Epsilon: 0.0100, Buffer: 100000
Episode 324000/500000, Total Reward: 33968, Epsilon: 0.0100, Buffer: 100000
Episode 325000/500000, Total Reward: 34933, Epsilon: 0.0100, Buffer: 100000
Episode 326000/500000, Total Reward: 37004, Epsilon: 0.0100, Buffer: 100000
Episode 327000/500000, Total Reward: 34019, Epsilon: 0.0100, Buffer: 100000
Episode 328000/500000, Total Reward: 26761, Epsilon: 0.0100, Buffer: 100000
Episode 329000/500000, Total Reward: 35260, Epsilon: 0.0100, Buffer: 100000
Episode 330000/500000, Total Reward: 31633, Epsilon: 0.0100, Buffer: 100000
Episode 331000/500000, Total Reward: 35884, Epsilon: 0.0100, Buffer: 100000
Episode 332000/500000, Total Reward: 31594, Epsilon: 0.0100, Buffer: 100000
Episode 333000/500000, Total Reward: 39635, Epsilon: 0.0100, Buffer: 100000
Episode 334000/500000, Total Reward: 30136, Epsilon: 0.0100, Buffer: 100000
Episode 335000/500000, Total Reward: 30000, Epsilon: 0.0100, Buffer: 100000
Episode 336000/500000, Total Reward: 38366, Epsilon: 0.0100, Buffer: 100000
Episode 337000/500000, Total Reward: 30539, Epsilon: 0.0100, Buffer: 100000
Episode 338000/500000, Total Reward: 33359, Epsilon: 0.0100, Buffer: 100000
Episode 339000/500000, Total Reward: 24771, Epsilon: 0.0100, Buffer: 100000
Episode 340000/500000, Total Reward: 33964, Epsilon: 0.0100, Buffer: 100000
Episode 341000/500000, Total Reward: 27399, Epsilon: 0.0100, Buffer: 100000
Episode 342000/500000, Total Reward: 20411, Epsilon: 0.0100, Buffer: 100000
Episode 343000/500000, Total Reward: 25009, Epsilon: 0.0100, Buffer: 100000
Episode 344000/500000, Total Reward: 33769, Epsilon: 0.0100, Buffer: 100000
Episode 345000/500000, Total Reward: 23642, Epsilon: 0.0100, Buffer: 100000
Episode 346000/500000, Total Reward: 38365, Epsilon: 0.0100, Buffer: 100000
Episode 347000/500000, Total Reward: 35245, Epsilon: 0.0100, Buffer: 100000
Episode 348000/500000, Total Reward: 15910, Epsilon: 0.0100, Buffer: 100000
Episode 349000/500000, Total Reward: 30546, Epsilon: 0.0100, Buffer: 100000
Episode 350000/500000, Total Reward: 36801, Epsilon: 0.0100, Buffer: 100000
Episode 351000/500000, Total Reward: 33431, Epsilon: 0.0100, Buffer: 100000
Episode 352000/500000, Total Reward: 22640, Epsilon: 0.0100, Buffer: 100000
Episode 353000/500000, Total Reward: 31985, Epsilon: 0.0100, Buffer: 100000
Episode 354000/500000, Total Reward: 34284, Epsilon: 0.0100, Buffer: 100000
Episode 355000/500000, Total Reward: 33078, Epsilon: 0.0100, Buffer: 100000
Episode 356000/500000, Total Reward: 38037, Epsilon: 0.0100, Buffer: 100000
Episode 357000/500000, Total Reward: 28448, Epsilon: 0.0100, Buffer: 100000
Episode 358000/500000, Total Reward: 39042, Epsilon: 0.0100, Buffer: 100000
Episode 359000/500000, Total Reward: 30693, Epsilon: 0.0100, Buffer: 100000
Episode 360000/500000, Total Reward: 25953, Epsilon: 0.0100, Buffer: 100000
Episode 361000/500000, Total Reward: 34683, Epsilon: 0.0100, Buffer: 100000
Episode 362000/500000, Total Reward: 25603, Epsilon: 0.0100, Buffer: 100000
Episode 363000/500000, Total Reward: 38558, Epsilon: 0.0100, Buffer: 100000
Episode 364000/500000, Total Reward: 22436, Epsilon: 0.0100, Buffer: 100000
Episode 365000/500000, Total Reward: 27558, Epsilon: 0.0100, Buffer: 100000
Episode 366000/500000, Total Reward: 24726, Epsilon: 0.0100, Buffer: 100000
Episode 367000/500000, Total Reward: 44904, Epsilon: 0.0100, Buffer: 100000
Episode 368000/500000, Total Reward: 33540, Epsilon: 0.0100, Buffer: 100000
Episode 369000/500000, Total Reward: 31546, Epsilon: 0.0100, Buffer: 100000
Episode 370000/500000, Total Reward: 31908, Epsilon: 0.0100, Buffer: 100000
Episode 371000/500000, Total Reward: 33097, Epsilon: 0.0100, Buffer: 100000
Episode 372000/500000, Total Reward: 31911, Epsilon: 0.0100, Buffer: 100000
Episode 373000/500000, Total Reward: 25916, Epsilon: 0.0100, Buffer: 100000
Episode 374000/500000, Total Reward: 29758, Epsilon: 0.0100, Buffer: 100000
Episode 375000/500000, Total Reward: 33211, Epsilon: 0.0100, Buffer: 100000
Episode 376000/500000, Total Reward: 36888, Epsilon: 0.0100, Buffer: 100000
Episode 377000/500000, Total Reward: 36964, Epsilon: 0.0100, Buffer: 100000
Episode 378000/500000, Total Reward: 36715, Epsilon: 0.0100, Buffer: 100000
Episode 379000/500000, Total Reward: 36846, Epsilon: 0.0100, Buffer: 100000
Episode 380000/500000, Total Reward: 32796, Epsilon: 0.0100, Buffer: 100000
Episode 381000/500000, Total Reward: 42071, Epsilon: 0.0100, Buffer: 100000
Episode 382000/500000, Total Reward: 34902, Epsilon: 0.0100, Buffer: 100000
Episode 383000/500000, Total Reward: 26914, Epsilon: 0.0100, Buffer: 100000
Episode 384000/500000, Total Reward: 31587, Epsilon: 0.0100, Buffer: 100000
Episode 385000/500000, Total Reward: 32311, Epsilon: 0.0100, Buffer: 100000
Episode 386000/500000, Total Reward: 21493, Epsilon: 0.0100, Buffer: 100000
Episode 387000/500000, Total Reward: 34974, Epsilon: 0.0100, Buffer: 100000
Episode 388000/500000, Total Reward: 32040, Epsilon: 0.0100, Buffer: 100000
Episode 389000/500000, Total Reward: 33766, Epsilon: 0.0100, Buffer: 100000
Episode 390000/500000, Total Reward: 27361, Epsilon: 0.0100, Buffer: 100000
Episode 391000/500000, Total Reward: 35357, Epsilon: 0.0100, Buffer: 100000
Episode 392000/500000, Total Reward: 41544, Epsilon: 0.0100, Buffer: 100000
Episode 393000/500000, Total Reward: 29186, Epsilon: 0.0100, Buffer: 100000
Episode 394000/500000, Total Reward: 19969, Epsilon: 0.0100, Buffer: 100000
Episode 395000/500000, Total Reward: 27937, Epsilon: 0.0100, Buffer: 100000
Episode 396000/500000, Total Reward: 27537, Epsilon: 0.0100, Buffer: 100000
Episode 397000/500000, Total Reward: 37460, Epsilon: 0.0100, Buffer: 100000
Episode 398000/500000, Total Reward: 23202, Epsilon: 0.0100, Buffer: 100000
Episode 399000/500000, Total Reward: 34052, Epsilon: 0.0100, Buffer: 100000
Episode 400000/500000, Total Reward: 29778, Epsilon: 0.0100, Buffer: 100000
Episode 401000/500000, Total Reward: 29616, Epsilon: 0.0100, Buffer: 100000
Episode 402000/500000, Total Reward: 29713, Epsilon: 0.0100, Buffer: 100000
Episode 403000/500000, Total Reward: 32007, Epsilon: 0.0100, Buffer: 100000
Episode 404000/500000, Total Reward: 33163, Epsilon: 0.0100, Buffer: 100000
Episode 405000/500000, Total Reward: 36146, Epsilon: 0.0100, Buffer: 100000
Episode 406000/500000, Total Reward: 37519, Epsilon: 0.0100, Buffer: 100000
Episode 407000/500000, Total Reward: 27843, Epsilon: 0.0100, Buffer: 100000
Episode 408000/500000, Total Reward: 31185, Epsilon: 0.0100, Buffer: 100000
Episode 409000/500000, Total Reward: 38550, Epsilon: 0.0100, Buffer: 100000
Episode 410000/500000, Total Reward: 31651, Epsilon: 0.0100, Buffer: 100000
Episode 411000/500000, Total Reward: 35933, Epsilon: 0.0100, Buffer: 100000
Episode 412000/500000, Total Reward: 34479, Epsilon: 0.0100, Buffer: 100000
Episode 413000/500000, Total Reward: 29661, Epsilon: 0.0100, Buffer: 100000
Episode 414000/500000, Total Reward: 31395, Epsilon: 0.0100, Buffer: 100000
Episode 415000/500000, Total Reward: 35094, Epsilon: 0.0100, Buffer: 100000
Episode 416000/500000, Total Reward: 28615, Epsilon: 0.0100, Buffer: 100000
Episode 417000/500000, Total Reward: 32740, Epsilon: 0.0100, Buffer: 100000
Episode 418000/500000, Total Reward: 34389, Epsilon: 0.0100, Buffer: 100000
Episode 419000/500000, Total Reward: 27147, Epsilon: 0.0100, Buffer: 100000
Episode 420000/500000, Total Reward: 23028, Epsilon: 0.0100, Buffer: 100000
Episode 421000/500000, Total Reward: 37933, Epsilon: 0.0100, Buffer: 100000
Episode 422000/500000, Total Reward: 36400, Epsilon: 0.0100, Buffer: 100000
Episode 423000/500000, Total Reward: 32230, Epsilon: 0.0100, Buffer: 100000
Episode 424000/500000, Total Reward: 34360, Epsilon: 0.0100, Buffer: 100000
Episode 425000/500000, Total Reward: 26286, Epsilon: 0.0100, Buffer: 100000
Episode 426000/500000, Total Reward: 30845, Epsilon: 0.0100, Buffer: 100000
Episode 427000/500000, Total Reward: 22567, Epsilon: 0.0100, Buffer: 100000
Episode 428000/500000, Total Reward: 34816, Epsilon: 0.0100, Buffer: 100000
Episode 429000/500000, Total Reward: 36643, Epsilon: 0.0100, Buffer: 100000
Episode 430000/500000, Total Reward: 35317, Epsilon: 0.0100, Buffer: 100000
Episode 431000/500000, Total Reward: 25592, Epsilon: 0.0100, Buffer: 100000
Episode 432000/500000, Total Reward: 25553, Epsilon: 0.0100, Buffer: 100000
Episode 433000/500000, Total Reward: 32855, Epsilon: 0.0100, Buffer: 100000
Episode 434000/500000, Total Reward: 27347, Epsilon: 0.0100, Buffer: 100000
Episode 435000/500000, Total Reward: 28495, Epsilon: 0.0100, Buffer: 100000
Episode 436000/500000, Total Reward: 36517, Epsilon: 0.0100, Buffer: 100000
Episode 437000/500000, Total Reward: 27961, Epsilon: 0.0100, Buffer: 100000
Episode 438000/500000, Total Reward: 37578, Epsilon: 0.0100, Buffer: 100000
Episode 439000/500000, Total Reward: 26228, Epsilon: 0.0100, Buffer: 100000
Episode 440000/500000, Total Reward: 33102, Epsilon: 0.0100, Buffer: 100000
Episode 441000/500000, Total Reward: 19781, Epsilon: 0.0100, Buffer: 100000
Episode 442000/500000, Total Reward: 31777, Epsilon: 0.0100, Buffer: 100000
Episode 443000/500000, Total Reward: 30130, Epsilon: 0.0100, Buffer: 100000
Episode 444000/500000, Total Reward: 27945, Epsilon: 0.0100, Buffer: 100000
Episode 445000/500000, Total Reward: 24884, Epsilon: 0.0100, Buffer: 100000
Episode 446000/500000, Total Reward: 28052, Epsilon: 0.0100, Buffer: 100000
Episode 447000/500000, Total Reward: 29087, Epsilon: 0.0100, Buffer: 100000
Episode 448000/500000, Total Reward: 23380, Epsilon: 0.0100, Buffer: 100000
Episode 449000/500000, Total Reward: 35015, Epsilon: 0.0100, Buffer: 100000
Episode 450000/500000, Total Reward: 22424, Epsilon: 0.0100, Buffer: 100000
Episode 451000/500000, Total Reward: 37307, Epsilon: 0.0100, Buffer: 100000
Episode 452000/500000, Total Reward: 32309, Epsilon: 0.0100, Buffer: 100000
Episode 453000/500000, Total Reward: 37059, Epsilon: 0.0100, Buffer: 100000
Episode 454000/500000, Total Reward: 33988, Epsilon: 0.0100, Buffer: 100000
Episode 455000/500000, Total Reward: 38405, Epsilon: 0.0100, Buffer: 100000
Episode 456000/500000, Total Reward: 24889, Epsilon: 0.0100, Buffer: 100000
Episode 457000/500000, Total Reward: 33422, Epsilon: 0.0100, Buffer: 100000
Episode 458000/500000, Total Reward: 24647, Epsilon: 0.0100, Buffer: 100000
Episode 459000/500000, Total Reward: 37448, Epsilon: 0.0100, Buffer: 100000
Episode 460000/500000, Total Reward: 38635, Epsilon: 0.0100, Buffer: 100000
Episode 461000/500000, Total Reward: 29853, Epsilon: 0.0100, Buffer: 100000
Episode 462000/500000, Total Reward: 32152, Epsilon: 0.0100, Buffer: 100000
Episode 463000/500000, Total Reward: 27543, Epsilon: 0.0100, Buffer: 100000
Episode 464000/500000, Total Reward: 30703, Epsilon: 0.0100, Buffer: 100000
Episode 465000/500000, Total Reward: 35169, Epsilon: 0.0100, Buffer: 100000
Episode 466000/500000, Total Reward: 31661, Epsilon: 0.0100, Buffer: 100000
Episode 467000/500000, Total Reward: 35000, Epsilon: 0.0100, Buffer: 100000
Episode 468000/500000, Total Reward: 32053, Epsilon: 0.0100, Buffer: 100000
Episode 469000/500000, Total Reward: 38501, Epsilon: 0.0100, Buffer: 100000
Episode 470000/500000, Total Reward: 27911, Epsilon: 0.0100, Buffer: 100000
Episode 471000/500000, Total Reward: 34164, Epsilon: 0.0100, Buffer: 100000
Episode 472000/500000, Total Reward: 38331, Epsilon: 0.0100, Buffer: 100000
Episode 473000/500000, Total Reward: 26041, Epsilon: 0.0100, Buffer: 100000
Episode 474000/500000, Total Reward: 34489, Epsilon: 0.0100, Buffer: 100000
Episode 475000/500000, Total Reward: 35624, Epsilon: 0.0100, Buffer: 100000
Episode 476000/500000, Total Reward: 26668, Epsilon: 0.0100, Buffer: 100000
Episode 477000/500000, Total Reward: 20270, Epsilon: 0.0100, Buffer: 100000
Episode 478000/500000, Total Reward: 37213, Epsilon: 0.0100, Buffer: 100000
Episode 479000/500000, Total Reward: 41403, Epsilon: 0.0100, Buffer: 100000
Episode 480000/500000, Total Reward: 37586, Epsilon: 0.0100, Buffer: 100000
Episode 481000/500000, Total Reward: 29884, Epsilon: 0.0100, Buffer: 100000
Episode 482000/500000, Total Reward: 29862, Epsilon: 0.0100, Buffer: 100000
Episode 483000/500000, Total Reward: 31731, Epsilon: 0.0100, Buffer: 100000
Episode 484000/500000, Total Reward: 40295, Epsilon: 0.0100, Buffer: 100000
Episode 485000/500000, Total Reward: 26758, Epsilon: 0.0100, Buffer: 100000
Episode 486000/500000, Total Reward: 24508, Epsilon: 0.0100, Buffer: 100000
Episode 487000/500000, Total Reward: 26694, Epsilon: 0.0100, Buffer: 100000
Episode 488000/500000, Total Reward: 28796, Epsilon: 0.0100, Buffer: 100000
Episode 489000/500000, Total Reward: 27643, Epsilon: 0.0100, Buffer: 100000
Episode 490000/500000, Total Reward: 26484, Epsilon: 0.0100, Buffer: 100000
Episode 491000/500000, Total Reward: 32561, Epsilon: 0.0100, Buffer: 100000
Episode 492000/500000, Total Reward: 35914, Epsilon: 0.0100, Buffer: 100000
Episode 493000/500000, Total Reward: 26633, Epsilon: 0.0100, Buffer: 100000
Episode 494000/500000, Total Reward: 27877, Epsilon: 0.0100, Buffer: 100000
Episode 495000/500000, Total Reward: 24826, Epsilon: 0.0100, Buffer: 100000
Episode 496000/500000, Total Reward: 26405, Epsilon: 0.0100, Buffer: 100000
Episode 497000/500000, Total Reward: 39356, Epsilon: 0.0100, Buffer: 100000
Episode 498000/500000, Total Reward: 26497, Epsilon: 0.0100, Buffer: 100000
Episode 499000/500000, Total Reward: 37767, Epsilon: 0.0100, Buffer: 100000
Episode 500000/500000, Total Reward: 39790, Epsilon: 0.0100, Buffer: 100000
Extracting Q-table from DQN for compatibility...
Saved DQN model to outputs/DQN_2025_500k_run2_model.pth
Saved Q-table (for compatibility) to outputs/DQN_2025_500k_run2.pkl

Learned DQN Q-table (sample):
State: (0, 0, 9, 0)
  Action: keep, Q-value: 4039.36
  Action: replace, Q-value: 2985.49
State: (1, 1, 0, 0)
  Action: keep, Q-value: 3560.39
  Action: replace, Q-value: 2982.41
State: (1, 1, 0, 1)
  Action: keep, Q-value: 3214.69
  Action: replace, Q-value: 2939.52
State: (1, 2, 0, 0)
  Action: keep, Q-value: 3597.13
  Action: replace, Q-value: 2983.77
State: (1, 2, 0, 1)
  Action: keep, Q-value: 3132.96
  Action: replace, Q-value: 2893.83
State: (1, 3, 0, 0)
  Action: keep, Q-value: 3565.64
  Action: replace, Q-value: 2973.88
State: (1, 3, 0, 1)
  Action: keep, Q-value: 3036.07
  Action: replace, Q-value: 2881.88
State: (1, 4, 0, 0)
  Action: keep, Q-value: 3478.65
  Action: replace, Q-value: 2964.69
State: (1, 4, 0, 1)
  Action: keep, Q-value: 2912.31
  Action: replace, Q-value: 2878.29
State: (1, 4, 1, 0)
  Action: keep, Q-value: 3660.83
  Action: replace, Q-value: 2966.34
Total states: 3289

Time taken for training: 112452.31 seconds
Average reward (last 1000 episodes): 31457.42
--- Run ended 2026-02-03 10:50:33 ---
