
--- Run started 2026-02-10 14:03:38 ---

======================================================================
CREATING NEW MODEL
======================================================================

Starting fresh with epsilon: 1.0000
======================================================================

Starting DQN training for 500000 episodes...
Episode 1000/500000, Total Reward: 45726, Epsilon: 0.0100, Buffer: 100000
Episode 2000/500000, Total Reward: 161, Epsilon: 0.0100, Buffer: 100000
Episode 3000/500000, Total Reward: 42621, Epsilon: 0.0100, Buffer: 100000
Episode 4000/500000, Total Reward: 53331, Epsilon: 0.0100, Buffer: 100000
Episode 5000/500000, Total Reward: 49338, Epsilon: 0.0100, Buffer: 100000
Episode 6000/500000, Total Reward: 42441, Epsilon: 0.0100, Buffer: 100000
Episode 7000/500000, Total Reward: 46675, Epsilon: 0.0100, Buffer: 100000
Episode 8000/500000, Total Reward: 37970, Epsilon: 0.0100, Buffer: 100000
Episode 9000/500000, Total Reward: 47563, Epsilon: 0.0100, Buffer: 100000
Episode 10000/500000, Total Reward: 49624, Epsilon: 0.0100, Buffer: 100000
Episode 11000/500000, Total Reward: 50236, Epsilon: 0.0100, Buffer: 100000
Episode 12000/500000, Total Reward: 58138, Epsilon: 0.0100, Buffer: 100000
Episode 13000/500000, Total Reward: 42759, Epsilon: 0.0100, Buffer: 100000
Episode 14000/500000, Total Reward: 42530, Epsilon: 0.0100, Buffer: 100000
Episode 15000/500000, Total Reward: 50453, Epsilon: 0.0100, Buffer: 100000
Episode 16000/500000, Total Reward: 61121, Epsilon: 0.0100, Buffer: 100000
Episode 17000/500000, Total Reward: 36708, Epsilon: 0.0100, Buffer: 100000
Episode 18000/500000, Total Reward: 59568, Epsilon: 0.0100, Buffer: 100000
Episode 19000/500000, Total Reward: 51970, Epsilon: 0.0100, Buffer: 100000
Episode 20000/500000, Total Reward: 28215, Epsilon: 0.0100, Buffer: 100000
Episode 21000/500000, Total Reward: 50821, Epsilon: 0.0100, Buffer: 100000
Episode 22000/500000, Total Reward: 55702, Epsilon: 0.0100, Buffer: 100000
Episode 23000/500000, Total Reward: 53798, Epsilon: 0.0100, Buffer: 100000
Episode 24000/500000, Total Reward: -147, Epsilon: 0.0100, Buffer: 100000
Episode 25000/500000, Total Reward: 57732, Epsilon: 0.0100, Buffer: 100000
Episode 26000/500000, Total Reward: 43798, Epsilon: 0.0100, Buffer: 100000
Episode 27000/500000, Total Reward: 41847, Epsilon: 0.0100, Buffer: 100000
Episode 28000/500000, Total Reward: 55569, Epsilon: 0.0100, Buffer: 100000
Episode 29000/500000, Total Reward: 50369, Epsilon: 0.0100, Buffer: 100000
Episode 30000/500000, Total Reward: 46932, Epsilon: 0.0100, Buffer: 100000
Episode 31000/500000, Total Reward: 42486, Epsilon: 0.0100, Buffer: 100000
Episode 32000/500000, Total Reward: 44129, Epsilon: 0.0100, Buffer: 100000
Episode 33000/500000, Total Reward: 50174, Epsilon: 0.0100, Buffer: 100000
Episode 34000/500000, Total Reward: 37299, Epsilon: 0.0100, Buffer: 100000
Episode 35000/500000, Total Reward: 41182, Epsilon: 0.0100, Buffer: 100000
Episode 36000/500000, Total Reward: 35288, Epsilon: 0.0100, Buffer: 100000
Episode 37000/500000, Total Reward: 54114, Epsilon: 0.0100, Buffer: 100000
Episode 38000/500000, Total Reward: 47818, Epsilon: 0.0100, Buffer: 100000
Episode 39000/500000, Total Reward: 48331, Epsilon: 0.0100, Buffer: 100000
Episode 40000/500000, Total Reward: 50971, Epsilon: 0.0100, Buffer: 100000
Episode 41000/500000, Total Reward: 50039, Epsilon: 0.0100, Buffer: 100000
Episode 42000/500000, Total Reward: 50374, Epsilon: 0.0100, Buffer: 100000
Episode 43000/500000, Total Reward: 37491, Epsilon: 0.0100, Buffer: 100000
Episode 44000/500000, Total Reward: 45941, Epsilon: 0.0100, Buffer: 100000
Episode 45000/500000, Total Reward: 45372, Epsilon: 0.0100, Buffer: 100000
Episode 46000/500000, Total Reward: 50281, Epsilon: 0.0100, Buffer: 100000
Episode 47000/500000, Total Reward: 42594, Epsilon: 0.0100, Buffer: 100000
Episode 48000/500000, Total Reward: 27224, Epsilon: 0.0100, Buffer: 100000
Episode 49000/500000, Total Reward: 53253, Epsilon: 0.0100, Buffer: 100000
Episode 50000/500000, Total Reward: 37833, Epsilon: 0.0100, Buffer: 100000
Episode 51000/500000, Total Reward: 50467, Epsilon: 0.0100, Buffer: 100000
Episode 52000/500000, Total Reward: 51037, Epsilon: 0.0100, Buffer: 100000
Episode 53000/500000, Total Reward: 46655, Epsilon: 0.0100, Buffer: 100000
Episode 54000/500000, Total Reward: 42606, Epsilon: 0.0100, Buffer: 100000
Episode 55000/500000, Total Reward: 27344, Epsilon: 0.0100, Buffer: 100000
Episode 56000/500000, Total Reward: 49116, Epsilon: 0.0100, Buffer: 100000
Episode 57000/500000, Total Reward: 39569, Epsilon: 0.0100, Buffer: 100000
Episode 58000/500000, Total Reward: 50640, Epsilon: 0.0100, Buffer: 100000
Episode 59000/500000, Total Reward: 49442, Epsilon: 0.0100, Buffer: 100000
Episode 60000/500000, Total Reward: 36907, Epsilon: 0.0100, Buffer: 100000
Episode 61000/500000, Total Reward: 46174, Epsilon: 0.0100, Buffer: 100000
Episode 62000/500000, Total Reward: 45201, Epsilon: 0.0100, Buffer: 100000
Episode 63000/500000, Total Reward: 40836, Epsilon: 0.0100, Buffer: 100000
Episode 64000/500000, Total Reward: 51779, Epsilon: 0.0100, Buffer: 100000
Episode 65000/500000, Total Reward: 37846, Epsilon: 0.0100, Buffer: 100000
Episode 66000/500000, Total Reward: 58654, Epsilon: 0.0100, Buffer: 100000
Episode 67000/500000, Total Reward: 38976, Epsilon: 0.0100, Buffer: 100000
Episode 68000/500000, Total Reward: 29049, Epsilon: 0.0100, Buffer: 100000
Episode 69000/500000, Total Reward: 47825, Epsilon: 0.0100, Buffer: 100000
Episode 70000/500000, Total Reward: 43769, Epsilon: 0.0100, Buffer: 100000
Episode 71000/500000, Total Reward: 38197, Epsilon: 0.0100, Buffer: 100000
Episode 72000/500000, Total Reward: 45103, Epsilon: 0.0100, Buffer: 100000
Episode 73000/500000, Total Reward: 40843, Epsilon: 0.0100, Buffer: 100000
Episode 74000/500000, Total Reward: 41868, Epsilon: 0.0100, Buffer: 100000
Episode 75000/500000, Total Reward: 45200, Epsilon: 0.0100, Buffer: 100000
Episode 76000/500000, Total Reward: 41486, Epsilon: 0.0100, Buffer: 100000
Episode 77000/500000, Total Reward: 26953, Epsilon: 0.0100, Buffer: 100000
Episode 78000/500000, Total Reward: 44281, Epsilon: 0.0100, Buffer: 100000
Episode 79000/500000, Total Reward: 50120, Epsilon: 0.0100, Buffer: 100000
Episode 80000/500000, Total Reward: 45945, Epsilon: 0.0100, Buffer: 100000
Episode 81000/500000, Total Reward: 30074, Epsilon: 0.0100, Buffer: 100000
Episode 82000/500000, Total Reward: 51712, Epsilon: 0.0100, Buffer: 100000
Episode 83000/500000, Total Reward: 61010, Epsilon: 0.0100, Buffer: 100000
Episode 84000/500000, Total Reward: 59371, Epsilon: 0.0100, Buffer: 100000
Episode 85000/500000, Total Reward: 37825, Epsilon: 0.0100, Buffer: 100000
Episode 86000/500000, Total Reward: 51357, Epsilon: 0.0100, Buffer: 100000
Episode 87000/500000, Total Reward: 53310, Epsilon: 0.0100, Buffer: 100000
Episode 88000/500000, Total Reward: 53049, Epsilon: 0.0100, Buffer: 100000
Episode 89000/500000, Total Reward: 53678, Epsilon: 0.0100, Buffer: 100000
Episode 90000/500000, Total Reward: 31313, Epsilon: 0.0100, Buffer: 100000
Episode 91000/500000, Total Reward: 47393, Epsilon: 0.0100, Buffer: 100000
Episode 92000/500000, Total Reward: 35615, Epsilon: 0.0100, Buffer: 100000
Episode 93000/500000, Total Reward: 40903, Epsilon: 0.0100, Buffer: 100000
Episode 94000/500000, Total Reward: 56340, Epsilon: 0.0100, Buffer: 100000
Episode 95000/500000, Total Reward: 46264, Epsilon: 0.0100, Buffer: 100000
Episode 96000/500000, Total Reward: 47438, Epsilon: 0.0100, Buffer: 100000
Episode 97000/500000, Total Reward: 55439, Epsilon: 0.0100, Buffer: 100000
Episode 98000/500000, Total Reward: 43569, Epsilon: 0.0100, Buffer: 100000
Episode 99000/500000, Total Reward: 47499, Epsilon: 0.0100, Buffer: 100000
Episode 100000/500000, Total Reward: 24388, Epsilon: 0.0100, Buffer: 100000
Episode 101000/500000, Total Reward: 37598, Epsilon: 0.0100, Buffer: 100000
Episode 102000/500000, Total Reward: 28204, Epsilon: 0.0100, Buffer: 100000
Episode 103000/500000, Total Reward: 49300, Epsilon: 0.0100, Buffer: 100000
Episode 104000/500000, Total Reward: 28562, Epsilon: 0.0100, Buffer: 100000
Episode 105000/500000, Total Reward: 55017, Epsilon: 0.0100, Buffer: 100000
Episode 106000/500000, Total Reward: 52525, Epsilon: 0.0100, Buffer: 100000
Episode 107000/500000, Total Reward: 36839, Epsilon: 0.0100, Buffer: 100000
Episode 108000/500000, Total Reward: 54528, Epsilon: 0.0100, Buffer: 100000
Episode 109000/500000, Total Reward: 44795, Epsilon: 0.0100, Buffer: 100000
Episode 110000/500000, Total Reward: 51574, Epsilon: 0.0100, Buffer: 100000
Episode 111000/500000, Total Reward: 1020, Epsilon: 0.0100, Buffer: 100000
Episode 112000/500000, Total Reward: 47748, Epsilon: 0.0100, Buffer: 100000
Episode 113000/500000, Total Reward: 50852, Epsilon: 0.0100, Buffer: 100000
Episode 114000/500000, Total Reward: 32519, Epsilon: 0.0100, Buffer: 100000
Episode 115000/500000, Total Reward: 607, Epsilon: 0.0100, Buffer: 100000
Episode 116000/500000, Total Reward: 42060, Epsilon: 0.0100, Buffer: 100000
Episode 117000/500000, Total Reward: 59985, Epsilon: 0.0100, Buffer: 100000
Episode 118000/500000, Total Reward: 52872, Epsilon: 0.0100, Buffer: 100000
Episode 119000/500000, Total Reward: 52374, Epsilon: 0.0100, Buffer: 100000
Episode 120000/500000, Total Reward: 36244, Epsilon: 0.0100, Buffer: 100000
Episode 121000/500000, Total Reward: 41260, Epsilon: 0.0100, Buffer: 100000
Episode 122000/500000, Total Reward: 46677, Epsilon: 0.0100, Buffer: 100000
Episode 123000/500000, Total Reward: 43392, Epsilon: 0.0100, Buffer: 100000
Episode 124000/500000, Total Reward: 48201, Epsilon: 0.0100, Buffer: 100000
Episode 125000/500000, Total Reward: 49803, Epsilon: 0.0100, Buffer: 100000
Episode 126000/500000, Total Reward: 48346, Epsilon: 0.0100, Buffer: 100000
Episode 127000/500000, Total Reward: 34201, Epsilon: 0.0100, Buffer: 100000
Episode 128000/500000, Total Reward: 48483, Epsilon: 0.0100, Buffer: 100000
Episode 129000/500000, Total Reward: 32026, Epsilon: 0.0100, Buffer: 100000
Episode 130000/500000, Total Reward: 42329, Epsilon: 0.0100, Buffer: 100000
Episode 131000/500000, Total Reward: 51884, Epsilon: 0.0100, Buffer: 100000
Episode 132000/500000, Total Reward: 41847, Epsilon: 0.0100, Buffer: 100000
Episode 133000/500000, Total Reward: 27397, Epsilon: 0.0100, Buffer: 100000
Episode 134000/500000, Total Reward: 56322, Epsilon: 0.0100, Buffer: 100000
Episode 135000/500000, Total Reward: 47921, Epsilon: 0.0100, Buffer: 100000
Episode 136000/500000, Total Reward: 49455, Epsilon: 0.0100, Buffer: 100000
Episode 137000/500000, Total Reward: 49233, Epsilon: 0.0100, Buffer: 100000
Episode 138000/500000, Total Reward: 56173, Epsilon: 0.0100, Buffer: 100000
Episode 139000/500000, Total Reward: 50378, Epsilon: 0.0100, Buffer: 100000
Episode 140000/500000, Total Reward: 50700, Epsilon: 0.0100, Buffer: 100000
Episode 141000/500000, Total Reward: 45075, Epsilon: 0.0100, Buffer: 100000
Episode 142000/500000, Total Reward: 58145, Epsilon: 0.0100, Buffer: 100000
Episode 143000/500000, Total Reward: 41182, Epsilon: 0.0100, Buffer: 100000
Episode 144000/500000, Total Reward: 48116, Epsilon: 0.0100, Buffer: 100000
Episode 145000/500000, Total Reward: 38389, Epsilon: 0.0100, Buffer: 100000
Episode 146000/500000, Total Reward: 43058, Epsilon: 0.0100, Buffer: 100000
Episode 147000/500000, Total Reward: 42163, Epsilon: 0.0100, Buffer: 100000
Episode 148000/500000, Total Reward: 32750, Epsilon: 0.0100, Buffer: 100000
Episode 149000/500000, Total Reward: 44823, Epsilon: 0.0100, Buffer: 100000
Episode 150000/500000, Total Reward: 85, Epsilon: 0.0100, Buffer: 100000
Episode 151000/500000, Total Reward: 53641, Epsilon: 0.0100, Buffer: 100000
Episode 152000/500000, Total Reward: 45421, Epsilon: 0.0100, Buffer: 100000
Episode 153000/500000, Total Reward: 46153, Epsilon: 0.0100, Buffer: 100000
Episode 154000/500000, Total Reward: 30844, Epsilon: 0.0100, Buffer: 100000
Episode 155000/500000, Total Reward: 47198, Epsilon: 0.0100, Buffer: 100000
Episode 156000/500000, Total Reward: 48514, Epsilon: 0.0100, Buffer: 100000
Episode 157000/500000, Total Reward: 40769, Epsilon: 0.0100, Buffer: 100000
Episode 158000/500000, Total Reward: 50359, Epsilon: 0.0100, Buffer: 100000
Episode 159000/500000, Total Reward: 41166, Epsilon: 0.0100, Buffer: 100000
Episode 160000/500000, Total Reward: 32125, Epsilon: 0.0100, Buffer: 100000
Episode 161000/500000, Total Reward: 53325, Epsilon: 0.0100, Buffer: 100000
Episode 162000/500000, Total Reward: 46906, Epsilon: 0.0100, Buffer: 100000
Episode 163000/500000, Total Reward: 34005, Epsilon: 0.0100, Buffer: 100000
Episode 164000/500000, Total Reward: 32870, Epsilon: 0.0100, Buffer: 100000
Episode 165000/500000, Total Reward: 40144, Epsilon: 0.0100, Buffer: 100000
Episode 166000/500000, Total Reward: 36915, Epsilon: 0.0100, Buffer: 100000
Episode 167000/500000, Total Reward: 53311, Epsilon: 0.0100, Buffer: 100000
Episode 168000/500000, Total Reward: 51233, Epsilon: 0.0100, Buffer: 100000
Episode 169000/500000, Total Reward: 24561, Epsilon: 0.0100, Buffer: 100000
Episode 170000/500000, Total Reward: 53540, Epsilon: 0.0100, Buffer: 100000
Episode 171000/500000, Total Reward: 48841, Epsilon: 0.0100, Buffer: 100000
Episode 172000/500000, Total Reward: 44097, Epsilon: 0.0100, Buffer: 100000
Episode 173000/500000, Total Reward: 43844, Epsilon: 0.0100, Buffer: 100000
Episode 174000/500000, Total Reward: 50375, Epsilon: 0.0100, Buffer: 100000
Episode 175000/500000, Total Reward: 57308, Epsilon: 0.0100, Buffer: 100000
Episode 176000/500000, Total Reward: 40736, Epsilon: 0.0100, Buffer: 100000
Episode 177000/500000, Total Reward: 58820, Epsilon: 0.0100, Buffer: 100000
Episode 178000/500000, Total Reward: 51809, Epsilon: 0.0100, Buffer: 100000
Episode 179000/500000, Total Reward: 58928, Epsilon: 0.0100, Buffer: 100000
Episode 180000/500000, Total Reward: 41252, Epsilon: 0.0100, Buffer: 100000
Episode 181000/500000, Total Reward: 55551, Epsilon: 0.0100, Buffer: 100000
Episode 182000/500000, Total Reward: 44333, Epsilon: 0.0100, Buffer: 100000
Episode 183000/500000, Total Reward: 45003, Epsilon: 0.0100, Buffer: 100000
Episode 184000/500000, Total Reward: 42828, Epsilon: 0.0100, Buffer: 100000
Episode 185000/500000, Total Reward: 51881, Epsilon: 0.0100, Buffer: 100000
Episode 186000/500000, Total Reward: 49621, Epsilon: 0.0100, Buffer: 100000
Episode 187000/500000, Total Reward: 41516, Epsilon: 0.0100, Buffer: 100000
Episode 188000/500000, Total Reward: 40724, Epsilon: 0.0100, Buffer: 100000
Episode 189000/500000, Total Reward: 35618, Epsilon: 0.0100, Buffer: 100000
Episode 190000/500000, Total Reward: 40840, Epsilon: 0.0100, Buffer: 100000
Episode 191000/500000, Total Reward: 55123, Epsilon: 0.0100, Buffer: 100000
Episode 192000/500000, Total Reward: 40004, Epsilon: 0.0100, Buffer: 100000
Episode 193000/500000, Total Reward: 42133, Epsilon: 0.0100, Buffer: 100000
Episode 194000/500000, Total Reward: 48865, Epsilon: 0.0100, Buffer: 100000
Episode 195000/500000, Total Reward: 47057, Epsilon: 0.0100, Buffer: 100000
Episode 196000/500000, Total Reward: 47347, Epsilon: 0.0100, Buffer: 100000
Episode 197000/500000, Total Reward: 45257, Epsilon: 0.0100, Buffer: 100000
Episode 198000/500000, Total Reward: 47579, Epsilon: 0.0100, Buffer: 100000
Episode 199000/500000, Total Reward: 37017, Epsilon: 0.0100, Buffer: 100000
Episode 200000/500000, Total Reward: 51466, Epsilon: 0.0100, Buffer: 100000
Episode 201000/500000, Total Reward: 33802, Epsilon: 0.0100, Buffer: 100000
Episode 202000/500000, Total Reward: 38027, Epsilon: 0.0100, Buffer: 100000
Episode 203000/500000, Total Reward: 43368, Epsilon: 0.0100, Buffer: 100000
Episode 204000/500000, Total Reward: 50327, Epsilon: 0.0100, Buffer: 100000
Episode 205000/500000, Total Reward: 28219, Epsilon: 0.0100, Buffer: 100000
Episode 206000/500000, Total Reward: 46701, Epsilon: 0.0100, Buffer: 100000
Episode 207000/500000, Total Reward: 44704, Epsilon: 0.0100, Buffer: 100000
Episode 208000/500000, Total Reward: 46637, Epsilon: 0.0100, Buffer: 100000
Episode 209000/500000, Total Reward: 42835, Epsilon: 0.0100, Buffer: 100000
Episode 210000/500000, Total Reward: 35364, Epsilon: 0.0100, Buffer: 100000
Episode 211000/500000, Total Reward: 44643, Epsilon: 0.0100, Buffer: 100000
Episode 212000/500000, Total Reward: 47998, Epsilon: 0.0100, Buffer: 100000
Episode 213000/500000, Total Reward: 37605, Epsilon: 0.0100, Buffer: 100000
Episode 214000/500000, Total Reward: 33875, Epsilon: 0.0100, Buffer: 100000
Episode 215000/500000, Total Reward: 49045, Epsilon: 0.0100, Buffer: 100000
Episode 216000/500000, Total Reward: 46247, Epsilon: 0.0100, Buffer: 100000
Episode 217000/500000, Total Reward: 34657, Epsilon: 0.0100, Buffer: 100000
Episode 218000/500000, Total Reward: 51066, Epsilon: 0.0100, Buffer: 100000
Episode 219000/500000, Total Reward: 41483, Epsilon: 0.0100, Buffer: 100000
Episode 220000/500000, Total Reward: 40057, Epsilon: 0.0100, Buffer: 100000
Episode 221000/500000, Total Reward: 42012, Epsilon: 0.0100, Buffer: 100000
Episode 222000/500000, Total Reward: 60491, Epsilon: 0.0100, Buffer: 100000
Episode 223000/500000, Total Reward: 45496, Epsilon: 0.0100, Buffer: 100000
Episode 224000/500000, Total Reward: 43610, Epsilon: 0.0100, Buffer: 100000
Episode 225000/500000, Total Reward: 48493, Epsilon: 0.0100, Buffer: 100000
Episode 226000/500000, Total Reward: 40157, Epsilon: 0.0100, Buffer: 100000
Episode 227000/500000, Total Reward: 46416, Epsilon: 0.0100, Buffer: 100000
Episode 228000/500000, Total Reward: 54863, Epsilon: 0.0100, Buffer: 100000
Episode 229000/500000, Total Reward: 49465, Epsilon: 0.0100, Buffer: 100000
Episode 230000/500000, Total Reward: 44743, Epsilon: 0.0100, Buffer: 100000
Episode 231000/500000, Total Reward: 58729, Epsilon: 0.0100, Buffer: 100000
Episode 232000/500000, Total Reward: 53720, Epsilon: 0.0100, Buffer: 100000
Episode 233000/500000, Total Reward: 37733, Epsilon: 0.0100, Buffer: 100000
Episode 234000/500000, Total Reward: 44733, Epsilon: 0.0100, Buffer: 100000
Episode 235000/500000, Total Reward: 43286, Epsilon: 0.0100, Buffer: 100000
Episode 236000/500000, Total Reward: 54690, Epsilon: 0.0100, Buffer: 100000
Episode 237000/500000, Total Reward: 31032, Epsilon: 0.0100, Buffer: 100000
Episode 238000/500000, Total Reward: 44872, Epsilon: 0.0100, Buffer: 100000
Episode 239000/500000, Total Reward: 44015, Epsilon: 0.0100, Buffer: 100000
Episode 240000/500000, Total Reward: 45901, Epsilon: 0.0100, Buffer: 100000
Episode 241000/500000, Total Reward: 51935, Epsilon: 0.0100, Buffer: 100000
Episode 242000/500000, Total Reward: 42875, Epsilon: 0.0100, Buffer: 100000
Episode 243000/500000, Total Reward: 41231, Epsilon: 0.0100, Buffer: 100000
Episode 244000/500000, Total Reward: 33641, Epsilon: 0.0100, Buffer: 100000
Episode 245000/500000, Total Reward: 47784, Epsilon: 0.0100, Buffer: 100000
Episode 246000/500000, Total Reward: 49697, Epsilon: 0.0100, Buffer: 100000
Episode 247000/500000, Total Reward: 43848, Epsilon: 0.0100, Buffer: 100000
Episode 248000/500000, Total Reward: 47832, Epsilon: 0.0100, Buffer: 100000
Episode 249000/500000, Total Reward: 41005, Epsilon: 0.0100, Buffer: 100000
Episode 250000/500000, Total Reward: 56057, Epsilon: 0.0100, Buffer: 100000
Episode 251000/500000, Total Reward: 43022, Epsilon: 0.0100, Buffer: 100000
Episode 252000/500000, Total Reward: 50087, Epsilon: 0.0100, Buffer: 100000
Episode 253000/500000, Total Reward: 51677, Epsilon: 0.0100, Buffer: 100000
Episode 254000/500000, Total Reward: 50368, Epsilon: 0.0100, Buffer: 100000
Episode 255000/500000, Total Reward: 36135, Epsilon: 0.0100, Buffer: 100000
Episode 256000/500000, Total Reward: 43184, Epsilon: 0.0100, Buffer: 100000
Episode 257000/500000, Total Reward: 35593, Epsilon: 0.0100, Buffer: 100000
Episode 258000/500000, Total Reward: 39208, Epsilon: 0.0100, Buffer: 100000
Episode 259000/500000, Total Reward: 52490, Epsilon: 0.0100, Buffer: 100000
Episode 260000/500000, Total Reward: 46687, Epsilon: 0.0100, Buffer: 100000
Episode 261000/500000, Total Reward: 49599, Epsilon: 0.0100, Buffer: 100000
Episode 262000/500000, Total Reward: 48554, Epsilon: 0.0100, Buffer: 100000
Episode 263000/500000, Total Reward: 32234, Epsilon: 0.0100, Buffer: 100000
Episode 264000/500000, Total Reward: 43715, Epsilon: 0.0100, Buffer: 100000
Episode 265000/500000, Total Reward: 54142, Epsilon: 0.0100, Buffer: 100000
Episode 266000/500000, Total Reward: 35826, Epsilon: 0.0100, Buffer: 100000
Episode 267000/500000, Total Reward: 39593, Epsilon: 0.0100, Buffer: 100000
Episode 268000/500000, Total Reward: 36616, Epsilon: 0.0100, Buffer: 100000
Episode 269000/500000, Total Reward: 32539, Epsilon: 0.0100, Buffer: 100000
Episode 270000/500000, Total Reward: 50754, Epsilon: 0.0100, Buffer: 100000
Episode 271000/500000, Total Reward: 50127, Epsilon: 0.0100, Buffer: 100000
Episode 272000/500000, Total Reward: 40554, Epsilon: 0.0100, Buffer: 100000
Episode 273000/500000, Total Reward: 55652, Epsilon: 0.0100, Buffer: 100000
Episode 274000/500000, Total Reward: 33845, Epsilon: 0.0100, Buffer: 100000
Episode 275000/500000, Total Reward: 49078, Epsilon: 0.0100, Buffer: 100000
Episode 276000/500000, Total Reward: 45269, Epsilon: 0.0100, Buffer: 100000
Episode 277000/500000, Total Reward: 59765, Epsilon: 0.0100, Buffer: 100000
Episode 278000/500000, Total Reward: 53184, Epsilon: 0.0100, Buffer: 100000
Episode 279000/500000, Total Reward: 50754, Epsilon: 0.0100, Buffer: 100000
Episode 280000/500000, Total Reward: 34743, Epsilon: 0.0100, Buffer: 100000
Episode 281000/500000, Total Reward: 52522, Epsilon: 0.0100, Buffer: 100000
Episode 282000/500000, Total Reward: 41213, Epsilon: 0.0100, Buffer: 100000
Episode 283000/500000, Total Reward: 49773, Epsilon: 0.0100, Buffer: 100000
Episode 284000/500000, Total Reward: 43265, Epsilon: 0.0100, Buffer: 100000
Episode 285000/500000, Total Reward: 44537, Epsilon: 0.0100, Buffer: 100000
Episode 286000/500000, Total Reward: 41761, Epsilon: 0.0100, Buffer: 100000
Episode 287000/500000, Total Reward: 54905, Epsilon: 0.0100, Buffer: 100000
Episode 288000/500000, Total Reward: 42686, Epsilon: 0.0100, Buffer: 100000
Episode 289000/500000, Total Reward: 50748, Epsilon: 0.0100, Buffer: 100000
Episode 290000/500000, Total Reward: 53974, Epsilon: 0.0100, Buffer: 100000
Episode 291000/500000, Total Reward: 42923, Epsilon: 0.0100, Buffer: 100000
Episode 292000/500000, Total Reward: 36067, Epsilon: 0.0100, Buffer: 100000
Episode 293000/500000, Total Reward: 48317, Epsilon: 0.0100, Buffer: 100000
Episode 294000/500000, Total Reward: 50411, Epsilon: 0.0100, Buffer: 100000
Episode 295000/500000, Total Reward: 57268, Epsilon: 0.0100, Buffer: 100000
Episode 296000/500000, Total Reward: 50616, Epsilon: 0.0100, Buffer: 100000
Episode 297000/500000, Total Reward: 49177, Epsilon: 0.0100, Buffer: 100000
Episode 298000/500000, Total Reward: 45779, Epsilon: 0.0100, Buffer: 100000
Episode 299000/500000, Total Reward: 27548, Epsilon: 0.0100, Buffer: 100000
Episode 300000/500000, Total Reward: 45804, Epsilon: 0.0100, Buffer: 100000
Episode 301000/500000, Total Reward: 46544, Epsilon: 0.0100, Buffer: 100000
Episode 302000/500000, Total Reward: 52090, Epsilon: 0.0100, Buffer: 100000
Episode 303000/500000, Total Reward: 48991, Epsilon: 0.0100, Buffer: 100000
Episode 304000/500000, Total Reward: 44265, Epsilon: 0.0100, Buffer: 100000
Episode 305000/500000, Total Reward: 56459, Epsilon: 0.0100, Buffer: 100000
Episode 306000/500000, Total Reward: 47201, Epsilon: 0.0100, Buffer: 100000
Episode 307000/500000, Total Reward: 55000, Epsilon: 0.0100, Buffer: 100000
Episode 308000/500000, Total Reward: 59653, Epsilon: 0.0100, Buffer: 100000
Episode 309000/500000, Total Reward: 52758, Epsilon: 0.0100, Buffer: 100000
Episode 310000/500000, Total Reward: 28545, Epsilon: 0.0100, Buffer: 100000
Episode 311000/500000, Total Reward: 37361, Epsilon: 0.0100, Buffer: 100000
Episode 312000/500000, Total Reward: 48685, Epsilon: 0.0100, Buffer: 100000
Episode 313000/500000, Total Reward: 53021, Epsilon: 0.0100, Buffer: 100000
Episode 314000/500000, Total Reward: 41734, Epsilon: 0.0100, Buffer: 100000
Episode 315000/500000, Total Reward: 40648, Epsilon: 0.0100, Buffer: 100000
Episode 316000/500000, Total Reward: 46507, Epsilon: 0.0100, Buffer: 100000
Episode 317000/500000, Total Reward: 49985, Epsilon: 0.0100, Buffer: 100000
Episode 318000/500000, Total Reward: 23577, Epsilon: 0.0100, Buffer: 100000
Episode 319000/500000, Total Reward: 29655, Epsilon: 0.0100, Buffer: 100000
Episode 320000/500000, Total Reward: 48567, Epsilon: 0.0100, Buffer: 100000
Episode 321000/500000, Total Reward: 47036, Epsilon: 0.0100, Buffer: 100000
Episode 322000/500000, Total Reward: 56304, Epsilon: 0.0100, Buffer: 100000
Episode 323000/500000, Total Reward: 39467, Epsilon: 0.0100, Buffer: 100000
Episode 324000/500000, Total Reward: 45965, Epsilon: 0.0100, Buffer: 100000
Episode 325000/500000, Total Reward: 43307, Epsilon: 0.0100, Buffer: 100000
Episode 326000/500000, Total Reward: 37399, Epsilon: 0.0100, Buffer: 100000
Episode 327000/500000, Total Reward: 50178, Epsilon: 0.0100, Buffer: 100000
Episode 328000/500000, Total Reward: 48948, Epsilon: 0.0100, Buffer: 100000
Episode 329000/500000, Total Reward: 48924, Epsilon: 0.0100, Buffer: 100000
Episode 330000/500000, Total Reward: 44601, Epsilon: 0.0100, Buffer: 100000
Episode 331000/500000, Total Reward: 46426, Epsilon: 0.0100, Buffer: 100000
Episode 332000/500000, Total Reward: 50051, Epsilon: 0.0100, Buffer: 100000
Episode 333000/500000, Total Reward: 48660, Epsilon: 0.0100, Buffer: 100000
Episode 334000/500000, Total Reward: 58714, Epsilon: 0.0100, Buffer: 100000
Episode 335000/500000, Total Reward: 34722, Epsilon: 0.0100, Buffer: 100000
Episode 336000/500000, Total Reward: 40736, Epsilon: 0.0100, Buffer: 100000
Episode 337000/500000, Total Reward: 41601, Epsilon: 0.0100, Buffer: 100000
Episode 338000/500000, Total Reward: 57365, Epsilon: 0.0100, Buffer: 100000
Episode 339000/500000, Total Reward: 49257, Epsilon: 0.0100, Buffer: 100000
Episode 340000/500000, Total Reward: 36780, Epsilon: 0.0100, Buffer: 100000
Episode 341000/500000, Total Reward: 46187, Epsilon: 0.0100, Buffer: 100000
Episode 342000/500000, Total Reward: 37879, Epsilon: 0.0100, Buffer: 100000
Episode 343000/500000, Total Reward: 52941, Epsilon: 0.0100, Buffer: 100000
Episode 344000/500000, Total Reward: 41447, Epsilon: 0.0100, Buffer: 100000
Episode 345000/500000, Total Reward: 52752, Epsilon: 0.0100, Buffer: 100000
Episode 346000/500000, Total Reward: 32657, Epsilon: 0.0100, Buffer: 100000
Episode 347000/500000, Total Reward: 51944, Epsilon: 0.0100, Buffer: 100000
Episode 348000/500000, Total Reward: 49724, Epsilon: 0.0100, Buffer: 100000
Episode 349000/500000, Total Reward: 54813, Epsilon: 0.0100, Buffer: 100000
Episode 350000/500000, Total Reward: 49227, Epsilon: 0.0100, Buffer: 100000
Episode 351000/500000, Total Reward: 46404, Epsilon: 0.0100, Buffer: 100000
Episode 352000/500000, Total Reward: 53716, Epsilon: 0.0100, Buffer: 100000
Episode 353000/500000, Total Reward: 41799, Epsilon: 0.0100, Buffer: 100000
Episode 354000/500000, Total Reward: 41425, Epsilon: 0.0100, Buffer: 100000
Episode 355000/500000, Total Reward: 41318, Epsilon: 0.0100, Buffer: 100000
Episode 356000/500000, Total Reward: 52308, Epsilon: 0.0100, Buffer: 100000
Episode 357000/500000, Total Reward: 49935, Epsilon: 0.0100, Buffer: 100000
Episode 358000/500000, Total Reward: 51795, Epsilon: 0.0100, Buffer: 100000
Episode 359000/500000, Total Reward: 43056, Epsilon: 0.0100, Buffer: 100000
Episode 360000/500000, Total Reward: 47302, Epsilon: 0.0100, Buffer: 100000
Episode 361000/500000, Total Reward: 50180, Epsilon: 0.0100, Buffer: 100000
Episode 362000/500000, Total Reward: 39831, Epsilon: 0.0100, Buffer: 100000
Episode 363000/500000, Total Reward: 56189, Epsilon: 0.0100, Buffer: 100000
Episode 364000/500000, Total Reward: 43708, Epsilon: 0.0100, Buffer: 100000
Episode 365000/500000, Total Reward: 36362, Epsilon: 0.0100, Buffer: 100000
Episode 366000/500000, Total Reward: 48407, Epsilon: 0.0100, Buffer: 100000
Episode 367000/500000, Total Reward: 33590, Epsilon: 0.0100, Buffer: 100000
Episode 368000/500000, Total Reward: 47613, Epsilon: 0.0100, Buffer: 100000
Episode 369000/500000, Total Reward: 38432, Epsilon: 0.0100, Buffer: 100000
Episode 370000/500000, Total Reward: 48514, Epsilon: 0.0100, Buffer: 100000
Episode 371000/500000, Total Reward: 51518, Epsilon: 0.0100, Buffer: 100000
Episode 372000/500000, Total Reward: 48073, Epsilon: 0.0100, Buffer: 100000
Episode 373000/500000, Total Reward: 37417, Epsilon: 0.0100, Buffer: 100000
Episode 374000/500000, Total Reward: 65067, Epsilon: 0.0100, Buffer: 100000
Episode 375000/500000, Total Reward: 28789, Epsilon: 0.0100, Buffer: 100000
Episode 376000/500000, Total Reward: 29409, Epsilon: 0.0100, Buffer: 100000
Episode 377000/500000, Total Reward: 40534, Epsilon: 0.0100, Buffer: 100000
Episode 378000/500000, Total Reward: 40117, Epsilon: 0.0100, Buffer: 100000
Episode 379000/500000, Total Reward: 42766, Epsilon: 0.0100, Buffer: 100000
Episode 380000/500000, Total Reward: 46483, Epsilon: 0.0100, Buffer: 100000
Episode 381000/500000, Total Reward: 40285, Epsilon: 0.0100, Buffer: 100000
Episode 382000/500000, Total Reward: 40382, Epsilon: 0.0100, Buffer: 100000
Episode 383000/500000, Total Reward: 52433, Epsilon: 0.0100, Buffer: 100000
Episode 384000/500000, Total Reward: 44092, Epsilon: 0.0100, Buffer: 100000
Episode 385000/500000, Total Reward: 44545, Epsilon: 0.0100, Buffer: 100000
Episode 386000/500000, Total Reward: 45922, Epsilon: 0.0100, Buffer: 100000
Episode 387000/500000, Total Reward: 45115, Epsilon: 0.0100, Buffer: 100000
Episode 388000/500000, Total Reward: 56708, Epsilon: 0.0100, Buffer: 100000
Episode 389000/500000, Total Reward: 48171, Epsilon: 0.0100, Buffer: 100000
Episode 390000/500000, Total Reward: 44841, Epsilon: 0.0100, Buffer: 100000
Episode 391000/500000, Total Reward: 53785, Epsilon: 0.0100, Buffer: 100000
Episode 392000/500000, Total Reward: 47649, Epsilon: 0.0100, Buffer: 100000
Episode 393000/500000, Total Reward: 36095, Epsilon: 0.0100, Buffer: 100000
Episode 394000/500000, Total Reward: 57157, Epsilon: 0.0100, Buffer: 100000
Episode 395000/500000, Total Reward: 38745, Epsilon: 0.0100, Buffer: 100000
Episode 396000/500000, Total Reward: 33361, Epsilon: 0.0100, Buffer: 100000
Episode 397000/500000, Total Reward: 21206, Epsilon: 0.0100, Buffer: 100000
Episode 398000/500000, Total Reward: 42975, Epsilon: 0.0100, Buffer: 100000
Episode 399000/500000, Total Reward: 52413, Epsilon: 0.0100, Buffer: 100000
Episode 400000/500000, Total Reward: 45365, Epsilon: 0.0100, Buffer: 100000
Episode 401000/500000, Total Reward: 51779, Epsilon: 0.0100, Buffer: 100000
Episode 402000/500000, Total Reward: 34885, Epsilon: 0.0100, Buffer: 100000
Episode 403000/500000, Total Reward: 44916, Epsilon: 0.0100, Buffer: 100000
Episode 404000/500000, Total Reward: 45962, Epsilon: 0.0100, Buffer: 100000
Episode 405000/500000, Total Reward: 42326, Epsilon: 0.0100, Buffer: 100000
Episode 406000/500000, Total Reward: 41706, Epsilon: 0.0100, Buffer: 100000
Episode 407000/500000, Total Reward: 49711, Epsilon: 0.0100, Buffer: 100000
Episode 408000/500000, Total Reward: 43831, Epsilon: 0.0100, Buffer: 100000
Episode 409000/500000, Total Reward: 46435, Epsilon: 0.0100, Buffer: 100000
Episode 410000/500000, Total Reward: 38198, Epsilon: 0.0100, Buffer: 100000
Episode 411000/500000, Total Reward: 45841, Epsilon: 0.0100, Buffer: 100000
Episode 412000/500000, Total Reward: 58981, Epsilon: 0.0100, Buffer: 100000
Episode 413000/500000, Total Reward: 56851, Epsilon: 0.0100, Buffer: 100000
Episode 414000/500000, Total Reward: 46860, Epsilon: 0.0100, Buffer: 100000
Episode 415000/500000, Total Reward: 52834, Epsilon: 0.0100, Buffer: 100000
Episode 416000/500000, Total Reward: 49910, Epsilon: 0.0100, Buffer: 100000
Episode 417000/500000, Total Reward: 34915, Epsilon: 0.0100, Buffer: 100000
Episode 418000/500000, Total Reward: 48231, Epsilon: 0.0100, Buffer: 100000
Episode 419000/500000, Total Reward: 63130, Epsilon: 0.0100, Buffer: 100000
Episode 420000/500000, Total Reward: 54853, Epsilon: 0.0100, Buffer: 100000
Episode 421000/500000, Total Reward: 45270, Epsilon: 0.0100, Buffer: 100000
Episode 422000/500000, Total Reward: 51139, Epsilon: 0.0100, Buffer: 100000
Episode 423000/500000, Total Reward: 42971, Epsilon: 0.0100, Buffer: 100000
Episode 424000/500000, Total Reward: 40425, Epsilon: 0.0100, Buffer: 100000
Episode 425000/500000, Total Reward: 45106, Epsilon: 0.0100, Buffer: 100000
Episode 426000/500000, Total Reward: 54282, Epsilon: 0.0100, Buffer: 100000
Episode 427000/500000, Total Reward: 33780, Epsilon: 0.0100, Buffer: 100000
Episode 428000/500000, Total Reward: 37189, Epsilon: 0.0100, Buffer: 100000
Episode 429000/500000, Total Reward: 39993, Epsilon: 0.0100, Buffer: 100000
Episode 430000/500000, Total Reward: 51972, Epsilon: 0.0100, Buffer: 100000
Episode 431000/500000, Total Reward: 45913, Epsilon: 0.0100, Buffer: 100000
Episode 432000/500000, Total Reward: 39122, Epsilon: 0.0100, Buffer: 100000
Episode 433000/500000, Total Reward: 44123, Epsilon: 0.0100, Buffer: 100000
Episode 434000/500000, Total Reward: 44376, Epsilon: 0.0100, Buffer: 100000
Episode 435000/500000, Total Reward: 53183, Epsilon: 0.0100, Buffer: 100000
Episode 436000/500000, Total Reward: 50729, Epsilon: 0.0100, Buffer: 100000
Episode 437000/500000, Total Reward: 57262, Epsilon: 0.0100, Buffer: 100000
Episode 438000/500000, Total Reward: 47401, Epsilon: 0.0100, Buffer: 100000
Episode 439000/500000, Total Reward: 64517, Epsilon: 0.0100, Buffer: 100000
Episode 440000/500000, Total Reward: 50983, Epsilon: 0.0100, Buffer: 100000
Episode 441000/500000, Total Reward: 47958, Epsilon: 0.0100, Buffer: 100000
Episode 442000/500000, Total Reward: 41637, Epsilon: 0.0100, Buffer: 100000
Episode 443000/500000, Total Reward: 49824, Epsilon: 0.0100, Buffer: 100000
Episode 444000/500000, Total Reward: 43464, Epsilon: 0.0100, Buffer: 100000
Episode 445000/500000, Total Reward: 35258, Epsilon: 0.0100, Buffer: 100000
Episode 446000/500000, Total Reward: 47885, Epsilon: 0.0100, Buffer: 100000
Episode 447000/500000, Total Reward: 53075, Epsilon: 0.0100, Buffer: 100000
Episode 448000/500000, Total Reward: 42870, Epsilon: 0.0100, Buffer: 100000
Episode 449000/500000, Total Reward: 46094, Epsilon: 0.0100, Buffer: 100000
Episode 450000/500000, Total Reward: 36327, Epsilon: 0.0100, Buffer: 100000
Episode 451000/500000, Total Reward: 52091, Epsilon: 0.0100, Buffer: 100000
Episode 452000/500000, Total Reward: 37556, Epsilon: 0.0100, Buffer: 100000
Episode 453000/500000, Total Reward: 56787, Epsilon: 0.0100, Buffer: 100000
Episode 454000/500000, Total Reward: 54795, Epsilon: 0.0100, Buffer: 100000
Episode 455000/500000, Total Reward: 46348, Epsilon: 0.0100, Buffer: 100000
Episode 456000/500000, Total Reward: 62977, Epsilon: 0.0100, Buffer: 100000
Episode 457000/500000, Total Reward: 44264, Epsilon: 0.0100, Buffer: 100000
Episode 458000/500000, Total Reward: 36413, Epsilon: 0.0100, Buffer: 100000
Episode 459000/500000, Total Reward: 47459, Epsilon: 0.0100, Buffer: 100000
Episode 460000/500000, Total Reward: 45992, Epsilon: 0.0100, Buffer: 100000
Episode 461000/500000, Total Reward: 35335, Epsilon: 0.0100, Buffer: 100000
Episode 462000/500000, Total Reward: 38340, Epsilon: 0.0100, Buffer: 100000
Episode 463000/500000, Total Reward: 41453, Epsilon: 0.0100, Buffer: 100000
Episode 464000/500000, Total Reward: 36975, Epsilon: 0.0100, Buffer: 100000
Episode 465000/500000, Total Reward: 32327, Epsilon: 0.0100, Buffer: 100000
Episode 466000/500000, Total Reward: 38622, Epsilon: 0.0100, Buffer: 100000
Episode 467000/500000, Total Reward: 47859, Epsilon: 0.0100, Buffer: 100000
Episode 468000/500000, Total Reward: 41697, Epsilon: 0.0100, Buffer: 100000
Episode 469000/500000, Total Reward: 48223, Epsilon: 0.0100, Buffer: 100000
Episode 470000/500000, Total Reward: 38692, Epsilon: 0.0100, Buffer: 100000
Episode 471000/500000, Total Reward: 41799, Epsilon: 0.0100, Buffer: 100000
Episode 472000/500000, Total Reward: 40051, Epsilon: 0.0100, Buffer: 100000
Episode 473000/500000, Total Reward: 37535, Epsilon: 0.0100, Buffer: 100000
Episode 474000/500000, Total Reward: 44180, Epsilon: 0.0100, Buffer: 100000
Episode 475000/500000, Total Reward: 52973, Epsilon: 0.0100, Buffer: 100000
Episode 476000/500000, Total Reward: 47719, Epsilon: 0.0100, Buffer: 100000
Episode 477000/500000, Total Reward: 38530, Epsilon: 0.0100, Buffer: 100000
Episode 478000/500000, Total Reward: 34030, Epsilon: 0.0100, Buffer: 100000
Episode 479000/500000, Total Reward: 45889, Epsilon: 0.0100, Buffer: 100000
Episode 480000/500000, Total Reward: 44169, Epsilon: 0.0100, Buffer: 100000
Episode 481000/500000, Total Reward: 43690, Epsilon: 0.0100, Buffer: 100000
Episode 482000/500000, Total Reward: 52580, Epsilon: 0.0100, Buffer: 100000
Episode 483000/500000, Total Reward: 33632, Epsilon: 0.0100, Buffer: 100000
Episode 484000/500000, Total Reward: 49290, Epsilon: 0.0100, Buffer: 100000
Episode 485000/500000, Total Reward: 61054, Epsilon: 0.0100, Buffer: 100000
Episode 486000/500000, Total Reward: 32592, Epsilon: 0.0100, Buffer: 100000
Episode 487000/500000, Total Reward: 48670, Epsilon: 0.0100, Buffer: 100000
Episode 488000/500000, Total Reward: 37920, Epsilon: 0.0100, Buffer: 100000
Episode 489000/500000, Total Reward: 41998, Epsilon: 0.0100, Buffer: 100000
Episode 490000/500000, Total Reward: 53195, Epsilon: 0.0100, Buffer: 100000
Episode 491000/500000, Total Reward: 46226, Epsilon: 0.0100, Buffer: 100000
Episode 492000/500000, Total Reward: 38420, Epsilon: 0.0100, Buffer: 100000
Episode 493000/500000, Total Reward: 38763, Epsilon: 0.0100, Buffer: 100000
Episode 494000/500000, Total Reward: 48587, Epsilon: 0.0100, Buffer: 100000
Episode 495000/500000, Total Reward: 55795, Epsilon: 0.0100, Buffer: 100000
Episode 496000/500000, Total Reward: 58196, Epsilon: 0.0100, Buffer: 100000
Episode 497000/500000, Total Reward: 43500, Epsilon: 0.0100, Buffer: 100000
Episode 498000/500000, Total Reward: 47808, Epsilon: 0.0100, Buffer: 100000
Episode 499000/500000, Total Reward: 8742, Epsilon: 0.0100, Buffer: 100000
Episode 500000/500000, Total Reward: 51130, Epsilon: 0.0100, Buffer: 100000
Extracting Q-table from DQN for compatibility...
Saved DQN model to outputs/DQN_UG_500k_parity12forcecull_run1_model.pth
Saved Q-table (for compatibility) to outputs/DQN_UG_500k_parity12forcecull_run1.pkl

Learned DQN Q-table (sample):
State: (0, 0, 9, 0)
  Action: keep, Q-value: 6109.14
  Action: replace, Q-value: 3913.10
State: (1, 1, 0, 0)
  Action: keep, Q-value: 5325.03
  Action: replace, Q-value: 3919.19
State: (1, 1, 0, 1)
  Action: keep, Q-value: 4702.25
  Action: replace, Q-value: 3566.33
State: (1, 2, 0, 0)
  Action: keep, Q-value: 5381.76
  Action: replace, Q-value: 3920.25
State: (1, 2, 0, 1)
  Action: keep, Q-value: 4682.97
  Action: replace, Q-value: 3820.11
State: (1, 3, 0, 0)
  Action: keep, Q-value: 5313.07
  Action: replace, Q-value: 3893.22
State: (1, 3, 0, 1)
  Action: keep, Q-value: 4581.19
  Action: replace, Q-value: 3803.76
State: (1, 4, 0, 0)
  Action: keep, Q-value: 5184.85
  Action: replace, Q-value: 3892.08
State: (1, 4, 0, 1)
  Action: keep, Q-value: 4488.53
  Action: replace, Q-value: 3802.20
State: (1, 4, 1, 0)
  Action: keep, Q-value: 5458.84
  Action: replace, Q-value: 3913.29
Total states: 3289

Time taken for training: 55410.68 seconds
Average reward (last 1000 episodes): 45616.35
--- Run ended 2026-02-11 05:27:13 ---
