
--- Run started 2026-02-02 03:39:21 ---

======================================================================
CREATING NEW MODEL
======================================================================

Starting fresh with epsilon: 1.0000
======================================================================

Starting DQN training for 500000 episodes...
Episode 1000/500000, Total Reward: 37789, Epsilon: 0.0100, Buffer: 100000
Episode 2000/500000, Total Reward: 43626, Epsilon: 0.0100, Buffer: 100000
Episode 3000/500000, Total Reward: 42330, Epsilon: 0.0100, Buffer: 100000
Episode 4000/500000, Total Reward: 43876, Epsilon: 0.0100, Buffer: 100000
Episode 5000/500000, Total Reward: 46793, Epsilon: 0.0100, Buffer: 100000
Episode 6000/500000, Total Reward: 37977, Epsilon: 0.0100, Buffer: 100000
Episode 7000/500000, Total Reward: 48076, Epsilon: 0.0100, Buffer: 100000
Episode 8000/500000, Total Reward: 47940, Epsilon: 0.0100, Buffer: 100000
Episode 9000/500000, Total Reward: 43416, Epsilon: 0.0100, Buffer: 100000
Episode 10000/500000, Total Reward: 39853, Epsilon: 0.0100, Buffer: 100000
Episode 11000/500000, Total Reward: 52229, Epsilon: 0.0100, Buffer: 100000
Episode 12000/500000, Total Reward: 43805, Epsilon: 0.0100, Buffer: 100000
Episode 13000/500000, Total Reward: 44125, Epsilon: 0.0100, Buffer: 100000
Episode 14000/500000, Total Reward: 35914, Epsilon: 0.0100, Buffer: 100000
Episode 15000/500000, Total Reward: 42674, Epsilon: 0.0100, Buffer: 100000
Episode 16000/500000, Total Reward: 45625, Epsilon: 0.0100, Buffer: 100000
Episode 17000/500000, Total Reward: 47356, Epsilon: 0.0100, Buffer: 100000
Episode 18000/500000, Total Reward: 39005, Epsilon: 0.0100, Buffer: 100000
Episode 19000/500000, Total Reward: 43636, Epsilon: 0.0100, Buffer: 100000
Episode 20000/500000, Total Reward: 44477, Epsilon: 0.0100, Buffer: 100000
Episode 21000/500000, Total Reward: -11, Epsilon: 0.0100, Buffer: 100000
Episode 22000/500000, Total Reward: 44737, Epsilon: 0.0100, Buffer: 100000
Episode 23000/500000, Total Reward: 41416, Epsilon: 0.0100, Buffer: 100000
Episode 24000/500000, Total Reward: 45990, Epsilon: 0.0100, Buffer: 100000
Episode 25000/500000, Total Reward: 46245, Epsilon: 0.0100, Buffer: 100000
Episode 26000/500000, Total Reward: 40782, Epsilon: 0.0100, Buffer: 100000
Episode 27000/500000, Total Reward: 43756, Epsilon: 0.0100, Buffer: 100000
Episode 28000/500000, Total Reward: 49275, Epsilon: 0.0100, Buffer: 100000
Episode 29000/500000, Total Reward: 36390, Epsilon: 0.0100, Buffer: 100000
Episode 30000/500000, Total Reward: 47555, Epsilon: 0.0100, Buffer: 100000
Episode 31000/500000, Total Reward: 44736, Epsilon: 0.0100, Buffer: 100000
Episode 32000/500000, Total Reward: 39178, Epsilon: 0.0100, Buffer: 100000
Episode 33000/500000, Total Reward: 41193, Epsilon: 0.0100, Buffer: 100000
Episode 34000/500000, Total Reward: 38020, Epsilon: 0.0100, Buffer: 100000
Episode 35000/500000, Total Reward: 46936, Epsilon: 0.0100, Buffer: 100000
Episode 36000/500000, Total Reward: 39842, Epsilon: 0.0100, Buffer: 100000
Episode 37000/500000, Total Reward: 47627, Epsilon: 0.0100, Buffer: 100000
Episode 38000/500000, Total Reward: 40852, Epsilon: 0.0100, Buffer: 100000
Episode 39000/500000, Total Reward: 43332, Epsilon: 0.0100, Buffer: 100000
Episode 40000/500000, Total Reward: 42564, Epsilon: 0.0100, Buffer: 100000
Episode 41000/500000, Total Reward: 53004, Epsilon: 0.0100, Buffer: 100000
Episode 42000/500000, Total Reward: 44997, Epsilon: 0.0100, Buffer: 100000
Episode 43000/500000, Total Reward: 37695, Epsilon: 0.0100, Buffer: 100000
Episode 44000/500000, Total Reward: 29851, Epsilon: 0.0100, Buffer: 100000
Episode 45000/500000, Total Reward: 45479, Epsilon: 0.0100, Buffer: 100000
Episode 46000/500000, Total Reward: 46705, Epsilon: 0.0100, Buffer: 100000
Episode 47000/500000, Total Reward: 31042, Epsilon: 0.0100, Buffer: 100000
Episode 48000/500000, Total Reward: 39150, Epsilon: 0.0100, Buffer: 100000
Episode 49000/500000, Total Reward: 44247, Epsilon: 0.0100, Buffer: 100000
Episode 50000/500000, Total Reward: 44654, Epsilon: 0.0100, Buffer: 100000
Episode 51000/500000, Total Reward: 43258, Epsilon: 0.0100, Buffer: 100000
Episode 52000/500000, Total Reward: 49114, Epsilon: 0.0100, Buffer: 100000
Episode 53000/500000, Total Reward: 42600, Epsilon: 0.0100, Buffer: 100000
Episode 54000/500000, Total Reward: 38658, Epsilon: 0.0100, Buffer: 100000
Episode 55000/500000, Total Reward: 38628, Epsilon: 0.0100, Buffer: 100000
Episode 56000/500000, Total Reward: 45729, Epsilon: 0.0100, Buffer: 100000
Episode 57000/500000, Total Reward: 43296, Epsilon: 0.0100, Buffer: 100000
Episode 58000/500000, Total Reward: 43469, Epsilon: 0.0100, Buffer: 100000
Episode 59000/500000, Total Reward: 44520, Epsilon: 0.0100, Buffer: 100000
Episode 60000/500000, Total Reward: 46490, Epsilon: 0.0100, Buffer: 100000
Episode 61000/500000, Total Reward: 47705, Epsilon: 0.0100, Buffer: 100000
Episode 62000/500000, Total Reward: 48211, Epsilon: 0.0100, Buffer: 100000
Episode 63000/500000, Total Reward: 46393, Epsilon: 0.0100, Buffer: 100000
Episode 64000/500000, Total Reward: 41625, Epsilon: 0.0100, Buffer: 100000
Episode 65000/500000, Total Reward: 39734, Epsilon: 0.0100, Buffer: 100000
Episode 66000/500000, Total Reward: 42222, Epsilon: 0.0100, Buffer: 100000
Episode 67000/500000, Total Reward: 43838, Epsilon: 0.0100, Buffer: 100000
Episode 68000/500000, Total Reward: 43517, Epsilon: 0.0100, Buffer: 100000
Episode 69000/500000, Total Reward: 43262, Epsilon: 0.0100, Buffer: 100000
Episode 70000/500000, Total Reward: 44502, Epsilon: 0.0100, Buffer: 100000
Episode 71000/500000, Total Reward: 44132, Epsilon: 0.0100, Buffer: 100000
Episode 72000/500000, Total Reward: 42498, Epsilon: 0.0100, Buffer: 100000
Episode 73000/500000, Total Reward: 48057, Epsilon: 0.0100, Buffer: 100000
Episode 74000/500000, Total Reward: 41309, Epsilon: 0.0100, Buffer: 100000
Episode 75000/500000, Total Reward: 53576, Epsilon: 0.0100, Buffer: 100000
Episode 76000/500000, Total Reward: 48695, Epsilon: 0.0100, Buffer: 100000
Episode 77000/500000, Total Reward: 39185, Epsilon: 0.0100, Buffer: 100000
Episode 78000/500000, Total Reward: 43527, Epsilon: 0.0100, Buffer: 100000
Episode 79000/500000, Total Reward: 44300, Epsilon: 0.0100, Buffer: 100000
Episode 80000/500000, Total Reward: 46343, Epsilon: 0.0100, Buffer: 100000
Episode 81000/500000, Total Reward: 40870, Epsilon: 0.0100, Buffer: 100000
Episode 82000/500000, Total Reward: 35857, Epsilon: 0.0100, Buffer: 100000
Episode 83000/500000, Total Reward: 39281, Epsilon: 0.0100, Buffer: 100000
Episode 84000/500000, Total Reward: 44928, Epsilon: 0.0100, Buffer: 100000
Episode 85000/500000, Total Reward: 43590, Epsilon: 0.0100, Buffer: 100000
Episode 86000/500000, Total Reward: 45011, Epsilon: 0.0100, Buffer: 100000
Episode 87000/500000, Total Reward: 49381, Epsilon: 0.0100, Buffer: 100000
Episode 88000/500000, Total Reward: 46237, Epsilon: 0.0100, Buffer: 100000
Episode 89000/500000, Total Reward: 48461, Epsilon: 0.0100, Buffer: 100000
Episode 90000/500000, Total Reward: 45202, Epsilon: 0.0100, Buffer: 100000
Episode 91000/500000, Total Reward: 45587, Epsilon: 0.0100, Buffer: 100000
Episode 92000/500000, Total Reward: 44067, Epsilon: 0.0100, Buffer: 100000
Episode 93000/500000, Total Reward: 40684, Epsilon: 0.0100, Buffer: 100000
Episode 94000/500000, Total Reward: 50049, Epsilon: 0.0100, Buffer: 100000
Episode 95000/500000, Total Reward: 39151, Epsilon: 0.0100, Buffer: 100000
Episode 96000/500000, Total Reward: 33159, Epsilon: 0.0100, Buffer: 100000
Episode 97000/500000, Total Reward: 43828, Epsilon: 0.0100, Buffer: 100000
Episode 98000/500000, Total Reward: 45224, Epsilon: 0.0100, Buffer: 100000
Episode 99000/500000, Total Reward: 48000, Epsilon: 0.0100, Buffer: 100000
Episode 100000/500000, Total Reward: -135, Epsilon: 0.0100, Buffer: 100000
Episode 101000/500000, Total Reward: 43433, Epsilon: 0.0100, Buffer: 100000
Episode 102000/500000, Total Reward: 42596, Epsilon: 0.0100, Buffer: 100000
Episode 103000/500000, Total Reward: 48558, Epsilon: 0.0100, Buffer: 100000
Episode 104000/500000, Total Reward: 44215, Epsilon: 0.0100, Buffer: 100000
Episode 105000/500000, Total Reward: 41400, Epsilon: 0.0100, Buffer: 100000
Episode 106000/500000, Total Reward: 46448, Epsilon: 0.0100, Buffer: 100000
Episode 107000/500000, Total Reward: 45757, Epsilon: 0.0100, Buffer: 100000
Episode 108000/500000, Total Reward: 45299, Epsilon: 0.0100, Buffer: 100000
Episode 109000/500000, Total Reward: 49356, Epsilon: 0.0100, Buffer: 100000
Episode 110000/500000, Total Reward: 48143, Epsilon: 0.0100, Buffer: 100000
Episode 111000/500000, Total Reward: 44601, Epsilon: 0.0100, Buffer: 100000
Episode 112000/500000, Total Reward: 44998, Epsilon: 0.0100, Buffer: 100000
Episode 113000/500000, Total Reward: 40505, Epsilon: 0.0100, Buffer: 100000
Episode 114000/500000, Total Reward: 41524, Epsilon: 0.0100, Buffer: 100000
Episode 115000/500000, Total Reward: 49132, Epsilon: 0.0100, Buffer: 100000
Episode 116000/500000, Total Reward: 41239, Epsilon: 0.0100, Buffer: 100000
Episode 117000/500000, Total Reward: 42369, Epsilon: 0.0100, Buffer: 100000
Episode 118000/500000, Total Reward: 39081, Epsilon: 0.0100, Buffer: 100000
Episode 119000/500000, Total Reward: 40233, Epsilon: 0.0100, Buffer: 100000
Episode 120000/500000, Total Reward: 43586, Epsilon: 0.0100, Buffer: 100000
Episode 121000/500000, Total Reward: 44764, Epsilon: 0.0100, Buffer: 100000
Episode 122000/500000, Total Reward: 53484, Epsilon: 0.0100, Buffer: 100000
Episode 123000/500000, Total Reward: 45626, Epsilon: 0.0100, Buffer: 100000
Episode 124000/500000, Total Reward: 43052, Epsilon: 0.0100, Buffer: 100000
Episode 125000/500000, Total Reward: 45059, Epsilon: 0.0100, Buffer: 100000
Episode 126000/500000, Total Reward: 49367, Epsilon: 0.0100, Buffer: 100000
Episode 127000/500000, Total Reward: 46385, Epsilon: 0.0100, Buffer: 100000
Episode 128000/500000, Total Reward: 46415, Epsilon: 0.0100, Buffer: 100000
Episode 129000/500000, Total Reward: 46764, Epsilon: 0.0100, Buffer: 100000
Episode 130000/500000, Total Reward: 41649, Epsilon: 0.0100, Buffer: 100000
Episode 131000/500000, Total Reward: 46113, Epsilon: 0.0100, Buffer: 100000
Episode 132000/500000, Total Reward: 53657, Epsilon: 0.0100, Buffer: 100000
Episode 133000/500000, Total Reward: 41167, Epsilon: 0.0100, Buffer: 100000
Episode 134000/500000, Total Reward: 39495, Epsilon: 0.0100, Buffer: 100000
Episode 135000/500000, Total Reward: 42312, Epsilon: 0.0100, Buffer: 100000
Episode 136000/500000, Total Reward: 47185, Epsilon: 0.0100, Buffer: 100000
Episode 137000/500000, Total Reward: 41864, Epsilon: 0.0100, Buffer: 100000
Episode 138000/500000, Total Reward: 45948, Epsilon: 0.0100, Buffer: 100000
Episode 139000/500000, Total Reward: 45352, Epsilon: 0.0100, Buffer: 100000
Episode 140000/500000, Total Reward: 46526, Epsilon: 0.0100, Buffer: 100000
Episode 141000/500000, Total Reward: 43881, Epsilon: 0.0100, Buffer: 100000
Episode 142000/500000, Total Reward: 50572, Epsilon: 0.0100, Buffer: 100000
Episode 143000/500000, Total Reward: 43766, Epsilon: 0.0100, Buffer: 100000
Episode 144000/500000, Total Reward: 44672, Epsilon: 0.0100, Buffer: 100000
Episode 145000/500000, Total Reward: 42756, Epsilon: 0.0100, Buffer: 100000
Episode 146000/500000, Total Reward: 47951, Epsilon: 0.0100, Buffer: 100000
Episode 147000/500000, Total Reward: 48158, Epsilon: 0.0100, Buffer: 100000
Episode 148000/500000, Total Reward: 43882, Epsilon: 0.0100, Buffer: 100000
Episode 149000/500000, Total Reward: 44304, Epsilon: 0.0100, Buffer: 100000
Episode 150000/500000, Total Reward: 46978, Epsilon: 0.0100, Buffer: 100000
Episode 151000/500000, Total Reward: 38627, Epsilon: 0.0100, Buffer: 100000
Episode 152000/500000, Total Reward: 37814, Epsilon: 0.0100, Buffer: 100000
Episode 153000/500000, Total Reward: 52404, Epsilon: 0.0100, Buffer: 100000
Episode 154000/500000, Total Reward: 44187, Epsilon: 0.0100, Buffer: 100000
Episode 155000/500000, Total Reward: 48381, Epsilon: 0.0100, Buffer: 100000
Episode 156000/500000, Total Reward: 44476, Epsilon: 0.0100, Buffer: 100000
Episode 157000/500000, Total Reward: 46100, Epsilon: 0.0100, Buffer: 100000
Episode 158000/500000, Total Reward: 44828, Epsilon: 0.0100, Buffer: 100000
Episode 159000/500000, Total Reward: 48015, Epsilon: 0.0100, Buffer: 100000
Episode 160000/500000, Total Reward: 42128, Epsilon: 0.0100, Buffer: 100000
Episode 161000/500000, Total Reward: 45392, Epsilon: 0.0100, Buffer: 100000
Episode 162000/500000, Total Reward: 42732, Epsilon: 0.0100, Buffer: 100000
Episode 163000/500000, Total Reward: 39771, Epsilon: 0.0100, Buffer: 100000
Episode 164000/500000, Total Reward: 47167, Epsilon: 0.0100, Buffer: 100000
Episode 165000/500000, Total Reward: 42174, Epsilon: 0.0100, Buffer: 100000
Episode 166000/500000, Total Reward: 43515, Epsilon: 0.0100, Buffer: 100000
Episode 167000/500000, Total Reward: 46645, Epsilon: 0.0100, Buffer: 100000
Episode 168000/500000, Total Reward: 45860, Epsilon: 0.0100, Buffer: 100000
Episode 169000/500000, Total Reward: 45284, Epsilon: 0.0100, Buffer: 100000
Episode 170000/500000, Total Reward: 48082, Epsilon: 0.0100, Buffer: 100000
Episode 171000/500000, Total Reward: 42924, Epsilon: 0.0100, Buffer: 100000
Episode 172000/500000, Total Reward: 50844, Epsilon: 0.0100, Buffer: 100000
Episode 173000/500000, Total Reward: 48476, Epsilon: 0.0100, Buffer: 100000
Episode 174000/500000, Total Reward: 44811, Epsilon: 0.0100, Buffer: 100000
Episode 175000/500000, Total Reward: 36415, Epsilon: 0.0100, Buffer: 100000
Episode 176000/500000, Total Reward: 46398, Epsilon: 0.0100, Buffer: 100000
Episode 177000/500000, Total Reward: 45453, Epsilon: 0.0100, Buffer: 100000
Episode 178000/500000, Total Reward: 42488, Epsilon: 0.0100, Buffer: 100000
Episode 179000/500000, Total Reward: 47510, Epsilon: 0.0100, Buffer: 100000
Episode 180000/500000, Total Reward: 41880, Epsilon: 0.0100, Buffer: 100000
Episode 181000/500000, Total Reward: 44454, Epsilon: 0.0100, Buffer: 100000
Episode 182000/500000, Total Reward: 42803, Epsilon: 0.0100, Buffer: 100000
Episode 183000/500000, Total Reward: 37598, Epsilon: 0.0100, Buffer: 100000
Episode 184000/500000, Total Reward: 40142, Epsilon: 0.0100, Buffer: 100000
Episode 185000/500000, Total Reward: 37780, Epsilon: 0.0100, Buffer: 100000
Episode 186000/500000, Total Reward: 44987, Epsilon: 0.0100, Buffer: 100000
Episode 187000/500000, Total Reward: 45952, Epsilon: 0.0100, Buffer: 100000
Episode 188000/500000, Total Reward: 42883, Epsilon: 0.0100, Buffer: 100000
Episode 189000/500000, Total Reward: 44253, Epsilon: 0.0100, Buffer: 100000
Episode 190000/500000, Total Reward: 43561, Epsilon: 0.0100, Buffer: 100000
Episode 191000/500000, Total Reward: 46834, Epsilon: 0.0100, Buffer: 100000
Episode 192000/500000, Total Reward: 43283, Epsilon: 0.0100, Buffer: 100000
Episode 193000/500000, Total Reward: 48563, Epsilon: 0.0100, Buffer: 100000
Episode 194000/500000, Total Reward: 43048, Epsilon: 0.0100, Buffer: 100000
Episode 195000/500000, Total Reward: 50154, Epsilon: 0.0100, Buffer: 100000
Episode 196000/500000, Total Reward: 46399, Epsilon: 0.0100, Buffer: 100000
Episode 197000/500000, Total Reward: 42291, Epsilon: 0.0100, Buffer: 100000
Episode 198000/500000, Total Reward: 40079, Epsilon: 0.0100, Buffer: 100000
Episode 199000/500000, Total Reward: 47628, Epsilon: 0.0100, Buffer: 100000
Episode 200000/500000, Total Reward: 45115, Epsilon: 0.0100, Buffer: 100000
Episode 201000/500000, Total Reward: 40330, Epsilon: 0.0100, Buffer: 100000
Episode 202000/500000, Total Reward: 37168, Epsilon: 0.0100, Buffer: 100000
Episode 203000/500000, Total Reward: 51245, Epsilon: 0.0100, Buffer: 100000
Episode 204000/500000, Total Reward: 50131, Epsilon: 0.0100, Buffer: 100000
Episode 205000/500000, Total Reward: 49102, Epsilon: 0.0100, Buffer: 100000
Episode 206000/500000, Total Reward: 42367, Epsilon: 0.0100, Buffer: 100000
Episode 207000/500000, Total Reward: 47020, Epsilon: 0.0100, Buffer: 100000
Episode 208000/500000, Total Reward: 44833, Epsilon: 0.0100, Buffer: 100000
Episode 209000/500000, Total Reward: 43291, Epsilon: 0.0100, Buffer: 100000
Episode 210000/500000, Total Reward: 40945, Epsilon: 0.0100, Buffer: 100000
Episode 211000/500000, Total Reward: 48069, Epsilon: 0.0100, Buffer: 100000
Episode 212000/500000, Total Reward: 42067, Epsilon: 0.0100, Buffer: 100000
Episode 213000/500000, Total Reward: 41077, Epsilon: 0.0100, Buffer: 100000
Episode 214000/500000, Total Reward: 48741, Epsilon: 0.0100, Buffer: 100000
Episode 215000/500000, Total Reward: 42828, Epsilon: 0.0100, Buffer: 100000
Episode 216000/500000, Total Reward: 46142, Epsilon: 0.0100, Buffer: 100000
Episode 217000/500000, Total Reward: 46116, Epsilon: 0.0100, Buffer: 100000
Episode 218000/500000, Total Reward: 46076, Epsilon: 0.0100, Buffer: 100000
Episode 219000/500000, Total Reward: 44694, Epsilon: 0.0100, Buffer: 100000
Episode 220000/500000, Total Reward: 43574, Epsilon: 0.0100, Buffer: 100000
Episode 221000/500000, Total Reward: 47329, Epsilon: 0.0100, Buffer: 100000
Episode 222000/500000, Total Reward: 41775, Epsilon: 0.0100, Buffer: 100000
Episode 223000/500000, Total Reward: 45483, Epsilon: 0.0100, Buffer: 100000
Episode 224000/500000, Total Reward: 41832, Epsilon: 0.0100, Buffer: 100000
Episode 225000/500000, Total Reward: 47964, Epsilon: 0.0100, Buffer: 100000
Episode 226000/500000, Total Reward: 48696, Epsilon: 0.0100, Buffer: 100000
Episode 227000/500000, Total Reward: 46544, Epsilon: 0.0100, Buffer: 100000
Episode 228000/500000, Total Reward: 49763, Epsilon: 0.0100, Buffer: 100000
Episode 229000/500000, Total Reward: 45909, Epsilon: 0.0100, Buffer: 100000
Episode 230000/500000, Total Reward: 43707, Epsilon: 0.0100, Buffer: 100000
Episode 231000/500000, Total Reward: 46666, Epsilon: 0.0100, Buffer: 100000
Episode 232000/500000, Total Reward: 48860, Epsilon: 0.0100, Buffer: 100000
Episode 233000/500000, Total Reward: 47620, Epsilon: 0.0100, Buffer: 100000
Episode 234000/500000, Total Reward: 48944, Epsilon: 0.0100, Buffer: 100000
Episode 235000/500000, Total Reward: 50565, Epsilon: 0.0100, Buffer: 100000
Episode 236000/500000, Total Reward: 37844, Epsilon: 0.0100, Buffer: 100000
Episode 237000/500000, Total Reward: 45790, Epsilon: 0.0100, Buffer: 100000
Episode 238000/500000, Total Reward: 40849, Epsilon: 0.0100, Buffer: 100000
Episode 239000/500000, Total Reward: 44901, Epsilon: 0.0100, Buffer: 100000
Episode 240000/500000, Total Reward: 45931, Epsilon: 0.0100, Buffer: 100000
Episode 241000/500000, Total Reward: 41725, Epsilon: 0.0100, Buffer: 100000
Episode 242000/500000, Total Reward: 41361, Epsilon: 0.0100, Buffer: 100000
Episode 243000/500000, Total Reward: 43983, Epsilon: 0.0100, Buffer: 100000
Episode 244000/500000, Total Reward: 39062, Epsilon: 0.0100, Buffer: 100000
Episode 245000/500000, Total Reward: 47031, Epsilon: 0.0100, Buffer: 100000
Episode 246000/500000, Total Reward: 45994, Epsilon: 0.0100, Buffer: 100000
Episode 247000/500000, Total Reward: 47246, Epsilon: 0.0100, Buffer: 100000
Episode 248000/500000, Total Reward: 42055, Epsilon: 0.0100, Buffer: 100000
Episode 249000/500000, Total Reward: 39427, Epsilon: 0.0100, Buffer: 100000
Episode 250000/500000, Total Reward: 40327, Epsilon: 0.0100, Buffer: 100000
Episode 251000/500000, Total Reward: 42577, Epsilon: 0.0100, Buffer: 100000
Episode 252000/500000, Total Reward: 45341, Epsilon: 0.0100, Buffer: 100000
Episode 253000/500000, Total Reward: 44807, Epsilon: 0.0100, Buffer: 100000
Episode 254000/500000, Total Reward: 46396, Epsilon: 0.0100, Buffer: 100000
Episode 255000/500000, Total Reward: 43423, Epsilon: 0.0100, Buffer: 100000
Episode 256000/500000, Total Reward: 41695, Epsilon: 0.0100, Buffer: 100000
Episode 257000/500000, Total Reward: 40649, Epsilon: 0.0100, Buffer: 100000
Episode 258000/500000, Total Reward: 43530, Epsilon: 0.0100, Buffer: 100000
Episode 259000/500000, Total Reward: 38278, Epsilon: 0.0100, Buffer: 100000
Episode 260000/500000, Total Reward: 49042, Epsilon: 0.0100, Buffer: 100000
Episode 261000/500000, Total Reward: 44002, Epsilon: 0.0100, Buffer: 100000
Episode 262000/500000, Total Reward: 44412, Epsilon: 0.0100, Buffer: 100000
Episode 263000/500000, Total Reward: 44083, Epsilon: 0.0100, Buffer: 100000
Episode 264000/500000, Total Reward: 42479, Epsilon: 0.0100, Buffer: 100000
Episode 265000/500000, Total Reward: 45987, Epsilon: 0.0100, Buffer: 100000
Episode 266000/500000, Total Reward: 45594, Epsilon: 0.0100, Buffer: 100000
Episode 267000/500000, Total Reward: 42594, Epsilon: 0.0100, Buffer: 100000
Episode 268000/500000, Total Reward: 35267, Epsilon: 0.0100, Buffer: 100000
Episode 269000/500000, Total Reward: 39214, Epsilon: 0.0100, Buffer: 100000
Episode 270000/500000, Total Reward: 44965, Epsilon: 0.0100, Buffer: 100000
Episode 271000/500000, Total Reward: 39334, Epsilon: 0.0100, Buffer: 100000
Episode 272000/500000, Total Reward: 50894, Epsilon: 0.0100, Buffer: 100000
Episode 273000/500000, Total Reward: 45115, Epsilon: 0.0100, Buffer: 100000
Episode 274000/500000, Total Reward: 39670, Epsilon: 0.0100, Buffer: 100000
Episode 275000/500000, Total Reward: 46568, Epsilon: 0.0100, Buffer: 100000
Episode 276000/500000, Total Reward: 38897, Epsilon: 0.0100, Buffer: 100000
Episode 277000/500000, Total Reward: 48630, Epsilon: 0.0100, Buffer: 100000
Episode 278000/500000, Total Reward: 45280, Epsilon: 0.0100, Buffer: 100000
Episode 279000/500000, Total Reward: 44203, Epsilon: 0.0100, Buffer: 100000
Episode 280000/500000, Total Reward: 46210, Epsilon: 0.0100, Buffer: 100000
Episode 281000/500000, Total Reward: 41475, Epsilon: 0.0100, Buffer: 100000
Episode 282000/500000, Total Reward: 36769, Epsilon: 0.0100, Buffer: 100000
Episode 283000/500000, Total Reward: 47385, Epsilon: 0.0100, Buffer: 100000
Episode 284000/500000, Total Reward: 49581, Epsilon: 0.0100, Buffer: 100000
Episode 285000/500000, Total Reward: 40428, Epsilon: 0.0100, Buffer: 100000
Episode 286000/500000, Total Reward: 38994, Epsilon: 0.0100, Buffer: 100000
Episode 287000/500000, Total Reward: 44046, Epsilon: 0.0100, Buffer: 100000
Episode 288000/500000, Total Reward: 41582, Epsilon: 0.0100, Buffer: 100000
Episode 289000/500000, Total Reward: 47122, Epsilon: 0.0100, Buffer: 100000
Episode 290000/500000, Total Reward: 43339, Epsilon: 0.0100, Buffer: 100000
Episode 291000/500000, Total Reward: 45089, Epsilon: 0.0100, Buffer: 100000
Episode 292000/500000, Total Reward: 51813, Epsilon: 0.0100, Buffer: 100000
Episode 293000/500000, Total Reward: 42323, Epsilon: 0.0100, Buffer: 100000
Episode 294000/500000, Total Reward: 41635, Epsilon: 0.0100, Buffer: 100000
Episode 295000/500000, Total Reward: 45037, Epsilon: 0.0100, Buffer: 100000
Episode 296000/500000, Total Reward: 43480, Epsilon: 0.0100, Buffer: 100000
Episode 297000/500000, Total Reward: 40219, Epsilon: 0.0100, Buffer: 100000
Episode 298000/500000, Total Reward: 49149, Epsilon: 0.0100, Buffer: 100000
Episode 299000/500000, Total Reward: 46775, Epsilon: 0.0100, Buffer: 100000
Episode 300000/500000, Total Reward: 49854, Epsilon: 0.0100, Buffer: 100000
Episode 301000/500000, Total Reward: 46254, Epsilon: 0.0100, Buffer: 100000
Episode 302000/500000, Total Reward: 41829, Epsilon: 0.0100, Buffer: 100000
Episode 303000/500000, Total Reward: 47651, Epsilon: 0.0100, Buffer: 100000
Episode 304000/500000, Total Reward: 45900, Epsilon: 0.0100, Buffer: 100000
Episode 305000/500000, Total Reward: 42419, Epsilon: 0.0100, Buffer: 100000
Episode 306000/500000, Total Reward: 40477, Epsilon: 0.0100, Buffer: 100000
Episode 307000/500000, Total Reward: 43308, Epsilon: 0.0100, Buffer: 100000
Episode 308000/500000, Total Reward: 4658, Epsilon: 0.0100, Buffer: 100000
Episode 309000/500000, Total Reward: 46220, Epsilon: 0.0100, Buffer: 100000
Episode 310000/500000, Total Reward: 40278, Epsilon: 0.0100, Buffer: 100000
Episode 311000/500000, Total Reward: 45733, Epsilon: 0.0100, Buffer: 100000
Episode 312000/500000, Total Reward: 42508, Epsilon: 0.0100, Buffer: 100000
Episode 313000/500000, Total Reward: 44435, Epsilon: 0.0100, Buffer: 100000
Episode 314000/500000, Total Reward: 39533, Epsilon: 0.0100, Buffer: 100000
Episode 315000/500000, Total Reward: 42677, Epsilon: 0.0100, Buffer: 100000
Episode 316000/500000, Total Reward: 42329, Epsilon: 0.0100, Buffer: 100000
Episode 317000/500000, Total Reward: 44789, Epsilon: 0.0100, Buffer: 100000
Episode 318000/500000, Total Reward: 47664, Epsilon: 0.0100, Buffer: 100000
Episode 319000/500000, Total Reward: 39197, Epsilon: 0.0100, Buffer: 100000
Episode 320000/500000, Total Reward: 44673, Epsilon: 0.0100, Buffer: 100000
Episode 321000/500000, Total Reward: 47387, Epsilon: 0.0100, Buffer: 100000
Episode 322000/500000, Total Reward: 40626, Epsilon: 0.0100, Buffer: 100000
Episode 323000/500000, Total Reward: 33322, Epsilon: 0.0100, Buffer: 100000
Episode 324000/500000, Total Reward: 48150, Epsilon: 0.0100, Buffer: 100000
Episode 325000/500000, Total Reward: 50937, Epsilon: 0.0100, Buffer: 100000
Episode 326000/500000, Total Reward: 45106, Epsilon: 0.0100, Buffer: 100000
Episode 327000/500000, Total Reward: 18824, Epsilon: 0.0100, Buffer: 100000
Episode 328000/500000, Total Reward: 41850, Epsilon: 0.0100, Buffer: 100000
Episode 329000/500000, Total Reward: 49289, Epsilon: 0.0100, Buffer: 100000
Episode 330000/500000, Total Reward: 46190, Epsilon: 0.0100, Buffer: 100000
Episode 331000/500000, Total Reward: 45062, Epsilon: 0.0100, Buffer: 100000
Episode 332000/500000, Total Reward: 45675, Epsilon: 0.0100, Buffer: 100000
Episode 333000/500000, Total Reward: 40501, Epsilon: 0.0100, Buffer: 100000
Episode 334000/500000, Total Reward: 42985, Epsilon: 0.0100, Buffer: 100000
Episode 335000/500000, Total Reward: 41863, Epsilon: 0.0100, Buffer: 100000
Episode 336000/500000, Total Reward: 44200, Epsilon: 0.0100, Buffer: 100000
Episode 337000/500000, Total Reward: 43324, Epsilon: 0.0100, Buffer: 100000
Episode 338000/500000, Total Reward: 47666, Epsilon: 0.0100, Buffer: 100000
Episode 339000/500000, Total Reward: 48982, Epsilon: 0.0100, Buffer: 100000
Episode 340000/500000, Total Reward: 45957, Epsilon: 0.0100, Buffer: 100000
Episode 341000/500000, Total Reward: 38742, Epsilon: 0.0100, Buffer: 100000
Episode 342000/500000, Total Reward: 39612, Epsilon: 0.0100, Buffer: 100000
Episode 343000/500000, Total Reward: 41042, Epsilon: 0.0100, Buffer: 100000
Episode 344000/500000, Total Reward: 48555, Epsilon: 0.0100, Buffer: 100000
Episode 345000/500000, Total Reward: 46231, Epsilon: 0.0100, Buffer: 100000
Episode 346000/500000, Total Reward: 46610, Epsilon: 0.0100, Buffer: 100000
Episode 347000/500000, Total Reward: 38104, Epsilon: 0.0100, Buffer: 100000
Episode 348000/500000, Total Reward: 42209, Epsilon: 0.0100, Buffer: 100000
Episode 349000/500000, Total Reward: 18335, Epsilon: 0.0100, Buffer: 100000
Episode 350000/500000, Total Reward: 43701, Epsilon: 0.0100, Buffer: 100000
Episode 351000/500000, Total Reward: 49724, Epsilon: 0.0100, Buffer: 100000
Episode 352000/500000, Total Reward: 48150, Epsilon: 0.0100, Buffer: 100000
Episode 353000/500000, Total Reward: 43463, Epsilon: 0.0100, Buffer: 100000
Episode 354000/500000, Total Reward: 37896, Epsilon: 0.0100, Buffer: 100000
Episode 355000/500000, Total Reward: 43857, Epsilon: 0.0100, Buffer: 100000
Episode 356000/500000, Total Reward: 44368, Epsilon: 0.0100, Buffer: 100000
Episode 357000/500000, Total Reward: 48003, Epsilon: 0.0100, Buffer: 100000
Episode 358000/500000, Total Reward: 45898, Epsilon: 0.0100, Buffer: 100000
Episode 359000/500000, Total Reward: 51520, Epsilon: 0.0100, Buffer: 100000
Episode 360000/500000, Total Reward: 44290, Epsilon: 0.0100, Buffer: 100000
Episode 361000/500000, Total Reward: 46905, Epsilon: 0.0100, Buffer: 100000
Episode 362000/500000, Total Reward: 45239, Epsilon: 0.0100, Buffer: 100000
Episode 363000/500000, Total Reward: 41761, Epsilon: 0.0100, Buffer: 100000
Episode 364000/500000, Total Reward: 39140, Epsilon: 0.0100, Buffer: 100000
Episode 365000/500000, Total Reward: 43390, Epsilon: 0.0100, Buffer: 100000
Episode 366000/500000, Total Reward: 38568, Epsilon: 0.0100, Buffer: 100000
Episode 367000/500000, Total Reward: 43630, Epsilon: 0.0100, Buffer: 100000
Episode 368000/500000, Total Reward: 45162, Epsilon: 0.0100, Buffer: 100000
Episode 369000/500000, Total Reward: 46891, Epsilon: 0.0100, Buffer: 100000
Episode 370000/500000, Total Reward: 46619, Epsilon: 0.0100, Buffer: 100000
Episode 371000/500000, Total Reward: 43073, Epsilon: 0.0100, Buffer: 100000
Episode 372000/500000, Total Reward: 46111, Epsilon: 0.0100, Buffer: 100000
Episode 373000/500000, Total Reward: 48847, Epsilon: 0.0100, Buffer: 100000
Episode 374000/500000, Total Reward: 41847, Epsilon: 0.0100, Buffer: 100000
Episode 375000/500000, Total Reward: 46626, Epsilon: 0.0100, Buffer: 100000
Episode 376000/500000, Total Reward: 43537, Epsilon: 0.0100, Buffer: 100000
Episode 377000/500000, Total Reward: 40410, Epsilon: 0.0100, Buffer: 100000
Episode 378000/500000, Total Reward: 44804, Epsilon: 0.0100, Buffer: 100000
Episode 379000/500000, Total Reward: 33997, Epsilon: 0.0100, Buffer: 100000
Episode 380000/500000, Total Reward: 47722, Epsilon: 0.0100, Buffer: 100000
Episode 381000/500000, Total Reward: 49848, Epsilon: 0.0100, Buffer: 100000
Episode 382000/500000, Total Reward: 47422, Epsilon: 0.0100, Buffer: 100000
Episode 383000/500000, Total Reward: 43471, Epsilon: 0.0100, Buffer: 100000
Episode 384000/500000, Total Reward: 48198, Epsilon: 0.0100, Buffer: 100000
Episode 385000/500000, Total Reward: 44555, Epsilon: 0.0100, Buffer: 100000
Episode 386000/500000, Total Reward: 42078, Epsilon: 0.0100, Buffer: 100000
Episode 387000/500000, Total Reward: 46819, Epsilon: 0.0100, Buffer: 100000
Episode 388000/500000, Total Reward: 47715, Epsilon: 0.0100, Buffer: 100000
Episode 389000/500000, Total Reward: 46820, Epsilon: 0.0100, Buffer: 100000
Episode 390000/500000, Total Reward: 45400, Epsilon: 0.0100, Buffer: 100000
Episode 391000/500000, Total Reward: 41496, Epsilon: 0.0100, Buffer: 100000
Episode 392000/500000, Total Reward: 42380, Epsilon: 0.0100, Buffer: 100000
Episode 393000/500000, Total Reward: 38617, Epsilon: 0.0100, Buffer: 100000
Episode 394000/500000, Total Reward: 7655, Epsilon: 0.0100, Buffer: 100000
Episode 395000/500000, Total Reward: 39483, Epsilon: 0.0100, Buffer: 100000
Episode 396000/500000, Total Reward: 49752, Epsilon: 0.0100, Buffer: 100000
Episode 397000/500000, Total Reward: 49466, Epsilon: 0.0100, Buffer: 100000
Episode 398000/500000, Total Reward: 41485, Epsilon: 0.0100, Buffer: 100000
Episode 399000/500000, Total Reward: 43149, Epsilon: 0.0100, Buffer: 100000
Episode 400000/500000, Total Reward: 36842, Epsilon: 0.0100, Buffer: 100000
Episode 401000/500000, Total Reward: 45592, Epsilon: 0.0100, Buffer: 100000
Episode 402000/500000, Total Reward: 40240, Epsilon: 0.0100, Buffer: 100000
Episode 403000/500000, Total Reward: 42058, Epsilon: 0.0100, Buffer: 100000
Episode 404000/500000, Total Reward: 48771, Epsilon: 0.0100, Buffer: 100000
Episode 405000/500000, Total Reward: 47040, Epsilon: 0.0100, Buffer: 100000
Episode 406000/500000, Total Reward: 35146, Epsilon: 0.0100, Buffer: 100000
Episode 407000/500000, Total Reward: 42970, Epsilon: 0.0100, Buffer: 100000
Episode 408000/500000, Total Reward: 37388, Epsilon: 0.0100, Buffer: 100000
Episode 409000/500000, Total Reward: 41304, Epsilon: 0.0100, Buffer: 100000
Episode 410000/500000, Total Reward: 39386, Epsilon: 0.0100, Buffer: 100000
Episode 411000/500000, Total Reward: 41879, Epsilon: 0.0100, Buffer: 100000
Episode 412000/500000, Total Reward: 37252, Epsilon: 0.0100, Buffer: 100000
Episode 413000/500000, Total Reward: 44408, Epsilon: 0.0100, Buffer: 100000
Episode 414000/500000, Total Reward: 46009, Epsilon: 0.0100, Buffer: 100000
Episode 415000/500000, Total Reward: 51181, Epsilon: 0.0100, Buffer: 100000
Episode 416000/500000, Total Reward: 44715, Epsilon: 0.0100, Buffer: 100000
Episode 417000/500000, Total Reward: 42807, Epsilon: 0.0100, Buffer: 100000
Episode 418000/500000, Total Reward: 40459, Epsilon: 0.0100, Buffer: 100000
Episode 419000/500000, Total Reward: 49765, Epsilon: 0.0100, Buffer: 100000
Episode 420000/500000, Total Reward: 42024, Epsilon: 0.0100, Buffer: 100000
Episode 421000/500000, Total Reward: 31717, Epsilon: 0.0100, Buffer: 100000
Episode 422000/500000, Total Reward: 44965, Epsilon: 0.0100, Buffer: 100000
Episode 423000/500000, Total Reward: 42620, Epsilon: 0.0100, Buffer: 100000
Episode 424000/500000, Total Reward: 51126, Epsilon: 0.0100, Buffer: 100000
Episode 425000/500000, Total Reward: 42182, Epsilon: 0.0100, Buffer: 100000
Episode 426000/500000, Total Reward: 41568, Epsilon: 0.0100, Buffer: 100000
Episode 427000/500000, Total Reward: 35695, Epsilon: 0.0100, Buffer: 100000
Episode 428000/500000, Total Reward: 47032, Epsilon: 0.0100, Buffer: 100000
Episode 429000/500000, Total Reward: 40565, Epsilon: 0.0100, Buffer: 100000
Episode 430000/500000, Total Reward: 42179, Epsilon: 0.0100, Buffer: 100000
Episode 431000/500000, Total Reward: 51834, Epsilon: 0.0100, Buffer: 100000
Episode 432000/500000, Total Reward: 46649, Epsilon: 0.0100, Buffer: 100000
Episode 433000/500000, Total Reward: 44552, Epsilon: 0.0100, Buffer: 100000
Episode 434000/500000, Total Reward: 43999, Epsilon: 0.0100, Buffer: 100000
Episode 435000/500000, Total Reward: 49357, Epsilon: 0.0100, Buffer: 100000
Episode 436000/500000, Total Reward: 48086, Epsilon: 0.0100, Buffer: 100000
Episode 437000/500000, Total Reward: 48208, Epsilon: 0.0100, Buffer: 100000
Episode 438000/500000, Total Reward: 51871, Epsilon: 0.0100, Buffer: 100000
Episode 439000/500000, Total Reward: 44982, Epsilon: 0.0100, Buffer: 100000
Episode 440000/500000, Total Reward: 39430, Epsilon: 0.0100, Buffer: 100000
Episode 441000/500000, Total Reward: 47685, Epsilon: 0.0100, Buffer: 100000
Episode 442000/500000, Total Reward: 49859, Epsilon: 0.0100, Buffer: 100000
Episode 443000/500000, Total Reward: 40817, Epsilon: 0.0100, Buffer: 100000
Episode 444000/500000, Total Reward: 43809, Epsilon: 0.0100, Buffer: 100000
Episode 445000/500000, Total Reward: 43840, Epsilon: 0.0100, Buffer: 100000
Episode 446000/500000, Total Reward: 40539, Epsilon: 0.0100, Buffer: 100000
Episode 447000/500000, Total Reward: 40304, Epsilon: 0.0100, Buffer: 100000
Episode 448000/500000, Total Reward: 41390, Epsilon: 0.0100, Buffer: 100000
Episode 449000/500000, Total Reward: 45693, Epsilon: 0.0100, Buffer: 100000
Episode 450000/500000, Total Reward: 35304, Epsilon: 0.0100, Buffer: 100000
Episode 451000/500000, Total Reward: 48145, Epsilon: 0.0100, Buffer: 100000
Episode 452000/500000, Total Reward: 38380, Epsilon: 0.0100, Buffer: 100000
Episode 453000/500000, Total Reward: 41048, Epsilon: 0.0100, Buffer: 100000
Episode 454000/500000, Total Reward: 47137, Epsilon: 0.0100, Buffer: 100000
Episode 455000/500000, Total Reward: 41569, Epsilon: 0.0100, Buffer: 100000
Episode 456000/500000, Total Reward: 44000, Epsilon: 0.0100, Buffer: 100000
Episode 457000/500000, Total Reward: 48553, Epsilon: 0.0100, Buffer: 100000
Episode 458000/500000, Total Reward: 46510, Epsilon: 0.0100, Buffer: 100000
Episode 459000/500000, Total Reward: 47322, Epsilon: 0.0100, Buffer: 100000
Episode 460000/500000, Total Reward: 46390, Epsilon: 0.0100, Buffer: 100000
Episode 461000/500000, Total Reward: 49941, Epsilon: 0.0100, Buffer: 100000
Episode 462000/500000, Total Reward: 45991, Epsilon: 0.0100, Buffer: 100000
Episode 463000/500000, Total Reward: 39614, Epsilon: 0.0100, Buffer: 100000
Episode 464000/500000, Total Reward: 44016, Epsilon: 0.0100, Buffer: 100000
Episode 465000/500000, Total Reward: 47276, Epsilon: 0.0100, Buffer: 100000
Episode 466000/500000, Total Reward: 44777, Epsilon: 0.0100, Buffer: 100000
Episode 467000/500000, Total Reward: 38221, Epsilon: 0.0100, Buffer: 100000
Episode 468000/500000, Total Reward: 44921, Epsilon: 0.0100, Buffer: 100000
Episode 469000/500000, Total Reward: 46355, Epsilon: 0.0100, Buffer: 100000
Episode 470000/500000, Total Reward: 42697, Epsilon: 0.0100, Buffer: 100000
Episode 471000/500000, Total Reward: 45944, Epsilon: 0.0100, Buffer: 100000
Episode 472000/500000, Total Reward: 45611, Epsilon: 0.0100, Buffer: 100000
Episode 473000/500000, Total Reward: 40596, Epsilon: 0.0100, Buffer: 100000
Episode 474000/500000, Total Reward: 35290, Epsilon: 0.0100, Buffer: 100000
Episode 475000/500000, Total Reward: 47934, Epsilon: 0.0100, Buffer: 100000
Episode 476000/500000, Total Reward: 47881, Epsilon: 0.0100, Buffer: 100000
Episode 477000/500000, Total Reward: 43206, Epsilon: 0.0100, Buffer: 100000
Episode 478000/500000, Total Reward: 41178, Epsilon: 0.0100, Buffer: 100000
Episode 479000/500000, Total Reward: 44445, Epsilon: 0.0100, Buffer: 100000
Episode 480000/500000, Total Reward: 43644, Epsilon: 0.0100, Buffer: 100000
Episode 481000/500000, Total Reward: 49777, Epsilon: 0.0100, Buffer: 100000
Episode 482000/500000, Total Reward: 47721, Epsilon: 0.0100, Buffer: 100000
Episode 483000/500000, Total Reward: 38809, Epsilon: 0.0100, Buffer: 100000
Episode 484000/500000, Total Reward: 43874, Epsilon: 0.0100, Buffer: 100000
Episode 485000/500000, Total Reward: -90, Epsilon: 0.0100, Buffer: 100000
Episode 486000/500000, Total Reward: 49875, Epsilon: 0.0100, Buffer: 100000
Episode 487000/500000, Total Reward: 43378, Epsilon: 0.0100, Buffer: 100000
Episode 488000/500000, Total Reward: 43858, Epsilon: 0.0100, Buffer: 100000
Episode 489000/500000, Total Reward: 47635, Epsilon: 0.0100, Buffer: 100000
Episode 490000/500000, Total Reward: 39224, Epsilon: 0.0100, Buffer: 100000
Episode 491000/500000, Total Reward: 43271, Epsilon: 0.0100, Buffer: 100000
Episode 492000/500000, Total Reward: 45354, Epsilon: 0.0100, Buffer: 100000
Episode 493000/500000, Total Reward: 41338, Epsilon: 0.0100, Buffer: 100000
Episode 494000/500000, Total Reward: 41983, Epsilon: 0.0100, Buffer: 100000
Episode 495000/500000, Total Reward: 40545, Epsilon: 0.0100, Buffer: 100000
Episode 496000/500000, Total Reward: 41918, Epsilon: 0.0100, Buffer: 100000
Episode 497000/500000, Total Reward: 40720, Epsilon: 0.0100, Buffer: 100000
Episode 498000/500000, Total Reward: 40559, Epsilon: 0.0100, Buffer: 100000
Episode 499000/500000, Total Reward: 48433, Epsilon: 0.0100, Buffer: 100000
Episode 500000/500000, Total Reward: 49220, Epsilon: 0.0100, Buffer: 100000
Extracting Q-table from DQN for compatibility...
Saved DQN model to outputs/DQN_OG_500k_run2_model.pth
Saved Q-table (for compatibility) to outputs/DQN_OG_500k_run2.pkl

Learned DQN Q-table (sample):
State: (0, 0, 9, 0)
  Action: keep, Q-value: 5150.09
  Action: replace, Q-value: 4036.62
State: (1, 1, 0, 0)
  Action: keep, Q-value: 5403.77
  Action: replace, Q-value: 4031.29
State: (1, 1, 0, 1)
  Action: keep, Q-value: 4886.55
  Action: replace, Q-value: 3992.01
State: (1, 2, 0, 0)
  Action: keep, Q-value: 5414.59
  Action: replace, Q-value: 4032.78
State: (1, 2, 0, 1)
  Action: keep, Q-value: 4817.30
  Action: replace, Q-value: 3992.08
State: (1, 3, 0, 0)
  Action: keep, Q-value: 5332.96
  Action: replace, Q-value: 4027.61
State: (1, 3, 0, 1)
  Action: keep, Q-value: 4742.85
  Action: replace, Q-value: 3989.92
State: (1, 4, 0, 0)
  Action: keep, Q-value: 5237.31
  Action: replace, Q-value: 4018.73
State: (1, 4, 0, 1)
  Action: keep, Q-value: 4654.82
  Action: replace, Q-value: 3990.55
State: (1, 4, 1, 0)
  Action: keep, Q-value: 5276.53
  Action: replace, Q-value: 4015.53
Total states: 3289

Time taken for training: 112166.78 seconds
Average reward (last 1000 episodes): 43719.34
--- Run ended 2026-02-03 10:48:55 ---
