
--- Run started 2026-02-02 03:10:50 ---

======================================================================
CREATING NEW MODEL
======================================================================

Starting fresh with epsilon: 1.0000
======================================================================

Starting DQN training for 500000 episodes...
Episode 1000/500000, Total Reward: 166, Epsilon: 0.0100, Buffer: 100000
Episode 2000/500000, Total Reward: 10238, Epsilon: 0.0100, Buffer: 100000
Episode 3000/500000, Total Reward: 9124, Epsilon: 0.0100, Buffer: 100000
Episode 4000/500000, Total Reward: 9808, Epsilon: 0.0100, Buffer: 100000
Episode 5000/500000, Total Reward: 5841, Epsilon: 0.0100, Buffer: 100000
Episode 6000/500000, Total Reward: 5144, Epsilon: 0.0100, Buffer: 100000
Episode 7000/500000, Total Reward: 6016, Epsilon: 0.0100, Buffer: 100000
Episode 8000/500000, Total Reward: 8445, Epsilon: 0.0100, Buffer: 100000
Episode 9000/500000, Total Reward: 11889, Epsilon: 0.0100, Buffer: 100000
Episode 10000/500000, Total Reward: 6190, Epsilon: 0.0100, Buffer: 100000
Episode 11000/500000, Total Reward: 5772, Epsilon: 0.0100, Buffer: 100000
Episode 12000/500000, Total Reward: 6658, Epsilon: 0.0100, Buffer: 100000
Episode 13000/500000, Total Reward: 11223, Epsilon: 0.0100, Buffer: 100000
Episode 14000/500000, Total Reward: 5246, Epsilon: 0.0100, Buffer: 100000
Episode 15000/500000, Total Reward: 7985, Epsilon: 0.0100, Buffer: 100000
Episode 16000/500000, Total Reward: 2156, Epsilon: 0.0100, Buffer: 100000
Episode 17000/500000, Total Reward: 11064, Epsilon: 0.0100, Buffer: 100000
Episode 18000/500000, Total Reward: 3998, Epsilon: 0.0100, Buffer: 100000
Episode 19000/500000, Total Reward: 7848, Epsilon: 0.0100, Buffer: 100000
Episode 20000/500000, Total Reward: 2308, Epsilon: 0.0100, Buffer: 100000
Episode 21000/500000, Total Reward: 10427, Epsilon: 0.0100, Buffer: 100000
Episode 22000/500000, Total Reward: 4454, Epsilon: 0.0100, Buffer: 100000
Episode 23000/500000, Total Reward: 7825, Epsilon: 0.0100, Buffer: 100000
Episode 24000/500000, Total Reward: 4682, Epsilon: 0.0100, Buffer: 100000
Episode 25000/500000, Total Reward: 3736, Epsilon: 0.0100, Buffer: 100000
Episode 26000/500000, Total Reward: 9105, Epsilon: 0.0100, Buffer: 100000
Episode 27000/500000, Total Reward: 7364, Epsilon: 0.0100, Buffer: 100000
Episode 28000/500000, Total Reward: 5136, Epsilon: 0.0100, Buffer: 100000
Episode 29000/500000, Total Reward: 10927, Epsilon: 0.0100, Buffer: 100000
Episode 30000/500000, Total Reward: 1875, Epsilon: 0.0100, Buffer: 100000
Episode 31000/500000, Total Reward: 7583, Epsilon: 0.0100, Buffer: 100000
Episode 32000/500000, Total Reward: 9202, Epsilon: 0.0100, Buffer: 100000
Episode 33000/500000, Total Reward: 7973, Epsilon: 0.0100, Buffer: 100000
Episode 34000/500000, Total Reward: 5925, Epsilon: 0.0100, Buffer: 100000
Episode 35000/500000, Total Reward: 3124, Epsilon: 0.0100, Buffer: 100000
Episode 36000/500000, Total Reward: 8628, Epsilon: 0.0100, Buffer: 100000
Episode 37000/500000, Total Reward: 4258, Epsilon: 0.0100, Buffer: 100000
Episode 38000/500000, Total Reward: 8808, Epsilon: 0.0100, Buffer: 100000
Episode 39000/500000, Total Reward: 4132, Epsilon: 0.0100, Buffer: 100000
Episode 40000/500000, Total Reward: -103, Epsilon: 0.0100, Buffer: 100000
Episode 41000/500000, Total Reward: 6051, Epsilon: 0.0100, Buffer: 100000
Episode 42000/500000, Total Reward: 5647, Epsilon: 0.0100, Buffer: 100000
Episode 43000/500000, Total Reward: 3164, Epsilon: 0.0100, Buffer: 100000
Episode 44000/500000, Total Reward: 9721, Epsilon: 0.0100, Buffer: 100000
Episode 45000/500000, Total Reward: 7291, Epsilon: 0.0100, Buffer: 100000
Episode 46000/500000, Total Reward: 7420, Epsilon: 0.0100, Buffer: 100000
Episode 47000/500000, Total Reward: 4829, Epsilon: 0.0100, Buffer: 100000
Episode 48000/500000, Total Reward: 10097, Epsilon: 0.0100, Buffer: 100000
Episode 49000/500000, Total Reward: 5720, Epsilon: 0.0100, Buffer: 100000
Episode 50000/500000, Total Reward: 1652, Epsilon: 0.0100, Buffer: 100000
Episode 51000/500000, Total Reward: 4482, Epsilon: 0.0100, Buffer: 100000
Episode 52000/500000, Total Reward: 10950, Epsilon: 0.0100, Buffer: 100000
Episode 53000/500000, Total Reward: 1996, Epsilon: 0.0100, Buffer: 100000
Episode 54000/500000, Total Reward: 5015, Epsilon: 0.0100, Buffer: 100000
Episode 55000/500000, Total Reward: 9472, Epsilon: 0.0100, Buffer: 100000
Episode 56000/500000, Total Reward: 7456, Epsilon: 0.0100, Buffer: 100000
Episode 57000/500000, Total Reward: 5834, Epsilon: 0.0100, Buffer: 100000
Episode 58000/500000, Total Reward: 1912, Epsilon: 0.0100, Buffer: 100000
Episode 59000/500000, Total Reward: 3786, Epsilon: 0.0100, Buffer: 100000
Episode 60000/500000, Total Reward: 8916, Epsilon: 0.0100, Buffer: 100000
Episode 61000/500000, Total Reward: 7855, Epsilon: 0.0100, Buffer: 100000
Episode 62000/500000, Total Reward: 6957, Epsilon: 0.0100, Buffer: 100000
Episode 63000/500000, Total Reward: 10646, Epsilon: 0.0100, Buffer: 100000
Episode 64000/500000, Total Reward: 6163, Epsilon: 0.0100, Buffer: 100000
Episode 65000/500000, Total Reward: 5467, Epsilon: 0.0100, Buffer: 100000
Episode 66000/500000, Total Reward: 8780, Epsilon: 0.0100, Buffer: 100000
Episode 67000/500000, Total Reward: 757, Epsilon: 0.0100, Buffer: 100000
Episode 68000/500000, Total Reward: 7134, Epsilon: 0.0100, Buffer: 100000
Episode 69000/500000, Total Reward: 7476, Epsilon: 0.0100, Buffer: 100000
Episode 70000/500000, Total Reward: 4187, Epsilon: 0.0100, Buffer: 100000
Episode 71000/500000, Total Reward: 8851, Epsilon: 0.0100, Buffer: 100000
Episode 72000/500000, Total Reward: 6981, Epsilon: 0.0100, Buffer: 100000
Episode 73000/500000, Total Reward: 10244, Epsilon: 0.0100, Buffer: 100000
Episode 74000/500000, Total Reward: 7440, Epsilon: 0.0100, Buffer: 100000
Episode 75000/500000, Total Reward: 10683, Epsilon: 0.0100, Buffer: 100000
Episode 76000/500000, Total Reward: 5552, Epsilon: 0.0100, Buffer: 100000
Episode 77000/500000, Total Reward: 2343, Epsilon: 0.0100, Buffer: 100000
Episode 78000/500000, Total Reward: 5823, Epsilon: 0.0100, Buffer: 100000
Episode 79000/500000, Total Reward: 9739, Epsilon: 0.0100, Buffer: 100000
Episode 80000/500000, Total Reward: 4950, Epsilon: 0.0100, Buffer: 100000
Episode 81000/500000, Total Reward: 9785, Epsilon: 0.0100, Buffer: 100000
Episode 82000/500000, Total Reward: 8447, Epsilon: 0.0100, Buffer: 100000
Episode 83000/500000, Total Reward: 236, Epsilon: 0.0100, Buffer: 100000
Episode 84000/500000, Total Reward: 5577, Epsilon: 0.0100, Buffer: 100000
Episode 85000/500000, Total Reward: 5784, Epsilon: 0.0100, Buffer: 100000
Episode 86000/500000, Total Reward: 10770, Epsilon: 0.0100, Buffer: 100000
Episode 87000/500000, Total Reward: 8273, Epsilon: 0.0100, Buffer: 100000
Episode 88000/500000, Total Reward: 10169, Epsilon: 0.0100, Buffer: 100000
Episode 89000/500000, Total Reward: 9384, Epsilon: 0.0100, Buffer: 100000
Episode 90000/500000, Total Reward: 3900, Epsilon: 0.0100, Buffer: 100000
Episode 91000/500000, Total Reward: 1808, Epsilon: 0.0100, Buffer: 100000
Episode 92000/500000, Total Reward: 9771, Epsilon: 0.0100, Buffer: 100000
Episode 93000/500000, Total Reward: 7235, Epsilon: 0.0100, Buffer: 100000
Episode 94000/500000, Total Reward: 8600, Epsilon: 0.0100, Buffer: 100000
Episode 95000/500000, Total Reward: 4499, Epsilon: 0.0100, Buffer: 100000
Episode 96000/500000, Total Reward: 12036, Epsilon: 0.0100, Buffer: 100000
Episode 97000/500000, Total Reward: 8062, Epsilon: 0.0100, Buffer: 100000
Episode 98000/500000, Total Reward: 11332, Epsilon: 0.0100, Buffer: 100000
Episode 99000/500000, Total Reward: 11548, Epsilon: 0.0100, Buffer: 100000
Episode 100000/500000, Total Reward: 4112, Epsilon: 0.0100, Buffer: 100000
Episode 101000/500000, Total Reward: 12045, Epsilon: 0.0100, Buffer: 100000
Episode 102000/500000, Total Reward: 8844, Epsilon: 0.0100, Buffer: 100000
Episode 103000/500000, Total Reward: 6272, Epsilon: 0.0100, Buffer: 100000
Episode 104000/500000, Total Reward: 4300, Epsilon: 0.0100, Buffer: 100000
Episode 105000/500000, Total Reward: 6851, Epsilon: 0.0100, Buffer: 100000
Episode 106000/500000, Total Reward: 8621, Epsilon: 0.0100, Buffer: 100000
Episode 107000/500000, Total Reward: 6018, Epsilon: 0.0100, Buffer: 100000
Episode 108000/500000, Total Reward: 2116, Epsilon: 0.0100, Buffer: 100000
Episode 109000/500000, Total Reward: 5758, Epsilon: 0.0100, Buffer: 100000
Episode 110000/500000, Total Reward: 8702, Epsilon: 0.0100, Buffer: 100000
Episode 111000/500000, Total Reward: 5307, Epsilon: 0.0100, Buffer: 100000
Episode 112000/500000, Total Reward: 5062, Epsilon: 0.0100, Buffer: 100000
Episode 113000/500000, Total Reward: 10683, Epsilon: 0.0100, Buffer: 100000
Episode 114000/500000, Total Reward: 4478, Epsilon: 0.0100, Buffer: 100000
Episode 115000/500000, Total Reward: 10658, Epsilon: 0.0100, Buffer: 100000
Episode 116000/500000, Total Reward: 6954, Epsilon: 0.0100, Buffer: 100000
Episode 117000/500000, Total Reward: 10652, Epsilon: 0.0100, Buffer: 100000
Episode 118000/500000, Total Reward: 5791, Epsilon: 0.0100, Buffer: 100000
Episode 119000/500000, Total Reward: 5063, Epsilon: 0.0100, Buffer: 100000
Episode 120000/500000, Total Reward: 8531, Epsilon: 0.0100, Buffer: 100000
Episode 121000/500000, Total Reward: 5240, Epsilon: 0.0100, Buffer: 100000
Episode 122000/500000, Total Reward: 7575, Epsilon: 0.0100, Buffer: 100000
Episode 123000/500000, Total Reward: 5753, Epsilon: 0.0100, Buffer: 100000
Episode 124000/500000, Total Reward: 9303, Epsilon: 0.0100, Buffer: 100000
Episode 125000/500000, Total Reward: 9055, Epsilon: 0.0100, Buffer: 100000
Episode 126000/500000, Total Reward: 8063, Epsilon: 0.0100, Buffer: 100000
Episode 127000/500000, Total Reward: 5404, Epsilon: 0.0100, Buffer: 100000
Episode 128000/500000, Total Reward: 10577, Epsilon: 0.0100, Buffer: 100000
Episode 129000/500000, Total Reward: 6193, Epsilon: 0.0100, Buffer: 100000
Episode 130000/500000, Total Reward: 4770, Epsilon: 0.0100, Buffer: 100000
Episode 131000/500000, Total Reward: 5638, Epsilon: 0.0100, Buffer: 100000
Episode 132000/500000, Total Reward: 8509, Epsilon: 0.0100, Buffer: 100000
Episode 133000/500000, Total Reward: 10328, Epsilon: 0.0100, Buffer: 100000
Episode 134000/500000, Total Reward: 9271, Epsilon: 0.0100, Buffer: 100000
Episode 135000/500000, Total Reward: 3776, Epsilon: 0.0100, Buffer: 100000
Episode 136000/500000, Total Reward: 9351, Epsilon: 0.0100, Buffer: 100000
Episode 137000/500000, Total Reward: 12780, Epsilon: 0.0100, Buffer: 100000
Episode 138000/500000, Total Reward: 4486, Epsilon: 0.0100, Buffer: 100000
Episode 139000/500000, Total Reward: 5797, Epsilon: 0.0100, Buffer: 100000
Episode 140000/500000, Total Reward: 4876, Epsilon: 0.0100, Buffer: 100000
Episode 141000/500000, Total Reward: 1365, Epsilon: 0.0100, Buffer: 100000
Episode 142000/500000, Total Reward: 7530, Epsilon: 0.0100, Buffer: 100000
Episode 143000/500000, Total Reward: 5535, Epsilon: 0.0100, Buffer: 100000
Episode 144000/500000, Total Reward: 8521, Epsilon: 0.0100, Buffer: 100000
Episode 145000/500000, Total Reward: 6616, Epsilon: 0.0100, Buffer: 100000
Episode 146000/500000, Total Reward: 6729, Epsilon: 0.0100, Buffer: 100000
Episode 147000/500000, Total Reward: 6168, Epsilon: 0.0100, Buffer: 100000
Episode 148000/500000, Total Reward: 5022, Epsilon: 0.0100, Buffer: 100000
Episode 149000/500000, Total Reward: 8473, Epsilon: 0.0100, Buffer: 100000
Episode 150000/500000, Total Reward: 4278, Epsilon: 0.0100, Buffer: 100000
Episode 151000/500000, Total Reward: 9446, Epsilon: 0.0100, Buffer: 100000
Episode 152000/500000, Total Reward: 6255, Epsilon: 0.0100, Buffer: 100000
Episode 153000/500000, Total Reward: 6769, Epsilon: 0.0100, Buffer: 100000
Episode 154000/500000, Total Reward: 5924, Epsilon: 0.0100, Buffer: 100000
Episode 155000/500000, Total Reward: 11264, Epsilon: 0.0100, Buffer: 100000
Episode 156000/500000, Total Reward: -1238, Epsilon: 0.0100, Buffer: 100000
Episode 157000/500000, Total Reward: 5911, Epsilon: 0.0100, Buffer: 100000
Episode 158000/500000, Total Reward: 4091, Epsilon: 0.0100, Buffer: 100000
Episode 159000/500000, Total Reward: 5381, Epsilon: 0.0100, Buffer: 100000
Episode 160000/500000, Total Reward: 2282, Epsilon: 0.0100, Buffer: 100000
Episode 161000/500000, Total Reward: 2660, Epsilon: 0.0100, Buffer: 100000
Episode 162000/500000, Total Reward: 3771, Epsilon: 0.0100, Buffer: 100000
Episode 163000/500000, Total Reward: 6846, Epsilon: 0.0100, Buffer: 100000
Episode 164000/500000, Total Reward: 6733, Epsilon: 0.0100, Buffer: 100000
Episode 165000/500000, Total Reward: 6810, Epsilon: 0.0100, Buffer: 100000
Episode 166000/500000, Total Reward: 9286, Epsilon: 0.0100, Buffer: 100000
Episode 167000/500000, Total Reward: 7313, Epsilon: 0.0100, Buffer: 100000
Episode 168000/500000, Total Reward: 5810, Epsilon: 0.0100, Buffer: 100000
Episode 169000/500000, Total Reward: 5360, Epsilon: 0.0100, Buffer: 100000
Episode 170000/500000, Total Reward: 8530, Epsilon: 0.0100, Buffer: 100000
Episode 171000/500000, Total Reward: 5934, Epsilon: 0.0100, Buffer: 100000
Episode 172000/500000, Total Reward: 7596, Epsilon: 0.0100, Buffer: 100000
Episode 173000/500000, Total Reward: 3220, Epsilon: 0.0100, Buffer: 100000
Episode 174000/500000, Total Reward: 5529, Epsilon: 0.0100, Buffer: 100000
Episode 175000/500000, Total Reward: 11646, Epsilon: 0.0100, Buffer: 100000
Episode 176000/500000, Total Reward: 7638, Epsilon: 0.0100, Buffer: 100000
Episode 177000/500000, Total Reward: 8517, Epsilon: 0.0100, Buffer: 100000
Episode 178000/500000, Total Reward: 6725, Epsilon: 0.0100, Buffer: 100000
Episode 179000/500000, Total Reward: 6114, Epsilon: 0.0100, Buffer: 100000
Episode 180000/500000, Total Reward: 5897, Epsilon: 0.0100, Buffer: 100000
Episode 181000/500000, Total Reward: 8129, Epsilon: 0.0100, Buffer: 100000
Episode 182000/500000, Total Reward: 7771, Epsilon: 0.0100, Buffer: 100000
Episode 183000/500000, Total Reward: 8973, Epsilon: 0.0100, Buffer: 100000
Episode 184000/500000, Total Reward: 2212, Epsilon: 0.0100, Buffer: 100000
Episode 185000/500000, Total Reward: 1687, Epsilon: 0.0100, Buffer: 100000
Episode 186000/500000, Total Reward: 5170, Epsilon: 0.0100, Buffer: 100000
Episode 187000/500000, Total Reward: -112, Epsilon: 0.0100, Buffer: 100000
Episode 188000/500000, Total Reward: 9247, Epsilon: 0.0100, Buffer: 100000
Episode 189000/500000, Total Reward: 4980, Epsilon: 0.0100, Buffer: 100000
Episode 190000/500000, Total Reward: -966, Epsilon: 0.0100, Buffer: 100000
Episode 191000/500000, Total Reward: 10472, Epsilon: 0.0100, Buffer: 100000
Episode 192000/500000, Total Reward: 6912, Epsilon: 0.0100, Buffer: 100000
Episode 193000/500000, Total Reward: 4177, Epsilon: 0.0100, Buffer: 100000
Episode 194000/500000, Total Reward: 9822, Epsilon: 0.0100, Buffer: 100000
Episode 195000/500000, Total Reward: 7257, Epsilon: 0.0100, Buffer: 100000
Episode 196000/500000, Total Reward: 6349, Epsilon: 0.0100, Buffer: 100000
Episode 197000/500000, Total Reward: 9734, Epsilon: 0.0100, Buffer: 100000
Episode 198000/500000, Total Reward: 7148, Epsilon: 0.0100, Buffer: 100000
Episode 199000/500000, Total Reward: 11514, Epsilon: 0.0100, Buffer: 100000
Episode 200000/500000, Total Reward: 8655, Epsilon: 0.0100, Buffer: 100000
Episode 201000/500000, Total Reward: 5673, Epsilon: 0.0100, Buffer: 100000
Episode 202000/500000, Total Reward: 7193, Epsilon: 0.0100, Buffer: 100000
Episode 203000/500000, Total Reward: 9383, Epsilon: 0.0100, Buffer: 100000
Episode 204000/500000, Total Reward: 6559, Epsilon: 0.0100, Buffer: 100000
Episode 205000/500000, Total Reward: 3989, Epsilon: 0.0100, Buffer: 100000
Episode 206000/500000, Total Reward: 6277, Epsilon: 0.0100, Buffer: 100000
Episode 207000/500000, Total Reward: 6485, Epsilon: 0.0100, Buffer: 100000
Episode 208000/500000, Total Reward: 4169, Epsilon: 0.0100, Buffer: 100000
Episode 209000/500000, Total Reward: 5455, Epsilon: 0.0100, Buffer: 100000
Episode 210000/500000, Total Reward: 11985, Epsilon: 0.0100, Buffer: 100000
Episode 211000/500000, Total Reward: 2961, Epsilon: 0.0100, Buffer: 100000
Episode 212000/500000, Total Reward: 6575, Epsilon: 0.0100, Buffer: 100000
Episode 213000/500000, Total Reward: 6389, Epsilon: 0.0100, Buffer: 100000
Episode 214000/500000, Total Reward: 8429, Epsilon: 0.0100, Buffer: 100000
Episode 215000/500000, Total Reward: 7857, Epsilon: 0.0100, Buffer: 100000
Episode 216000/500000, Total Reward: 11605, Epsilon: 0.0100, Buffer: 100000
Episode 217000/500000, Total Reward: 2529, Epsilon: 0.0100, Buffer: 100000
Episode 218000/500000, Total Reward: 6861, Epsilon: 0.0100, Buffer: 100000
Episode 219000/500000, Total Reward: 9440, Epsilon: 0.0100, Buffer: 100000
Episode 220000/500000, Total Reward: 10588, Epsilon: 0.0100, Buffer: 100000
Episode 221000/500000, Total Reward: 9027, Epsilon: 0.0100, Buffer: 100000
Episode 222000/500000, Total Reward: 6798, Epsilon: 0.0100, Buffer: 100000
Episode 223000/500000, Total Reward: 7526, Epsilon: 0.0100, Buffer: 100000
Episode 224000/500000, Total Reward: 5876, Epsilon: 0.0100, Buffer: 100000
Episode 225000/500000, Total Reward: 7264, Epsilon: 0.0100, Buffer: 100000
Episode 226000/500000, Total Reward: 6706, Epsilon: 0.0100, Buffer: 100000
Episode 227000/500000, Total Reward: 4463, Epsilon: 0.0100, Buffer: 100000
Episode 228000/500000, Total Reward: 6162, Epsilon: 0.0100, Buffer: 100000
Episode 229000/500000, Total Reward: 6929, Epsilon: 0.0100, Buffer: 100000
Episode 230000/500000, Total Reward: 8387, Epsilon: 0.0100, Buffer: 100000
Episode 231000/500000, Total Reward: 7713, Epsilon: 0.0100, Buffer: 100000
Episode 232000/500000, Total Reward: 6128, Epsilon: 0.0100, Buffer: 100000
Episode 233000/500000, Total Reward: 7363, Epsilon: 0.0100, Buffer: 100000
Episode 234000/500000, Total Reward: 3492, Epsilon: 0.0100, Buffer: 100000
Episode 235000/500000, Total Reward: 3392, Epsilon: 0.0100, Buffer: 100000
Episode 236000/500000, Total Reward: 7863, Epsilon: 0.0100, Buffer: 100000
Episode 237000/500000, Total Reward: -1962, Epsilon: 0.0100, Buffer: 100000
Episode 238000/500000, Total Reward: 8797, Epsilon: 0.0100, Buffer: 100000
Episode 239000/500000, Total Reward: 6918, Epsilon: 0.0100, Buffer: 100000
Episode 240000/500000, Total Reward: 10781, Epsilon: 0.0100, Buffer: 100000
Episode 241000/500000, Total Reward: -143, Epsilon: 0.0100, Buffer: 100000
Episode 242000/500000, Total Reward: 6205, Epsilon: 0.0100, Buffer: 100000
Episode 243000/500000, Total Reward: 4419, Epsilon: 0.0100, Buffer: 100000
Episode 244000/500000, Total Reward: 6460, Epsilon: 0.0100, Buffer: 100000
Episode 245000/500000, Total Reward: 2938, Epsilon: 0.0100, Buffer: 100000
Episode 246000/500000, Total Reward: 10599, Epsilon: 0.0100, Buffer: 100000
Episode 247000/500000, Total Reward: 9762, Epsilon: 0.0100, Buffer: 100000
Episode 248000/500000, Total Reward: 6970, Epsilon: 0.0100, Buffer: 100000
Episode 249000/500000, Total Reward: 9317, Epsilon: 0.0100, Buffer: 100000
Episode 250000/500000, Total Reward: 4020, Epsilon: 0.0100, Buffer: 100000
Episode 251000/500000, Total Reward: 11033, Epsilon: 0.0100, Buffer: 100000
Episode 252000/500000, Total Reward: 6450, Epsilon: 0.0100, Buffer: 100000
Episode 253000/500000, Total Reward: 7932, Epsilon: 0.0100, Buffer: 100000
Episode 254000/500000, Total Reward: 5920, Epsilon: 0.0100, Buffer: 100000
Episode 255000/500000, Total Reward: 1916, Epsilon: 0.0100, Buffer: 100000
Episode 256000/500000, Total Reward: 9276, Epsilon: 0.0100, Buffer: 100000
Episode 257000/500000, Total Reward: 900, Epsilon: 0.0100, Buffer: 100000
Episode 258000/500000, Total Reward: -292, Epsilon: 0.0100, Buffer: 100000
Episode 259000/500000, Total Reward: -684, Epsilon: 0.0100, Buffer: 100000
Episode 260000/500000, Total Reward: 9814, Epsilon: 0.0100, Buffer: 100000
Episode 261000/500000, Total Reward: 1352, Epsilon: 0.0100, Buffer: 100000
Episode 262000/500000, Total Reward: 10702, Epsilon: 0.0100, Buffer: 100000
Episode 263000/500000, Total Reward: 3839, Epsilon: 0.0100, Buffer: 100000
Episode 264000/500000, Total Reward: 5501, Epsilon: 0.0100, Buffer: 100000
Episode 265000/500000, Total Reward: 3768, Epsilon: 0.0100, Buffer: 100000
Episode 266000/500000, Total Reward: 10729, Epsilon: 0.0100, Buffer: 100000
Episode 267000/500000, Total Reward: 2955, Epsilon: 0.0100, Buffer: 100000
Episode 268000/500000, Total Reward: 4869, Epsilon: 0.0100, Buffer: 100000
Episode 269000/500000, Total Reward: 5993, Epsilon: 0.0100, Buffer: 100000
Episode 270000/500000, Total Reward: 8194, Epsilon: 0.0100, Buffer: 100000
Episode 271000/500000, Total Reward: 6806, Epsilon: 0.0100, Buffer: 100000
Episode 272000/500000, Total Reward: 3279, Epsilon: 0.0100, Buffer: 100000
Episode 273000/500000, Total Reward: 10155, Epsilon: 0.0100, Buffer: 100000
Episode 274000/500000, Total Reward: 8870, Epsilon: 0.0100, Buffer: 100000
Episode 275000/500000, Total Reward: 2667, Epsilon: 0.0100, Buffer: 100000
Episode 276000/500000, Total Reward: 6949, Epsilon: 0.0100, Buffer: 100000
Episode 277000/500000, Total Reward: 8522, Epsilon: 0.0100, Buffer: 100000
Episode 278000/500000, Total Reward: 8788, Epsilon: 0.0100, Buffer: 100000
Episode 279000/500000, Total Reward: 6161, Epsilon: 0.0100, Buffer: 100000
Episode 280000/500000, Total Reward: -516, Epsilon: 0.0100, Buffer: 100000
Episode 281000/500000, Total Reward: 10208, Epsilon: 0.0100, Buffer: 100000
Episode 282000/500000, Total Reward: 11632, Epsilon: 0.0100, Buffer: 100000
Episode 283000/500000, Total Reward: 12260, Epsilon: 0.0100, Buffer: 100000
Episode 284000/500000, Total Reward: 7821, Epsilon: 0.0100, Buffer: 100000
Episode 285000/500000, Total Reward: 7277, Epsilon: 0.0100, Buffer: 100000
Episode 286000/500000, Total Reward: 6456, Epsilon: 0.0100, Buffer: 100000
Episode 287000/500000, Total Reward: 10889, Epsilon: 0.0100, Buffer: 100000
Episode 288000/500000, Total Reward: 10198, Epsilon: 0.0100, Buffer: 100000
Episode 289000/500000, Total Reward: 8307, Epsilon: 0.0100, Buffer: 100000
Episode 290000/500000, Total Reward: 4741, Epsilon: 0.0100, Buffer: 100000
Episode 291000/500000, Total Reward: 6875, Epsilon: 0.0100, Buffer: 100000
Episode 292000/500000, Total Reward: 290, Epsilon: 0.0100, Buffer: 100000
Episode 293000/500000, Total Reward: 9096, Epsilon: 0.0100, Buffer: 100000
Episode 294000/500000, Total Reward: 2798, Epsilon: 0.0100, Buffer: 100000
Episode 295000/500000, Total Reward: 4386, Epsilon: 0.0100, Buffer: 100000
Episode 296000/500000, Total Reward: 3088, Epsilon: 0.0100, Buffer: 100000
Episode 297000/500000, Total Reward: 6638, Epsilon: 0.0100, Buffer: 100000
Episode 298000/500000, Total Reward: 6382, Epsilon: 0.0100, Buffer: 100000
Episode 299000/500000, Total Reward: 8359, Epsilon: 0.0100, Buffer: 100000
Episode 300000/500000, Total Reward: 11737, Epsilon: 0.0100, Buffer: 100000
Episode 301000/500000, Total Reward: 1563, Epsilon: 0.0100, Buffer: 100000
Episode 302000/500000, Total Reward: 2568, Epsilon: 0.0100, Buffer: 100000
Episode 303000/500000, Total Reward: 7427, Epsilon: 0.0100, Buffer: 100000
Episode 304000/500000, Total Reward: 13613, Epsilon: 0.0100, Buffer: 100000
Episode 305000/500000, Total Reward: 7228, Epsilon: 0.0100, Buffer: 100000
Episode 306000/500000, Total Reward: 1712, Epsilon: 0.0100, Buffer: 100000
Episode 307000/500000, Total Reward: 8016, Epsilon: 0.0100, Buffer: 100000
Episode 308000/500000, Total Reward: 7694, Epsilon: 0.0100, Buffer: 100000
Episode 309000/500000, Total Reward: 7940, Epsilon: 0.0100, Buffer: 100000
Episode 310000/500000, Total Reward: 5143, Epsilon: 0.0100, Buffer: 100000
Episode 311000/500000, Total Reward: 4741, Epsilon: 0.0100, Buffer: 100000
Episode 312000/500000, Total Reward: 8116, Epsilon: 0.0100, Buffer: 100000
Episode 313000/500000, Total Reward: 6800, Epsilon: 0.0100, Buffer: 100000
Episode 314000/500000, Total Reward: 8362, Epsilon: 0.0100, Buffer: 100000
Episode 315000/500000, Total Reward: 7520, Epsilon: 0.0100, Buffer: 100000
Episode 316000/500000, Total Reward: 5758, Epsilon: 0.0100, Buffer: 100000
Episode 317000/500000, Total Reward: 10908, Epsilon: 0.0100, Buffer: 100000
Episode 318000/500000, Total Reward: 5484, Epsilon: 0.0100, Buffer: 100000
Episode 319000/500000, Total Reward: -2241, Epsilon: 0.0100, Buffer: 100000
Episode 320000/500000, Total Reward: 4527, Epsilon: 0.0100, Buffer: 100000
Episode 321000/500000, Total Reward: 8937, Epsilon: 0.0100, Buffer: 100000
Episode 322000/500000, Total Reward: 5986, Epsilon: 0.0100, Buffer: 100000
Episode 323000/500000, Total Reward: 8245, Epsilon: 0.0100, Buffer: 100000
Episode 324000/500000, Total Reward: 4287, Epsilon: 0.0100, Buffer: 100000
Episode 325000/500000, Total Reward: 6865, Epsilon: 0.0100, Buffer: 100000
Episode 326000/500000, Total Reward: 2245, Epsilon: 0.0100, Buffer: 100000
Episode 327000/500000, Total Reward: 8121, Epsilon: 0.0100, Buffer: 100000
Episode 328000/500000, Total Reward: 5082, Epsilon: 0.0100, Buffer: 100000
Episode 329000/500000, Total Reward: 9788, Epsilon: 0.0100, Buffer: 100000
Episode 330000/500000, Total Reward: 5369, Epsilon: 0.0100, Buffer: 100000
Episode 331000/500000, Total Reward: 6895, Epsilon: 0.0100, Buffer: 100000
Episode 332000/500000, Total Reward: 11793, Epsilon: 0.0100, Buffer: 100000
Episode 333000/500000, Total Reward: -146, Epsilon: 0.0100, Buffer: 100000
Episode 334000/500000, Total Reward: 8836, Epsilon: 0.0100, Buffer: 100000
Episode 335000/500000, Total Reward: 5622, Epsilon: 0.0100, Buffer: 100000
Episode 336000/500000, Total Reward: 8322, Epsilon: 0.0100, Buffer: 100000
Episode 337000/500000, Total Reward: 7036, Epsilon: 0.0100, Buffer: 100000
Episode 338000/500000, Total Reward: 7767, Epsilon: 0.0100, Buffer: 100000
Episode 339000/500000, Total Reward: 4831, Epsilon: 0.0100, Buffer: 100000
Episode 340000/500000, Total Reward: 6718, Epsilon: 0.0100, Buffer: 100000
Episode 341000/500000, Total Reward: 4134, Epsilon: 0.0100, Buffer: 100000
Episode 342000/500000, Total Reward: 8441, Epsilon: 0.0100, Buffer: 100000
Episode 343000/500000, Total Reward: 11152, Epsilon: 0.0100, Buffer: 100000
Episode 344000/500000, Total Reward: 4439, Epsilon: 0.0100, Buffer: 100000
Episode 345000/500000, Total Reward: 6772, Epsilon: 0.0100, Buffer: 100000
Episode 346000/500000, Total Reward: 9182, Epsilon: 0.0100, Buffer: 100000
Episode 347000/500000, Total Reward: 6884, Epsilon: 0.0100, Buffer: 100000
Episode 348000/500000, Total Reward: 10373, Epsilon: 0.0100, Buffer: 100000
Episode 349000/500000, Total Reward: 3366, Epsilon: 0.0100, Buffer: 100000
Episode 350000/500000, Total Reward: 6372, Epsilon: 0.0100, Buffer: 100000
Episode 351000/500000, Total Reward: 7628, Epsilon: 0.0100, Buffer: 100000
Episode 352000/500000, Total Reward: 10952, Epsilon: 0.0100, Buffer: 100000
Episode 353000/500000, Total Reward: 4247, Epsilon: 0.0100, Buffer: 100000
Episode 354000/500000, Total Reward: 6984, Epsilon: 0.0100, Buffer: 100000
Episode 355000/500000, Total Reward: 8508, Epsilon: 0.0100, Buffer: 100000
Episode 356000/500000, Total Reward: 10155, Epsilon: 0.0100, Buffer: 100000
Episode 357000/500000, Total Reward: 7946, Epsilon: 0.0100, Buffer: 100000
Episode 358000/500000, Total Reward: 10649, Epsilon: 0.0100, Buffer: 100000
Episode 359000/500000, Total Reward: 10152, Epsilon: 0.0100, Buffer: 100000
Episode 360000/500000, Total Reward: 10510, Epsilon: 0.0100, Buffer: 100000
Episode 361000/500000, Total Reward: 6581, Epsilon: 0.0100, Buffer: 100000
Episode 362000/500000, Total Reward: 9773, Epsilon: 0.0100, Buffer: 100000
Episode 363000/500000, Total Reward: 5947, Epsilon: 0.0100, Buffer: 100000
Episode 364000/500000, Total Reward: 7419, Epsilon: 0.0100, Buffer: 100000
Episode 365000/500000, Total Reward: 6054, Epsilon: 0.0100, Buffer: 100000
Episode 366000/500000, Total Reward: 8013, Epsilon: 0.0100, Buffer: 100000
Episode 367000/500000, Total Reward: 7618, Epsilon: 0.0100, Buffer: 100000
Episode 368000/500000, Total Reward: 7732, Epsilon: 0.0100, Buffer: 100000
Episode 369000/500000, Total Reward: 4806, Epsilon: 0.0100, Buffer: 100000
Episode 370000/500000, Total Reward: 7478, Epsilon: 0.0100, Buffer: 100000
Episode 371000/500000, Total Reward: 1761, Epsilon: 0.0100, Buffer: 100000
Episode 372000/500000, Total Reward: 8374, Epsilon: 0.0100, Buffer: 100000
Episode 373000/500000, Total Reward: 7664, Epsilon: 0.0100, Buffer: 100000
Episode 374000/500000, Total Reward: 6750, Epsilon: 0.0100, Buffer: 100000
Episode 375000/500000, Total Reward: 8976, Epsilon: 0.0100, Buffer: 100000
Episode 376000/500000, Total Reward: 2986, Epsilon: 0.0100, Buffer: 100000
Episode 377000/500000, Total Reward: 5956, Epsilon: 0.0100, Buffer: 100000
Episode 378000/500000, Total Reward: 12027, Epsilon: 0.0100, Buffer: 100000
Episode 379000/500000, Total Reward: 6439, Epsilon: 0.0100, Buffer: 100000
Episode 380000/500000, Total Reward: 8182, Epsilon: 0.0100, Buffer: 100000
Episode 381000/500000, Total Reward: 5761, Epsilon: 0.0100, Buffer: 100000
Episode 382000/500000, Total Reward: 9430, Epsilon: 0.0100, Buffer: 100000
Episode 383000/500000, Total Reward: 6066, Epsilon: 0.0100, Buffer: 100000
Episode 384000/500000, Total Reward: 5556, Epsilon: 0.0100, Buffer: 100000
Episode 385000/500000, Total Reward: 6376, Epsilon: 0.0100, Buffer: 100000
Episode 386000/500000, Total Reward: 6886, Epsilon: 0.0100, Buffer: 100000
Episode 387000/500000, Total Reward: 3337, Epsilon: 0.0100, Buffer: 100000
Episode 388000/500000, Total Reward: 13464, Epsilon: 0.0100, Buffer: 100000
Episode 389000/500000, Total Reward: 10886, Epsilon: 0.0100, Buffer: 100000
Episode 390000/500000, Total Reward: 7273, Epsilon: 0.0100, Buffer: 100000
Episode 391000/500000, Total Reward: 11944, Epsilon: 0.0100, Buffer: 100000
Episode 392000/500000, Total Reward: 9719, Epsilon: 0.0100, Buffer: 100000
Episode 393000/500000, Total Reward: 11218, Epsilon: 0.0100, Buffer: 100000
Episode 394000/500000, Total Reward: 11596, Epsilon: 0.0100, Buffer: 100000
Episode 395000/500000, Total Reward: 6720, Epsilon: 0.0100, Buffer: 100000
Episode 396000/500000, Total Reward: 6669, Epsilon: 0.0100, Buffer: 100000
Episode 397000/500000, Total Reward: 4169, Epsilon: 0.0100, Buffer: 100000
Episode 398000/500000, Total Reward: 4262, Epsilon: 0.0100, Buffer: 100000
Episode 399000/500000, Total Reward: 9885, Epsilon: 0.0100, Buffer: 100000
Episode 400000/500000, Total Reward: 10239, Epsilon: 0.0100, Buffer: 100000
Episode 401000/500000, Total Reward: 3580, Epsilon: 0.0100, Buffer: 100000
Episode 402000/500000, Total Reward: 7662, Epsilon: 0.0100, Buffer: 100000
Episode 403000/500000, Total Reward: 6299, Epsilon: 0.0100, Buffer: 100000
Episode 404000/500000, Total Reward: 2021, Epsilon: 0.0100, Buffer: 100000
Episode 405000/500000, Total Reward: 7955, Epsilon: 0.0100, Buffer: 100000
Episode 406000/500000, Total Reward: 8606, Epsilon: 0.0100, Buffer: 100000
Episode 407000/500000, Total Reward: 7181, Epsilon: 0.0100, Buffer: 100000
Episode 408000/500000, Total Reward: 5955, Epsilon: 0.0100, Buffer: 100000
Episode 409000/500000, Total Reward: 5589, Epsilon: 0.0100, Buffer: 100000
Episode 410000/500000, Total Reward: 9186, Epsilon: 0.0100, Buffer: 100000
Episode 411000/500000, Total Reward: 5908, Epsilon: 0.0100, Buffer: 100000
Episode 412000/500000, Total Reward: 4850, Epsilon: 0.0100, Buffer: 100000
Episode 413000/500000, Total Reward: 8032, Epsilon: 0.0100, Buffer: 100000
Episode 414000/500000, Total Reward: 2410, Epsilon: 0.0100, Buffer: 100000
Episode 415000/500000, Total Reward: 7123, Epsilon: 0.0100, Buffer: 100000
Episode 416000/500000, Total Reward: 9240, Epsilon: 0.0100, Buffer: 100000
Episode 417000/500000, Total Reward: 8178, Epsilon: 0.0100, Buffer: 100000
Episode 418000/500000, Total Reward: 7616, Epsilon: 0.0100, Buffer: 100000
Episode 419000/500000, Total Reward: 7310, Epsilon: 0.0100, Buffer: 100000
Episode 420000/500000, Total Reward: 8836, Epsilon: 0.0100, Buffer: 100000
Episode 421000/500000, Total Reward: 12443, Epsilon: 0.0100, Buffer: 100000
Episode 422000/500000, Total Reward: 9544, Epsilon: 0.0100, Buffer: 100000
Episode 423000/500000, Total Reward: 8420, Epsilon: 0.0100, Buffer: 100000
Episode 424000/500000, Total Reward: 8360, Epsilon: 0.0100, Buffer: 100000
Episode 425000/500000, Total Reward: 8525, Epsilon: 0.0100, Buffer: 100000
Episode 426000/500000, Total Reward: 8325, Epsilon: 0.0100, Buffer: 100000
Episode 427000/500000, Total Reward: 5302, Epsilon: 0.0100, Buffer: 100000
Episode 428000/500000, Total Reward: 8999, Epsilon: 0.0100, Buffer: 100000
Episode 429000/500000, Total Reward: 11469, Epsilon: 0.0100, Buffer: 100000
Episode 430000/500000, Total Reward: 7723, Epsilon: 0.0100, Buffer: 100000
Episode 431000/500000, Total Reward: 3904, Epsilon: 0.0100, Buffer: 100000
Episode 432000/500000, Total Reward: 6975, Epsilon: 0.0100, Buffer: 100000
Episode 433000/500000, Total Reward: 896, Epsilon: 0.0100, Buffer: 100000
Episode 434000/500000, Total Reward: 5406, Epsilon: 0.0100, Buffer: 100000
Episode 435000/500000, Total Reward: 10183, Epsilon: 0.0100, Buffer: 100000
Episode 436000/500000, Total Reward: 8607, Epsilon: 0.0100, Buffer: 100000
Episode 437000/500000, Total Reward: 9730, Epsilon: 0.0100, Buffer: 100000
Episode 438000/500000, Total Reward: 8394, Epsilon: 0.0100, Buffer: 100000
Episode 439000/500000, Total Reward: 10159, Epsilon: 0.0100, Buffer: 100000
Episode 440000/500000, Total Reward: 5081, Epsilon: 0.0100, Buffer: 100000
Episode 441000/500000, Total Reward: 9044, Epsilon: 0.0100, Buffer: 100000
Episode 442000/500000, Total Reward: 5416, Epsilon: 0.0100, Buffer: 100000
Episode 443000/500000, Total Reward: 11328, Epsilon: 0.0100, Buffer: 100000
Episode 444000/500000, Total Reward: 5043, Epsilon: 0.0100, Buffer: 100000
Episode 445000/500000, Total Reward: 5023, Epsilon: 0.0100, Buffer: 100000
Episode 446000/500000, Total Reward: 9089, Epsilon: 0.0100, Buffer: 100000
Episode 447000/500000, Total Reward: 5152, Epsilon: 0.0100, Buffer: 100000
Episode 448000/500000, Total Reward: 8466, Epsilon: 0.0100, Buffer: 100000
Episode 449000/500000, Total Reward: 7977, Epsilon: 0.0100, Buffer: 100000
Episode 450000/500000, Total Reward: 5232, Epsilon: 0.0100, Buffer: 100000
Episode 451000/500000, Total Reward: 8906, Epsilon: 0.0100, Buffer: 100000
Episode 452000/500000, Total Reward: 8052, Epsilon: 0.0100, Buffer: 100000
Episode 453000/500000, Total Reward: 12563, Epsilon: 0.0100, Buffer: 100000
Episode 454000/500000, Total Reward: 6910, Epsilon: 0.0100, Buffer: 100000
Episode 455000/500000, Total Reward: 9314, Epsilon: 0.0100, Buffer: 100000
Episode 456000/500000, Total Reward: 1635, Epsilon: 0.0100, Buffer: 100000
Episode 457000/500000, Total Reward: 6791, Epsilon: 0.0100, Buffer: 100000
Episode 458000/500000, Total Reward: 6870, Epsilon: 0.0100, Buffer: 100000
Episode 459000/500000, Total Reward: 12779, Epsilon: 0.0100, Buffer: 100000
Episode 460000/500000, Total Reward: 8350, Epsilon: 0.0100, Buffer: 100000
Episode 461000/500000, Total Reward: 11012, Epsilon: 0.0100, Buffer: 100000
Episode 462000/500000, Total Reward: 4552, Epsilon: 0.0100, Buffer: 100000
Episode 463000/500000, Total Reward: 7587, Epsilon: 0.0100, Buffer: 100000
Episode 464000/500000, Total Reward: 10376, Epsilon: 0.0100, Buffer: 100000
Episode 465000/500000, Total Reward: 5931, Epsilon: 0.0100, Buffer: 100000
Episode 466000/500000, Total Reward: 5686, Epsilon: 0.0100, Buffer: 100000
Episode 467000/500000, Total Reward: 4153, Epsilon: 0.0100, Buffer: 100000
Episode 468000/500000, Total Reward: 9321, Epsilon: 0.0100, Buffer: 100000
Episode 469000/500000, Total Reward: 13207, Epsilon: 0.0100, Buffer: 100000
Episode 470000/500000, Total Reward: 11700, Epsilon: 0.0100, Buffer: 100000
Episode 471000/500000, Total Reward: 9252, Epsilon: 0.0100, Buffer: 100000
Episode 472000/500000, Total Reward: 2038, Epsilon: 0.0100, Buffer: 100000
Episode 473000/500000, Total Reward: 4892, Epsilon: 0.0100, Buffer: 100000
Episode 474000/500000, Total Reward: 8138, Epsilon: 0.0100, Buffer: 100000
Episode 475000/500000, Total Reward: 8877, Epsilon: 0.0100, Buffer: 100000
Episode 476000/500000, Total Reward: 6807, Epsilon: 0.0100, Buffer: 100000
Episode 477000/500000, Total Reward: 7868, Epsilon: 0.0100, Buffer: 100000
Episode 478000/500000, Total Reward: -444, Epsilon: 0.0100, Buffer: 100000
Episode 479000/500000, Total Reward: 4540, Epsilon: 0.0100, Buffer: 100000
Episode 480000/500000, Total Reward: 5430, Epsilon: 0.0100, Buffer: 100000
Episode 481000/500000, Total Reward: 5917, Epsilon: 0.0100, Buffer: 100000
Episode 482000/500000, Total Reward: 2109, Epsilon: 0.0100, Buffer: 100000
Episode 483000/500000, Total Reward: 6308, Epsilon: 0.0100, Buffer: 100000
Episode 484000/500000, Total Reward: 984, Epsilon: 0.0100, Buffer: 100000
Episode 485000/500000, Total Reward: 10216, Epsilon: 0.0100, Buffer: 100000
Episode 486000/500000, Total Reward: 3402, Epsilon: 0.0100, Buffer: 100000
Episode 487000/500000, Total Reward: 6613, Epsilon: 0.0100, Buffer: 100000
Episode 488000/500000, Total Reward: 8459, Epsilon: 0.0100, Buffer: 100000
Episode 489000/500000, Total Reward: 6575, Epsilon: 0.0100, Buffer: 100000
Episode 490000/500000, Total Reward: 6895, Epsilon: 0.0100, Buffer: 100000
Episode 491000/500000, Total Reward: 9167, Epsilon: 0.0100, Buffer: 100000
Episode 492000/500000, Total Reward: 8738, Epsilon: 0.0100, Buffer: 100000
Episode 493000/500000, Total Reward: 3814, Epsilon: 0.0100, Buffer: 100000
Episode 494000/500000, Total Reward: 10348, Epsilon: 0.0100, Buffer: 100000
Episode 495000/500000, Total Reward: 10203, Epsilon: 0.0100, Buffer: 100000
Episode 496000/500000, Total Reward: 11451, Epsilon: 0.0100, Buffer: 100000
Episode 497000/500000, Total Reward: 10063, Epsilon: 0.0100, Buffer: 100000
Episode 498000/500000, Total Reward: 3314, Epsilon: 0.0100, Buffer: 100000
Episode 499000/500000, Total Reward: 7738, Epsilon: 0.0100, Buffer: 100000
Episode 500000/500000, Total Reward: 7487, Epsilon: 0.0100, Buffer: 100000
Extracting Q-table from DQN for compatibility...
Saved DQN model to outputs/DQN_OB_500k_run2_model.pth
Saved Q-table (for compatibility) to outputs/DQN_OB_500k_run2.pkl

Learned DQN Q-table (sample):
State: (0, 0, 9, 0)
  Action: keep, Q-value: 1059.46
  Action: replace, Q-value: 142.26
State: (1, 1, 0, 0)
  Action: keep, Q-value: 1151.11
  Action: replace, Q-value: 137.80
State: (1, 1, 0, 1)
  Action: keep, Q-value: 1007.33
  Action: replace, Q-value: 79.20
State: (1, 2, 0, 0)
  Action: keep, Q-value: 1154.41
  Action: replace, Q-value: 136.93
State: (1, 2, 0, 1)
  Action: keep, Q-value: 747.78
  Action: replace, Q-value: 145.76
State: (1, 3, 0, 0)
  Action: keep, Q-value: 1101.44
  Action: replace, Q-value: 134.91
State: (1, 3, 0, 1)
  Action: keep, Q-value: 674.46
  Action: replace, Q-value: 150.76
State: (1, 4, 0, 0)
  Action: keep, Q-value: 1028.72
  Action: replace, Q-value: 157.24
State: (1, 4, 0, 1)
  Action: keep, Q-value: 619.73
  Action: replace, Q-value: 145.97
State: (1, 4, 1, 0)
  Action: keep, Q-value: 1168.34
  Action: replace, Q-value: 132.51
Total states: 3289

Time taken for training: 109904.04 seconds
Average reward (last 1000 episodes): 6917.06
--- Run ended 2026-02-03 09:42:40 ---
