
--- Run started 2026-02-09 08:40:33 ---

======================================================================
CREATING NEW MODEL
======================================================================

Starting fresh with epsilon: 1.0000
======================================================================

Starting DQN training for 500000 episodes...
Episode 1000/500000, Total Reward: 52403, Epsilon: 0.0100, Buffer: 100000
Episode 2000/500000, Total Reward: 47315, Epsilon: 0.0100, Buffer: 100000
Episode 3000/500000, Total Reward: 42162, Epsilon: 0.0100, Buffer: 100000
Episode 4000/500000, Total Reward: 48044, Epsilon: 0.0100, Buffer: 100000
Episode 5000/500000, Total Reward: 37791, Epsilon: 0.0100, Buffer: 100000
Episode 6000/500000, Total Reward: 38711, Epsilon: 0.0100, Buffer: 100000
Episode 7000/500000, Total Reward: 40120, Epsilon: 0.0100, Buffer: 100000
Episode 8000/500000, Total Reward: 40993, Epsilon: 0.0100, Buffer: 100000
Episode 9000/500000, Total Reward: 46649, Epsilon: 0.0100, Buffer: 100000
Episode 10000/500000, Total Reward: 40351, Epsilon: 0.0100, Buffer: 100000
Episode 11000/500000, Total Reward: 45843, Epsilon: 0.0100, Buffer: 100000
Episode 12000/500000, Total Reward: 45403, Epsilon: 0.0100, Buffer: 100000
Episode 13000/500000, Total Reward: 51214, Epsilon: 0.0100, Buffer: 100000
Episode 14000/500000, Total Reward: 43361, Epsilon: 0.0100, Buffer: 100000
Episode 15000/500000, Total Reward: 33818, Epsilon: 0.0100, Buffer: 100000
Episode 16000/500000, Total Reward: 36469, Epsilon: 0.0100, Buffer: 100000
Episode 17000/500000, Total Reward: 46772, Epsilon: 0.0100, Buffer: 100000
Episode 18000/500000, Total Reward: 47004, Epsilon: 0.0100, Buffer: 100000
Episode 19000/500000, Total Reward: 41152, Epsilon: 0.0100, Buffer: 100000
Episode 20000/500000, Total Reward: 44501, Epsilon: 0.0100, Buffer: 100000
Episode 21000/500000, Total Reward: 48941, Epsilon: 0.0100, Buffer: 100000
Episode 22000/500000, Total Reward: 49707, Epsilon: 0.0100, Buffer: 100000
Episode 23000/500000, Total Reward: 46744, Epsilon: 0.0100, Buffer: 100000
Episode 24000/500000, Total Reward: 36921, Epsilon: 0.0100, Buffer: 100000
Episode 25000/500000, Total Reward: 44755, Epsilon: 0.0100, Buffer: 100000
Episode 26000/500000, Total Reward: 45815, Epsilon: 0.0100, Buffer: 100000
Episode 27000/500000, Total Reward: 42526, Epsilon: 0.0100, Buffer: 100000
Episode 28000/500000, Total Reward: 45775, Epsilon: 0.0100, Buffer: 100000
Episode 29000/500000, Total Reward: 41365, Epsilon: 0.0100, Buffer: 100000
Episode 30000/500000, Total Reward: 43029, Epsilon: 0.0100, Buffer: 100000
Episode 31000/500000, Total Reward: 40745, Epsilon: 0.0100, Buffer: 100000
Episode 32000/500000, Total Reward: 43740, Epsilon: 0.0100, Buffer: 100000
Episode 33000/500000, Total Reward: 51884, Epsilon: 0.0100, Buffer: 100000
Episode 34000/500000, Total Reward: 47113, Epsilon: 0.0100, Buffer: 100000
Episode 35000/500000, Total Reward: 30021, Epsilon: 0.0100, Buffer: 100000
Episode 36000/500000, Total Reward: 39469, Epsilon: 0.0100, Buffer: 100000
Episode 37000/500000, Total Reward: 44119, Epsilon: 0.0100, Buffer: 100000
Episode 38000/500000, Total Reward: 50518, Epsilon: 0.0100, Buffer: 100000
Episode 39000/500000, Total Reward: 45344, Epsilon: 0.0100, Buffer: 100000
Episode 40000/500000, Total Reward: 45708, Epsilon: 0.0100, Buffer: 100000
Episode 41000/500000, Total Reward: 44574, Epsilon: 0.0100, Buffer: 100000
Episode 42000/500000, Total Reward: 42259, Epsilon: 0.0100, Buffer: 100000
Episode 43000/500000, Total Reward: 47805, Epsilon: 0.0100, Buffer: 100000
Episode 44000/500000, Total Reward: 39506, Epsilon: 0.0100, Buffer: 100000
Episode 45000/500000, Total Reward: 45883, Epsilon: 0.0100, Buffer: 100000
Episode 46000/500000, Total Reward: 45800, Epsilon: 0.0100, Buffer: 100000
Episode 47000/500000, Total Reward: 46826, Epsilon: 0.0100, Buffer: 100000
Episode 48000/500000, Total Reward: 40409, Epsilon: 0.0100, Buffer: 100000
Episode 49000/500000, Total Reward: 43198, Epsilon: 0.0100, Buffer: 100000
Episode 50000/500000, Total Reward: 51221, Epsilon: 0.0100, Buffer: 100000
Episode 51000/500000, Total Reward: 37799, Epsilon: 0.0100, Buffer: 100000
Episode 52000/500000, Total Reward: 48016, Epsilon: 0.0100, Buffer: 100000
Episode 53000/500000, Total Reward: 44867, Epsilon: 0.0100, Buffer: 100000
Episode 54000/500000, Total Reward: 49777, Epsilon: 0.0100, Buffer: 100000
Episode 55000/500000, Total Reward: 48090, Epsilon: 0.0100, Buffer: 100000
Episode 56000/500000, Total Reward: 42335, Epsilon: 0.0100, Buffer: 100000
Episode 57000/500000, Total Reward: 41662, Epsilon: 0.0100, Buffer: 100000
Episode 58000/500000, Total Reward: 42138, Epsilon: 0.0100, Buffer: 100000
Episode 59000/500000, Total Reward: 43487, Epsilon: 0.0100, Buffer: 100000
Episode 60000/500000, Total Reward: 47499, Epsilon: 0.0100, Buffer: 100000
Episode 61000/500000, Total Reward: 45369, Epsilon: 0.0100, Buffer: 100000
Episode 62000/500000, Total Reward: 45599, Epsilon: 0.0100, Buffer: 100000
Episode 63000/500000, Total Reward: 45118, Epsilon: 0.0100, Buffer: 100000
Episode 64000/500000, Total Reward: 43623, Epsilon: 0.0100, Buffer: 100000
Episode 65000/500000, Total Reward: 49980, Epsilon: 0.0100, Buffer: 100000
Episode 66000/500000, Total Reward: 41202, Epsilon: 0.0100, Buffer: 100000
Episode 67000/500000, Total Reward: 42810, Epsilon: 0.0100, Buffer: 100000
Episode 68000/500000, Total Reward: 43534, Epsilon: 0.0100, Buffer: 100000
Episode 69000/500000, Total Reward: 41428, Epsilon: 0.0100, Buffer: 100000
Episode 70000/500000, Total Reward: 41151, Epsilon: 0.0100, Buffer: 100000
Episode 71000/500000, Total Reward: 46594, Epsilon: 0.0100, Buffer: 100000
Episode 72000/500000, Total Reward: 50600, Epsilon: 0.0100, Buffer: 100000
Episode 73000/500000, Total Reward: 43912, Epsilon: 0.0100, Buffer: 100000
Episode 74000/500000, Total Reward: 49838, Epsilon: 0.0100, Buffer: 100000
Episode 75000/500000, Total Reward: 39036, Epsilon: 0.0100, Buffer: 100000
Episode 76000/500000, Total Reward: 40785, Epsilon: 0.0100, Buffer: 100000
Episode 77000/500000, Total Reward: 47700, Epsilon: 0.0100, Buffer: 100000
Episode 78000/500000, Total Reward: 48158, Epsilon: 0.0100, Buffer: 100000
Episode 79000/500000, Total Reward: 46842, Epsilon: 0.0100, Buffer: 100000
Episode 80000/500000, Total Reward: 46887, Epsilon: 0.0100, Buffer: 100000
Episode 81000/500000, Total Reward: 38655, Epsilon: 0.0100, Buffer: 100000
Episode 82000/500000, Total Reward: 50813, Epsilon: 0.0100, Buffer: 100000
Episode 83000/500000, Total Reward: 42597, Epsilon: 0.0100, Buffer: 100000
Episode 84000/500000, Total Reward: 46363, Epsilon: 0.0100, Buffer: 100000
Episode 85000/500000, Total Reward: 43922, Epsilon: 0.0100, Buffer: 100000
Episode 86000/500000, Total Reward: 47092, Epsilon: 0.0100, Buffer: 100000
Episode 87000/500000, Total Reward: 46167, Epsilon: 0.0100, Buffer: 100000
Episode 88000/500000, Total Reward: 38981, Epsilon: 0.0100, Buffer: 100000
Episode 89000/500000, Total Reward: 40225, Epsilon: 0.0100, Buffer: 100000
Episode 90000/500000, Total Reward: 40355, Epsilon: 0.0100, Buffer: 100000
Episode 91000/500000, Total Reward: 46229, Epsilon: 0.0100, Buffer: 100000
Episode 92000/500000, Total Reward: 39588, Epsilon: 0.0100, Buffer: 100000
Episode 93000/500000, Total Reward: 48265, Epsilon: 0.0100, Buffer: 100000
Episode 94000/500000, Total Reward: 48748, Epsilon: 0.0100, Buffer: 100000
Episode 95000/500000, Total Reward: 46118, Epsilon: 0.0100, Buffer: 100000
Episode 96000/500000, Total Reward: 43135, Epsilon: 0.0100, Buffer: 100000
Episode 97000/500000, Total Reward: 44892, Epsilon: 0.0100, Buffer: 100000
Episode 98000/500000, Total Reward: 45471, Epsilon: 0.0100, Buffer: 100000
Episode 99000/500000, Total Reward: 40675, Epsilon: 0.0100, Buffer: 100000
Episode 100000/500000, Total Reward: 40619, Epsilon: 0.0100, Buffer: 100000
Episode 101000/500000, Total Reward: 43161, Epsilon: 0.0100, Buffer: 100000
Episode 102000/500000, Total Reward: 42029, Epsilon: 0.0100, Buffer: 100000
Episode 103000/500000, Total Reward: 45322, Epsilon: 0.0100, Buffer: 100000
Episode 104000/500000, Total Reward: 23432, Epsilon: 0.0100, Buffer: 100000
Episode 105000/500000, Total Reward: 47242, Epsilon: 0.0100, Buffer: 100000
Episode 106000/500000, Total Reward: 42745, Epsilon: 0.0100, Buffer: 100000
Episode 107000/500000, Total Reward: 45287, Epsilon: 0.0100, Buffer: 100000
Episode 108000/500000, Total Reward: 43987, Epsilon: 0.0100, Buffer: 100000
Episode 109000/500000, Total Reward: 42277, Epsilon: 0.0100, Buffer: 100000
Episode 110000/500000, Total Reward: 39513, Epsilon: 0.0100, Buffer: 100000
Episode 111000/500000, Total Reward: 42022, Epsilon: 0.0100, Buffer: 100000
Episode 112000/500000, Total Reward: 43251, Epsilon: 0.0100, Buffer: 100000
Episode 113000/500000, Total Reward: 45818, Epsilon: 0.0100, Buffer: 100000
Episode 114000/500000, Total Reward: 39649, Epsilon: 0.0100, Buffer: 100000
Episode 115000/500000, Total Reward: 40066, Epsilon: 0.0100, Buffer: 100000
Episode 116000/500000, Total Reward: 34351, Epsilon: 0.0100, Buffer: 100000
Episode 117000/500000, Total Reward: 38003, Epsilon: 0.0100, Buffer: 100000
Episode 118000/500000, Total Reward: 42974, Epsilon: 0.0100, Buffer: 100000
Episode 119000/500000, Total Reward: 46902, Epsilon: 0.0100, Buffer: 100000
Episode 120000/500000, Total Reward: 42926, Epsilon: 0.0100, Buffer: 100000
Episode 121000/500000, Total Reward: 38999, Epsilon: 0.0100, Buffer: 100000
Episode 122000/500000, Total Reward: 48374, Epsilon: 0.0100, Buffer: 100000
Episode 123000/500000, Total Reward: 44599, Epsilon: 0.0100, Buffer: 100000
Episode 124000/500000, Total Reward: 46246, Epsilon: 0.0100, Buffer: 100000
Episode 125000/500000, Total Reward: 48477, Epsilon: 0.0100, Buffer: 100000
Episode 126000/500000, Total Reward: 38245, Epsilon: 0.0100, Buffer: 100000
Episode 127000/500000, Total Reward: 45206, Epsilon: 0.0100, Buffer: 100000
Episode 128000/500000, Total Reward: 43570, Epsilon: 0.0100, Buffer: 100000
Episode 129000/500000, Total Reward: 48802, Epsilon: 0.0100, Buffer: 100000
Episode 130000/500000, Total Reward: 44302, Epsilon: 0.0100, Buffer: 100000
Episode 131000/500000, Total Reward: 46850, Epsilon: 0.0100, Buffer: 100000
Episode 132000/500000, Total Reward: 45106, Epsilon: 0.0100, Buffer: 100000
Episode 133000/500000, Total Reward: 46438, Epsilon: 0.0100, Buffer: 100000
Episode 134000/500000, Total Reward: -135, Epsilon: 0.0100, Buffer: 100000
Episode 135000/500000, Total Reward: 45078, Epsilon: 0.0100, Buffer: 100000
Episode 136000/500000, Total Reward: 21902, Epsilon: 0.0100, Buffer: 100000
Episode 137000/500000, Total Reward: 44817, Epsilon: 0.0100, Buffer: 100000
Episode 138000/500000, Total Reward: 47507, Epsilon: 0.0100, Buffer: 100000
Episode 139000/500000, Total Reward: 48301, Epsilon: 0.0100, Buffer: 100000
Episode 140000/500000, Total Reward: 49011, Epsilon: 0.0100, Buffer: 100000
Episode 141000/500000, Total Reward: 40606, Epsilon: 0.0100, Buffer: 100000
Episode 142000/500000, Total Reward: 48568, Epsilon: 0.0100, Buffer: 100000
Episode 143000/500000, Total Reward: 49673, Epsilon: 0.0100, Buffer: 100000
Episode 144000/500000, Total Reward: 47462, Epsilon: 0.0100, Buffer: 100000
Episode 145000/500000, Total Reward: 48709, Epsilon: 0.0100, Buffer: 100000
Episode 146000/500000, Total Reward: 41076, Epsilon: 0.0100, Buffer: 100000
Episode 147000/500000, Total Reward: 44158, Epsilon: 0.0100, Buffer: 100000
Episode 148000/500000, Total Reward: 40929, Epsilon: 0.0100, Buffer: 100000
Episode 149000/500000, Total Reward: 45103, Epsilon: 0.0100, Buffer: 100000
Episode 150000/500000, Total Reward: 41830, Epsilon: 0.0100, Buffer: 100000
Episode 151000/500000, Total Reward: 42469, Epsilon: 0.0100, Buffer: 100000
Episode 152000/500000, Total Reward: 46354, Epsilon: 0.0100, Buffer: 100000
Episode 153000/500000, Total Reward: 42323, Epsilon: 0.0100, Buffer: 100000
Episode 154000/500000, Total Reward: 47086, Epsilon: 0.0100, Buffer: 100000
Episode 155000/500000, Total Reward: 44883, Epsilon: 0.0100, Buffer: 100000
Episode 156000/500000, Total Reward: 50562, Epsilon: 0.0100, Buffer: 100000
Episode 157000/500000, Total Reward: 35651, Epsilon: 0.0100, Buffer: 100000
Episode 158000/500000, Total Reward: 46127, Epsilon: 0.0100, Buffer: 100000
Episode 159000/500000, Total Reward: 42918, Epsilon: 0.0100, Buffer: 100000
Episode 160000/500000, Total Reward: 46843, Epsilon: 0.0100, Buffer: 100000
Episode 161000/500000, Total Reward: 42695, Epsilon: 0.0100, Buffer: 100000
Episode 162000/500000, Total Reward: 48551, Epsilon: 0.0100, Buffer: 100000
Episode 163000/500000, Total Reward: 44525, Epsilon: 0.0100, Buffer: 100000
Episode 164000/500000, Total Reward: 44269, Epsilon: 0.0100, Buffer: 100000
Episode 165000/500000, Total Reward: 50211, Epsilon: 0.0100, Buffer: 100000
Episode 166000/500000, Total Reward: 46785, Epsilon: 0.0100, Buffer: 100000
Episode 167000/500000, Total Reward: 40150, Epsilon: 0.0100, Buffer: 100000
Episode 168000/500000, Total Reward: 48064, Epsilon: 0.0100, Buffer: 100000
Episode 169000/500000, Total Reward: 47195, Epsilon: 0.0100, Buffer: 100000
Episode 170000/500000, Total Reward: 48178, Epsilon: 0.0100, Buffer: 100000
Episode 171000/500000, Total Reward: 38116, Epsilon: 0.0100, Buffer: 100000
Episode 172000/500000, Total Reward: 29041, Epsilon: 0.0100, Buffer: 100000
Episode 173000/500000, Total Reward: 42956, Epsilon: 0.0100, Buffer: 100000
Episode 174000/500000, Total Reward: 46642, Epsilon: 0.0100, Buffer: 100000
Episode 175000/500000, Total Reward: 47596, Epsilon: 0.0100, Buffer: 100000
Episode 176000/500000, Total Reward: 49672, Epsilon: 0.0100, Buffer: 100000
Episode 177000/500000, Total Reward: 46054, Epsilon: 0.0100, Buffer: 100000
Episode 178000/500000, Total Reward: 45086, Epsilon: 0.0100, Buffer: 100000
Episode 179000/500000, Total Reward: 43942, Epsilon: 0.0100, Buffer: 100000
Episode 180000/500000, Total Reward: 39627, Epsilon: 0.0100, Buffer: 100000
Episode 181000/500000, Total Reward: 45582, Epsilon: 0.0100, Buffer: 100000
Episode 182000/500000, Total Reward: 42469, Epsilon: 0.0100, Buffer: 100000
Episode 183000/500000, Total Reward: 39858, Epsilon: 0.0100, Buffer: 100000
Episode 184000/500000, Total Reward: 48368, Epsilon: 0.0100, Buffer: 100000
Episode 185000/500000, Total Reward: 46273, Epsilon: 0.0100, Buffer: 100000
Episode 186000/500000, Total Reward: 36669, Epsilon: 0.0100, Buffer: 100000
Episode 187000/500000, Total Reward: 51158, Epsilon: 0.0100, Buffer: 100000
Episode 188000/500000, Total Reward: 48934, Epsilon: 0.0100, Buffer: 100000
Episode 189000/500000, Total Reward: 49207, Epsilon: 0.0100, Buffer: 100000
Episode 190000/500000, Total Reward: 38734, Epsilon: 0.0100, Buffer: 100000
Episode 191000/500000, Total Reward: 43116, Epsilon: 0.0100, Buffer: 100000
Episode 192000/500000, Total Reward: 43757, Epsilon: 0.0100, Buffer: 100000
Episode 193000/500000, Total Reward: 49789, Epsilon: 0.0100, Buffer: 100000
Episode 194000/500000, Total Reward: 42844, Epsilon: 0.0100, Buffer: 100000
Episode 195000/500000, Total Reward: 44565, Epsilon: 0.0100, Buffer: 100000
Episode 196000/500000, Total Reward: 39422, Epsilon: 0.0100, Buffer: 100000
Episode 197000/500000, Total Reward: 48667, Epsilon: 0.0100, Buffer: 100000
Episode 198000/500000, Total Reward: 41539, Epsilon: 0.0100, Buffer: 100000
Episode 199000/500000, Total Reward: 49063, Epsilon: 0.0100, Buffer: 100000
Episode 200000/500000, Total Reward: 43645, Epsilon: 0.0100, Buffer: 100000
Episode 201000/500000, Total Reward: 43703, Epsilon: 0.0100, Buffer: 100000
Episode 202000/500000, Total Reward: 43035, Epsilon: 0.0100, Buffer: 100000
Episode 203000/500000, Total Reward: 38870, Epsilon: 0.0100, Buffer: 100000
Episode 204000/500000, Total Reward: 45954, Epsilon: 0.0100, Buffer: 100000
Episode 205000/500000, Total Reward: 36712, Epsilon: 0.0100, Buffer: 100000
Episode 206000/500000, Total Reward: 51578, Epsilon: 0.0100, Buffer: 100000
Episode 207000/500000, Total Reward: 45000, Epsilon: 0.0100, Buffer: 100000
Episode 208000/500000, Total Reward: 36948, Epsilon: 0.0100, Buffer: 100000
Episode 209000/500000, Total Reward: 47962, Epsilon: 0.0100, Buffer: 100000
Episode 210000/500000, Total Reward: 43976, Epsilon: 0.0100, Buffer: 100000
Episode 211000/500000, Total Reward: 50996, Epsilon: 0.0100, Buffer: 100000
Episode 212000/500000, Total Reward: 35021, Epsilon: 0.0100, Buffer: 100000
Episode 213000/500000, Total Reward: 40533, Epsilon: 0.0100, Buffer: 100000
Episode 214000/500000, Total Reward: 41031, Epsilon: 0.0100, Buffer: 100000
Episode 215000/500000, Total Reward: 41280, Epsilon: 0.0100, Buffer: 100000
Episode 216000/500000, Total Reward: 33123, Epsilon: 0.0100, Buffer: 100000
Episode 217000/500000, Total Reward: 35762, Epsilon: 0.0100, Buffer: 100000
Episode 218000/500000, Total Reward: 44641, Epsilon: 0.0100, Buffer: 100000
Episode 219000/500000, Total Reward: 48285, Epsilon: 0.0100, Buffer: 100000
Episode 220000/500000, Total Reward: 36105, Epsilon: 0.0100, Buffer: 100000
Episode 221000/500000, Total Reward: 41332, Epsilon: 0.0100, Buffer: 100000
Episode 222000/500000, Total Reward: 38787, Epsilon: 0.0100, Buffer: 100000
Episode 223000/500000, Total Reward: 48372, Epsilon: 0.0100, Buffer: 100000
Episode 224000/500000, Total Reward: 43694, Epsilon: 0.0100, Buffer: 100000
Episode 225000/500000, Total Reward: 44506, Epsilon: 0.0100, Buffer: 100000
Episode 226000/500000, Total Reward: 44213, Epsilon: 0.0100, Buffer: 100000
Episode 227000/500000, Total Reward: 43947, Epsilon: 0.0100, Buffer: 100000
Episode 228000/500000, Total Reward: 49378, Epsilon: 0.0100, Buffer: 100000
Episode 229000/500000, Total Reward: 44878, Epsilon: 0.0100, Buffer: 100000
Episode 230000/500000, Total Reward: 47577, Epsilon: 0.0100, Buffer: 100000
Episode 231000/500000, Total Reward: 43682, Epsilon: 0.0100, Buffer: 100000
Episode 232000/500000, Total Reward: 44177, Epsilon: 0.0100, Buffer: 100000
Episode 233000/500000, Total Reward: 43064, Epsilon: 0.0100, Buffer: 100000
Episode 234000/500000, Total Reward: 46202, Epsilon: 0.0100, Buffer: 100000
Episode 235000/500000, Total Reward: 41462, Epsilon: 0.0100, Buffer: 100000
Episode 236000/500000, Total Reward: 44671, Epsilon: 0.0100, Buffer: 100000
Episode 237000/500000, Total Reward: 44898, Epsilon: 0.0100, Buffer: 100000
Episode 238000/500000, Total Reward: 45064, Epsilon: 0.0100, Buffer: 100000
Episode 239000/500000, Total Reward: 41912, Epsilon: 0.0100, Buffer: 100000
Episode 240000/500000, Total Reward: 40198, Epsilon: 0.0100, Buffer: 100000
Episode 241000/500000, Total Reward: 46612, Epsilon: 0.0100, Buffer: 100000
Episode 242000/500000, Total Reward: 46279, Epsilon: 0.0100, Buffer: 100000
Episode 243000/500000, Total Reward: 42613, Epsilon: 0.0100, Buffer: 100000
Episode 244000/500000, Total Reward: 42857, Epsilon: 0.0100, Buffer: 100000
Episode 245000/500000, Total Reward: 42802, Epsilon: 0.0100, Buffer: 100000
Episode 246000/500000, Total Reward: 44869, Epsilon: 0.0100, Buffer: 100000
Episode 247000/500000, Total Reward: 40358, Epsilon: 0.0100, Buffer: 100000
Episode 248000/500000, Total Reward: 45086, Epsilon: 0.0100, Buffer: 100000
Episode 249000/500000, Total Reward: 43035, Epsilon: 0.0100, Buffer: 100000
Episode 250000/500000, Total Reward: 44808, Epsilon: 0.0100, Buffer: 100000
Episode 251000/500000, Total Reward: 46710, Epsilon: 0.0100, Buffer: 100000
Episode 252000/500000, Total Reward: 45555, Epsilon: 0.0100, Buffer: 100000
Episode 253000/500000, Total Reward: 50484, Epsilon: 0.0100, Buffer: 100000
Episode 254000/500000, Total Reward: 44764, Epsilon: 0.0100, Buffer: 100000
Episode 255000/500000, Total Reward: 43541, Epsilon: 0.0100, Buffer: 100000
Episode 256000/500000, Total Reward: -67, Epsilon: 0.0100, Buffer: 100000
Episode 257000/500000, Total Reward: 41618, Epsilon: 0.0100, Buffer: 100000
Episode 258000/500000, Total Reward: 44927, Epsilon: 0.0100, Buffer: 100000
Episode 259000/500000, Total Reward: 38025, Epsilon: 0.0100, Buffer: 100000
Episode 260000/500000, Total Reward: 43261, Epsilon: 0.0100, Buffer: 100000
Episode 261000/500000, Total Reward: 47989, Epsilon: 0.0100, Buffer: 100000
Episode 262000/500000, Total Reward: 45694, Epsilon: 0.0100, Buffer: 100000
Episode 263000/500000, Total Reward: 40819, Epsilon: 0.0100, Buffer: 100000
Episode 264000/500000, Total Reward: 42991, Epsilon: 0.0100, Buffer: 100000
Episode 265000/500000, Total Reward: 46017, Epsilon: 0.0100, Buffer: 100000
Episode 266000/500000, Total Reward: 42907, Epsilon: 0.0100, Buffer: 100000
Episode 267000/500000, Total Reward: 41586, Epsilon: 0.0100, Buffer: 100000
Episode 268000/500000, Total Reward: 41281, Epsilon: 0.0100, Buffer: 100000
Episode 269000/500000, Total Reward: 42451, Epsilon: 0.0100, Buffer: 100000
Episode 270000/500000, Total Reward: 38979, Epsilon: 0.0100, Buffer: 100000
Episode 271000/500000, Total Reward: 39458, Epsilon: 0.0100, Buffer: 100000
Episode 272000/500000, Total Reward: 42419, Epsilon: 0.0100, Buffer: 100000
Episode 273000/500000, Total Reward: 42206, Epsilon: 0.0100, Buffer: 100000
Episode 274000/500000, Total Reward: 44914, Epsilon: 0.0100, Buffer: 100000
Episode 275000/500000, Total Reward: 41349, Epsilon: 0.0100, Buffer: 100000
Episode 276000/500000, Total Reward: 37214, Epsilon: 0.0100, Buffer: 100000
Episode 277000/500000, Total Reward: 44961, Epsilon: 0.0100, Buffer: 100000
Episode 278000/500000, Total Reward: 48357, Epsilon: 0.0100, Buffer: 100000
Episode 279000/500000, Total Reward: 47363, Epsilon: 0.0100, Buffer: 100000
Episode 280000/500000, Total Reward: 41809, Epsilon: 0.0100, Buffer: 100000
Episode 281000/500000, Total Reward: 47123, Epsilon: 0.0100, Buffer: 100000
Episode 282000/500000, Total Reward: 40210, Epsilon: 0.0100, Buffer: 100000
Episode 283000/500000, Total Reward: 46007, Epsilon: 0.0100, Buffer: 100000
Episode 284000/500000, Total Reward: 51297, Epsilon: 0.0100, Buffer: 100000
Episode 285000/500000, Total Reward: 44696, Epsilon: 0.0100, Buffer: 100000
Episode 286000/500000, Total Reward: 38867, Epsilon: 0.0100, Buffer: 100000
Episode 287000/500000, Total Reward: 40925, Epsilon: 0.0100, Buffer: 100000
Episode 288000/500000, Total Reward: 47054, Epsilon: 0.0100, Buffer: 100000
Episode 289000/500000, Total Reward: 49617, Epsilon: 0.0100, Buffer: 100000
Episode 290000/500000, Total Reward: 40304, Epsilon: 0.0100, Buffer: 100000
Episode 291000/500000, Total Reward: 44339, Epsilon: 0.0100, Buffer: 100000
Episode 292000/500000, Total Reward: 47485, Epsilon: 0.0100, Buffer: 100000
Episode 293000/500000, Total Reward: 39853, Epsilon: 0.0100, Buffer: 100000
Episode 294000/500000, Total Reward: 43492, Epsilon: 0.0100, Buffer: 100000
Episode 295000/500000, Total Reward: 42203, Epsilon: 0.0100, Buffer: 100000
Episode 296000/500000, Total Reward: 44612, Epsilon: 0.0100, Buffer: 100000
Episode 297000/500000, Total Reward: 40331, Epsilon: 0.0100, Buffer: 100000
Episode 298000/500000, Total Reward: 44674, Epsilon: 0.0100, Buffer: 100000
Episode 299000/500000, Total Reward: 41504, Epsilon: 0.0100, Buffer: 100000
Episode 300000/500000, Total Reward: 44374, Epsilon: 0.0100, Buffer: 100000
Episode 301000/500000, Total Reward: 38705, Epsilon: 0.0100, Buffer: 100000
Episode 302000/500000, Total Reward: 40556, Epsilon: 0.0100, Buffer: 100000
Episode 303000/500000, Total Reward: 46060, Epsilon: 0.0100, Buffer: 100000
Episode 304000/500000, Total Reward: 45265, Epsilon: 0.0100, Buffer: 100000
Episode 305000/500000, Total Reward: 47934, Epsilon: 0.0100, Buffer: 100000
Episode 306000/500000, Total Reward: 49540, Epsilon: 0.0100, Buffer: 100000
Episode 307000/500000, Total Reward: 43803, Epsilon: 0.0100, Buffer: 100000
Episode 308000/500000, Total Reward: 37484, Epsilon: 0.0100, Buffer: 100000
Episode 309000/500000, Total Reward: 45910, Epsilon: 0.0100, Buffer: 100000
Episode 310000/500000, Total Reward: 41862, Epsilon: 0.0100, Buffer: 100000
Episode 311000/500000, Total Reward: 42619, Epsilon: 0.0100, Buffer: 100000
Episode 312000/500000, Total Reward: 49944, Epsilon: 0.0100, Buffer: 100000
Episode 313000/500000, Total Reward: 45076, Epsilon: 0.0100, Buffer: 100000
Episode 314000/500000, Total Reward: 46665, Epsilon: 0.0100, Buffer: 100000
Episode 315000/500000, Total Reward: 46169, Epsilon: 0.0100, Buffer: 100000
Episode 316000/500000, Total Reward: 44829, Epsilon: 0.0100, Buffer: 100000
Episode 317000/500000, Total Reward: 49445, Epsilon: 0.0100, Buffer: 100000
Episode 318000/500000, Total Reward: 43527, Epsilon: 0.0100, Buffer: 100000
Episode 319000/500000, Total Reward: 52403, Epsilon: 0.0100, Buffer: 100000
Episode 320000/500000, Total Reward: 48622, Epsilon: 0.0100, Buffer: 100000
Episode 321000/500000, Total Reward: 47706, Epsilon: 0.0100, Buffer: 100000
Episode 322000/500000, Total Reward: 46036, Epsilon: 0.0100, Buffer: 100000
Episode 323000/500000, Total Reward: 45028, Epsilon: 0.0100, Buffer: 100000
Episode 324000/500000, Total Reward: 47378, Epsilon: 0.0100, Buffer: 100000
Episode 325000/500000, Total Reward: 42145, Epsilon: 0.0100, Buffer: 100000
Episode 326000/500000, Total Reward: 41406, Epsilon: 0.0100, Buffer: 100000
Episode 327000/500000, Total Reward: 50099, Epsilon: 0.0100, Buffer: 100000
Episode 328000/500000, Total Reward: 43210, Epsilon: 0.0100, Buffer: 100000
Episode 329000/500000, Total Reward: 47436, Epsilon: 0.0100, Buffer: 100000
Episode 330000/500000, Total Reward: 43993, Epsilon: 0.0100, Buffer: 100000
Episode 331000/500000, Total Reward: 40502, Epsilon: 0.0100, Buffer: 100000
Episode 332000/500000, Total Reward: 49170, Epsilon: 0.0100, Buffer: 100000
Episode 333000/500000, Total Reward: 50675, Epsilon: 0.0100, Buffer: 100000
Episode 334000/500000, Total Reward: 43167, Epsilon: 0.0100, Buffer: 100000
Episode 335000/500000, Total Reward: 40591, Epsilon: 0.0100, Buffer: 100000
Episode 336000/500000, Total Reward: 46770, Epsilon: 0.0100, Buffer: 100000
Episode 337000/500000, Total Reward: 39835, Epsilon: 0.0100, Buffer: 100000
Episode 338000/500000, Total Reward: 49775, Epsilon: 0.0100, Buffer: 100000
Episode 339000/500000, Total Reward: 48428, Epsilon: 0.0100, Buffer: 100000
Episode 340000/500000, Total Reward: 43283, Epsilon: 0.0100, Buffer: 100000
Episode 341000/500000, Total Reward: 42673, Epsilon: 0.0100, Buffer: 100000
Episode 342000/500000, Total Reward: 46807, Epsilon: 0.0100, Buffer: 100000
Episode 343000/500000, Total Reward: 44698, Epsilon: 0.0100, Buffer: 100000
Episode 344000/500000, Total Reward: 48097, Epsilon: 0.0100, Buffer: 100000
Episode 345000/500000, Total Reward: 47635, Epsilon: 0.0100, Buffer: 100000
Episode 346000/500000, Total Reward: 49591, Epsilon: 0.0100, Buffer: 100000
Episode 347000/500000, Total Reward: 45345, Epsilon: 0.0100, Buffer: 100000
Episode 348000/500000, Total Reward: 46187, Epsilon: 0.0100, Buffer: 100000
Episode 349000/500000, Total Reward: 46881, Epsilon: 0.0100, Buffer: 100000
Episode 350000/500000, Total Reward: 47281, Epsilon: 0.0100, Buffer: 100000
Episode 351000/500000, Total Reward: 41471, Epsilon: 0.0100, Buffer: 100000
Episode 352000/500000, Total Reward: 37119, Epsilon: 0.0100, Buffer: 100000
Episode 353000/500000, Total Reward: 37476, Epsilon: 0.0100, Buffer: 100000
Episode 354000/500000, Total Reward: 41630, Epsilon: 0.0100, Buffer: 100000
Episode 355000/500000, Total Reward: 44019, Epsilon: 0.0100, Buffer: 100000
Episode 356000/500000, Total Reward: 49600, Epsilon: 0.0100, Buffer: 100000
Episode 357000/500000, Total Reward: 38816, Epsilon: 0.0100, Buffer: 100000
Episode 358000/500000, Total Reward: 46693, Epsilon: 0.0100, Buffer: 100000
Episode 359000/500000, Total Reward: 48145, Epsilon: 0.0100, Buffer: 100000
Episode 360000/500000, Total Reward: 45497, Epsilon: 0.0100, Buffer: 100000
Episode 361000/500000, Total Reward: 39659, Epsilon: 0.0100, Buffer: 100000
Episode 362000/500000, Total Reward: 49413, Epsilon: 0.0100, Buffer: 100000
Episode 363000/500000, Total Reward: 48522, Epsilon: 0.0100, Buffer: 100000
Episode 364000/500000, Total Reward: 47693, Epsilon: 0.0100, Buffer: 100000
Episode 365000/500000, Total Reward: 40855, Epsilon: 0.0100, Buffer: 100000
Episode 366000/500000, Total Reward: 42492, Epsilon: 0.0100, Buffer: 100000
Episode 367000/500000, Total Reward: 42615, Epsilon: 0.0100, Buffer: 100000
Episode 368000/500000, Total Reward: 45628, Epsilon: 0.0100, Buffer: 100000
Episode 369000/500000, Total Reward: 42342, Epsilon: 0.0100, Buffer: 100000
Episode 370000/500000, Total Reward: 41898, Epsilon: 0.0100, Buffer: 100000
Episode 371000/500000, Total Reward: 46311, Epsilon: 0.0100, Buffer: 100000
Episode 372000/500000, Total Reward: 42463, Epsilon: 0.0100, Buffer: 100000
Episode 373000/500000, Total Reward: 45729, Epsilon: 0.0100, Buffer: 100000
Episode 374000/500000, Total Reward: 42338, Epsilon: 0.0100, Buffer: 100000
Episode 375000/500000, Total Reward: 41254, Epsilon: 0.0100, Buffer: 100000
Episode 376000/500000, Total Reward: 48700, Epsilon: 0.0100, Buffer: 100000
Episode 377000/500000, Total Reward: 42014, Epsilon: 0.0100, Buffer: 100000
Episode 378000/500000, Total Reward: 44049, Epsilon: 0.0100, Buffer: 100000
Episode 379000/500000, Total Reward: 51257, Epsilon: 0.0100, Buffer: 100000
Episode 380000/500000, Total Reward: 47564, Epsilon: 0.0100, Buffer: 100000
Episode 381000/500000, Total Reward: 44585, Epsilon: 0.0100, Buffer: 100000
Episode 382000/500000, Total Reward: 50352, Epsilon: 0.0100, Buffer: 100000
Episode 383000/500000, Total Reward: 42590, Epsilon: 0.0100, Buffer: 100000
Episode 384000/500000, Total Reward: 45210, Epsilon: 0.0100, Buffer: 100000
Episode 385000/500000, Total Reward: 43383, Epsilon: 0.0100, Buffer: 100000
Episode 386000/500000, Total Reward: 43528, Epsilon: 0.0100, Buffer: 100000
Episode 387000/500000, Total Reward: 46631, Epsilon: 0.0100, Buffer: 100000
Episode 388000/500000, Total Reward: 44782, Epsilon: 0.0100, Buffer: 100000
Episode 389000/500000, Total Reward: 45349, Epsilon: 0.0100, Buffer: 100000
Episode 390000/500000, Total Reward: 47386, Epsilon: 0.0100, Buffer: 100000
Episode 391000/500000, Total Reward: 44336, Epsilon: 0.0100, Buffer: 100000
Episode 392000/500000, Total Reward: 50581, Epsilon: 0.0100, Buffer: 100000
Episode 393000/500000, Total Reward: 46749, Epsilon: 0.0100, Buffer: 100000
Episode 394000/500000, Total Reward: 42987, Epsilon: 0.0100, Buffer: 100000
Episode 395000/500000, Total Reward: 43526, Epsilon: 0.0100, Buffer: 100000
Episode 396000/500000, Total Reward: 47837, Epsilon: 0.0100, Buffer: 100000
Episode 397000/500000, Total Reward: 45427, Epsilon: 0.0100, Buffer: 100000
Episode 398000/500000, Total Reward: 45759, Epsilon: 0.0100, Buffer: 100000
Episode 399000/500000, Total Reward: 47582, Epsilon: 0.0100, Buffer: 100000
Episode 400000/500000, Total Reward: 42166, Epsilon: 0.0100, Buffer: 100000
Episode 401000/500000, Total Reward: 51137, Epsilon: 0.0100, Buffer: 100000
Episode 402000/500000, Total Reward: 42752, Epsilon: 0.0100, Buffer: 100000
Episode 403000/500000, Total Reward: 39631, Epsilon: 0.0100, Buffer: 100000
Episode 404000/500000, Total Reward: 42664, Epsilon: 0.0100, Buffer: 100000
Episode 405000/500000, Total Reward: 38555, Epsilon: 0.0100, Buffer: 100000
Episode 406000/500000, Total Reward: 44544, Epsilon: 0.0100, Buffer: 100000
Episode 407000/500000, Total Reward: 45775, Epsilon: 0.0100, Buffer: 100000
Episode 408000/500000, Total Reward: 37290, Epsilon: 0.0100, Buffer: 100000
Episode 409000/500000, Total Reward: 40546, Epsilon: 0.0100, Buffer: 100000
Episode 410000/500000, Total Reward: 48617, Epsilon: 0.0100, Buffer: 100000
Episode 411000/500000, Total Reward: 45517, Epsilon: 0.0100, Buffer: 100000
Episode 412000/500000, Total Reward: 46545, Epsilon: 0.0100, Buffer: 100000
Episode 413000/500000, Total Reward: 46295, Epsilon: 0.0100, Buffer: 100000
Episode 414000/500000, Total Reward: 49715, Epsilon: 0.0100, Buffer: 100000
Episode 415000/500000, Total Reward: 54952, Epsilon: 0.0100, Buffer: 100000
Episode 416000/500000, Total Reward: 38547, Epsilon: 0.0100, Buffer: 100000
Episode 417000/500000, Total Reward: 44861, Epsilon: 0.0100, Buffer: 100000
Episode 418000/500000, Total Reward: 41532, Epsilon: 0.0100, Buffer: 100000
Episode 419000/500000, Total Reward: 43030, Epsilon: 0.0100, Buffer: 100000
Episode 420000/500000, Total Reward: 41847, Epsilon: 0.0100, Buffer: 100000
Episode 421000/500000, Total Reward: 45626, Epsilon: 0.0100, Buffer: 100000
Episode 422000/500000, Total Reward: 45082, Epsilon: 0.0100, Buffer: 100000
Episode 423000/500000, Total Reward: 50470, Epsilon: 0.0100, Buffer: 100000
Episode 424000/500000, Total Reward: 43998, Epsilon: 0.0100, Buffer: 100000
Episode 425000/500000, Total Reward: 46146, Epsilon: 0.0100, Buffer: 100000
Episode 426000/500000, Total Reward: 44506, Epsilon: 0.0100, Buffer: 100000
Episode 427000/500000, Total Reward: 43600, Epsilon: 0.0100, Buffer: 100000
Episode 428000/500000, Total Reward: 46522, Epsilon: 0.0100, Buffer: 100000
Episode 429000/500000, Total Reward: 46876, Epsilon: 0.0100, Buffer: 100000
Episode 430000/500000, Total Reward: 42042, Epsilon: 0.0100, Buffer: 100000
Episode 431000/500000, Total Reward: 46798, Epsilon: 0.0100, Buffer: 100000
Episode 432000/500000, Total Reward: 42106, Epsilon: 0.0100, Buffer: 100000
Episode 433000/500000, Total Reward: 50273, Epsilon: 0.0100, Buffer: 100000
Episode 434000/500000, Total Reward: 42381, Epsilon: 0.0100, Buffer: 100000
Episode 435000/500000, Total Reward: 42415, Epsilon: 0.0100, Buffer: 100000
Episode 436000/500000, Total Reward: 47422, Epsilon: 0.0100, Buffer: 100000
Episode 437000/500000, Total Reward: 46338, Epsilon: 0.0100, Buffer: 100000
Episode 438000/500000, Total Reward: 45243, Epsilon: 0.0100, Buffer: 100000
Episode 439000/500000, Total Reward: 43499, Epsilon: 0.0100, Buffer: 100000
Episode 440000/500000, Total Reward: 47535, Epsilon: 0.0100, Buffer: 100000
Episode 441000/500000, Total Reward: 43842, Epsilon: 0.0100, Buffer: 100000
Episode 442000/500000, Total Reward: 46378, Epsilon: 0.0100, Buffer: 100000
Episode 443000/500000, Total Reward: 47519, Epsilon: 0.0100, Buffer: 100000
Episode 444000/500000, Total Reward: 39085, Epsilon: 0.0100, Buffer: 100000
Episode 445000/500000, Total Reward: 44929, Epsilon: 0.0100, Buffer: 100000
Episode 446000/500000, Total Reward: 44629, Epsilon: 0.0100, Buffer: 100000
Episode 447000/500000, Total Reward: 46800, Epsilon: 0.0100, Buffer: 100000
Episode 448000/500000, Total Reward: 40455, Epsilon: 0.0100, Buffer: 100000
Episode 449000/500000, Total Reward: 40181, Epsilon: 0.0100, Buffer: 100000
Episode 450000/500000, Total Reward: 45105, Epsilon: 0.0100, Buffer: 100000
Episode 451000/500000, Total Reward: 41315, Epsilon: 0.0100, Buffer: 100000
Episode 452000/500000, Total Reward: 47197, Epsilon: 0.0100, Buffer: 100000
Episode 453000/500000, Total Reward: 47977, Epsilon: 0.0100, Buffer: 100000
Episode 454000/500000, Total Reward: 47802, Epsilon: 0.0100, Buffer: 100000
Episode 455000/500000, Total Reward: 42438, Epsilon: 0.0100, Buffer: 100000
Episode 456000/500000, Total Reward: 48146, Epsilon: 0.0100, Buffer: 100000
Episode 457000/500000, Total Reward: 44492, Epsilon: 0.0100, Buffer: 100000
Episode 458000/500000, Total Reward: 47450, Epsilon: 0.0100, Buffer: 100000
Episode 459000/500000, Total Reward: 46082, Epsilon: 0.0100, Buffer: 100000
Episode 460000/500000, Total Reward: 46263, Epsilon: 0.0100, Buffer: 100000
Episode 461000/500000, Total Reward: 43523, Epsilon: 0.0100, Buffer: 100000
Episode 462000/500000, Total Reward: 41815, Epsilon: 0.0100, Buffer: 100000
Episode 463000/500000, Total Reward: 40455, Epsilon: 0.0100, Buffer: 100000
Episode 464000/500000, Total Reward: 47049, Epsilon: 0.0100, Buffer: 100000
Episode 465000/500000, Total Reward: 46267, Epsilon: 0.0100, Buffer: 100000
Episode 466000/500000, Total Reward: 43935, Epsilon: 0.0100, Buffer: 100000
Episode 467000/500000, Total Reward: 48065, Epsilon: 0.0100, Buffer: 100000
Episode 468000/500000, Total Reward: 44449, Epsilon: 0.0100, Buffer: 100000
Episode 469000/500000, Total Reward: 46287, Epsilon: 0.0100, Buffer: 100000
Episode 470000/500000, Total Reward: 40877, Epsilon: 0.0100, Buffer: 100000
Episode 471000/500000, Total Reward: 42618, Epsilon: 0.0100, Buffer: 100000
Episode 472000/500000, Total Reward: 43606, Epsilon: 0.0100, Buffer: 100000
Episode 473000/500000, Total Reward: 45341, Epsilon: 0.0100, Buffer: 100000
Episode 474000/500000, Total Reward: 48304, Epsilon: 0.0100, Buffer: 100000
Episode 475000/500000, Total Reward: 46085, Epsilon: 0.0100, Buffer: 100000
Episode 476000/500000, Total Reward: 42100, Epsilon: 0.0100, Buffer: 100000
Episode 477000/500000, Total Reward: 40481, Epsilon: 0.0100, Buffer: 100000
Episode 478000/500000, Total Reward: 43981, Epsilon: 0.0100, Buffer: 100000
Episode 479000/500000, Total Reward: 37268, Epsilon: 0.0100, Buffer: 100000
Episode 480000/500000, Total Reward: 44309, Epsilon: 0.0100, Buffer: 100000
Episode 481000/500000, Total Reward: 43735, Epsilon: 0.0100, Buffer: 100000
Episode 482000/500000, Total Reward: 39410, Epsilon: 0.0100, Buffer: 100000
Episode 483000/500000, Total Reward: 43905, Epsilon: 0.0100, Buffer: 100000
Episode 484000/500000, Total Reward: 47569, Epsilon: 0.0100, Buffer: 100000
Episode 485000/500000, Total Reward: 38849, Epsilon: 0.0100, Buffer: 100000
Episode 486000/500000, Total Reward: 40552, Epsilon: 0.0100, Buffer: 100000
Episode 487000/500000, Total Reward: 44305, Epsilon: 0.0100, Buffer: 100000
Episode 488000/500000, Total Reward: 39489, Epsilon: 0.0100, Buffer: 100000
Episode 489000/500000, Total Reward: 38947, Epsilon: 0.0100, Buffer: 100000
Episode 490000/500000, Total Reward: 45969, Epsilon: 0.0100, Buffer: 100000
Episode 491000/500000, Total Reward: 40612, Epsilon: 0.0100, Buffer: 100000
Episode 492000/500000, Total Reward: 37644, Epsilon: 0.0100, Buffer: 100000
Episode 493000/500000, Total Reward: 46760, Epsilon: 0.0100, Buffer: 100000
Episode 494000/500000, Total Reward: 50785, Epsilon: 0.0100, Buffer: 100000
Episode 495000/500000, Total Reward: 44097, Epsilon: 0.0100, Buffer: 100000
Episode 496000/500000, Total Reward: 50134, Epsilon: 0.0100, Buffer: 100000
Episode 497000/500000, Total Reward: 49041, Epsilon: 0.0100, Buffer: 100000
Episode 498000/500000, Total Reward: 46317, Epsilon: 0.0100, Buffer: 100000
Episode 499000/500000, Total Reward: 43156, Epsilon: 0.0100, Buffer: 100000
Episode 500000/500000, Total Reward: 43553, Epsilon: 0.0100, Buffer: 100000
Extracting Q-table from DQN for compatibility...
Saved DQN model to outputs/DQN_OG_500k_parity12forcecull_run1_model.pth
Saved Q-table (for compatibility) to outputs/DQN_OG_500k_parity12forcecull_run1.pkl

Learned DQN Q-table (sample):
State: (0, 0, 9, 0)
  Action: keep, Q-value: 5161.08
  Action: replace, Q-value: 4058.59
State: (1, 1, 0, 0)
  Action: keep, Q-value: 5406.20
  Action: replace, Q-value: 4056.71
State: (1, 1, 0, 1)
  Action: keep, Q-value: 4889.07
  Action: replace, Q-value: 4018.77
State: (1, 2, 0, 0)
  Action: keep, Q-value: 5426.44
  Action: replace, Q-value: 4072.45
State: (1, 2, 0, 1)
  Action: keep, Q-value: 4823.46
  Action: replace, Q-value: 4034.33
State: (1, 3, 0, 0)
  Action: keep, Q-value: 5361.44
  Action: replace, Q-value: 4065.81
State: (1, 3, 0, 1)
  Action: keep, Q-value: 4737.57
  Action: replace, Q-value: 4028.45
State: (1, 4, 0, 0)
  Action: keep, Q-value: 5272.44
  Action: replace, Q-value: 4066.67
State: (1, 4, 0, 1)
  Action: keep, Q-value: 4683.81
  Action: replace, Q-value: 4033.37
State: (1, 4, 1, 0)
  Action: keep, Q-value: 5331.43
  Action: replace, Q-value: 4073.72
Total states: 3289

Time taken for training: 52367.17 seconds
Average reward (last 1000 episodes): 43936.29
--- Run ended 2026-02-09 23:13:24 ---
