
--- Run started 2026-01-31 21:00:46 ---

======================================================================
CREATING NEW MODEL
======================================================================

Starting fresh with epsilon: 1.0000
======================================================================

Starting DQN training for 500000 episodes...
Episode 1000/500000, Total Reward: 31007, Epsilon: 0.0100, Buffer: 100000
Episode 2000/500000, Total Reward: 37268, Epsilon: 0.0100, Buffer: 100000
Episode 3000/500000, Total Reward: 27715, Epsilon: 0.0100, Buffer: 100000
Episode 4000/500000, Total Reward: 29520, Epsilon: 0.0100, Buffer: 100000
Episode 5000/500000, Total Reward: 27861, Epsilon: 0.0100, Buffer: 100000
Episode 6000/500000, Total Reward: 27941, Epsilon: 0.0100, Buffer: 100000
Episode 7000/500000, Total Reward: 31831, Epsilon: 0.0100, Buffer: 100000
Episode 8000/500000, Total Reward: 30607, Epsilon: 0.0100, Buffer: 100000
Episode 9000/500000, Total Reward: 35601, Epsilon: 0.0100, Buffer: 100000
Episode 10000/500000, Total Reward: 27485, Epsilon: 0.0100, Buffer: 100000
Episode 11000/500000, Total Reward: 32227, Epsilon: 0.0100, Buffer: 100000
Episode 12000/500000, Total Reward: 36470, Epsilon: 0.0100, Buffer: 100000
Episode 13000/500000, Total Reward: 38166, Epsilon: 0.0100, Buffer: 100000
Episode 14000/500000, Total Reward: 34259, Epsilon: 0.0100, Buffer: 100000
Episode 15000/500000, Total Reward: 30187, Epsilon: 0.0100, Buffer: 100000
Episode 16000/500000, Total Reward: 33367, Epsilon: 0.0100, Buffer: 100000
Episode 17000/500000, Total Reward: 33607, Epsilon: 0.0100, Buffer: 100000
Episode 18000/500000, Total Reward: 31477, Epsilon: 0.0100, Buffer: 100000
Episode 19000/500000, Total Reward: 41075, Epsilon: 0.0100, Buffer: 100000
Episode 20000/500000, Total Reward: 32904, Epsilon: 0.0100, Buffer: 100000
Episode 21000/500000, Total Reward: 35889, Epsilon: 0.0100, Buffer: 100000
Episode 22000/500000, Total Reward: 30435, Epsilon: 0.0100, Buffer: 100000
Episode 23000/500000, Total Reward: 35638, Epsilon: 0.0100, Buffer: 100000
Episode 24000/500000, Total Reward: 19775, Epsilon: 0.0100, Buffer: 100000
Episode 25000/500000, Total Reward: 25748, Epsilon: 0.0100, Buffer: 100000
Episode 26000/500000, Total Reward: 38992, Epsilon: 0.0100, Buffer: 100000
Episode 27000/500000, Total Reward: 28466, Epsilon: 0.0100, Buffer: 100000
Episode 28000/500000, Total Reward: 32885, Epsilon: 0.0100, Buffer: 100000
Episode 29000/500000, Total Reward: 32960, Epsilon: 0.0100, Buffer: 100000
Episode 30000/500000, Total Reward: 39270, Epsilon: 0.0100, Buffer: 100000
Episode 31000/500000, Total Reward: 30313, Epsilon: 0.0100, Buffer: 100000
Episode 32000/500000, Total Reward: 26491, Epsilon: 0.0100, Buffer: 100000
Episode 33000/500000, Total Reward: 38528, Epsilon: 0.0100, Buffer: 100000
Episode 34000/500000, Total Reward: 29172, Epsilon: 0.0100, Buffer: 100000
Episode 35000/500000, Total Reward: 29106, Epsilon: 0.0100, Buffer: 100000
Episode 36000/500000, Total Reward: 21933, Epsilon: 0.0100, Buffer: 100000
Episode 37000/500000, Total Reward: 28479, Epsilon: 0.0100, Buffer: 100000
Episode 38000/500000, Total Reward: 35623, Epsilon: 0.0100, Buffer: 100000
Episode 39000/500000, Total Reward: 36303, Epsilon: 0.0100, Buffer: 100000
Episode 40000/500000, Total Reward: 34855, Epsilon: 0.0100, Buffer: 100000
Episode 41000/500000, Total Reward: 41827, Epsilon: 0.0100, Buffer: 100000
Episode 42000/500000, Total Reward: 43235, Epsilon: 0.0100, Buffer: 100000
Episode 43000/500000, Total Reward: 33627, Epsilon: 0.0100, Buffer: 100000
Episode 44000/500000, Total Reward: 28014, Epsilon: 0.0100, Buffer: 100000
Episode 45000/500000, Total Reward: 22358, Epsilon: 0.0100, Buffer: 100000
Episode 46000/500000, Total Reward: 21847, Epsilon: 0.0100, Buffer: 100000
Episode 47000/500000, Total Reward: 29538, Epsilon: 0.0100, Buffer: 100000
Episode 48000/500000, Total Reward: 39238, Epsilon: 0.0100, Buffer: 100000
Episode 49000/500000, Total Reward: 32205, Epsilon: 0.0100, Buffer: 100000
Episode 50000/500000, Total Reward: 36573, Epsilon: 0.0100, Buffer: 100000
Episode 51000/500000, Total Reward: 22621, Epsilon: 0.0100, Buffer: 100000
Episode 52000/500000, Total Reward: 30343, Epsilon: 0.0100, Buffer: 100000
Episode 53000/500000, Total Reward: 28741, Epsilon: 0.0100, Buffer: 100000
Episode 54000/500000, Total Reward: 27253, Epsilon: 0.0100, Buffer: 100000
Episode 55000/500000, Total Reward: 24849, Epsilon: 0.0100, Buffer: 100000
Episode 56000/500000, Total Reward: 31658, Epsilon: 0.0100, Buffer: 100000
Episode 57000/500000, Total Reward: 32706, Epsilon: 0.0100, Buffer: 100000
Episode 58000/500000, Total Reward: 28962, Epsilon: 0.0100, Buffer: 100000
Episode 59000/500000, Total Reward: 29980, Epsilon: 0.0100, Buffer: 100000
Episode 60000/500000, Total Reward: 25170, Epsilon: 0.0100, Buffer: 100000
Episode 61000/500000, Total Reward: 33660, Epsilon: 0.0100, Buffer: 100000
Episode 62000/500000, Total Reward: 40435, Epsilon: 0.0100, Buffer: 100000
Episode 63000/500000, Total Reward: 35951, Epsilon: 0.0100, Buffer: 100000
Episode 64000/500000, Total Reward: 29790, Epsilon: 0.0100, Buffer: 100000
Episode 65000/500000, Total Reward: 30905, Epsilon: 0.0100, Buffer: 100000
Episode 66000/500000, Total Reward: 41883, Epsilon: 0.0100, Buffer: 100000
Episode 67000/500000, Total Reward: 37960, Epsilon: 0.0100, Buffer: 100000
Episode 68000/500000, Total Reward: 36130, Epsilon: 0.0100, Buffer: 100000
Episode 69000/500000, Total Reward: 37500, Epsilon: 0.0100, Buffer: 100000
Episode 70000/500000, Total Reward: 30636, Epsilon: 0.0100, Buffer: 100000
Episode 71000/500000, Total Reward: 27478, Epsilon: 0.0100, Buffer: 100000
Episode 72000/500000, Total Reward: 32186, Epsilon: 0.0100, Buffer: 100000
Episode 73000/500000, Total Reward: 33239, Epsilon: 0.0100, Buffer: 100000
Episode 74000/500000, Total Reward: 34859, Epsilon: 0.0100, Buffer: 100000
Episode 75000/500000, Total Reward: 34922, Epsilon: 0.0100, Buffer: 100000
Episode 76000/500000, Total Reward: 36325, Epsilon: 0.0100, Buffer: 100000
Episode 77000/500000, Total Reward: 36064, Epsilon: 0.0100, Buffer: 100000
Episode 78000/500000, Total Reward: 36170, Epsilon: 0.0100, Buffer: 100000
Episode 79000/500000, Total Reward: 39506, Epsilon: 0.0100, Buffer: 100000
Episode 80000/500000, Total Reward: 31811, Epsilon: 0.0100, Buffer: 100000
Episode 81000/500000, Total Reward: 36593, Epsilon: 0.0100, Buffer: 100000
Episode 82000/500000, Total Reward: 24197, Epsilon: 0.0100, Buffer: 100000
Episode 83000/500000, Total Reward: 27459, Epsilon: 0.0100, Buffer: 100000
Episode 84000/500000, Total Reward: 40714, Epsilon: 0.0100, Buffer: 100000
Episode 85000/500000, Total Reward: 35442, Epsilon: 0.0100, Buffer: 100000
Episode 86000/500000, Total Reward: 30256, Epsilon: 0.0100, Buffer: 100000
Episode 87000/500000, Total Reward: 24357, Epsilon: 0.0100, Buffer: 100000
Episode 88000/500000, Total Reward: 26283, Epsilon: 0.0100, Buffer: 100000
Episode 89000/500000, Total Reward: 37904, Epsilon: 0.0100, Buffer: 100000
Episode 90000/500000, Total Reward: 34213, Epsilon: 0.0100, Buffer: 100000
Episode 91000/500000, Total Reward: 37277, Epsilon: 0.0100, Buffer: 100000
Episode 92000/500000, Total Reward: 39024, Epsilon: 0.0100, Buffer: 100000
Episode 93000/500000, Total Reward: 29580, Epsilon: 0.0100, Buffer: 100000
Episode 94000/500000, Total Reward: 35475, Epsilon: 0.0100, Buffer: 100000
Episode 95000/500000, Total Reward: 26321, Epsilon: 0.0100, Buffer: 100000
Episode 96000/500000, Total Reward: 35369, Epsilon: 0.0100, Buffer: 100000
Episode 97000/500000, Total Reward: 34907, Epsilon: 0.0100, Buffer: 100000
Episode 98000/500000, Total Reward: 32372, Epsilon: 0.0100, Buffer: 100000
Episode 99000/500000, Total Reward: 43290, Epsilon: 0.0100, Buffer: 100000
Episode 100000/500000, Total Reward: 37139, Epsilon: 0.0100, Buffer: 100000
Episode 101000/500000, Total Reward: 23496, Epsilon: 0.0100, Buffer: 100000
Episode 102000/500000, Total Reward: 25922, Epsilon: 0.0100, Buffer: 100000
Episode 103000/500000, Total Reward: 37530, Epsilon: 0.0100, Buffer: 100000
Episode 104000/500000, Total Reward: 33409, Epsilon: 0.0100, Buffer: 100000
Episode 105000/500000, Total Reward: 39755, Epsilon: 0.0100, Buffer: 100000
Episode 106000/500000, Total Reward: 27293, Epsilon: 0.0100, Buffer: 100000
Episode 107000/500000, Total Reward: 19958, Epsilon: 0.0100, Buffer: 100000
Episode 108000/500000, Total Reward: 33021, Epsilon: 0.0100, Buffer: 100000
Episode 109000/500000, Total Reward: 29476, Epsilon: 0.0100, Buffer: 100000
Episode 110000/500000, Total Reward: 36390, Epsilon: 0.0100, Buffer: 100000
Episode 111000/500000, Total Reward: 26945, Epsilon: 0.0100, Buffer: 100000
Episode 112000/500000, Total Reward: 38149, Epsilon: 0.0100, Buffer: 100000
Episode 113000/500000, Total Reward: 38072, Epsilon: 0.0100, Buffer: 100000
Episode 114000/500000, Total Reward: 34842, Epsilon: 0.0100, Buffer: 100000
Episode 115000/500000, Total Reward: 36273, Epsilon: 0.0100, Buffer: 100000
Episode 116000/500000, Total Reward: 24581, Epsilon: 0.0100, Buffer: 100000
Episode 117000/500000, Total Reward: 32232, Epsilon: 0.0100, Buffer: 100000
Episode 118000/500000, Total Reward: 27847, Epsilon: 0.0100, Buffer: 100000
Episode 119000/500000, Total Reward: 38784, Epsilon: 0.0100, Buffer: 100000
Episode 120000/500000, Total Reward: 21618, Epsilon: 0.0100, Buffer: 100000
Episode 121000/500000, Total Reward: 36881, Epsilon: 0.0100, Buffer: 100000
Episode 122000/500000, Total Reward: 34081, Epsilon: 0.0100, Buffer: 100000
Episode 123000/500000, Total Reward: 35860, Epsilon: 0.0100, Buffer: 100000
Episode 124000/500000, Total Reward: 27700, Epsilon: 0.0100, Buffer: 100000
Episode 125000/500000, Total Reward: 40950, Epsilon: 0.0100, Buffer: 100000
Episode 126000/500000, Total Reward: 33759, Epsilon: 0.0100, Buffer: 100000
Episode 127000/500000, Total Reward: 37868, Epsilon: 0.0100, Buffer: 100000
Episode 128000/500000, Total Reward: 35322, Epsilon: 0.0100, Buffer: 100000
Episode 129000/500000, Total Reward: 34705, Epsilon: 0.0100, Buffer: 100000
Episode 130000/500000, Total Reward: 31009, Epsilon: 0.0100, Buffer: 100000
Episode 131000/500000, Total Reward: 36280, Epsilon: 0.0100, Buffer: 100000
Episode 132000/500000, Total Reward: 23079, Epsilon: 0.0100, Buffer: 100000
Episode 133000/500000, Total Reward: 27505, Epsilon: 0.0100, Buffer: 100000
Episode 134000/500000, Total Reward: 22602, Epsilon: 0.0100, Buffer: 100000
Episode 135000/500000, Total Reward: 23921, Epsilon: 0.0100, Buffer: 100000
Episode 136000/500000, Total Reward: 31595, Epsilon: 0.0100, Buffer: 100000
Episode 137000/500000, Total Reward: 32797, Epsilon: 0.0100, Buffer: 100000
Episode 138000/500000, Total Reward: 31917, Epsilon: 0.0100, Buffer: 100000
Episode 139000/500000, Total Reward: 24278, Epsilon: 0.0100, Buffer: 100000
Episode 140000/500000, Total Reward: 31968, Epsilon: 0.0100, Buffer: 100000
Episode 141000/500000, Total Reward: 33943, Epsilon: 0.0100, Buffer: 100000
Episode 142000/500000, Total Reward: 31454, Epsilon: 0.0100, Buffer: 100000
Episode 143000/500000, Total Reward: 29854, Epsilon: 0.0100, Buffer: 100000
Episode 144000/500000, Total Reward: 30625, Epsilon: 0.0100, Buffer: 100000
Episode 145000/500000, Total Reward: 31835, Epsilon: 0.0100, Buffer: 100000
Episode 146000/500000, Total Reward: 30555, Epsilon: 0.0100, Buffer: 100000
Episode 147000/500000, Total Reward: 35612, Epsilon: 0.0100, Buffer: 100000
Episode 148000/500000, Total Reward: 43369, Epsilon: 0.0100, Buffer: 100000
Episode 149000/500000, Total Reward: 30920, Epsilon: 0.0100, Buffer: 100000
Episode 150000/500000, Total Reward: 27248, Epsilon: 0.0100, Buffer: 100000
Episode 151000/500000, Total Reward: 37290, Epsilon: 0.0100, Buffer: 100000
Episode 152000/500000, Total Reward: 31790, Epsilon: 0.0100, Buffer: 100000
Episode 153000/500000, Total Reward: 35459, Epsilon: 0.0100, Buffer: 100000
Episode 154000/500000, Total Reward: 32596, Epsilon: 0.0100, Buffer: 100000
Episode 155000/500000, Total Reward: 31708, Epsilon: 0.0100, Buffer: 100000
Episode 156000/500000, Total Reward: 23133, Epsilon: 0.0100, Buffer: 100000
Episode 157000/500000, Total Reward: 25006, Epsilon: 0.0100, Buffer: 100000
Episode 158000/500000, Total Reward: 31752, Epsilon: 0.0100, Buffer: 100000
Episode 159000/500000, Total Reward: 24497, Epsilon: 0.0100, Buffer: 100000
Episode 160000/500000, Total Reward: 29376, Epsilon: 0.0100, Buffer: 100000
Episode 161000/500000, Total Reward: 35906, Epsilon: 0.0100, Buffer: 100000
Episode 162000/500000, Total Reward: 24706, Epsilon: 0.0100, Buffer: 100000
Episode 163000/500000, Total Reward: 38032, Epsilon: 0.0100, Buffer: 100000
Episode 164000/500000, Total Reward: 30586, Epsilon: 0.0100, Buffer: 100000
Episode 165000/500000, Total Reward: 39322, Epsilon: 0.0100, Buffer: 100000
Episode 166000/500000, Total Reward: 25538, Epsilon: 0.0100, Buffer: 100000
Episode 167000/500000, Total Reward: 24917, Epsilon: 0.0100, Buffer: 100000
Episode 168000/500000, Total Reward: 36234, Epsilon: 0.0100, Buffer: 100000
Episode 169000/500000, Total Reward: 27293, Epsilon: 0.0100, Buffer: 100000
Episode 170000/500000, Total Reward: 632, Epsilon: 0.0100, Buffer: 100000
Episode 171000/500000, Total Reward: 23792, Epsilon: 0.0100, Buffer: 100000
Episode 172000/500000, Total Reward: 32130, Epsilon: 0.0100, Buffer: 100000
Episode 173000/500000, Total Reward: 41355, Epsilon: 0.0100, Buffer: 100000
Episode 174000/500000, Total Reward: 31499, Epsilon: 0.0100, Buffer: 100000
Episode 175000/500000, Total Reward: 29925, Epsilon: 0.0100, Buffer: 100000
Episode 176000/500000, Total Reward: 28692, Epsilon: 0.0100, Buffer: 100000
Episode 177000/500000, Total Reward: 43343, Epsilon: 0.0100, Buffer: 100000
Episode 178000/500000, Total Reward: 27002, Epsilon: 0.0100, Buffer: 100000
Episode 179000/500000, Total Reward: 25461, Epsilon: 0.0100, Buffer: 100000
Episode 180000/500000, Total Reward: 29055, Epsilon: 0.0100, Buffer: 100000
Episode 181000/500000, Total Reward: 28818, Epsilon: 0.0100, Buffer: 100000
Episode 182000/500000, Total Reward: 37159, Epsilon: 0.0100, Buffer: 100000
Episode 183000/500000, Total Reward: 38956, Epsilon: 0.0100, Buffer: 100000
Episode 184000/500000, Total Reward: 18513, Epsilon: 0.0100, Buffer: 100000
Episode 185000/500000, Total Reward: 26851, Epsilon: 0.0100, Buffer: 100000
Episode 186000/500000, Total Reward: 31769, Epsilon: 0.0100, Buffer: 100000
Episode 187000/500000, Total Reward: 32372, Epsilon: 0.0100, Buffer: 100000
Episode 188000/500000, Total Reward: 38060, Epsilon: 0.0100, Buffer: 100000
Episode 189000/500000, Total Reward: 28416, Epsilon: 0.0100, Buffer: 100000
Episode 190000/500000, Total Reward: 29020, Epsilon: 0.0100, Buffer: 100000
Episode 191000/500000, Total Reward: 39665, Epsilon: 0.0100, Buffer: 100000
Episode 192000/500000, Total Reward: 31711, Epsilon: 0.0100, Buffer: 100000
Episode 193000/500000, Total Reward: 30888, Epsilon: 0.0100, Buffer: 100000
Episode 194000/500000, Total Reward: 25003, Epsilon: 0.0100, Buffer: 100000
Episode 195000/500000, Total Reward: 30734, Epsilon: 0.0100, Buffer: 100000
Episode 196000/500000, Total Reward: 32433, Epsilon: 0.0100, Buffer: 100000
Episode 197000/500000, Total Reward: 32583, Epsilon: 0.0100, Buffer: 100000
Episode 198000/500000, Total Reward: 27788, Epsilon: 0.0100, Buffer: 100000
Episode 199000/500000, Total Reward: 27233, Epsilon: 0.0100, Buffer: 100000
Episode 200000/500000, Total Reward: 36579, Epsilon: 0.0100, Buffer: 100000
Episode 201000/500000, Total Reward: 37655, Epsilon: 0.0100, Buffer: 100000
Episode 202000/500000, Total Reward: 34391, Epsilon: 0.0100, Buffer: 100000
Episode 203000/500000, Total Reward: 31795, Epsilon: 0.0100, Buffer: 100000
Episode 204000/500000, Total Reward: 33331, Epsilon: 0.0100, Buffer: 100000
Episode 205000/500000, Total Reward: 33806, Epsilon: 0.0100, Buffer: 100000
Episode 206000/500000, Total Reward: 31331, Epsilon: 0.0100, Buffer: 100000
Episode 207000/500000, Total Reward: 28095, Epsilon: 0.0100, Buffer: 100000
Episode 208000/500000, Total Reward: 29432, Epsilon: 0.0100, Buffer: 100000
Episode 209000/500000, Total Reward: 32688, Epsilon: 0.0100, Buffer: 100000
Episode 210000/500000, Total Reward: 32919, Epsilon: 0.0100, Buffer: 100000
Episode 211000/500000, Total Reward: 37232, Epsilon: 0.0100, Buffer: 100000
Episode 212000/500000, Total Reward: -170, Epsilon: 0.0100, Buffer: 100000
Episode 213000/500000, Total Reward: 36037, Epsilon: 0.0100, Buffer: 100000
Episode 214000/500000, Total Reward: 37917, Epsilon: 0.0100, Buffer: 100000
Episode 215000/500000, Total Reward: 632, Epsilon: 0.0100, Buffer: 100000
Episode 216000/500000, Total Reward: 40829, Epsilon: 0.0100, Buffer: 100000
Episode 217000/500000, Total Reward: 35117, Epsilon: 0.0100, Buffer: 100000
Episode 218000/500000, Total Reward: 34586, Epsilon: 0.0100, Buffer: 100000
Episode 219000/500000, Total Reward: 34433, Epsilon: 0.0100, Buffer: 100000
Episode 220000/500000, Total Reward: 27654, Epsilon: 0.0100, Buffer: 100000
Episode 221000/500000, Total Reward: 33427, Epsilon: 0.0100, Buffer: 100000
Episode 222000/500000, Total Reward: 14957, Epsilon: 0.0100, Buffer: 100000
Episode 223000/500000, Total Reward: 37211, Epsilon: 0.0100, Buffer: 100000
Episode 224000/500000, Total Reward: 27625, Epsilon: 0.0100, Buffer: 100000
Episode 225000/500000, Total Reward: 37036, Epsilon: 0.0100, Buffer: 100000
Episode 226000/500000, Total Reward: 41201, Epsilon: 0.0100, Buffer: 100000
Episode 227000/500000, Total Reward: 30940, Epsilon: 0.0100, Buffer: 100000
Episode 228000/500000, Total Reward: 21530, Epsilon: 0.0100, Buffer: 100000
Episode 229000/500000, Total Reward: 33212, Epsilon: 0.0100, Buffer: 100000
Episode 230000/500000, Total Reward: 24147, Epsilon: 0.0100, Buffer: 100000
Episode 231000/500000, Total Reward: 31901, Epsilon: 0.0100, Buffer: 100000
Episode 232000/500000, Total Reward: 36096, Epsilon: 0.0100, Buffer: 100000
Episode 233000/500000, Total Reward: 25430, Epsilon: 0.0100, Buffer: 100000
Episode 234000/500000, Total Reward: 33113, Epsilon: 0.0100, Buffer: 100000
Episode 235000/500000, Total Reward: 31179, Epsilon: 0.0100, Buffer: 100000
Episode 236000/500000, Total Reward: 20170, Epsilon: 0.0100, Buffer: 100000
Episode 237000/500000, Total Reward: 29228, Epsilon: 0.0100, Buffer: 100000
Episode 238000/500000, Total Reward: 33801, Epsilon: 0.0100, Buffer: 100000
Episode 239000/500000, Total Reward: 35635, Epsilon: 0.0100, Buffer: 100000
Episode 240000/500000, Total Reward: 37956, Epsilon: 0.0100, Buffer: 100000
Episode 241000/500000, Total Reward: 38411, Epsilon: 0.0100, Buffer: 100000
Episode 242000/500000, Total Reward: 32855, Epsilon: 0.0100, Buffer: 100000
Episode 243000/500000, Total Reward: 29668, Epsilon: 0.0100, Buffer: 100000
Episode 244000/500000, Total Reward: 33292, Epsilon: 0.0100, Buffer: 100000
Episode 245000/500000, Total Reward: 34821, Epsilon: 0.0100, Buffer: 100000
Episode 246000/500000, Total Reward: 27508, Epsilon: 0.0100, Buffer: 100000
Episode 247000/500000, Total Reward: 23803, Epsilon: 0.0100, Buffer: 100000
Episode 248000/500000, Total Reward: 35290, Epsilon: 0.0100, Buffer: 100000
Episode 249000/500000, Total Reward: 30605, Epsilon: 0.0100, Buffer: 100000
Episode 250000/500000, Total Reward: 21559, Epsilon: 0.0100, Buffer: 100000
Episode 251000/500000, Total Reward: 40795, Epsilon: 0.0100, Buffer: 100000
Episode 252000/500000, Total Reward: 37954, Epsilon: 0.0100, Buffer: 100000
Episode 253000/500000, Total Reward: 42386, Epsilon: 0.0100, Buffer: 100000
Episode 254000/500000, Total Reward: 24640, Epsilon: 0.0100, Buffer: 100000
Episode 255000/500000, Total Reward: 22252, Epsilon: 0.0100, Buffer: 100000
Episode 256000/500000, Total Reward: 28233, Epsilon: 0.0100, Buffer: 100000
Episode 257000/500000, Total Reward: 36174, Epsilon: 0.0100, Buffer: 100000
Episode 258000/500000, Total Reward: 35693, Epsilon: 0.0100, Buffer: 100000
Episode 259000/500000, Total Reward: 26315, Epsilon: 0.0100, Buffer: 100000
Episode 260000/500000, Total Reward: 36850, Epsilon: 0.0100, Buffer: 100000
Episode 261000/500000, Total Reward: 32722, Epsilon: 0.0100, Buffer: 100000
Episode 262000/500000, Total Reward: 38872, Epsilon: 0.0100, Buffer: 100000
Episode 263000/500000, Total Reward: 632, Epsilon: 0.0100, Buffer: 100000
Episode 264000/500000, Total Reward: 29547, Epsilon: 0.0100, Buffer: 100000
Episode 265000/500000, Total Reward: 31369, Epsilon: 0.0100, Buffer: 100000
Episode 266000/500000, Total Reward: 39814, Epsilon: 0.0100, Buffer: 100000
Episode 267000/500000, Total Reward: 30136, Epsilon: 0.0100, Buffer: 100000
Episode 268000/500000, Total Reward: 42329, Epsilon: 0.0100, Buffer: 100000
Episode 269000/500000, Total Reward: 42967, Epsilon: 0.0100, Buffer: 100000
Episode 270000/500000, Total Reward: 29834, Epsilon: 0.0100, Buffer: 100000
Episode 271000/500000, Total Reward: 36046, Epsilon: 0.0100, Buffer: 100000
Episode 272000/500000, Total Reward: 30636, Epsilon: 0.0100, Buffer: 100000
Episode 273000/500000, Total Reward: 25301, Epsilon: 0.0100, Buffer: 100000
Episode 274000/500000, Total Reward: 29748, Epsilon: 0.0100, Buffer: 100000
Episode 275000/500000, Total Reward: 29314, Epsilon: 0.0100, Buffer: 100000
Episode 276000/500000, Total Reward: 30841, Epsilon: 0.0100, Buffer: 100000
Episode 277000/500000, Total Reward: 32514, Epsilon: 0.0100, Buffer: 100000
Episode 278000/500000, Total Reward: 25916, Epsilon: 0.0100, Buffer: 100000
Episode 279000/500000, Total Reward: 30406, Epsilon: 0.0100, Buffer: 100000
Episode 280000/500000, Total Reward: 43903, Epsilon: 0.0100, Buffer: 100000
Episode 281000/500000, Total Reward: 28909, Epsilon: 0.0100, Buffer: 100000
Episode 282000/500000, Total Reward: 29782, Epsilon: 0.0100, Buffer: 100000
Episode 283000/500000, Total Reward: 35782, Epsilon: 0.0100, Buffer: 100000
Episode 284000/500000, Total Reward: 18860, Epsilon: 0.0100, Buffer: 100000
Episode 285000/500000, Total Reward: 35536, Epsilon: 0.0100, Buffer: 100000
Episode 286000/500000, Total Reward: 28859, Epsilon: 0.0100, Buffer: 100000
Episode 287000/500000, Total Reward: 22115, Epsilon: 0.0100, Buffer: 100000
Episode 288000/500000, Total Reward: 34453, Epsilon: 0.0100, Buffer: 100000
Episode 289000/500000, Total Reward: 29197, Epsilon: 0.0100, Buffer: 100000
Episode 290000/500000, Total Reward: 26484, Epsilon: 0.0100, Buffer: 100000
Episode 291000/500000, Total Reward: 32392, Epsilon: 0.0100, Buffer: 100000
Episode 292000/500000, Total Reward: 30218, Epsilon: 0.0100, Buffer: 100000
Episode 293000/500000, Total Reward: 35184, Epsilon: 0.0100, Buffer: 100000
Episode 294000/500000, Total Reward: 32509, Epsilon: 0.0100, Buffer: 100000
Episode 295000/500000, Total Reward: 33766, Epsilon: 0.0100, Buffer: 100000
Episode 296000/500000, Total Reward: 35371, Epsilon: 0.0100, Buffer: 100000
Episode 297000/500000, Total Reward: 30797, Epsilon: 0.0100, Buffer: 100000
Episode 298000/500000, Total Reward: 7302, Epsilon: 0.0100, Buffer: 100000
Episode 299000/500000, Total Reward: 30900, Epsilon: 0.0100, Buffer: 100000
Episode 300000/500000, Total Reward: 35102, Epsilon: 0.0100, Buffer: 100000
Episode 301000/500000, Total Reward: 21649, Epsilon: 0.0100, Buffer: 100000
Episode 302000/500000, Total Reward: 29294, Epsilon: 0.0100, Buffer: 100000
Episode 303000/500000, Total Reward: 38086, Epsilon: 0.0100, Buffer: 100000
Episode 304000/500000, Total Reward: 29152, Epsilon: 0.0100, Buffer: 100000
Episode 305000/500000, Total Reward: 30504, Epsilon: 0.0100, Buffer: 100000
Episode 306000/500000, Total Reward: 41126, Epsilon: 0.0100, Buffer: 100000
Episode 307000/500000, Total Reward: 28113, Epsilon: 0.0100, Buffer: 100000
Episode 308000/500000, Total Reward: 34016, Epsilon: 0.0100, Buffer: 100000
Episode 309000/500000, Total Reward: 23085, Epsilon: 0.0100, Buffer: 100000
Episode 310000/500000, Total Reward: 39796, Epsilon: 0.0100, Buffer: 100000
Episode 311000/500000, Total Reward: 26522, Epsilon: 0.0100, Buffer: 100000
Episode 312000/500000, Total Reward: 36836, Epsilon: 0.0100, Buffer: 100000
Episode 313000/500000, Total Reward: 31082, Epsilon: 0.0100, Buffer: 100000
Episode 314000/500000, Total Reward: 35140, Epsilon: 0.0100, Buffer: 100000
Episode 315000/500000, Total Reward: 37046, Epsilon: 0.0100, Buffer: 100000
Episode 316000/500000, Total Reward: 34392, Epsilon: 0.0100, Buffer: 100000
Episode 317000/500000, Total Reward: 28697, Epsilon: 0.0100, Buffer: 100000
Episode 318000/500000, Total Reward: 32524, Epsilon: 0.0100, Buffer: 100000
Episode 319000/500000, Total Reward: 31985, Epsilon: 0.0100, Buffer: 100000
Episode 320000/500000, Total Reward: 63, Epsilon: 0.0100, Buffer: 100000
Episode 321000/500000, Total Reward: 34420, Epsilon: 0.0100, Buffer: 100000
Episode 322000/500000, Total Reward: 33245, Epsilon: 0.0100, Buffer: 100000
Episode 323000/500000, Total Reward: 34897, Epsilon: 0.0100, Buffer: 100000
Episode 324000/500000, Total Reward: 30446, Epsilon: 0.0100, Buffer: 100000
Episode 325000/500000, Total Reward: 37404, Epsilon: 0.0100, Buffer: 100000
Episode 326000/500000, Total Reward: 25921, Epsilon: 0.0100, Buffer: 100000
Episode 327000/500000, Total Reward: 28686, Epsilon: 0.0100, Buffer: 100000
Episode 328000/500000, Total Reward: 17408, Epsilon: 0.0100, Buffer: 100000
Episode 329000/500000, Total Reward: 33092, Epsilon: 0.0100, Buffer: 100000
Episode 330000/500000, Total Reward: 32880, Epsilon: 0.0100, Buffer: 100000
Episode 331000/500000, Total Reward: 36259, Epsilon: 0.0100, Buffer: 100000
Episode 332000/500000, Total Reward: 33559, Epsilon: 0.0100, Buffer: 100000
Episode 333000/500000, Total Reward: 32759, Epsilon: 0.0100, Buffer: 100000
Episode 334000/500000, Total Reward: 27223, Epsilon: 0.0100, Buffer: 100000
Episode 335000/500000, Total Reward: 37706, Epsilon: 0.0100, Buffer: 100000
Episode 336000/500000, Total Reward: 27668, Epsilon: 0.0100, Buffer: 100000
Episode 337000/500000, Total Reward: 29794, Epsilon: 0.0100, Buffer: 100000
Episode 338000/500000, Total Reward: 24203, Epsilon: 0.0100, Buffer: 100000
Episode 339000/500000, Total Reward: 30704, Epsilon: 0.0100, Buffer: 100000
Episode 340000/500000, Total Reward: 39337, Epsilon: 0.0100, Buffer: 100000
Episode 341000/500000, Total Reward: 30759, Epsilon: 0.0100, Buffer: 100000
Episode 342000/500000, Total Reward: 25436, Epsilon: 0.0100, Buffer: 100000
Episode 343000/500000, Total Reward: 25952, Epsilon: 0.0100, Buffer: 100000
Episode 344000/500000, Total Reward: 30411, Epsilon: 0.0100, Buffer: 100000
Episode 345000/500000, Total Reward: 44120, Epsilon: 0.0100, Buffer: 100000
Episode 346000/500000, Total Reward: 27006, Epsilon: 0.0100, Buffer: 100000
Episode 347000/500000, Total Reward: 27418, Epsilon: 0.0100, Buffer: 100000
Episode 348000/500000, Total Reward: 33024, Epsilon: 0.0100, Buffer: 100000
Episode 349000/500000, Total Reward: 9793, Epsilon: 0.0100, Buffer: 100000
Episode 350000/500000, Total Reward: 30269, Epsilon: 0.0100, Buffer: 100000
Episode 351000/500000, Total Reward: 39095, Epsilon: 0.0100, Buffer: 100000
Episode 352000/500000, Total Reward: 34840, Epsilon: 0.0100, Buffer: 100000
Episode 353000/500000, Total Reward: 31186, Epsilon: 0.0100, Buffer: 100000
Episode 354000/500000, Total Reward: 34116, Epsilon: 0.0100, Buffer: 100000
Episode 355000/500000, Total Reward: 37879, Epsilon: 0.0100, Buffer: 100000
Episode 356000/500000, Total Reward: 33933, Epsilon: 0.0100, Buffer: 100000
Episode 357000/500000, Total Reward: 28262, Epsilon: 0.0100, Buffer: 100000
Episode 358000/500000, Total Reward: 27038, Epsilon: 0.0100, Buffer: 100000
Episode 359000/500000, Total Reward: 33320, Epsilon: 0.0100, Buffer: 100000
Episode 360000/500000, Total Reward: 38615, Epsilon: 0.0100, Buffer: 100000
Episode 361000/500000, Total Reward: 31163, Epsilon: 0.0100, Buffer: 100000
Episode 362000/500000, Total Reward: 28911, Epsilon: 0.0100, Buffer: 100000
Episode 363000/500000, Total Reward: 27888, Epsilon: 0.0100, Buffer: 100000
Episode 364000/500000, Total Reward: 33727, Epsilon: 0.0100, Buffer: 100000
Episode 365000/500000, Total Reward: 632, Epsilon: 0.0100, Buffer: 100000
Episode 366000/500000, Total Reward: 30362, Epsilon: 0.0100, Buffer: 100000
Episode 367000/500000, Total Reward: 38536, Epsilon: 0.0100, Buffer: 100000
Episode 368000/500000, Total Reward: 31451, Epsilon: 0.0100, Buffer: 100000
Episode 369000/500000, Total Reward: 32504, Epsilon: 0.0100, Buffer: 100000
Episode 370000/500000, Total Reward: 27977, Epsilon: 0.0100, Buffer: 100000
Episode 371000/500000, Total Reward: 35103, Epsilon: 0.0100, Buffer: 100000
Episode 372000/500000, Total Reward: 31930, Epsilon: 0.0100, Buffer: 100000
Episode 373000/500000, Total Reward: 29386, Epsilon: 0.0100, Buffer: 100000
Episode 374000/500000, Total Reward: 29901, Epsilon: 0.0100, Buffer: 100000
Episode 375000/500000, Total Reward: 27353, Epsilon: 0.0100, Buffer: 100000
Episode 376000/500000, Total Reward: 29059, Epsilon: 0.0100, Buffer: 100000
Episode 377000/500000, Total Reward: 20742, Epsilon: 0.0100, Buffer: 100000
Episode 378000/500000, Total Reward: 32912, Epsilon: 0.0100, Buffer: 100000
Episode 379000/500000, Total Reward: 39103, Epsilon: 0.0100, Buffer: 100000
Episode 380000/500000, Total Reward: 30661, Epsilon: 0.0100, Buffer: 100000
Episode 381000/500000, Total Reward: 36636, Epsilon: 0.0100, Buffer: 100000
Episode 382000/500000, Total Reward: 38130, Epsilon: 0.0100, Buffer: 100000
Episode 383000/500000, Total Reward: 28784, Epsilon: 0.0100, Buffer: 100000
Episode 384000/500000, Total Reward: 39482, Epsilon: 0.0100, Buffer: 100000
Episode 385000/500000, Total Reward: 35570, Epsilon: 0.0100, Buffer: 100000
Episode 386000/500000, Total Reward: 35553, Epsilon: 0.0100, Buffer: 100000
Episode 387000/500000, Total Reward: 30685, Epsilon: 0.0100, Buffer: 100000
Episode 388000/500000, Total Reward: 36716, Epsilon: 0.0100, Buffer: 100000
Episode 389000/500000, Total Reward: 28213, Epsilon: 0.0100, Buffer: 100000
Episode 390000/500000, Total Reward: 35087, Epsilon: 0.0100, Buffer: 100000
Episode 391000/500000, Total Reward: 23124, Epsilon: 0.0100, Buffer: 100000
Episode 392000/500000, Total Reward: 38379, Epsilon: 0.0100, Buffer: 100000
Episode 393000/500000, Total Reward: 34108, Epsilon: 0.0100, Buffer: 100000
Episode 394000/500000, Total Reward: 34454, Epsilon: 0.0100, Buffer: 100000
Episode 395000/500000, Total Reward: 34806, Epsilon: 0.0100, Buffer: 100000
Episode 396000/500000, Total Reward: 25493, Epsilon: 0.0100, Buffer: 100000
Episode 397000/500000, Total Reward: 31033, Epsilon: 0.0100, Buffer: 100000
Episode 398000/500000, Total Reward: 31375, Epsilon: 0.0100, Buffer: 100000
Episode 399000/500000, Total Reward: 28033, Epsilon: 0.0100, Buffer: 100000
Episode 400000/500000, Total Reward: 29175, Epsilon: 0.0100, Buffer: 100000
Episode 401000/500000, Total Reward: 32081, Epsilon: 0.0100, Buffer: 100000
Episode 402000/500000, Total Reward: 34214, Epsilon: 0.0100, Buffer: 100000
Episode 403000/500000, Total Reward: 25969, Epsilon: 0.0100, Buffer: 100000
Episode 404000/500000, Total Reward: 26667, Epsilon: 0.0100, Buffer: 100000
Episode 405000/500000, Total Reward: 26118, Epsilon: 0.0100, Buffer: 100000
Episode 406000/500000, Total Reward: 24496, Epsilon: 0.0100, Buffer: 100000
Episode 407000/500000, Total Reward: 33859, Epsilon: 0.0100, Buffer: 100000
Episode 408000/500000, Total Reward: 38780, Epsilon: 0.0100, Buffer: 100000
Episode 409000/500000, Total Reward: 27106, Epsilon: 0.0100, Buffer: 100000
Episode 410000/500000, Total Reward: 24948, Epsilon: 0.0100, Buffer: 100000
Episode 411000/500000, Total Reward: 26494, Epsilon: 0.0100, Buffer: 100000
Episode 412000/500000, Total Reward: 22695, Epsilon: 0.0100, Buffer: 100000
Episode 413000/500000, Total Reward: 30842, Epsilon: 0.0100, Buffer: 100000
Episode 414000/500000, Total Reward: 27282, Epsilon: 0.0100, Buffer: 100000
Episode 415000/500000, Total Reward: 18612, Epsilon: 0.0100, Buffer: 100000
Episode 416000/500000, Total Reward: 33163, Epsilon: 0.0100, Buffer: 100000
Episode 417000/500000, Total Reward: 32616, Epsilon: 0.0100, Buffer: 100000
Episode 418000/500000, Total Reward: 33052, Epsilon: 0.0100, Buffer: 100000
Episode 419000/500000, Total Reward: 25769, Epsilon: 0.0100, Buffer: 100000
Episode 420000/500000, Total Reward: 43595, Epsilon: 0.0100, Buffer: 100000
Episode 421000/500000, Total Reward: 35022, Epsilon: 0.0100, Buffer: 100000
Episode 422000/500000, Total Reward: 37106, Epsilon: 0.0100, Buffer: 100000
Episode 423000/500000, Total Reward: 33967, Epsilon: 0.0100, Buffer: 100000
Episode 424000/500000, Total Reward: 31756, Epsilon: 0.0100, Buffer: 100000
Episode 425000/500000, Total Reward: 39777, Epsilon: 0.0100, Buffer: 100000
Episode 426000/500000, Total Reward: 29070, Epsilon: 0.0100, Buffer: 100000
Episode 427000/500000, Total Reward: 30749, Epsilon: 0.0100, Buffer: 100000
Episode 428000/500000, Total Reward: 24897, Epsilon: 0.0100, Buffer: 100000
Episode 429000/500000, Total Reward: 34499, Epsilon: 0.0100, Buffer: 100000
Episode 430000/500000, Total Reward: 22393, Epsilon: 0.0100, Buffer: 100000
Episode 431000/500000, Total Reward: 35137, Epsilon: 0.0100, Buffer: 100000
Episode 432000/500000, Total Reward: 29906, Epsilon: 0.0100, Buffer: 100000
Episode 433000/500000, Total Reward: 32589, Epsilon: 0.0100, Buffer: 100000
Episode 434000/500000, Total Reward: 30081, Epsilon: 0.0100, Buffer: 100000
Episode 435000/500000, Total Reward: 28543, Epsilon: 0.0100, Buffer: 100000
Episode 436000/500000, Total Reward: 31021, Epsilon: 0.0100, Buffer: 100000
Episode 437000/500000, Total Reward: 14582, Epsilon: 0.0100, Buffer: 100000
Episode 438000/500000, Total Reward: 31423, Epsilon: 0.0100, Buffer: 100000
Episode 439000/500000, Total Reward: 27649, Epsilon: 0.0100, Buffer: 100000
Episode 440000/500000, Total Reward: 24899, Epsilon: 0.0100, Buffer: 100000
Episode 441000/500000, Total Reward: 32134, Epsilon: 0.0100, Buffer: 100000
Episode 442000/500000, Total Reward: 33959, Epsilon: 0.0100, Buffer: 100000
Episode 443000/500000, Total Reward: 37497, Epsilon: 0.0100, Buffer: 100000
Episode 444000/500000, Total Reward: 32016, Epsilon: 0.0100, Buffer: 100000
Episode 445000/500000, Total Reward: 39024, Epsilon: 0.0100, Buffer: 100000
Episode 446000/500000, Total Reward: 31386, Epsilon: 0.0100, Buffer: 100000
Episode 447000/500000, Total Reward: 32471, Epsilon: 0.0100, Buffer: 100000
Episode 448000/500000, Total Reward: 36602, Epsilon: 0.0100, Buffer: 100000
Episode 449000/500000, Total Reward: 38363, Epsilon: 0.0100, Buffer: 100000
Episode 450000/500000, Total Reward: 37852, Epsilon: 0.0100, Buffer: 100000
Episode 451000/500000, Total Reward: 22903, Epsilon: 0.0100, Buffer: 100000
Episode 452000/500000, Total Reward: 44230, Epsilon: 0.0100, Buffer: 100000
Episode 453000/500000, Total Reward: 29525, Epsilon: 0.0100, Buffer: 100000
Episode 454000/500000, Total Reward: 36973, Epsilon: 0.0100, Buffer: 100000
Episode 455000/500000, Total Reward: 25157, Epsilon: 0.0100, Buffer: 100000
Episode 456000/500000, Total Reward: 28543, Epsilon: 0.0100, Buffer: 100000
Episode 457000/500000, Total Reward: 36428, Epsilon: 0.0100, Buffer: 100000
Episode 458000/500000, Total Reward: 32168, Epsilon: 0.0100, Buffer: 100000
Episode 459000/500000, Total Reward: 29932, Epsilon: 0.0100, Buffer: 100000
Episode 460000/500000, Total Reward: 18177, Epsilon: 0.0100, Buffer: 100000
Episode 461000/500000, Total Reward: 35839, Epsilon: 0.0100, Buffer: 100000
Episode 462000/500000, Total Reward: 32354, Epsilon: 0.0100, Buffer: 100000
Episode 463000/500000, Total Reward: 36251, Epsilon: 0.0100, Buffer: 100000
Episode 464000/500000, Total Reward: 30448, Epsilon: 0.0100, Buffer: 100000
Episode 465000/500000, Total Reward: 42476, Epsilon: 0.0100, Buffer: 100000
Episode 466000/500000, Total Reward: 18889, Epsilon: 0.0100, Buffer: 100000
Episode 467000/500000, Total Reward: 32595, Epsilon: 0.0100, Buffer: 100000
Episode 468000/500000, Total Reward: 28880, Epsilon: 0.0100, Buffer: 100000
Episode 469000/500000, Total Reward: 30822, Epsilon: 0.0100, Buffer: 100000
Episode 470000/500000, Total Reward: 28309, Epsilon: 0.0100, Buffer: 100000
Episode 471000/500000, Total Reward: 35720, Epsilon: 0.0100, Buffer: 100000
Episode 472000/500000, Total Reward: 25845, Epsilon: 0.0100, Buffer: 100000
Episode 473000/500000, Total Reward: 31822, Epsilon: 0.0100, Buffer: 100000
Episode 474000/500000, Total Reward: 32367, Epsilon: 0.0100, Buffer: 100000
Episode 475000/500000, Total Reward: 35628, Epsilon: 0.0100, Buffer: 100000
Episode 476000/500000, Total Reward: 28888, Epsilon: 0.0100, Buffer: 100000
Episode 477000/500000, Total Reward: 29642, Epsilon: 0.0100, Buffer: 100000
Episode 478000/500000, Total Reward: 35374, Epsilon: 0.0100, Buffer: 100000
Episode 479000/500000, Total Reward: 29341, Epsilon: 0.0100, Buffer: 100000
Episode 480000/500000, Total Reward: 25860, Epsilon: 0.0100, Buffer: 100000
Episode 481000/500000, Total Reward: 32270, Epsilon: 0.0100, Buffer: 100000
Episode 482000/500000, Total Reward: 38030, Epsilon: 0.0100, Buffer: 100000
Episode 483000/500000, Total Reward: 37292, Epsilon: 0.0100, Buffer: 100000
Episode 484000/500000, Total Reward: 38644, Epsilon: 0.0100, Buffer: 100000
Episode 485000/500000, Total Reward: 37416, Epsilon: 0.0100, Buffer: 100000
Episode 486000/500000, Total Reward: 38149, Epsilon: 0.0100, Buffer: 100000
Episode 487000/500000, Total Reward: 42225, Epsilon: 0.0100, Buffer: 100000
Episode 488000/500000, Total Reward: 27332, Epsilon: 0.0100, Buffer: 100000
Episode 489000/500000, Total Reward: 26992, Epsilon: 0.0100, Buffer: 100000
Episode 490000/500000, Total Reward: 22682, Epsilon: 0.0100, Buffer: 100000
Episode 491000/500000, Total Reward: 31345, Epsilon: 0.0100, Buffer: 100000
Episode 492000/500000, Total Reward: 40375, Epsilon: 0.0100, Buffer: 100000
Episode 493000/500000, Total Reward: 39022, Epsilon: 0.0100, Buffer: 100000
Episode 494000/500000, Total Reward: 29218, Epsilon: 0.0100, Buffer: 100000
Episode 495000/500000, Total Reward: 23543, Epsilon: 0.0100, Buffer: 100000
Episode 496000/500000, Total Reward: 38070, Epsilon: 0.0100, Buffer: 100000
Episode 497000/500000, Total Reward: 28898, Epsilon: 0.0100, Buffer: 100000
Episode 498000/500000, Total Reward: 37819, Epsilon: 0.0100, Buffer: 100000
Episode 499000/500000, Total Reward: 24386, Epsilon: 0.0100, Buffer: 100000
Episode 500000/500000, Total Reward: 34819, Epsilon: 0.0100, Buffer: 100000
Extracting Q-table from DQN for compatibility...
Saved DQN model to outputs/DQN_2025_500k_run1_model.pth
Saved Q-table (for compatibility) to outputs/DQN_2025_500k_run1.pkl

Learned DQN Q-table (sample):
State: (0, 0, 9, 0)
  Action: keep, Q-value: 4088.57
  Action: replace, Q-value: 3018.21
State: (1, 1, 0, 0)
  Action: keep, Q-value: 3605.13
  Action: replace, Q-value: 3025.84
State: (1, 1, 0, 1)
  Action: keep, Q-value: 3210.89
  Action: replace, Q-value: 2929.32
State: (1, 2, 0, 0)
  Action: keep, Q-value: 3648.05
  Action: replace, Q-value: 3040.09
State: (1, 2, 0, 1)
  Action: keep, Q-value: 3157.46
  Action: replace, Q-value: 2932.73
State: (1, 3, 0, 0)
  Action: keep, Q-value: 3618.62
  Action: replace, Q-value: 3026.79
State: (1, 3, 0, 1)
  Action: keep, Q-value: 3109.83
  Action: replace, Q-value: 2926.89
State: (1, 4, 0, 0)
  Action: keep, Q-value: 3543.94
  Action: replace, Q-value: 3031.12
State: (1, 4, 0, 1)
  Action: keep, Q-value: 3044.49
  Action: replace, Q-value: 2929.99
State: (1, 4, 1, 0)
  Action: keep, Q-value: 3725.29
  Action: replace, Q-value: 3018.45
Total states: 3289

Time taken for training: 110114.59 seconds
Average reward (last 1000 episodes): 31639.61
--- Run ended 2026-02-02 03:36:07 ---
