
--- Run started 2026-02-03 09:30:36 ---

======================================================================
CREATING NEW MODEL
======================================================================

Starting fresh with epsilon: 1.0000
======================================================================

Starting DQN training for 500000 episodes...
Episode 1000/500000, Total Reward: 323, Epsilon: 0.0100, Buffer: 100000
Episode 2000/500000, Total Reward: 11136, Epsilon: 0.0100, Buffer: 100000
Episode 3000/500000, Total Reward: 2226, Epsilon: 0.0100, Buffer: 100000
Episode 4000/500000, Total Reward: 4799, Epsilon: 0.0100, Buffer: 100000
Episode 5000/500000, Total Reward: -6604, Epsilon: 0.0100, Buffer: 100000
Episode 6000/500000, Total Reward: 19450, Epsilon: 0.0100, Buffer: 100000
Episode 7000/500000, Total Reward: 2924, Epsilon: 0.0100, Buffer: 100000
Episode 8000/500000, Total Reward: 2545, Epsilon: 0.0100, Buffer: 100000
Episode 9000/500000, Total Reward: 12507, Epsilon: 0.0100, Buffer: 100000
Episode 10000/500000, Total Reward: 12436, Epsilon: 0.0100, Buffer: 100000
Episode 11000/500000, Total Reward: 12453, Epsilon: 0.0100, Buffer: 100000
Episode 12000/500000, Total Reward: 18008, Epsilon: 0.0100, Buffer: 100000
Episode 13000/500000, Total Reward: 14948, Epsilon: 0.0100, Buffer: 100000
Episode 14000/500000, Total Reward: 1939, Epsilon: 0.0100, Buffer: 100000
Episode 15000/500000, Total Reward: 19371, Epsilon: 0.0100, Buffer: 100000
Episode 16000/500000, Total Reward: 7597, Epsilon: 0.0100, Buffer: 100000
Episode 17000/500000, Total Reward: 13749, Epsilon: 0.0100, Buffer: 100000
Episode 18000/500000, Total Reward: 9214, Epsilon: 0.0100, Buffer: 100000
Episode 19000/500000, Total Reward: 5921, Epsilon: 0.0100, Buffer: 100000
Episode 20000/500000, Total Reward: 15841, Epsilon: 0.0100, Buffer: 100000
Episode 21000/500000, Total Reward: 13961, Epsilon: 0.0100, Buffer: 100000
Episode 22000/500000, Total Reward: 6265, Epsilon: 0.0100, Buffer: 100000
Episode 23000/500000, Total Reward: 18697, Epsilon: 0.0100, Buffer: 100000
Episode 24000/500000, Total Reward: 10361, Epsilon: 0.0100, Buffer: 100000
Episode 25000/500000, Total Reward: 655, Epsilon: 0.0100, Buffer: 100000
Episode 26000/500000, Total Reward: 12246, Epsilon: 0.0100, Buffer: 100000
Episode 27000/500000, Total Reward: 4064, Epsilon: 0.0100, Buffer: 100000
Episode 28000/500000, Total Reward: 6191, Epsilon: 0.0100, Buffer: 100000
Episode 29000/500000, Total Reward: 1008, Epsilon: 0.0100, Buffer: 100000
Episode 30000/500000, Total Reward: 2985, Epsilon: 0.0100, Buffer: 100000
Episode 31000/500000, Total Reward: 15030, Epsilon: 0.0100, Buffer: 100000
Episode 32000/500000, Total Reward: 990, Epsilon: 0.0100, Buffer: 100000
Episode 33000/500000, Total Reward: 9766, Epsilon: 0.0100, Buffer: 100000
Episode 34000/500000, Total Reward: -811, Epsilon: 0.0100, Buffer: 100000
Episode 35000/500000, Total Reward: 8148, Epsilon: 0.0100, Buffer: 100000
Episode 36000/500000, Total Reward: -986, Epsilon: 0.0100, Buffer: 100000
Episode 37000/500000, Total Reward: 16113, Epsilon: 0.0100, Buffer: 100000
Episode 38000/500000, Total Reward: 2499, Epsilon: 0.0100, Buffer: 100000
Episode 39000/500000, Total Reward: 302, Epsilon: 0.0100, Buffer: 100000
Episode 40000/500000, Total Reward: 8901, Epsilon: 0.0100, Buffer: 100000
Episode 41000/500000, Total Reward: 185, Epsilon: 0.0100, Buffer: 100000
Episode 42000/500000, Total Reward: 2129, Epsilon: 0.0100, Buffer: 100000
Episode 43000/500000, Total Reward: 7809, Epsilon: 0.0100, Buffer: 100000
Episode 44000/500000, Total Reward: 13377, Epsilon: 0.0100, Buffer: 100000
Episode 45000/500000, Total Reward: 17942, Epsilon: 0.0100, Buffer: 100000
Episode 46000/500000, Total Reward: 10739, Epsilon: 0.0100, Buffer: 100000
Episode 47000/500000, Total Reward: 19498, Epsilon: 0.0100, Buffer: 100000
Episode 48000/500000, Total Reward: 12468, Epsilon: 0.0100, Buffer: 100000
Episode 49000/500000, Total Reward: -1764, Epsilon: 0.0100, Buffer: 100000
Episode 50000/500000, Total Reward: 9980, Epsilon: 0.0100, Buffer: 100000
Episode 51000/500000, Total Reward: 13288, Epsilon: 0.0100, Buffer: 100000
Episode 52000/500000, Total Reward: 18683, Epsilon: 0.0100, Buffer: 100000
Episode 53000/500000, Total Reward: -457, Epsilon: 0.0100, Buffer: 100000
Episode 54000/500000, Total Reward: -8535, Epsilon: 0.0100, Buffer: 100000
Episode 55000/500000, Total Reward: 9423, Epsilon: 0.0100, Buffer: 100000
Episode 56000/500000, Total Reward: -1746, Epsilon: 0.0100, Buffer: 100000
Episode 57000/500000, Total Reward: 21819, Epsilon: 0.0100, Buffer: 100000
Episode 58000/500000, Total Reward: -8607, Epsilon: 0.0100, Buffer: 100000
Episode 59000/500000, Total Reward: 16133, Epsilon: 0.0100, Buffer: 100000
Episode 60000/500000, Total Reward: 22196, Epsilon: 0.0100, Buffer: 100000
Episode 61000/500000, Total Reward: 7702, Epsilon: 0.0100, Buffer: 100000
Episode 62000/500000, Total Reward: 18201, Epsilon: 0.0100, Buffer: 100000
Episode 63000/500000, Total Reward: -6896, Epsilon: 0.0100, Buffer: 100000
Episode 64000/500000, Total Reward: -4630, Epsilon: 0.0100, Buffer: 100000
Episode 65000/500000, Total Reward: 14143, Epsilon: 0.0100, Buffer: 100000
Episode 66000/500000, Total Reward: 9292, Epsilon: 0.0100, Buffer: 100000
Episode 67000/500000, Total Reward: 4348, Epsilon: 0.0100, Buffer: 100000
Episode 68000/500000, Total Reward: 6014, Epsilon: 0.0100, Buffer: 100000
Episode 69000/500000, Total Reward: 6235, Epsilon: 0.0100, Buffer: 100000
Episode 70000/500000, Total Reward: 17011, Epsilon: 0.0100, Buffer: 100000
Episode 71000/500000, Total Reward: 13041, Epsilon: 0.0100, Buffer: 100000
Episode 72000/500000, Total Reward: 8161, Epsilon: 0.0100, Buffer: 100000
Episode 73000/500000, Total Reward: 13743, Epsilon: 0.0100, Buffer: 100000
Episode 74000/500000, Total Reward: 7329, Epsilon: 0.0100, Buffer: 100000
Episode 75000/500000, Total Reward: 10303, Epsilon: 0.0100, Buffer: 100000
Episode 76000/500000, Total Reward: 3122, Epsilon: 0.0100, Buffer: 100000
Episode 77000/500000, Total Reward: 112, Epsilon: 0.0100, Buffer: 100000
Episode 78000/500000, Total Reward: 13714, Epsilon: 0.0100, Buffer: 100000
Episode 79000/500000, Total Reward: 17490, Epsilon: 0.0100, Buffer: 100000
Episode 80000/500000, Total Reward: 12271, Epsilon: 0.0100, Buffer: 100000
Episode 81000/500000, Total Reward: 16852, Epsilon: 0.0100, Buffer: 100000
Episode 82000/500000, Total Reward: 20467, Epsilon: 0.0100, Buffer: 100000
Episode 83000/500000, Total Reward: 3017, Epsilon: 0.0100, Buffer: 100000
Episode 84000/500000, Total Reward: 4798, Epsilon: 0.0100, Buffer: 100000
Episode 85000/500000, Total Reward: -6877, Epsilon: 0.0100, Buffer: 100000
Episode 86000/500000, Total Reward: 11931, Epsilon: 0.0100, Buffer: 100000
Episode 87000/500000, Total Reward: 14647, Epsilon: 0.0100, Buffer: 100000
Episode 88000/500000, Total Reward: 149, Epsilon: 0.0100, Buffer: 100000
Episode 89000/500000, Total Reward: 9422, Epsilon: 0.0100, Buffer: 100000
Episode 90000/500000, Total Reward: 22769, Epsilon: 0.0100, Buffer: 100000
Episode 91000/500000, Total Reward: 3652, Epsilon: 0.0100, Buffer: 100000
Episode 92000/500000, Total Reward: 11212, Epsilon: 0.0100, Buffer: 100000
Episode 93000/500000, Total Reward: 11388, Epsilon: 0.0100, Buffer: 100000
Episode 94000/500000, Total Reward: -6018, Epsilon: 0.0100, Buffer: 100000
Episode 95000/500000, Total Reward: 17779, Epsilon: 0.0100, Buffer: 100000
Episode 96000/500000, Total Reward: -4326, Epsilon: 0.0100, Buffer: 100000
Episode 97000/500000, Total Reward: 16710, Epsilon: 0.0100, Buffer: 100000
Episode 98000/500000, Total Reward: 2322, Epsilon: 0.0100, Buffer: 100000
Episode 99000/500000, Total Reward: 12349, Epsilon: 0.0100, Buffer: 100000
Episode 100000/500000, Total Reward: -679, Epsilon: 0.0100, Buffer: 100000
Episode 101000/500000, Total Reward: 3783, Epsilon: 0.0100, Buffer: 100000
Episode 102000/500000, Total Reward: 5042, Epsilon: 0.0100, Buffer: 100000
Episode 103000/500000, Total Reward: 11479, Epsilon: 0.0100, Buffer: 100000
Episode 104000/500000, Total Reward: 17321, Epsilon: 0.0100, Buffer: 100000
Episode 105000/500000, Total Reward: 8749, Epsilon: 0.0100, Buffer: 100000
Episode 106000/500000, Total Reward: 6820, Epsilon: 0.0100, Buffer: 100000
Episode 107000/500000, Total Reward: 41, Epsilon: 0.0100, Buffer: 100000
Episode 108000/500000, Total Reward: 14561, Epsilon: 0.0100, Buffer: 100000
Episode 109000/500000, Total Reward: -35, Epsilon: 0.0100, Buffer: 100000
Episode 110000/500000, Total Reward: 5939, Epsilon: 0.0100, Buffer: 100000
Episode 111000/500000, Total Reward: 5324, Epsilon: 0.0100, Buffer: 100000
Episode 112000/500000, Total Reward: 14968, Epsilon: 0.0100, Buffer: 100000
Episode 113000/500000, Total Reward: -4081, Epsilon: 0.0100, Buffer: 100000
Episode 114000/500000, Total Reward: 2683, Epsilon: 0.0100, Buffer: 100000
Episode 115000/500000, Total Reward: 20804, Epsilon: 0.0100, Buffer: 100000
Episode 116000/500000, Total Reward: 10982, Epsilon: 0.0100, Buffer: 100000
Episode 117000/500000, Total Reward: 9832, Epsilon: 0.0100, Buffer: 100000
Episode 118000/500000, Total Reward: 9045, Epsilon: 0.0100, Buffer: 100000
Episode 119000/500000, Total Reward: -3121, Epsilon: 0.0100, Buffer: 100000
Episode 120000/500000, Total Reward: 534, Epsilon: 0.0100, Buffer: 100000
Episode 121000/500000, Total Reward: 5011, Epsilon: 0.0100, Buffer: 100000
Episode 122000/500000, Total Reward: -5289, Epsilon: 0.0100, Buffer: 100000
Episode 123000/500000, Total Reward: -661, Epsilon: 0.0100, Buffer: 100000
Episode 124000/500000, Total Reward: 9437, Epsilon: 0.0100, Buffer: 100000
Episode 125000/500000, Total Reward: 1064, Epsilon: 0.0100, Buffer: 100000
Episode 126000/500000, Total Reward: 5516, Epsilon: 0.0100, Buffer: 100000
Episode 127000/500000, Total Reward: 21578, Epsilon: 0.0100, Buffer: 100000
Episode 128000/500000, Total Reward: -3397, Epsilon: 0.0100, Buffer: 100000
Episode 129000/500000, Total Reward: 11720, Epsilon: 0.0100, Buffer: 100000
Episode 130000/500000, Total Reward: 10702, Epsilon: 0.0100, Buffer: 100000
Episode 131000/500000, Total Reward: -2823, Epsilon: 0.0100, Buffer: 100000
Episode 132000/500000, Total Reward: 9784, Epsilon: 0.0100, Buffer: 100000
Episode 133000/500000, Total Reward: 5587, Epsilon: 0.0100, Buffer: 100000
Episode 134000/500000, Total Reward: -2497, Epsilon: 0.0100, Buffer: 100000
Episode 135000/500000, Total Reward: 11123, Epsilon: 0.0100, Buffer: 100000
Episode 136000/500000, Total Reward: 3141, Epsilon: 0.0100, Buffer: 100000
Episode 137000/500000, Total Reward: 14363, Epsilon: 0.0100, Buffer: 100000
Episode 138000/500000, Total Reward: 7826, Epsilon: 0.0100, Buffer: 100000
Episode 139000/500000, Total Reward: 23177, Epsilon: 0.0100, Buffer: 100000
Episode 140000/500000, Total Reward: 8648, Epsilon: 0.0100, Buffer: 100000
Episode 141000/500000, Total Reward: 1217, Epsilon: 0.0100, Buffer: 100000
Episode 142000/500000, Total Reward: 12184, Epsilon: 0.0100, Buffer: 100000
Episode 143000/500000, Total Reward: -6217, Epsilon: 0.0100, Buffer: 100000
Episode 144000/500000, Total Reward: 9614, Epsilon: 0.0100, Buffer: 100000
Episode 145000/500000, Total Reward: 7129, Epsilon: 0.0100, Buffer: 100000
Episode 146000/500000, Total Reward: 13008, Epsilon: 0.0100, Buffer: 100000
Episode 147000/500000, Total Reward: 9050, Epsilon: 0.0100, Buffer: 100000
Episode 148000/500000, Total Reward: 12448, Epsilon: 0.0100, Buffer: 100000
Episode 149000/500000, Total Reward: 3566, Epsilon: 0.0100, Buffer: 100000
Episode 150000/500000, Total Reward: 18094, Epsilon: 0.0100, Buffer: 100000
Episode 151000/500000, Total Reward: 11514, Epsilon: 0.0100, Buffer: 100000
Episode 152000/500000, Total Reward: 3466, Epsilon: 0.0100, Buffer: 100000
Episode 153000/500000, Total Reward: 9262, Epsilon: 0.0100, Buffer: 100000
Episode 154000/500000, Total Reward: 16018, Epsilon: 0.0100, Buffer: 100000
Episode 155000/500000, Total Reward: 8117, Epsilon: 0.0100, Buffer: 100000
Episode 156000/500000, Total Reward: -97, Epsilon: 0.0100, Buffer: 100000
Episode 157000/500000, Total Reward: 2029, Epsilon: 0.0100, Buffer: 100000
Episode 158000/500000, Total Reward: 16555, Epsilon: 0.0100, Buffer: 100000
Episode 159000/500000, Total Reward: -3431, Epsilon: 0.0100, Buffer: 100000
Episode 160000/500000, Total Reward: 20381, Epsilon: 0.0100, Buffer: 100000
Episode 161000/500000, Total Reward: 15135, Epsilon: 0.0100, Buffer: 100000
Episode 162000/500000, Total Reward: 3444, Epsilon: 0.0100, Buffer: 100000
Episode 163000/500000, Total Reward: 2664, Epsilon: 0.0100, Buffer: 100000
Episode 164000/500000, Total Reward: 14580, Epsilon: 0.0100, Buffer: 100000
Episode 165000/500000, Total Reward: 12569, Epsilon: 0.0100, Buffer: 100000
Episode 166000/500000, Total Reward: 9673, Epsilon: 0.0100, Buffer: 100000
Episode 167000/500000, Total Reward: 6125, Epsilon: 0.0100, Buffer: 100000
Episode 168000/500000, Total Reward: 7862, Epsilon: 0.0100, Buffer: 100000
Episode 169000/500000, Total Reward: 4298, Epsilon: 0.0100, Buffer: 100000
Episode 170000/500000, Total Reward: 7129, Epsilon: 0.0100, Buffer: 100000
Episode 171000/500000, Total Reward: 18114, Epsilon: 0.0100, Buffer: 100000
Episode 172000/500000, Total Reward: 22625, Epsilon: 0.0100, Buffer: 100000
Episode 173000/500000, Total Reward: 990, Epsilon: 0.0100, Buffer: 100000
Episode 174000/500000, Total Reward: 7642, Epsilon: 0.0100, Buffer: 100000
Episode 175000/500000, Total Reward: 353, Epsilon: 0.0100, Buffer: 100000
Episode 176000/500000, Total Reward: 6308, Epsilon: 0.0100, Buffer: 100000
Episode 177000/500000, Total Reward: 15233, Epsilon: 0.0100, Buffer: 100000
Episode 178000/500000, Total Reward: 5765, Epsilon: 0.0100, Buffer: 100000
Episode 179000/500000, Total Reward: -1888, Epsilon: 0.0100, Buffer: 100000
Episode 180000/500000, Total Reward: 9160, Epsilon: 0.0100, Buffer: 100000
Episode 181000/500000, Total Reward: 16376, Epsilon: 0.0100, Buffer: 100000
Episode 182000/500000, Total Reward: 10523, Epsilon: 0.0100, Buffer: 100000
Episode 183000/500000, Total Reward: 16096, Epsilon: 0.0100, Buffer: 100000
Episode 184000/500000, Total Reward: 17290, Epsilon: 0.0100, Buffer: 100000
Episode 185000/500000, Total Reward: 22272, Epsilon: 0.0100, Buffer: 100000
Episode 186000/500000, Total Reward: 5254, Epsilon: 0.0100, Buffer: 100000
Episode 187000/500000, Total Reward: -7207, Epsilon: 0.0100, Buffer: 100000
Episode 188000/500000, Total Reward: 14710, Epsilon: 0.0100, Buffer: 100000
Episode 189000/500000, Total Reward: -1001, Epsilon: 0.0100, Buffer: 100000
Episode 190000/500000, Total Reward: 19371, Epsilon: 0.0100, Buffer: 100000
Episode 191000/500000, Total Reward: -2563, Epsilon: 0.0100, Buffer: 100000
Episode 192000/500000, Total Reward: 14089, Epsilon: 0.0100, Buffer: 100000
Episode 193000/500000, Total Reward: 15969, Epsilon: 0.0100, Buffer: 100000
Episode 194000/500000, Total Reward: 1262, Epsilon: 0.0100, Buffer: 100000
Episode 195000/500000, Total Reward: 16960, Epsilon: 0.0100, Buffer: 100000
Episode 196000/500000, Total Reward: 9883, Epsilon: 0.0100, Buffer: 100000
Episode 197000/500000, Total Reward: 11218, Epsilon: 0.0100, Buffer: 100000
Episode 198000/500000, Total Reward: 1088, Epsilon: 0.0100, Buffer: 100000
Episode 199000/500000, Total Reward: 960, Epsilon: 0.0100, Buffer: 100000
Episode 200000/500000, Total Reward: 9884, Epsilon: 0.0100, Buffer: 100000
Episode 201000/500000, Total Reward: 751, Epsilon: 0.0100, Buffer: 100000
Episode 202000/500000, Total Reward: 13041, Epsilon: 0.0100, Buffer: 100000
Episode 203000/500000, Total Reward: 7453, Epsilon: 0.0100, Buffer: 100000
Episode 204000/500000, Total Reward: 14374, Epsilon: 0.0100, Buffer: 100000
Episode 205000/500000, Total Reward: 12105, Epsilon: 0.0100, Buffer: 100000
Episode 206000/500000, Total Reward: 16227, Epsilon: 0.0100, Buffer: 100000
Episode 207000/500000, Total Reward: 15289, Epsilon: 0.0100, Buffer: 100000
Episode 208000/500000, Total Reward: 110, Epsilon: 0.0100, Buffer: 100000
Episode 209000/500000, Total Reward: 5716, Epsilon: 0.0100, Buffer: 100000
Episode 210000/500000, Total Reward: 14234, Epsilon: 0.0100, Buffer: 100000
Episode 211000/500000, Total Reward: 4800, Epsilon: 0.0100, Buffer: 100000
Episode 212000/500000, Total Reward: 13670, Epsilon: 0.0100, Buffer: 100000
Episode 213000/500000, Total Reward: 19431, Epsilon: 0.0100, Buffer: 100000
Episode 214000/500000, Total Reward: 9262, Epsilon: 0.0100, Buffer: 100000
Episode 215000/500000, Total Reward: 5034, Epsilon: 0.0100, Buffer: 100000
Episode 216000/500000, Total Reward: 990, Epsilon: 0.0100, Buffer: 100000
Episode 217000/500000, Total Reward: -1625, Epsilon: 0.0100, Buffer: 100000
Episode 218000/500000, Total Reward: 701, Epsilon: 0.0100, Buffer: 100000
Episode 219000/500000, Total Reward: 14587, Epsilon: 0.0100, Buffer: 100000
Episode 220000/500000, Total Reward: 6017, Epsilon: 0.0100, Buffer: 100000
Episode 221000/500000, Total Reward: 15305, Epsilon: 0.0100, Buffer: 100000
Episode 222000/500000, Total Reward: 14, Epsilon: 0.0100, Buffer: 100000
Episode 223000/500000, Total Reward: 15944, Epsilon: 0.0100, Buffer: 100000
Episode 224000/500000, Total Reward: 4421, Epsilon: 0.0100, Buffer: 100000
Episode 225000/500000, Total Reward: 7534, Epsilon: 0.0100, Buffer: 100000
Episode 226000/500000, Total Reward: 13105, Epsilon: 0.0100, Buffer: 100000
Episode 227000/500000, Total Reward: 11782, Epsilon: 0.0100, Buffer: 100000
Episode 228000/500000, Total Reward: 7651, Epsilon: 0.0100, Buffer: 100000
Episode 229000/500000, Total Reward: 2027, Epsilon: 0.0100, Buffer: 100000
Episode 230000/500000, Total Reward: 7024, Epsilon: 0.0100, Buffer: 100000
Episode 231000/500000, Total Reward: 5488, Epsilon: 0.0100, Buffer: 100000
Episode 232000/500000, Total Reward: 16638, Epsilon: 0.0100, Buffer: 100000
Episode 233000/500000, Total Reward: 10649, Epsilon: 0.0100, Buffer: 100000
Episode 234000/500000, Total Reward: 12804, Epsilon: 0.0100, Buffer: 100000
Episode 235000/500000, Total Reward: 14286, Epsilon: 0.0100, Buffer: 100000
Episode 236000/500000, Total Reward: 11035, Epsilon: 0.0100, Buffer: 100000
Episode 237000/500000, Total Reward: 5182, Epsilon: 0.0100, Buffer: 100000
Episode 238000/500000, Total Reward: 11162, Epsilon: 0.0100, Buffer: 100000
Episode 239000/500000, Total Reward: 23797, Epsilon: 0.0100, Buffer: 100000
Episode 240000/500000, Total Reward: 10239, Epsilon: 0.0100, Buffer: 100000
Episode 241000/500000, Total Reward: 6873, Epsilon: 0.0100, Buffer: 100000
Episode 242000/500000, Total Reward: 12080, Epsilon: 0.0100, Buffer: 100000
Episode 243000/500000, Total Reward: 4710, Epsilon: 0.0100, Buffer: 100000
Episode 244000/500000, Total Reward: 1175, Epsilon: 0.0100, Buffer: 100000
Episode 245000/500000, Total Reward: 18721, Epsilon: 0.0100, Buffer: 100000
Episode 246000/500000, Total Reward: 7659, Epsilon: 0.0100, Buffer: 100000
Episode 247000/500000, Total Reward: 21080, Epsilon: 0.0100, Buffer: 100000
Episode 248000/500000, Total Reward: 4951, Epsilon: 0.0100, Buffer: 100000
Episode 249000/500000, Total Reward: 14932, Epsilon: 0.0100, Buffer: 100000
Episode 250000/500000, Total Reward: 14187, Epsilon: 0.0100, Buffer: 100000
Episode 251000/500000, Total Reward: -6643, Epsilon: 0.0100, Buffer: 100000
Episode 252000/500000, Total Reward: 11948, Epsilon: 0.0100, Buffer: 100000
Episode 253000/500000, Total Reward: -4973, Epsilon: 0.0100, Buffer: 100000
Episode 254000/500000, Total Reward: 8573, Epsilon: 0.0100, Buffer: 100000
Episode 255000/500000, Total Reward: 22303, Epsilon: 0.0100, Buffer: 100000
Episode 256000/500000, Total Reward: -2599, Epsilon: 0.0100, Buffer: 100000
Episode 257000/500000, Total Reward: 18324, Epsilon: 0.0100, Buffer: 100000
Episode 258000/500000, Total Reward: 7036, Epsilon: 0.0100, Buffer: 100000
Episode 259000/500000, Total Reward: 9606, Epsilon: 0.0100, Buffer: 100000
Episode 260000/500000, Total Reward: -4234, Epsilon: 0.0100, Buffer: 100000
Episode 261000/500000, Total Reward: 2095, Epsilon: 0.0100, Buffer: 100000
Episode 262000/500000, Total Reward: 7492, Epsilon: 0.0100, Buffer: 100000
Episode 263000/500000, Total Reward: -5256, Epsilon: 0.0100, Buffer: 100000
Episode 264000/500000, Total Reward: 2356, Epsilon: 0.0100, Buffer: 100000
Episode 265000/500000, Total Reward: 9404, Epsilon: 0.0100, Buffer: 100000
Episode 266000/500000, Total Reward: 6749, Epsilon: 0.0100, Buffer: 100000
Episode 267000/500000, Total Reward: 5653, Epsilon: 0.0100, Buffer: 100000
Episode 268000/500000, Total Reward: 11309, Epsilon: 0.0100, Buffer: 100000
Episode 269000/500000, Total Reward: 18006, Epsilon: 0.0100, Buffer: 100000
Episode 270000/500000, Total Reward: 21422, Epsilon: 0.0100, Buffer: 100000
Episode 271000/500000, Total Reward: 1008, Epsilon: 0.0100, Buffer: 100000
Episode 272000/500000, Total Reward: -1274, Epsilon: 0.0100, Buffer: 100000
Episode 273000/500000, Total Reward: 14009, Epsilon: 0.0100, Buffer: 100000
Episode 274000/500000, Total Reward: 10713, Epsilon: 0.0100, Buffer: 100000
Episode 275000/500000, Total Reward: 488, Epsilon: 0.0100, Buffer: 100000
Episode 276000/500000, Total Reward: 12656, Epsilon: 0.0100, Buffer: 100000
Episode 277000/500000, Total Reward: 6696, Epsilon: 0.0100, Buffer: 100000
Episode 278000/500000, Total Reward: 12034, Epsilon: 0.0100, Buffer: 100000
Episode 279000/500000, Total Reward: 10945, Epsilon: 0.0100, Buffer: 100000
Episode 280000/500000, Total Reward: 18952, Epsilon: 0.0100, Buffer: 100000
Episode 281000/500000, Total Reward: -3443, Epsilon: 0.0100, Buffer: 100000
Episode 282000/500000, Total Reward: 5302, Epsilon: 0.0100, Buffer: 100000
Episode 283000/500000, Total Reward: 10462, Epsilon: 0.0100, Buffer: 100000
Episode 284000/500000, Total Reward: 10912, Epsilon: 0.0100, Buffer: 100000
Episode 285000/500000, Total Reward: 26939, Epsilon: 0.0100, Buffer: 100000
Episode 286000/500000, Total Reward: 9497, Epsilon: 0.0100, Buffer: 100000
Episode 287000/500000, Total Reward: -4295, Epsilon: 0.0100, Buffer: 100000
Episode 288000/500000, Total Reward: 5084, Epsilon: 0.0100, Buffer: 100000
Episode 289000/500000, Total Reward: 5015, Epsilon: 0.0100, Buffer: 100000
Episode 290000/500000, Total Reward: 5341, Epsilon: 0.0100, Buffer: 100000
Episode 291000/500000, Total Reward: 1019, Epsilon: 0.0100, Buffer: 100000
Episode 292000/500000, Total Reward: -11220, Epsilon: 0.0100, Buffer: 100000
Episode 293000/500000, Total Reward: 16808, Epsilon: 0.0100, Buffer: 100000
Episode 294000/500000, Total Reward: 7424, Epsilon: 0.0100, Buffer: 100000
Episode 295000/500000, Total Reward: 871, Epsilon: 0.0100, Buffer: 100000
Episode 296000/500000, Total Reward: 16453, Epsilon: 0.0100, Buffer: 100000
Episode 297000/500000, Total Reward: -1132, Epsilon: 0.0100, Buffer: 100000
Episode 298000/500000, Total Reward: 14997, Epsilon: 0.0100, Buffer: 100000
Episode 299000/500000, Total Reward: 5177, Epsilon: 0.0100, Buffer: 100000
Episode 300000/500000, Total Reward: 10571, Epsilon: 0.0100, Buffer: 100000
Episode 301000/500000, Total Reward: 8648, Epsilon: 0.0100, Buffer: 100000
Episode 302000/500000, Total Reward: 6308, Epsilon: 0.0100, Buffer: 100000
Episode 303000/500000, Total Reward: 13458, Epsilon: 0.0100, Buffer: 100000
Episode 304000/500000, Total Reward: 1908, Epsilon: 0.0100, Buffer: 100000
Episode 305000/500000, Total Reward: 17131, Epsilon: 0.0100, Buffer: 100000
Episode 306000/500000, Total Reward: 12378, Epsilon: 0.0100, Buffer: 100000
Episode 307000/500000, Total Reward: 906, Epsilon: 0.0100, Buffer: 100000
Episode 308000/500000, Total Reward: 15869, Epsilon: 0.0100, Buffer: 100000
Episode 309000/500000, Total Reward: 8241, Epsilon: 0.0100, Buffer: 100000
Episode 310000/500000, Total Reward: 11547, Epsilon: 0.0100, Buffer: 100000
Episode 311000/500000, Total Reward: 11810, Epsilon: 0.0100, Buffer: 100000
Episode 312000/500000, Total Reward: 12308, Epsilon: 0.0100, Buffer: 100000
Episode 313000/500000, Total Reward: 11689, Epsilon: 0.0100, Buffer: 100000
Episode 314000/500000, Total Reward: -7345, Epsilon: 0.0100, Buffer: 100000
Episode 315000/500000, Total Reward: 5039, Epsilon: 0.0100, Buffer: 100000
Episode 316000/500000, Total Reward: 1278, Epsilon: 0.0100, Buffer: 100000
Episode 317000/500000, Total Reward: 4144, Epsilon: 0.0100, Buffer: 100000
Episode 318000/500000, Total Reward: 1854, Epsilon: 0.0100, Buffer: 100000
Episode 319000/500000, Total Reward: 2679, Epsilon: 0.0100, Buffer: 100000
Episode 320000/500000, Total Reward: 2900, Epsilon: 0.0100, Buffer: 100000
Episode 321000/500000, Total Reward: -126, Epsilon: 0.0100, Buffer: 100000
Episode 322000/500000, Total Reward: 9335, Epsilon: 0.0100, Buffer: 100000
Episode 323000/500000, Total Reward: -3088, Epsilon: 0.0100, Buffer: 100000
Episode 324000/500000, Total Reward: 2871, Epsilon: 0.0100, Buffer: 100000
Episode 325000/500000, Total Reward: -202, Epsilon: 0.0100, Buffer: 100000
Episode 326000/500000, Total Reward: 5946, Epsilon: 0.0100, Buffer: 100000
Episode 327000/500000, Total Reward: 10174, Epsilon: 0.0100, Buffer: 100000
Episode 328000/500000, Total Reward: 4170, Epsilon: 0.0100, Buffer: 100000
Episode 329000/500000, Total Reward: 3152, Epsilon: 0.0100, Buffer: 100000
Episode 330000/500000, Total Reward: 13043, Epsilon: 0.0100, Buffer: 100000
Episode 331000/500000, Total Reward: 14841, Epsilon: 0.0100, Buffer: 100000
Episode 332000/500000, Total Reward: 1008, Epsilon: 0.0100, Buffer: 100000
Episode 333000/500000, Total Reward: 7057, Epsilon: 0.0100, Buffer: 100000
Episode 334000/500000, Total Reward: 24951, Epsilon: 0.0100, Buffer: 100000
Episode 335000/500000, Total Reward: 3430, Epsilon: 0.0100, Buffer: 100000
Episode 336000/500000, Total Reward: 12438, Epsilon: 0.0100, Buffer: 100000
Episode 337000/500000, Total Reward: -1359, Epsilon: 0.0100, Buffer: 100000
Episode 338000/500000, Total Reward: 1766, Epsilon: 0.0100, Buffer: 100000
Episode 339000/500000, Total Reward: 10871, Epsilon: 0.0100, Buffer: 100000
Episode 340000/500000, Total Reward: 3380, Epsilon: 0.0100, Buffer: 100000
Episode 341000/500000, Total Reward: 844, Epsilon: 0.0100, Buffer: 100000
Episode 342000/500000, Total Reward: 5739, Epsilon: 0.0100, Buffer: 100000
Episode 343000/500000, Total Reward: 18894, Epsilon: 0.0100, Buffer: 100000
Episode 344000/500000, Total Reward: 9969, Epsilon: 0.0100, Buffer: 100000
Episode 345000/500000, Total Reward: 9709, Epsilon: 0.0100, Buffer: 100000
Episode 346000/500000, Total Reward: 2613, Epsilon: 0.0100, Buffer: 100000
Episode 347000/500000, Total Reward: 383, Epsilon: 0.0100, Buffer: 100000
Episode 348000/500000, Total Reward: 11258, Epsilon: 0.0100, Buffer: 100000
Episode 349000/500000, Total Reward: 7362, Epsilon: 0.0100, Buffer: 100000
Episode 350000/500000, Total Reward: 13852, Epsilon: 0.0100, Buffer: 100000
Episode 351000/500000, Total Reward: 9896, Epsilon: 0.0100, Buffer: 100000
Episode 352000/500000, Total Reward: 13439, Epsilon: 0.0100, Buffer: 100000
Episode 353000/500000, Total Reward: 11002, Epsilon: 0.0100, Buffer: 100000
Episode 354000/500000, Total Reward: 13020, Epsilon: 0.0100, Buffer: 100000
Episode 355000/500000, Total Reward: 5637, Epsilon: 0.0100, Buffer: 100000
Episode 356000/500000, Total Reward: 9655, Epsilon: 0.0100, Buffer: 100000
Episode 357000/500000, Total Reward: 17523, Epsilon: 0.0100, Buffer: 100000
Episode 358000/500000, Total Reward: 14411, Epsilon: 0.0100, Buffer: 100000
Episode 359000/500000, Total Reward: 18711, Epsilon: 0.0100, Buffer: 100000
Episode 360000/500000, Total Reward: 11640, Epsilon: 0.0100, Buffer: 100000
Episode 361000/500000, Total Reward: 5187, Epsilon: 0.0100, Buffer: 100000
Episode 362000/500000, Total Reward: -1537, Epsilon: 0.0100, Buffer: 100000
Episode 363000/500000, Total Reward: 3461, Epsilon: 0.0100, Buffer: 100000
Episode 364000/500000, Total Reward: 4329, Epsilon: 0.0100, Buffer: 100000
Episode 365000/500000, Total Reward: 9758, Epsilon: 0.0100, Buffer: 100000
Episode 366000/500000, Total Reward: 9667, Epsilon: 0.0100, Buffer: 100000
Episode 367000/500000, Total Reward: 14651, Epsilon: 0.0100, Buffer: 100000
Episode 368000/500000, Total Reward: 7190, Epsilon: 0.0100, Buffer: 100000
Episode 369000/500000, Total Reward: 5243, Epsilon: 0.0100, Buffer: 100000
Episode 370000/500000, Total Reward: 12751, Epsilon: 0.0100, Buffer: 100000
Episode 371000/500000, Total Reward: 18383, Epsilon: 0.0100, Buffer: 100000
Episode 372000/500000, Total Reward: -871, Epsilon: 0.0100, Buffer: 100000
Episode 373000/500000, Total Reward: 9041, Epsilon: 0.0100, Buffer: 100000
Episode 374000/500000, Total Reward: 5322, Epsilon: 0.0100, Buffer: 100000
Episode 375000/500000, Total Reward: 8450, Epsilon: 0.0100, Buffer: 100000
Episode 376000/500000, Total Reward: 14445, Epsilon: 0.0100, Buffer: 100000
Episode 377000/500000, Total Reward: 13396, Epsilon: 0.0100, Buffer: 100000
Episode 378000/500000, Total Reward: 1756, Epsilon: 0.0100, Buffer: 100000
Episode 379000/500000, Total Reward: 8699, Epsilon: 0.0100, Buffer: 100000
Episode 380000/500000, Total Reward: -5669, Epsilon: 0.0100, Buffer: 100000
Episode 381000/500000, Total Reward: 12315, Epsilon: 0.0100, Buffer: 100000
Episode 382000/500000, Total Reward: 6515, Epsilon: 0.0100, Buffer: 100000
Episode 383000/500000, Total Reward: 11738, Epsilon: 0.0100, Buffer: 100000
Episode 384000/500000, Total Reward: -3812, Epsilon: 0.0100, Buffer: 100000
Episode 385000/500000, Total Reward: 9760, Epsilon: 0.0100, Buffer: 100000
Episode 386000/500000, Total Reward: 2303, Epsilon: 0.0100, Buffer: 100000
Episode 387000/500000, Total Reward: 6608, Epsilon: 0.0100, Buffer: 100000
Episode 388000/500000, Total Reward: 1622, Epsilon: 0.0100, Buffer: 100000
Episode 389000/500000, Total Reward: 2542, Epsilon: 0.0100, Buffer: 100000
Episode 390000/500000, Total Reward: 5770, Epsilon: 0.0100, Buffer: 100000
Episode 391000/500000, Total Reward: 15270, Epsilon: 0.0100, Buffer: 100000
Episode 392000/500000, Total Reward: 9874, Epsilon: 0.0100, Buffer: 100000
Episode 393000/500000, Total Reward: -3149, Epsilon: 0.0100, Buffer: 100000
Episode 394000/500000, Total Reward: 17544, Epsilon: 0.0100, Buffer: 100000
Episode 395000/500000, Total Reward: 10914, Epsilon: 0.0100, Buffer: 100000
Episode 396000/500000, Total Reward: -89, Epsilon: 0.0100, Buffer: 100000
Episode 397000/500000, Total Reward: 13934, Epsilon: 0.0100, Buffer: 100000
Episode 398000/500000, Total Reward: 10845, Epsilon: 0.0100, Buffer: 100000
Episode 399000/500000, Total Reward: 13997, Epsilon: 0.0100, Buffer: 100000
Episode 400000/500000, Total Reward: 8578, Epsilon: 0.0100, Buffer: 100000
Episode 401000/500000, Total Reward: 15246, Epsilon: 0.0100, Buffer: 100000
Episode 402000/500000, Total Reward: 16605, Epsilon: 0.0100, Buffer: 100000
Episode 403000/500000, Total Reward: 10842, Epsilon: 0.0100, Buffer: 100000
Episode 404000/500000, Total Reward: 5869, Epsilon: 0.0100, Buffer: 100000
Episode 405000/500000, Total Reward: 5207, Epsilon: 0.0100, Buffer: 100000
Episode 406000/500000, Total Reward: 21072, Epsilon: 0.0100, Buffer: 100000
Episode 407000/500000, Total Reward: 12685, Epsilon: 0.0100, Buffer: 100000
Episode 408000/500000, Total Reward: 15199, Epsilon: 0.0100, Buffer: 100000
Episode 409000/500000, Total Reward: 2038, Epsilon: 0.0100, Buffer: 100000
Episode 410000/500000, Total Reward: 18253, Epsilon: 0.0100, Buffer: 100000
Episode 411000/500000, Total Reward: 7435, Epsilon: 0.0100, Buffer: 100000
Episode 412000/500000, Total Reward: 7592, Epsilon: 0.0100, Buffer: 100000
Episode 413000/500000, Total Reward: 14485, Epsilon: 0.0100, Buffer: 100000
Episode 414000/500000, Total Reward: 16763, Epsilon: 0.0100, Buffer: 100000
Episode 415000/500000, Total Reward: 4185, Epsilon: 0.0100, Buffer: 100000
Episode 416000/500000, Total Reward: 14383, Epsilon: 0.0100, Buffer: 100000
Episode 417000/500000, Total Reward: 8518, Epsilon: 0.0100, Buffer: 100000
Episode 418000/500000, Total Reward: 990, Epsilon: 0.0100, Buffer: 100000
Episode 419000/500000, Total Reward: 15073, Epsilon: 0.0100, Buffer: 100000
Episode 420000/500000, Total Reward: -10974, Epsilon: 0.0100, Buffer: 100000
Episode 421000/500000, Total Reward: 16637, Epsilon: 0.0100, Buffer: 100000
Episode 422000/500000, Total Reward: 18480, Epsilon: 0.0100, Buffer: 100000
Episode 423000/500000, Total Reward: 9208, Epsilon: 0.0100, Buffer: 100000
Episode 424000/500000, Total Reward: 15938, Epsilon: 0.0100, Buffer: 100000
Episode 425000/500000, Total Reward: -7682, Epsilon: 0.0100, Buffer: 100000
Episode 426000/500000, Total Reward: 17290, Epsilon: 0.0100, Buffer: 100000
Episode 427000/500000, Total Reward: 5326, Epsilon: 0.0100, Buffer: 100000
Episode 428000/500000, Total Reward: 7510, Epsilon: 0.0100, Buffer: 100000
Episode 429000/500000, Total Reward: 16791, Epsilon: 0.0100, Buffer: 100000
Episode 430000/500000, Total Reward: 12031, Epsilon: 0.0100, Buffer: 100000
Episode 431000/500000, Total Reward: 15313, Epsilon: 0.0100, Buffer: 100000
Episode 432000/500000, Total Reward: 12151, Epsilon: 0.0100, Buffer: 100000
Episode 433000/500000, Total Reward: 15907, Epsilon: 0.0100, Buffer: 100000
Episode 434000/500000, Total Reward: -352, Epsilon: 0.0100, Buffer: 100000
Episode 435000/500000, Total Reward: 19633, Epsilon: 0.0100, Buffer: 100000
Episode 436000/500000, Total Reward: 15906, Epsilon: 0.0100, Buffer: 100000
Episode 437000/500000, Total Reward: 5640, Epsilon: 0.0100, Buffer: 100000
Episode 438000/500000, Total Reward: 1746, Epsilon: 0.0100, Buffer: 100000
Episode 439000/500000, Total Reward: -302, Epsilon: 0.0100, Buffer: 100000
Episode 440000/500000, Total Reward: 4980, Epsilon: 0.0100, Buffer: 100000
Episode 441000/500000, Total Reward: 13532, Epsilon: 0.0100, Buffer: 100000
Episode 442000/500000, Total Reward: 15292, Epsilon: 0.0100, Buffer: 100000
Episode 443000/500000, Total Reward: 2691, Epsilon: 0.0100, Buffer: 100000
Episode 444000/500000, Total Reward: 9770, Epsilon: 0.0100, Buffer: 100000
Episode 445000/500000, Total Reward: 3327, Epsilon: 0.0100, Buffer: 100000
Episode 446000/500000, Total Reward: 18052, Epsilon: 0.0100, Buffer: 100000
Episode 447000/500000, Total Reward: 6660, Epsilon: 0.0100, Buffer: 100000
Episode 448000/500000, Total Reward: -3907, Epsilon: 0.0100, Buffer: 100000
Episode 449000/500000, Total Reward: 4401, Epsilon: 0.0100, Buffer: 100000
Episode 450000/500000, Total Reward: 10386, Epsilon: 0.0100, Buffer: 100000
Episode 451000/500000, Total Reward: 10208, Epsilon: 0.0100, Buffer: 100000
Episode 452000/500000, Total Reward: 2289, Epsilon: 0.0100, Buffer: 100000
Episode 453000/500000, Total Reward: 7163, Epsilon: 0.0100, Buffer: 100000
Episode 454000/500000, Total Reward: 2890, Epsilon: 0.0100, Buffer: 100000
Episode 455000/500000, Total Reward: 3170, Epsilon: 0.0100, Buffer: 100000
Episode 456000/500000, Total Reward: 7590, Epsilon: 0.0100, Buffer: 100000
Episode 457000/500000, Total Reward: 2745, Epsilon: 0.0100, Buffer: 100000
Episode 458000/500000, Total Reward: 14648, Epsilon: 0.0100, Buffer: 100000
Episode 459000/500000, Total Reward: 16596, Epsilon: 0.0100, Buffer: 100000
Episode 460000/500000, Total Reward: 11847, Epsilon: 0.0100, Buffer: 100000
Episode 461000/500000, Total Reward: 11937, Epsilon: 0.0100, Buffer: 100000
Episode 462000/500000, Total Reward: 120, Epsilon: 0.0100, Buffer: 100000
Episode 463000/500000, Total Reward: 16217, Epsilon: 0.0100, Buffer: 100000
Episode 464000/500000, Total Reward: 790, Epsilon: 0.0100, Buffer: 100000
Episode 465000/500000, Total Reward: -767, Epsilon: 0.0100, Buffer: 100000
Episode 466000/500000, Total Reward: 19364, Epsilon: 0.0100, Buffer: 100000
Episode 467000/500000, Total Reward: -137, Epsilon: 0.0100, Buffer: 100000
Episode 468000/500000, Total Reward: 10927, Epsilon: 0.0100, Buffer: 100000
Episode 469000/500000, Total Reward: -1509, Epsilon: 0.0100, Buffer: 100000
Episode 470000/500000, Total Reward: 12967, Epsilon: 0.0100, Buffer: 100000
Episode 471000/500000, Total Reward: 14734, Epsilon: 0.0100, Buffer: 100000
Episode 472000/500000, Total Reward: 686, Epsilon: 0.0100, Buffer: 100000
Episode 473000/500000, Total Reward: 3408, Epsilon: 0.0100, Buffer: 100000
Episode 474000/500000, Total Reward: 8435, Epsilon: 0.0100, Buffer: 100000
Episode 475000/500000, Total Reward: -119, Epsilon: 0.0100, Buffer: 100000
Episode 476000/500000, Total Reward: 5337, Epsilon: 0.0100, Buffer: 100000
Episode 477000/500000, Total Reward: 14980, Epsilon: 0.0100, Buffer: 100000
Episode 478000/500000, Total Reward: 8124, Epsilon: 0.0100, Buffer: 100000
Episode 479000/500000, Total Reward: 5365, Epsilon: 0.0100, Buffer: 100000
Episode 480000/500000, Total Reward: 20135, Epsilon: 0.0100, Buffer: 100000
Episode 481000/500000, Total Reward: 11845, Epsilon: 0.0100, Buffer: 100000
Episode 482000/500000, Total Reward: 12014, Epsilon: 0.0100, Buffer: 100000
Episode 483000/500000, Total Reward: 11601, Epsilon: 0.0100, Buffer: 100000
Episode 484000/500000, Total Reward: 7226, Epsilon: 0.0100, Buffer: 100000
Episode 485000/500000, Total Reward: 13599, Epsilon: 0.0100, Buffer: 100000
Episode 486000/500000, Total Reward: 4787, Epsilon: 0.0100, Buffer: 100000
Episode 487000/500000, Total Reward: -5917, Epsilon: 0.0100, Buffer: 100000
Episode 488000/500000, Total Reward: 13121, Epsilon: 0.0100, Buffer: 100000
Episode 489000/500000, Total Reward: 10545, Epsilon: 0.0100, Buffer: 100000
Episode 490000/500000, Total Reward: 14478, Epsilon: 0.0100, Buffer: 100000
Episode 491000/500000, Total Reward: 19800, Epsilon: 0.0100, Buffer: 100000
Episode 492000/500000, Total Reward: -3876, Epsilon: 0.0100, Buffer: 100000
Episode 493000/500000, Total Reward: 19209, Epsilon: 0.0100, Buffer: 100000
Episode 494000/500000, Total Reward: 14263, Epsilon: 0.0100, Buffer: 100000
Episode 495000/500000, Total Reward: -824, Epsilon: 0.0100, Buffer: 100000
Episode 496000/500000, Total Reward: 15904, Epsilon: 0.0100, Buffer: 100000
Episode 497000/500000, Total Reward: 6896, Epsilon: 0.0100, Buffer: 100000
Episode 498000/500000, Total Reward: 1633, Epsilon: 0.0100, Buffer: 100000
Episode 499000/500000, Total Reward: 19477, Epsilon: 0.0100, Buffer: 100000
Episode 500000/500000, Total Reward: 13469, Epsilon: 0.0100, Buffer: 100000
Extracting Q-table from DQN for compatibility...
Saved DQN model to outputs/DQN_UB_500k_run3_model.pth
Saved Q-table (for compatibility) to outputs/DQN_UB_500k_run3.pkl

Learned DQN Q-table (sample):
State: (0, 0, 9, 0)
  Action: keep, Q-value: 2096.01
  Action: replace, Q-value: 65.20
State: (1, 1, 0, 0)
  Action: keep, Q-value: 1129.32
  Action: replace, Q-value: 103.84
State: (1, 1, 0, 1)
  Action: keep, Q-value: 714.17
  Action: replace, Q-value: -70.22
State: (1, 2, 0, 0)
  Action: keep, Q-value: 1166.92
  Action: replace, Q-value: 71.47
State: (1, 2, 0, 1)
  Action: keep, Q-value: 626.55
  Action: replace, Q-value: -5.83
State: (1, 3, 0, 0)
  Action: keep, Q-value: 1156.88
  Action: replace, Q-value: 52.72
State: (1, 3, 0, 1)
  Action: keep, Q-value: 620.64
  Action: replace, Q-value: 1.24
State: (1, 4, 0, 0)
  Action: keep, Q-value: 1095.12
  Action: replace, Q-value: 59.41
State: (1, 4, 0, 1)
  Action: keep, Q-value: 585.13
  Action: replace, Q-value: 6.54
State: (1, 4, 1, 0)
  Action: keep, Q-value: 1356.01
  Action: replace, Q-value: 99.38
Total states: 3289

Time taken for training: 108028.33 seconds
Average reward (last 1000 episodes): 9150.01
--- Run ended 2026-02-04 15:31:10 ---
