
--- Run started 2026-01-31 21:04:57 ---

======================================================================
CREATING NEW MODEL
======================================================================

Starting fresh with epsilon: 1.0000
======================================================================

Starting DQN training for 500000 episodes...
Episode 1000/500000, Total Reward: 42732, Epsilon: 0.0100, Buffer: 100000
Episode 2000/500000, Total Reward: 37523, Epsilon: 0.0100, Buffer: 100000
Episode 3000/500000, Total Reward: 48731, Epsilon: 0.0100, Buffer: 100000
Episode 4000/500000, Total Reward: 46063, Epsilon: 0.0100, Buffer: 100000
Episode 5000/500000, Total Reward: 42758, Epsilon: 0.0100, Buffer: 100000
Episode 6000/500000, Total Reward: 41298, Epsilon: 0.0100, Buffer: 100000
Episode 7000/500000, Total Reward: 43468, Epsilon: 0.0100, Buffer: 100000
Episode 8000/500000, Total Reward: 44749, Epsilon: 0.0100, Buffer: 100000
Episode 9000/500000, Total Reward: 41354, Epsilon: 0.0100, Buffer: 100000
Episode 10000/500000, Total Reward: 43510, Epsilon: 0.0100, Buffer: 100000
Episode 11000/500000, Total Reward: 35824, Epsilon: 0.0100, Buffer: 100000
Episode 12000/500000, Total Reward: 46253, Epsilon: 0.0100, Buffer: 100000
Episode 13000/500000, Total Reward: 43585, Epsilon: 0.0100, Buffer: 100000
Episode 14000/500000, Total Reward: 46031, Epsilon: 0.0100, Buffer: 100000
Episode 15000/500000, Total Reward: 40554, Epsilon: 0.0100, Buffer: 100000
Episode 16000/500000, Total Reward: 46689, Epsilon: 0.0100, Buffer: 100000
Episode 17000/500000, Total Reward: 40113, Epsilon: 0.0100, Buffer: 100000
Episode 18000/500000, Total Reward: 50248, Epsilon: 0.0100, Buffer: 100000
Episode 19000/500000, Total Reward: 41650, Epsilon: 0.0100, Buffer: 100000
Episode 20000/500000, Total Reward: 45914, Epsilon: 0.0100, Buffer: 100000
Episode 21000/500000, Total Reward: 44376, Epsilon: 0.0100, Buffer: 100000
Episode 22000/500000, Total Reward: 46325, Epsilon: 0.0100, Buffer: 100000
Episode 23000/500000, Total Reward: 48598, Epsilon: 0.0100, Buffer: 100000
Episode 24000/500000, Total Reward: 47192, Epsilon: 0.0100, Buffer: 100000
Episode 25000/500000, Total Reward: 42776, Epsilon: 0.0100, Buffer: 100000
Episode 26000/500000, Total Reward: 40881, Epsilon: 0.0100, Buffer: 100000
Episode 27000/500000, Total Reward: 40863, Epsilon: 0.0100, Buffer: 100000
Episode 28000/500000, Total Reward: 44534, Epsilon: 0.0100, Buffer: 100000
Episode 29000/500000, Total Reward: 42706, Epsilon: 0.0100, Buffer: 100000
Episode 30000/500000, Total Reward: 43804, Epsilon: 0.0100, Buffer: 100000
Episode 31000/500000, Total Reward: 49631, Epsilon: 0.0100, Buffer: 100000
Episode 32000/500000, Total Reward: 44262, Epsilon: 0.0100, Buffer: 100000
Episode 33000/500000, Total Reward: 45744, Epsilon: 0.0100, Buffer: 100000
Episode 34000/500000, Total Reward: 46898, Epsilon: 0.0100, Buffer: 100000
Episode 35000/500000, Total Reward: 47289, Epsilon: 0.0100, Buffer: 100000
Episode 36000/500000, Total Reward: 51359, Epsilon: 0.0100, Buffer: 100000
Episode 37000/500000, Total Reward: 43623, Epsilon: 0.0100, Buffer: 100000
Episode 38000/500000, Total Reward: 43415, Epsilon: 0.0100, Buffer: 100000
Episode 39000/500000, Total Reward: 43929, Epsilon: 0.0100, Buffer: 100000
Episode 40000/500000, Total Reward: 41197, Epsilon: 0.0100, Buffer: 100000
Episode 41000/500000, Total Reward: 44771, Epsilon: 0.0100, Buffer: 100000
Episode 42000/500000, Total Reward: 40532, Epsilon: 0.0100, Buffer: 100000
Episode 43000/500000, Total Reward: 48318, Epsilon: 0.0100, Buffer: 100000
Episode 44000/500000, Total Reward: 46510, Epsilon: 0.0100, Buffer: 100000
Episode 45000/500000, Total Reward: 41376, Epsilon: 0.0100, Buffer: 100000
Episode 46000/500000, Total Reward: 43478, Epsilon: 0.0100, Buffer: 100000
Episode 47000/500000, Total Reward: 44242, Epsilon: 0.0100, Buffer: 100000
Episode 48000/500000, Total Reward: 48153, Epsilon: 0.0100, Buffer: 100000
Episode 49000/500000, Total Reward: 51052, Epsilon: 0.0100, Buffer: 100000
Episode 50000/500000, Total Reward: 44229, Epsilon: 0.0100, Buffer: 100000
Episode 51000/500000, Total Reward: 41403, Epsilon: 0.0100, Buffer: 100000
Episode 52000/500000, Total Reward: 45118, Epsilon: 0.0100, Buffer: 100000
Episode 53000/500000, Total Reward: 41243, Epsilon: 0.0100, Buffer: 100000
Episode 54000/500000, Total Reward: 38823, Epsilon: 0.0100, Buffer: 100000
Episode 55000/500000, Total Reward: 45720, Epsilon: 0.0100, Buffer: 100000
Episode 56000/500000, Total Reward: 39499, Epsilon: 0.0100, Buffer: 100000
Episode 57000/500000, Total Reward: 40583, Epsilon: 0.0100, Buffer: 100000
Episode 58000/500000, Total Reward: 43874, Epsilon: 0.0100, Buffer: 100000
Episode 59000/500000, Total Reward: 44084, Epsilon: 0.0100, Buffer: 100000
Episode 60000/500000, Total Reward: 45833, Epsilon: 0.0100, Buffer: 100000
Episode 61000/500000, Total Reward: 40691, Epsilon: 0.0100, Buffer: 100000
Episode 62000/500000, Total Reward: 39793, Epsilon: 0.0100, Buffer: 100000
Episode 63000/500000, Total Reward: 40523, Epsilon: 0.0100, Buffer: 100000
Episode 64000/500000, Total Reward: 41294, Epsilon: 0.0100, Buffer: 100000
Episode 65000/500000, Total Reward: 41962, Epsilon: 0.0100, Buffer: 100000
Episode 66000/500000, Total Reward: 45082, Epsilon: 0.0100, Buffer: 100000
Episode 67000/500000, Total Reward: 42825, Epsilon: 0.0100, Buffer: 100000
Episode 68000/500000, Total Reward: 46379, Epsilon: 0.0100, Buffer: 100000
Episode 69000/500000, Total Reward: 49138, Epsilon: 0.0100, Buffer: 100000
Episode 70000/500000, Total Reward: 45439, Epsilon: 0.0100, Buffer: 100000
Episode 71000/500000, Total Reward: 41478, Epsilon: 0.0100, Buffer: 100000
Episode 72000/500000, Total Reward: 40060, Epsilon: 0.0100, Buffer: 100000
Episode 73000/500000, Total Reward: 49112, Epsilon: 0.0100, Buffer: 100000
Episode 74000/500000, Total Reward: 42781, Epsilon: 0.0100, Buffer: 100000
Episode 75000/500000, Total Reward: 42922, Epsilon: 0.0100, Buffer: 100000
Episode 76000/500000, Total Reward: 41247, Epsilon: 0.0100, Buffer: 100000
Episode 77000/500000, Total Reward: 46082, Epsilon: 0.0100, Buffer: 100000
Episode 78000/500000, Total Reward: -67, Epsilon: 0.0100, Buffer: 100000
Episode 79000/500000, Total Reward: 42970, Epsilon: 0.0100, Buffer: 100000
Episode 80000/500000, Total Reward: 43136, Epsilon: 0.0100, Buffer: 100000
Episode 81000/500000, Total Reward: 42839, Epsilon: 0.0100, Buffer: 100000
Episode 82000/500000, Total Reward: 51204, Epsilon: 0.0100, Buffer: 100000
Episode 83000/500000, Total Reward: 49508, Epsilon: 0.0100, Buffer: 100000
Episode 84000/500000, Total Reward: 45833, Epsilon: 0.0100, Buffer: 100000
Episode 85000/500000, Total Reward: 39904, Epsilon: 0.0100, Buffer: 100000
Episode 86000/500000, Total Reward: 40978, Epsilon: 0.0100, Buffer: 100000
Episode 87000/500000, Total Reward: 45413, Epsilon: 0.0100, Buffer: 100000
Episode 88000/500000, Total Reward: 42031, Epsilon: 0.0100, Buffer: 100000
Episode 89000/500000, Total Reward: 44232, Epsilon: 0.0100, Buffer: 100000
Episode 90000/500000, Total Reward: 46036, Epsilon: 0.0100, Buffer: 100000
Episode 91000/500000, Total Reward: 49320, Epsilon: 0.0100, Buffer: 100000
Episode 92000/500000, Total Reward: 45521, Epsilon: 0.0100, Buffer: 100000
Episode 93000/500000, Total Reward: 47410, Epsilon: 0.0100, Buffer: 100000
Episode 94000/500000, Total Reward: 47238, Epsilon: 0.0100, Buffer: 100000
Episode 95000/500000, Total Reward: 40525, Epsilon: 0.0100, Buffer: 100000
Episode 96000/500000, Total Reward: 42972, Epsilon: 0.0100, Buffer: 100000
Episode 97000/500000, Total Reward: 40702, Epsilon: 0.0100, Buffer: 100000
Episode 98000/500000, Total Reward: 38802, Epsilon: 0.0100, Buffer: 100000
Episode 99000/500000, Total Reward: 48186, Epsilon: 0.0100, Buffer: 100000
Episode 100000/500000, Total Reward: 40653, Epsilon: 0.0100, Buffer: 100000
Episode 101000/500000, Total Reward: 50242, Epsilon: 0.0100, Buffer: 100000
Episode 102000/500000, Total Reward: 47462, Epsilon: 0.0100, Buffer: 100000
Episode 103000/500000, Total Reward: 45630, Epsilon: 0.0100, Buffer: 100000
Episode 104000/500000, Total Reward: 41030, Epsilon: 0.0100, Buffer: 100000
Episode 105000/500000, Total Reward: 38452, Epsilon: 0.0100, Buffer: 100000
Episode 106000/500000, Total Reward: 43637, Epsilon: 0.0100, Buffer: 100000
Episode 107000/500000, Total Reward: 43217, Epsilon: 0.0100, Buffer: 100000
Episode 108000/500000, Total Reward: 45683, Epsilon: 0.0100, Buffer: 100000
Episode 109000/500000, Total Reward: 43746, Epsilon: 0.0100, Buffer: 100000
Episode 110000/500000, Total Reward: 45157, Epsilon: 0.0100, Buffer: 100000
Episode 111000/500000, Total Reward: 43063, Epsilon: 0.0100, Buffer: 100000
Episode 112000/500000, Total Reward: 44318, Epsilon: 0.0100, Buffer: 100000
Episode 113000/500000, Total Reward: 45111, Epsilon: 0.0100, Buffer: 100000
Episode 114000/500000, Total Reward: 42523, Epsilon: 0.0100, Buffer: 100000
Episode 115000/500000, Total Reward: 43022, Epsilon: 0.0100, Buffer: 100000
Episode 116000/500000, Total Reward: 45862, Epsilon: 0.0100, Buffer: 100000
Episode 117000/500000, Total Reward: 46598, Epsilon: 0.0100, Buffer: 100000
Episode 118000/500000, Total Reward: 39510, Epsilon: 0.0100, Buffer: 100000
Episode 119000/500000, Total Reward: 42602, Epsilon: 0.0100, Buffer: 100000
Episode 120000/500000, Total Reward: 45629, Epsilon: 0.0100, Buffer: 100000
Episode 121000/500000, Total Reward: 44269, Epsilon: 0.0100, Buffer: 100000
Episode 122000/500000, Total Reward: 46487, Epsilon: 0.0100, Buffer: 100000
Episode 123000/500000, Total Reward: 45009, Epsilon: 0.0100, Buffer: 100000
Episode 124000/500000, Total Reward: 42832, Epsilon: 0.0100, Buffer: 100000
Episode 125000/500000, Total Reward: 46201, Epsilon: 0.0100, Buffer: 100000
Episode 126000/500000, Total Reward: 46608, Epsilon: 0.0100, Buffer: 100000
Episode 127000/500000, Total Reward: 45326, Epsilon: 0.0100, Buffer: 100000
Episode 128000/500000, Total Reward: 47647, Epsilon: 0.0100, Buffer: 100000
Episode 129000/500000, Total Reward: 44519, Epsilon: 0.0100, Buffer: 100000
Episode 130000/500000, Total Reward: 41899, Epsilon: 0.0100, Buffer: 100000
Episode 131000/500000, Total Reward: 47881, Epsilon: 0.0100, Buffer: 100000
Episode 132000/500000, Total Reward: 46312, Epsilon: 0.0100, Buffer: 100000
Episode 133000/500000, Total Reward: 40578, Epsilon: 0.0100, Buffer: 100000
Episode 134000/500000, Total Reward: 46640, Epsilon: 0.0100, Buffer: 100000
Episode 135000/500000, Total Reward: 44250, Epsilon: 0.0100, Buffer: 100000
Episode 136000/500000, Total Reward: 41662, Epsilon: 0.0100, Buffer: 100000
Episode 137000/500000, Total Reward: 46877, Epsilon: 0.0100, Buffer: 100000
Episode 138000/500000, Total Reward: 35416, Epsilon: 0.0100, Buffer: 100000
Episode 139000/500000, Total Reward: 42236, Epsilon: 0.0100, Buffer: 100000
Episode 140000/500000, Total Reward: 43772, Epsilon: 0.0100, Buffer: 100000
Episode 141000/500000, Total Reward: 44982, Epsilon: 0.0100, Buffer: 100000
Episode 142000/500000, Total Reward: 51501, Epsilon: 0.0100, Buffer: 100000
Episode 143000/500000, Total Reward: 43350, Epsilon: 0.0100, Buffer: 100000
Episode 144000/500000, Total Reward: 48148, Epsilon: 0.0100, Buffer: 100000
Episode 145000/500000, Total Reward: 40493, Epsilon: 0.0100, Buffer: 100000
Episode 146000/500000, Total Reward: 43555, Epsilon: 0.0100, Buffer: 100000
Episode 147000/500000, Total Reward: 37439, Epsilon: 0.0100, Buffer: 100000
Episode 148000/500000, Total Reward: 49735, Epsilon: 0.0100, Buffer: 100000
Episode 149000/500000, Total Reward: 44498, Epsilon: 0.0100, Buffer: 100000
Episode 150000/500000, Total Reward: 46803, Epsilon: 0.0100, Buffer: 100000
Episode 151000/500000, Total Reward: 47269, Epsilon: 0.0100, Buffer: 100000
Episode 152000/500000, Total Reward: 41155, Epsilon: 0.0100, Buffer: 100000
Episode 153000/500000, Total Reward: 48703, Epsilon: 0.0100, Buffer: 100000
Episode 154000/500000, Total Reward: 42369, Epsilon: 0.0100, Buffer: 100000
Episode 155000/500000, Total Reward: 48276, Epsilon: 0.0100, Buffer: 100000
Episode 156000/500000, Total Reward: 49300, Epsilon: 0.0100, Buffer: 100000
Episode 157000/500000, Total Reward: 41783, Epsilon: 0.0100, Buffer: 100000
Episode 158000/500000, Total Reward: 46843, Epsilon: 0.0100, Buffer: 100000
Episode 159000/500000, Total Reward: 44399, Epsilon: 0.0100, Buffer: 100000
Episode 160000/500000, Total Reward: 42882, Epsilon: 0.0100, Buffer: 100000
Episode 161000/500000, Total Reward: 49369, Epsilon: 0.0100, Buffer: 100000
Episode 162000/500000, Total Reward: 37387, Epsilon: 0.0100, Buffer: 100000
Episode 163000/500000, Total Reward: 46287, Epsilon: 0.0100, Buffer: 100000
Episode 164000/500000, Total Reward: 41475, Epsilon: 0.0100, Buffer: 100000
Episode 165000/500000, Total Reward: 46610, Epsilon: 0.0100, Buffer: 100000
Episode 166000/500000, Total Reward: 35900, Epsilon: 0.0100, Buffer: 100000
Episode 167000/500000, Total Reward: 41941, Epsilon: 0.0100, Buffer: 100000
Episode 168000/500000, Total Reward: 47185, Epsilon: 0.0100, Buffer: 100000
Episode 169000/500000, Total Reward: 44811, Epsilon: 0.0100, Buffer: 100000
Episode 170000/500000, Total Reward: 45979, Epsilon: 0.0100, Buffer: 100000
Episode 171000/500000, Total Reward: 40821, Epsilon: 0.0100, Buffer: 100000
Episode 172000/500000, Total Reward: 51167, Epsilon: 0.0100, Buffer: 100000
Episode 173000/500000, Total Reward: 43814, Epsilon: 0.0100, Buffer: 100000
Episode 174000/500000, Total Reward: 51468, Epsilon: 0.0100, Buffer: 100000
Episode 175000/500000, Total Reward: 44718, Epsilon: 0.0100, Buffer: 100000
Episode 176000/500000, Total Reward: 42485, Epsilon: 0.0100, Buffer: 100000
Episode 177000/500000, Total Reward: 41254, Epsilon: 0.0100, Buffer: 100000
Episode 178000/500000, Total Reward: 42188, Epsilon: 0.0100, Buffer: 100000
Episode 179000/500000, Total Reward: 41652, Epsilon: 0.0100, Buffer: 100000
Episode 180000/500000, Total Reward: 48327, Epsilon: 0.0100, Buffer: 100000
Episode 181000/500000, Total Reward: 48752, Epsilon: 0.0100, Buffer: 100000
Episode 182000/500000, Total Reward: 51160, Epsilon: 0.0100, Buffer: 100000
Episode 183000/500000, Total Reward: 44075, Epsilon: 0.0100, Buffer: 100000
Episode 184000/500000, Total Reward: 44323, Epsilon: 0.0100, Buffer: 100000
Episode 185000/500000, Total Reward: 49513, Epsilon: 0.0100, Buffer: 100000
Episode 186000/500000, Total Reward: 48433, Epsilon: 0.0100, Buffer: 100000
Episode 187000/500000, Total Reward: 37809, Epsilon: 0.0100, Buffer: 100000
Episode 188000/500000, Total Reward: 47081, Epsilon: 0.0100, Buffer: 100000
Episode 189000/500000, Total Reward: 45212, Epsilon: 0.0100, Buffer: 100000
Episode 190000/500000, Total Reward: 44197, Epsilon: 0.0100, Buffer: 100000
Episode 191000/500000, Total Reward: 45639, Epsilon: 0.0100, Buffer: 100000
Episode 192000/500000, Total Reward: 47729, Epsilon: 0.0100, Buffer: 100000
Episode 193000/500000, Total Reward: 45393, Epsilon: 0.0100, Buffer: 100000
Episode 194000/500000, Total Reward: 42928, Epsilon: 0.0100, Buffer: 100000
Episode 195000/500000, Total Reward: 43921, Epsilon: 0.0100, Buffer: 100000
Episode 196000/500000, Total Reward: 40027, Epsilon: 0.0100, Buffer: 100000
Episode 197000/500000, Total Reward: 43099, Epsilon: 0.0100, Buffer: 100000
Episode 198000/500000, Total Reward: 40403, Epsilon: 0.0100, Buffer: 100000
Episode 199000/500000, Total Reward: 48189, Epsilon: 0.0100, Buffer: 100000
Episode 200000/500000, Total Reward: 44424, Epsilon: 0.0100, Buffer: 100000
Episode 201000/500000, Total Reward: 38569, Epsilon: 0.0100, Buffer: 100000
Episode 202000/500000, Total Reward: 50746, Epsilon: 0.0100, Buffer: 100000
Episode 203000/500000, Total Reward: 48692, Epsilon: 0.0100, Buffer: 100000
Episode 204000/500000, Total Reward: 47877, Epsilon: 0.0100, Buffer: 100000
Episode 205000/500000, Total Reward: 47236, Epsilon: 0.0100, Buffer: 100000
Episode 206000/500000, Total Reward: 41692, Epsilon: 0.0100, Buffer: 100000
Episode 207000/500000, Total Reward: 46051, Epsilon: 0.0100, Buffer: 100000
Episode 208000/500000, Total Reward: 37872, Epsilon: 0.0100, Buffer: 100000
Episode 209000/500000, Total Reward: 43046, Epsilon: 0.0100, Buffer: 100000
Episode 210000/500000, Total Reward: 38862, Epsilon: 0.0100, Buffer: 100000
Episode 211000/500000, Total Reward: 41564, Epsilon: 0.0100, Buffer: 100000
Episode 212000/500000, Total Reward: 43295, Epsilon: 0.0100, Buffer: 100000
Episode 213000/500000, Total Reward: 42338, Epsilon: 0.0100, Buffer: 100000
Episode 214000/500000, Total Reward: 45436, Epsilon: 0.0100, Buffer: 100000
Episode 215000/500000, Total Reward: 47369, Epsilon: 0.0100, Buffer: 100000
Episode 216000/500000, Total Reward: 43506, Epsilon: 0.0100, Buffer: 100000
Episode 217000/500000, Total Reward: 44228, Epsilon: 0.0100, Buffer: 100000
Episode 218000/500000, Total Reward: 39876, Epsilon: 0.0100, Buffer: 100000
Episode 219000/500000, Total Reward: 48471, Epsilon: 0.0100, Buffer: 100000
Episode 220000/500000, Total Reward: 41120, Epsilon: 0.0100, Buffer: 100000
Episode 221000/500000, Total Reward: 40081, Epsilon: 0.0100, Buffer: 100000
Episode 222000/500000, Total Reward: 48684, Epsilon: 0.0100, Buffer: 100000
Episode 223000/500000, Total Reward: 39965, Epsilon: 0.0100, Buffer: 100000
Episode 224000/500000, Total Reward: 42416, Epsilon: 0.0100, Buffer: 100000
Episode 225000/500000, Total Reward: 48447, Epsilon: 0.0100, Buffer: 100000
Episode 226000/500000, Total Reward: 42652, Epsilon: 0.0100, Buffer: 100000
Episode 227000/500000, Total Reward: 42570, Epsilon: 0.0100, Buffer: 100000
Episode 228000/500000, Total Reward: 43536, Epsilon: 0.0100, Buffer: 100000
Episode 229000/500000, Total Reward: 37449, Epsilon: 0.0100, Buffer: 100000
Episode 230000/500000, Total Reward: 49851, Epsilon: 0.0100, Buffer: 100000
Episode 231000/500000, Total Reward: 42403, Epsilon: 0.0100, Buffer: 100000
Episode 232000/500000, Total Reward: 47286, Epsilon: 0.0100, Buffer: 100000
Episode 233000/500000, Total Reward: 41800, Epsilon: 0.0100, Buffer: 100000
Episode 234000/500000, Total Reward: 50609, Epsilon: 0.0100, Buffer: 100000
Episode 235000/500000, Total Reward: 50055, Epsilon: 0.0100, Buffer: 100000
Episode 236000/500000, Total Reward: 41994, Epsilon: 0.0100, Buffer: 100000
Episode 237000/500000, Total Reward: 47838, Epsilon: 0.0100, Buffer: 100000
Episode 238000/500000, Total Reward: 43649, Epsilon: 0.0100, Buffer: 100000
Episode 239000/500000, Total Reward: 50457, Epsilon: 0.0100, Buffer: 100000
Episode 240000/500000, Total Reward: 48471, Epsilon: 0.0100, Buffer: 100000
Episode 241000/500000, Total Reward: 44370, Epsilon: 0.0100, Buffer: 100000
Episode 242000/500000, Total Reward: 37371, Epsilon: 0.0100, Buffer: 100000
Episode 243000/500000, Total Reward: 43685, Epsilon: 0.0100, Buffer: 100000
Episode 244000/500000, Total Reward: 40966, Epsilon: 0.0100, Buffer: 100000
Episode 245000/500000, Total Reward: 42973, Epsilon: 0.0100, Buffer: 100000
Episode 246000/500000, Total Reward: 43063, Epsilon: 0.0100, Buffer: 100000
Episode 247000/500000, Total Reward: 45491, Epsilon: 0.0100, Buffer: 100000
Episode 248000/500000, Total Reward: 43236, Epsilon: 0.0100, Buffer: 100000
Episode 249000/500000, Total Reward: 43051, Epsilon: 0.0100, Buffer: 100000
Episode 250000/500000, Total Reward: 46844, Epsilon: 0.0100, Buffer: 100000
Episode 251000/500000, Total Reward: 42902, Epsilon: 0.0100, Buffer: 100000
Episode 252000/500000, Total Reward: 43700, Epsilon: 0.0100, Buffer: 100000
Episode 253000/500000, Total Reward: 46201, Epsilon: 0.0100, Buffer: 100000
Episode 254000/500000, Total Reward: 40538, Epsilon: 0.0100, Buffer: 100000
Episode 255000/500000, Total Reward: 43203, Epsilon: 0.0100, Buffer: 100000
Episode 256000/500000, Total Reward: 44384, Epsilon: 0.0100, Buffer: 100000
Episode 257000/500000, Total Reward: 44255, Epsilon: 0.0100, Buffer: 100000
Episode 258000/500000, Total Reward: 49526, Epsilon: 0.0100, Buffer: 100000
Episode 259000/500000, Total Reward: 49830, Epsilon: 0.0100, Buffer: 100000
Episode 260000/500000, Total Reward: 44510, Epsilon: 0.0100, Buffer: 100000
Episode 261000/500000, Total Reward: 44279, Epsilon: 0.0100, Buffer: 100000
Episode 262000/500000, Total Reward: 47689, Epsilon: 0.0100, Buffer: 100000
Episode 263000/500000, Total Reward: 48284, Epsilon: 0.0100, Buffer: 100000
Episode 264000/500000, Total Reward: 48292, Epsilon: 0.0100, Buffer: 100000
Episode 265000/500000, Total Reward: 43929, Epsilon: 0.0100, Buffer: 100000
Episode 266000/500000, Total Reward: 43133, Epsilon: 0.0100, Buffer: 100000
Episode 267000/500000, Total Reward: 44320, Epsilon: 0.0100, Buffer: 100000
Episode 268000/500000, Total Reward: -67, Epsilon: 0.0100, Buffer: 100000
Episode 269000/500000, Total Reward: 44408, Epsilon: 0.0100, Buffer: 100000
Episode 270000/500000, Total Reward: 40643, Epsilon: 0.0100, Buffer: 100000
Episode 271000/500000, Total Reward: 46210, Epsilon: 0.0100, Buffer: 100000
Episode 272000/500000, Total Reward: 50300, Epsilon: 0.0100, Buffer: 100000
Episode 273000/500000, Total Reward: 48531, Epsilon: 0.0100, Buffer: 100000
Episode 274000/500000, Total Reward: 35620, Epsilon: 0.0100, Buffer: 100000
Episode 275000/500000, Total Reward: 45465, Epsilon: 0.0100, Buffer: 100000
Episode 276000/500000, Total Reward: 49125, Epsilon: 0.0100, Buffer: 100000
Episode 277000/500000, Total Reward: 45212, Epsilon: 0.0100, Buffer: 100000
Episode 278000/500000, Total Reward: 42716, Epsilon: 0.0100, Buffer: 100000
Episode 279000/500000, Total Reward: 46718, Epsilon: 0.0100, Buffer: 100000
Episode 280000/500000, Total Reward: 38321, Epsilon: 0.0100, Buffer: 100000
Episode 281000/500000, Total Reward: 46179, Epsilon: 0.0100, Buffer: 100000
Episode 282000/500000, Total Reward: 45338, Epsilon: 0.0100, Buffer: 100000
Episode 283000/500000, Total Reward: 39851, Epsilon: 0.0100, Buffer: 100000
Episode 284000/500000, Total Reward: 37817, Epsilon: 0.0100, Buffer: 100000
Episode 285000/500000, Total Reward: 45222, Epsilon: 0.0100, Buffer: 100000
Episode 286000/500000, Total Reward: 38855, Epsilon: 0.0100, Buffer: 100000
Episode 287000/500000, Total Reward: 35582, Epsilon: 0.0100, Buffer: 100000
Episode 288000/500000, Total Reward: 45069, Epsilon: 0.0100, Buffer: 100000
Episode 289000/500000, Total Reward: 46012, Epsilon: 0.0100, Buffer: 100000
Episode 290000/500000, Total Reward: 48132, Epsilon: 0.0100, Buffer: 100000
Episode 291000/500000, Total Reward: 39566, Epsilon: 0.0100, Buffer: 100000
Episode 292000/500000, Total Reward: 45568, Epsilon: 0.0100, Buffer: 100000
Episode 293000/500000, Total Reward: 42860, Epsilon: 0.0100, Buffer: 100000
Episode 294000/500000, Total Reward: 40384, Epsilon: 0.0100, Buffer: 100000
Episode 295000/500000, Total Reward: 44856, Epsilon: 0.0100, Buffer: 100000
Episode 296000/500000, Total Reward: 43157, Epsilon: 0.0100, Buffer: 100000
Episode 297000/500000, Total Reward: 41893, Epsilon: 0.0100, Buffer: 100000
Episode 298000/500000, Total Reward: 41084, Epsilon: 0.0100, Buffer: 100000
Episode 299000/500000, Total Reward: 44036, Epsilon: 0.0100, Buffer: 100000
Episode 300000/500000, Total Reward: 42218, Epsilon: 0.0100, Buffer: 100000
Episode 301000/500000, Total Reward: 48881, Epsilon: 0.0100, Buffer: 100000
Episode 302000/500000, Total Reward: 42897, Epsilon: 0.0100, Buffer: 100000
Episode 303000/500000, Total Reward: 41444, Epsilon: 0.0100, Buffer: 100000
Episode 304000/500000, Total Reward: 42596, Epsilon: 0.0100, Buffer: 100000
Episode 305000/500000, Total Reward: 40368, Epsilon: 0.0100, Buffer: 100000
Episode 306000/500000, Total Reward: 47462, Epsilon: 0.0100, Buffer: 100000
Episode 307000/500000, Total Reward: 39838, Epsilon: 0.0100, Buffer: 100000
Episode 308000/500000, Total Reward: 42653, Epsilon: 0.0100, Buffer: 100000
Episode 309000/500000, Total Reward: 45549, Epsilon: 0.0100, Buffer: 100000
Episode 310000/500000, Total Reward: 47009, Epsilon: 0.0100, Buffer: 100000
Episode 311000/500000, Total Reward: 44081, Epsilon: 0.0100, Buffer: 100000
Episode 312000/500000, Total Reward: 38128, Epsilon: 0.0100, Buffer: 100000
Episode 313000/500000, Total Reward: 42914, Epsilon: 0.0100, Buffer: 100000
Episode 314000/500000, Total Reward: 48289, Epsilon: 0.0100, Buffer: 100000
Episode 315000/500000, Total Reward: 41611, Epsilon: 0.0100, Buffer: 100000
Episode 316000/500000, Total Reward: 45182, Epsilon: 0.0100, Buffer: 100000
Episode 317000/500000, Total Reward: 36068, Epsilon: 0.0100, Buffer: 100000
Episode 318000/500000, Total Reward: 45222, Epsilon: 0.0100, Buffer: 100000
Episode 319000/500000, Total Reward: 45657, Epsilon: 0.0100, Buffer: 100000
Episode 320000/500000, Total Reward: 39923, Epsilon: 0.0100, Buffer: 100000
Episode 321000/500000, Total Reward: 37950, Epsilon: 0.0100, Buffer: 100000
Episode 322000/500000, Total Reward: 48962, Epsilon: 0.0100, Buffer: 100000
Episode 323000/500000, Total Reward: 41682, Epsilon: 0.0100, Buffer: 100000
Episode 324000/500000, Total Reward: 45956, Epsilon: 0.0100, Buffer: 100000
Episode 325000/500000, Total Reward: 37649, Epsilon: 0.0100, Buffer: 100000
Episode 326000/500000, Total Reward: 45012, Epsilon: 0.0100, Buffer: 100000
Episode 327000/500000, Total Reward: 39619, Epsilon: 0.0100, Buffer: 100000
Episode 328000/500000, Total Reward: 40182, Epsilon: 0.0100, Buffer: 100000
Episode 329000/500000, Total Reward: 44145, Epsilon: 0.0100, Buffer: 100000
Episode 330000/500000, Total Reward: 36048, Epsilon: 0.0100, Buffer: 100000
Episode 331000/500000, Total Reward: 48159, Epsilon: 0.0100, Buffer: 100000
Episode 332000/500000, Total Reward: 46846, Epsilon: 0.0100, Buffer: 100000
Episode 333000/500000, Total Reward: 46988, Epsilon: 0.0100, Buffer: 100000
Episode 334000/500000, Total Reward: 42614, Epsilon: 0.0100, Buffer: 100000
Episode 335000/500000, Total Reward: 40866, Epsilon: 0.0100, Buffer: 100000
Episode 336000/500000, Total Reward: 48367, Epsilon: 0.0100, Buffer: 100000
Episode 337000/500000, Total Reward: 34914, Epsilon: 0.0100, Buffer: 100000
Episode 338000/500000, Total Reward: 40484, Epsilon: 0.0100, Buffer: 100000
Episode 339000/500000, Total Reward: 46311, Epsilon: 0.0100, Buffer: 100000
Episode 340000/500000, Total Reward: 39145, Epsilon: 0.0100, Buffer: 100000
Episode 341000/500000, Total Reward: 47938, Epsilon: 0.0100, Buffer: 100000
Episode 342000/500000, Total Reward: 47272, Epsilon: 0.0100, Buffer: 100000
Episode 343000/500000, Total Reward: 38527, Epsilon: 0.0100, Buffer: 100000
Episode 344000/500000, Total Reward: 42402, Epsilon: 0.0100, Buffer: 100000
Episode 345000/500000, Total Reward: 42411, Epsilon: 0.0100, Buffer: 100000
Episode 346000/500000, Total Reward: 41886, Epsilon: 0.0100, Buffer: 100000
Episode 347000/500000, Total Reward: 42927, Epsilon: 0.0100, Buffer: 100000
Episode 348000/500000, Total Reward: 46491, Epsilon: 0.0100, Buffer: 100000
Episode 349000/500000, Total Reward: 49740, Epsilon: 0.0100, Buffer: 100000
Episode 350000/500000, Total Reward: 43539, Epsilon: 0.0100, Buffer: 100000
Episode 351000/500000, Total Reward: 41882, Epsilon: 0.0100, Buffer: 100000
Episode 352000/500000, Total Reward: 45677, Epsilon: 0.0100, Buffer: 100000
Episode 353000/500000, Total Reward: 42088, Epsilon: 0.0100, Buffer: 100000
Episode 354000/500000, Total Reward: 47386, Epsilon: 0.0100, Buffer: 100000
Episode 355000/500000, Total Reward: 44804, Epsilon: 0.0100, Buffer: 100000
Episode 356000/500000, Total Reward: 44330, Epsilon: 0.0100, Buffer: 100000
Episode 357000/500000, Total Reward: 42953, Epsilon: 0.0100, Buffer: 100000
Episode 358000/500000, Total Reward: 41629, Epsilon: 0.0100, Buffer: 100000
Episode 359000/500000, Total Reward: 39247, Epsilon: 0.0100, Buffer: 100000
Episode 360000/500000, Total Reward: 40432, Epsilon: 0.0100, Buffer: 100000
Episode 361000/500000, Total Reward: 44740, Epsilon: 0.0100, Buffer: 100000
Episode 362000/500000, Total Reward: 45510, Epsilon: 0.0100, Buffer: 100000
Episode 363000/500000, Total Reward: 44470, Epsilon: 0.0100, Buffer: 100000
Episode 364000/500000, Total Reward: 48719, Epsilon: 0.0100, Buffer: 100000
Episode 365000/500000, Total Reward: 51093, Epsilon: 0.0100, Buffer: 100000
Episode 366000/500000, Total Reward: 40222, Epsilon: 0.0100, Buffer: 100000
Episode 367000/500000, Total Reward: 45350, Epsilon: 0.0100, Buffer: 100000
Episode 368000/500000, Total Reward: 47332, Epsilon: 0.0100, Buffer: 100000
Episode 369000/500000, Total Reward: 52881, Epsilon: 0.0100, Buffer: 100000
Episode 370000/500000, Total Reward: 41308, Epsilon: 0.0100, Buffer: 100000
Episode 371000/500000, Total Reward: 43395, Epsilon: 0.0100, Buffer: 100000
Episode 372000/500000, Total Reward: 42966, Epsilon: 0.0100, Buffer: 100000
Episode 373000/500000, Total Reward: 40220, Epsilon: 0.0100, Buffer: 100000
Episode 374000/500000, Total Reward: 44350, Epsilon: 0.0100, Buffer: 100000
Episode 375000/500000, Total Reward: 42138, Epsilon: 0.0100, Buffer: 100000
Episode 376000/500000, Total Reward: 47021, Epsilon: 0.0100, Buffer: 100000
Episode 377000/500000, Total Reward: 41927, Epsilon: 0.0100, Buffer: 100000
Episode 378000/500000, Total Reward: 41743, Epsilon: 0.0100, Buffer: 100000
Episode 379000/500000, Total Reward: 45056, Epsilon: 0.0100, Buffer: 100000
Episode 380000/500000, Total Reward: 41994, Epsilon: 0.0100, Buffer: 100000
Episode 381000/500000, Total Reward: 36553, Epsilon: 0.0100, Buffer: 100000
Episode 382000/500000, Total Reward: 44776, Epsilon: 0.0100, Buffer: 100000
Episode 383000/500000, Total Reward: 50562, Epsilon: 0.0100, Buffer: 100000
Episode 384000/500000, Total Reward: 42066, Epsilon: 0.0100, Buffer: 100000
Episode 385000/500000, Total Reward: 42183, Epsilon: 0.0100, Buffer: 100000
Episode 386000/500000, Total Reward: 37055, Epsilon: 0.0100, Buffer: 100000
Episode 387000/500000, Total Reward: 41406, Epsilon: 0.0100, Buffer: 100000
Episode 388000/500000, Total Reward: 45551, Epsilon: 0.0100, Buffer: 100000
Episode 389000/500000, Total Reward: 44934, Epsilon: 0.0100, Buffer: 100000
Episode 390000/500000, Total Reward: 42800, Epsilon: 0.0100, Buffer: 100000
Episode 391000/500000, Total Reward: 44580, Epsilon: 0.0100, Buffer: 100000
Episode 392000/500000, Total Reward: 41068, Epsilon: 0.0100, Buffer: 100000
Episode 393000/500000, Total Reward: 8992, Epsilon: 0.0100, Buffer: 100000
Episode 394000/500000, Total Reward: 44112, Epsilon: 0.0100, Buffer: 100000
Episode 395000/500000, Total Reward: 41369, Epsilon: 0.0100, Buffer: 100000
Episode 396000/500000, Total Reward: 50709, Epsilon: 0.0100, Buffer: 100000
Episode 397000/500000, Total Reward: 42209, Epsilon: 0.0100, Buffer: 100000
Episode 398000/500000, Total Reward: 45136, Epsilon: 0.0100, Buffer: 100000
Episode 399000/500000, Total Reward: 47903, Epsilon: 0.0100, Buffer: 100000
Episode 400000/500000, Total Reward: 50071, Epsilon: 0.0100, Buffer: 100000
Episode 401000/500000, Total Reward: 40863, Epsilon: 0.0100, Buffer: 100000
Episode 402000/500000, Total Reward: 49304, Epsilon: 0.0100, Buffer: 100000
Episode 403000/500000, Total Reward: 47266, Epsilon: 0.0100, Buffer: 100000
Episode 404000/500000, Total Reward: 47989, Epsilon: 0.0100, Buffer: 100000
Episode 405000/500000, Total Reward: 43650, Epsilon: 0.0100, Buffer: 100000
Episode 406000/500000, Total Reward: 48989, Epsilon: 0.0100, Buffer: 100000
Episode 407000/500000, Total Reward: 46751, Epsilon: 0.0100, Buffer: 100000
Episode 408000/500000, Total Reward: 41497, Epsilon: 0.0100, Buffer: 100000
Episode 409000/500000, Total Reward: 46421, Epsilon: 0.0100, Buffer: 100000
Episode 410000/500000, Total Reward: 44028, Epsilon: 0.0100, Buffer: 100000
Episode 411000/500000, Total Reward: 45249, Epsilon: 0.0100, Buffer: 100000
Episode 412000/500000, Total Reward: 48134, Epsilon: 0.0100, Buffer: 100000
Episode 413000/500000, Total Reward: 45818, Epsilon: 0.0100, Buffer: 100000
Episode 414000/500000, Total Reward: 42209, Epsilon: 0.0100, Buffer: 100000
Episode 415000/500000, Total Reward: 39785, Epsilon: 0.0100, Buffer: 100000
Episode 416000/500000, Total Reward: 47520, Epsilon: 0.0100, Buffer: 100000
Episode 417000/500000, Total Reward: 44380, Epsilon: 0.0100, Buffer: 100000
Episode 418000/500000, Total Reward: 39323, Epsilon: 0.0100, Buffer: 100000
Episode 419000/500000, Total Reward: 38094, Epsilon: 0.0100, Buffer: 100000
Episode 420000/500000, Total Reward: 46571, Epsilon: 0.0100, Buffer: 100000
Episode 421000/500000, Total Reward: 42343, Epsilon: 0.0100, Buffer: 100000
Episode 422000/500000, Total Reward: 42548, Epsilon: 0.0100, Buffer: 100000
Episode 423000/500000, Total Reward: 46369, Epsilon: 0.0100, Buffer: 100000
Episode 424000/500000, Total Reward: 52034, Epsilon: 0.0100, Buffer: 100000
Episode 425000/500000, Total Reward: 41041, Epsilon: 0.0100, Buffer: 100000
Episode 426000/500000, Total Reward: 44022, Epsilon: 0.0100, Buffer: 100000
Episode 427000/500000, Total Reward: 40406, Epsilon: 0.0100, Buffer: 100000
Episode 428000/500000, Total Reward: 42593, Epsilon: 0.0100, Buffer: 100000
Episode 429000/500000, Total Reward: 44543, Epsilon: 0.0100, Buffer: 100000
Episode 430000/500000, Total Reward: 46145, Epsilon: 0.0100, Buffer: 100000
Episode 431000/500000, Total Reward: 42458, Epsilon: 0.0100, Buffer: 100000
Episode 432000/500000, Total Reward: 44448, Epsilon: 0.0100, Buffer: 100000
Episode 433000/500000, Total Reward: 46934, Epsilon: 0.0100, Buffer: 100000
Episode 434000/500000, Total Reward: 42751, Epsilon: 0.0100, Buffer: 100000
Episode 435000/500000, Total Reward: 45339, Epsilon: 0.0100, Buffer: 100000
Episode 436000/500000, Total Reward: 43716, Epsilon: 0.0100, Buffer: 100000
Episode 437000/500000, Total Reward: 50026, Epsilon: 0.0100, Buffer: 100000
Episode 438000/500000, Total Reward: 47680, Epsilon: 0.0100, Buffer: 100000
Episode 439000/500000, Total Reward: 48061, Epsilon: 0.0100, Buffer: 100000
Episode 440000/500000, Total Reward: 50189, Epsilon: 0.0100, Buffer: 100000
Episode 441000/500000, Total Reward: 51805, Epsilon: 0.0100, Buffer: 100000
Episode 442000/500000, Total Reward: 44094, Epsilon: 0.0100, Buffer: 100000
Episode 443000/500000, Total Reward: 40786, Epsilon: 0.0100, Buffer: 100000
Episode 444000/500000, Total Reward: 40839, Epsilon: 0.0100, Buffer: 100000
Episode 445000/500000, Total Reward: 45891, Epsilon: 0.0100, Buffer: 100000
Episode 446000/500000, Total Reward: 48050, Epsilon: 0.0100, Buffer: 100000
Episode 447000/500000, Total Reward: 43624, Epsilon: 0.0100, Buffer: 100000
Episode 448000/500000, Total Reward: 38873, Epsilon: 0.0100, Buffer: 100000
Episode 449000/500000, Total Reward: 44000, Epsilon: 0.0100, Buffer: 100000
Episode 450000/500000, Total Reward: 40950, Epsilon: 0.0100, Buffer: 100000
Episode 451000/500000, Total Reward: 48308, Epsilon: 0.0100, Buffer: 100000
Episode 452000/500000, Total Reward: 39386, Epsilon: 0.0100, Buffer: 100000
Episode 453000/500000, Total Reward: 40592, Epsilon: 0.0100, Buffer: 100000
Episode 454000/500000, Total Reward: 39320, Epsilon: 0.0100, Buffer: 100000
Episode 455000/500000, Total Reward: 45724, Epsilon: 0.0100, Buffer: 100000
Episode 456000/500000, Total Reward: 48284, Epsilon: 0.0100, Buffer: 100000
Episode 457000/500000, Total Reward: 45516, Epsilon: 0.0100, Buffer: 100000
Episode 458000/500000, Total Reward: 47105, Epsilon: 0.0100, Buffer: 100000
Episode 459000/500000, Total Reward: 47863, Epsilon: 0.0100, Buffer: 100000
Episode 460000/500000, Total Reward: 44380, Epsilon: 0.0100, Buffer: 100000
Episode 461000/500000, Total Reward: 43082, Epsilon: 0.0100, Buffer: 100000
Episode 462000/500000, Total Reward: 43297, Epsilon: 0.0100, Buffer: 100000
Episode 463000/500000, Total Reward: 48806, Epsilon: 0.0100, Buffer: 100000
Episode 464000/500000, Total Reward: 47281, Epsilon: 0.0100, Buffer: 100000
Episode 465000/500000, Total Reward: 48427, Epsilon: 0.0100, Buffer: 100000
Episode 466000/500000, Total Reward: 39873, Epsilon: 0.0100, Buffer: 100000
Episode 467000/500000, Total Reward: -74, Epsilon: 0.0100, Buffer: 100000
Episode 468000/500000, Total Reward: 43145, Epsilon: 0.0100, Buffer: 100000
Episode 469000/500000, Total Reward: 42274, Epsilon: 0.0100, Buffer: 100000
Episode 470000/500000, Total Reward: 43831, Epsilon: 0.0100, Buffer: 100000
Episode 471000/500000, Total Reward: 44124, Epsilon: 0.0100, Buffer: 100000
Episode 472000/500000, Total Reward: 41427, Epsilon: 0.0100, Buffer: 100000
Episode 473000/500000, Total Reward: 45671, Epsilon: 0.0100, Buffer: 100000
Episode 474000/500000, Total Reward: 38844, Epsilon: 0.0100, Buffer: 100000
Episode 475000/500000, Total Reward: 42920, Epsilon: 0.0100, Buffer: 100000
Episode 476000/500000, Total Reward: 47130, Epsilon: 0.0100, Buffer: 100000
Episode 477000/500000, Total Reward: 48505, Epsilon: 0.0100, Buffer: 100000
Episode 478000/500000, Total Reward: 47735, Epsilon: 0.0100, Buffer: 100000
Episode 479000/500000, Total Reward: 42262, Epsilon: 0.0100, Buffer: 100000
Episode 480000/500000, Total Reward: 40006, Epsilon: 0.0100, Buffer: 100000
Episode 481000/500000, Total Reward: 41751, Epsilon: 0.0100, Buffer: 100000
Episode 482000/500000, Total Reward: 40667, Epsilon: 0.0100, Buffer: 100000
Episode 483000/500000, Total Reward: 43203, Epsilon: 0.0100, Buffer: 100000
Episode 484000/500000, Total Reward: 42837, Epsilon: 0.0100, Buffer: 100000
Episode 485000/500000, Total Reward: 38763, Epsilon: 0.0100, Buffer: 100000
Episode 486000/500000, Total Reward: 42085, Epsilon: 0.0100, Buffer: 100000
Episode 487000/500000, Total Reward: 44969, Epsilon: 0.0100, Buffer: 100000
Episode 488000/500000, Total Reward: 44711, Epsilon: 0.0100, Buffer: 100000
Episode 489000/500000, Total Reward: 47581, Epsilon: 0.0100, Buffer: 100000
Episode 490000/500000, Total Reward: 45619, Epsilon: 0.0100, Buffer: 100000
Episode 491000/500000, Total Reward: 37696, Epsilon: 0.0100, Buffer: 100000
Episode 492000/500000, Total Reward: 37732, Epsilon: 0.0100, Buffer: 100000
Episode 493000/500000, Total Reward: 48534, Epsilon: 0.0100, Buffer: 100000
Episode 494000/500000, Total Reward: 41376, Epsilon: 0.0100, Buffer: 100000
Episode 495000/500000, Total Reward: 40858, Epsilon: 0.0100, Buffer: 100000
Episode 496000/500000, Total Reward: 47412, Epsilon: 0.0100, Buffer: 100000
Episode 497000/500000, Total Reward: 43376, Epsilon: 0.0100, Buffer: 100000
Episode 498000/500000, Total Reward: 43972, Epsilon: 0.0100, Buffer: 100000
Episode 499000/500000, Total Reward: 45694, Epsilon: 0.0100, Buffer: 100000
Episode 500000/500000, Total Reward: 47862, Epsilon: 0.0100, Buffer: 100000
Extracting Q-table from DQN for compatibility...
Saved DQN model to outputs/DQN_OG_500k_run1_model.pth
Saved Q-table (for compatibility) to outputs/DQN_OG_500k_run1.pkl

Learned DQN Q-table (sample):
State: (0, 0, 9, 0)
  Action: keep, Q-value: 5176.38
  Action: replace, Q-value: 4065.72
State: (1, 1, 0, 0)
  Action: keep, Q-value: 5439.27
  Action: replace, Q-value: 4078.41
State: (1, 1, 0, 1)
  Action: keep, Q-value: 4978.56
  Action: replace, Q-value: 4015.87
State: (1, 2, 0, 0)
  Action: keep, Q-value: 5449.46
  Action: replace, Q-value: 4081.37
State: (1, 2, 0, 1)
  Action: keep, Q-value: 4870.67
  Action: replace, Q-value: 3999.92
State: (1, 3, 0, 0)
  Action: keep, Q-value: 5367.78
  Action: replace, Q-value: 4072.84
State: (1, 3, 0, 1)
  Action: keep, Q-value: 4759.46
  Action: replace, Q-value: 3990.63
State: (1, 4, 0, 0)
  Action: keep, Q-value: 5261.52
  Action: replace, Q-value: 4061.46
State: (1, 4, 0, 1)
  Action: keep, Q-value: 4659.13
  Action: replace, Q-value: 3977.91
State: (1, 4, 1, 0)
  Action: keep, Q-value: 5334.13
  Action: replace, Q-value: 4077.45
Total states: 3289

Time taken for training: 110050.45 seconds
Average reward (last 1000 episodes): 44078.71
--- Run ended 2026-02-02 03:39:14 ---
