
--- Run started 2026-02-06 01:49:27 ---

======================================================================
CREATING NEW MODEL
======================================================================

Starting fresh with epsilon: 1.0000
======================================================================

Starting DQN training for 500000 episodes...
Episode 1000/500000, Total Reward: 9654, Epsilon: 0.0100, Buffer: 100000
Episode 2000/500000, Total Reward: 38152, Epsilon: 0.0100, Buffer: 100000
Episode 3000/500000, Total Reward: 53351, Epsilon: 0.0100, Buffer: 100000
Episode 4000/500000, Total Reward: 38367, Epsilon: 0.0100, Buffer: 100000
Episode 5000/500000, Total Reward: 53513, Epsilon: 0.0100, Buffer: 100000
Episode 6000/500000, Total Reward: 47991, Epsilon: 0.0100, Buffer: 100000
Episode 7000/500000, Total Reward: 51779, Epsilon: 0.0100, Buffer: 100000
Episode 8000/500000, Total Reward: 48597, Epsilon: 0.0100, Buffer: 100000
Episode 9000/500000, Total Reward: 39569, Epsilon: 0.0100, Buffer: 100000
Episode 10000/500000, Total Reward: 56544, Epsilon: 0.0100, Buffer: 100000
Episode 11000/500000, Total Reward: 48269, Epsilon: 0.0100, Buffer: 100000
Episode 12000/500000, Total Reward: 44567, Epsilon: 0.0100, Buffer: 100000
Episode 13000/500000, Total Reward: 46599, Epsilon: 0.0100, Buffer: 100000
Episode 14000/500000, Total Reward: 36015, Epsilon: 0.0100, Buffer: 100000
Episode 15000/500000, Total Reward: 32555, Epsilon: 0.0100, Buffer: 100000
Episode 16000/500000, Total Reward: 26282, Epsilon: 0.0100, Buffer: 100000
Episode 17000/500000, Total Reward: 51167, Epsilon: 0.0100, Buffer: 100000
Episode 18000/500000, Total Reward: 44116, Epsilon: 0.0100, Buffer: 100000
Episode 19000/500000, Total Reward: 55833, Epsilon: 0.0100, Buffer: 100000
Episode 20000/500000, Total Reward: 35794, Epsilon: 0.0100, Buffer: 100000
Episode 21000/500000, Total Reward: 49831, Epsilon: 0.0100, Buffer: 100000
Episode 22000/500000, Total Reward: 59420, Epsilon: 0.0100, Buffer: 100000
Episode 23000/500000, Total Reward: 48135, Epsilon: 0.0100, Buffer: 100000
Episode 24000/500000, Total Reward: 36365, Epsilon: 0.0100, Buffer: 100000
Episode 25000/500000, Total Reward: 55974, Epsilon: 0.0100, Buffer: 100000
Episode 26000/500000, Total Reward: 49545, Epsilon: 0.0100, Buffer: 100000
Episode 27000/500000, Total Reward: 49067, Epsilon: 0.0100, Buffer: 100000
Episode 28000/500000, Total Reward: 42679, Epsilon: 0.0100, Buffer: 100000
Episode 29000/500000, Total Reward: 47160, Epsilon: 0.0100, Buffer: 100000
Episode 30000/500000, Total Reward: 50770, Epsilon: 0.0100, Buffer: 100000
Episode 31000/500000, Total Reward: 62671, Epsilon: 0.0100, Buffer: 100000
Episode 32000/500000, Total Reward: 37569, Epsilon: 0.0100, Buffer: 100000
Episode 33000/500000, Total Reward: 45257, Epsilon: 0.0100, Buffer: 100000
Episode 34000/500000, Total Reward: 50471, Epsilon: 0.0100, Buffer: 100000
Episode 35000/500000, Total Reward: 47111, Epsilon: 0.0100, Buffer: 100000
Episode 36000/500000, Total Reward: 66119, Epsilon: 0.0100, Buffer: 100000
Episode 37000/500000, Total Reward: 43673, Epsilon: 0.0100, Buffer: 100000
Episode 38000/500000, Total Reward: 53517, Epsilon: 0.0100, Buffer: 100000
Episode 39000/500000, Total Reward: 57942, Epsilon: 0.0100, Buffer: 100000
Episode 40000/500000, Total Reward: 45024, Epsilon: 0.0100, Buffer: 100000
Episode 41000/500000, Total Reward: 46103, Epsilon: 0.0100, Buffer: 100000
Episode 42000/500000, Total Reward: 56784, Epsilon: 0.0100, Buffer: 100000
Episode 43000/500000, Total Reward: 38958, Epsilon: 0.0100, Buffer: 100000
Episode 44000/500000, Total Reward: 36524, Epsilon: 0.0100, Buffer: 100000
Episode 45000/500000, Total Reward: 30585, Epsilon: 0.0100, Buffer: 100000
Episode 46000/500000, Total Reward: 57052, Epsilon: 0.0100, Buffer: 100000
Episode 47000/500000, Total Reward: 36959, Epsilon: 0.0100, Buffer: 100000
Episode 48000/500000, Total Reward: 39543, Epsilon: 0.0100, Buffer: 100000
Episode 49000/500000, Total Reward: 36888, Epsilon: 0.0100, Buffer: 100000
Episode 50000/500000, Total Reward: 50735, Epsilon: 0.0100, Buffer: 100000
Episode 51000/500000, Total Reward: 42836, Epsilon: 0.0100, Buffer: 100000
Episode 52000/500000, Total Reward: 34396, Epsilon: 0.0100, Buffer: 100000
Episode 53000/500000, Total Reward: 38984, Epsilon: 0.0100, Buffer: 100000
Episode 54000/500000, Total Reward: 43897, Epsilon: 0.0100, Buffer: 100000
Episode 55000/500000, Total Reward: 62704, Epsilon: 0.0100, Buffer: 100000
Episode 56000/500000, Total Reward: 50399, Epsilon: 0.0100, Buffer: 100000
Episode 57000/500000, Total Reward: 33786, Epsilon: 0.0100, Buffer: 100000
Episode 58000/500000, Total Reward: 45334, Epsilon: 0.0100, Buffer: 100000
Episode 59000/500000, Total Reward: 48348, Epsilon: 0.0100, Buffer: 100000
Episode 60000/500000, Total Reward: 41598, Epsilon: 0.0100, Buffer: 100000
Episode 61000/500000, Total Reward: 35358, Epsilon: 0.0100, Buffer: 100000
Episode 62000/500000, Total Reward: 59071, Epsilon: 0.0100, Buffer: 100000
Episode 63000/500000, Total Reward: 35915, Epsilon: 0.0100, Buffer: 100000
Episode 64000/500000, Total Reward: 42380, Epsilon: 0.0100, Buffer: 100000
Episode 65000/500000, Total Reward: 38453, Epsilon: 0.0100, Buffer: 100000
Episode 66000/500000, Total Reward: 41761, Epsilon: 0.0100, Buffer: 100000
Episode 67000/500000, Total Reward: 49476, Epsilon: 0.0100, Buffer: 100000
Episode 68000/500000, Total Reward: 44446, Epsilon: 0.0100, Buffer: 100000
Episode 69000/500000, Total Reward: 53709, Epsilon: 0.0100, Buffer: 100000
Episode 70000/500000, Total Reward: 50056, Epsilon: 0.0100, Buffer: 100000
Episode 71000/500000, Total Reward: 47152, Epsilon: 0.0100, Buffer: 100000
Episode 72000/500000, Total Reward: 54301, Epsilon: 0.0100, Buffer: 100000
Episode 73000/500000, Total Reward: 64974, Epsilon: 0.0100, Buffer: 100000
Episode 74000/500000, Total Reward: 45849, Epsilon: 0.0100, Buffer: 100000
Episode 75000/500000, Total Reward: 54882, Epsilon: 0.0100, Buffer: 100000
Episode 76000/500000, Total Reward: 48255, Epsilon: 0.0100, Buffer: 100000
Episode 77000/500000, Total Reward: 44934, Epsilon: 0.0100, Buffer: 100000
Episode 78000/500000, Total Reward: 52752, Epsilon: 0.0100, Buffer: 100000
Episode 79000/500000, Total Reward: 37822, Epsilon: 0.0100, Buffer: 100000
Episode 80000/500000, Total Reward: 38717, Epsilon: 0.0100, Buffer: 100000
Episode 81000/500000, Total Reward: 58142, Epsilon: 0.0100, Buffer: 100000
Episode 82000/500000, Total Reward: 44397, Epsilon: 0.0100, Buffer: 100000
Episode 83000/500000, Total Reward: 47326, Epsilon: 0.0100, Buffer: 100000
Episode 84000/500000, Total Reward: 51108, Epsilon: 0.0100, Buffer: 100000
Episode 85000/500000, Total Reward: 50936, Epsilon: 0.0100, Buffer: 100000
Episode 86000/500000, Total Reward: 45766, Epsilon: 0.0100, Buffer: 100000
Episode 87000/500000, Total Reward: 40533, Epsilon: 0.0100, Buffer: 100000
Episode 88000/500000, Total Reward: 51788, Epsilon: 0.0100, Buffer: 100000
Episode 89000/500000, Total Reward: 30808, Epsilon: 0.0100, Buffer: 100000
Episode 90000/500000, Total Reward: 41014, Epsilon: 0.0100, Buffer: 100000
Episode 91000/500000, Total Reward: 9028, Epsilon: 0.0100, Buffer: 100000
Episode 92000/500000, Total Reward: 48438, Epsilon: 0.0100, Buffer: 100000
Episode 93000/500000, Total Reward: 54471, Epsilon: 0.0100, Buffer: 100000
Episode 94000/500000, Total Reward: 46971, Epsilon: 0.0100, Buffer: 100000
Episode 95000/500000, Total Reward: 48590, Epsilon: 0.0100, Buffer: 100000
Episode 96000/500000, Total Reward: 53949, Epsilon: 0.0100, Buffer: 100000
Episode 97000/500000, Total Reward: 61256, Epsilon: 0.0100, Buffer: 100000
Episode 98000/500000, Total Reward: 58171, Epsilon: 0.0100, Buffer: 100000
Episode 99000/500000, Total Reward: 51269, Epsilon: 0.0100, Buffer: 100000
Episode 100000/500000, Total Reward: 46636, Epsilon: 0.0100, Buffer: 100000
Episode 101000/500000, Total Reward: 48269, Epsilon: 0.0100, Buffer: 100000
Episode 102000/500000, Total Reward: 45203, Epsilon: 0.0100, Buffer: 100000
Episode 103000/500000, Total Reward: 44697, Epsilon: 0.0100, Buffer: 100000
Episode 104000/500000, Total Reward: 40419, Epsilon: 0.0100, Buffer: 100000
Episode 105000/500000, Total Reward: 36781, Epsilon: 0.0100, Buffer: 100000
Episode 106000/500000, Total Reward: 42122, Epsilon: 0.0100, Buffer: 100000
Episode 107000/500000, Total Reward: 49871, Epsilon: 0.0100, Buffer: 100000
Episode 108000/500000, Total Reward: 38231, Epsilon: 0.0100, Buffer: 100000
Episode 109000/500000, Total Reward: 49722, Epsilon: 0.0100, Buffer: 100000
Episode 110000/500000, Total Reward: 47628, Epsilon: 0.0100, Buffer: 100000
Episode 111000/500000, Total Reward: 47985, Epsilon: 0.0100, Buffer: 100000
Episode 112000/500000, Total Reward: 49609, Epsilon: 0.0100, Buffer: 100000
Episode 113000/500000, Total Reward: 54028, Epsilon: 0.0100, Buffer: 100000
Episode 114000/500000, Total Reward: 36232, Epsilon: 0.0100, Buffer: 100000
Episode 115000/500000, Total Reward: 47575, Epsilon: 0.0100, Buffer: 100000
Episode 116000/500000, Total Reward: 43137, Epsilon: 0.0100, Buffer: 100000
Episode 117000/500000, Total Reward: 47291, Epsilon: 0.0100, Buffer: 100000
Episode 118000/500000, Total Reward: 42777, Epsilon: 0.0100, Buffer: 100000
Episode 119000/500000, Total Reward: 48235, Epsilon: 0.0100, Buffer: 100000
Episode 120000/500000, Total Reward: 40293, Epsilon: 0.0100, Buffer: 100000
Episode 121000/500000, Total Reward: 45758, Epsilon: 0.0100, Buffer: 100000
Episode 122000/500000, Total Reward: 57065, Epsilon: 0.0100, Buffer: 100000
Episode 123000/500000, Total Reward: 46364, Epsilon: 0.0100, Buffer: 100000
Episode 124000/500000, Total Reward: 40855, Epsilon: 0.0100, Buffer: 100000
Episode 125000/500000, Total Reward: 45590, Epsilon: 0.0100, Buffer: 100000
Episode 126000/500000, Total Reward: 39114, Epsilon: 0.0100, Buffer: 100000
Episode 127000/500000, Total Reward: 63779, Epsilon: 0.0100, Buffer: 100000
Episode 128000/500000, Total Reward: 43909, Epsilon: 0.0100, Buffer: 100000
Episode 129000/500000, Total Reward: 53314, Epsilon: 0.0100, Buffer: 100000
Episode 130000/500000, Total Reward: 50867, Epsilon: 0.0100, Buffer: 100000
Episode 131000/500000, Total Reward: 41851, Epsilon: 0.0100, Buffer: 100000
Episode 132000/500000, Total Reward: 46455, Epsilon: 0.0100, Buffer: 100000
Episode 133000/500000, Total Reward: 53318, Epsilon: 0.0100, Buffer: 100000
Episode 134000/500000, Total Reward: 35666, Epsilon: 0.0100, Buffer: 100000
Episode 135000/500000, Total Reward: 45270, Epsilon: 0.0100, Buffer: 100000
Episode 136000/500000, Total Reward: 49068, Epsilon: 0.0100, Buffer: 100000
Episode 137000/500000, Total Reward: 44132, Epsilon: 0.0100, Buffer: 100000
Episode 138000/500000, Total Reward: 55376, Epsilon: 0.0100, Buffer: 100000
Episode 139000/500000, Total Reward: 45271, Epsilon: 0.0100, Buffer: 100000
Episode 140000/500000, Total Reward: 39655, Epsilon: 0.0100, Buffer: 100000
Episode 141000/500000, Total Reward: 5706, Epsilon: 0.0100, Buffer: 100000
Episode 142000/500000, Total Reward: 44163, Epsilon: 0.0100, Buffer: 100000
Episode 143000/500000, Total Reward: 57972, Epsilon: 0.0100, Buffer: 100000
Episode 144000/500000, Total Reward: 46015, Epsilon: 0.0100, Buffer: 100000
Episode 145000/500000, Total Reward: 44166, Epsilon: 0.0100, Buffer: 100000
Episode 146000/500000, Total Reward: 52594, Epsilon: 0.0100, Buffer: 100000
Episode 147000/500000, Total Reward: 47546, Epsilon: 0.0100, Buffer: 100000
Episode 148000/500000, Total Reward: 53043, Epsilon: 0.0100, Buffer: 100000
Episode 149000/500000, Total Reward: 47748, Epsilon: 0.0100, Buffer: 100000
Episode 150000/500000, Total Reward: 58743, Epsilon: 0.0100, Buffer: 100000
Episode 151000/500000, Total Reward: 60464, Epsilon: 0.0100, Buffer: 100000
Episode 152000/500000, Total Reward: 60462, Epsilon: 0.0100, Buffer: 100000
Episode 153000/500000, Total Reward: 44021, Epsilon: 0.0100, Buffer: 100000
Episode 154000/500000, Total Reward: 52649, Epsilon: 0.0100, Buffer: 100000
Episode 155000/500000, Total Reward: 47276, Epsilon: 0.0100, Buffer: 100000
Episode 156000/500000, Total Reward: 52332, Epsilon: 0.0100, Buffer: 100000
Episode 157000/500000, Total Reward: 46440, Epsilon: 0.0100, Buffer: 100000
Episode 158000/500000, Total Reward: 50073, Epsilon: 0.0100, Buffer: 100000
Episode 159000/500000, Total Reward: 48721, Epsilon: 0.0100, Buffer: 100000
Episode 160000/500000, Total Reward: 41269, Epsilon: 0.0100, Buffer: 100000
Episode 161000/500000, Total Reward: 34767, Epsilon: 0.0100, Buffer: 100000
Episode 162000/500000, Total Reward: 53116, Epsilon: 0.0100, Buffer: 100000
Episode 163000/500000, Total Reward: 32935, Epsilon: 0.0100, Buffer: 100000
Episode 164000/500000, Total Reward: 37913, Epsilon: 0.0100, Buffer: 100000
Episode 165000/500000, Total Reward: 45787, Epsilon: 0.0100, Buffer: 100000
Episode 166000/500000, Total Reward: 40511, Epsilon: 0.0100, Buffer: 100000
Episode 167000/500000, Total Reward: 38992, Epsilon: 0.0100, Buffer: 100000
Episode 168000/500000, Total Reward: 39286, Epsilon: 0.0100, Buffer: 100000
Episode 169000/500000, Total Reward: 34944, Epsilon: 0.0100, Buffer: 100000
Episode 170000/500000, Total Reward: 48431, Epsilon: 0.0100, Buffer: 100000
Episode 171000/500000, Total Reward: 52007, Epsilon: 0.0100, Buffer: 100000
Episode 172000/500000, Total Reward: 51669, Epsilon: 0.0100, Buffer: 100000
Episode 173000/500000, Total Reward: 40305, Epsilon: 0.0100, Buffer: 100000
Episode 174000/500000, Total Reward: 53908, Epsilon: 0.0100, Buffer: 100000
Episode 175000/500000, Total Reward: 50237, Epsilon: 0.0100, Buffer: 100000
Episode 176000/500000, Total Reward: 36419, Epsilon: 0.0100, Buffer: 100000
Episode 177000/500000, Total Reward: 56937, Epsilon: 0.0100, Buffer: 100000
Episode 178000/500000, Total Reward: 48579, Epsilon: 0.0100, Buffer: 100000
Episode 179000/500000, Total Reward: 43946, Epsilon: 0.0100, Buffer: 100000
Episode 180000/500000, Total Reward: 28127, Epsilon: 0.0100, Buffer: 100000
Episode 181000/500000, Total Reward: 48420, Epsilon: 0.0100, Buffer: 100000
Episode 182000/500000, Total Reward: 36915, Epsilon: 0.0100, Buffer: 100000
Episode 183000/500000, Total Reward: 40894, Epsilon: 0.0100, Buffer: 100000
Episode 184000/500000, Total Reward: 35685, Epsilon: 0.0100, Buffer: 100000
Episode 185000/500000, Total Reward: 40998, Epsilon: 0.0100, Buffer: 100000
Episode 186000/500000, Total Reward: 39568, Epsilon: 0.0100, Buffer: 100000
Episode 187000/500000, Total Reward: 42767, Epsilon: 0.0100, Buffer: 100000
Episode 188000/500000, Total Reward: 23376, Epsilon: 0.0100, Buffer: 100000
Episode 189000/500000, Total Reward: 51927, Epsilon: 0.0100, Buffer: 100000
Episode 190000/500000, Total Reward: 50623, Epsilon: 0.0100, Buffer: 100000
Episode 191000/500000, Total Reward: 47064, Epsilon: 0.0100, Buffer: 100000
Episode 192000/500000, Total Reward: 50363, Epsilon: 0.0100, Buffer: 100000
Episode 193000/500000, Total Reward: 56353, Epsilon: 0.0100, Buffer: 100000
Episode 194000/500000, Total Reward: 56044, Epsilon: 0.0100, Buffer: 100000
Episode 195000/500000, Total Reward: 52552, Epsilon: 0.0100, Buffer: 100000
Episode 196000/500000, Total Reward: 62116, Epsilon: 0.0100, Buffer: 100000
Episode 197000/500000, Total Reward: 39388, Epsilon: 0.0100, Buffer: 100000
Episode 198000/500000, Total Reward: 54178, Epsilon: 0.0100, Buffer: 100000
Episode 199000/500000, Total Reward: 46095, Epsilon: 0.0100, Buffer: 100000
Episode 200000/500000, Total Reward: 50006, Epsilon: 0.0100, Buffer: 100000
Episode 201000/500000, Total Reward: 33958, Epsilon: 0.0100, Buffer: 100000
Episode 202000/500000, Total Reward: 54253, Epsilon: 0.0100, Buffer: 100000
Episode 203000/500000, Total Reward: 44463, Epsilon: 0.0100, Buffer: 100000
Episode 204000/500000, Total Reward: 53910, Epsilon: 0.0100, Buffer: 100000
Episode 205000/500000, Total Reward: 50064, Epsilon: 0.0100, Buffer: 100000
Episode 206000/500000, Total Reward: 33851, Epsilon: 0.0100, Buffer: 100000
Episode 207000/500000, Total Reward: 44077, Epsilon: 0.0100, Buffer: 100000
Episode 208000/500000, Total Reward: 40468, Epsilon: 0.0100, Buffer: 100000
Episode 209000/500000, Total Reward: 45420, Epsilon: 0.0100, Buffer: 100000
Episode 210000/500000, Total Reward: 45974, Epsilon: 0.0100, Buffer: 100000
Episode 211000/500000, Total Reward: 43446, Epsilon: 0.0100, Buffer: 100000
Episode 212000/500000, Total Reward: 32946, Epsilon: 0.0100, Buffer: 100000
Episode 213000/500000, Total Reward: 54842, Epsilon: 0.0100, Buffer: 100000
Episode 214000/500000, Total Reward: 34445, Epsilon: 0.0100, Buffer: 100000
Episode 215000/500000, Total Reward: 50759, Epsilon: 0.0100, Buffer: 100000
Episode 216000/500000, Total Reward: 35164, Epsilon: 0.0100, Buffer: 100000
Episode 217000/500000, Total Reward: 53028, Epsilon: 0.0100, Buffer: 100000
Episode 218000/500000, Total Reward: 51465, Epsilon: 0.0100, Buffer: 100000
Episode 219000/500000, Total Reward: 47744, Epsilon: 0.0100, Buffer: 100000
Episode 220000/500000, Total Reward: 55397, Epsilon: 0.0100, Buffer: 100000
Episode 221000/500000, Total Reward: 44006, Epsilon: 0.0100, Buffer: 100000
Episode 222000/500000, Total Reward: 39873, Epsilon: 0.0100, Buffer: 100000
Episode 223000/500000, Total Reward: 41384, Epsilon: 0.0100, Buffer: 100000
Episode 224000/500000, Total Reward: 40242, Epsilon: 0.0100, Buffer: 100000
Episode 225000/500000, Total Reward: 47099, Epsilon: 0.0100, Buffer: 100000
Episode 226000/500000, Total Reward: 41290, Epsilon: 0.0100, Buffer: 100000
Episode 227000/500000, Total Reward: 53643, Epsilon: 0.0100, Buffer: 100000
Episode 228000/500000, Total Reward: 47805, Epsilon: 0.0100, Buffer: 100000
Episode 229000/500000, Total Reward: 41698, Epsilon: 0.0100, Buffer: 100000
Episode 230000/500000, Total Reward: 1049, Epsilon: 0.0100, Buffer: 100000
Episode 231000/500000, Total Reward: 43436, Epsilon: 0.0100, Buffer: 100000
Episode 232000/500000, Total Reward: 53200, Epsilon: 0.0100, Buffer: 100000
Episode 233000/500000, Total Reward: 56935, Epsilon: 0.0100, Buffer: 100000
Episode 234000/500000, Total Reward: 38956, Epsilon: 0.0100, Buffer: 100000
Episode 235000/500000, Total Reward: 53742, Epsilon: 0.0100, Buffer: 100000
Episode 236000/500000, Total Reward: 51938, Epsilon: 0.0100, Buffer: 100000
Episode 237000/500000, Total Reward: 45109, Epsilon: 0.0100, Buffer: 100000
Episode 238000/500000, Total Reward: 37598, Epsilon: 0.0100, Buffer: 100000
Episode 239000/500000, Total Reward: 35781, Epsilon: 0.0100, Buffer: 100000
Episode 240000/500000, Total Reward: 49135, Epsilon: 0.0100, Buffer: 100000
Episode 241000/500000, Total Reward: 44701, Epsilon: 0.0100, Buffer: 100000
Episode 242000/500000, Total Reward: 33854, Epsilon: 0.0100, Buffer: 100000
Episode 243000/500000, Total Reward: 11410, Epsilon: 0.0100, Buffer: 100000
Episode 244000/500000, Total Reward: 47407, Epsilon: 0.0100, Buffer: 100000
Episode 245000/500000, Total Reward: 47141, Epsilon: 0.0100, Buffer: 100000
Episode 246000/500000, Total Reward: 44683, Epsilon: 0.0100, Buffer: 100000
Episode 247000/500000, Total Reward: 46266, Epsilon: 0.0100, Buffer: 100000
Episode 248000/500000, Total Reward: 53044, Epsilon: 0.0100, Buffer: 100000
Episode 249000/500000, Total Reward: 54499, Epsilon: 0.0100, Buffer: 100000
Episode 250000/500000, Total Reward: 42790, Epsilon: 0.0100, Buffer: 100000
Episode 251000/500000, Total Reward: 42860, Epsilon: 0.0100, Buffer: 100000
Episode 252000/500000, Total Reward: 44855, Epsilon: 0.0100, Buffer: 100000
Episode 253000/500000, Total Reward: 47107, Epsilon: 0.0100, Buffer: 100000
Episode 254000/500000, Total Reward: 48955, Epsilon: 0.0100, Buffer: 100000
Episode 255000/500000, Total Reward: 46661, Epsilon: 0.0100, Buffer: 100000
Episode 256000/500000, Total Reward: 48414, Epsilon: 0.0100, Buffer: 100000
Episode 257000/500000, Total Reward: 41067, Epsilon: 0.0100, Buffer: 100000
Episode 258000/500000, Total Reward: 49648, Epsilon: 0.0100, Buffer: 100000
Episode 259000/500000, Total Reward: 49854, Epsilon: 0.0100, Buffer: 100000
Episode 260000/500000, Total Reward: 41154, Epsilon: 0.0100, Buffer: 100000
Episode 261000/500000, Total Reward: 58097, Epsilon: 0.0100, Buffer: 100000
Episode 262000/500000, Total Reward: 39980, Epsilon: 0.0100, Buffer: 100000
Episode 263000/500000, Total Reward: 52973, Epsilon: 0.0100, Buffer: 100000
Episode 264000/500000, Total Reward: 45842, Epsilon: 0.0100, Buffer: 100000
Episode 265000/500000, Total Reward: 54544, Epsilon: 0.0100, Buffer: 100000
Episode 266000/500000, Total Reward: 42446, Epsilon: 0.0100, Buffer: 100000
Episode 267000/500000, Total Reward: 53673, Epsilon: 0.0100, Buffer: 100000
Episode 268000/500000, Total Reward: 53831, Epsilon: 0.0100, Buffer: 100000
Episode 269000/500000, Total Reward: 50182, Epsilon: 0.0100, Buffer: 100000
Episode 270000/500000, Total Reward: 48819, Epsilon: 0.0100, Buffer: 100000
Episode 271000/500000, Total Reward: 51763, Epsilon: 0.0100, Buffer: 100000
Episode 272000/500000, Total Reward: 23496, Epsilon: 0.0100, Buffer: 100000
Episode 273000/500000, Total Reward: 45812, Epsilon: 0.0100, Buffer: 100000
Episode 274000/500000, Total Reward: 46211, Epsilon: 0.0100, Buffer: 100000
Episode 275000/500000, Total Reward: 41923, Epsilon: 0.0100, Buffer: 100000
Episode 276000/500000, Total Reward: 49083, Epsilon: 0.0100, Buffer: 100000
Episode 277000/500000, Total Reward: 37732, Epsilon: 0.0100, Buffer: 100000
Episode 278000/500000, Total Reward: 41576, Epsilon: 0.0100, Buffer: 100000
Episode 279000/500000, Total Reward: 47196, Epsilon: 0.0100, Buffer: 100000
Episode 280000/500000, Total Reward: 47714, Epsilon: 0.0100, Buffer: 100000
Episode 281000/500000, Total Reward: 48384, Epsilon: 0.0100, Buffer: 100000
Episode 282000/500000, Total Reward: 58333, Epsilon: 0.0100, Buffer: 100000
Episode 283000/500000, Total Reward: 48480, Epsilon: 0.0100, Buffer: 100000
Episode 284000/500000, Total Reward: 26455, Epsilon: 0.0100, Buffer: 100000
Episode 285000/500000, Total Reward: 55897, Epsilon: 0.0100, Buffer: 100000
Episode 286000/500000, Total Reward: 34257, Epsilon: 0.0100, Buffer: 100000
Episode 287000/500000, Total Reward: 56625, Epsilon: 0.0100, Buffer: 100000
Episode 288000/500000, Total Reward: 49734, Epsilon: 0.0100, Buffer: 100000
Episode 289000/500000, Total Reward: 46096, Epsilon: 0.0100, Buffer: 100000
Episode 290000/500000, Total Reward: 43663, Epsilon: 0.0100, Buffer: 100000
Episode 291000/500000, Total Reward: 39477, Epsilon: 0.0100, Buffer: 100000
Episode 292000/500000, Total Reward: 32037, Epsilon: 0.0100, Buffer: 100000
Episode 293000/500000, Total Reward: 45036, Epsilon: 0.0100, Buffer: 100000
Episode 294000/500000, Total Reward: 48771, Epsilon: 0.0100, Buffer: 100000
Episode 295000/500000, Total Reward: 37733, Epsilon: 0.0100, Buffer: 100000
Episode 296000/500000, Total Reward: 39285, Epsilon: 0.0100, Buffer: 100000
Episode 297000/500000, Total Reward: 45232, Epsilon: 0.0100, Buffer: 100000
Episode 298000/500000, Total Reward: 59086, Epsilon: 0.0100, Buffer: 100000
Episode 299000/500000, Total Reward: 44248, Epsilon: 0.0100, Buffer: 100000
Episode 300000/500000, Total Reward: 43270, Epsilon: 0.0100, Buffer: 100000
Episode 301000/500000, Total Reward: 44821, Epsilon: 0.0100, Buffer: 100000
Episode 302000/500000, Total Reward: 45287, Epsilon: 0.0100, Buffer: 100000
Episode 303000/500000, Total Reward: 48505, Epsilon: 0.0100, Buffer: 100000
Episode 304000/500000, Total Reward: 47027, Epsilon: 0.0100, Buffer: 100000
Episode 305000/500000, Total Reward: 39005, Epsilon: 0.0100, Buffer: 100000
Episode 306000/500000, Total Reward: 44293, Epsilon: 0.0100, Buffer: 100000
Episode 307000/500000, Total Reward: 49519, Epsilon: 0.0100, Buffer: 100000
Episode 308000/500000, Total Reward: 39892, Epsilon: 0.0100, Buffer: 100000
Episode 309000/500000, Total Reward: 33108, Epsilon: 0.0100, Buffer: 100000
Episode 310000/500000, Total Reward: 41604, Epsilon: 0.0100, Buffer: 100000
Episode 311000/500000, Total Reward: 44889, Epsilon: 0.0100, Buffer: 100000
Episode 312000/500000, Total Reward: 50017, Epsilon: 0.0100, Buffer: 100000
Episode 313000/500000, Total Reward: 44970, Epsilon: 0.0100, Buffer: 100000
Episode 314000/500000, Total Reward: 51122, Epsilon: 0.0100, Buffer: 100000
Episode 315000/500000, Total Reward: 49374, Epsilon: 0.0100, Buffer: 100000
Episode 316000/500000, Total Reward: 51582, Epsilon: 0.0100, Buffer: 100000
Episode 317000/500000, Total Reward: 50083, Epsilon: 0.0100, Buffer: 100000
Episode 318000/500000, Total Reward: 45081, Epsilon: 0.0100, Buffer: 100000
Episode 319000/500000, Total Reward: 29141, Epsilon: 0.0100, Buffer: 100000
Episode 320000/500000, Total Reward: 37935, Epsilon: 0.0100, Buffer: 100000
Episode 321000/500000, Total Reward: 37401, Epsilon: 0.0100, Buffer: 100000
Episode 322000/500000, Total Reward: 42699, Epsilon: 0.0100, Buffer: 100000
Episode 323000/500000, Total Reward: 44473, Epsilon: 0.0100, Buffer: 100000
Episode 324000/500000, Total Reward: 51516, Epsilon: 0.0100, Buffer: 100000
Episode 325000/500000, Total Reward: 49252, Epsilon: 0.0100, Buffer: 100000
Episode 326000/500000, Total Reward: 33204, Epsilon: 0.0100, Buffer: 100000
Episode 327000/500000, Total Reward: 34300, Epsilon: 0.0100, Buffer: 100000
Episode 328000/500000, Total Reward: 55086, Epsilon: 0.0100, Buffer: 100000
Episode 329000/500000, Total Reward: 48516, Epsilon: 0.0100, Buffer: 100000
Episode 330000/500000, Total Reward: 52571, Epsilon: 0.0100, Buffer: 100000
Episode 331000/500000, Total Reward: 45272, Epsilon: 0.0100, Buffer: 100000
Episode 332000/500000, Total Reward: 48260, Epsilon: 0.0100, Buffer: 100000
Episode 333000/500000, Total Reward: 43240, Epsilon: 0.0100, Buffer: 100000
Episode 334000/500000, Total Reward: 39696, Epsilon: 0.0100, Buffer: 100000
Episode 335000/500000, Total Reward: 49082, Epsilon: 0.0100, Buffer: 100000
Episode 336000/500000, Total Reward: 50629, Epsilon: 0.0100, Buffer: 100000
Episode 337000/500000, Total Reward: 47564, Epsilon: 0.0100, Buffer: 100000
Episode 338000/500000, Total Reward: 54386, Epsilon: 0.0100, Buffer: 100000
Episode 339000/500000, Total Reward: 40265, Epsilon: 0.0100, Buffer: 100000
Episode 340000/500000, Total Reward: 34304, Epsilon: 0.0100, Buffer: 100000
Episode 341000/500000, Total Reward: 62101, Epsilon: 0.0100, Buffer: 100000
Episode 342000/500000, Total Reward: 51459, Epsilon: 0.0100, Buffer: 100000
Episode 343000/500000, Total Reward: 43347, Epsilon: 0.0100, Buffer: 100000
Episode 344000/500000, Total Reward: 53180, Epsilon: 0.0100, Buffer: 100000
Episode 345000/500000, Total Reward: 39264, Epsilon: 0.0100, Buffer: 100000
Episode 346000/500000, Total Reward: 42573, Epsilon: 0.0100, Buffer: 100000
Episode 347000/500000, Total Reward: 51181, Epsilon: 0.0100, Buffer: 100000
Episode 348000/500000, Total Reward: 42774, Epsilon: 0.0100, Buffer: 100000
Episode 349000/500000, Total Reward: 36372, Epsilon: 0.0100, Buffer: 100000
Episode 350000/500000, Total Reward: 38514, Epsilon: 0.0100, Buffer: 100000
Episode 351000/500000, Total Reward: 56856, Epsilon: 0.0100, Buffer: 100000
Episode 352000/500000, Total Reward: 51859, Epsilon: 0.0100, Buffer: 100000
Episode 353000/500000, Total Reward: 32282, Epsilon: 0.0100, Buffer: 100000
Episode 354000/500000, Total Reward: 35198, Epsilon: 0.0100, Buffer: 100000
Episode 355000/500000, Total Reward: 30505, Epsilon: 0.0100, Buffer: 100000
Episode 356000/500000, Total Reward: 55633, Epsilon: 0.0100, Buffer: 100000
Episode 357000/500000, Total Reward: 44320, Epsilon: 0.0100, Buffer: 100000
Episode 358000/500000, Total Reward: 36731, Epsilon: 0.0100, Buffer: 100000
Episode 359000/500000, Total Reward: 42469, Epsilon: 0.0100, Buffer: 100000
Episode 360000/500000, Total Reward: 46167, Epsilon: 0.0100, Buffer: 100000
Episode 361000/500000, Total Reward: 49500, Epsilon: 0.0100, Buffer: 100000
Episode 362000/500000, Total Reward: 62280, Epsilon: 0.0100, Buffer: 100000
Episode 363000/500000, Total Reward: 45201, Epsilon: 0.0100, Buffer: 100000
Episode 364000/500000, Total Reward: 47724, Epsilon: 0.0100, Buffer: 100000
Episode 365000/500000, Total Reward: 51593, Epsilon: 0.0100, Buffer: 100000
Episode 366000/500000, Total Reward: 40470, Epsilon: 0.0100, Buffer: 100000
Episode 367000/500000, Total Reward: 45853, Epsilon: 0.0100, Buffer: 100000
Episode 368000/500000, Total Reward: 45728, Epsilon: 0.0100, Buffer: 100000
Episode 369000/500000, Total Reward: 38154, Epsilon: 0.0100, Buffer: 100000
Episode 370000/500000, Total Reward: 39538, Epsilon: 0.0100, Buffer: 100000
Episode 371000/500000, Total Reward: 58743, Epsilon: 0.0100, Buffer: 100000
Episode 372000/500000, Total Reward: 33936, Epsilon: 0.0100, Buffer: 100000
Episode 373000/500000, Total Reward: 44931, Epsilon: 0.0100, Buffer: 100000
Episode 374000/500000, Total Reward: 56955, Epsilon: 0.0100, Buffer: 100000
Episode 375000/500000, Total Reward: 56528, Epsilon: 0.0100, Buffer: 100000
Episode 376000/500000, Total Reward: 41544, Epsilon: 0.0100, Buffer: 100000
Episode 377000/500000, Total Reward: 39600, Epsilon: 0.0100, Buffer: 100000
Episode 378000/500000, Total Reward: 56612, Epsilon: 0.0100, Buffer: 100000
Episode 379000/500000, Total Reward: 49562, Epsilon: 0.0100, Buffer: 100000
Episode 380000/500000, Total Reward: 95, Epsilon: 0.0100, Buffer: 100000
Episode 381000/500000, Total Reward: 55225, Epsilon: 0.0100, Buffer: 100000
Episode 382000/500000, Total Reward: 41603, Epsilon: 0.0100, Buffer: 100000
Episode 383000/500000, Total Reward: 56558, Epsilon: 0.0100, Buffer: 100000
Episode 384000/500000, Total Reward: 50556, Epsilon: 0.0100, Buffer: 100000
Episode 385000/500000, Total Reward: 48414, Epsilon: 0.0100, Buffer: 100000
Episode 386000/500000, Total Reward: 55039, Epsilon: 0.0100, Buffer: 100000
Episode 387000/500000, Total Reward: 55175, Epsilon: 0.0100, Buffer: 100000
Episode 388000/500000, Total Reward: 30932, Epsilon: 0.0100, Buffer: 100000
Episode 389000/500000, Total Reward: 49240, Epsilon: 0.0100, Buffer: 100000
Episode 390000/500000, Total Reward: 35718, Epsilon: 0.0100, Buffer: 100000
Episode 391000/500000, Total Reward: 40028, Epsilon: 0.0100, Buffer: 100000
Episode 392000/500000, Total Reward: 32735, Epsilon: 0.0100, Buffer: 100000
Episode 393000/500000, Total Reward: 26765, Epsilon: 0.0100, Buffer: 100000
Episode 394000/500000, Total Reward: 45652, Epsilon: 0.0100, Buffer: 100000
Episode 395000/500000, Total Reward: 62625, Epsilon: 0.0100, Buffer: 100000
Episode 396000/500000, Total Reward: 52941, Epsilon: 0.0100, Buffer: 100000
Episode 397000/500000, Total Reward: 42447, Epsilon: 0.0100, Buffer: 100000
Episode 398000/500000, Total Reward: 37159, Epsilon: 0.0100, Buffer: 100000
Episode 399000/500000, Total Reward: 53833, Epsilon: 0.0100, Buffer: 100000
Episode 400000/500000, Total Reward: 48040, Epsilon: 0.0100, Buffer: 100000
Episode 401000/500000, Total Reward: 37264, Epsilon: 0.0100, Buffer: 100000
Episode 402000/500000, Total Reward: 33885, Epsilon: 0.0100, Buffer: 100000
Episode 403000/500000, Total Reward: 54398, Epsilon: 0.0100, Buffer: 100000
Episode 404000/500000, Total Reward: 51586, Epsilon: 0.0100, Buffer: 100000
Episode 405000/500000, Total Reward: 36439, Epsilon: 0.0100, Buffer: 100000
Episode 406000/500000, Total Reward: 40521, Epsilon: 0.0100, Buffer: 100000
Episode 407000/500000, Total Reward: 52027, Epsilon: 0.0100, Buffer: 100000
Episode 408000/500000, Total Reward: 46251, Epsilon: 0.0100, Buffer: 100000
Episode 409000/500000, Total Reward: 50018, Epsilon: 0.0100, Buffer: 100000
Episode 410000/500000, Total Reward: 57012, Epsilon: 0.0100, Buffer: 100000
Episode 411000/500000, Total Reward: 45885, Epsilon: 0.0100, Buffer: 100000
Episode 412000/500000, Total Reward: 39517, Epsilon: 0.0100, Buffer: 100000
Episode 413000/500000, Total Reward: 46004, Epsilon: 0.0100, Buffer: 100000
Episode 414000/500000, Total Reward: 49099, Epsilon: 0.0100, Buffer: 100000
Episode 415000/500000, Total Reward: 38513, Epsilon: 0.0100, Buffer: 100000
Episode 416000/500000, Total Reward: 40894, Epsilon: 0.0100, Buffer: 100000
Episode 417000/500000, Total Reward: 47508, Epsilon: 0.0100, Buffer: 100000
Episode 418000/500000, Total Reward: 58015, Epsilon: 0.0100, Buffer: 100000
Episode 419000/500000, Total Reward: 41872, Epsilon: 0.0100, Buffer: 100000
Episode 420000/500000, Total Reward: 42707, Epsilon: 0.0100, Buffer: 100000
Episode 421000/500000, Total Reward: 23689, Epsilon: 0.0100, Buffer: 100000
Episode 422000/500000, Total Reward: 51488, Epsilon: 0.0100, Buffer: 100000
Episode 423000/500000, Total Reward: 40284, Epsilon: 0.0100, Buffer: 100000
Episode 424000/500000, Total Reward: 54068, Epsilon: 0.0100, Buffer: 100000
Episode 425000/500000, Total Reward: 59166, Epsilon: 0.0100, Buffer: 100000
Episode 426000/500000, Total Reward: 45748, Epsilon: 0.0100, Buffer: 100000
Episode 427000/500000, Total Reward: 53828, Epsilon: 0.0100, Buffer: 100000
Episode 428000/500000, Total Reward: 54364, Epsilon: 0.0100, Buffer: 100000
Episode 429000/500000, Total Reward: 59974, Epsilon: 0.0100, Buffer: 100000
Episode 430000/500000, Total Reward: 46930, Epsilon: 0.0100, Buffer: 100000
Episode 431000/500000, Total Reward: 41887, Epsilon: 0.0100, Buffer: 100000
Episode 432000/500000, Total Reward: 59999, Epsilon: 0.0100, Buffer: 100000
Episode 433000/500000, Total Reward: 34081, Epsilon: 0.0100, Buffer: 100000
Episode 434000/500000, Total Reward: 44947, Epsilon: 0.0100, Buffer: 100000
Episode 435000/500000, Total Reward: 44926, Epsilon: 0.0100, Buffer: 100000
Episode 436000/500000, Total Reward: 52342, Epsilon: 0.0100, Buffer: 100000
Episode 437000/500000, Total Reward: 50737, Epsilon: 0.0100, Buffer: 100000
Episode 438000/500000, Total Reward: 45628, Epsilon: 0.0100, Buffer: 100000
Episode 439000/500000, Total Reward: 29769, Epsilon: 0.0100, Buffer: 100000
Episode 440000/500000, Total Reward: 46433, Epsilon: 0.0100, Buffer: 100000
Episode 441000/500000, Total Reward: 41083, Epsilon: 0.0100, Buffer: 100000
Episode 442000/500000, Total Reward: 36880, Epsilon: 0.0100, Buffer: 100000
Episode 443000/500000, Total Reward: 39164, Epsilon: 0.0100, Buffer: 100000
Episode 444000/500000, Total Reward: 51567, Epsilon: 0.0100, Buffer: 100000
Episode 445000/500000, Total Reward: 29917, Epsilon: 0.0100, Buffer: 100000
Episode 446000/500000, Total Reward: 39292, Epsilon: 0.0100, Buffer: 100000
Episode 447000/500000, Total Reward: 56180, Epsilon: 0.0100, Buffer: 100000
Episode 448000/500000, Total Reward: 33466, Epsilon: 0.0100, Buffer: 100000
Episode 449000/500000, Total Reward: 43701, Epsilon: 0.0100, Buffer: 100000
Episode 450000/500000, Total Reward: 48256, Epsilon: 0.0100, Buffer: 100000
Episode 451000/500000, Total Reward: 46504, Epsilon: 0.0100, Buffer: 100000
Episode 452000/500000, Total Reward: 48303, Epsilon: 0.0100, Buffer: 100000
Episode 453000/500000, Total Reward: 51409, Epsilon: 0.0100, Buffer: 100000
Episode 454000/500000, Total Reward: 49133, Epsilon: 0.0100, Buffer: 100000
Episode 455000/500000, Total Reward: 35616, Epsilon: 0.0100, Buffer: 100000
Episode 456000/500000, Total Reward: 46744, Epsilon: 0.0100, Buffer: 100000
Episode 457000/500000, Total Reward: 43219, Epsilon: 0.0100, Buffer: 100000
Episode 458000/500000, Total Reward: 39412, Epsilon: 0.0100, Buffer: 100000
Episode 459000/500000, Total Reward: 39703, Epsilon: 0.0100, Buffer: 100000
Episode 460000/500000, Total Reward: 34055, Epsilon: 0.0100, Buffer: 100000
Episode 461000/500000, Total Reward: 60289, Epsilon: 0.0100, Buffer: 100000
Episode 462000/500000, Total Reward: 48230, Epsilon: 0.0100, Buffer: 100000
Episode 463000/500000, Total Reward: 47873, Epsilon: 0.0100, Buffer: 100000
Episode 464000/500000, Total Reward: 50298, Epsilon: 0.0100, Buffer: 100000
Episode 465000/500000, Total Reward: 46251, Epsilon: 0.0100, Buffer: 100000
Episode 466000/500000, Total Reward: 59053, Epsilon: 0.0100, Buffer: 100000
Episode 467000/500000, Total Reward: 54355, Epsilon: 0.0100, Buffer: 100000
Episode 468000/500000, Total Reward: 50213, Epsilon: 0.0100, Buffer: 100000
Episode 469000/500000, Total Reward: 42430, Epsilon: 0.0100, Buffer: 100000
Episode 470000/500000, Total Reward: 35031, Epsilon: 0.0100, Buffer: 100000
Episode 471000/500000, Total Reward: 50941, Epsilon: 0.0100, Buffer: 100000
Episode 472000/500000, Total Reward: 46167, Epsilon: 0.0100, Buffer: 100000
Episode 473000/500000, Total Reward: 49446, Epsilon: 0.0100, Buffer: 100000
Episode 474000/500000, Total Reward: 45444, Epsilon: 0.0100, Buffer: 100000
Episode 475000/500000, Total Reward: 48981, Epsilon: 0.0100, Buffer: 100000
Episode 476000/500000, Total Reward: 40940, Epsilon: 0.0100, Buffer: 100000
Episode 477000/500000, Total Reward: 43281, Epsilon: 0.0100, Buffer: 100000
Episode 478000/500000, Total Reward: 50302, Epsilon: 0.0100, Buffer: 100000
Episode 479000/500000, Total Reward: 46554, Epsilon: 0.0100, Buffer: 100000
Episode 480000/500000, Total Reward: 33374, Epsilon: 0.0100, Buffer: 100000
Episode 481000/500000, Total Reward: 48879, Epsilon: 0.0100, Buffer: 100000
Episode 482000/500000, Total Reward: 38155, Epsilon: 0.0100, Buffer: 100000
Episode 483000/500000, Total Reward: 53101, Epsilon: 0.0100, Buffer: 100000
Episode 484000/500000, Total Reward: 44430, Epsilon: 0.0100, Buffer: 100000
Episode 485000/500000, Total Reward: 41755, Epsilon: 0.0100, Buffer: 100000
Episode 486000/500000, Total Reward: 45811, Epsilon: 0.0100, Buffer: 100000
Episode 487000/500000, Total Reward: 50774, Epsilon: 0.0100, Buffer: 100000
Episode 488000/500000, Total Reward: 29653, Epsilon: 0.0100, Buffer: 100000
Episode 489000/500000, Total Reward: 41470, Epsilon: 0.0100, Buffer: 100000
Episode 490000/500000, Total Reward: 37976, Epsilon: 0.0100, Buffer: 100000
Episode 491000/500000, Total Reward: 41520, Epsilon: 0.0100, Buffer: 100000
Episode 492000/500000, Total Reward: 44938, Epsilon: 0.0100, Buffer: 100000
Episode 493000/500000, Total Reward: 44911, Epsilon: 0.0100, Buffer: 100000
Episode 494000/500000, Total Reward: 35575, Epsilon: 0.0100, Buffer: 100000
Episode 495000/500000, Total Reward: 48306, Epsilon: 0.0100, Buffer: 100000
Episode 496000/500000, Total Reward: 50699, Epsilon: 0.0100, Buffer: 100000
Episode 497000/500000, Total Reward: 52199, Epsilon: 0.0100, Buffer: 100000
Episode 498000/500000, Total Reward: 34705, Epsilon: 0.0100, Buffer: 100000
Episode 499000/500000, Total Reward: 38697, Epsilon: 0.0100, Buffer: 100000
Episode 500000/500000, Total Reward: 40181, Epsilon: 0.0100, Buffer: 100000
Extracting Q-table from DQN for compatibility...
Saved DQN model to outputs/DQN_UG_500k_run5_model.pth
Saved Q-table (for compatibility) to outputs/DQN_UG_500k_run5.pkl

Learned DQN Q-table (sample):
State: (0, 0, 9, 0)
  Action: keep, Q-value: 6076.56
  Action: replace, Q-value: 3872.34
State: (1, 1, 0, 0)
  Action: keep, Q-value: 5248.40
  Action: replace, Q-value: 3851.11
State: (1, 1, 0, 1)
  Action: keep, Q-value: 4775.15
  Action: replace, Q-value: 3787.00
State: (1, 2, 0, 0)
  Action: keep, Q-value: 5311.74
  Action: replace, Q-value: 3863.64
State: (1, 2, 0, 1)
  Action: keep, Q-value: 4712.41
  Action: replace, Q-value: 3717.27
State: (1, 3, 0, 0)
  Action: keep, Q-value: 5295.85
  Action: replace, Q-value: 3836.37
State: (1, 3, 0, 1)
  Action: keep, Q-value: 4642.26
  Action: replace, Q-value: 3712.18
State: (1, 4, 0, 0)
  Action: keep, Q-value: 5178.81
  Action: replace, Q-value: 3859.78
State: (1, 4, 0, 1)
  Action: keep, Q-value: 4541.35
  Action: replace, Q-value: 3725.00
State: (1, 4, 1, 0)
  Action: keep, Q-value: 5492.11
  Action: replace, Q-value: 3877.34
Total states: 3289

Time taken for training: 119501.14 seconds
Average reward (last 1000 episodes): 45364.33
--- Run ended 2026-02-07 11:01:13 ---
