
--- Run started 2026-01-29 16:06:41 ---

======================================================================
CREATING NEW MODEL
======================================================================

Starting fresh with epsilon: 1.0000
======================================================================

Starting DQN training for 500000 episodes...
Episode 1000/500000, Total Reward: 40770, Epsilon: 0.0100, Buffer: 100000
Episode 2000/500000, Total Reward: 29612, Epsilon: 0.0100, Buffer: 100000
Episode 3000/500000, Total Reward: 39550, Epsilon: 0.0100, Buffer: 100000
Episode 4000/500000, Total Reward: 39881, Epsilon: 0.0100, Buffer: 100000
Episode 5000/500000, Total Reward: 32130, Epsilon: 0.0100, Buffer: 100000
Episode 6000/500000, Total Reward: 42218, Epsilon: 0.0100, Buffer: 100000
Episode 7000/500000, Total Reward: 26336, Epsilon: 0.0100, Buffer: 100000
Episode 8000/500000, Total Reward: 28443, Epsilon: 0.0100, Buffer: 100000
Episode 9000/500000, Total Reward: 23712, Epsilon: 0.0100, Buffer: 100000
Episode 10000/500000, Total Reward: 29689, Epsilon: 0.0100, Buffer: 100000
Episode 11000/500000, Total Reward: 30446, Epsilon: 0.0100, Buffer: 100000
Episode 12000/500000, Total Reward: 33105, Epsilon: 0.0100, Buffer: 100000
Episode 13000/500000, Total Reward: 37586, Epsilon: 0.0100, Buffer: 100000
Episode 14000/500000, Total Reward: 11, Epsilon: 0.0100, Buffer: 100000
Episode 15000/500000, Total Reward: 41722, Epsilon: 0.0100, Buffer: 100000
Episode 16000/500000, Total Reward: 34115, Epsilon: 0.0100, Buffer: 100000
Episode 17000/500000, Total Reward: 34213, Epsilon: 0.0100, Buffer: 100000
Episode 18000/500000, Total Reward: 37327, Epsilon: 0.0100, Buffer: 100000
Episode 19000/500000, Total Reward: 33704, Epsilon: 0.0100, Buffer: 100000
Episode 20000/500000, Total Reward: 42617, Epsilon: 0.0100, Buffer: 100000
Episode 21000/500000, Total Reward: 34906, Epsilon: 0.0100, Buffer: 100000
Episode 22000/500000, Total Reward: 41475, Epsilon: 0.0100, Buffer: 100000
Episode 23000/500000, Total Reward: 34074, Epsilon: 0.0100, Buffer: 100000
Episode 24000/500000, Total Reward: 24179, Epsilon: 0.0100, Buffer: 100000
Episode 25000/500000, Total Reward: 28538, Epsilon: 0.0100, Buffer: 100000
Episode 26000/500000, Total Reward: 34925, Epsilon: 0.0100, Buffer: 100000
Episode 27000/500000, Total Reward: 38435, Epsilon: 0.0100, Buffer: 100000
Episode 28000/500000, Total Reward: 41488, Epsilon: 0.0100, Buffer: 100000
Episode 29000/500000, Total Reward: 28984, Epsilon: 0.0100, Buffer: 100000
Episode 30000/500000, Total Reward: 38761, Epsilon: 0.0100, Buffer: 100000
Episode 31000/500000, Total Reward: 22793, Epsilon: 0.0100, Buffer: 100000
Episode 32000/500000, Total Reward: 33162, Epsilon: 0.0100, Buffer: 100000
Episode 33000/500000, Total Reward: 31163, Epsilon: 0.0100, Buffer: 100000
Episode 34000/500000, Total Reward: 33353, Epsilon: 0.0100, Buffer: 100000
Episode 35000/500000, Total Reward: 29717, Epsilon: 0.0100, Buffer: 100000
Episode 36000/500000, Total Reward: 33193, Epsilon: 0.0100, Buffer: 100000
Episode 37000/500000, Total Reward: 34109, Epsilon: 0.0100, Buffer: 100000
Episode 38000/500000, Total Reward: 42547, Epsilon: 0.0100, Buffer: 100000
Episode 39000/500000, Total Reward: 42915, Epsilon: 0.0100, Buffer: 100000
Episode 40000/500000, Total Reward: 36460, Epsilon: 0.0100, Buffer: 100000
Episode 41000/500000, Total Reward: 31329, Epsilon: 0.0100, Buffer: 100000
Episode 42000/500000, Total Reward: 32627, Epsilon: 0.0100, Buffer: 100000
Episode 43000/500000, Total Reward: 33036, Epsilon: 0.0100, Buffer: 100000
Episode 44000/500000, Total Reward: 30415, Epsilon: 0.0100, Buffer: 100000
Episode 45000/500000, Total Reward: 19277, Epsilon: 0.0100, Buffer: 100000
Episode 46000/500000, Total Reward: 23952, Epsilon: 0.0100, Buffer: 100000
Episode 47000/500000, Total Reward: 24208, Epsilon: 0.0100, Buffer: 100000
Episode 48000/500000, Total Reward: 32563, Epsilon: 0.0100, Buffer: 100000
Episode 49000/500000, Total Reward: 32164, Epsilon: 0.0100, Buffer: 100000
Episode 50000/500000, Total Reward: 31155, Epsilon: 0.0100, Buffer: 100000
Episode 51000/500000, Total Reward: 27073, Epsilon: 0.0100, Buffer: 100000
Episode 52000/500000, Total Reward: 32246, Epsilon: 0.0100, Buffer: 100000
Episode 53000/500000, Total Reward: 36445, Epsilon: 0.0100, Buffer: 100000
Episode 54000/500000, Total Reward: 23837, Epsilon: 0.0100, Buffer: 100000
Episode 55000/500000, Total Reward: 31021, Epsilon: 0.0100, Buffer: 100000
Episode 56000/500000, Total Reward: 28766, Epsilon: 0.0100, Buffer: 100000
Episode 57000/500000, Total Reward: 39796, Epsilon: 0.0100, Buffer: 100000
Episode 58000/500000, Total Reward: 36820, Epsilon: 0.0100, Buffer: 100000
Episode 59000/500000, Total Reward: 29607, Epsilon: 0.0100, Buffer: 100000
Episode 60000/500000, Total Reward: 28864, Epsilon: 0.0100, Buffer: 100000
Episode 61000/500000, Total Reward: 30737, Epsilon: 0.0100, Buffer: 100000
Episode 62000/500000, Total Reward: 25921, Epsilon: 0.0100, Buffer: 100000
Episode 63000/500000, Total Reward: 35384, Epsilon: 0.0100, Buffer: 100000
Episode 64000/500000, Total Reward: 35080, Epsilon: 0.0100, Buffer: 100000
Episode 65000/500000, Total Reward: 27958, Epsilon: 0.0100, Buffer: 100000
Episode 66000/500000, Total Reward: 36642, Epsilon: 0.0100, Buffer: 100000
Episode 67000/500000, Total Reward: 33444, Epsilon: 0.0100, Buffer: 100000
Episode 68000/500000, Total Reward: 26520, Epsilon: 0.0100, Buffer: 100000
Episode 69000/500000, Total Reward: 33109, Epsilon: 0.0100, Buffer: 100000
Episode 70000/500000, Total Reward: 20658, Epsilon: 0.0100, Buffer: 100000
Episode 71000/500000, Total Reward: 39084, Epsilon: 0.0100, Buffer: 100000
Episode 72000/500000, Total Reward: 32459, Epsilon: 0.0100, Buffer: 100000
Episode 73000/500000, Total Reward: 38659, Epsilon: 0.0100, Buffer: 100000
Episode 74000/500000, Total Reward: 30780, Epsilon: 0.0100, Buffer: 100000
Episode 75000/500000, Total Reward: 35422, Epsilon: 0.0100, Buffer: 100000
Episode 76000/500000, Total Reward: 27707, Epsilon: 0.0100, Buffer: 100000
Episode 77000/500000, Total Reward: 31460, Epsilon: 0.0100, Buffer: 100000
Episode 78000/500000, Total Reward: 38000, Epsilon: 0.0100, Buffer: 100000
Episode 79000/500000, Total Reward: 33565, Epsilon: 0.0100, Buffer: 100000
Episode 80000/500000, Total Reward: 34005, Epsilon: 0.0100, Buffer: 100000
Episode 81000/500000, Total Reward: 24823, Epsilon: 0.0100, Buffer: 100000
Episode 82000/500000, Total Reward: 37920, Epsilon: 0.0100, Buffer: 100000
Episode 83000/500000, Total Reward: 632, Epsilon: 0.0100, Buffer: 100000
Episode 84000/500000, Total Reward: 35169, Epsilon: 0.0100, Buffer: 100000
Episode 85000/500000, Total Reward: 35867, Epsilon: 0.0100, Buffer: 100000
Episode 86000/500000, Total Reward: 30185, Epsilon: 0.0100, Buffer: 100000
Episode 87000/500000, Total Reward: 31699, Epsilon: 0.0100, Buffer: 100000
Episode 88000/500000, Total Reward: 32981, Epsilon: 0.0100, Buffer: 100000
Episode 89000/500000, Total Reward: 29170, Epsilon: 0.0100, Buffer: 100000
Episode 90000/500000, Total Reward: 31299, Epsilon: 0.0100, Buffer: 100000
Episode 91000/500000, Total Reward: 32930, Epsilon: 0.0100, Buffer: 100000
Episode 92000/500000, Total Reward: 35453, Epsilon: 0.0100, Buffer: 100000
Episode 93000/500000, Total Reward: 21762, Epsilon: 0.0100, Buffer: 100000
Episode 94000/500000, Total Reward: 26872, Epsilon: 0.0100, Buffer: 100000
Episode 95000/500000, Total Reward: 36099, Epsilon: 0.0100, Buffer: 100000
Episode 96000/500000, Total Reward: 31106, Epsilon: 0.0100, Buffer: 100000
Episode 97000/500000, Total Reward: 30283, Epsilon: 0.0100, Buffer: 100000
Episode 98000/500000, Total Reward: 31090, Epsilon: 0.0100, Buffer: 100000
Episode 99000/500000, Total Reward: 29400, Epsilon: 0.0100, Buffer: 100000
Episode 100000/500000, Total Reward: 26566, Epsilon: 0.0100, Buffer: 100000
Episode 101000/500000, Total Reward: 35327, Epsilon: 0.0100, Buffer: 100000
Episode 102000/500000, Total Reward: 32439, Epsilon: 0.0100, Buffer: 100000
Episode 103000/500000, Total Reward: 34189, Epsilon: 0.0100, Buffer: 100000
Episode 104000/500000, Total Reward: 41495, Epsilon: 0.0100, Buffer: 100000
Episode 105000/500000, Total Reward: 33701, Epsilon: 0.0100, Buffer: 100000
Episode 106000/500000, Total Reward: 30089, Epsilon: 0.0100, Buffer: 100000
Episode 107000/500000, Total Reward: 28739, Epsilon: 0.0100, Buffer: 100000
Episode 108000/500000, Total Reward: 30621, Epsilon: 0.0100, Buffer: 100000
Episode 109000/500000, Total Reward: 23832, Epsilon: 0.0100, Buffer: 100000
Episode 110000/500000, Total Reward: 39009, Epsilon: 0.0100, Buffer: 100000
Episode 111000/500000, Total Reward: 33443, Epsilon: 0.0100, Buffer: 100000
Episode 112000/500000, Total Reward: 26157, Epsilon: 0.0100, Buffer: 100000
Episode 113000/500000, Total Reward: 39354, Epsilon: 0.0100, Buffer: 100000
Episode 114000/500000, Total Reward: 34316, Epsilon: 0.0100, Buffer: 100000
Episode 115000/500000, Total Reward: 35947, Epsilon: 0.0100, Buffer: 100000
Episode 116000/500000, Total Reward: 29981, Epsilon: 0.0100, Buffer: 100000
Episode 117000/500000, Total Reward: 22277, Epsilon: 0.0100, Buffer: 100000
Episode 118000/500000, Total Reward: 35889, Epsilon: 0.0100, Buffer: 100000
Episode 119000/500000, Total Reward: 23857, Epsilon: 0.0100, Buffer: 100000
Episode 120000/500000, Total Reward: 34955, Epsilon: 0.0100, Buffer: 100000
Episode 121000/500000, Total Reward: 38561, Epsilon: 0.0100, Buffer: 100000
Episode 122000/500000, Total Reward: 30268, Epsilon: 0.0100, Buffer: 100000
Episode 123000/500000, Total Reward: 31566, Epsilon: 0.0100, Buffer: 100000
Episode 124000/500000, Total Reward: 32768, Epsilon: 0.0100, Buffer: 100000
Episode 125000/500000, Total Reward: 28076, Epsilon: 0.0100, Buffer: 100000
Episode 126000/500000, Total Reward: 35727, Epsilon: 0.0100, Buffer: 100000
Episode 127000/500000, Total Reward: 24781, Epsilon: 0.0100, Buffer: 100000
Episode 128000/500000, Total Reward: 31775, Epsilon: 0.0100, Buffer: 100000
Episode 129000/500000, Total Reward: 31052, Epsilon: 0.0100, Buffer: 100000
Episode 130000/500000, Total Reward: 28182, Epsilon: 0.0100, Buffer: 100000
Episode 131000/500000, Total Reward: 34875, Epsilon: 0.0100, Buffer: 100000
Episode 132000/500000, Total Reward: 36549, Epsilon: 0.0100, Buffer: 100000
Episode 133000/500000, Total Reward: 28620, Epsilon: 0.0100, Buffer: 100000
Episode 134000/500000, Total Reward: 34184, Epsilon: 0.0100, Buffer: 100000
Episode 135000/500000, Total Reward: 25538, Epsilon: 0.0100, Buffer: 100000
Episode 136000/500000, Total Reward: 26237, Epsilon: 0.0100, Buffer: 100000
Episode 137000/500000, Total Reward: 35074, Epsilon: 0.0100, Buffer: 100000
Episode 138000/500000, Total Reward: 36745, Epsilon: 0.0100, Buffer: 100000
Episode 139000/500000, Total Reward: 37838, Epsilon: 0.0100, Buffer: 100000
Episode 140000/500000, Total Reward: 33023, Epsilon: 0.0100, Buffer: 100000
Episode 141000/500000, Total Reward: 31842, Epsilon: 0.0100, Buffer: 100000
Episode 142000/500000, Total Reward: 26469, Epsilon: 0.0100, Buffer: 100000
Episode 143000/500000, Total Reward: 36859, Epsilon: 0.0100, Buffer: 100000
Episode 144000/500000, Total Reward: 38087, Epsilon: 0.0100, Buffer: 100000
Episode 145000/500000, Total Reward: 32386, Epsilon: 0.0100, Buffer: 100000
Episode 146000/500000, Total Reward: 30638, Epsilon: 0.0100, Buffer: 100000
Episode 147000/500000, Total Reward: 30303, Epsilon: 0.0100, Buffer: 100000
Episode 148000/500000, Total Reward: 26167, Epsilon: 0.0100, Buffer: 100000
Episode 149000/500000, Total Reward: 19920, Epsilon: 0.0100, Buffer: 100000
Episode 150000/500000, Total Reward: 25360, Epsilon: 0.0100, Buffer: 100000
Episode 151000/500000, Total Reward: 33115, Epsilon: 0.0100, Buffer: 100000
Episode 152000/500000, Total Reward: 26809, Epsilon: 0.0100, Buffer: 100000
Episode 153000/500000, Total Reward: 34761, Epsilon: 0.0100, Buffer: 100000
Episode 154000/500000, Total Reward: 34223, Epsilon: 0.0100, Buffer: 100000
Episode 155000/500000, Total Reward: 42236, Epsilon: 0.0100, Buffer: 100000
Episode 156000/500000, Total Reward: 32516, Epsilon: 0.0100, Buffer: 100000
Episode 157000/500000, Total Reward: 32829, Epsilon: 0.0100, Buffer: 100000
Episode 158000/500000, Total Reward: 17724, Epsilon: 0.0100, Buffer: 100000
Episode 159000/500000, Total Reward: 35965, Epsilon: 0.0100, Buffer: 100000
Episode 160000/500000, Total Reward: 18619, Epsilon: 0.0100, Buffer: 100000
Episode 161000/500000, Total Reward: 16248, Epsilon: 0.0100, Buffer: 100000
Episode 162000/500000, Total Reward: 32500, Epsilon: 0.0100, Buffer: 100000
Episode 163000/500000, Total Reward: 32155, Epsilon: 0.0100, Buffer: 100000
Episode 164000/500000, Total Reward: 24458, Epsilon: 0.0100, Buffer: 100000
Episode 165000/500000, Total Reward: -93, Epsilon: 0.0100, Buffer: 100000
Episode 166000/500000, Total Reward: 29517, Epsilon: 0.0100, Buffer: 100000
Episode 167000/500000, Total Reward: 34449, Epsilon: 0.0100, Buffer: 100000
Episode 168000/500000, Total Reward: 34500, Epsilon: 0.0100, Buffer: 100000
Episode 169000/500000, Total Reward: 33782, Epsilon: 0.0100, Buffer: 100000
Episode 170000/500000, Total Reward: 38670, Epsilon: 0.0100, Buffer: 100000
Episode 171000/500000, Total Reward: 36742, Epsilon: 0.0100, Buffer: 100000
Episode 172000/500000, Total Reward: 33622, Epsilon: 0.0100, Buffer: 100000
Episode 173000/500000, Total Reward: 28180, Epsilon: 0.0100, Buffer: 100000
Episode 174000/500000, Total Reward: 30786, Epsilon: 0.0100, Buffer: 100000
Episode 175000/500000, Total Reward: 35065, Epsilon: 0.0100, Buffer: 100000
Episode 176000/500000, Total Reward: 39329, Epsilon: 0.0100, Buffer: 100000
Episode 177000/500000, Total Reward: 36846, Epsilon: 0.0100, Buffer: 100000
Episode 178000/500000, Total Reward: 30240, Epsilon: 0.0100, Buffer: 100000
Episode 179000/500000, Total Reward: 30399, Epsilon: 0.0100, Buffer: 100000
Episode 180000/500000, Total Reward: 20877, Epsilon: 0.0100, Buffer: 100000
Episode 181000/500000, Total Reward: 30334, Epsilon: 0.0100, Buffer: 100000
Episode 182000/500000, Total Reward: 37284, Epsilon: 0.0100, Buffer: 100000
Episode 183000/500000, Total Reward: 32182, Epsilon: 0.0100, Buffer: 100000
Episode 184000/500000, Total Reward: 28890, Epsilon: 0.0100, Buffer: 100000
Episode 185000/500000, Total Reward: 28542, Epsilon: 0.0100, Buffer: 100000
Episode 186000/500000, Total Reward: 33654, Epsilon: 0.0100, Buffer: 100000
Episode 187000/500000, Total Reward: 31384, Epsilon: 0.0100, Buffer: 100000
Episode 188000/500000, Total Reward: 19705, Epsilon: 0.0100, Buffer: 100000
Episode 189000/500000, Total Reward: 33280, Epsilon: 0.0100, Buffer: 100000
Episode 190000/500000, Total Reward: 28654, Epsilon: 0.0100, Buffer: 100000
Episode 191000/500000, Total Reward: 39883, Epsilon: 0.0100, Buffer: 100000
Episode 192000/500000, Total Reward: 38527, Epsilon: 0.0100, Buffer: 100000
Episode 193000/500000, Total Reward: 38552, Epsilon: 0.0100, Buffer: 100000
Episode 194000/500000, Total Reward: 33915, Epsilon: 0.0100, Buffer: 100000
Episode 195000/500000, Total Reward: 30783, Epsilon: 0.0100, Buffer: 100000
Episode 196000/500000, Total Reward: 34084, Epsilon: 0.0100, Buffer: 100000
Episode 197000/500000, Total Reward: 30775, Epsilon: 0.0100, Buffer: 100000
Episode 198000/500000, Total Reward: 27425, Epsilon: 0.0100, Buffer: 100000
Episode 199000/500000, Total Reward: 37386, Epsilon: 0.0100, Buffer: 100000
Episode 200000/500000, Total Reward: 28658, Epsilon: 0.0100, Buffer: 100000
Episode 201000/500000, Total Reward: 22135, Epsilon: 0.0100, Buffer: 100000
Episode 202000/500000, Total Reward: 35968, Epsilon: 0.0100, Buffer: 100000
Episode 203000/500000, Total Reward: 29775, Epsilon: 0.0100, Buffer: 100000
Episode 204000/500000, Total Reward: 38410, Epsilon: 0.0100, Buffer: 100000
Episode 205000/500000, Total Reward: 33574, Epsilon: 0.0100, Buffer: 100000
Episode 206000/500000, Total Reward: 36405, Epsilon: 0.0100, Buffer: 100000
Episode 207000/500000, Total Reward: 27574, Epsilon: 0.0100, Buffer: 100000
Episode 208000/500000, Total Reward: 35365, Epsilon: 0.0100, Buffer: 100000
Episode 209000/500000, Total Reward: 32869, Epsilon: 0.0100, Buffer: 100000
Episode 210000/500000, Total Reward: 33391, Epsilon: 0.0100, Buffer: 100000
Episode 211000/500000, Total Reward: 34433, Epsilon: 0.0100, Buffer: 100000
Episode 212000/500000, Total Reward: 27363, Epsilon: 0.0100, Buffer: 100000
Episode 213000/500000, Total Reward: 29450, Epsilon: 0.0100, Buffer: 100000
Episode 214000/500000, Total Reward: 23590, Epsilon: 0.0100, Buffer: 100000
Episode 215000/500000, Total Reward: 30831, Epsilon: 0.0100, Buffer: 100000
Episode 216000/500000, Total Reward: 37705, Epsilon: 0.0100, Buffer: 100000
Episode 217000/500000, Total Reward: 26892, Epsilon: 0.0100, Buffer: 100000
Episode 218000/500000, Total Reward: 34387, Epsilon: 0.0100, Buffer: 100000
Episode 219000/500000, Total Reward: 32043, Epsilon: 0.0100, Buffer: 100000
Episode 220000/500000, Total Reward: 38961, Epsilon: 0.0100, Buffer: 100000
Episode 221000/500000, Total Reward: 32306, Epsilon: 0.0100, Buffer: 100000
Episode 222000/500000, Total Reward: 33802, Epsilon: 0.0100, Buffer: 100000
Episode 223000/500000, Total Reward: 34682, Epsilon: 0.0100, Buffer: 100000
Episode 224000/500000, Total Reward: 38655, Epsilon: 0.0100, Buffer: 100000
Episode 225000/500000, Total Reward: 28818, Epsilon: 0.0100, Buffer: 100000
Episode 226000/500000, Total Reward: 29344, Epsilon: 0.0100, Buffer: 100000
Episode 227000/500000, Total Reward: 20098, Epsilon: 0.0100, Buffer: 100000
Episode 228000/500000, Total Reward: 32164, Epsilon: 0.0100, Buffer: 100000
Episode 229000/500000, Total Reward: 36970, Epsilon: 0.0100, Buffer: 100000
Episode 230000/500000, Total Reward: 37484, Epsilon: 0.0100, Buffer: 100000
Episode 231000/500000, Total Reward: 36672, Epsilon: 0.0100, Buffer: 100000
Episode 232000/500000, Total Reward: 37553, Epsilon: 0.0100, Buffer: 100000
Episode 233000/500000, Total Reward: 33675, Epsilon: 0.0100, Buffer: 100000
Episode 234000/500000, Total Reward: 28015, Epsilon: 0.0100, Buffer: 100000
Episode 235000/500000, Total Reward: 28581, Epsilon: 0.0100, Buffer: 100000
Episode 236000/500000, Total Reward: 32852, Epsilon: 0.0100, Buffer: 100000
Episode 237000/500000, Total Reward: 27989, Epsilon: 0.0100, Buffer: 100000
Episode 238000/500000, Total Reward: 37254, Epsilon: 0.0100, Buffer: 100000
Episode 239000/500000, Total Reward: 30772, Epsilon: 0.0100, Buffer: 100000
Episode 240000/500000, Total Reward: 26198, Epsilon: 0.0100, Buffer: 100000
Episode 241000/500000, Total Reward: 27478, Epsilon: 0.0100, Buffer: 100000
Episode 242000/500000, Total Reward: 27331, Epsilon: 0.0100, Buffer: 100000
Episode 243000/500000, Total Reward: 34287, Epsilon: 0.0100, Buffer: 100000
Episode 244000/500000, Total Reward: 35673, Epsilon: 0.0100, Buffer: 100000
Episode 245000/500000, Total Reward: 35015, Epsilon: 0.0100, Buffer: 100000
Episode 246000/500000, Total Reward: 25599, Epsilon: 0.0100, Buffer: 100000
Episode 247000/500000, Total Reward: 25101, Epsilon: 0.0100, Buffer: 100000
Episode 248000/500000, Total Reward: 34018, Epsilon: 0.0100, Buffer: 100000
Episode 249000/500000, Total Reward: 31437, Epsilon: 0.0100, Buffer: 100000
Episode 250000/500000, Total Reward: 28031, Epsilon: 0.0100, Buffer: 100000
Episode 251000/500000, Total Reward: 33011, Epsilon: 0.0100, Buffer: 100000
Episode 252000/500000, Total Reward: 29294, Epsilon: 0.0100, Buffer: 100000
Episode 253000/500000, Total Reward: 35107, Epsilon: 0.0100, Buffer: 100000
Episode 254000/500000, Total Reward: 30245, Epsilon: 0.0100, Buffer: 100000
Episode 255000/500000, Total Reward: 32010, Epsilon: 0.0100, Buffer: 100000
Episode 256000/500000, Total Reward: 35161, Epsilon: 0.0100, Buffer: 100000
Episode 257000/500000, Total Reward: 31072, Epsilon: 0.0100, Buffer: 100000
Episode 258000/500000, Total Reward: 20211, Epsilon: 0.0100, Buffer: 100000
Episode 259000/500000, Total Reward: 27259, Epsilon: 0.0100, Buffer: 100000
Episode 260000/500000, Total Reward: 30880, Epsilon: 0.0100, Buffer: 100000
Episode 261000/500000, Total Reward: 40375, Epsilon: 0.0100, Buffer: 100000
Episode 262000/500000, Total Reward: 31444, Epsilon: 0.0100, Buffer: 100000
Episode 263000/500000, Total Reward: 30656, Epsilon: 0.0100, Buffer: 100000
Episode 264000/500000, Total Reward: 25325, Epsilon: 0.0100, Buffer: 100000
Episode 265000/500000, Total Reward: 17373, Epsilon: 0.0100, Buffer: 100000
Episode 266000/500000, Total Reward: 26592, Epsilon: 0.0100, Buffer: 100000
Episode 267000/500000, Total Reward: 37317, Epsilon: 0.0100, Buffer: 100000
Episode 268000/500000, Total Reward: 26794, Epsilon: 0.0100, Buffer: 100000
Episode 269000/500000, Total Reward: 34938, Epsilon: 0.0100, Buffer: 100000
Episode 270000/500000, Total Reward: 24268, Epsilon: 0.0100, Buffer: 100000
Episode 271000/500000, Total Reward: 22437, Epsilon: 0.0100, Buffer: 100000
Episode 272000/500000, Total Reward: 27300, Epsilon: 0.0100, Buffer: 100000
Episode 273000/500000, Total Reward: 27346, Epsilon: 0.0100, Buffer: 100000
Episode 274000/500000, Total Reward: 32894, Epsilon: 0.0100, Buffer: 100000
Episode 275000/500000, Total Reward: 26486, Epsilon: 0.0100, Buffer: 100000
Episode 276000/500000, Total Reward: 23591, Epsilon: 0.0100, Buffer: 100000
Episode 277000/500000, Total Reward: 31110, Epsilon: 0.0100, Buffer: 100000
Episode 278000/500000, Total Reward: 34644, Epsilon: 0.0100, Buffer: 100000
Episode 279000/500000, Total Reward: 26435, Epsilon: 0.0100, Buffer: 100000
Episode 280000/500000, Total Reward: 33463, Epsilon: 0.0100, Buffer: 100000
Episode 281000/500000, Total Reward: 27202, Epsilon: 0.0100, Buffer: 100000
Episode 282000/500000, Total Reward: 30500, Epsilon: 0.0100, Buffer: 100000
Episode 283000/500000, Total Reward: 27523, Epsilon: 0.0100, Buffer: 100000
Episode 284000/500000, Total Reward: 28331, Epsilon: 0.0100, Buffer: 100000
Episode 285000/500000, Total Reward: 32370, Epsilon: 0.0100, Buffer: 100000
Episode 286000/500000, Total Reward: 18427, Epsilon: 0.0100, Buffer: 100000
Episode 287000/500000, Total Reward: 30423, Epsilon: 0.0100, Buffer: 100000
Episode 288000/500000, Total Reward: 24766, Epsilon: 0.0100, Buffer: 100000
Episode 289000/500000, Total Reward: 24669, Epsilon: 0.0100, Buffer: 100000
Episode 290000/500000, Total Reward: 38677, Epsilon: 0.0100, Buffer: 100000
Episode 291000/500000, Total Reward: 35221, Epsilon: 0.0100, Buffer: 100000
Episode 292000/500000, Total Reward: 39686, Epsilon: 0.0100, Buffer: 100000
Episode 293000/500000, Total Reward: 31928, Epsilon: 0.0100, Buffer: 100000
Episode 294000/500000, Total Reward: 32627, Epsilon: 0.0100, Buffer: 100000
Episode 295000/500000, Total Reward: 35121, Epsilon: 0.0100, Buffer: 100000
Episode 296000/500000, Total Reward: 39255, Epsilon: 0.0100, Buffer: 100000
Episode 297000/500000, Total Reward: 31817, Epsilon: 0.0100, Buffer: 100000
Episode 298000/500000, Total Reward: 33460, Epsilon: 0.0100, Buffer: 100000
Episode 299000/500000, Total Reward: 29248, Epsilon: 0.0100, Buffer: 100000
Episode 300000/500000, Total Reward: 26696, Epsilon: 0.0100, Buffer: 100000
Episode 301000/500000, Total Reward: 38576, Epsilon: 0.0100, Buffer: 100000
Episode 302000/500000, Total Reward: 33578, Epsilon: 0.0100, Buffer: 100000
Episode 303000/500000, Total Reward: 18224, Epsilon: 0.0100, Buffer: 100000
Episode 304000/500000, Total Reward: 33516, Epsilon: 0.0100, Buffer: 100000
Episode 305000/500000, Total Reward: 35940, Epsilon: 0.0100, Buffer: 100000
Episode 306000/500000, Total Reward: 25966, Epsilon: 0.0100, Buffer: 100000
Episode 307000/500000, Total Reward: 27673, Epsilon: 0.0100, Buffer: 100000
Episode 308000/500000, Total Reward: 33218, Epsilon: 0.0100, Buffer: 100000
Episode 309000/500000, Total Reward: 27819, Epsilon: 0.0100, Buffer: 100000
Episode 310000/500000, Total Reward: 26001, Epsilon: 0.0100, Buffer: 100000
Episode 311000/500000, Total Reward: 35448, Epsilon: 0.0100, Buffer: 100000
Episode 312000/500000, Total Reward: 24638, Epsilon: 0.0100, Buffer: 100000
Episode 313000/500000, Total Reward: 29717, Epsilon: 0.0100, Buffer: 100000
Episode 314000/500000, Total Reward: 35670, Epsilon: 0.0100, Buffer: 100000
Episode 315000/500000, Total Reward: 23925, Epsilon: 0.0100, Buffer: 100000
Episode 316000/500000, Total Reward: 24936, Epsilon: 0.0100, Buffer: 100000
Episode 317000/500000, Total Reward: 36203, Epsilon: 0.0100, Buffer: 100000
Episode 318000/500000, Total Reward: 11, Epsilon: 0.0100, Buffer: 100000
Episode 319000/500000, Total Reward: 35138, Epsilon: 0.0100, Buffer: 100000
Episode 320000/500000, Total Reward: 27845, Epsilon: 0.0100, Buffer: 100000
Episode 321000/500000, Total Reward: 30597, Epsilon: 0.0100, Buffer: 100000
Episode 322000/500000, Total Reward: 36685, Epsilon: 0.0100, Buffer: 100000
Episode 323000/500000, Total Reward: 32043, Epsilon: 0.0100, Buffer: 100000
Episode 324000/500000, Total Reward: 39957, Epsilon: 0.0100, Buffer: 100000
Episode 325000/500000, Total Reward: 31764, Epsilon: 0.0100, Buffer: 100000
Episode 326000/500000, Total Reward: 31410, Epsilon: 0.0100, Buffer: 100000
Episode 327000/500000, Total Reward: 29147, Epsilon: 0.0100, Buffer: 100000
Episode 328000/500000, Total Reward: 38043, Epsilon: 0.0100, Buffer: 100000
Episode 329000/500000, Total Reward: 32309, Epsilon: 0.0100, Buffer: 100000
Episode 330000/500000, Total Reward: 38937, Epsilon: 0.0100, Buffer: 100000
Episode 331000/500000, Total Reward: 28270, Epsilon: 0.0100, Buffer: 100000
Episode 332000/500000, Total Reward: 38734, Epsilon: 0.0100, Buffer: 100000
Episode 333000/500000, Total Reward: 28188, Epsilon: 0.0100, Buffer: 100000
Episode 334000/500000, Total Reward: 39235, Epsilon: 0.0100, Buffer: 100000
Episode 335000/500000, Total Reward: 40399, Epsilon: 0.0100, Buffer: 100000
Episode 336000/500000, Total Reward: 33628, Epsilon: 0.0100, Buffer: 100000
Episode 337000/500000, Total Reward: 34165, Epsilon: 0.0100, Buffer: 100000
Episode 338000/500000, Total Reward: 20483, Epsilon: 0.0100, Buffer: 100000
Episode 339000/500000, Total Reward: 28135, Epsilon: 0.0100, Buffer: 100000
Episode 340000/500000, Total Reward: 26551, Epsilon: 0.0100, Buffer: 100000
Episode 341000/500000, Total Reward: 30852, Epsilon: 0.0100, Buffer: 100000
Episode 342000/500000, Total Reward: 34437, Epsilon: 0.0100, Buffer: 100000
Episode 343000/500000, Total Reward: 26606, Epsilon: 0.0100, Buffer: 100000
Episode 344000/500000, Total Reward: 23968, Epsilon: 0.0100, Buffer: 100000
Episode 345000/500000, Total Reward: 32832, Epsilon: 0.0100, Buffer: 100000
Episode 346000/500000, Total Reward: 23682, Epsilon: 0.0100, Buffer: 100000
Episode 347000/500000, Total Reward: 21181, Epsilon: 0.0100, Buffer: 100000
Episode 348000/500000, Total Reward: 27023, Epsilon: 0.0100, Buffer: 100000
Episode 349000/500000, Total Reward: 30707, Epsilon: 0.0100, Buffer: 100000
Episode 350000/500000, Total Reward: 24020, Epsilon: 0.0100, Buffer: 100000
Episode 351000/500000, Total Reward: 22138, Epsilon: 0.0100, Buffer: 100000
Episode 352000/500000, Total Reward: 33222, Epsilon: 0.0100, Buffer: 100000
Episode 353000/500000, Total Reward: 36538, Epsilon: 0.0100, Buffer: 100000
Episode 354000/500000, Total Reward: 22025, Epsilon: 0.0100, Buffer: 100000
Episode 355000/500000, Total Reward: 27064, Epsilon: 0.0100, Buffer: 100000
Episode 356000/500000, Total Reward: 32790, Epsilon: 0.0100, Buffer: 100000
Episode 357000/500000, Total Reward: 32592, Epsilon: 0.0100, Buffer: 100000
Episode 358000/500000, Total Reward: 26524, Epsilon: 0.0100, Buffer: 100000
Episode 359000/500000, Total Reward: 30024, Epsilon: 0.0100, Buffer: 100000
Episode 360000/500000, Total Reward: 37570, Epsilon: 0.0100, Buffer: 100000
Episode 361000/500000, Total Reward: 25517, Epsilon: 0.0100, Buffer: 100000
Episode 362000/500000, Total Reward: 23345, Epsilon: 0.0100, Buffer: 100000
Episode 363000/500000, Total Reward: 32025, Epsilon: 0.0100, Buffer: 100000
Episode 364000/500000, Total Reward: 38788, Epsilon: 0.0100, Buffer: 100000
Episode 365000/500000, Total Reward: 36118, Epsilon: 0.0100, Buffer: 100000
Episode 366000/500000, Total Reward: 39554, Epsilon: 0.0100, Buffer: 100000
Episode 367000/500000, Total Reward: 36495, Epsilon: 0.0100, Buffer: 100000
Episode 368000/500000, Total Reward: 38299, Epsilon: 0.0100, Buffer: 100000
Episode 369000/500000, Total Reward: 37599, Epsilon: 0.0100, Buffer: 100000
Episode 370000/500000, Total Reward: 38064, Epsilon: 0.0100, Buffer: 100000
Episode 371000/500000, Total Reward: 33557, Epsilon: 0.0100, Buffer: 100000
Episode 372000/500000, Total Reward: 11691, Epsilon: 0.0100, Buffer: 100000
Episode 373000/500000, Total Reward: 28162, Epsilon: 0.0100, Buffer: 100000
Episode 374000/500000, Total Reward: 23988, Epsilon: 0.0100, Buffer: 100000
Episode 375000/500000, Total Reward: 35521, Epsilon: 0.0100, Buffer: 100000
Episode 376000/500000, Total Reward: 26694, Epsilon: 0.0100, Buffer: 100000
Episode 377000/500000, Total Reward: 31816, Epsilon: 0.0100, Buffer: 100000
Episode 378000/500000, Total Reward: 23765, Epsilon: 0.0100, Buffer: 100000
Episode 379000/500000, Total Reward: 35550, Epsilon: 0.0100, Buffer: 100000
Episode 380000/500000, Total Reward: 38278, Epsilon: 0.0100, Buffer: 100000
Episode 381000/500000, Total Reward: 33687, Epsilon: 0.0100, Buffer: 100000
Episode 382000/500000, Total Reward: 37931, Epsilon: 0.0100, Buffer: 100000
Episode 383000/500000, Total Reward: 37686, Epsilon: 0.0100, Buffer: 100000
Episode 384000/500000, Total Reward: 29001, Epsilon: 0.0100, Buffer: 100000
Episode 385000/500000, Total Reward: 36228, Epsilon: 0.0100, Buffer: 100000
Episode 386000/500000, Total Reward: 27847, Epsilon: 0.0100, Buffer: 100000
Episode 387000/500000, Total Reward: 28082, Epsilon: 0.0100, Buffer: 100000
Episode 388000/500000, Total Reward: 38081, Epsilon: 0.0100, Buffer: 100000
Episode 389000/500000, Total Reward: 33814, Epsilon: 0.0100, Buffer: 100000
Episode 390000/500000, Total Reward: 33912, Epsilon: 0.0100, Buffer: 100000
Episode 391000/500000, Total Reward: 25635, Epsilon: 0.0100, Buffer: 100000
Episode 392000/500000, Total Reward: 39446, Epsilon: 0.0100, Buffer: 100000
Episode 393000/500000, Total Reward: 26254, Epsilon: 0.0100, Buffer: 100000
Episode 394000/500000, Total Reward: 31735, Epsilon: 0.0100, Buffer: 100000
Episode 395000/500000, Total Reward: 24283, Epsilon: 0.0100, Buffer: 100000
Episode 396000/500000, Total Reward: 37932, Epsilon: 0.0100, Buffer: 100000
Episode 397000/500000, Total Reward: 25421, Epsilon: 0.0100, Buffer: 100000
Episode 398000/500000, Total Reward: 23901, Epsilon: 0.0100, Buffer: 100000
Episode 399000/500000, Total Reward: 22224, Epsilon: 0.0100, Buffer: 100000
Episode 400000/500000, Total Reward: 36181, Epsilon: 0.0100, Buffer: 100000
Episode 401000/500000, Total Reward: 34111, Epsilon: 0.0100, Buffer: 100000
Episode 402000/500000, Total Reward: 33924, Epsilon: 0.0100, Buffer: 100000
Episode 403000/500000, Total Reward: 30794, Epsilon: 0.0100, Buffer: 100000
Episode 404000/500000, Total Reward: 35955, Epsilon: 0.0100, Buffer: 100000
Episode 405000/500000, Total Reward: 30343, Epsilon: 0.0100, Buffer: 100000
Episode 406000/500000, Total Reward: 33871, Epsilon: 0.0100, Buffer: 100000
Episode 407000/500000, Total Reward: 29111, Epsilon: 0.0100, Buffer: 100000
Episode 408000/500000, Total Reward: 25601, Epsilon: 0.0100, Buffer: 100000
Episode 409000/500000, Total Reward: 37999, Epsilon: 0.0100, Buffer: 100000
Episode 410000/500000, Total Reward: 37504, Epsilon: 0.0100, Buffer: 100000
Episode 411000/500000, Total Reward: 31037, Epsilon: 0.0100, Buffer: 100000
Episode 412000/500000, Total Reward: 30856, Epsilon: 0.0100, Buffer: 100000
Episode 413000/500000, Total Reward: 29817, Epsilon: 0.0100, Buffer: 100000
Episode 414000/500000, Total Reward: 38064, Epsilon: 0.0100, Buffer: 100000
Episode 415000/500000, Total Reward: 31470, Epsilon: 0.0100, Buffer: 100000
Episode 416000/500000, Total Reward: 28557, Epsilon: 0.0100, Buffer: 100000
Episode 417000/500000, Total Reward: 27054, Epsilon: 0.0100, Buffer: 100000
Episode 418000/500000, Total Reward: 39279, Epsilon: 0.0100, Buffer: 100000
Episode 419000/500000, Total Reward: 30121, Epsilon: 0.0100, Buffer: 100000
Episode 420000/500000, Total Reward: 24705, Epsilon: 0.0100, Buffer: 100000
Episode 421000/500000, Total Reward: 24445, Epsilon: 0.0100, Buffer: 100000
Episode 422000/500000, Total Reward: 34056, Epsilon: 0.0100, Buffer: 100000
Episode 423000/500000, Total Reward: 24282, Epsilon: 0.0100, Buffer: 100000
Episode 424000/500000, Total Reward: 33632, Epsilon: 0.0100, Buffer: 100000
Episode 425000/500000, Total Reward: 35131, Epsilon: 0.0100, Buffer: 100000
Episode 426000/500000, Total Reward: 33636, Epsilon: 0.0100, Buffer: 100000
Episode 427000/500000, Total Reward: 32744, Epsilon: 0.0100, Buffer: 100000
Episode 428000/500000, Total Reward: 32648, Epsilon: 0.0100, Buffer: 100000
Episode 429000/500000, Total Reward: 37489, Epsilon: 0.0100, Buffer: 100000
Episode 430000/500000, Total Reward: 26276, Epsilon: 0.0100, Buffer: 100000
Episode 431000/500000, Total Reward: 35546, Epsilon: 0.0100, Buffer: 100000
Episode 432000/500000, Total Reward: 27444, Epsilon: 0.0100, Buffer: 100000
Episode 433000/500000, Total Reward: 30086, Epsilon: 0.0100, Buffer: 100000
Episode 434000/500000, Total Reward: 22130, Epsilon: 0.0100, Buffer: 100000
Episode 435000/500000, Total Reward: 33435, Epsilon: 0.0100, Buffer: 100000
Episode 436000/500000, Total Reward: 44976, Epsilon: 0.0100, Buffer: 100000
Episode 437000/500000, Total Reward: 34444, Epsilon: 0.0100, Buffer: 100000
Episode 438000/500000, Total Reward: 37212, Epsilon: 0.0100, Buffer: 100000
Episode 439000/500000, Total Reward: 34111, Epsilon: 0.0100, Buffer: 100000
Episode 440000/500000, Total Reward: 25258, Epsilon: 0.0100, Buffer: 100000
Episode 441000/500000, Total Reward: 34308, Epsilon: 0.0100, Buffer: 100000
Episode 442000/500000, Total Reward: 15678, Epsilon: 0.0100, Buffer: 100000
Episode 443000/500000, Total Reward: 36008, Epsilon: 0.0100, Buffer: 100000
Episode 444000/500000, Total Reward: 30779, Epsilon: 0.0100, Buffer: 100000
Episode 445000/500000, Total Reward: 34456, Epsilon: 0.0100, Buffer: 100000
Episode 446000/500000, Total Reward: 35754, Epsilon: 0.0100, Buffer: 100000
Episode 447000/500000, Total Reward: 29988, Epsilon: 0.0100, Buffer: 100000
Episode 448000/500000, Total Reward: 32473, Epsilon: 0.0100, Buffer: 100000
Episode 449000/500000, Total Reward: 24999, Epsilon: 0.0100, Buffer: 100000
Episode 450000/500000, Total Reward: 33096, Epsilon: 0.0100, Buffer: 100000
Episode 451000/500000, Total Reward: 30591, Epsilon: 0.0100, Buffer: 100000
Episode 452000/500000, Total Reward: 28514, Epsilon: 0.0100, Buffer: 100000
Episode 453000/500000, Total Reward: 40295, Epsilon: 0.0100, Buffer: 100000
Episode 454000/500000, Total Reward: 27237, Epsilon: 0.0100, Buffer: 100000
Episode 455000/500000, Total Reward: 25963, Epsilon: 0.0100, Buffer: 100000
Episode 456000/500000, Total Reward: 31327, Epsilon: 0.0100, Buffer: 100000
Episode 457000/500000, Total Reward: 31123, Epsilon: 0.0100, Buffer: 100000
Episode 458000/500000, Total Reward: 37778, Epsilon: 0.0100, Buffer: 100000
Episode 459000/500000, Total Reward: 32202, Epsilon: 0.0100, Buffer: 100000
Episode 460000/500000, Total Reward: 17682, Epsilon: 0.0100, Buffer: 100000
Episode 461000/500000, Total Reward: 29821, Epsilon: 0.0100, Buffer: 100000
Episode 462000/500000, Total Reward: 30913, Epsilon: 0.0100, Buffer: 100000
Episode 463000/500000, Total Reward: 30808, Epsilon: 0.0100, Buffer: 100000
Episode 464000/500000, Total Reward: 26773, Epsilon: 0.0100, Buffer: 100000
Episode 465000/500000, Total Reward: 34295, Epsilon: 0.0100, Buffer: 100000
Episode 466000/500000, Total Reward: 29266, Epsilon: 0.0100, Buffer: 100000
Episode 467000/500000, Total Reward: 32042, Epsilon: 0.0100, Buffer: 100000
Episode 468000/500000, Total Reward: 40456, Epsilon: 0.0100, Buffer: 100000
Episode 469000/500000, Total Reward: 19150, Epsilon: 0.0100, Buffer: 100000
Episode 470000/500000, Total Reward: 26195, Epsilon: 0.0100, Buffer: 100000
Episode 471000/500000, Total Reward: 33468, Epsilon: 0.0100, Buffer: 100000
Episode 472000/500000, Total Reward: 33325, Epsilon: 0.0100, Buffer: 100000
Episode 473000/500000, Total Reward: 28948, Epsilon: 0.0100, Buffer: 100000
Episode 474000/500000, Total Reward: 24971, Epsilon: 0.0100, Buffer: 100000
Episode 475000/500000, Total Reward: 27993, Epsilon: 0.0100, Buffer: 100000
Episode 476000/500000, Total Reward: 35959, Epsilon: 0.0100, Buffer: 100000
Episode 477000/500000, Total Reward: 25973, Epsilon: 0.0100, Buffer: 100000
Episode 478000/500000, Total Reward: 28928, Epsilon: 0.0100, Buffer: 100000
Episode 479000/500000, Total Reward: 36714, Epsilon: 0.0100, Buffer: 100000
Episode 480000/500000, Total Reward: 32672, Epsilon: 0.0100, Buffer: 100000
Episode 481000/500000, Total Reward: 32630, Epsilon: 0.0100, Buffer: 100000
Episode 482000/500000, Total Reward: 19511, Epsilon: 0.0100, Buffer: 100000
Episode 483000/500000, Total Reward: 35365, Epsilon: 0.0100, Buffer: 100000
Episode 484000/500000, Total Reward: 22602, Epsilon: 0.0100, Buffer: 100000
Episode 485000/500000, Total Reward: 35383, Epsilon: 0.0100, Buffer: 100000
Episode 486000/500000, Total Reward: 34087, Epsilon: 0.0100, Buffer: 100000
Episode 487000/500000, Total Reward: 30568, Epsilon: 0.0100, Buffer: 100000
Episode 488000/500000, Total Reward: 32906, Epsilon: 0.0100, Buffer: 100000
Episode 489000/500000, Total Reward: 36328, Epsilon: 0.0100, Buffer: 100000
Episode 490000/500000, Total Reward: 26306, Epsilon: 0.0100, Buffer: 100000
Episode 491000/500000, Total Reward: 30729, Epsilon: 0.0100, Buffer: 100000
Episode 492000/500000, Total Reward: 29549, Epsilon: 0.0100, Buffer: 100000
Episode 493000/500000, Total Reward: 32928, Epsilon: 0.0100, Buffer: 100000
Episode 494000/500000, Total Reward: 32194, Epsilon: 0.0100, Buffer: 100000
Episode 495000/500000, Total Reward: 34854, Epsilon: 0.0100, Buffer: 100000
Episode 496000/500000, Total Reward: 38679, Epsilon: 0.0100, Buffer: 100000
Episode 497000/500000, Total Reward: 36861, Epsilon: 0.0100, Buffer: 100000
Episode 498000/500000, Total Reward: 33694, Epsilon: 0.0100, Buffer: 100000
Episode 499000/500000, Total Reward: 29886, Epsilon: 0.0100, Buffer: 100000
Episode 500000/500000, Total Reward: 31353, Epsilon: 0.0100, Buffer: 100000
Extracting Q-table from DQN for compatibility...
Saved DQN model to outputs/DQN_BL_500t_model.pth
Saved Q-table (for compatibility) to outputs/DQN_BL_500t.pkl

Learned DQN Q-table (sample):
State: (0, 0, 9, 0)
  Action: keep, Q-value: 4059.68
  Action: replace, Q-value: 2966.75
State: (1, 1, 0, 0)
  Action: keep, Q-value: 3580.10
  Action: replace, Q-value: 2999.12
State: (1, 1, 0, 1)
  Action: keep, Q-value: 3175.69
  Action: replace, Q-value: 2906.36
State: (1, 2, 0, 0)
  Action: keep, Q-value: 3625.54
  Action: replace, Q-value: 2984.38
State: (1, 2, 0, 1)
  Action: keep, Q-value: 3144.19
  Action: replace, Q-value: 2909.85
State: (1, 3, 0, 0)
  Action: keep, Q-value: 3610.07
  Action: replace, Q-value: 2987.73
State: (1, 3, 0, 1)
  Action: keep, Q-value: 3110.65
  Action: replace, Q-value: 2912.42
State: (1, 4, 0, 0)
  Action: keep, Q-value: 3544.14
  Action: replace, Q-value: 2990.51
State: (1, 4, 0, 1)
  Action: keep, Q-value: 3020.39
  Action: replace, Q-value: 2914.91
State: (1, 4, 1, 0)
  Action: keep, Q-value: 3778.52
  Action: replace, Q-value: 2993.32
Total states: 3289

Time taken for training: 55155.75 seconds
Average reward (last 1000 episodes): 31269.15
--- Run ended 2026-01-30 07:26:01 ---

--- Run started 2026-01-30 10:57:52 ---

======================================================================
LOADING EXISTING MODEL
======================================================================
Model file: outputs/DQN_BL_500t_model.pth
Loaded 500000 previous episodes
Continuing from epsilon: 0.0100
Previous final reward: 31353
======================================================================

Starting DQN training for 500000 episodes...
Episode 1000/500000, Total Reward: 36656, Epsilon: 0.0100, Buffer: 100000
Episode 2000/500000, Total Reward: 38590, Epsilon: 0.0100, Buffer: 100000
Episode 3000/500000, Total Reward: 24707, Epsilon: 0.0100, Buffer: 100000
Episode 4000/500000, Total Reward: 37031, Epsilon: 0.0100, Buffer: 100000
Episode 5000/500000, Total Reward: 29795, Epsilon: 0.0100, Buffer: 100000
Episode 6000/500000, Total Reward: 26579, Epsilon: 0.0100, Buffer: 100000
Episode 7000/500000, Total Reward: 34383, Epsilon: 0.0100, Buffer: 100000
Episode 8000/500000, Total Reward: 29997, Epsilon: 0.0100, Buffer: 100000
Episode 9000/500000, Total Reward: 28199, Epsilon: 0.0100, Buffer: 100000
Episode 10000/500000, Total Reward: 37668, Epsilon: 0.0100, Buffer: 100000
Episode 11000/500000, Total Reward: 25756, Epsilon: 0.0100, Buffer: 100000
Episode 12000/500000, Total Reward: 25439, Epsilon: 0.0100, Buffer: 100000
Episode 13000/500000, Total Reward: 28195, Epsilon: 0.0100, Buffer: 100000
Episode 14000/500000, Total Reward: 28224, Epsilon: 0.0100, Buffer: 100000
Episode 15000/500000, Total Reward: 27600, Epsilon: 0.0100, Buffer: 100000
Episode 16000/500000, Total Reward: 35991, Epsilon: 0.0100, Buffer: 100000
Episode 17000/500000, Total Reward: 30511, Epsilon: 0.0100, Buffer: 100000
Episode 18000/500000, Total Reward: 35801, Epsilon: 0.0100, Buffer: 100000
Episode 19000/500000, Total Reward: 26501, Epsilon: 0.0100, Buffer: 100000
Episode 20000/500000, Total Reward: 35093, Epsilon: 0.0100, Buffer: 100000
Episode 21000/500000, Total Reward: 32208, Epsilon: 0.0100, Buffer: 100000
Episode 22000/500000, Total Reward: 22874, Epsilon: 0.0100, Buffer: 100000
Episode 23000/500000, Total Reward: 25751, Epsilon: 0.0100, Buffer: 100000
Episode 24000/500000, Total Reward: 36282, Epsilon: 0.0100, Buffer: 100000
Episode 25000/500000, Total Reward: 29478, Epsilon: 0.0100, Buffer: 100000
Episode 26000/500000, Total Reward: 30779, Epsilon: 0.0100, Buffer: 100000
Episode 27000/500000, Total Reward: 30210, Epsilon: 0.0100, Buffer: 100000
Episode 28000/500000, Total Reward: 37388, Epsilon: 0.0100, Buffer: 100000
Episode 29000/500000, Total Reward: 32388, Epsilon: 0.0100, Buffer: 100000
Episode 30000/500000, Total Reward: 29360, Epsilon: 0.0100, Buffer: 100000
Episode 31000/500000, Total Reward: 28647, Epsilon: 0.0100, Buffer: 100000
Episode 32000/500000, Total Reward: 31427, Epsilon: 0.0100, Buffer: 100000
Episode 33000/500000, Total Reward: 33178, Epsilon: 0.0100, Buffer: 100000
Episode 34000/500000, Total Reward: 30678, Epsilon: 0.0100, Buffer: 100000
Episode 35000/500000, Total Reward: 20329, Epsilon: 0.0100, Buffer: 100000
Episode 36000/500000, Total Reward: 35570, Epsilon: 0.0100, Buffer: 100000
Episode 37000/500000, Total Reward: 31068, Epsilon: 0.0100, Buffer: 100000
Episode 38000/500000, Total Reward: 35545, Epsilon: 0.0100, Buffer: 100000
Episode 39000/500000, Total Reward: 33385, Epsilon: 0.0100, Buffer: 100000
Episode 40000/500000, Total Reward: 37448, Epsilon: 0.0100, Buffer: 100000
Episode 41000/500000, Total Reward: 26845, Epsilon: 0.0100, Buffer: 100000
Episode 42000/500000, Total Reward: 29948, Epsilon: 0.0100, Buffer: 100000
Episode 43000/500000, Total Reward: 30116, Epsilon: 0.0100, Buffer: 100000
Episode 44000/500000, Total Reward: 28282, Epsilon: 0.0100, Buffer: 100000
Episode 45000/500000, Total Reward: 35948, Epsilon: 0.0100, Buffer: 100000
Episode 46000/500000, Total Reward: 17250, Epsilon: 0.0100, Buffer: 100000
Episode 47000/500000, Total Reward: 30086, Epsilon: 0.0100, Buffer: 100000
Episode 48000/500000, Total Reward: 31040, Epsilon: 0.0100, Buffer: 100000
Episode 49000/500000, Total Reward: 20914, Epsilon: 0.0100, Buffer: 100000
Episode 50000/500000, Total Reward: 34482, Epsilon: 0.0100, Buffer: 100000
Episode 51000/500000, Total Reward: 36200, Epsilon: 0.0100, Buffer: 100000
Episode 52000/500000, Total Reward: 38777, Epsilon: 0.0100, Buffer: 100000
Episode 53000/500000, Total Reward: 27231, Epsilon: 0.0100, Buffer: 100000
Episode 54000/500000, Total Reward: 30185, Epsilon: 0.0100, Buffer: 100000
Episode 55000/500000, Total Reward: 29900, Epsilon: 0.0100, Buffer: 100000
Episode 56000/500000, Total Reward: 38696, Epsilon: 0.0100, Buffer: 100000
Episode 57000/500000, Total Reward: 30996, Epsilon: 0.0100, Buffer: 100000
Episode 58000/500000, Total Reward: 30666, Epsilon: 0.0100, Buffer: 100000
Episode 59000/500000, Total Reward: 39884, Epsilon: 0.0100, Buffer: 100000
Episode 60000/500000, Total Reward: 32499, Epsilon: 0.0100, Buffer: 100000
Episode 61000/500000, Total Reward: 28883, Epsilon: 0.0100, Buffer: 100000
Episode 62000/500000, Total Reward: 30031, Epsilon: 0.0100, Buffer: 100000
Episode 63000/500000, Total Reward: 25183, Epsilon: 0.0100, Buffer: 100000
Episode 64000/500000, Total Reward: 26598, Epsilon: 0.0100, Buffer: 100000
Episode 65000/500000, Total Reward: 39693, Epsilon: 0.0100, Buffer: 100000
Episode 66000/500000, Total Reward: 30352, Epsilon: 0.0100, Buffer: 100000
Episode 67000/500000, Total Reward: 37439, Epsilon: 0.0100, Buffer: 100000
Episode 68000/500000, Total Reward: 26090, Epsilon: 0.0100, Buffer: 100000
Episode 69000/500000, Total Reward: 34637, Epsilon: 0.0100, Buffer: 100000
Episode 70000/500000, Total Reward: 27109, Epsilon: 0.0100, Buffer: 100000
Episode 71000/500000, Total Reward: 28335, Epsilon: 0.0100, Buffer: 100000
Episode 72000/500000, Total Reward: 28661, Epsilon: 0.0100, Buffer: 100000
Episode 73000/500000, Total Reward: 36217, Epsilon: 0.0100, Buffer: 100000
Episode 74000/500000, Total Reward: 22709, Epsilon: 0.0100, Buffer: 100000
Episode 75000/500000, Total Reward: 31827, Epsilon: 0.0100, Buffer: 100000
Episode 76000/500000, Total Reward: 34654, Epsilon: 0.0100, Buffer: 100000
Episode 77000/500000, Total Reward: 33666, Epsilon: 0.0100, Buffer: 100000
Episode 78000/500000, Total Reward: 35154, Epsilon: 0.0100, Buffer: 100000
Episode 79000/500000, Total Reward: 32347, Epsilon: 0.0100, Buffer: 100000
Episode 80000/500000, Total Reward: 30382, Epsilon: 0.0100, Buffer: 100000
Episode 81000/500000, Total Reward: 34224, Epsilon: 0.0100, Buffer: 100000
Episode 82000/500000, Total Reward: 32144, Epsilon: 0.0100, Buffer: 100000
Episode 83000/500000, Total Reward: 40640, Epsilon: 0.0100, Buffer: 100000
Episode 84000/500000, Total Reward: 38399, Epsilon: 0.0100, Buffer: 100000
Episode 85000/500000, Total Reward: 37879, Epsilon: 0.0100, Buffer: 100000
Episode 86000/500000, Total Reward: 31027, Epsilon: 0.0100, Buffer: 100000
Episode 87000/500000, Total Reward: 632, Epsilon: 0.0100, Buffer: 100000
Episode 88000/500000, Total Reward: 24286, Epsilon: 0.0100, Buffer: 100000
Episode 89000/500000, Total Reward: 32844, Epsilon: 0.0100, Buffer: 100000
Episode 90000/500000, Total Reward: 25471, Epsilon: 0.0100, Buffer: 100000
Episode 91000/500000, Total Reward: 33026, Epsilon: 0.0100, Buffer: 100000
Episode 92000/500000, Total Reward: 39379, Epsilon: 0.0100, Buffer: 100000
Episode 93000/500000, Total Reward: 34734, Epsilon: 0.0100, Buffer: 100000
Episode 94000/500000, Total Reward: 33304, Epsilon: 0.0100, Buffer: 100000
Episode 95000/500000, Total Reward: 30042, Epsilon: 0.0100, Buffer: 100000
Episode 96000/500000, Total Reward: 37196, Epsilon: 0.0100, Buffer: 100000
Episode 97000/500000, Total Reward: 29689, Epsilon: 0.0100, Buffer: 100000
Episode 98000/500000, Total Reward: 33686, Epsilon: 0.0100, Buffer: 100000
Episode 99000/500000, Total Reward: 40517, Epsilon: 0.0100, Buffer: 100000
Episode 100000/500000, Total Reward: 38049, Epsilon: 0.0100, Buffer: 100000
Episode 101000/500000, Total Reward: 27224, Epsilon: 0.0100, Buffer: 100000
Episode 102000/500000, Total Reward: 29048, Epsilon: 0.0100, Buffer: 100000
Episode 103000/500000, Total Reward: 42702, Epsilon: 0.0100, Buffer: 100000
Episode 104000/500000, Total Reward: 33828, Epsilon: 0.0100, Buffer: 100000
Episode 105000/500000, Total Reward: 28668, Epsilon: 0.0100, Buffer: 100000
Episode 106000/500000, Total Reward: 26949, Epsilon: 0.0100, Buffer: 100000
Episode 107000/500000, Total Reward: 29703, Epsilon: 0.0100, Buffer: 100000
Episode 108000/500000, Total Reward: 28915, Epsilon: 0.0100, Buffer: 100000
Episode 109000/500000, Total Reward: 31542, Epsilon: 0.0100, Buffer: 100000
Episode 110000/500000, Total Reward: 29965, Epsilon: 0.0100, Buffer: 100000
Episode 111000/500000, Total Reward: 29100, Epsilon: 0.0100, Buffer: 100000
Episode 112000/500000, Total Reward: 29721, Epsilon: 0.0100, Buffer: 100000
Episode 113000/500000, Total Reward: 36751, Epsilon: 0.0100, Buffer: 100000
Episode 114000/500000, Total Reward: -26, Epsilon: 0.0100, Buffer: 100000
Episode 115000/500000, Total Reward: 34317, Epsilon: 0.0100, Buffer: 100000
Episode 116000/500000, Total Reward: 41626, Epsilon: 0.0100, Buffer: 100000
Episode 117000/500000, Total Reward: 36177, Epsilon: 0.0100, Buffer: 100000
Episode 118000/500000, Total Reward: 31236, Epsilon: 0.0100, Buffer: 100000
Episode 119000/500000, Total Reward: 23947, Epsilon: 0.0100, Buffer: 100000
Episode 120000/500000, Total Reward: 28820, Epsilon: 0.0100, Buffer: 100000
Episode 121000/500000, Total Reward: 28181, Epsilon: 0.0100, Buffer: 100000
Episode 122000/500000, Total Reward: 38716, Epsilon: 0.0100, Buffer: 100000
Episode 123000/500000, Total Reward: 29938, Epsilon: 0.0100, Buffer: 100000
Episode 124000/500000, Total Reward: 27479, Epsilon: 0.0100, Buffer: 100000
Episode 125000/500000, Total Reward: 30155, Epsilon: 0.0100, Buffer: 100000
Episode 126000/500000, Total Reward: 31156, Epsilon: 0.0100, Buffer: 100000
Episode 127000/500000, Total Reward: 37217, Epsilon: 0.0100, Buffer: 100000
Episode 128000/500000, Total Reward: 24912, Epsilon: 0.0100, Buffer: 100000
Episode 129000/500000, Total Reward: 28774, Epsilon: 0.0100, Buffer: 100000
Episode 130000/500000, Total Reward: 27513, Epsilon: 0.0100, Buffer: 100000
Episode 131000/500000, Total Reward: 28105, Epsilon: 0.0100, Buffer: 100000
Episode 132000/500000, Total Reward: 23040, Epsilon: 0.0100, Buffer: 100000
Episode 133000/500000, Total Reward: 34417, Epsilon: 0.0100, Buffer: 100000
Episode 134000/500000, Total Reward: 30026, Epsilon: 0.0100, Buffer: 100000
Episode 135000/500000, Total Reward: 33426, Epsilon: 0.0100, Buffer: 100000
Episode 136000/500000, Total Reward: 34663, Epsilon: 0.0100, Buffer: 100000
Episode 137000/500000, Total Reward: 35137, Epsilon: 0.0100, Buffer: 100000
Episode 138000/500000, Total Reward: 33684, Epsilon: 0.0100, Buffer: 100000
Episode 139000/500000, Total Reward: 28947, Epsilon: 0.0100, Buffer: 100000
Episode 140000/500000, Total Reward: 29697, Epsilon: 0.0100, Buffer: 100000
Episode 141000/500000, Total Reward: 40368, Epsilon: 0.0100, Buffer: 100000
Episode 142000/500000, Total Reward: 29172, Epsilon: 0.0100, Buffer: 100000
Episode 143000/500000, Total Reward: 632, Epsilon: 0.0100, Buffer: 100000
Episode 144000/500000, Total Reward: 27879, Epsilon: 0.0100, Buffer: 100000
Episode 145000/500000, Total Reward: 37278, Epsilon: 0.0100, Buffer: 100000
Episode 146000/500000, Total Reward: 35286, Epsilon: 0.0100, Buffer: 100000
Episode 147000/500000, Total Reward: 32645, Epsilon: 0.0100, Buffer: 100000
Episode 148000/500000, Total Reward: 20070, Epsilon: 0.0100, Buffer: 100000
Episode 149000/500000, Total Reward: 38138, Epsilon: 0.0100, Buffer: 100000
Episode 150000/500000, Total Reward: 32640, Epsilon: 0.0100, Buffer: 100000
Episode 151000/500000, Total Reward: 35266, Epsilon: 0.0100, Buffer: 100000
Episode 152000/500000, Total Reward: 29617, Epsilon: 0.0100, Buffer: 100000
Episode 153000/500000, Total Reward: 33727, Epsilon: 0.0100, Buffer: 100000
Episode 154000/500000, Total Reward: 35204, Epsilon: 0.0100, Buffer: 100000
Episode 155000/500000, Total Reward: 34080, Epsilon: 0.0100, Buffer: 100000
Episode 156000/500000, Total Reward: 35676, Epsilon: 0.0100, Buffer: 100000
Episode 157000/500000, Total Reward: 31698, Epsilon: 0.0100, Buffer: 100000
Episode 158000/500000, Total Reward: 35034, Epsilon: 0.0100, Buffer: 100000
Episode 159000/500000, Total Reward: 29190, Epsilon: 0.0100, Buffer: 100000
Episode 160000/500000, Total Reward: 25715, Epsilon: 0.0100, Buffer: 100000
Episode 161000/500000, Total Reward: 32551, Epsilon: 0.0100, Buffer: 100000
Episode 162000/500000, Total Reward: 35581, Epsilon: 0.0100, Buffer: 100000
Episode 163000/500000, Total Reward: 15869, Epsilon: 0.0100, Buffer: 100000
Episode 164000/500000, Total Reward: 36653, Epsilon: 0.0100, Buffer: 100000
Episode 165000/500000, Total Reward: 27830, Epsilon: 0.0100, Buffer: 100000
Episode 166000/500000, Total Reward: 30783, Epsilon: 0.0100, Buffer: 100000
Episode 167000/500000, Total Reward: 27210, Epsilon: 0.0100, Buffer: 100000
Episode 168000/500000, Total Reward: 39396, Epsilon: 0.0100, Buffer: 100000
Episode 169000/500000, Total Reward: 21934, Epsilon: 0.0100, Buffer: 100000
Episode 170000/500000, Total Reward: 20317, Epsilon: 0.0100, Buffer: 100000
Episode 171000/500000, Total Reward: 34396, Epsilon: 0.0100, Buffer: 100000
Episode 172000/500000, Total Reward: 35953, Epsilon: 0.0100, Buffer: 100000
Episode 173000/500000, Total Reward: 28749, Epsilon: 0.0100, Buffer: 100000
Episode 174000/500000, Total Reward: 19845, Epsilon: 0.0100, Buffer: 100000
Episode 175000/500000, Total Reward: 34780, Epsilon: 0.0100, Buffer: 100000
Episode 176000/500000, Total Reward: 25787, Epsilon: 0.0100, Buffer: 100000
Episode 177000/500000, Total Reward: 23942, Epsilon: 0.0100, Buffer: 100000
Episode 178000/500000, Total Reward: 35011, Epsilon: 0.0100, Buffer: 100000
Episode 179000/500000, Total Reward: 31079, Epsilon: 0.0100, Buffer: 100000
Episode 180000/500000, Total Reward: 25202, Epsilon: 0.0100, Buffer: 100000
Episode 181000/500000, Total Reward: 35043, Epsilon: 0.0100, Buffer: 100000
Episode 182000/500000, Total Reward: 35101, Epsilon: 0.0100, Buffer: 100000
Episode 183000/500000, Total Reward: 35189, Epsilon: 0.0100, Buffer: 100000
Episode 184000/500000, Total Reward: 27857, Epsilon: 0.0100, Buffer: 100000
Episode 185000/500000, Total Reward: 34365, Epsilon: 0.0100, Buffer: 100000
Episode 186000/500000, Total Reward: 29840, Epsilon: 0.0100, Buffer: 100000
Episode 187000/500000, Total Reward: 23792, Epsilon: 0.0100, Buffer: 100000
Episode 188000/500000, Total Reward: 39641, Epsilon: 0.0100, Buffer: 100000
Episode 189000/500000, Total Reward: 35073, Epsilon: 0.0100, Buffer: 100000
Episode 190000/500000, Total Reward: 26711, Epsilon: 0.0100, Buffer: 100000
Episode 191000/500000, Total Reward: 36037, Epsilon: 0.0100, Buffer: 100000
Episode 192000/500000, Total Reward: 35652, Epsilon: 0.0100, Buffer: 100000
Episode 193000/500000, Total Reward: 25795, Epsilon: 0.0100, Buffer: 100000
Episode 194000/500000, Total Reward: 28302, Epsilon: 0.0100, Buffer: 100000
Episode 195000/500000, Total Reward: 35888, Epsilon: 0.0100, Buffer: 100000
Episode 196000/500000, Total Reward: 34489, Epsilon: 0.0100, Buffer: 100000
Episode 197000/500000, Total Reward: 36979, Epsilon: 0.0100, Buffer: 100000
Episode 198000/500000, Total Reward: 31262, Epsilon: 0.0100, Buffer: 100000
Episode 199000/500000, Total Reward: 42163, Epsilon: 0.0100, Buffer: 100000
Episode 200000/500000, Total Reward: 25592, Epsilon: 0.0100, Buffer: 100000
Episode 201000/500000, Total Reward: 26776, Epsilon: 0.0100, Buffer: 100000
Episode 202000/500000, Total Reward: 33800, Epsilon: 0.0100, Buffer: 100000
Episode 203000/500000, Total Reward: 33532, Epsilon: 0.0100, Buffer: 100000
Episode 204000/500000, Total Reward: 39164, Epsilon: 0.0100, Buffer: 100000
Episode 205000/500000, Total Reward: 37032, Epsilon: 0.0100, Buffer: 100000
Episode 206000/500000, Total Reward: 40469, Epsilon: 0.0100, Buffer: 100000
Episode 207000/500000, Total Reward: 30358, Epsilon: 0.0100, Buffer: 100000
Episode 208000/500000, Total Reward: 36511, Epsilon: 0.0100, Buffer: 100000
Episode 209000/500000, Total Reward: 38125, Epsilon: 0.0100, Buffer: 100000
Episode 210000/500000, Total Reward: 31750, Epsilon: 0.0100, Buffer: 100000
Episode 211000/500000, Total Reward: 26819, Epsilon: 0.0100, Buffer: 100000
Episode 212000/500000, Total Reward: 28587, Epsilon: 0.0100, Buffer: 100000
Episode 213000/500000, Total Reward: 35871, Epsilon: 0.0100, Buffer: 100000
Episode 214000/500000, Total Reward: 39743, Epsilon: 0.0100, Buffer: 100000
Episode 215000/500000, Total Reward: 28738, Epsilon: 0.0100, Buffer: 100000
Episode 216000/500000, Total Reward: 27208, Epsilon: 0.0100, Buffer: 100000
Episode 217000/500000, Total Reward: 35158, Epsilon: 0.0100, Buffer: 100000
Episode 218000/500000, Total Reward: 37019, Epsilon: 0.0100, Buffer: 100000
Episode 219000/500000, Total Reward: 35773, Epsilon: 0.0100, Buffer: 100000
Episode 220000/500000, Total Reward: 28911, Epsilon: 0.0100, Buffer: 100000
Episode 221000/500000, Total Reward: 34014, Epsilon: 0.0100, Buffer: 100000
Episode 222000/500000, Total Reward: 28099, Epsilon: 0.0100, Buffer: 100000
Episode 223000/500000, Total Reward: 28511, Epsilon: 0.0100, Buffer: 100000
Episode 224000/500000, Total Reward: 32939, Epsilon: 0.0100, Buffer: 100000
Episode 225000/500000, Total Reward: 40779, Epsilon: 0.0100, Buffer: 100000
Episode 226000/500000, Total Reward: 41541, Epsilon: 0.0100, Buffer: 100000
Episode 227000/500000, Total Reward: 38168, Epsilon: 0.0100, Buffer: 100000
Episode 228000/500000, Total Reward: 28460, Epsilon: 0.0100, Buffer: 100000
Episode 229000/500000, Total Reward: 36685, Epsilon: 0.0100, Buffer: 100000
Episode 230000/500000, Total Reward: 34339, Epsilon: 0.0100, Buffer: 100000
Episode 231000/500000, Total Reward: 38491, Epsilon: 0.0100, Buffer: 100000
Episode 232000/500000, Total Reward: 26195, Epsilon: 0.0100, Buffer: 100000
Episode 233000/500000, Total Reward: 37321, Epsilon: 0.0100, Buffer: 100000
Episode 234000/500000, Total Reward: 33171, Epsilon: 0.0100, Buffer: 100000
Episode 235000/500000, Total Reward: 32179, Epsilon: 0.0100, Buffer: 100000
Episode 236000/500000, Total Reward: 32335, Epsilon: 0.0100, Buffer: 100000
Episode 237000/500000, Total Reward: 32601, Epsilon: 0.0100, Buffer: 100000
Episode 238000/500000, Total Reward: 31902, Epsilon: 0.0100, Buffer: 100000
Episode 239000/500000, Total Reward: 36672, Epsilon: 0.0100, Buffer: 100000
Episode 240000/500000, Total Reward: 32804, Epsilon: 0.0100, Buffer: 100000
Episode 241000/500000, Total Reward: 35459, Epsilon: 0.0100, Buffer: 100000
Episode 242000/500000, Total Reward: 31364, Epsilon: 0.0100, Buffer: 100000
Episode 243000/500000, Total Reward: 30783, Epsilon: 0.0100, Buffer: 100000
Episode 244000/500000, Total Reward: 27674, Epsilon: 0.0100, Buffer: 100000
Episode 245000/500000, Total Reward: 30375, Epsilon: 0.0100, Buffer: 100000
Episode 246000/500000, Total Reward: 32941, Epsilon: 0.0100, Buffer: 100000
Episode 247000/500000, Total Reward: 28187, Epsilon: 0.0100, Buffer: 100000
Episode 248000/500000, Total Reward: 26704, Epsilon: 0.0100, Buffer: 100000
Episode 249000/500000, Total Reward: 32364, Epsilon: 0.0100, Buffer: 100000
Episode 250000/500000, Total Reward: 36947, Epsilon: 0.0100, Buffer: 100000
Episode 251000/500000, Total Reward: 22729, Epsilon: 0.0100, Buffer: 100000
Episode 252000/500000, Total Reward: 32028, Epsilon: 0.0100, Buffer: 100000
Episode 253000/500000, Total Reward: 31734, Epsilon: 0.0100, Buffer: 100000
Episode 254000/500000, Total Reward: 39238, Epsilon: 0.0100, Buffer: 100000
Episode 255000/500000, Total Reward: 24847, Epsilon: 0.0100, Buffer: 100000
Episode 256000/500000, Total Reward: 30531, Epsilon: 0.0100, Buffer: 100000
Episode 257000/500000, Total Reward: 33902, Epsilon: 0.0100, Buffer: 100000
Episode 258000/500000, Total Reward: 39117, Epsilon: 0.0100, Buffer: 100000
Episode 259000/500000, Total Reward: 40524, Epsilon: 0.0100, Buffer: 100000
Episode 260000/500000, Total Reward: 39106, Epsilon: 0.0100, Buffer: 100000
Episode 261000/500000, Total Reward: 24231, Epsilon: 0.0100, Buffer: 100000
Episode 262000/500000, Total Reward: 36431, Epsilon: 0.0100, Buffer: 100000
Episode 263000/500000, Total Reward: 23815, Epsilon: 0.0100, Buffer: 100000
Episode 264000/500000, Total Reward: 29268, Epsilon: 0.0100, Buffer: 100000
Episode 265000/500000, Total Reward: 37142, Epsilon: 0.0100, Buffer: 100000
Episode 266000/500000, Total Reward: 34062, Epsilon: 0.0100, Buffer: 100000
Episode 267000/500000, Total Reward: 23927, Epsilon: 0.0100, Buffer: 100000
Episode 268000/500000, Total Reward: 36066, Epsilon: 0.0100, Buffer: 100000
Episode 269000/500000, Total Reward: 27178, Epsilon: 0.0100, Buffer: 100000
Episode 270000/500000, Total Reward: 34046, Epsilon: 0.0100, Buffer: 100000
Episode 271000/500000, Total Reward: 30056, Epsilon: 0.0100, Buffer: 100000
Episode 272000/500000, Total Reward: 30845, Epsilon: 0.0100, Buffer: 100000
Episode 273000/500000, Total Reward: 33726, Epsilon: 0.0100, Buffer: 100000
Episode 274000/500000, Total Reward: 28576, Epsilon: 0.0100, Buffer: 100000
Episode 275000/500000, Total Reward: 39116, Epsilon: 0.0100, Buffer: 100000
Episode 276000/500000, Total Reward: 24103, Epsilon: 0.0100, Buffer: 100000
Episode 277000/500000, Total Reward: 31891, Epsilon: 0.0100, Buffer: 100000
Episode 278000/500000, Total Reward: 20347, Epsilon: 0.0100, Buffer: 100000
Episode 279000/500000, Total Reward: 33566, Epsilon: 0.0100, Buffer: 100000
Episode 280000/500000, Total Reward: 42864, Epsilon: 0.0100, Buffer: 100000
Episode 281000/500000, Total Reward: 28690, Epsilon: 0.0100, Buffer: 100000
Episode 282000/500000, Total Reward: 31839, Epsilon: 0.0100, Buffer: 100000
Episode 283000/500000, Total Reward: 31374, Epsilon: 0.0100, Buffer: 100000
Episode 284000/500000, Total Reward: 34688, Epsilon: 0.0100, Buffer: 100000
Episode 285000/500000, Total Reward: 27239, Epsilon: 0.0100, Buffer: 100000
Episode 286000/500000, Total Reward: 37289, Epsilon: 0.0100, Buffer: 100000
Episode 287000/500000, Total Reward: 28482, Epsilon: 0.0100, Buffer: 100000
Episode 288000/500000, Total Reward: 24556, Epsilon: 0.0100, Buffer: 100000
Episode 289000/500000, Total Reward: 38589, Epsilon: 0.0100, Buffer: 100000
Episode 290000/500000, Total Reward: 43519, Epsilon: 0.0100, Buffer: 100000
Episode 291000/500000, Total Reward: 23259, Epsilon: 0.0100, Buffer: 100000
Episode 292000/500000, Total Reward: 35184, Epsilon: 0.0100, Buffer: 100000
Episode 293000/500000, Total Reward: 24381, Epsilon: 0.0100, Buffer: 100000
Episode 294000/500000, Total Reward: 41379, Epsilon: 0.0100, Buffer: 100000
Episode 295000/500000, Total Reward: 33949, Epsilon: 0.0100, Buffer: 100000
Episode 296000/500000, Total Reward: 26510, Epsilon: 0.0100, Buffer: 100000
Episode 297000/500000, Total Reward: 33310, Epsilon: 0.0100, Buffer: 100000
Episode 298000/500000, Total Reward: 31519, Epsilon: 0.0100, Buffer: 100000
Episode 299000/500000, Total Reward: 37732, Epsilon: 0.0100, Buffer: 100000
Episode 300000/500000, Total Reward: 34119, Epsilon: 0.0100, Buffer: 100000
Episode 301000/500000, Total Reward: 31418, Epsilon: 0.0100, Buffer: 100000
Episode 302000/500000, Total Reward: 19790, Epsilon: 0.0100, Buffer: 100000
Episode 303000/500000, Total Reward: 23796, Epsilon: 0.0100, Buffer: 100000
Episode 304000/500000, Total Reward: 28778, Epsilon: 0.0100, Buffer: 100000
Episode 305000/500000, Total Reward: 632, Epsilon: 0.0100, Buffer: 100000
Episode 306000/500000, Total Reward: 25172, Epsilon: 0.0100, Buffer: 100000
Episode 307000/500000, Total Reward: 32572, Epsilon: 0.0100, Buffer: 100000
Episode 308000/500000, Total Reward: 30468, Epsilon: 0.0100, Buffer: 100000
Episode 309000/500000, Total Reward: 34290, Epsilon: 0.0100, Buffer: 100000
Episode 310000/500000, Total Reward: 25920, Epsilon: 0.0100, Buffer: 100000
Episode 311000/500000, Total Reward: 38439, Epsilon: 0.0100, Buffer: 100000
Episode 312000/500000, Total Reward: 28656, Epsilon: 0.0100, Buffer: 100000
Episode 313000/500000, Total Reward: 27066, Epsilon: 0.0100, Buffer: 100000
Episode 314000/500000, Total Reward: 29646, Epsilon: 0.0100, Buffer: 100000
Episode 315000/500000, Total Reward: 36765, Epsilon: 0.0100, Buffer: 100000
Episode 316000/500000, Total Reward: 23535, Epsilon: 0.0100, Buffer: 100000
Episode 317000/500000, Total Reward: 29871, Epsilon: 0.0100, Buffer: 100000
Episode 318000/500000, Total Reward: 26799, Epsilon: 0.0100, Buffer: 100000
Episode 319000/500000, Total Reward: 31480, Epsilon: 0.0100, Buffer: 100000
Episode 320000/500000, Total Reward: 28569, Epsilon: 0.0100, Buffer: 100000
Episode 321000/500000, Total Reward: 22050, Epsilon: 0.0100, Buffer: 100000
Episode 322000/500000, Total Reward: 27530, Epsilon: 0.0100, Buffer: 100000
Episode 323000/500000, Total Reward: 39011, Epsilon: 0.0100, Buffer: 100000
Episode 324000/500000, Total Reward: 28545, Epsilon: 0.0100, Buffer: 100000
Episode 325000/500000, Total Reward: 37946, Epsilon: 0.0100, Buffer: 100000
Episode 326000/500000, Total Reward: 38132, Epsilon: 0.0100, Buffer: 100000
Episode 327000/500000, Total Reward: 18379, Epsilon: 0.0100, Buffer: 100000
Episode 328000/500000, Total Reward: 33361, Epsilon: 0.0100, Buffer: 100000
Episode 329000/500000, Total Reward: 30360, Epsilon: 0.0100, Buffer: 100000
Episode 330000/500000, Total Reward: 25575, Epsilon: 0.0100, Buffer: 100000
Episode 331000/500000, Total Reward: 29542, Epsilon: 0.0100, Buffer: 100000
Episode 332000/500000, Total Reward: 26382, Epsilon: 0.0100, Buffer: 100000
Episode 333000/500000, Total Reward: 39828, Epsilon: 0.0100, Buffer: 100000
Episode 334000/500000, Total Reward: 28533, Epsilon: 0.0100, Buffer: 100000
Episode 335000/500000, Total Reward: 35003, Epsilon: 0.0100, Buffer: 100000
Episode 336000/500000, Total Reward: 30374, Epsilon: 0.0100, Buffer: 100000
Episode 337000/500000, Total Reward: 33177, Epsilon: 0.0100, Buffer: 100000
Episode 338000/500000, Total Reward: 26187, Epsilon: 0.0100, Buffer: 100000
Episode 339000/500000, Total Reward: 39777, Epsilon: 0.0100, Buffer: 100000
Episode 340000/500000, Total Reward: 20428, Epsilon: 0.0100, Buffer: 100000
Episode 341000/500000, Total Reward: 23776, Epsilon: 0.0100, Buffer: 100000
Episode 342000/500000, Total Reward: 28271, Epsilon: 0.0100, Buffer: 100000
Episode 343000/500000, Total Reward: 22188, Epsilon: 0.0100, Buffer: 100000
Episode 344000/500000, Total Reward: 29387, Epsilon: 0.0100, Buffer: 100000
Episode 345000/500000, Total Reward: 28607, Epsilon: 0.0100, Buffer: 100000
Episode 346000/500000, Total Reward: 26336, Epsilon: 0.0100, Buffer: 100000
Episode 347000/500000, Total Reward: 32197, Epsilon: 0.0100, Buffer: 100000
Episode 348000/500000, Total Reward: 29731, Epsilon: 0.0100, Buffer: 100000
Episode 349000/500000, Total Reward: 632, Epsilon: 0.0100, Buffer: 100000
Episode 350000/500000, Total Reward: 35286, Epsilon: 0.0100, Buffer: 100000
Episode 351000/500000, Total Reward: 33164, Epsilon: 0.0100, Buffer: 100000
Episode 352000/500000, Total Reward: 30125, Epsilon: 0.0100, Buffer: 100000
Episode 353000/500000, Total Reward: 34289, Epsilon: 0.0100, Buffer: 100000
Episode 354000/500000, Total Reward: 26473, Epsilon: 0.0100, Buffer: 100000
Episode 355000/500000, Total Reward: 23261, Epsilon: 0.0100, Buffer: 100000
Episode 356000/500000, Total Reward: 28274, Epsilon: 0.0100, Buffer: 100000
Episode 357000/500000, Total Reward: 22040, Epsilon: 0.0100, Buffer: 100000
Episode 358000/500000, Total Reward: 25562, Epsilon: 0.0100, Buffer: 100000
Episode 359000/500000, Total Reward: 35139, Epsilon: 0.0100, Buffer: 100000
Episode 360000/500000, Total Reward: 24560, Epsilon: 0.0100, Buffer: 100000
Episode 361000/500000, Total Reward: 29477, Epsilon: 0.0100, Buffer: 100000
Episode 362000/500000, Total Reward: 37538, Epsilon: 0.0100, Buffer: 100000
Episode 363000/500000, Total Reward: 25479, Epsilon: 0.0100, Buffer: 100000
Episode 364000/500000, Total Reward: 25818, Epsilon: 0.0100, Buffer: 100000
Episode 365000/500000, Total Reward: 34238, Epsilon: 0.0100, Buffer: 100000
Episode 366000/500000, Total Reward: 31846, Epsilon: 0.0100, Buffer: 100000
Episode 367000/500000, Total Reward: 25930, Epsilon: 0.0100, Buffer: 100000
Episode 368000/500000, Total Reward: 37131, Epsilon: 0.0100, Buffer: 100000
Episode 369000/500000, Total Reward: 13375, Epsilon: 0.0100, Buffer: 100000
Episode 370000/500000, Total Reward: 30243, Epsilon: 0.0100, Buffer: 100000
Episode 371000/500000, Total Reward: 28320, Epsilon: 0.0100, Buffer: 100000
Episode 372000/500000, Total Reward: 38334, Epsilon: 0.0100, Buffer: 100000
Episode 373000/500000, Total Reward: 34189, Epsilon: 0.0100, Buffer: 100000
Episode 374000/500000, Total Reward: 34969, Epsilon: 0.0100, Buffer: 100000
Episode 375000/500000, Total Reward: 29395, Epsilon: 0.0100, Buffer: 100000
Episode 376000/500000, Total Reward: 26432, Epsilon: 0.0100, Buffer: 100000
Episode 377000/500000, Total Reward: 31694, Epsilon: 0.0100, Buffer: 100000
Episode 378000/500000, Total Reward: 31782, Epsilon: 0.0100, Buffer: 100000
Episode 379000/500000, Total Reward: 36780, Epsilon: 0.0100, Buffer: 100000
Episode 380000/500000, Total Reward: 29385, Epsilon: 0.0100, Buffer: 100000
Episode 381000/500000, Total Reward: 22965, Epsilon: 0.0100, Buffer: 100000
Episode 382000/500000, Total Reward: 16973, Epsilon: 0.0100, Buffer: 100000
Episode 383000/500000, Total Reward: 18186, Epsilon: 0.0100, Buffer: 100000
Episode 384000/500000, Total Reward: 30623, Epsilon: 0.0100, Buffer: 100000
Episode 385000/500000, Total Reward: 30479, Epsilon: 0.0100, Buffer: 100000
Episode 386000/500000, Total Reward: 28091, Epsilon: 0.0100, Buffer: 100000
Episode 387000/500000, Total Reward: 32524, Epsilon: 0.0100, Buffer: 100000
Episode 388000/500000, Total Reward: 35688, Epsilon: 0.0100, Buffer: 100000
Episode 389000/500000, Total Reward: 25050, Epsilon: 0.0100, Buffer: 100000
Episode 390000/500000, Total Reward: 15925, Epsilon: 0.0100, Buffer: 100000
Episode 391000/500000, Total Reward: 36558, Epsilon: 0.0100, Buffer: 100000
Episode 392000/500000, Total Reward: 40052, Epsilon: 0.0100, Buffer: 100000
Episode 393000/500000, Total Reward: 33289, Epsilon: 0.0100, Buffer: 100000
Episode 394000/500000, Total Reward: 29889, Epsilon: 0.0100, Buffer: 100000
Episode 395000/500000, Total Reward: 32654, Epsilon: 0.0100, Buffer: 100000
Episode 396000/500000, Total Reward: 39665, Epsilon: 0.0100, Buffer: 100000
Episode 397000/500000, Total Reward: 27797, Epsilon: 0.0100, Buffer: 100000
Episode 398000/500000, Total Reward: 37085, Epsilon: 0.0100, Buffer: 100000
Episode 399000/500000, Total Reward: 33753, Epsilon: 0.0100, Buffer: 100000
Episode 400000/500000, Total Reward: 33298, Epsilon: 0.0100, Buffer: 100000
Episode 401000/500000, Total Reward: 29607, Epsilon: 0.0100, Buffer: 100000
Episode 402000/500000, Total Reward: 36026, Epsilon: 0.0100, Buffer: 100000
Episode 403000/500000, Total Reward: 34822, Epsilon: 0.0100, Buffer: 100000
Episode 404000/500000, Total Reward: 28280, Epsilon: 0.0100, Buffer: 100000
Episode 405000/500000, Total Reward: 29526, Epsilon: 0.0100, Buffer: 100000
Episode 406000/500000, Total Reward: 34987, Epsilon: 0.0100, Buffer: 100000
Episode 407000/500000, Total Reward: 23943, Epsilon: 0.0100, Buffer: 100000
Episode 408000/500000, Total Reward: 28536, Epsilon: 0.0100, Buffer: 100000
Episode 409000/500000, Total Reward: 38421, Epsilon: 0.0100, Buffer: 100000
Episode 410000/500000, Total Reward: 24746, Epsilon: 0.0100, Buffer: 100000
Episode 411000/500000, Total Reward: 31322, Epsilon: 0.0100, Buffer: 100000
Episode 412000/500000, Total Reward: 35842, Epsilon: 0.0100, Buffer: 100000
Episode 413000/500000, Total Reward: 30650, Epsilon: 0.0100, Buffer: 100000
Episode 414000/500000, Total Reward: 33581, Epsilon: 0.0100, Buffer: 100000
Episode 415000/500000, Total Reward: 29719, Epsilon: 0.0100, Buffer: 100000
Episode 416000/500000, Total Reward: 32016, Epsilon: 0.0100, Buffer: 100000
Episode 417000/500000, Total Reward: 33862, Epsilon: 0.0100, Buffer: 100000
Episode 418000/500000, Total Reward: 34844, Epsilon: 0.0100, Buffer: 100000
Episode 419000/500000, Total Reward: 33280, Epsilon: 0.0100, Buffer: 100000
Episode 420000/500000, Total Reward: 31162, Epsilon: 0.0100, Buffer: 100000
Episode 421000/500000, Total Reward: 29764, Epsilon: 0.0100, Buffer: 100000
Episode 422000/500000, Total Reward: 32377, Epsilon: 0.0100, Buffer: 100000
Episode 423000/500000, Total Reward: 41205, Epsilon: 0.0100, Buffer: 100000
Episode 424000/500000, Total Reward: 30919, Epsilon: 0.0100, Buffer: 100000
Episode 425000/500000, Total Reward: 31564, Epsilon: 0.0100, Buffer: 100000
Episode 426000/500000, Total Reward: 23953, Epsilon: 0.0100, Buffer: 100000
Episode 427000/500000, Total Reward: 30735, Epsilon: 0.0100, Buffer: 100000
Episode 428000/500000, Total Reward: 42391, Epsilon: 0.0100, Buffer: 100000
Episode 429000/500000, Total Reward: 33198, Epsilon: 0.0100, Buffer: 100000
Episode 430000/500000, Total Reward: 31268, Epsilon: 0.0100, Buffer: 100000
Episode 431000/500000, Total Reward: 31416, Epsilon: 0.0100, Buffer: 100000
Episode 432000/500000, Total Reward: 41436, Epsilon: 0.0100, Buffer: 100000
Episode 433000/500000, Total Reward: 29093, Epsilon: 0.0100, Buffer: 100000
Episode 434000/500000, Total Reward: 41733, Epsilon: 0.0100, Buffer: 100000
Episode 435000/500000, Total Reward: 26949, Epsilon: 0.0100, Buffer: 100000
Episode 436000/500000, Total Reward: 29296, Epsilon: 0.0100, Buffer: 100000
Episode 437000/500000, Total Reward: 28957, Epsilon: 0.0100, Buffer: 100000
Episode 438000/500000, Total Reward: 36795, Epsilon: 0.0100, Buffer: 100000
Episode 439000/500000, Total Reward: 36006, Epsilon: 0.0100, Buffer: 100000
Episode 440000/500000, Total Reward: 27998, Epsilon: 0.0100, Buffer: 100000
Episode 441000/500000, Total Reward: 26497, Epsilon: 0.0100, Buffer: 100000
Episode 442000/500000, Total Reward: 36350, Epsilon: 0.0100, Buffer: 100000
Episode 443000/500000, Total Reward: 29148, Epsilon: 0.0100, Buffer: 100000
Episode 444000/500000, Total Reward: 31665, Epsilon: 0.0100, Buffer: 100000
Episode 445000/500000, Total Reward: 33410, Epsilon: 0.0100, Buffer: 100000
Episode 446000/500000, Total Reward: 24352, Epsilon: 0.0100, Buffer: 100000
Episode 447000/500000, Total Reward: 20953, Epsilon: 0.0100, Buffer: 100000
Episode 448000/500000, Total Reward: 34036, Epsilon: 0.0100, Buffer: 100000
Episode 449000/500000, Total Reward: 30809, Epsilon: 0.0100, Buffer: 100000
Episode 450000/500000, Total Reward: 30681, Epsilon: 0.0100, Buffer: 100000
Episode 451000/500000, Total Reward: 33672, Epsilon: 0.0100, Buffer: 100000
Episode 452000/500000, Total Reward: 38074, Epsilon: 0.0100, Buffer: 100000
Episode 453000/500000, Total Reward: 40057, Epsilon: 0.0100, Buffer: 100000
Episode 454000/500000, Total Reward: 27686, Epsilon: 0.0100, Buffer: 100000
Episode 455000/500000, Total Reward: 23629, Epsilon: 0.0100, Buffer: 100000
Episode 456000/500000, Total Reward: 26246, Epsilon: 0.0100, Buffer: 100000
Episode 457000/500000, Total Reward: 38704, Epsilon: 0.0100, Buffer: 100000
Episode 458000/500000, Total Reward: 32202, Epsilon: 0.0100, Buffer: 100000
Episode 459000/500000, Total Reward: 23882, Epsilon: 0.0100, Buffer: 100000
Episode 460000/500000, Total Reward: 28655, Epsilon: 0.0100, Buffer: 100000
Episode 461000/500000, Total Reward: 25605, Epsilon: 0.0100, Buffer: 100000
Episode 462000/500000, Total Reward: 33249, Epsilon: 0.0100, Buffer: 100000
Episode 463000/500000, Total Reward: 32135, Epsilon: 0.0100, Buffer: 100000
Episode 464000/500000, Total Reward: 32013, Epsilon: 0.0100, Buffer: 100000
Episode 465000/500000, Total Reward: 19491, Epsilon: 0.0100, Buffer: 100000
Episode 466000/500000, Total Reward: 35320, Epsilon: 0.0100, Buffer: 100000
Episode 467000/500000, Total Reward: 30418, Epsilon: 0.0100, Buffer: 100000
Episode 468000/500000, Total Reward: 28056, Epsilon: 0.0100, Buffer: 100000
Episode 469000/500000, Total Reward: 35002, Epsilon: 0.0100, Buffer: 100000
Episode 470000/500000, Total Reward: 39529, Epsilon: 0.0100, Buffer: 100000
Episode 471000/500000, Total Reward: 33848, Epsilon: 0.0100, Buffer: 100000
Episode 472000/500000, Total Reward: 23383, Epsilon: 0.0100, Buffer: 100000
Episode 473000/500000, Total Reward: 15361, Epsilon: 0.0100, Buffer: 100000
Episode 474000/500000, Total Reward: 36795, Epsilon: 0.0100, Buffer: 100000
Episode 475000/500000, Total Reward: 22581, Epsilon: 0.0100, Buffer: 100000
Episode 476000/500000, Total Reward: 30839, Epsilon: 0.0100, Buffer: 100000
Episode 477000/500000, Total Reward: 28848, Epsilon: 0.0100, Buffer: 100000
Episode 478000/500000, Total Reward: 34351, Epsilon: 0.0100, Buffer: 100000
Episode 479000/500000, Total Reward: 32332, Epsilon: 0.0100, Buffer: 100000
Episode 480000/500000, Total Reward: 29852, Epsilon: 0.0100, Buffer: 100000
Episode 481000/500000, Total Reward: 35021, Epsilon: 0.0100, Buffer: 100000
Episode 482000/500000, Total Reward: 32957, Epsilon: 0.0100, Buffer: 100000
Episode 483000/500000, Total Reward: 32612, Epsilon: 0.0100, Buffer: 100000
Episode 484000/500000, Total Reward: 30157, Epsilon: 0.0100, Buffer: 100000
Episode 485000/500000, Total Reward: 39026, Epsilon: 0.0100, Buffer: 100000
Episode 486000/500000, Total Reward: 29376, Epsilon: 0.0100, Buffer: 100000
Episode 487000/500000, Total Reward: 39973, Epsilon: 0.0100, Buffer: 100000
Episode 488000/500000, Total Reward: 26626, Epsilon: 0.0100, Buffer: 100000
Episode 489000/500000, Total Reward: 38534, Epsilon: 0.0100, Buffer: 100000
Episode 490000/500000, Total Reward: 30329, Epsilon: 0.0100, Buffer: 100000
Episode 491000/500000, Total Reward: 22325, Epsilon: 0.0100, Buffer: 100000
Episode 492000/500000, Total Reward: 25045, Epsilon: 0.0100, Buffer: 100000
Episode 493000/500000, Total Reward: 29615, Epsilon: 0.0100, Buffer: 100000
Episode 494000/500000, Total Reward: 32351, Epsilon: 0.0100, Buffer: 100000
Episode 495000/500000, Total Reward: 23720, Epsilon: 0.0100, Buffer: 100000
Episode 496000/500000, Total Reward: 30272, Epsilon: 0.0100, Buffer: 100000
Episode 497000/500000, Total Reward: 33679, Epsilon: 0.0100, Buffer: 100000
Episode 498000/500000, Total Reward: 21575, Epsilon: 0.0100, Buffer: 100000
Episode 499000/500000, Total Reward: 32342, Epsilon: 0.0100, Buffer: 100000
Episode 500000/500000, Total Reward: 30497, Epsilon: 0.0100, Buffer: 100000
Extracting Q-table from DQN for compatibility...
Saved DQN model to outputs/DQN_BL_500t_model.pth
Saved Q-table (for compatibility) to outputs/DQN_BL_500t.pkl

Learned DQN Q-table (sample):
State: (0, 0, 9, 0)
  Action: keep, Q-value: 4006.76
  Action: replace, Q-value: 2942.29
State: (1, 1, 0, 0)
  Action: keep, Q-value: 3517.76
  Action: replace, Q-value: 2937.90
State: (1, 1, 0, 1)
  Action: keep, Q-value: 3280.80
  Action: replace, Q-value: 2941.69
State: (1, 2, 0, 0)
  Action: keep, Q-value: 3562.17
  Action: replace, Q-value: 2946.36
State: (1, 2, 0, 1)
  Action: keep, Q-value: 3027.05
  Action: replace, Q-value: 2967.41
State: (1, 3, 0, 0)
  Action: keep, Q-value: 3538.70
  Action: replace, Q-value: 2927.03
State: (1, 3, 0, 1)
  Action: keep, Q-value: 2979.33
  Action: replace, Q-value: 2930.38
State: (1, 4, 0, 0)
  Action: keep, Q-value: 3462.98
  Action: replace, Q-value: 2926.57
State: (1, 4, 0, 1)
  Action: keep, Q-value: 2934.06
  Action: replace, Q-value: 2890.95
State: (1, 4, 1, 0)
  Action: keep, Q-value: 3681.10
  Action: replace, Q-value: 2941.23
Total states: 3289

Time taken for training: 56595.96 seconds
Average reward (last 1000 episodes): 31361.08
--- Run ended 2026-01-31 02:41:17 ---
