
--- Run started 2026-02-05 23:41:50 ---

======================================================================
CREATING NEW MODEL
======================================================================

Starting fresh with epsilon: 1.0000
======================================================================

Starting DQN training for 500000 episodes...
Episode 1000/500000, Total Reward: 9069, Epsilon: 0.0100, Buffer: 100000
Episode 2000/500000, Total Reward: 7429, Epsilon: 0.0100, Buffer: 100000
Episode 3000/500000, Total Reward: 11338, Epsilon: 0.0100, Buffer: 100000
Episode 4000/500000, Total Reward: 7523, Epsilon: 0.0100, Buffer: 100000
Episode 5000/500000, Total Reward: 10102, Epsilon: 0.0100, Buffer: 100000
Episode 6000/500000, Total Reward: 5689, Epsilon: 0.0100, Buffer: 100000
Episode 7000/500000, Total Reward: 8542, Epsilon: 0.0100, Buffer: 100000
Episode 8000/500000, Total Reward: 5554, Epsilon: 0.0100, Buffer: 100000
Episode 9000/500000, Total Reward: 7158, Epsilon: 0.0100, Buffer: 100000
Episode 10000/500000, Total Reward: 124, Epsilon: 0.0100, Buffer: 100000
Episode 11000/500000, Total Reward: 4766, Epsilon: 0.0100, Buffer: 100000
Episode 12000/500000, Total Reward: 9379, Epsilon: 0.0100, Buffer: 100000
Episode 13000/500000, Total Reward: 8535, Epsilon: 0.0100, Buffer: 100000
Episode 14000/500000, Total Reward: 10809, Epsilon: 0.0100, Buffer: 100000
Episode 15000/500000, Total Reward: 8983, Epsilon: 0.0100, Buffer: 100000
Episode 16000/500000, Total Reward: 11254, Epsilon: 0.0100, Buffer: 100000
Episode 17000/500000, Total Reward: 9112, Epsilon: 0.0100, Buffer: 100000
Episode 18000/500000, Total Reward: 6696, Epsilon: 0.0100, Buffer: 100000
Episode 19000/500000, Total Reward: 1533, Epsilon: 0.0100, Buffer: 100000
Episode 20000/500000, Total Reward: 5678, Epsilon: 0.0100, Buffer: 100000
Episode 21000/500000, Total Reward: 7252, Epsilon: 0.0100, Buffer: 100000
Episode 22000/500000, Total Reward: 7493, Epsilon: 0.0100, Buffer: 100000
Episode 23000/500000, Total Reward: 12995, Epsilon: 0.0100, Buffer: 100000
Episode 24000/500000, Total Reward: 4863, Epsilon: 0.0100, Buffer: 100000
Episode 25000/500000, Total Reward: 6134, Epsilon: 0.0100, Buffer: 100000
Episode 26000/500000, Total Reward: 6881, Epsilon: 0.0100, Buffer: 100000
Episode 27000/500000, Total Reward: 8933, Epsilon: 0.0100, Buffer: 100000
Episode 28000/500000, Total Reward: 7609, Epsilon: 0.0100, Buffer: 100000
Episode 29000/500000, Total Reward: 7995, Epsilon: 0.0100, Buffer: 100000
Episode 30000/500000, Total Reward: 7151, Epsilon: 0.0100, Buffer: 100000
Episode 31000/500000, Total Reward: 8459, Epsilon: 0.0100, Buffer: 100000
Episode 32000/500000, Total Reward: 7692, Epsilon: 0.0100, Buffer: 100000
Episode 33000/500000, Total Reward: 9748, Epsilon: 0.0100, Buffer: 100000
Episode 34000/500000, Total Reward: 3883, Epsilon: 0.0100, Buffer: 100000
Episode 35000/500000, Total Reward: 8078, Epsilon: 0.0100, Buffer: 100000
Episode 36000/500000, Total Reward: 9862, Epsilon: 0.0100, Buffer: 100000
Episode 37000/500000, Total Reward: 2156, Epsilon: 0.0100, Buffer: 100000
Episode 38000/500000, Total Reward: 9848, Epsilon: 0.0100, Buffer: 100000
Episode 39000/500000, Total Reward: 4554, Epsilon: 0.0100, Buffer: 100000
Episode 40000/500000, Total Reward: 7578, Epsilon: 0.0100, Buffer: 100000
Episode 41000/500000, Total Reward: 4519, Epsilon: 0.0100, Buffer: 100000
Episode 42000/500000, Total Reward: 5939, Epsilon: 0.0100, Buffer: 100000
Episode 43000/500000, Total Reward: 10967, Epsilon: 0.0100, Buffer: 100000
Episode 44000/500000, Total Reward: 3462, Epsilon: 0.0100, Buffer: 100000
Episode 45000/500000, Total Reward: 2583, Epsilon: 0.0100, Buffer: 100000
Episode 46000/500000, Total Reward: 9497, Epsilon: 0.0100, Buffer: 100000
Episode 47000/500000, Total Reward: 13259, Epsilon: 0.0100, Buffer: 100000
Episode 48000/500000, Total Reward: 6478, Epsilon: 0.0100, Buffer: 100000
Episode 49000/500000, Total Reward: 6797, Epsilon: 0.0100, Buffer: 100000
Episode 50000/500000, Total Reward: 5170, Epsilon: 0.0100, Buffer: 100000
Episode 51000/500000, Total Reward: 103, Epsilon: 0.0100, Buffer: 100000
Episode 52000/500000, Total Reward: 9384, Epsilon: 0.0100, Buffer: 100000
Episode 53000/500000, Total Reward: 9042, Epsilon: 0.0100, Buffer: 100000
Episode 54000/500000, Total Reward: 8621, Epsilon: 0.0100, Buffer: 100000
Episode 55000/500000, Total Reward: 7077, Epsilon: 0.0100, Buffer: 100000
Episode 56000/500000, Total Reward: 8188, Epsilon: 0.0100, Buffer: 100000
Episode 57000/500000, Total Reward: 8113, Epsilon: 0.0100, Buffer: 100000
Episode 58000/500000, Total Reward: 9892, Epsilon: 0.0100, Buffer: 100000
Episode 59000/500000, Total Reward: 3758, Epsilon: 0.0100, Buffer: 100000
Episode 60000/500000, Total Reward: 7444, Epsilon: 0.0100, Buffer: 100000
Episode 61000/500000, Total Reward: 10937, Epsilon: 0.0100, Buffer: 100000
Episode 62000/500000, Total Reward: 10546, Epsilon: 0.0100, Buffer: 100000
Episode 63000/500000, Total Reward: 2521, Epsilon: 0.0100, Buffer: 100000
Episode 64000/500000, Total Reward: 11271, Epsilon: 0.0100, Buffer: 100000
Episode 65000/500000, Total Reward: 6734, Epsilon: 0.0100, Buffer: 100000
Episode 66000/500000, Total Reward: 7279, Epsilon: 0.0100, Buffer: 100000
Episode 67000/500000, Total Reward: 7766, Epsilon: 0.0100, Buffer: 100000
Episode 68000/500000, Total Reward: 8715, Epsilon: 0.0100, Buffer: 100000
Episode 69000/500000, Total Reward: 8794, Epsilon: 0.0100, Buffer: 100000
Episode 70000/500000, Total Reward: 9714, Epsilon: 0.0100, Buffer: 100000
Episode 71000/500000, Total Reward: 4582, Epsilon: 0.0100, Buffer: 100000
Episode 72000/500000, Total Reward: 7215, Epsilon: 0.0100, Buffer: 100000
Episode 73000/500000, Total Reward: 2420, Epsilon: 0.0100, Buffer: 100000
Episode 74000/500000, Total Reward: 4079, Epsilon: 0.0100, Buffer: 100000
Episode 75000/500000, Total Reward: 12443, Epsilon: 0.0100, Buffer: 100000
Episode 76000/500000, Total Reward: 8331, Epsilon: 0.0100, Buffer: 100000
Episode 77000/500000, Total Reward: 10311, Epsilon: 0.0100, Buffer: 100000
Episode 78000/500000, Total Reward: 9019, Epsilon: 0.0100, Buffer: 100000
Episode 79000/500000, Total Reward: 7595, Epsilon: 0.0100, Buffer: 100000
Episode 80000/500000, Total Reward: 2023, Epsilon: 0.0100, Buffer: 100000
Episode 81000/500000, Total Reward: 9369, Epsilon: 0.0100, Buffer: 100000
Episode 82000/500000, Total Reward: 3799, Epsilon: 0.0100, Buffer: 100000
Episode 83000/500000, Total Reward: 12447, Epsilon: 0.0100, Buffer: 100000
Episode 84000/500000, Total Reward: 4844, Epsilon: 0.0100, Buffer: 100000
Episode 85000/500000, Total Reward: 11103, Epsilon: 0.0100, Buffer: 100000
Episode 86000/500000, Total Reward: 5528, Epsilon: 0.0100, Buffer: 100000
Episode 87000/500000, Total Reward: 6196, Epsilon: 0.0100, Buffer: 100000
Episode 88000/500000, Total Reward: 5730, Epsilon: 0.0100, Buffer: 100000
Episode 89000/500000, Total Reward: 8708, Epsilon: 0.0100, Buffer: 100000
Episode 90000/500000, Total Reward: 6600, Epsilon: 0.0100, Buffer: 100000
Episode 91000/500000, Total Reward: 8943, Epsilon: 0.0100, Buffer: 100000
Episode 92000/500000, Total Reward: 7247, Epsilon: 0.0100, Buffer: 100000
Episode 93000/500000, Total Reward: 2909, Epsilon: 0.0100, Buffer: 100000
Episode 94000/500000, Total Reward: 10462, Epsilon: 0.0100, Buffer: 100000
Episode 95000/500000, Total Reward: 2875, Epsilon: 0.0100, Buffer: 100000
Episode 96000/500000, Total Reward: 10228, Epsilon: 0.0100, Buffer: 100000
Episode 97000/500000, Total Reward: 5791, Epsilon: 0.0100, Buffer: 100000
Episode 98000/500000, Total Reward: 8119, Epsilon: 0.0100, Buffer: 100000
Episode 99000/500000, Total Reward: 4154, Epsilon: 0.0100, Buffer: 100000
Episode 100000/500000, Total Reward: 7829, Epsilon: 0.0100, Buffer: 100000
Episode 101000/500000, Total Reward: 2804, Epsilon: 0.0100, Buffer: 100000
Episode 102000/500000, Total Reward: 6532, Epsilon: 0.0100, Buffer: 100000
Episode 103000/500000, Total Reward: 6759, Epsilon: 0.0100, Buffer: 100000
Episode 104000/500000, Total Reward: 9501, Epsilon: 0.0100, Buffer: 100000
Episode 105000/500000, Total Reward: 5528, Epsilon: 0.0100, Buffer: 100000
Episode 106000/500000, Total Reward: 4946, Epsilon: 0.0100, Buffer: 100000
Episode 107000/500000, Total Reward: 6175, Epsilon: 0.0100, Buffer: 100000
Episode 108000/500000, Total Reward: 9080, Epsilon: 0.0100, Buffer: 100000
Episode 109000/500000, Total Reward: 5693, Epsilon: 0.0100, Buffer: 100000
Episode 110000/500000, Total Reward: 8641, Epsilon: 0.0100, Buffer: 100000
Episode 111000/500000, Total Reward: 10444, Epsilon: 0.0100, Buffer: 100000
Episode 112000/500000, Total Reward: 7435, Epsilon: 0.0100, Buffer: 100000
Episode 113000/500000, Total Reward: 11411, Epsilon: 0.0100, Buffer: 100000
Episode 114000/500000, Total Reward: 9368, Epsilon: 0.0100, Buffer: 100000
Episode 115000/500000, Total Reward: 213, Epsilon: 0.0100, Buffer: 100000
Episode 116000/500000, Total Reward: 4009, Epsilon: 0.0100, Buffer: 100000
Episode 117000/500000, Total Reward: 6107, Epsilon: 0.0100, Buffer: 100000
Episode 118000/500000, Total Reward: 5616, Epsilon: 0.0100, Buffer: 100000
Episode 119000/500000, Total Reward: 5992, Epsilon: 0.0100, Buffer: 100000
Episode 120000/500000, Total Reward: 8852, Epsilon: 0.0100, Buffer: 100000
Episode 121000/500000, Total Reward: 3685, Epsilon: 0.0100, Buffer: 100000
Episode 122000/500000, Total Reward: 3735, Epsilon: 0.0100, Buffer: 100000
Episode 123000/500000, Total Reward: 2042, Epsilon: 0.0100, Buffer: 100000
Episode 124000/500000, Total Reward: 9199, Epsilon: 0.0100, Buffer: 100000
Episode 125000/500000, Total Reward: 9461, Epsilon: 0.0100, Buffer: 100000
Episode 126000/500000, Total Reward: 8622, Epsilon: 0.0100, Buffer: 100000
Episode 127000/500000, Total Reward: 12414, Epsilon: 0.0100, Buffer: 100000
Episode 128000/500000, Total Reward: 9352, Epsilon: 0.0100, Buffer: 100000
Episode 129000/500000, Total Reward: 11692, Epsilon: 0.0100, Buffer: 100000
Episode 130000/500000, Total Reward: 8265, Epsilon: 0.0100, Buffer: 100000
Episode 131000/500000, Total Reward: 7903, Epsilon: 0.0100, Buffer: 100000
Episode 132000/500000, Total Reward: 5122, Epsilon: 0.0100, Buffer: 100000
Episode 133000/500000, Total Reward: 8390, Epsilon: 0.0100, Buffer: 100000
Episode 134000/500000, Total Reward: 6987, Epsilon: 0.0100, Buffer: 100000
Episode 135000/500000, Total Reward: 11323, Epsilon: 0.0100, Buffer: 100000
Episode 136000/500000, Total Reward: 8499, Epsilon: 0.0100, Buffer: 100000
Episode 137000/500000, Total Reward: 8777, Epsilon: 0.0100, Buffer: 100000
Episode 138000/500000, Total Reward: 2903, Epsilon: 0.0100, Buffer: 100000
Episode 139000/500000, Total Reward: 11716, Epsilon: 0.0100, Buffer: 100000
Episode 140000/500000, Total Reward: 6034, Epsilon: 0.0100, Buffer: 100000
Episode 141000/500000, Total Reward: 9347, Epsilon: 0.0100, Buffer: 100000
Episode 142000/500000, Total Reward: 9198, Epsilon: 0.0100, Buffer: 100000
Episode 143000/500000, Total Reward: 4935, Epsilon: 0.0100, Buffer: 100000
Episode 144000/500000, Total Reward: 8071, Epsilon: 0.0100, Buffer: 100000
Episode 145000/500000, Total Reward: 3854, Epsilon: 0.0100, Buffer: 100000
Episode 146000/500000, Total Reward: 2637, Epsilon: 0.0100, Buffer: 100000
Episode 147000/500000, Total Reward: 6512, Epsilon: 0.0100, Buffer: 100000
Episode 148000/500000, Total Reward: 4884, Epsilon: 0.0100, Buffer: 100000
Episode 149000/500000, Total Reward: 5011, Epsilon: 0.0100, Buffer: 100000
Episode 150000/500000, Total Reward: 9000, Epsilon: 0.0100, Buffer: 100000
Episode 151000/500000, Total Reward: 6618, Epsilon: 0.0100, Buffer: 100000
Episode 152000/500000, Total Reward: 6606, Epsilon: 0.0100, Buffer: 100000
Episode 153000/500000, Total Reward: 7524, Epsilon: 0.0100, Buffer: 100000
Episode 154000/500000, Total Reward: 8751, Epsilon: 0.0100, Buffer: 100000
Episode 155000/500000, Total Reward: 3334, Epsilon: 0.0100, Buffer: 100000
Episode 156000/500000, Total Reward: 13819, Epsilon: 0.0100, Buffer: 100000
Episode 157000/500000, Total Reward: -214, Epsilon: 0.0100, Buffer: 100000
Episode 158000/500000, Total Reward: 8754, Epsilon: 0.0100, Buffer: 100000
Episode 159000/500000, Total Reward: 6085, Epsilon: 0.0100, Buffer: 100000
Episode 160000/500000, Total Reward: 7760, Epsilon: 0.0100, Buffer: 100000
Episode 161000/500000, Total Reward: 11578, Epsilon: 0.0100, Buffer: 100000
Episode 162000/500000, Total Reward: 6846, Epsilon: 0.0100, Buffer: 100000
Episode 163000/500000, Total Reward: 5482, Epsilon: 0.0100, Buffer: 100000
Episode 164000/500000, Total Reward: 7991, Epsilon: 0.0100, Buffer: 100000
Episode 165000/500000, Total Reward: 8191, Epsilon: 0.0100, Buffer: 100000
Episode 166000/500000, Total Reward: 9189, Epsilon: 0.0100, Buffer: 100000
Episode 167000/500000, Total Reward: 7416, Epsilon: 0.0100, Buffer: 100000
Episode 168000/500000, Total Reward: 6469, Epsilon: 0.0100, Buffer: 100000
Episode 169000/500000, Total Reward: 5723, Epsilon: 0.0100, Buffer: 100000
Episode 170000/500000, Total Reward: 4883, Epsilon: 0.0100, Buffer: 100000
Episode 171000/500000, Total Reward: 12857, Epsilon: 0.0100, Buffer: 100000
Episode 172000/500000, Total Reward: 6190, Epsilon: 0.0100, Buffer: 100000
Episode 173000/500000, Total Reward: 9874, Epsilon: 0.0100, Buffer: 100000
Episode 174000/500000, Total Reward: 7966, Epsilon: 0.0100, Buffer: 100000
Episode 175000/500000, Total Reward: 5088, Epsilon: 0.0100, Buffer: 100000
Episode 176000/500000, Total Reward: 4955, Epsilon: 0.0100, Buffer: 100000
Episode 177000/500000, Total Reward: 7822, Epsilon: 0.0100, Buffer: 100000
Episode 178000/500000, Total Reward: 10034, Epsilon: 0.0100, Buffer: 100000
Episode 179000/500000, Total Reward: 7816, Epsilon: 0.0100, Buffer: 100000
Episode 180000/500000, Total Reward: 6716, Epsilon: 0.0100, Buffer: 100000
Episode 181000/500000, Total Reward: 9671, Epsilon: 0.0100, Buffer: 100000
Episode 182000/500000, Total Reward: 5052, Epsilon: 0.0100, Buffer: 100000
Episode 183000/500000, Total Reward: 10240, Epsilon: 0.0100, Buffer: 100000
Episode 184000/500000, Total Reward: 8978, Epsilon: 0.0100, Buffer: 100000
Episode 185000/500000, Total Reward: 3689, Epsilon: 0.0100, Buffer: 100000
Episode 186000/500000, Total Reward: 6794, Epsilon: 0.0100, Buffer: 100000
Episode 187000/500000, Total Reward: 1876, Epsilon: 0.0100, Buffer: 100000
Episode 188000/500000, Total Reward: 6490, Epsilon: 0.0100, Buffer: 100000
Episode 189000/500000, Total Reward: 6099, Epsilon: 0.0100, Buffer: 100000
Episode 190000/500000, Total Reward: 4141, Epsilon: 0.0100, Buffer: 100000
Episode 191000/500000, Total Reward: 7433, Epsilon: 0.0100, Buffer: 100000
Episode 192000/500000, Total Reward: 8496, Epsilon: 0.0100, Buffer: 100000
Episode 193000/500000, Total Reward: 7962, Epsilon: 0.0100, Buffer: 100000
Episode 194000/500000, Total Reward: 9744, Epsilon: 0.0100, Buffer: 100000
Episode 195000/500000, Total Reward: 4684, Epsilon: 0.0100, Buffer: 100000
Episode 196000/500000, Total Reward: 11266, Epsilon: 0.0100, Buffer: 100000
Episode 197000/500000, Total Reward: 11474, Epsilon: 0.0100, Buffer: 100000
Episode 198000/500000, Total Reward: 9525, Epsilon: 0.0100, Buffer: 100000
Episode 199000/500000, Total Reward: 7300, Epsilon: 0.0100, Buffer: 100000
Episode 200000/500000, Total Reward: 10464, Epsilon: 0.0100, Buffer: 100000
Episode 201000/500000, Total Reward: 6841, Epsilon: 0.0100, Buffer: 100000
Episode 202000/500000, Total Reward: 7935, Epsilon: 0.0100, Buffer: 100000
Episode 203000/500000, Total Reward: 3684, Epsilon: 0.0100, Buffer: 100000
Episode 204000/500000, Total Reward: 9604, Epsilon: 0.0100, Buffer: 100000
Episode 205000/500000, Total Reward: 3649, Epsilon: 0.0100, Buffer: 100000
Episode 206000/500000, Total Reward: 5524, Epsilon: 0.0100, Buffer: 100000
Episode 207000/500000, Total Reward: 6532, Epsilon: 0.0100, Buffer: 100000
Episode 208000/500000, Total Reward: 7420, Epsilon: 0.0100, Buffer: 100000
Episode 209000/500000, Total Reward: 2650, Epsilon: 0.0100, Buffer: 100000
Episode 210000/500000, Total Reward: 7563, Epsilon: 0.0100, Buffer: 100000
Episode 211000/500000, Total Reward: 7630, Epsilon: 0.0100, Buffer: 100000
Episode 212000/500000, Total Reward: 6910, Epsilon: 0.0100, Buffer: 100000
Episode 213000/500000, Total Reward: 4304, Epsilon: 0.0100, Buffer: 100000
Episode 214000/500000, Total Reward: 6709, Epsilon: 0.0100, Buffer: 100000
Episode 215000/500000, Total Reward: 7764, Epsilon: 0.0100, Buffer: 100000
Episode 216000/500000, Total Reward: 8619, Epsilon: 0.0100, Buffer: 100000
Episode 217000/500000, Total Reward: 7903, Epsilon: 0.0100, Buffer: 100000
Episode 218000/500000, Total Reward: 6283, Epsilon: 0.0100, Buffer: 100000
Episode 219000/500000, Total Reward: 10394, Epsilon: 0.0100, Buffer: 100000
Episode 220000/500000, Total Reward: 7838, Epsilon: 0.0100, Buffer: 100000
Episode 221000/500000, Total Reward: 5380, Epsilon: 0.0100, Buffer: 100000
Episode 222000/500000, Total Reward: -43, Epsilon: 0.0100, Buffer: 100000
Episode 223000/500000, Total Reward: 6561, Epsilon: 0.0100, Buffer: 100000
Episode 224000/500000, Total Reward: 5676, Epsilon: 0.0100, Buffer: 100000
Episode 225000/500000, Total Reward: 13054, Epsilon: 0.0100, Buffer: 100000
Episode 226000/500000, Total Reward: 9658, Epsilon: 0.0100, Buffer: 100000
Episode 227000/500000, Total Reward: 11934, Epsilon: 0.0100, Buffer: 100000
Episode 228000/500000, Total Reward: 10153, Epsilon: 0.0100, Buffer: 100000
Episode 229000/500000, Total Reward: -1071, Epsilon: 0.0100, Buffer: 100000
Episode 230000/500000, Total Reward: 9241, Epsilon: 0.0100, Buffer: 100000
Episode 231000/500000, Total Reward: 7885, Epsilon: 0.0100, Buffer: 100000
Episode 232000/500000, Total Reward: 7694, Epsilon: 0.0100, Buffer: 100000
Episode 233000/500000, Total Reward: 8748, Epsilon: 0.0100, Buffer: 100000
Episode 234000/500000, Total Reward: 6238, Epsilon: 0.0100, Buffer: 100000
Episode 235000/500000, Total Reward: 5745, Epsilon: 0.0100, Buffer: 100000
Episode 236000/500000, Total Reward: 6434, Epsilon: 0.0100, Buffer: 100000
Episode 237000/500000, Total Reward: 11280, Epsilon: 0.0100, Buffer: 100000
Episode 238000/500000, Total Reward: 10183, Epsilon: 0.0100, Buffer: 100000
Episode 239000/500000, Total Reward: 10403, Epsilon: 0.0100, Buffer: 100000
Episode 240000/500000, Total Reward: 7643, Epsilon: 0.0100, Buffer: 100000
Episode 241000/500000, Total Reward: 10214, Epsilon: 0.0100, Buffer: 100000
Episode 242000/500000, Total Reward: 9203, Epsilon: 0.0100, Buffer: 100000
Episode 243000/500000, Total Reward: 8763, Epsilon: 0.0100, Buffer: 100000
Episode 244000/500000, Total Reward: 5202, Epsilon: 0.0100, Buffer: 100000
Episode 245000/500000, Total Reward: 3825, Epsilon: 0.0100, Buffer: 100000
Episode 246000/500000, Total Reward: 4657, Epsilon: 0.0100, Buffer: 100000
Episode 247000/500000, Total Reward: 4846, Epsilon: 0.0100, Buffer: 100000
Episode 248000/500000, Total Reward: 13055, Epsilon: 0.0100, Buffer: 100000
Episode 249000/500000, Total Reward: 10311, Epsilon: 0.0100, Buffer: 100000
Episode 250000/500000, Total Reward: 5677, Epsilon: 0.0100, Buffer: 100000
Episode 251000/500000, Total Reward: 8445, Epsilon: 0.0100, Buffer: 100000
Episode 252000/500000, Total Reward: 8046, Epsilon: 0.0100, Buffer: 100000
Episode 253000/500000, Total Reward: 4986, Epsilon: 0.0100, Buffer: 100000
Episode 254000/500000, Total Reward: 5187, Epsilon: 0.0100, Buffer: 100000
Episode 255000/500000, Total Reward: 9561, Epsilon: 0.0100, Buffer: 100000
Episode 256000/500000, Total Reward: 4617, Epsilon: 0.0100, Buffer: 100000
Episode 257000/500000, Total Reward: 6216, Epsilon: 0.0100, Buffer: 100000
Episode 258000/500000, Total Reward: 9773, Epsilon: 0.0100, Buffer: 100000
Episode 259000/500000, Total Reward: 9633, Epsilon: 0.0100, Buffer: 100000
Episode 260000/500000, Total Reward: 652, Epsilon: 0.0100, Buffer: 100000
Episode 261000/500000, Total Reward: 10017, Epsilon: 0.0100, Buffer: 100000
Episode 262000/500000, Total Reward: 7748, Epsilon: 0.0100, Buffer: 100000
Episode 263000/500000, Total Reward: 10377, Epsilon: 0.0100, Buffer: 100000
Episode 264000/500000, Total Reward: 8071, Epsilon: 0.0100, Buffer: 100000
Episode 265000/500000, Total Reward: 5365, Epsilon: 0.0100, Buffer: 100000
Episode 266000/500000, Total Reward: 4103, Epsilon: 0.0100, Buffer: 100000
Episode 267000/500000, Total Reward: 5897, Epsilon: 0.0100, Buffer: 100000
Episode 268000/500000, Total Reward: 4232, Epsilon: 0.0100, Buffer: 100000
Episode 269000/500000, Total Reward: 7486, Epsilon: 0.0100, Buffer: 100000
Episode 270000/500000, Total Reward: 2626, Epsilon: 0.0100, Buffer: 100000
Episode 271000/500000, Total Reward: 5523, Epsilon: 0.0100, Buffer: 100000
Episode 272000/500000, Total Reward: 13951, Epsilon: 0.0100, Buffer: 100000
Episode 273000/500000, Total Reward: 4363, Epsilon: 0.0100, Buffer: 100000
Episode 274000/500000, Total Reward: 6909, Epsilon: 0.0100, Buffer: 100000
Episode 275000/500000, Total Reward: 11652, Epsilon: 0.0100, Buffer: 100000
Episode 276000/500000, Total Reward: 5358, Epsilon: 0.0100, Buffer: 100000
Episode 277000/500000, Total Reward: 9844, Epsilon: 0.0100, Buffer: 100000
Episode 278000/500000, Total Reward: 6128, Epsilon: 0.0100, Buffer: 100000
Episode 279000/500000, Total Reward: 7961, Epsilon: 0.0100, Buffer: 100000
Episode 280000/500000, Total Reward: 5644, Epsilon: 0.0100, Buffer: 100000
Episode 281000/500000, Total Reward: 5355, Epsilon: 0.0100, Buffer: 100000
Episode 282000/500000, Total Reward: 1030, Epsilon: 0.0100, Buffer: 100000
Episode 283000/500000, Total Reward: 6879, Epsilon: 0.0100, Buffer: 100000
Episode 284000/500000, Total Reward: 7535, Epsilon: 0.0100, Buffer: 100000
Episode 285000/500000, Total Reward: 2689, Epsilon: 0.0100, Buffer: 100000
Episode 286000/500000, Total Reward: 11974, Epsilon: 0.0100, Buffer: 100000
Episode 287000/500000, Total Reward: 9536, Epsilon: 0.0100, Buffer: 100000
Episode 288000/500000, Total Reward: 6748, Epsilon: 0.0100, Buffer: 100000
Episode 289000/500000, Total Reward: 7780, Epsilon: 0.0100, Buffer: 100000
Episode 290000/500000, Total Reward: 3024, Epsilon: 0.0100, Buffer: 100000
Episode 291000/500000, Total Reward: -31, Epsilon: 0.0100, Buffer: 100000
Episode 292000/500000, Total Reward: 4548, Epsilon: 0.0100, Buffer: 100000
Episode 293000/500000, Total Reward: 8853, Epsilon: 0.0100, Buffer: 100000
Episode 294000/500000, Total Reward: 4947, Epsilon: 0.0100, Buffer: 100000
Episode 295000/500000, Total Reward: 2976, Epsilon: 0.0100, Buffer: 100000
Episode 296000/500000, Total Reward: 5948, Epsilon: 0.0100, Buffer: 100000
Episode 297000/500000, Total Reward: 4558, Epsilon: 0.0100, Buffer: 100000
Episode 298000/500000, Total Reward: 7500, Epsilon: 0.0100, Buffer: 100000
Episode 299000/500000, Total Reward: 7171, Epsilon: 0.0100, Buffer: 100000
Episode 300000/500000, Total Reward: 6588, Epsilon: 0.0100, Buffer: 100000
Episode 301000/500000, Total Reward: 1615, Epsilon: 0.0100, Buffer: 100000
Episode 302000/500000, Total Reward: 8227, Epsilon: 0.0100, Buffer: 100000
Episode 303000/500000, Total Reward: 6809, Epsilon: 0.0100, Buffer: 100000
Episode 304000/500000, Total Reward: 7834, Epsilon: 0.0100, Buffer: 100000
Episode 305000/500000, Total Reward: 8563, Epsilon: 0.0100, Buffer: 100000
Episode 306000/500000, Total Reward: 3738, Epsilon: 0.0100, Buffer: 100000
Episode 307000/500000, Total Reward: 2827, Epsilon: 0.0100, Buffer: 100000
Episode 308000/500000, Total Reward: 3888, Epsilon: 0.0100, Buffer: 100000
Episode 309000/500000, Total Reward: 6313, Epsilon: 0.0100, Buffer: 100000
Episode 310000/500000, Total Reward: 5592, Epsilon: 0.0100, Buffer: 100000
Episode 311000/500000, Total Reward: 10398, Epsilon: 0.0100, Buffer: 100000
Episode 312000/500000, Total Reward: 6412, Epsilon: 0.0100, Buffer: 100000
Episode 313000/500000, Total Reward: 2533, Epsilon: 0.0100, Buffer: 100000
Episode 314000/500000, Total Reward: 7810, Epsilon: 0.0100, Buffer: 100000
Episode 315000/500000, Total Reward: 6638, Epsilon: 0.0100, Buffer: 100000
Episode 316000/500000, Total Reward: 11218, Epsilon: 0.0100, Buffer: 100000
Episode 317000/500000, Total Reward: 9022, Epsilon: 0.0100, Buffer: 100000
Episode 318000/500000, Total Reward: 9085, Epsilon: 0.0100, Buffer: 100000
Episode 319000/500000, Total Reward: 4066, Epsilon: 0.0100, Buffer: 100000
Episode 320000/500000, Total Reward: 9112, Epsilon: 0.0100, Buffer: 100000
Episode 321000/500000, Total Reward: 8443, Epsilon: 0.0100, Buffer: 100000
Episode 322000/500000, Total Reward: 5565, Epsilon: 0.0100, Buffer: 100000
Episode 323000/500000, Total Reward: 6452, Epsilon: 0.0100, Buffer: 100000
Episode 324000/500000, Total Reward: 8682, Epsilon: 0.0100, Buffer: 100000
Episode 325000/500000, Total Reward: 7550, Epsilon: 0.0100, Buffer: 100000
Episode 326000/500000, Total Reward: 7352, Epsilon: 0.0100, Buffer: 100000
Episode 327000/500000, Total Reward: 3147, Epsilon: 0.0100, Buffer: 100000
Episode 328000/500000, Total Reward: 7900, Epsilon: 0.0100, Buffer: 100000
Episode 329000/500000, Total Reward: 10909, Epsilon: 0.0100, Buffer: 100000
Episode 330000/500000, Total Reward: 7421, Epsilon: 0.0100, Buffer: 100000
Episode 331000/500000, Total Reward: 6437, Epsilon: 0.0100, Buffer: 100000
Episode 332000/500000, Total Reward: 3356, Epsilon: 0.0100, Buffer: 100000
Episode 333000/500000, Total Reward: 8388, Epsilon: 0.0100, Buffer: 100000
Episode 334000/500000, Total Reward: 9613, Epsilon: 0.0100, Buffer: 100000
Episode 335000/500000, Total Reward: 6140, Epsilon: 0.0100, Buffer: 100000
Episode 336000/500000, Total Reward: 3834, Epsilon: 0.0100, Buffer: 100000
Episode 337000/500000, Total Reward: 6573, Epsilon: 0.0100, Buffer: 100000
Episode 338000/500000, Total Reward: 7280, Epsilon: 0.0100, Buffer: 100000
Episode 339000/500000, Total Reward: 10613, Epsilon: 0.0100, Buffer: 100000
Episode 340000/500000, Total Reward: 8068, Epsilon: 0.0100, Buffer: 100000
Episode 341000/500000, Total Reward: 12478, Epsilon: 0.0100, Buffer: 100000
Episode 342000/500000, Total Reward: 10450, Epsilon: 0.0100, Buffer: 100000
Episode 343000/500000, Total Reward: 3885, Epsilon: 0.0100, Buffer: 100000
Episode 344000/500000, Total Reward: 8303, Epsilon: 0.0100, Buffer: 100000
Episode 345000/500000, Total Reward: 8728, Epsilon: 0.0100, Buffer: 100000
Episode 346000/500000, Total Reward: 9519, Epsilon: 0.0100, Buffer: 100000
Episode 347000/500000, Total Reward: 7762, Epsilon: 0.0100, Buffer: 100000
Episode 348000/500000, Total Reward: 8443, Epsilon: 0.0100, Buffer: 100000
Episode 349000/500000, Total Reward: 8419, Epsilon: 0.0100, Buffer: 100000
Episode 350000/500000, Total Reward: 3538, Epsilon: 0.0100, Buffer: 100000
Episode 351000/500000, Total Reward: 4813, Epsilon: 0.0100, Buffer: 100000
Episode 352000/500000, Total Reward: 7632, Epsilon: 0.0100, Buffer: 100000
Episode 353000/500000, Total Reward: 10848, Epsilon: 0.0100, Buffer: 100000
Episode 354000/500000, Total Reward: 6499, Epsilon: 0.0100, Buffer: 100000
Episode 355000/500000, Total Reward: 5269, Epsilon: 0.0100, Buffer: 100000
Episode 356000/500000, Total Reward: 8102, Epsilon: 0.0100, Buffer: 100000
Episode 357000/500000, Total Reward: 6271, Epsilon: 0.0100, Buffer: 100000
Episode 358000/500000, Total Reward: 6734, Epsilon: 0.0100, Buffer: 100000
Episode 359000/500000, Total Reward: 9955, Epsilon: 0.0100, Buffer: 100000
Episode 360000/500000, Total Reward: 7783, Epsilon: 0.0100, Buffer: 100000
Episode 361000/500000, Total Reward: 6037, Epsilon: 0.0100, Buffer: 100000
Episode 362000/500000, Total Reward: 6798, Epsilon: 0.0100, Buffer: 100000
Episode 363000/500000, Total Reward: 8815, Epsilon: 0.0100, Buffer: 100000
Episode 364000/500000, Total Reward: 10666, Epsilon: 0.0100, Buffer: 100000
Episode 365000/500000, Total Reward: 1937, Epsilon: 0.0100, Buffer: 100000
Episode 366000/500000, Total Reward: 2497, Epsilon: 0.0100, Buffer: 100000
Episode 367000/500000, Total Reward: 9493, Epsilon: 0.0100, Buffer: 100000
Episode 368000/500000, Total Reward: 8621, Epsilon: 0.0100, Buffer: 100000
Episode 369000/500000, Total Reward: 11095, Epsilon: 0.0100, Buffer: 100000
Episode 370000/500000, Total Reward: 2597, Epsilon: 0.0100, Buffer: 100000
Episode 371000/500000, Total Reward: 7488, Epsilon: 0.0100, Buffer: 100000
Episode 372000/500000, Total Reward: 7131, Epsilon: 0.0100, Buffer: 100000
Episode 373000/500000, Total Reward: 1200, Epsilon: 0.0100, Buffer: 100000
Episode 374000/500000, Total Reward: 6263, Epsilon: 0.0100, Buffer: 100000
Episode 375000/500000, Total Reward: 717, Epsilon: 0.0100, Buffer: 100000
Episode 376000/500000, Total Reward: 5872, Epsilon: 0.0100, Buffer: 100000
Episode 377000/500000, Total Reward: 12782, Epsilon: 0.0100, Buffer: 100000
Episode 378000/500000, Total Reward: 3227, Epsilon: 0.0100, Buffer: 100000
Episode 379000/500000, Total Reward: 9966, Epsilon: 0.0100, Buffer: 100000
Episode 380000/500000, Total Reward: 5814, Epsilon: 0.0100, Buffer: 100000
Episode 381000/500000, Total Reward: 8418, Epsilon: 0.0100, Buffer: 100000
Episode 382000/500000, Total Reward: 7395, Epsilon: 0.0100, Buffer: 100000
Episode 383000/500000, Total Reward: 8062, Epsilon: 0.0100, Buffer: 100000
Episode 384000/500000, Total Reward: 4151, Epsilon: 0.0100, Buffer: 100000
Episode 385000/500000, Total Reward: 9529, Epsilon: 0.0100, Buffer: 100000
Episode 386000/500000, Total Reward: 5250, Epsilon: 0.0100, Buffer: 100000
Episode 387000/500000, Total Reward: 6486, Epsilon: 0.0100, Buffer: 100000
Episode 388000/500000, Total Reward: 5484, Epsilon: 0.0100, Buffer: 100000
Episode 389000/500000, Total Reward: 5459, Epsilon: 0.0100, Buffer: 100000
Episode 390000/500000, Total Reward: 8191, Epsilon: 0.0100, Buffer: 100000
Episode 391000/500000, Total Reward: 10797, Epsilon: 0.0100, Buffer: 100000
Episode 392000/500000, Total Reward: 183, Epsilon: 0.0100, Buffer: 100000
Episode 393000/500000, Total Reward: 9261, Epsilon: 0.0100, Buffer: 100000
Episode 394000/500000, Total Reward: 3806, Epsilon: 0.0100, Buffer: 100000
Episode 395000/500000, Total Reward: 5525, Epsilon: 0.0100, Buffer: 100000
Episode 396000/500000, Total Reward: 9155, Epsilon: 0.0100, Buffer: 100000
Episode 397000/500000, Total Reward: 5854, Epsilon: 0.0100, Buffer: 100000
Episode 398000/500000, Total Reward: 7614, Epsilon: 0.0100, Buffer: 100000
Episode 399000/500000, Total Reward: 7106, Epsilon: 0.0100, Buffer: 100000
Episode 400000/500000, Total Reward: 8966, Epsilon: 0.0100, Buffer: 100000
Episode 401000/500000, Total Reward: 2958, Epsilon: 0.0100, Buffer: 100000
Episode 402000/500000, Total Reward: 4770, Epsilon: 0.0100, Buffer: 100000
Episode 403000/500000, Total Reward: 6837, Epsilon: 0.0100, Buffer: 100000
Episode 404000/500000, Total Reward: 8949, Epsilon: 0.0100, Buffer: 100000
Episode 405000/500000, Total Reward: 6275, Epsilon: 0.0100, Buffer: 100000
Episode 406000/500000, Total Reward: 2106, Epsilon: 0.0100, Buffer: 100000
Episode 407000/500000, Total Reward: 11425, Epsilon: 0.0100, Buffer: 100000
Episode 408000/500000, Total Reward: 6950, Epsilon: 0.0100, Buffer: 100000
Episode 409000/500000, Total Reward: 7757, Epsilon: 0.0100, Buffer: 100000
Episode 410000/500000, Total Reward: 6595, Epsilon: 0.0100, Buffer: 100000
Episode 411000/500000, Total Reward: 3481, Epsilon: 0.0100, Buffer: 100000
Episode 412000/500000, Total Reward: 6102, Epsilon: 0.0100, Buffer: 100000
Episode 413000/500000, Total Reward: 7835, Epsilon: 0.0100, Buffer: 100000
Episode 414000/500000, Total Reward: 3722, Epsilon: 0.0100, Buffer: 100000
Episode 415000/500000, Total Reward: 683, Epsilon: 0.0100, Buffer: 100000
Episode 416000/500000, Total Reward: 8384, Epsilon: 0.0100, Buffer: 100000
Episode 417000/500000, Total Reward: 5645, Epsilon: 0.0100, Buffer: 100000
Episode 418000/500000, Total Reward: 5542, Epsilon: 0.0100, Buffer: 100000
Episode 419000/500000, Total Reward: 5753, Epsilon: 0.0100, Buffer: 100000
Episode 420000/500000, Total Reward: 8029, Epsilon: 0.0100, Buffer: 100000
Episode 421000/500000, Total Reward: 577, Epsilon: 0.0100, Buffer: 100000
Episode 422000/500000, Total Reward: 7399, Epsilon: 0.0100, Buffer: 100000
Episode 423000/500000, Total Reward: 9014, Epsilon: 0.0100, Buffer: 100000
Episode 424000/500000, Total Reward: 6244, Epsilon: 0.0100, Buffer: 100000
Episode 425000/500000, Total Reward: 6720, Epsilon: 0.0100, Buffer: 100000
Episode 426000/500000, Total Reward: 9150, Epsilon: 0.0100, Buffer: 100000
Episode 427000/500000, Total Reward: 6594, Epsilon: 0.0100, Buffer: 100000
Episode 428000/500000, Total Reward: 6649, Epsilon: 0.0100, Buffer: 100000
Episode 429000/500000, Total Reward: 4989, Epsilon: 0.0100, Buffer: 100000
Episode 430000/500000, Total Reward: 6769, Epsilon: 0.0100, Buffer: 100000
Episode 431000/500000, Total Reward: 10109, Epsilon: 0.0100, Buffer: 100000
Episode 432000/500000, Total Reward: 5546, Epsilon: 0.0100, Buffer: 100000
Episode 433000/500000, Total Reward: 3674, Epsilon: 0.0100, Buffer: 100000
Episode 434000/500000, Total Reward: 6782, Epsilon: 0.0100, Buffer: 100000
Episode 435000/500000, Total Reward: 7116, Epsilon: 0.0100, Buffer: 100000
Episode 436000/500000, Total Reward: 8973, Epsilon: 0.0100, Buffer: 100000
Episode 437000/500000, Total Reward: 4978, Epsilon: 0.0100, Buffer: 100000
Episode 438000/500000, Total Reward: 4408, Epsilon: 0.0100, Buffer: 100000
Episode 439000/500000, Total Reward: 11294, Epsilon: 0.0100, Buffer: 100000
Episode 440000/500000, Total Reward: 2941, Epsilon: 0.0100, Buffer: 100000
Episode 441000/500000, Total Reward: 8748, Epsilon: 0.0100, Buffer: 100000
Episode 442000/500000, Total Reward: 4129, Epsilon: 0.0100, Buffer: 100000
Episode 443000/500000, Total Reward: 4527, Epsilon: 0.0100, Buffer: 100000
Episode 444000/500000, Total Reward: 8455, Epsilon: 0.0100, Buffer: 100000
Episode 445000/500000, Total Reward: 575, Epsilon: 0.0100, Buffer: 100000
Episode 446000/500000, Total Reward: 4279, Epsilon: 0.0100, Buffer: 100000
Episode 447000/500000, Total Reward: 8788, Epsilon: 0.0100, Buffer: 100000
Episode 448000/500000, Total Reward: 5118, Epsilon: 0.0100, Buffer: 100000
Episode 449000/500000, Total Reward: 7619, Epsilon: 0.0100, Buffer: 100000
Episode 450000/500000, Total Reward: -158, Epsilon: 0.0100, Buffer: 100000
Episode 451000/500000, Total Reward: 5857, Epsilon: 0.0100, Buffer: 100000
Episode 452000/500000, Total Reward: 7985, Epsilon: 0.0100, Buffer: 100000
Episode 453000/500000, Total Reward: 9639, Epsilon: 0.0100, Buffer: 100000
Episode 454000/500000, Total Reward: 8395, Epsilon: 0.0100, Buffer: 100000
Episode 455000/500000, Total Reward: 5924, Epsilon: 0.0100, Buffer: 100000
Episode 456000/500000, Total Reward: 14121, Epsilon: 0.0100, Buffer: 100000
Episode 457000/500000, Total Reward: 7934, Epsilon: 0.0100, Buffer: 100000
Episode 458000/500000, Total Reward: 2297, Epsilon: 0.0100, Buffer: 100000
Episode 459000/500000, Total Reward: 4841, Epsilon: 0.0100, Buffer: 100000
Episode 460000/500000, Total Reward: 11557, Epsilon: 0.0100, Buffer: 100000
Episode 461000/500000, Total Reward: 5131, Epsilon: 0.0100, Buffer: 100000
Episode 462000/500000, Total Reward: 2625, Epsilon: 0.0100, Buffer: 100000
Episode 463000/500000, Total Reward: 2297, Epsilon: 0.0100, Buffer: 100000
Episode 464000/500000, Total Reward: 11513, Epsilon: 0.0100, Buffer: 100000
Episode 465000/500000, Total Reward: 8665, Epsilon: 0.0100, Buffer: 100000
Episode 466000/500000, Total Reward: 6383, Epsilon: 0.0100, Buffer: 100000
Episode 467000/500000, Total Reward: 5755, Epsilon: 0.0100, Buffer: 100000
Episode 468000/500000, Total Reward: 4829, Epsilon: 0.0100, Buffer: 100000
Episode 469000/500000, Total Reward: 1704, Epsilon: 0.0100, Buffer: 100000
Episode 470000/500000, Total Reward: 5530, Epsilon: 0.0100, Buffer: 100000
Episode 471000/500000, Total Reward: 7581, Epsilon: 0.0100, Buffer: 100000
Episode 472000/500000, Total Reward: 12250, Epsilon: 0.0100, Buffer: 100000
Episode 473000/500000, Total Reward: 8605, Epsilon: 0.0100, Buffer: 100000
Episode 474000/500000, Total Reward: 12175, Epsilon: 0.0100, Buffer: 100000
Episode 475000/500000, Total Reward: 5607, Epsilon: 0.0100, Buffer: 100000
Episode 476000/500000, Total Reward: 6572, Epsilon: 0.0100, Buffer: 100000
Episode 477000/500000, Total Reward: 2063, Epsilon: 0.0100, Buffer: 100000
Episode 478000/500000, Total Reward: 4081, Epsilon: 0.0100, Buffer: 100000
Episode 479000/500000, Total Reward: 10869, Epsilon: 0.0100, Buffer: 100000
Episode 480000/500000, Total Reward: 1498, Epsilon: 0.0100, Buffer: 100000
Episode 481000/500000, Total Reward: 5254, Epsilon: 0.0100, Buffer: 100000
Episode 482000/500000, Total Reward: 9313, Epsilon: 0.0100, Buffer: 100000
Episode 483000/500000, Total Reward: 9825, Epsilon: 0.0100, Buffer: 100000
Episode 484000/500000, Total Reward: 5513, Epsilon: 0.0100, Buffer: 100000
Episode 485000/500000, Total Reward: 6218, Epsilon: 0.0100, Buffer: 100000
Episode 486000/500000, Total Reward: 7096, Epsilon: 0.0100, Buffer: 100000
Episode 487000/500000, Total Reward: 5294, Epsilon: 0.0100, Buffer: 100000
Episode 488000/500000, Total Reward: 4814, Epsilon: 0.0100, Buffer: 100000
Episode 489000/500000, Total Reward: 6620, Epsilon: 0.0100, Buffer: 100000
Episode 490000/500000, Total Reward: 9940, Epsilon: 0.0100, Buffer: 100000
Episode 491000/500000, Total Reward: 6652, Epsilon: 0.0100, Buffer: 100000
Episode 492000/500000, Total Reward: 7930, Epsilon: 0.0100, Buffer: 100000
Episode 493000/500000, Total Reward: 8180, Epsilon: 0.0100, Buffer: 100000
Episode 494000/500000, Total Reward: 8776, Epsilon: 0.0100, Buffer: 100000
Episode 495000/500000, Total Reward: 12112, Epsilon: 0.0100, Buffer: 100000
Episode 496000/500000, Total Reward: 4573, Epsilon: 0.0100, Buffer: 100000
Episode 497000/500000, Total Reward: 8257, Epsilon: 0.0100, Buffer: 100000
Episode 498000/500000, Total Reward: 9890, Epsilon: 0.0100, Buffer: 100000
Episode 499000/500000, Total Reward: 6099, Epsilon: 0.0100, Buffer: 100000
Episode 500000/500000, Total Reward: 8606, Epsilon: 0.0100, Buffer: 100000
Extracting Q-table from DQN for compatibility...
Saved DQN model to outputs/DQN_OB_500k_run5_model.pth
Saved Q-table (for compatibility) to outputs/DQN_OB_500k_run5.pkl

Learned DQN Q-table (sample):
State: (0, 0, 9, 0)
  Action: keep, Q-value: 1054.48
  Action: replace, Q-value: 149.79
State: (1, 1, 0, 0)
  Action: keep, Q-value: 1146.11
  Action: replace, Q-value: 139.77
State: (1, 1, 0, 1)
  Action: keep, Q-value: 709.19
  Action: replace, Q-value: 124.27
State: (1, 2, 0, 0)
  Action: keep, Q-value: 1155.87
  Action: replace, Q-value: 152.23
State: (1, 2, 0, 1)
  Action: keep, Q-value: 798.37
  Action: replace, Q-value: 169.05
State: (1, 3, 0, 0)
  Action: keep, Q-value: 1116.67
  Action: replace, Q-value: 132.63
State: (1, 3, 0, 1)
  Action: keep, Q-value: 735.87
  Action: replace, Q-value: 155.76
State: (1, 4, 0, 0)
  Action: keep, Q-value: 1064.77
  Action: replace, Q-value: 127.43
State: (1, 4, 0, 1)
  Action: keep, Q-value: 654.02
  Action: replace, Q-value: 142.54
State: (1, 4, 1, 0)
  Action: keep, Q-value: 1157.02
  Action: replace, Q-value: 151.45
Total states: 3289

Time taken for training: 120405.79 seconds
Average reward (last 1000 episodes): 6763.06
--- Run ended 2026-02-07 09:08:41 ---
