
--- Run started 2026-01-31 21:11:15 ---

======================================================================
CREATING NEW MODEL
======================================================================

Starting fresh with epsilon: 1.0000
======================================================================

Starting DQN training for 500000 episodes...
Episode 1000/500000, Total Reward: 11452, Epsilon: 0.0100, Buffer: 100000
Episode 2000/500000, Total Reward: 5263, Epsilon: 0.0100, Buffer: 100000
Episode 3000/500000, Total Reward: 4152, Epsilon: 0.0100, Buffer: 100000
Episode 4000/500000, Total Reward: 4878, Epsilon: 0.0100, Buffer: 100000
Episode 5000/500000, Total Reward: 8310, Epsilon: 0.0100, Buffer: 100000
Episode 6000/500000, Total Reward: 2674, Epsilon: 0.0100, Buffer: 100000
Episode 7000/500000, Total Reward: 9445, Epsilon: 0.0100, Buffer: 100000
Episode 8000/500000, Total Reward: 5108, Epsilon: 0.0100, Buffer: 100000
Episode 9000/500000, Total Reward: 5733, Epsilon: 0.0100, Buffer: 100000
Episode 10000/500000, Total Reward: 6059, Epsilon: 0.0100, Buffer: 100000
Episode 11000/500000, Total Reward: 1133, Epsilon: 0.0100, Buffer: 100000
Episode 12000/500000, Total Reward: 11295, Epsilon: 0.0100, Buffer: 100000
Episode 13000/500000, Total Reward: 7145, Epsilon: 0.0100, Buffer: 100000
Episode 14000/500000, Total Reward: 12259, Epsilon: 0.0100, Buffer: 100000
Episode 15000/500000, Total Reward: 7579, Epsilon: 0.0100, Buffer: 100000
Episode 16000/500000, Total Reward: 9691, Epsilon: 0.0100, Buffer: 100000
Episode 17000/500000, Total Reward: 5329, Epsilon: 0.0100, Buffer: 100000
Episode 18000/500000, Total Reward: 7242, Epsilon: 0.0100, Buffer: 100000
Episode 19000/500000, Total Reward: 6195, Epsilon: 0.0100, Buffer: 100000
Episode 20000/500000, Total Reward: 11157, Epsilon: 0.0100, Buffer: 100000
Episode 21000/500000, Total Reward: 8019, Epsilon: 0.0100, Buffer: 100000
Episode 22000/500000, Total Reward: -293, Epsilon: 0.0100, Buffer: 100000
Episode 23000/500000, Total Reward: 203, Epsilon: 0.0100, Buffer: 100000
Episode 24000/500000, Total Reward: 7741, Epsilon: 0.0100, Buffer: 100000
Episode 25000/500000, Total Reward: 6180, Epsilon: 0.0100, Buffer: 100000
Episode 26000/500000, Total Reward: 1966, Epsilon: 0.0100, Buffer: 100000
Episode 27000/500000, Total Reward: 7225, Epsilon: 0.0100, Buffer: 100000
Episode 28000/500000, Total Reward: 7826, Epsilon: 0.0100, Buffer: 100000
Episode 29000/500000, Total Reward: 12775, Epsilon: 0.0100, Buffer: 100000
Episode 30000/500000, Total Reward: 11366, Epsilon: 0.0100, Buffer: 100000
Episode 31000/500000, Total Reward: 8411, Epsilon: 0.0100, Buffer: 100000
Episode 32000/500000, Total Reward: 10469, Epsilon: 0.0100, Buffer: 100000
Episode 33000/500000, Total Reward: 8058, Epsilon: 0.0100, Buffer: 100000
Episode 34000/500000, Total Reward: 12312, Epsilon: 0.0100, Buffer: 100000
Episode 35000/500000, Total Reward: 11803, Epsilon: 0.0100, Buffer: 100000
Episode 36000/500000, Total Reward: 6495, Epsilon: 0.0100, Buffer: 100000
Episode 37000/500000, Total Reward: 5421, Epsilon: 0.0100, Buffer: 100000
Episode 38000/500000, Total Reward: 5130, Epsilon: 0.0100, Buffer: 100000
Episode 39000/500000, Total Reward: 6656, Epsilon: 0.0100, Buffer: 100000
Episode 40000/500000, Total Reward: 7372, Epsilon: 0.0100, Buffer: 100000
Episode 41000/500000, Total Reward: 8885, Epsilon: 0.0100, Buffer: 100000
Episode 42000/500000, Total Reward: 8078, Epsilon: 0.0100, Buffer: 100000
Episode 43000/500000, Total Reward: 4030, Epsilon: 0.0100, Buffer: 100000
Episode 44000/500000, Total Reward: 4238, Epsilon: 0.0100, Buffer: 100000
Episode 45000/500000, Total Reward: 6866, Epsilon: 0.0100, Buffer: 100000
Episode 46000/500000, Total Reward: 3783, Epsilon: 0.0100, Buffer: 100000
Episode 47000/500000, Total Reward: 12472, Epsilon: 0.0100, Buffer: 100000
Episode 48000/500000, Total Reward: 5239, Epsilon: 0.0100, Buffer: 100000
Episode 49000/500000, Total Reward: 2640, Epsilon: 0.0100, Buffer: 100000
Episode 50000/500000, Total Reward: 4140, Epsilon: 0.0100, Buffer: 100000
Episode 51000/500000, Total Reward: 7635, Epsilon: 0.0100, Buffer: 100000
Episode 52000/500000, Total Reward: 7896, Epsilon: 0.0100, Buffer: 100000
Episode 53000/500000, Total Reward: 7175, Epsilon: 0.0100, Buffer: 100000
Episode 54000/500000, Total Reward: 13762, Epsilon: 0.0100, Buffer: 100000
Episode 55000/500000, Total Reward: 8076, Epsilon: 0.0100, Buffer: 100000
Episode 56000/500000, Total Reward: 6802, Epsilon: 0.0100, Buffer: 100000
Episode 57000/500000, Total Reward: 8097, Epsilon: 0.0100, Buffer: 100000
Episode 58000/500000, Total Reward: 8282, Epsilon: 0.0100, Buffer: 100000
Episode 59000/500000, Total Reward: 6906, Epsilon: 0.0100, Buffer: 100000
Episode 60000/500000, Total Reward: 9567, Epsilon: 0.0100, Buffer: 100000
Episode 61000/500000, Total Reward: 8225, Epsilon: 0.0100, Buffer: 100000
Episode 62000/500000, Total Reward: 6623, Epsilon: 0.0100, Buffer: 100000
Episode 63000/500000, Total Reward: 8811, Epsilon: 0.0100, Buffer: 100000
Episode 64000/500000, Total Reward: 9632, Epsilon: 0.0100, Buffer: 100000
Episode 65000/500000, Total Reward: 4327, Epsilon: 0.0100, Buffer: 100000
Episode 66000/500000, Total Reward: 2611, Epsilon: 0.0100, Buffer: 100000
Episode 67000/500000, Total Reward: 8536, Epsilon: 0.0100, Buffer: 100000
Episode 68000/500000, Total Reward: 8968, Epsilon: 0.0100, Buffer: 100000
Episode 69000/500000, Total Reward: 6310, Epsilon: 0.0100, Buffer: 100000
Episode 70000/500000, Total Reward: 6867, Epsilon: 0.0100, Buffer: 100000
Episode 71000/500000, Total Reward: 6974, Epsilon: 0.0100, Buffer: 100000
Episode 72000/500000, Total Reward: 12729, Epsilon: 0.0100, Buffer: 100000
Episode 73000/500000, Total Reward: 1156, Epsilon: 0.0100, Buffer: 100000
Episode 74000/500000, Total Reward: 3262, Epsilon: 0.0100, Buffer: 100000
Episode 75000/500000, Total Reward: 4178, Epsilon: 0.0100, Buffer: 100000
Episode 76000/500000, Total Reward: 12541, Epsilon: 0.0100, Buffer: 100000
Episode 77000/500000, Total Reward: 5625, Epsilon: 0.0100, Buffer: 100000
Episode 78000/500000, Total Reward: 9774, Epsilon: 0.0100, Buffer: 100000
Episode 79000/500000, Total Reward: 8034, Epsilon: 0.0100, Buffer: 100000
Episode 80000/500000, Total Reward: 8816, Epsilon: 0.0100, Buffer: 100000
Episode 81000/500000, Total Reward: 11679, Epsilon: 0.0100, Buffer: 100000
Episode 82000/500000, Total Reward: 1708, Epsilon: 0.0100, Buffer: 100000
Episode 83000/500000, Total Reward: 6015, Epsilon: 0.0100, Buffer: 100000
Episode 84000/500000, Total Reward: 8588, Epsilon: 0.0100, Buffer: 100000
Episode 85000/500000, Total Reward: 7528, Epsilon: 0.0100, Buffer: 100000
Episode 86000/500000, Total Reward: 7148, Epsilon: 0.0100, Buffer: 100000
Episode 87000/500000, Total Reward: 8352, Epsilon: 0.0100, Buffer: 100000
Episode 88000/500000, Total Reward: 29, Epsilon: 0.0100, Buffer: 100000
Episode 89000/500000, Total Reward: 2863, Epsilon: 0.0100, Buffer: 100000
Episode 90000/500000, Total Reward: 3931, Epsilon: 0.0100, Buffer: 100000
Episode 91000/500000, Total Reward: 5030, Epsilon: 0.0100, Buffer: 100000
Episode 92000/500000, Total Reward: 6125, Epsilon: 0.0100, Buffer: 100000
Episode 93000/500000, Total Reward: 9596, Epsilon: 0.0100, Buffer: 100000
Episode 94000/500000, Total Reward: 8627, Epsilon: 0.0100, Buffer: 100000
Episode 95000/500000, Total Reward: 10152, Epsilon: 0.0100, Buffer: 100000
Episode 96000/500000, Total Reward: 11593, Epsilon: 0.0100, Buffer: 100000
Episode 97000/500000, Total Reward: 3922, Epsilon: 0.0100, Buffer: 100000
Episode 98000/500000, Total Reward: 6631, Epsilon: 0.0100, Buffer: 100000
Episode 99000/500000, Total Reward: 6305, Epsilon: 0.0100, Buffer: 100000
Episode 100000/500000, Total Reward: 7604, Epsilon: 0.0100, Buffer: 100000
Episode 101000/500000, Total Reward: 7382, Epsilon: 0.0100, Buffer: 100000
Episode 102000/500000, Total Reward: 6445, Epsilon: 0.0100, Buffer: 100000
Episode 103000/500000, Total Reward: 5485, Epsilon: 0.0100, Buffer: 100000
Episode 104000/500000, Total Reward: 3170, Epsilon: 0.0100, Buffer: 100000
Episode 105000/500000, Total Reward: 4159, Epsilon: 0.0100, Buffer: 100000
Episode 106000/500000, Total Reward: 9350, Epsilon: 0.0100, Buffer: 100000
Episode 107000/500000, Total Reward: 7332, Epsilon: 0.0100, Buffer: 100000
Episode 108000/500000, Total Reward: 11303, Epsilon: 0.0100, Buffer: 100000
Episode 109000/500000, Total Reward: 6798, Epsilon: 0.0100, Buffer: 100000
Episode 110000/500000, Total Reward: 9535, Epsilon: 0.0100, Buffer: 100000
Episode 111000/500000, Total Reward: 6623, Epsilon: 0.0100, Buffer: 100000
Episode 112000/500000, Total Reward: 2770, Epsilon: 0.0100, Buffer: 100000
Episode 113000/500000, Total Reward: 6600, Epsilon: 0.0100, Buffer: 100000
Episode 114000/500000, Total Reward: 10161, Epsilon: 0.0100, Buffer: 100000
Episode 115000/500000, Total Reward: 5953, Epsilon: 0.0100, Buffer: 100000
Episode 116000/500000, Total Reward: 6244, Epsilon: 0.0100, Buffer: 100000
Episode 117000/500000, Total Reward: 7437, Epsilon: 0.0100, Buffer: 100000
Episode 118000/500000, Total Reward: 5109, Epsilon: 0.0100, Buffer: 100000
Episode 119000/500000, Total Reward: 8220, Epsilon: 0.0100, Buffer: 100000
Episode 120000/500000, Total Reward: 8370, Epsilon: 0.0100, Buffer: 100000
Episode 121000/500000, Total Reward: 3050, Epsilon: 0.0100, Buffer: 100000
Episode 122000/500000, Total Reward: 6499, Epsilon: 0.0100, Buffer: 100000
Episode 123000/500000, Total Reward: 8207, Epsilon: 0.0100, Buffer: 100000
Episode 124000/500000, Total Reward: 6579, Epsilon: 0.0100, Buffer: 100000
Episode 125000/500000, Total Reward: 4098, Epsilon: 0.0100, Buffer: 100000
Episode 126000/500000, Total Reward: 6451, Epsilon: 0.0100, Buffer: 100000
Episode 127000/500000, Total Reward: 8818, Epsilon: 0.0100, Buffer: 100000
Episode 128000/500000, Total Reward: 8085, Epsilon: 0.0100, Buffer: 100000
Episode 129000/500000, Total Reward: 7068, Epsilon: 0.0100, Buffer: 100000
Episode 130000/500000, Total Reward: 5485, Epsilon: 0.0100, Buffer: 100000
Episode 131000/500000, Total Reward: 9501, Epsilon: 0.0100, Buffer: 100000
Episode 132000/500000, Total Reward: 8066, Epsilon: 0.0100, Buffer: 100000
Episode 133000/500000, Total Reward: 5695, Epsilon: 0.0100, Buffer: 100000
Episode 134000/500000, Total Reward: 5833, Epsilon: 0.0100, Buffer: 100000
Episode 135000/500000, Total Reward: 6986, Epsilon: 0.0100, Buffer: 100000
Episode 136000/500000, Total Reward: 4225, Epsilon: 0.0100, Buffer: 100000
Episode 137000/500000, Total Reward: 4100, Epsilon: 0.0100, Buffer: 100000
Episode 138000/500000, Total Reward: 6946, Epsilon: 0.0100, Buffer: 100000
Episode 139000/500000, Total Reward: 8610, Epsilon: 0.0100, Buffer: 100000
Episode 140000/500000, Total Reward: 8359, Epsilon: 0.0100, Buffer: 100000
Episode 141000/500000, Total Reward: 7685, Epsilon: 0.0100, Buffer: 100000
Episode 142000/500000, Total Reward: 1296, Epsilon: 0.0100, Buffer: 100000
Episode 143000/500000, Total Reward: 8660, Epsilon: 0.0100, Buffer: 100000
Episode 144000/500000, Total Reward: 9873, Epsilon: 0.0100, Buffer: 100000
Episode 145000/500000, Total Reward: 5586, Epsilon: 0.0100, Buffer: 100000
Episode 146000/500000, Total Reward: 6280, Epsilon: 0.0100, Buffer: 100000
Episode 147000/500000, Total Reward: 9641, Epsilon: 0.0100, Buffer: 100000
Episode 148000/500000, Total Reward: 10019, Epsilon: 0.0100, Buffer: 100000
Episode 149000/500000, Total Reward: 8454, Epsilon: 0.0100, Buffer: 100000
Episode 150000/500000, Total Reward: 6627, Epsilon: 0.0100, Buffer: 100000
Episode 151000/500000, Total Reward: 7372, Epsilon: 0.0100, Buffer: 100000
Episode 152000/500000, Total Reward: -2084, Epsilon: 0.0100, Buffer: 100000
Episode 153000/500000, Total Reward: -2367, Epsilon: 0.0100, Buffer: 100000
Episode 154000/500000, Total Reward: 3543, Epsilon: 0.0100, Buffer: 100000
Episode 155000/500000, Total Reward: 11481, Epsilon: 0.0100, Buffer: 100000
Episode 156000/500000, Total Reward: 8091, Epsilon: 0.0100, Buffer: 100000
Episode 157000/500000, Total Reward: 1240, Epsilon: 0.0100, Buffer: 100000
Episode 158000/500000, Total Reward: 10482, Epsilon: 0.0100, Buffer: 100000
Episode 159000/500000, Total Reward: 6049, Epsilon: 0.0100, Buffer: 100000
Episode 160000/500000, Total Reward: 6257, Epsilon: 0.0100, Buffer: 100000
Episode 161000/500000, Total Reward: 8823, Epsilon: 0.0100, Buffer: 100000
Episode 162000/500000, Total Reward: 9665, Epsilon: 0.0100, Buffer: 100000
Episode 163000/500000, Total Reward: 8193, Epsilon: 0.0100, Buffer: 100000
Episode 164000/500000, Total Reward: 7417, Epsilon: 0.0100, Buffer: 100000
Episode 165000/500000, Total Reward: 6404, Epsilon: 0.0100, Buffer: 100000
Episode 166000/500000, Total Reward: 8006, Epsilon: 0.0100, Buffer: 100000
Episode 167000/500000, Total Reward: 3918, Epsilon: 0.0100, Buffer: 100000
Episode 168000/500000, Total Reward: 8992, Epsilon: 0.0100, Buffer: 100000
Episode 169000/500000, Total Reward: 5192, Epsilon: 0.0100, Buffer: 100000
Episode 170000/500000, Total Reward: 4794, Epsilon: 0.0100, Buffer: 100000
Episode 171000/500000, Total Reward: 4555, Epsilon: 0.0100, Buffer: 100000
Episode 172000/500000, Total Reward: 7266, Epsilon: 0.0100, Buffer: 100000
Episode 173000/500000, Total Reward: -70, Epsilon: 0.0100, Buffer: 100000
Episode 174000/500000, Total Reward: 8175, Epsilon: 0.0100, Buffer: 100000
Episode 175000/500000, Total Reward: 10078, Epsilon: 0.0100, Buffer: 100000
Episode 176000/500000, Total Reward: 7709, Epsilon: 0.0100, Buffer: 100000
Episode 177000/500000, Total Reward: 2451, Epsilon: 0.0100, Buffer: 100000
Episode 178000/500000, Total Reward: 7016, Epsilon: 0.0100, Buffer: 100000
Episode 179000/500000, Total Reward: 8926, Epsilon: 0.0100, Buffer: 100000
Episode 180000/500000, Total Reward: 4654, Epsilon: 0.0100, Buffer: 100000
Episode 181000/500000, Total Reward: 7494, Epsilon: 0.0100, Buffer: 100000
Episode 182000/500000, Total Reward: 7441, Epsilon: 0.0100, Buffer: 100000
Episode 183000/500000, Total Reward: 4572, Epsilon: 0.0100, Buffer: 100000
Episode 184000/500000, Total Reward: 5122, Epsilon: 0.0100, Buffer: 100000
Episode 185000/500000, Total Reward: 9416, Epsilon: 0.0100, Buffer: 100000
Episode 186000/500000, Total Reward: 917, Epsilon: 0.0100, Buffer: 100000
Episode 187000/500000, Total Reward: 10577, Epsilon: 0.0100, Buffer: 100000
Episode 188000/500000, Total Reward: 7577, Epsilon: 0.0100, Buffer: 100000
Episode 189000/500000, Total Reward: 7302, Epsilon: 0.0100, Buffer: 100000
Episode 190000/500000, Total Reward: 7452, Epsilon: 0.0100, Buffer: 100000
Episode 191000/500000, Total Reward: 5259, Epsilon: 0.0100, Buffer: 100000
Episode 192000/500000, Total Reward: 6811, Epsilon: 0.0100, Buffer: 100000
Episode 193000/500000, Total Reward: 5828, Epsilon: 0.0100, Buffer: 100000
Episode 194000/500000, Total Reward: 8661, Epsilon: 0.0100, Buffer: 100000
Episode 195000/500000, Total Reward: 7187, Epsilon: 0.0100, Buffer: 100000
Episode 196000/500000, Total Reward: 3856, Epsilon: 0.0100, Buffer: 100000
Episode 197000/500000, Total Reward: 8556, Epsilon: 0.0100, Buffer: 100000
Episode 198000/500000, Total Reward: 2573, Epsilon: 0.0100, Buffer: 100000
Episode 199000/500000, Total Reward: 4237, Epsilon: 0.0100, Buffer: 100000
Episode 200000/500000, Total Reward: 1547, Epsilon: 0.0100, Buffer: 100000
Episode 201000/500000, Total Reward: 9339, Epsilon: 0.0100, Buffer: 100000
Episode 202000/500000, Total Reward: 6954, Epsilon: 0.0100, Buffer: 100000
Episode 203000/500000, Total Reward: 8601, Epsilon: 0.0100, Buffer: 100000
Episode 204000/500000, Total Reward: 9021, Epsilon: 0.0100, Buffer: 100000
Episode 205000/500000, Total Reward: 4920, Epsilon: 0.0100, Buffer: 100000
Episode 206000/500000, Total Reward: 5488, Epsilon: 0.0100, Buffer: 100000
Episode 207000/500000, Total Reward: 8990, Epsilon: 0.0100, Buffer: 100000
Episode 208000/500000, Total Reward: 5962, Epsilon: 0.0100, Buffer: 100000
Episode 209000/500000, Total Reward: 7587, Epsilon: 0.0100, Buffer: 100000
Episode 210000/500000, Total Reward: 9202, Epsilon: 0.0100, Buffer: 100000
Episode 211000/500000, Total Reward: 11084, Epsilon: 0.0100, Buffer: 100000
Episode 212000/500000, Total Reward: 5641, Epsilon: 0.0100, Buffer: 100000
Episode 213000/500000, Total Reward: 5694, Epsilon: 0.0100, Buffer: 100000
Episode 214000/500000, Total Reward: 5072, Epsilon: 0.0100, Buffer: 100000
Episode 215000/500000, Total Reward: 11877, Epsilon: 0.0100, Buffer: 100000
Episode 216000/500000, Total Reward: 5045, Epsilon: 0.0100, Buffer: 100000
Episode 217000/500000, Total Reward: 3001, Epsilon: 0.0100, Buffer: 100000
Episode 218000/500000, Total Reward: 5817, Epsilon: 0.0100, Buffer: 100000
Episode 219000/500000, Total Reward: 7271, Epsilon: 0.0100, Buffer: 100000
Episode 220000/500000, Total Reward: 5282, Epsilon: 0.0100, Buffer: 100000
Episode 221000/500000, Total Reward: 396, Epsilon: 0.0100, Buffer: 100000
Episode 222000/500000, Total Reward: 8435, Epsilon: 0.0100, Buffer: 100000
Episode 223000/500000, Total Reward: 6306, Epsilon: 0.0100, Buffer: 100000
Episode 224000/500000, Total Reward: 10398, Epsilon: 0.0100, Buffer: 100000
Episode 225000/500000, Total Reward: 11548, Epsilon: 0.0100, Buffer: 100000
Episode 226000/500000, Total Reward: 9781, Epsilon: 0.0100, Buffer: 100000
Episode 227000/500000, Total Reward: 5641, Epsilon: 0.0100, Buffer: 100000
Episode 228000/500000, Total Reward: -70, Epsilon: 0.0100, Buffer: 100000
Episode 229000/500000, Total Reward: 8902, Epsilon: 0.0100, Buffer: 100000
Episode 230000/500000, Total Reward: -1369, Epsilon: 0.0100, Buffer: 100000
Episode 231000/500000, Total Reward: 9775, Epsilon: 0.0100, Buffer: 100000
Episode 232000/500000, Total Reward: 4451, Epsilon: 0.0100, Buffer: 100000
Episode 233000/500000, Total Reward: 8701, Epsilon: 0.0100, Buffer: 100000
Episode 234000/500000, Total Reward: 5503, Epsilon: 0.0100, Buffer: 100000
Episode 235000/500000, Total Reward: 3073, Epsilon: 0.0100, Buffer: 100000
Episode 236000/500000, Total Reward: 7106, Epsilon: 0.0100, Buffer: 100000
Episode 237000/500000, Total Reward: 2881, Epsilon: 0.0100, Buffer: 100000
Episode 238000/500000, Total Reward: 8051, Epsilon: 0.0100, Buffer: 100000
Episode 239000/500000, Total Reward: 8882, Epsilon: 0.0100, Buffer: 100000
Episode 240000/500000, Total Reward: 5009, Epsilon: 0.0100, Buffer: 100000
Episode 241000/500000, Total Reward: 6783, Epsilon: 0.0100, Buffer: 100000
Episode 242000/500000, Total Reward: 9788, Epsilon: 0.0100, Buffer: 100000
Episode 243000/500000, Total Reward: 7598, Epsilon: 0.0100, Buffer: 100000
Episode 244000/500000, Total Reward: 8392, Epsilon: 0.0100, Buffer: 100000
Episode 245000/500000, Total Reward: 10127, Epsilon: 0.0100, Buffer: 100000
Episode 246000/500000, Total Reward: 4883, Epsilon: 0.0100, Buffer: 100000
Episode 247000/500000, Total Reward: 4698, Epsilon: 0.0100, Buffer: 100000
Episode 248000/500000, Total Reward: 8822, Epsilon: 0.0100, Buffer: 100000
Episode 249000/500000, Total Reward: 7873, Epsilon: 0.0100, Buffer: 100000
Episode 250000/500000, Total Reward: 7711, Epsilon: 0.0100, Buffer: 100000
Episode 251000/500000, Total Reward: 3956, Epsilon: 0.0100, Buffer: 100000
Episode 252000/500000, Total Reward: 9803, Epsilon: 0.0100, Buffer: 100000
Episode 253000/500000, Total Reward: 9502, Epsilon: 0.0100, Buffer: 100000
Episode 254000/500000, Total Reward: 13444, Epsilon: 0.0100, Buffer: 100000
Episode 255000/500000, Total Reward: 10361, Epsilon: 0.0100, Buffer: 100000
Episode 256000/500000, Total Reward: 11401, Epsilon: 0.0100, Buffer: 100000
Episode 257000/500000, Total Reward: 9806, Epsilon: 0.0100, Buffer: 100000
Episode 258000/500000, Total Reward: 5147, Epsilon: 0.0100, Buffer: 100000
Episode 259000/500000, Total Reward: 6834, Epsilon: 0.0100, Buffer: 100000
Episode 260000/500000, Total Reward: 9213, Epsilon: 0.0100, Buffer: 100000
Episode 261000/500000, Total Reward: 11527, Epsilon: 0.0100, Buffer: 100000
Episode 262000/500000, Total Reward: 12203, Epsilon: 0.0100, Buffer: 100000
Episode 263000/500000, Total Reward: 5967, Epsilon: 0.0100, Buffer: 100000
Episode 264000/500000, Total Reward: 5823, Epsilon: 0.0100, Buffer: 100000
Episode 265000/500000, Total Reward: 9202, Epsilon: 0.0100, Buffer: 100000
Episode 266000/500000, Total Reward: 3716, Epsilon: 0.0100, Buffer: 100000
Episode 267000/500000, Total Reward: 7145, Epsilon: 0.0100, Buffer: 100000
Episode 268000/500000, Total Reward: 8863, Epsilon: 0.0100, Buffer: 100000
Episode 269000/500000, Total Reward: 10068, Epsilon: 0.0100, Buffer: 100000
Episode 270000/500000, Total Reward: 5331, Epsilon: 0.0100, Buffer: 100000
Episode 271000/500000, Total Reward: 5033, Epsilon: 0.0100, Buffer: 100000
Episode 272000/500000, Total Reward: 2142, Epsilon: 0.0100, Buffer: 100000
Episode 273000/500000, Total Reward: 3292, Epsilon: 0.0100, Buffer: 100000
Episode 274000/500000, Total Reward: 5310, Epsilon: 0.0100, Buffer: 100000
Episode 275000/500000, Total Reward: 9405, Epsilon: 0.0100, Buffer: 100000
Episode 276000/500000, Total Reward: 9168, Epsilon: 0.0100, Buffer: 100000
Episode 277000/500000, Total Reward: 2962, Epsilon: 0.0100, Buffer: 100000
Episode 278000/500000, Total Reward: 6680, Epsilon: 0.0100, Buffer: 100000
Episode 279000/500000, Total Reward: 4816, Epsilon: 0.0100, Buffer: 100000
Episode 280000/500000, Total Reward: 2721, Epsilon: 0.0100, Buffer: 100000
Episode 281000/500000, Total Reward: 7157, Epsilon: 0.0100, Buffer: 100000
Episode 282000/500000, Total Reward: 8599, Epsilon: 0.0100, Buffer: 100000
Episode 283000/500000, Total Reward: 9833, Epsilon: 0.0100, Buffer: 100000
Episode 284000/500000, Total Reward: 7508, Epsilon: 0.0100, Buffer: 100000
Episode 285000/500000, Total Reward: 5625, Epsilon: 0.0100, Buffer: 100000
Episode 286000/500000, Total Reward: 1077, Epsilon: 0.0100, Buffer: 100000
Episode 287000/500000, Total Reward: 8696, Epsilon: 0.0100, Buffer: 100000
Episode 288000/500000, Total Reward: 7397, Epsilon: 0.0100, Buffer: 100000
Episode 289000/500000, Total Reward: 13598, Epsilon: 0.0100, Buffer: 100000
Episode 290000/500000, Total Reward: 8521, Epsilon: 0.0100, Buffer: 100000
Episode 291000/500000, Total Reward: 6105, Epsilon: 0.0100, Buffer: 100000
Episode 292000/500000, Total Reward: 2123, Epsilon: 0.0100, Buffer: 100000
Episode 293000/500000, Total Reward: 11973, Epsilon: 0.0100, Buffer: 100000
Episode 294000/500000, Total Reward: 6458, Epsilon: 0.0100, Buffer: 100000
Episode 295000/500000, Total Reward: 7085, Epsilon: 0.0100, Buffer: 100000
Episode 296000/500000, Total Reward: 6976, Epsilon: 0.0100, Buffer: 100000
Episode 297000/500000, Total Reward: 5540, Epsilon: 0.0100, Buffer: 100000
Episode 298000/500000, Total Reward: 7583, Epsilon: 0.0100, Buffer: 100000
Episode 299000/500000, Total Reward: 6042, Epsilon: 0.0100, Buffer: 100000
Episode 300000/500000, Total Reward: 11541, Epsilon: 0.0100, Buffer: 100000
Episode 301000/500000, Total Reward: 9534, Epsilon: 0.0100, Buffer: 100000
Episode 302000/500000, Total Reward: 7945, Epsilon: 0.0100, Buffer: 100000
Episode 303000/500000, Total Reward: 8193, Epsilon: 0.0100, Buffer: 100000
Episode 304000/500000, Total Reward: 7219, Epsilon: 0.0100, Buffer: 100000
Episode 305000/500000, Total Reward: 5659, Epsilon: 0.0100, Buffer: 100000
Episode 306000/500000, Total Reward: 8442, Epsilon: 0.0100, Buffer: 100000
Episode 307000/500000, Total Reward: 9524, Epsilon: 0.0100, Buffer: 100000
Episode 308000/500000, Total Reward: 9640, Epsilon: 0.0100, Buffer: 100000
Episode 309000/500000, Total Reward: 6750, Epsilon: 0.0100, Buffer: 100000
Episode 310000/500000, Total Reward: 11003, Epsilon: 0.0100, Buffer: 100000
Episode 311000/500000, Total Reward: 7888, Epsilon: 0.0100, Buffer: 100000
Episode 312000/500000, Total Reward: -224, Epsilon: 0.0100, Buffer: 100000
Episode 313000/500000, Total Reward: 10471, Epsilon: 0.0100, Buffer: 100000
Episode 314000/500000, Total Reward: 6100, Epsilon: 0.0100, Buffer: 100000
Episode 315000/500000, Total Reward: 8773, Epsilon: 0.0100, Buffer: 100000
Episode 316000/500000, Total Reward: 11261, Epsilon: 0.0100, Buffer: 100000
Episode 317000/500000, Total Reward: 3065, Epsilon: 0.0100, Buffer: 100000
Episode 318000/500000, Total Reward: 4227, Epsilon: 0.0100, Buffer: 100000
Episode 319000/500000, Total Reward: 10801, Epsilon: 0.0100, Buffer: 100000
Episode 320000/500000, Total Reward: 7389, Epsilon: 0.0100, Buffer: 100000
Episode 321000/500000, Total Reward: 7239, Epsilon: 0.0100, Buffer: 100000
Episode 322000/500000, Total Reward: 3508, Epsilon: 0.0100, Buffer: 100000
Episode 323000/500000, Total Reward: 4623, Epsilon: 0.0100, Buffer: 100000
Episode 324000/500000, Total Reward: 7586, Epsilon: 0.0100, Buffer: 100000
Episode 325000/500000, Total Reward: 3554, Epsilon: 0.0100, Buffer: 100000
Episode 326000/500000, Total Reward: 9290, Epsilon: 0.0100, Buffer: 100000
Episode 327000/500000, Total Reward: 5038, Epsilon: 0.0100, Buffer: 100000
Episode 328000/500000, Total Reward: 9722, Epsilon: 0.0100, Buffer: 100000
Episode 329000/500000, Total Reward: 5016, Epsilon: 0.0100, Buffer: 100000
Episode 330000/500000, Total Reward: 8148, Epsilon: 0.0100, Buffer: 100000
Episode 331000/500000, Total Reward: 5897, Epsilon: 0.0100, Buffer: 100000
Episode 332000/500000, Total Reward: 10286, Epsilon: 0.0100, Buffer: 100000
Episode 333000/500000, Total Reward: 10236, Epsilon: 0.0100, Buffer: 100000
Episode 334000/500000, Total Reward: 7481, Epsilon: 0.0100, Buffer: 100000
Episode 335000/500000, Total Reward: 6909, Epsilon: 0.0100, Buffer: 100000
Episode 336000/500000, Total Reward: 9568, Epsilon: 0.0100, Buffer: 100000
Episode 337000/500000, Total Reward: 4884, Epsilon: 0.0100, Buffer: 100000
Episode 338000/500000, Total Reward: 9048, Epsilon: 0.0100, Buffer: 100000
Episode 339000/500000, Total Reward: 3258, Epsilon: 0.0100, Buffer: 100000
Episode 340000/500000, Total Reward: 4418, Epsilon: 0.0100, Buffer: 100000
Episode 341000/500000, Total Reward: 9048, Epsilon: 0.0100, Buffer: 100000
Episode 342000/500000, Total Reward: 3269, Epsilon: 0.0100, Buffer: 100000
Episode 343000/500000, Total Reward: 800, Epsilon: 0.0100, Buffer: 100000
Episode 344000/500000, Total Reward: 5309, Epsilon: 0.0100, Buffer: 100000
Episode 345000/500000, Total Reward: 10111, Epsilon: 0.0100, Buffer: 100000
Episode 346000/500000, Total Reward: 9973, Epsilon: 0.0100, Buffer: 100000
Episode 347000/500000, Total Reward: 11746, Epsilon: 0.0100, Buffer: 100000
Episode 348000/500000, Total Reward: 6438, Epsilon: 0.0100, Buffer: 100000
Episode 349000/500000, Total Reward: 5080, Epsilon: 0.0100, Buffer: 100000
Episode 350000/500000, Total Reward: 9360, Epsilon: 0.0100, Buffer: 100000
Episode 351000/500000, Total Reward: 8225, Epsilon: 0.0100, Buffer: 100000
Episode 352000/500000, Total Reward: 2425, Epsilon: 0.0100, Buffer: 100000
Episode 353000/500000, Total Reward: 9737, Epsilon: 0.0100, Buffer: 100000
Episode 354000/500000, Total Reward: 10505, Epsilon: 0.0100, Buffer: 100000
Episode 355000/500000, Total Reward: 3869, Epsilon: 0.0100, Buffer: 100000
Episode 356000/500000, Total Reward: 7359, Epsilon: 0.0100, Buffer: 100000
Episode 357000/500000, Total Reward: 6663, Epsilon: 0.0100, Buffer: 100000
Episode 358000/500000, Total Reward: 8719, Epsilon: 0.0100, Buffer: 100000
Episode 359000/500000, Total Reward: 6594, Epsilon: 0.0100, Buffer: 100000
Episode 360000/500000, Total Reward: 6529, Epsilon: 0.0100, Buffer: 100000
Episode 361000/500000, Total Reward: 2915, Epsilon: 0.0100, Buffer: 100000
Episode 362000/500000, Total Reward: 10598, Epsilon: 0.0100, Buffer: 100000
Episode 363000/500000, Total Reward: 6389, Epsilon: 0.0100, Buffer: 100000
Episode 364000/500000, Total Reward: 7508, Epsilon: 0.0100, Buffer: 100000
Episode 365000/500000, Total Reward: 8084, Epsilon: 0.0100, Buffer: 100000
Episode 366000/500000, Total Reward: 7320, Epsilon: 0.0100, Buffer: 100000
Episode 367000/500000, Total Reward: 8320, Epsilon: 0.0100, Buffer: 100000
Episode 368000/500000, Total Reward: 5778, Epsilon: 0.0100, Buffer: 100000
Episode 369000/500000, Total Reward: 8011, Epsilon: 0.0100, Buffer: 100000
Episode 370000/500000, Total Reward: 5424, Epsilon: 0.0100, Buffer: 100000
Episode 371000/500000, Total Reward: 6335, Epsilon: 0.0100, Buffer: 100000
Episode 372000/500000, Total Reward: 7717, Epsilon: 0.0100, Buffer: 100000
Episode 373000/500000, Total Reward: 6292, Epsilon: 0.0100, Buffer: 100000
Episode 374000/500000, Total Reward: 8330, Epsilon: 0.0100, Buffer: 100000
Episode 375000/500000, Total Reward: 5368, Epsilon: 0.0100, Buffer: 100000
Episode 376000/500000, Total Reward: 5379, Epsilon: 0.0100, Buffer: 100000
Episode 377000/500000, Total Reward: 2151, Epsilon: 0.0100, Buffer: 100000
Episode 378000/500000, Total Reward: 7527, Epsilon: 0.0100, Buffer: 100000
Episode 379000/500000, Total Reward: 3443, Epsilon: 0.0100, Buffer: 100000
Episode 380000/500000, Total Reward: 4187, Epsilon: 0.0100, Buffer: 100000
Episode 381000/500000, Total Reward: 7530, Epsilon: 0.0100, Buffer: 100000
Episode 382000/500000, Total Reward: 6605, Epsilon: 0.0100, Buffer: 100000
Episode 383000/500000, Total Reward: 2737, Epsilon: 0.0100, Buffer: 100000
Episode 384000/500000, Total Reward: 10187, Epsilon: 0.0100, Buffer: 100000
Episode 385000/500000, Total Reward: 3125, Epsilon: 0.0100, Buffer: 100000
Episode 386000/500000, Total Reward: 11420, Epsilon: 0.0100, Buffer: 100000
Episode 387000/500000, Total Reward: 9451, Epsilon: 0.0100, Buffer: 100000
Episode 388000/500000, Total Reward: 11241, Epsilon: 0.0100, Buffer: 100000
Episode 389000/500000, Total Reward: 3612, Epsilon: 0.0100, Buffer: 100000
Episode 390000/500000, Total Reward: 9428, Epsilon: 0.0100, Buffer: 100000
Episode 391000/500000, Total Reward: 8102, Epsilon: 0.0100, Buffer: 100000
Episode 392000/500000, Total Reward: 8358, Epsilon: 0.0100, Buffer: 100000
Episode 393000/500000, Total Reward: 9772, Epsilon: 0.0100, Buffer: 100000
Episode 394000/500000, Total Reward: 3281, Epsilon: 0.0100, Buffer: 100000
Episode 395000/500000, Total Reward: 9867, Epsilon: 0.0100, Buffer: 100000
Episode 396000/500000, Total Reward: 9130, Epsilon: 0.0100, Buffer: 100000
Episode 397000/500000, Total Reward: 5566, Epsilon: 0.0100, Buffer: 100000
Episode 398000/500000, Total Reward: 8342, Epsilon: 0.0100, Buffer: 100000
Episode 399000/500000, Total Reward: 6005, Epsilon: 0.0100, Buffer: 100000
Episode 400000/500000, Total Reward: 5536, Epsilon: 0.0100, Buffer: 100000
Episode 401000/500000, Total Reward: 7162, Epsilon: 0.0100, Buffer: 100000
Episode 402000/500000, Total Reward: 9787, Epsilon: 0.0100, Buffer: 100000
Episode 403000/500000, Total Reward: 6162, Epsilon: 0.0100, Buffer: 100000
Episode 404000/500000, Total Reward: 7670, Epsilon: 0.0100, Buffer: 100000
Episode 405000/500000, Total Reward: 6467, Epsilon: 0.0100, Buffer: 100000
Episode 406000/500000, Total Reward: 8255, Epsilon: 0.0100, Buffer: 100000
Episode 407000/500000, Total Reward: -189, Epsilon: 0.0100, Buffer: 100000
Episode 408000/500000, Total Reward: 6560, Epsilon: 0.0100, Buffer: 100000
Episode 409000/500000, Total Reward: 9092, Epsilon: 0.0100, Buffer: 100000
Episode 410000/500000, Total Reward: 4268, Epsilon: 0.0100, Buffer: 100000
Episode 411000/500000, Total Reward: 4515, Epsilon: 0.0100, Buffer: 100000
Episode 412000/500000, Total Reward: 7115, Epsilon: 0.0100, Buffer: 100000
Episode 413000/500000, Total Reward: 5488, Epsilon: 0.0100, Buffer: 100000
Episode 414000/500000, Total Reward: 3017, Epsilon: 0.0100, Buffer: 100000
Episode 415000/500000, Total Reward: 10594, Epsilon: 0.0100, Buffer: 100000
Episode 416000/500000, Total Reward: 5519, Epsilon: 0.0100, Buffer: 100000
Episode 417000/500000, Total Reward: 8096, Epsilon: 0.0100, Buffer: 100000
Episode 418000/500000, Total Reward: 6155, Epsilon: 0.0100, Buffer: 100000
Episode 419000/500000, Total Reward: 10188, Epsilon: 0.0100, Buffer: 100000
Episode 420000/500000, Total Reward: 5652, Epsilon: 0.0100, Buffer: 100000
Episode 421000/500000, Total Reward: 3691, Epsilon: 0.0100, Buffer: 100000
Episode 422000/500000, Total Reward: 4838, Epsilon: 0.0100, Buffer: 100000
Episode 423000/500000, Total Reward: 6417, Epsilon: 0.0100, Buffer: 100000
Episode 424000/500000, Total Reward: 9780, Epsilon: 0.0100, Buffer: 100000
Episode 425000/500000, Total Reward: 4470, Epsilon: 0.0100, Buffer: 100000
Episode 426000/500000, Total Reward: 7184, Epsilon: 0.0100, Buffer: 100000
Episode 427000/500000, Total Reward: 6115, Epsilon: 0.0100, Buffer: 100000
Episode 428000/500000, Total Reward: 5208, Epsilon: 0.0100, Buffer: 100000
Episode 429000/500000, Total Reward: 10859, Epsilon: 0.0100, Buffer: 100000
Episode 430000/500000, Total Reward: 7173, Epsilon: 0.0100, Buffer: 100000
Episode 431000/500000, Total Reward: 11080, Epsilon: 0.0100, Buffer: 100000
Episode 432000/500000, Total Reward: 7891, Epsilon: 0.0100, Buffer: 100000
Episode 433000/500000, Total Reward: 6379, Epsilon: 0.0100, Buffer: 100000
Episode 434000/500000, Total Reward: 6778, Epsilon: 0.0100, Buffer: 100000
Episode 435000/500000, Total Reward: 4836, Epsilon: 0.0100, Buffer: 100000
Episode 436000/500000, Total Reward: 8396, Epsilon: 0.0100, Buffer: 100000
Episode 437000/500000, Total Reward: 3216, Epsilon: 0.0100, Buffer: 100000
Episode 438000/500000, Total Reward: 7504, Epsilon: 0.0100, Buffer: 100000
Episode 439000/500000, Total Reward: 9885, Epsilon: 0.0100, Buffer: 100000
Episode 440000/500000, Total Reward: 4469, Epsilon: 0.0100, Buffer: 100000
Episode 441000/500000, Total Reward: 6544, Epsilon: 0.0100, Buffer: 100000
Episode 442000/500000, Total Reward: 3566, Epsilon: 0.0100, Buffer: 100000
Episode 443000/500000, Total Reward: 6850, Epsilon: 0.0100, Buffer: 100000
Episode 444000/500000, Total Reward: 5729, Epsilon: 0.0100, Buffer: 100000
Episode 445000/500000, Total Reward: 6287, Epsilon: 0.0100, Buffer: 100000
Episode 446000/500000, Total Reward: 3674, Epsilon: 0.0100, Buffer: 100000
Episode 447000/500000, Total Reward: 11073, Epsilon: 0.0100, Buffer: 100000
Episode 448000/500000, Total Reward: 2491, Epsilon: 0.0100, Buffer: 100000
Episode 449000/500000, Total Reward: 10534, Epsilon: 0.0100, Buffer: 100000
Episode 450000/500000, Total Reward: 7929, Epsilon: 0.0100, Buffer: 100000
Episode 451000/500000, Total Reward: 3098, Epsilon: 0.0100, Buffer: 100000
Episode 452000/500000, Total Reward: 10634, Epsilon: 0.0100, Buffer: 100000
Episode 453000/500000, Total Reward: 10287, Epsilon: 0.0100, Buffer: 100000
Episode 454000/500000, Total Reward: 5047, Epsilon: 0.0100, Buffer: 100000
Episode 455000/500000, Total Reward: 3371, Epsilon: 0.0100, Buffer: 100000
Episode 456000/500000, Total Reward: 7030, Epsilon: 0.0100, Buffer: 100000
Episode 457000/500000, Total Reward: 7384, Epsilon: 0.0100, Buffer: 100000
Episode 458000/500000, Total Reward: 8187, Epsilon: 0.0100, Buffer: 100000
Episode 459000/500000, Total Reward: 8369, Epsilon: 0.0100, Buffer: 100000
Episode 460000/500000, Total Reward: 1912, Epsilon: 0.0100, Buffer: 100000
Episode 461000/500000, Total Reward: 14491, Epsilon: 0.0100, Buffer: 100000
Episode 462000/500000, Total Reward: 6078, Epsilon: 0.0100, Buffer: 100000
Episode 463000/500000, Total Reward: 12313, Epsilon: 0.0100, Buffer: 100000
Episode 464000/500000, Total Reward: 5816, Epsilon: 0.0100, Buffer: 100000
Episode 465000/500000, Total Reward: 6266, Epsilon: 0.0100, Buffer: 100000
Episode 466000/500000, Total Reward: 8735, Epsilon: 0.0100, Buffer: 100000
Episode 467000/500000, Total Reward: 10841, Epsilon: 0.0100, Buffer: 100000
Episode 468000/500000, Total Reward: 7153, Epsilon: 0.0100, Buffer: 100000
Episode 469000/500000, Total Reward: -188, Epsilon: 0.0100, Buffer: 100000
Episode 470000/500000, Total Reward: 8743, Epsilon: 0.0100, Buffer: 100000
Episode 471000/500000, Total Reward: 7997, Epsilon: 0.0100, Buffer: 100000
Episode 472000/500000, Total Reward: 5558, Epsilon: 0.0100, Buffer: 100000
Episode 473000/500000, Total Reward: 4901, Epsilon: 0.0100, Buffer: 100000
Episode 474000/500000, Total Reward: 6056, Epsilon: 0.0100, Buffer: 100000
Episode 475000/500000, Total Reward: 10703, Epsilon: 0.0100, Buffer: 100000
Episode 476000/500000, Total Reward: 10903, Epsilon: 0.0100, Buffer: 100000
Episode 477000/500000, Total Reward: 4088, Epsilon: 0.0100, Buffer: 100000
Episode 478000/500000, Total Reward: 6132, Epsilon: 0.0100, Buffer: 100000
Episode 479000/500000, Total Reward: 7220, Epsilon: 0.0100, Buffer: 100000
Episode 480000/500000, Total Reward: 6891, Epsilon: 0.0100, Buffer: 100000
Episode 481000/500000, Total Reward: 6587, Epsilon: 0.0100, Buffer: 100000
Episode 482000/500000, Total Reward: 9168, Epsilon: 0.0100, Buffer: 100000
Episode 483000/500000, Total Reward: 4300, Epsilon: 0.0100, Buffer: 100000
Episode 484000/500000, Total Reward: 2216, Epsilon: 0.0100, Buffer: 100000
Episode 485000/500000, Total Reward: 5932, Epsilon: 0.0100, Buffer: 100000
Episode 486000/500000, Total Reward: 5380, Epsilon: 0.0100, Buffer: 100000
Episode 487000/500000, Total Reward: 5963, Epsilon: 0.0100, Buffer: 100000
Episode 488000/500000, Total Reward: 4884, Epsilon: 0.0100, Buffer: 100000
Episode 489000/500000, Total Reward: 7547, Epsilon: 0.0100, Buffer: 100000
Episode 490000/500000, Total Reward: 3920, Epsilon: 0.0100, Buffer: 100000
Episode 491000/500000, Total Reward: 6313, Epsilon: 0.0100, Buffer: 100000
Episode 492000/500000, Total Reward: 8615, Epsilon: 0.0100, Buffer: 100000
Episode 493000/500000, Total Reward: 9177, Epsilon: 0.0100, Buffer: 100000
Episode 494000/500000, Total Reward: 4633, Epsilon: 0.0100, Buffer: 100000
Episode 495000/500000, Total Reward: 9969, Epsilon: 0.0100, Buffer: 100000
Episode 496000/500000, Total Reward: 6598, Epsilon: 0.0100, Buffer: 100000
Episode 497000/500000, Total Reward: 5950, Epsilon: 0.0100, Buffer: 100000
Episode 498000/500000, Total Reward: 1199, Epsilon: 0.0100, Buffer: 100000
Episode 499000/500000, Total Reward: 2240, Epsilon: 0.0100, Buffer: 100000
Episode 500000/500000, Total Reward: 4543, Epsilon: 0.0100, Buffer: 100000
Extracting Q-table from DQN for compatibility...
Saved DQN model to outputs/DQN_OB_500k_run1_model.pth
Saved Q-table (for compatibility) to outputs/DQN_OB_500k_run1.pkl

Learned DQN Q-table (sample):
State: (0, 0, 9, 0)
  Action: keep, Q-value: 1062.82
  Action: replace, Q-value: 140.32
State: (1, 1, 0, 0)
  Action: keep, Q-value: 1156.53
  Action: replace, Q-value: 151.68
State: (1, 1, 0, 1)
  Action: keep, Q-value: 837.75
  Action: replace, Q-value: 140.95
State: (1, 2, 0, 0)
  Action: keep, Q-value: 1160.77
  Action: replace, Q-value: 144.30
State: (1, 2, 0, 1)
  Action: keep, Q-value: 753.32
  Action: replace, Q-value: 140.90
State: (1, 3, 0, 0)
  Action: keep, Q-value: 1120.16
  Action: replace, Q-value: 137.11
State: (1, 3, 0, 1)
  Action: keep, Q-value: 710.47
  Action: replace, Q-value: 140.64
State: (1, 4, 0, 0)
  Action: keep, Q-value: 1060.60
  Action: replace, Q-value: 134.06
State: (1, 4, 0, 1)
  Action: keep, Q-value: 659.00
  Action: replace, Q-value: 135.42
State: (1, 4, 1, 0)
  Action: keep, Q-value: 1157.64
  Action: replace, Q-value: 147.14
Total states: 3289

Time taken for training: 107961.28 seconds
Average reward (last 1000 episodes): 7045.96
--- Run ended 2026-02-02 03:10:43 ---
