
--- Run started 2026-02-05 22:53:29 ---

======================================================================
CREATING NEW MODEL
======================================================================

Starting fresh with epsilon: 1.0000
======================================================================

Starting DQN training for 500000 episodes...
Episode 1000/500000, Total Reward: 6453, Epsilon: 0.0100, Buffer: 100000
Episode 2000/500000, Total Reward: 11272, Epsilon: 0.0100, Buffer: 100000
Episode 3000/500000, Total Reward: 7461, Epsilon: 0.0100, Buffer: 100000
Episode 4000/500000, Total Reward: 2936, Epsilon: 0.0100, Buffer: 100000
Episode 5000/500000, Total Reward: 45, Epsilon: 0.0100, Buffer: 100000
Episode 6000/500000, Total Reward: -4073, Epsilon: 0.0100, Buffer: 100000
Episode 7000/500000, Total Reward: 1590, Epsilon: 0.0100, Buffer: 100000
Episode 8000/500000, Total Reward: 6332, Epsilon: 0.0100, Buffer: 100000
Episode 9000/500000, Total Reward: 8988, Epsilon: 0.0100, Buffer: 100000
Episode 10000/500000, Total Reward: 14194, Epsilon: 0.0100, Buffer: 100000
Episode 11000/500000, Total Reward: 1008, Epsilon: 0.0100, Buffer: 100000
Episode 12000/500000, Total Reward: 11224, Epsilon: 0.0100, Buffer: 100000
Episode 13000/500000, Total Reward: 3923, Epsilon: 0.0100, Buffer: 100000
Episode 14000/500000, Total Reward: 12401, Epsilon: 0.0100, Buffer: 100000
Episode 15000/500000, Total Reward: 7514, Epsilon: 0.0100, Buffer: 100000
Episode 16000/500000, Total Reward: 1637, Epsilon: 0.0100, Buffer: 100000
Episode 17000/500000, Total Reward: 15350, Epsilon: 0.0100, Buffer: 100000
Episode 18000/500000, Total Reward: 16478, Epsilon: 0.0100, Buffer: 100000
Episode 19000/500000, Total Reward: -7560, Epsilon: 0.0100, Buffer: 100000
Episode 20000/500000, Total Reward: 15857, Epsilon: 0.0100, Buffer: 100000
Episode 21000/500000, Total Reward: 16537, Epsilon: 0.0100, Buffer: 100000
Episode 22000/500000, Total Reward: 14256, Epsilon: 0.0100, Buffer: 100000
Episode 23000/500000, Total Reward: 23709, Epsilon: 0.0100, Buffer: 100000
Episode 24000/500000, Total Reward: 6074, Epsilon: 0.0100, Buffer: 100000
Episode 25000/500000, Total Reward: 12878, Epsilon: 0.0100, Buffer: 100000
Episode 26000/500000, Total Reward: 7902, Epsilon: 0.0100, Buffer: 100000
Episode 27000/500000, Total Reward: 14513, Epsilon: 0.0100, Buffer: 100000
Episode 28000/500000, Total Reward: 5728, Epsilon: 0.0100, Buffer: 100000
Episode 29000/500000, Total Reward: 8202, Epsilon: 0.0100, Buffer: 100000
Episode 30000/500000, Total Reward: 9974, Epsilon: 0.0100, Buffer: 100000
Episode 31000/500000, Total Reward: 11299, Epsilon: 0.0100, Buffer: 100000
Episode 32000/500000, Total Reward: 11672, Epsilon: 0.0100, Buffer: 100000
Episode 33000/500000, Total Reward: 7539, Epsilon: 0.0100, Buffer: 100000
Episode 34000/500000, Total Reward: 7284, Epsilon: 0.0100, Buffer: 100000
Episode 35000/500000, Total Reward: 3547, Epsilon: 0.0100, Buffer: 100000
Episode 36000/500000, Total Reward: 6526, Epsilon: 0.0100, Buffer: 100000
Episode 37000/500000, Total Reward: 20731, Epsilon: 0.0100, Buffer: 100000
Episode 38000/500000, Total Reward: 2079, Epsilon: 0.0100, Buffer: 100000
Episode 39000/500000, Total Reward: 18005, Epsilon: 0.0100, Buffer: 100000
Episode 40000/500000, Total Reward: -69, Epsilon: 0.0100, Buffer: 100000
Episode 41000/500000, Total Reward: 17396, Epsilon: 0.0100, Buffer: 100000
Episode 42000/500000, Total Reward: 13657, Epsilon: 0.0100, Buffer: 100000
Episode 43000/500000, Total Reward: 15674, Epsilon: 0.0100, Buffer: 100000
Episode 44000/500000, Total Reward: 2002, Epsilon: 0.0100, Buffer: 100000
Episode 45000/500000, Total Reward: 4942, Epsilon: 0.0100, Buffer: 100000
Episode 46000/500000, Total Reward: 16906, Epsilon: 0.0100, Buffer: 100000
Episode 47000/500000, Total Reward: -119, Epsilon: 0.0100, Buffer: 100000
Episode 48000/500000, Total Reward: 9543, Epsilon: 0.0100, Buffer: 100000
Episode 49000/500000, Total Reward: -2572, Epsilon: 0.0100, Buffer: 100000
Episode 50000/500000, Total Reward: 7518, Epsilon: 0.0100, Buffer: 100000
Episode 51000/500000, Total Reward: 10884, Epsilon: 0.0100, Buffer: 100000
Episode 52000/500000, Total Reward: 14850, Epsilon: 0.0100, Buffer: 100000
Episode 53000/500000, Total Reward: 15065, Epsilon: 0.0100, Buffer: 100000
Episode 54000/500000, Total Reward: 672, Epsilon: 0.0100, Buffer: 100000
Episode 55000/500000, Total Reward: 13054, Epsilon: 0.0100, Buffer: 100000
Episode 56000/500000, Total Reward: 12456, Epsilon: 0.0100, Buffer: 100000
Episode 57000/500000, Total Reward: -7157, Epsilon: 0.0100, Buffer: 100000
Episode 58000/500000, Total Reward: 16742, Epsilon: 0.0100, Buffer: 100000
Episode 59000/500000, Total Reward: -3217, Epsilon: 0.0100, Buffer: 100000
Episode 60000/500000, Total Reward: 20369, Epsilon: 0.0100, Buffer: 100000
Episode 61000/500000, Total Reward: 12406, Epsilon: 0.0100, Buffer: 100000
Episode 62000/500000, Total Reward: 6922, Epsilon: 0.0100, Buffer: 100000
Episode 63000/500000, Total Reward: -2341, Epsilon: 0.0100, Buffer: 100000
Episode 64000/500000, Total Reward: 7077, Epsilon: 0.0100, Buffer: 100000
Episode 65000/500000, Total Reward: 3153, Epsilon: 0.0100, Buffer: 100000
Episode 66000/500000, Total Reward: -1312, Epsilon: 0.0100, Buffer: 100000
Episode 67000/500000, Total Reward: 3008, Epsilon: 0.0100, Buffer: 100000
Episode 68000/500000, Total Reward: 5777, Epsilon: 0.0100, Buffer: 100000
Episode 69000/500000, Total Reward: 1361, Epsilon: 0.0100, Buffer: 100000
Episode 70000/500000, Total Reward: 3569, Epsilon: 0.0100, Buffer: 100000
Episode 71000/500000, Total Reward: 15968, Epsilon: 0.0100, Buffer: 100000
Episode 72000/500000, Total Reward: 6687, Epsilon: 0.0100, Buffer: 100000
Episode 73000/500000, Total Reward: 14932, Epsilon: 0.0100, Buffer: 100000
Episode 74000/500000, Total Reward: 16348, Epsilon: 0.0100, Buffer: 100000
Episode 75000/500000, Total Reward: -10390, Epsilon: 0.0100, Buffer: 100000
Episode 76000/500000, Total Reward: 3767, Epsilon: 0.0100, Buffer: 100000
Episode 77000/500000, Total Reward: 12956, Epsilon: 0.0100, Buffer: 100000
Episode 78000/500000, Total Reward: 3452, Epsilon: 0.0100, Buffer: 100000
Episode 79000/500000, Total Reward: 8451, Epsilon: 0.0100, Buffer: 100000
Episode 80000/500000, Total Reward: 18633, Epsilon: 0.0100, Buffer: 100000
Episode 81000/500000, Total Reward: 11486, Epsilon: 0.0100, Buffer: 100000
Episode 82000/500000, Total Reward: 269, Epsilon: 0.0100, Buffer: 100000
Episode 83000/500000, Total Reward: 9001, Epsilon: 0.0100, Buffer: 100000
Episode 84000/500000, Total Reward: 5638, Epsilon: 0.0100, Buffer: 100000
Episode 85000/500000, Total Reward: -6303, Epsilon: 0.0100, Buffer: 100000
Episode 86000/500000, Total Reward: 11742, Epsilon: 0.0100, Buffer: 100000
Episode 87000/500000, Total Reward: 12134, Epsilon: 0.0100, Buffer: 100000
Episode 88000/500000, Total Reward: 10282, Epsilon: 0.0100, Buffer: 100000
Episode 89000/500000, Total Reward: 10805, Epsilon: 0.0100, Buffer: 100000
Episode 90000/500000, Total Reward: 14074, Epsilon: 0.0100, Buffer: 100000
Episode 91000/500000, Total Reward: 4731, Epsilon: 0.0100, Buffer: 100000
Episode 92000/500000, Total Reward: 19555, Epsilon: 0.0100, Buffer: 100000
Episode 93000/500000, Total Reward: 13666, Epsilon: 0.0100, Buffer: 100000
Episode 94000/500000, Total Reward: 17152, Epsilon: 0.0100, Buffer: 100000
Episode 95000/500000, Total Reward: 11581, Epsilon: 0.0100, Buffer: 100000
Episode 96000/500000, Total Reward: -633, Epsilon: 0.0100, Buffer: 100000
Episode 97000/500000, Total Reward: 5039, Epsilon: 0.0100, Buffer: 100000
Episode 98000/500000, Total Reward: 23289, Epsilon: 0.0100, Buffer: 100000
Episode 99000/500000, Total Reward: -259, Epsilon: 0.0100, Buffer: 100000
Episode 100000/500000, Total Reward: 6240, Epsilon: 0.0100, Buffer: 100000
Episode 101000/500000, Total Reward: 10728, Epsilon: 0.0100, Buffer: 100000
Episode 102000/500000, Total Reward: -766, Epsilon: 0.0100, Buffer: 100000
Episode 103000/500000, Total Reward: 14316, Epsilon: 0.0100, Buffer: 100000
Episode 104000/500000, Total Reward: 19493, Epsilon: 0.0100, Buffer: 100000
Episode 105000/500000, Total Reward: 7295, Epsilon: 0.0100, Buffer: 100000
Episode 106000/500000, Total Reward: 19311, Epsilon: 0.0100, Buffer: 100000
Episode 107000/500000, Total Reward: 21887, Epsilon: 0.0100, Buffer: 100000
Episode 108000/500000, Total Reward: 7107, Epsilon: 0.0100, Buffer: 100000
Episode 109000/500000, Total Reward: 512, Epsilon: 0.0100, Buffer: 100000
Episode 110000/500000, Total Reward: 15682, Epsilon: 0.0100, Buffer: 100000
Episode 111000/500000, Total Reward: 12839, Epsilon: 0.0100, Buffer: 100000
Episode 112000/500000, Total Reward: 12980, Epsilon: 0.0100, Buffer: 100000
Episode 113000/500000, Total Reward: 1517, Epsilon: 0.0100, Buffer: 100000
Episode 114000/500000, Total Reward: 5081, Epsilon: 0.0100, Buffer: 100000
Episode 115000/500000, Total Reward: 8916, Epsilon: 0.0100, Buffer: 100000
Episode 116000/500000, Total Reward: 3238, Epsilon: 0.0100, Buffer: 100000
Episode 117000/500000, Total Reward: 12917, Epsilon: 0.0100, Buffer: 100000
Episode 118000/500000, Total Reward: 12925, Epsilon: 0.0100, Buffer: 100000
Episode 119000/500000, Total Reward: 19131, Epsilon: 0.0100, Buffer: 100000
Episode 120000/500000, Total Reward: 7986, Epsilon: 0.0100, Buffer: 100000
Episode 121000/500000, Total Reward: 4206, Epsilon: 0.0100, Buffer: 100000
Episode 122000/500000, Total Reward: 16250, Epsilon: 0.0100, Buffer: 100000
Episode 123000/500000, Total Reward: 20466, Epsilon: 0.0100, Buffer: 100000
Episode 124000/500000, Total Reward: 5721, Epsilon: 0.0100, Buffer: 100000
Episode 125000/500000, Total Reward: 14227, Epsilon: 0.0100, Buffer: 100000
Episode 126000/500000, Total Reward: 7961, Epsilon: 0.0100, Buffer: 100000
Episode 127000/500000, Total Reward: 9884, Epsilon: 0.0100, Buffer: 100000
Episode 128000/500000, Total Reward: 6399, Epsilon: 0.0100, Buffer: 100000
Episode 129000/500000, Total Reward: 6419, Epsilon: 0.0100, Buffer: 100000
Episode 130000/500000, Total Reward: 6849, Epsilon: 0.0100, Buffer: 100000
Episode 131000/500000, Total Reward: -5523, Epsilon: 0.0100, Buffer: 100000
Episode 132000/500000, Total Reward: 15276, Epsilon: 0.0100, Buffer: 100000
Episode 133000/500000, Total Reward: 4827, Epsilon: 0.0100, Buffer: 100000
Episode 134000/500000, Total Reward: 2872, Epsilon: 0.0100, Buffer: 100000
Episode 135000/500000, Total Reward: 20967, Epsilon: 0.0100, Buffer: 100000
Episode 136000/500000, Total Reward: 5847, Epsilon: 0.0100, Buffer: 100000
Episode 137000/500000, Total Reward: 17439, Epsilon: 0.0100, Buffer: 100000
Episode 138000/500000, Total Reward: 7972, Epsilon: 0.0100, Buffer: 100000
Episode 139000/500000, Total Reward: 2403, Epsilon: 0.0100, Buffer: 100000
Episode 140000/500000, Total Reward: 15156, Epsilon: 0.0100, Buffer: 100000
Episode 141000/500000, Total Reward: 16520, Epsilon: 0.0100, Buffer: 100000
Episode 142000/500000, Total Reward: 11842, Epsilon: 0.0100, Buffer: 100000
Episode 143000/500000, Total Reward: 2466, Epsilon: 0.0100, Buffer: 100000
Episode 144000/500000, Total Reward: 13759, Epsilon: 0.0100, Buffer: 100000
Episode 145000/500000, Total Reward: 767, Epsilon: 0.0100, Buffer: 100000
Episode 146000/500000, Total Reward: 21374, Epsilon: 0.0100, Buffer: 100000
Episode 147000/500000, Total Reward: 22658, Epsilon: 0.0100, Buffer: 100000
Episode 148000/500000, Total Reward: 13829, Epsilon: 0.0100, Buffer: 100000
Episode 149000/500000, Total Reward: -677, Epsilon: 0.0100, Buffer: 100000
Episode 150000/500000, Total Reward: 13708, Epsilon: 0.0100, Buffer: 100000
Episode 151000/500000, Total Reward: 1137, Epsilon: 0.0100, Buffer: 100000
Episode 152000/500000, Total Reward: 11792, Epsilon: 0.0100, Buffer: 100000
Episode 153000/500000, Total Reward: 9024, Epsilon: 0.0100, Buffer: 100000
Episode 154000/500000, Total Reward: 19100, Epsilon: 0.0100, Buffer: 100000
Episode 155000/500000, Total Reward: 11300, Epsilon: 0.0100, Buffer: 100000
Episode 156000/500000, Total Reward: 6667, Epsilon: 0.0100, Buffer: 100000
Episode 157000/500000, Total Reward: 3755, Epsilon: 0.0100, Buffer: 100000
Episode 158000/500000, Total Reward: 13645, Epsilon: 0.0100, Buffer: 100000
Episode 159000/500000, Total Reward: 14886, Epsilon: 0.0100, Buffer: 100000
Episode 160000/500000, Total Reward: 14276, Epsilon: 0.0100, Buffer: 100000
Episode 161000/500000, Total Reward: -10604, Epsilon: 0.0100, Buffer: 100000
Episode 162000/500000, Total Reward: 18484, Epsilon: 0.0100, Buffer: 100000
Episode 163000/500000, Total Reward: 14865, Epsilon: 0.0100, Buffer: 100000
Episode 164000/500000, Total Reward: -2874, Epsilon: 0.0100, Buffer: 100000
Episode 165000/500000, Total Reward: 10752, Epsilon: 0.0100, Buffer: 100000
Episode 166000/500000, Total Reward: 9731, Epsilon: 0.0100, Buffer: 100000
Episode 167000/500000, Total Reward: 13051, Epsilon: 0.0100, Buffer: 100000
Episode 168000/500000, Total Reward: -2210, Epsilon: 0.0100, Buffer: 100000
Episode 169000/500000, Total Reward: 11155, Epsilon: 0.0100, Buffer: 100000
Episode 170000/500000, Total Reward: 6086, Epsilon: 0.0100, Buffer: 100000
Episode 171000/500000, Total Reward: 9525, Epsilon: 0.0100, Buffer: 100000
Episode 172000/500000, Total Reward: -1221, Epsilon: 0.0100, Buffer: 100000
Episode 173000/500000, Total Reward: 21728, Epsilon: 0.0100, Buffer: 100000
Episode 174000/500000, Total Reward: 15003, Epsilon: 0.0100, Buffer: 100000
Episode 175000/500000, Total Reward: 12906, Epsilon: 0.0100, Buffer: 100000
Episode 176000/500000, Total Reward: -6418, Epsilon: 0.0100, Buffer: 100000
Episode 177000/500000, Total Reward: 15792, Epsilon: 0.0100, Buffer: 100000
Episode 178000/500000, Total Reward: 15225, Epsilon: 0.0100, Buffer: 100000
Episode 179000/500000, Total Reward: 6735, Epsilon: 0.0100, Buffer: 100000
Episode 180000/500000, Total Reward: -2589, Epsilon: 0.0100, Buffer: 100000
Episode 181000/500000, Total Reward: 16016, Epsilon: 0.0100, Buffer: 100000
Episode 182000/500000, Total Reward: 20523, Epsilon: 0.0100, Buffer: 100000
Episode 183000/500000, Total Reward: 10559, Epsilon: 0.0100, Buffer: 100000
Episode 184000/500000, Total Reward: 15167, Epsilon: 0.0100, Buffer: 100000
Episode 185000/500000, Total Reward: 446, Epsilon: 0.0100, Buffer: 100000
Episode 186000/500000, Total Reward: 14603, Epsilon: 0.0100, Buffer: 100000
Episode 187000/500000, Total Reward: 13952, Epsilon: 0.0100, Buffer: 100000
Episode 188000/500000, Total Reward: 4723, Epsilon: 0.0100, Buffer: 100000
Episode 189000/500000, Total Reward: 6746, Epsilon: 0.0100, Buffer: 100000
Episode 190000/500000, Total Reward: 28, Epsilon: 0.0100, Buffer: 100000
Episode 191000/500000, Total Reward: 2667, Epsilon: 0.0100, Buffer: 100000
Episode 192000/500000, Total Reward: 188, Epsilon: 0.0100, Buffer: 100000
Episode 193000/500000, Total Reward: 10433, Epsilon: 0.0100, Buffer: 100000
Episode 194000/500000, Total Reward: 23571, Epsilon: 0.0100, Buffer: 100000
Episode 195000/500000, Total Reward: 3033, Epsilon: 0.0100, Buffer: 100000
Episode 196000/500000, Total Reward: 17856, Epsilon: 0.0100, Buffer: 100000
Episode 197000/500000, Total Reward: 7361, Epsilon: 0.0100, Buffer: 100000
Episode 198000/500000, Total Reward: 6395, Epsilon: 0.0100, Buffer: 100000
Episode 199000/500000, Total Reward: -2642, Epsilon: 0.0100, Buffer: 100000
Episode 200000/500000, Total Reward: 6812, Epsilon: 0.0100, Buffer: 100000
Episode 201000/500000, Total Reward: 14168, Epsilon: 0.0100, Buffer: 100000
Episode 202000/500000, Total Reward: 19034, Epsilon: 0.0100, Buffer: 100000
Episode 203000/500000, Total Reward: 1556, Epsilon: 0.0100, Buffer: 100000
Episode 204000/500000, Total Reward: 5712, Epsilon: 0.0100, Buffer: 100000
Episode 205000/500000, Total Reward: 2539, Epsilon: 0.0100, Buffer: 100000
Episode 206000/500000, Total Reward: 16845, Epsilon: 0.0100, Buffer: 100000
Episode 207000/500000, Total Reward: 10625, Epsilon: 0.0100, Buffer: 100000
Episode 208000/500000, Total Reward: 1445, Epsilon: 0.0100, Buffer: 100000
Episode 209000/500000, Total Reward: 3927, Epsilon: 0.0100, Buffer: 100000
Episode 210000/500000, Total Reward: 6971, Epsilon: 0.0100, Buffer: 100000
Episode 211000/500000, Total Reward: 13690, Epsilon: 0.0100, Buffer: 100000
Episode 212000/500000, Total Reward: -5051, Epsilon: 0.0100, Buffer: 100000
Episode 213000/500000, Total Reward: 2773, Epsilon: 0.0100, Buffer: 100000
Episode 214000/500000, Total Reward: 11669, Epsilon: 0.0100, Buffer: 100000
Episode 215000/500000, Total Reward: 6553, Epsilon: 0.0100, Buffer: 100000
Episode 216000/500000, Total Reward: 18897, Epsilon: 0.0100, Buffer: 100000
Episode 217000/500000, Total Reward: -759, Epsilon: 0.0100, Buffer: 100000
Episode 218000/500000, Total Reward: 336, Epsilon: 0.0100, Buffer: 100000
Episode 219000/500000, Total Reward: 5721, Epsilon: 0.0100, Buffer: 100000
Episode 220000/500000, Total Reward: 8723, Epsilon: 0.0100, Buffer: 100000
Episode 221000/500000, Total Reward: -3643, Epsilon: 0.0100, Buffer: 100000
Episode 222000/500000, Total Reward: 6269, Epsilon: 0.0100, Buffer: 100000
Episode 223000/500000, Total Reward: 13547, Epsilon: 0.0100, Buffer: 100000
Episode 224000/500000, Total Reward: 9799, Epsilon: 0.0100, Buffer: 100000
Episode 225000/500000, Total Reward: 14863, Epsilon: 0.0100, Buffer: 100000
Episode 226000/500000, Total Reward: 8838, Epsilon: 0.0100, Buffer: 100000
Episode 227000/500000, Total Reward: 16282, Epsilon: 0.0100, Buffer: 100000
Episode 228000/500000, Total Reward: 8098, Epsilon: 0.0100, Buffer: 100000
Episode 229000/500000, Total Reward: 10398, Epsilon: 0.0100, Buffer: 100000
Episode 230000/500000, Total Reward: 17186, Epsilon: 0.0100, Buffer: 100000
Episode 231000/500000, Total Reward: 14449, Epsilon: 0.0100, Buffer: 100000
Episode 232000/500000, Total Reward: -1616, Epsilon: 0.0100, Buffer: 100000
Episode 233000/500000, Total Reward: 18207, Epsilon: 0.0100, Buffer: 100000
Episode 234000/500000, Total Reward: 9617, Epsilon: 0.0100, Buffer: 100000
Episode 235000/500000, Total Reward: 9350, Epsilon: 0.0100, Buffer: 100000
Episode 236000/500000, Total Reward: 1015, Epsilon: 0.0100, Buffer: 100000
Episode 237000/500000, Total Reward: 13030, Epsilon: 0.0100, Buffer: 100000
Episode 238000/500000, Total Reward: 7775, Epsilon: 0.0100, Buffer: 100000
Episode 239000/500000, Total Reward: 16985, Epsilon: 0.0100, Buffer: 100000
Episode 240000/500000, Total Reward: 14160, Epsilon: 0.0100, Buffer: 100000
Episode 241000/500000, Total Reward: -3722, Epsilon: 0.0100, Buffer: 100000
Episode 242000/500000, Total Reward: 13183, Epsilon: 0.0100, Buffer: 100000
Episode 243000/500000, Total Reward: 13008, Epsilon: 0.0100, Buffer: 100000
Episode 244000/500000, Total Reward: 9734, Epsilon: 0.0100, Buffer: 100000
Episode 245000/500000, Total Reward: 2277, Epsilon: 0.0100, Buffer: 100000
Episode 246000/500000, Total Reward: 1216, Epsilon: 0.0100, Buffer: 100000
Episode 247000/500000, Total Reward: -107, Epsilon: 0.0100, Buffer: 100000
Episode 248000/500000, Total Reward: 13349, Epsilon: 0.0100, Buffer: 100000
Episode 249000/500000, Total Reward: -5107, Epsilon: 0.0100, Buffer: 100000
Episode 250000/500000, Total Reward: 9892, Epsilon: 0.0100, Buffer: 100000
Episode 251000/500000, Total Reward: -225, Epsilon: 0.0100, Buffer: 100000
Episode 252000/500000, Total Reward: 10038, Epsilon: 0.0100, Buffer: 100000
Episode 253000/500000, Total Reward: -3669, Epsilon: 0.0100, Buffer: 100000
Episode 254000/500000, Total Reward: 8864, Epsilon: 0.0100, Buffer: 100000
Episode 255000/500000, Total Reward: 5547, Epsilon: 0.0100, Buffer: 100000
Episode 256000/500000, Total Reward: 14942, Epsilon: 0.0100, Buffer: 100000
Episode 257000/500000, Total Reward: 14069, Epsilon: 0.0100, Buffer: 100000
Episode 258000/500000, Total Reward: 5667, Epsilon: 0.0100, Buffer: 100000
Episode 259000/500000, Total Reward: 15359, Epsilon: 0.0100, Buffer: 100000
Episode 260000/500000, Total Reward: 8356, Epsilon: 0.0100, Buffer: 100000
Episode 261000/500000, Total Reward: -119, Epsilon: 0.0100, Buffer: 100000
Episode 262000/500000, Total Reward: 603, Epsilon: 0.0100, Buffer: 100000
Episode 263000/500000, Total Reward: 12474, Epsilon: 0.0100, Buffer: 100000
Episode 264000/500000, Total Reward: 12198, Epsilon: 0.0100, Buffer: 100000
Episode 265000/500000, Total Reward: 10630, Epsilon: 0.0100, Buffer: 100000
Episode 266000/500000, Total Reward: 20659, Epsilon: 0.0100, Buffer: 100000
Episode 267000/500000, Total Reward: 6300, Epsilon: 0.0100, Buffer: 100000
Episode 268000/500000, Total Reward: 4211, Epsilon: 0.0100, Buffer: 100000
Episode 269000/500000, Total Reward: 17832, Epsilon: 0.0100, Buffer: 100000
Episode 270000/500000, Total Reward: 11051, Epsilon: 0.0100, Buffer: 100000
Episode 271000/500000, Total Reward: 7639, Epsilon: 0.0100, Buffer: 100000
Episode 272000/500000, Total Reward: 14694, Epsilon: 0.0100, Buffer: 100000
Episode 273000/500000, Total Reward: 4019, Epsilon: 0.0100, Buffer: 100000
Episode 274000/500000, Total Reward: 11903, Epsilon: 0.0100, Buffer: 100000
Episode 275000/500000, Total Reward: 6124, Epsilon: 0.0100, Buffer: 100000
Episode 276000/500000, Total Reward: 14062, Epsilon: 0.0100, Buffer: 100000
Episode 277000/500000, Total Reward: 12936, Epsilon: 0.0100, Buffer: 100000
Episode 278000/500000, Total Reward: 4930, Epsilon: 0.0100, Buffer: 100000
Episode 279000/500000, Total Reward: 9952, Epsilon: 0.0100, Buffer: 100000
Episode 280000/500000, Total Reward: 7985, Epsilon: 0.0100, Buffer: 100000
Episode 281000/500000, Total Reward: 17237, Epsilon: 0.0100, Buffer: 100000
Episode 282000/500000, Total Reward: 19175, Epsilon: 0.0100, Buffer: 100000
Episode 283000/500000, Total Reward: 10101, Epsilon: 0.0100, Buffer: 100000
Episode 284000/500000, Total Reward: 14088, Epsilon: 0.0100, Buffer: 100000
Episode 285000/500000, Total Reward: 1140, Epsilon: 0.0100, Buffer: 100000
Episode 286000/500000, Total Reward: 7325, Epsilon: 0.0100, Buffer: 100000
Episode 287000/500000, Total Reward: 5439, Epsilon: 0.0100, Buffer: 100000
Episode 288000/500000, Total Reward: -123, Epsilon: 0.0100, Buffer: 100000
Episode 289000/500000, Total Reward: 8824, Epsilon: 0.0100, Buffer: 100000
Episode 290000/500000, Total Reward: 2829, Epsilon: 0.0100, Buffer: 100000
Episode 291000/500000, Total Reward: 990, Epsilon: 0.0100, Buffer: 100000
Episode 292000/500000, Total Reward: 9508, Epsilon: 0.0100, Buffer: 100000
Episode 293000/500000, Total Reward: 12714, Epsilon: 0.0100, Buffer: 100000
Episode 294000/500000, Total Reward: 12936, Epsilon: 0.0100, Buffer: 100000
Episode 295000/500000, Total Reward: 6332, Epsilon: 0.0100, Buffer: 100000
Episode 296000/500000, Total Reward: -3804, Epsilon: 0.0100, Buffer: 100000
Episode 297000/500000, Total Reward: 12588, Epsilon: 0.0100, Buffer: 100000
Episode 298000/500000, Total Reward: 9400, Epsilon: 0.0100, Buffer: 100000
Episode 299000/500000, Total Reward: 7978, Epsilon: 0.0100, Buffer: 100000
Episode 300000/500000, Total Reward: 14552, Epsilon: 0.0100, Buffer: 100000
Episode 301000/500000, Total Reward: 5281, Epsilon: 0.0100, Buffer: 100000
Episode 302000/500000, Total Reward: 15206, Epsilon: 0.0100, Buffer: 100000
Episode 303000/500000, Total Reward: 6255, Epsilon: 0.0100, Buffer: 100000
Episode 304000/500000, Total Reward: 20694, Epsilon: 0.0100, Buffer: 100000
Episode 305000/500000, Total Reward: 18884, Epsilon: 0.0100, Buffer: 100000
Episode 306000/500000, Total Reward: 10418, Epsilon: 0.0100, Buffer: 100000
Episode 307000/500000, Total Reward: 3161, Epsilon: 0.0100, Buffer: 100000
Episode 308000/500000, Total Reward: 6527, Epsilon: 0.0100, Buffer: 100000
Episode 309000/500000, Total Reward: 5139, Epsilon: 0.0100, Buffer: 100000
Episode 310000/500000, Total Reward: 10451, Epsilon: 0.0100, Buffer: 100000
Episode 311000/500000, Total Reward: 8920, Epsilon: 0.0100, Buffer: 100000
Episode 312000/500000, Total Reward: 3926, Epsilon: 0.0100, Buffer: 100000
Episode 313000/500000, Total Reward: 9147, Epsilon: 0.0100, Buffer: 100000
Episode 314000/500000, Total Reward: 10264, Epsilon: 0.0100, Buffer: 100000
Episode 315000/500000, Total Reward: 13091, Epsilon: 0.0100, Buffer: 100000
Episode 316000/500000, Total Reward: 990, Epsilon: 0.0100, Buffer: 100000
Episode 317000/500000, Total Reward: 19585, Epsilon: 0.0100, Buffer: 100000
Episode 318000/500000, Total Reward: 3442, Epsilon: 0.0100, Buffer: 100000
Episode 319000/500000, Total Reward: 1908, Epsilon: 0.0100, Buffer: 100000
Episode 320000/500000, Total Reward: 14013, Epsilon: 0.0100, Buffer: 100000
Episode 321000/500000, Total Reward: 17696, Epsilon: 0.0100, Buffer: 100000
Episode 322000/500000, Total Reward: -118, Epsilon: 0.0100, Buffer: 100000
Episode 323000/500000, Total Reward: 2878, Epsilon: 0.0100, Buffer: 100000
Episode 324000/500000, Total Reward: 9715, Epsilon: 0.0100, Buffer: 100000
Episode 325000/500000, Total Reward: 5184, Epsilon: 0.0100, Buffer: 100000
Episode 326000/500000, Total Reward: 21630, Epsilon: 0.0100, Buffer: 100000
Episode 327000/500000, Total Reward: 11316, Epsilon: 0.0100, Buffer: 100000
Episode 328000/500000, Total Reward: 4190, Epsilon: 0.0100, Buffer: 100000
Episode 329000/500000, Total Reward: 990, Epsilon: 0.0100, Buffer: 100000
Episode 330000/500000, Total Reward: 1212, Epsilon: 0.0100, Buffer: 100000
Episode 331000/500000, Total Reward: 6822, Epsilon: 0.0100, Buffer: 100000
Episode 332000/500000, Total Reward: 7104, Epsilon: 0.0100, Buffer: 100000
Episode 333000/500000, Total Reward: 1171, Epsilon: 0.0100, Buffer: 100000
Episode 334000/500000, Total Reward: 8581, Epsilon: 0.0100, Buffer: 100000
Episode 335000/500000, Total Reward: 10475, Epsilon: 0.0100, Buffer: 100000
Episode 336000/500000, Total Reward: 871, Epsilon: 0.0100, Buffer: 100000
Episode 337000/500000, Total Reward: 10561, Epsilon: 0.0100, Buffer: 100000
Episode 338000/500000, Total Reward: 15874, Epsilon: 0.0100, Buffer: 100000
Episode 339000/500000, Total Reward: 18804, Epsilon: 0.0100, Buffer: 100000
Episode 340000/500000, Total Reward: 7981, Epsilon: 0.0100, Buffer: 100000
Episode 341000/500000, Total Reward: 9715, Epsilon: 0.0100, Buffer: 100000
Episode 342000/500000, Total Reward: 21529, Epsilon: 0.0100, Buffer: 100000
Episode 343000/500000, Total Reward: 7112, Epsilon: 0.0100, Buffer: 100000
Episode 344000/500000, Total Reward: 8171, Epsilon: 0.0100, Buffer: 100000
Episode 345000/500000, Total Reward: 2077, Epsilon: 0.0100, Buffer: 100000
Episode 346000/500000, Total Reward: 14693, Epsilon: 0.0100, Buffer: 100000
Episode 347000/500000, Total Reward: -723, Epsilon: 0.0100, Buffer: 100000
Episode 348000/500000, Total Reward: -659, Epsilon: 0.0100, Buffer: 100000
Episode 349000/500000, Total Reward: 9829, Epsilon: 0.0100, Buffer: 100000
Episode 350000/500000, Total Reward: 275, Epsilon: 0.0100, Buffer: 100000
Episode 351000/500000, Total Reward: -9065, Epsilon: 0.0100, Buffer: 100000
Episode 352000/500000, Total Reward: 13788, Epsilon: 0.0100, Buffer: 100000
Episode 353000/500000, Total Reward: 6963, Epsilon: 0.0100, Buffer: 100000
Episode 354000/500000, Total Reward: 16853, Epsilon: 0.0100, Buffer: 100000
Episode 355000/500000, Total Reward: 12950, Epsilon: 0.0100, Buffer: 100000
Episode 356000/500000, Total Reward: 22467, Epsilon: 0.0100, Buffer: 100000
Episode 357000/500000, Total Reward: 5564, Epsilon: 0.0100, Buffer: 100000
Episode 358000/500000, Total Reward: 12305, Epsilon: 0.0100, Buffer: 100000
Episode 359000/500000, Total Reward: 4951, Epsilon: 0.0100, Buffer: 100000
Episode 360000/500000, Total Reward: -698, Epsilon: 0.0100, Buffer: 100000
Episode 361000/500000, Total Reward: 5280, Epsilon: 0.0100, Buffer: 100000
Episode 362000/500000, Total Reward: 17059, Epsilon: 0.0100, Buffer: 100000
Episode 363000/500000, Total Reward: 10755, Epsilon: 0.0100, Buffer: 100000
Episode 364000/500000, Total Reward: -538, Epsilon: 0.0100, Buffer: 100000
Episode 365000/500000, Total Reward: 20230, Epsilon: 0.0100, Buffer: 100000
Episode 366000/500000, Total Reward: 18338, Epsilon: 0.0100, Buffer: 100000
Episode 367000/500000, Total Reward: 17793, Epsilon: 0.0100, Buffer: 100000
Episode 368000/500000, Total Reward: 12215, Epsilon: 0.0100, Buffer: 100000
Episode 369000/500000, Total Reward: 943, Epsilon: 0.0100, Buffer: 100000
Episode 370000/500000, Total Reward: 4482, Epsilon: 0.0100, Buffer: 100000
Episode 371000/500000, Total Reward: 13085, Epsilon: 0.0100, Buffer: 100000
Episode 372000/500000, Total Reward: 8265, Epsilon: 0.0100, Buffer: 100000
Episode 373000/500000, Total Reward: 3057, Epsilon: 0.0100, Buffer: 100000
Episode 374000/500000, Total Reward: 10102, Epsilon: 0.0100, Buffer: 100000
Episode 375000/500000, Total Reward: 607, Epsilon: 0.0100, Buffer: 100000
Episode 376000/500000, Total Reward: 9331, Epsilon: 0.0100, Buffer: 100000
Episode 377000/500000, Total Reward: 12695, Epsilon: 0.0100, Buffer: 100000
Episode 378000/500000, Total Reward: 2537, Epsilon: 0.0100, Buffer: 100000
Episode 379000/500000, Total Reward: 12102, Epsilon: 0.0100, Buffer: 100000
Episode 380000/500000, Total Reward: 13517, Epsilon: 0.0100, Buffer: 100000
Episode 381000/500000, Total Reward: -3054, Epsilon: 0.0100, Buffer: 100000
Episode 382000/500000, Total Reward: 677, Epsilon: 0.0100, Buffer: 100000
Episode 383000/500000, Total Reward: 5726, Epsilon: 0.0100, Buffer: 100000
Episode 384000/500000, Total Reward: 16811, Epsilon: 0.0100, Buffer: 100000
Episode 385000/500000, Total Reward: 17854, Epsilon: 0.0100, Buffer: 100000
Episode 386000/500000, Total Reward: 7716, Epsilon: 0.0100, Buffer: 100000
Episode 387000/500000, Total Reward: 13441, Epsilon: 0.0100, Buffer: 100000
Episode 388000/500000, Total Reward: 4424, Epsilon: 0.0100, Buffer: 100000
Episode 389000/500000, Total Reward: 22645, Epsilon: 0.0100, Buffer: 100000
Episode 390000/500000, Total Reward: 12065, Epsilon: 0.0100, Buffer: 100000
Episode 391000/500000, Total Reward: 16694, Epsilon: 0.0100, Buffer: 100000
Episode 392000/500000, Total Reward: 11971, Epsilon: 0.0100, Buffer: 100000
Episode 393000/500000, Total Reward: 13320, Epsilon: 0.0100, Buffer: 100000
Episode 394000/500000, Total Reward: 9802, Epsilon: 0.0100, Buffer: 100000
Episode 395000/500000, Total Reward: -5268, Epsilon: 0.0100, Buffer: 100000
Episode 396000/500000, Total Reward: 1867, Epsilon: 0.0100, Buffer: 100000
Episode 397000/500000, Total Reward: 7240, Epsilon: 0.0100, Buffer: 100000
Episode 398000/500000, Total Reward: 14568, Epsilon: 0.0100, Buffer: 100000
Episode 399000/500000, Total Reward: 9374, Epsilon: 0.0100, Buffer: 100000
Episode 400000/500000, Total Reward: 11474, Epsilon: 0.0100, Buffer: 100000
Episode 401000/500000, Total Reward: 16190, Epsilon: 0.0100, Buffer: 100000
Episode 402000/500000, Total Reward: 9974, Epsilon: 0.0100, Buffer: 100000
Episode 403000/500000, Total Reward: 13064, Epsilon: 0.0100, Buffer: 100000
Episode 404000/500000, Total Reward: 12623, Epsilon: 0.0100, Buffer: 100000
Episode 405000/500000, Total Reward: 9515, Epsilon: 0.0100, Buffer: 100000
Episode 406000/500000, Total Reward: 5947, Epsilon: 0.0100, Buffer: 100000
Episode 407000/500000, Total Reward: 19401, Epsilon: 0.0100, Buffer: 100000
Episode 408000/500000, Total Reward: 7682, Epsilon: 0.0100, Buffer: 100000
Episode 409000/500000, Total Reward: 7107, Epsilon: 0.0100, Buffer: 100000
Episode 410000/500000, Total Reward: 5456, Epsilon: 0.0100, Buffer: 100000
Episode 411000/500000, Total Reward: 20079, Epsilon: 0.0100, Buffer: 100000
Episode 412000/500000, Total Reward: 263, Epsilon: 0.0100, Buffer: 100000
Episode 413000/500000, Total Reward: 7003, Epsilon: 0.0100, Buffer: 100000
Episode 414000/500000, Total Reward: 2960, Epsilon: 0.0100, Buffer: 100000
Episode 415000/500000, Total Reward: 11453, Epsilon: 0.0100, Buffer: 100000
Episode 416000/500000, Total Reward: 13318, Epsilon: 0.0100, Buffer: 100000
Episode 417000/500000, Total Reward: 12436, Epsilon: 0.0100, Buffer: 100000
Episode 418000/500000, Total Reward: 9837, Epsilon: 0.0100, Buffer: 100000
Episode 419000/500000, Total Reward: 3699, Epsilon: 0.0100, Buffer: 100000
Episode 420000/500000, Total Reward: 11975, Epsilon: 0.0100, Buffer: 100000
Episode 421000/500000, Total Reward: 3422, Epsilon: 0.0100, Buffer: 100000
Episode 422000/500000, Total Reward: 1534, Epsilon: 0.0100, Buffer: 100000
Episode 423000/500000, Total Reward: 7315, Epsilon: 0.0100, Buffer: 100000
Episode 424000/500000, Total Reward: 8226, Epsilon: 0.0100, Buffer: 100000
Episode 425000/500000, Total Reward: 15617, Epsilon: 0.0100, Buffer: 100000
Episode 426000/500000, Total Reward: 9952, Epsilon: 0.0100, Buffer: 100000
Episode 427000/500000, Total Reward: 11154, Epsilon: 0.0100, Buffer: 100000
Episode 428000/500000, Total Reward: 12088, Epsilon: 0.0100, Buffer: 100000
Episode 429000/500000, Total Reward: 14934, Epsilon: 0.0100, Buffer: 100000
Episode 430000/500000, Total Reward: 15280, Epsilon: 0.0100, Buffer: 100000
Episode 431000/500000, Total Reward: 4496, Epsilon: 0.0100, Buffer: 100000
Episode 432000/500000, Total Reward: 5886, Epsilon: 0.0100, Buffer: 100000
Episode 433000/500000, Total Reward: 7614, Epsilon: 0.0100, Buffer: 100000
Episode 434000/500000, Total Reward: 7806, Epsilon: 0.0100, Buffer: 100000
Episode 435000/500000, Total Reward: 5380, Epsilon: 0.0100, Buffer: 100000
Episode 436000/500000, Total Reward: 7702, Epsilon: 0.0100, Buffer: 100000
Episode 437000/500000, Total Reward: 1766, Epsilon: 0.0100, Buffer: 100000
Episode 438000/500000, Total Reward: 7294, Epsilon: 0.0100, Buffer: 100000
Episode 439000/500000, Total Reward: 10553, Epsilon: 0.0100, Buffer: 100000
Episode 440000/500000, Total Reward: 14683, Epsilon: 0.0100, Buffer: 100000
Episode 441000/500000, Total Reward: 22785, Epsilon: 0.0100, Buffer: 100000
Episode 442000/500000, Total Reward: 5529, Epsilon: 0.0100, Buffer: 100000
Episode 443000/500000, Total Reward: 7511, Epsilon: 0.0100, Buffer: 100000
Episode 444000/500000, Total Reward: 26471, Epsilon: 0.0100, Buffer: 100000
Episode 445000/500000, Total Reward: 14878, Epsilon: 0.0100, Buffer: 100000
Episode 446000/500000, Total Reward: 15335, Epsilon: 0.0100, Buffer: 100000
Episode 447000/500000, Total Reward: 17768, Epsilon: 0.0100, Buffer: 100000
Episode 448000/500000, Total Reward: 16079, Epsilon: 0.0100, Buffer: 100000
Episode 449000/500000, Total Reward: 2755, Epsilon: 0.0100, Buffer: 100000
Episode 450000/500000, Total Reward: 4852, Epsilon: 0.0100, Buffer: 100000
Episode 451000/500000, Total Reward: -483, Epsilon: 0.0100, Buffer: 100000
Episode 452000/500000, Total Reward: -8980, Epsilon: 0.0100, Buffer: 100000
Episode 453000/500000, Total Reward: 9918, Epsilon: 0.0100, Buffer: 100000
Episode 454000/500000, Total Reward: 23932, Epsilon: 0.0100, Buffer: 100000
Episode 455000/500000, Total Reward: -535, Epsilon: 0.0100, Buffer: 100000
Episode 456000/500000, Total Reward: -1228, Epsilon: 0.0100, Buffer: 100000
Episode 457000/500000, Total Reward: 14978, Epsilon: 0.0100, Buffer: 100000
Episode 458000/500000, Total Reward: 10636, Epsilon: 0.0100, Buffer: 100000
Episode 459000/500000, Total Reward: 10412, Epsilon: 0.0100, Buffer: 100000
Episode 460000/500000, Total Reward: 9060, Epsilon: 0.0100, Buffer: 100000
Episode 461000/500000, Total Reward: 3589, Epsilon: 0.0100, Buffer: 100000
Episode 462000/500000, Total Reward: 16559, Epsilon: 0.0100, Buffer: 100000
Episode 463000/500000, Total Reward: 10900, Epsilon: 0.0100, Buffer: 100000
Episode 464000/500000, Total Reward: 13666, Epsilon: 0.0100, Buffer: 100000
Episode 465000/500000, Total Reward: 5394, Epsilon: 0.0100, Buffer: 100000
Episode 466000/500000, Total Reward: 3516, Epsilon: 0.0100, Buffer: 100000
Episode 467000/500000, Total Reward: 957, Epsilon: 0.0100, Buffer: 100000
Episode 468000/500000, Total Reward: 11144, Epsilon: 0.0100, Buffer: 100000
Episode 469000/500000, Total Reward: 8746, Epsilon: 0.0100, Buffer: 100000
Episode 470000/500000, Total Reward: 13993, Epsilon: 0.0100, Buffer: 100000
Episode 471000/500000, Total Reward: 6578, Epsilon: 0.0100, Buffer: 100000
Episode 472000/500000, Total Reward: 12186, Epsilon: 0.0100, Buffer: 100000
Episode 473000/500000, Total Reward: 17839, Epsilon: 0.0100, Buffer: 100000
Episode 474000/500000, Total Reward: 17977, Epsilon: 0.0100, Buffer: 100000
Episode 475000/500000, Total Reward: -393, Epsilon: 0.0100, Buffer: 100000
Episode 476000/500000, Total Reward: 4807, Epsilon: 0.0100, Buffer: 100000
Episode 477000/500000, Total Reward: 10618, Epsilon: 0.0100, Buffer: 100000
Episode 478000/500000, Total Reward: 7226, Epsilon: 0.0100, Buffer: 100000
Episode 479000/500000, Total Reward: 8677, Epsilon: 0.0100, Buffer: 100000
Episode 480000/500000, Total Reward: 11821, Epsilon: 0.0100, Buffer: 100000
Episode 481000/500000, Total Reward: 3341, Epsilon: 0.0100, Buffer: 100000
Episode 482000/500000, Total Reward: -1231, Epsilon: 0.0100, Buffer: 100000
Episode 483000/500000, Total Reward: 19642, Epsilon: 0.0100, Buffer: 100000
Episode 484000/500000, Total Reward: -810, Epsilon: 0.0100, Buffer: 100000
Episode 485000/500000, Total Reward: 16988, Epsilon: 0.0100, Buffer: 100000
Episode 486000/500000, Total Reward: 14459, Epsilon: 0.0100, Buffer: 100000
Episode 487000/500000, Total Reward: 451, Epsilon: 0.0100, Buffer: 100000
Episode 488000/500000, Total Reward: 13004, Epsilon: 0.0100, Buffer: 100000
Episode 489000/500000, Total Reward: 5577, Epsilon: 0.0100, Buffer: 100000
Episode 490000/500000, Total Reward: 4446, Epsilon: 0.0100, Buffer: 100000
Episode 491000/500000, Total Reward: 7489, Epsilon: 0.0100, Buffer: 100000
Episode 492000/500000, Total Reward: 2320, Epsilon: 0.0100, Buffer: 100000
Episode 493000/500000, Total Reward: 11396, Epsilon: 0.0100, Buffer: 100000
Episode 494000/500000, Total Reward: 18499, Epsilon: 0.0100, Buffer: 100000
Episode 495000/500000, Total Reward: 14564, Epsilon: 0.0100, Buffer: 100000
Episode 496000/500000, Total Reward: 5665, Epsilon: 0.0100, Buffer: 100000
Episode 497000/500000, Total Reward: 17733, Epsilon: 0.0100, Buffer: 100000
Episode 498000/500000, Total Reward: 8286, Epsilon: 0.0100, Buffer: 100000
Episode 499000/500000, Total Reward: 13615, Epsilon: 0.0100, Buffer: 100000
Episode 500000/500000, Total Reward: 1450, Epsilon: 0.0100, Buffer: 100000
Extracting Q-table from DQN for compatibility...
Saved DQN model to outputs/DQN_UB_500k_run5_model.pth
Saved Q-table (for compatibility) to outputs/DQN_UB_500k_run5.pkl

Learned DQN Q-table (sample):
State: (0, 0, 9, 0)
  Action: keep, Q-value: 2036.80
  Action: replace, Q-value: 11.74
State: (1, 1, 0, 0)
  Action: keep, Q-value: 1060.80
  Action: replace, Q-value: 8.68
State: (1, 1, 0, 1)
  Action: keep, Q-value: 1062.50
  Action: replace, Q-value: -244.97
State: (1, 2, 0, 0)
  Action: keep, Q-value: 1091.50
  Action: replace, Q-value: 8.51
State: (1, 2, 0, 1)
  Action: keep, Q-value: 648.30
  Action: replace, Q-value: -18.37
State: (1, 3, 0, 0)
  Action: keep, Q-value: 1095.27
  Action: replace, Q-value: 14.83
State: (1, 3, 0, 1)
  Action: keep, Q-value: 580.48
  Action: replace, Q-value: -13.84
State: (1, 4, 0, 0)
  Action: keep, Q-value: 1020.59
  Action: replace, Q-value: 13.22
State: (1, 4, 0, 1)
  Action: keep, Q-value: 543.96
  Action: replace, Q-value: -45.43
State: (1, 4, 1, 0)
  Action: keep, Q-value: 1255.25
  Action: replace, Q-value: 41.10
Total states: 3289

Time taken for training: 118434.45 seconds
Average reward (last 1000 episodes): 8428.15
--- Run ended 2026-02-07 07:47:29 ---
