
--- Run started 2026-02-02 03:08:46 ---

======================================================================
CREATING NEW MODEL
======================================================================

Starting fresh with epsilon: 1.0000
======================================================================

Starting DQN training for 500000 episodes...
Episode 1000/500000, Total Reward: 8221, Epsilon: 0.0100, Buffer: 100000
Episode 2000/500000, Total Reward: 13767, Epsilon: 0.0100, Buffer: 100000
Episode 3000/500000, Total Reward: 12837, Epsilon: 0.0100, Buffer: 100000
Episode 4000/500000, Total Reward: 18371, Epsilon: 0.0100, Buffer: 100000
Episode 5000/500000, Total Reward: 8450, Epsilon: 0.0100, Buffer: 100000
Episode 6000/500000, Total Reward: 11106, Epsilon: 0.0100, Buffer: 100000
Episode 7000/500000, Total Reward: 2657, Epsilon: 0.0100, Buffer: 100000
Episode 8000/500000, Total Reward: 9551, Epsilon: 0.0100, Buffer: 100000
Episode 9000/500000, Total Reward: 10677, Epsilon: 0.0100, Buffer: 100000
Episode 10000/500000, Total Reward: 15866, Epsilon: 0.0100, Buffer: 100000
Episode 11000/500000, Total Reward: 10503, Epsilon: 0.0100, Buffer: 100000
Episode 12000/500000, Total Reward: 7121, Epsilon: 0.0100, Buffer: 100000
Episode 13000/500000, Total Reward: 3704, Epsilon: 0.0100, Buffer: 100000
Episode 14000/500000, Total Reward: 13944, Epsilon: 0.0100, Buffer: 100000
Episode 15000/500000, Total Reward: 13768, Epsilon: 0.0100, Buffer: 100000
Episode 16000/500000, Total Reward: 14024, Epsilon: 0.0100, Buffer: 100000
Episode 17000/500000, Total Reward: -239, Epsilon: 0.0100, Buffer: 100000
Episode 18000/500000, Total Reward: -1083, Epsilon: 0.0100, Buffer: 100000
Episode 19000/500000, Total Reward: 16100, Epsilon: 0.0100, Buffer: 100000
Episode 20000/500000, Total Reward: -6413, Epsilon: 0.0100, Buffer: 100000
Episode 21000/500000, Total Reward: -4306, Epsilon: 0.0100, Buffer: 100000
Episode 22000/500000, Total Reward: 13452, Epsilon: 0.0100, Buffer: 100000
Episode 23000/500000, Total Reward: -4500, Epsilon: 0.0100, Buffer: 100000
Episode 24000/500000, Total Reward: 3784, Epsilon: 0.0100, Buffer: 100000
Episode 25000/500000, Total Reward: 16630, Epsilon: 0.0100, Buffer: 100000
Episode 26000/500000, Total Reward: 6825, Epsilon: 0.0100, Buffer: 100000
Episode 27000/500000, Total Reward: 9263, Epsilon: 0.0100, Buffer: 100000
Episode 28000/500000, Total Reward: 16082, Epsilon: 0.0100, Buffer: 100000
Episode 29000/500000, Total Reward: 15733, Epsilon: 0.0100, Buffer: 100000
Episode 30000/500000, Total Reward: 13460, Epsilon: 0.0100, Buffer: 100000
Episode 31000/500000, Total Reward: 6235, Epsilon: 0.0100, Buffer: 100000
Episode 32000/500000, Total Reward: 20111, Epsilon: 0.0100, Buffer: 100000
Episode 33000/500000, Total Reward: 282, Epsilon: 0.0100, Buffer: 100000
Episode 34000/500000, Total Reward: 24438, Epsilon: 0.0100, Buffer: 100000
Episode 35000/500000, Total Reward: -1104, Epsilon: 0.0100, Buffer: 100000
Episode 36000/500000, Total Reward: 8773, Epsilon: 0.0100, Buffer: 100000
Episode 37000/500000, Total Reward: 11637, Epsilon: 0.0100, Buffer: 100000
Episode 38000/500000, Total Reward: 11871, Epsilon: 0.0100, Buffer: 100000
Episode 39000/500000, Total Reward: 10939, Epsilon: 0.0100, Buffer: 100000
Episode 40000/500000, Total Reward: 4096, Epsilon: 0.0100, Buffer: 100000
Episode 41000/500000, Total Reward: 10457, Epsilon: 0.0100, Buffer: 100000
Episode 42000/500000, Total Reward: 2134, Epsilon: 0.0100, Buffer: 100000
Episode 43000/500000, Total Reward: 123, Epsilon: 0.0100, Buffer: 100000
Episode 44000/500000, Total Reward: 5934, Epsilon: 0.0100, Buffer: 100000
Episode 45000/500000, Total Reward: 5987, Epsilon: 0.0100, Buffer: 100000
Episode 46000/500000, Total Reward: 7980, Epsilon: 0.0100, Buffer: 100000
Episode 47000/500000, Total Reward: 12403, Epsilon: 0.0100, Buffer: 100000
Episode 48000/500000, Total Reward: 12244, Epsilon: 0.0100, Buffer: 100000
Episode 49000/500000, Total Reward: 17064, Epsilon: 0.0100, Buffer: 100000
Episode 50000/500000, Total Reward: 8588, Epsilon: 0.0100, Buffer: 100000
Episode 51000/500000, Total Reward: 16782, Epsilon: 0.0100, Buffer: 100000
Episode 52000/500000, Total Reward: 15378, Epsilon: 0.0100, Buffer: 100000
Episode 53000/500000, Total Reward: 9422, Epsilon: 0.0100, Buffer: 100000
Episode 54000/500000, Total Reward: 20346, Epsilon: 0.0100, Buffer: 100000
Episode 55000/500000, Total Reward: 1891, Epsilon: 0.0100, Buffer: 100000
Episode 56000/500000, Total Reward: 9753, Epsilon: 0.0100, Buffer: 100000
Episode 57000/500000, Total Reward: 6556, Epsilon: 0.0100, Buffer: 100000
Episode 58000/500000, Total Reward: 1782, Epsilon: 0.0100, Buffer: 100000
Episode 59000/500000, Total Reward: -1190, Epsilon: 0.0100, Buffer: 100000
Episode 60000/500000, Total Reward: 16046, Epsilon: 0.0100, Buffer: 100000
Episode 61000/500000, Total Reward: -5319, Epsilon: 0.0100, Buffer: 100000
Episode 62000/500000, Total Reward: 3773, Epsilon: 0.0100, Buffer: 100000
Episode 63000/500000, Total Reward: 14925, Epsilon: 0.0100, Buffer: 100000
Episode 64000/500000, Total Reward: 62, Epsilon: 0.0100, Buffer: 100000
Episode 65000/500000, Total Reward: 3807, Epsilon: 0.0100, Buffer: 100000
Episode 66000/500000, Total Reward: 14821, Epsilon: 0.0100, Buffer: 100000
Episode 67000/500000, Total Reward: 14377, Epsilon: 0.0100, Buffer: 100000
Episode 68000/500000, Total Reward: 9234, Epsilon: 0.0100, Buffer: 100000
Episode 69000/500000, Total Reward: 6914, Epsilon: 0.0100, Buffer: 100000
Episode 70000/500000, Total Reward: -4827, Epsilon: 0.0100, Buffer: 100000
Episode 71000/500000, Total Reward: 9050, Epsilon: 0.0100, Buffer: 100000
Episode 72000/500000, Total Reward: 13522, Epsilon: 0.0100, Buffer: 100000
Episode 73000/500000, Total Reward: 18840, Epsilon: 0.0100, Buffer: 100000
Episode 74000/500000, Total Reward: 22284, Epsilon: 0.0100, Buffer: 100000
Episode 75000/500000, Total Reward: 20079, Epsilon: 0.0100, Buffer: 100000
Episode 76000/500000, Total Reward: 2101, Epsilon: 0.0100, Buffer: 100000
Episode 77000/500000, Total Reward: 6972, Epsilon: 0.0100, Buffer: 100000
Episode 78000/500000, Total Reward: 10919, Epsilon: 0.0100, Buffer: 100000
Episode 79000/500000, Total Reward: -1242, Epsilon: 0.0100, Buffer: 100000
Episode 80000/500000, Total Reward: 6333, Epsilon: 0.0100, Buffer: 100000
Episode 81000/500000, Total Reward: 11037, Epsilon: 0.0100, Buffer: 100000
Episode 82000/500000, Total Reward: 14387, Epsilon: 0.0100, Buffer: 100000
Episode 83000/500000, Total Reward: 10391, Epsilon: 0.0100, Buffer: 100000
Episode 84000/500000, Total Reward: 13752, Epsilon: 0.0100, Buffer: 100000
Episode 85000/500000, Total Reward: 14269, Epsilon: 0.0100, Buffer: 100000
Episode 86000/500000, Total Reward: -2134, Epsilon: 0.0100, Buffer: 100000
Episode 87000/500000, Total Reward: 15590, Epsilon: 0.0100, Buffer: 100000
Episode 88000/500000, Total Reward: -3325, Epsilon: 0.0100, Buffer: 100000
Episode 89000/500000, Total Reward: 5644, Epsilon: 0.0100, Buffer: 100000
Episode 90000/500000, Total Reward: 6453, Epsilon: 0.0100, Buffer: 100000
Episode 91000/500000, Total Reward: 12985, Epsilon: 0.0100, Buffer: 100000
Episode 92000/500000, Total Reward: 15060, Epsilon: 0.0100, Buffer: 100000
Episode 93000/500000, Total Reward: 15111, Epsilon: 0.0100, Buffer: 100000
Episode 94000/500000, Total Reward: 16329, Epsilon: 0.0100, Buffer: 100000
Episode 95000/500000, Total Reward: 18782, Epsilon: 0.0100, Buffer: 100000
Episode 96000/500000, Total Reward: 12936, Epsilon: 0.0100, Buffer: 100000
Episode 97000/500000, Total Reward: 8017, Epsilon: 0.0100, Buffer: 100000
Episode 98000/500000, Total Reward: 9711, Epsilon: 0.0100, Buffer: 100000
Episode 99000/500000, Total Reward: 8092, Epsilon: 0.0100, Buffer: 100000
Episode 100000/500000, Total Reward: 886, Epsilon: 0.0100, Buffer: 100000
Episode 101000/500000, Total Reward: -1106, Epsilon: 0.0100, Buffer: 100000
Episode 102000/500000, Total Reward: 5252, Epsilon: 0.0100, Buffer: 100000
Episode 103000/500000, Total Reward: 2602, Epsilon: 0.0100, Buffer: 100000
Episode 104000/500000, Total Reward: 11206, Epsilon: 0.0100, Buffer: 100000
Episode 105000/500000, Total Reward: -2403, Epsilon: 0.0100, Buffer: 100000
Episode 106000/500000, Total Reward: -239, Epsilon: 0.0100, Buffer: 100000
Episode 107000/500000, Total Reward: 9454, Epsilon: 0.0100, Buffer: 100000
Episode 108000/500000, Total Reward: -6098, Epsilon: 0.0100, Buffer: 100000
Episode 109000/500000, Total Reward: 9414, Epsilon: 0.0100, Buffer: 100000
Episode 110000/500000, Total Reward: 8901, Epsilon: 0.0100, Buffer: 100000
Episode 111000/500000, Total Reward: 11118, Epsilon: 0.0100, Buffer: 100000
Episode 112000/500000, Total Reward: 10510, Epsilon: 0.0100, Buffer: 100000
Episode 113000/500000, Total Reward: 18922, Epsilon: 0.0100, Buffer: 100000
Episode 114000/500000, Total Reward: 8259, Epsilon: 0.0100, Buffer: 100000
Episode 115000/500000, Total Reward: 14192, Epsilon: 0.0100, Buffer: 100000
Episode 116000/500000, Total Reward: 6808, Epsilon: 0.0100, Buffer: 100000
Episode 117000/500000, Total Reward: 14313, Epsilon: 0.0100, Buffer: 100000
Episode 118000/500000, Total Reward: 4563, Epsilon: 0.0100, Buffer: 100000
Episode 119000/500000, Total Reward: 10839, Epsilon: 0.0100, Buffer: 100000
Episode 120000/500000, Total Reward: 6764, Epsilon: 0.0100, Buffer: 100000
Episode 121000/500000, Total Reward: 2727, Epsilon: 0.0100, Buffer: 100000
Episode 122000/500000, Total Reward: 16075, Epsilon: 0.0100, Buffer: 100000
Episode 123000/500000, Total Reward: 5719, Epsilon: 0.0100, Buffer: 100000
Episode 124000/500000, Total Reward: 18645, Epsilon: 0.0100, Buffer: 100000
Episode 125000/500000, Total Reward: 13848, Epsilon: 0.0100, Buffer: 100000
Episode 126000/500000, Total Reward: 16070, Epsilon: 0.0100, Buffer: 100000
Episode 127000/500000, Total Reward: 13335, Epsilon: 0.0100, Buffer: 100000
Episode 128000/500000, Total Reward: 17237, Epsilon: 0.0100, Buffer: 100000
Episode 129000/500000, Total Reward: 21330, Epsilon: 0.0100, Buffer: 100000
Episode 130000/500000, Total Reward: 7576, Epsilon: 0.0100, Buffer: 100000
Episode 131000/500000, Total Reward: -1806, Epsilon: 0.0100, Buffer: 100000
Episode 132000/500000, Total Reward: 6366, Epsilon: 0.0100, Buffer: 100000
Episode 133000/500000, Total Reward: 14524, Epsilon: 0.0100, Buffer: 100000
Episode 134000/500000, Total Reward: 6782, Epsilon: 0.0100, Buffer: 100000
Episode 135000/500000, Total Reward: -2180, Epsilon: 0.0100, Buffer: 100000
Episode 136000/500000, Total Reward: 13470, Epsilon: 0.0100, Buffer: 100000
Episode 137000/500000, Total Reward: 17885, Epsilon: 0.0100, Buffer: 100000
Episode 138000/500000, Total Reward: 8701, Epsilon: 0.0100, Buffer: 100000
Episode 139000/500000, Total Reward: 4531, Epsilon: 0.0100, Buffer: 100000
Episode 140000/500000, Total Reward: 12527, Epsilon: 0.0100, Buffer: 100000
Episode 141000/500000, Total Reward: 10761, Epsilon: 0.0100, Buffer: 100000
Episode 142000/500000, Total Reward: 7576, Epsilon: 0.0100, Buffer: 100000
Episode 143000/500000, Total Reward: 6332, Epsilon: 0.0100, Buffer: 100000
Episode 144000/500000, Total Reward: 7317, Epsilon: 0.0100, Buffer: 100000
Episode 145000/500000, Total Reward: -494, Epsilon: 0.0100, Buffer: 100000
Episode 146000/500000, Total Reward: 13606, Epsilon: 0.0100, Buffer: 100000
Episode 147000/500000, Total Reward: -603, Epsilon: 0.0100, Buffer: 100000
Episode 148000/500000, Total Reward: 6491, Epsilon: 0.0100, Buffer: 100000
Episode 149000/500000, Total Reward: 18591, Epsilon: 0.0100, Buffer: 100000
Episode 150000/500000, Total Reward: 6670, Epsilon: 0.0100, Buffer: 100000
Episode 151000/500000, Total Reward: 3815, Epsilon: 0.0100, Buffer: 100000
Episode 152000/500000, Total Reward: 990, Epsilon: 0.0100, Buffer: 100000
Episode 153000/500000, Total Reward: 1094, Epsilon: 0.0100, Buffer: 100000
Episode 154000/500000, Total Reward: 4503, Epsilon: 0.0100, Buffer: 100000
Episode 155000/500000, Total Reward: 5258, Epsilon: 0.0100, Buffer: 100000
Episode 156000/500000, Total Reward: 1339, Epsilon: 0.0100, Buffer: 100000
Episode 157000/500000, Total Reward: 18486, Epsilon: 0.0100, Buffer: 100000
Episode 158000/500000, Total Reward: 10092, Epsilon: 0.0100, Buffer: 100000
Episode 159000/500000, Total Reward: 8473, Epsilon: 0.0100, Buffer: 100000
Episode 160000/500000, Total Reward: 5582, Epsilon: 0.0100, Buffer: 100000
Episode 161000/500000, Total Reward: 13100, Epsilon: 0.0100, Buffer: 100000
Episode 162000/500000, Total Reward: 18934, Epsilon: 0.0100, Buffer: 100000
Episode 163000/500000, Total Reward: 3364, Epsilon: 0.0100, Buffer: 100000
Episode 164000/500000, Total Reward: 18885, Epsilon: 0.0100, Buffer: 100000
Episode 165000/500000, Total Reward: 5635, Epsilon: 0.0100, Buffer: 100000
Episode 166000/500000, Total Reward: 18221, Epsilon: 0.0100, Buffer: 100000
Episode 167000/500000, Total Reward: 7534, Epsilon: 0.0100, Buffer: 100000
Episode 168000/500000, Total Reward: 6156, Epsilon: 0.0100, Buffer: 100000
Episode 169000/500000, Total Reward: 15063, Epsilon: 0.0100, Buffer: 100000
Episode 170000/500000, Total Reward: 21498, Epsilon: 0.0100, Buffer: 100000
Episode 171000/500000, Total Reward: 4198, Epsilon: 0.0100, Buffer: 100000
Episode 172000/500000, Total Reward: 11070, Epsilon: 0.0100, Buffer: 100000
Episode 173000/500000, Total Reward: 13469, Epsilon: 0.0100, Buffer: 100000
Episode 174000/500000, Total Reward: 9670, Epsilon: 0.0100, Buffer: 100000
Episode 175000/500000, Total Reward: -3227, Epsilon: 0.0100, Buffer: 100000
Episode 176000/500000, Total Reward: 15114, Epsilon: 0.0100, Buffer: 100000
Episode 177000/500000, Total Reward: 3179, Epsilon: 0.0100, Buffer: 100000
Episode 178000/500000, Total Reward: 14719, Epsilon: 0.0100, Buffer: 100000
Episode 179000/500000, Total Reward: 636, Epsilon: 0.0100, Buffer: 100000
Episode 180000/500000, Total Reward: -5434, Epsilon: 0.0100, Buffer: 100000
Episode 181000/500000, Total Reward: 1369, Epsilon: 0.0100, Buffer: 100000
Episode 182000/500000, Total Reward: 14824, Epsilon: 0.0100, Buffer: 100000
Episode 183000/500000, Total Reward: 11601, Epsilon: 0.0100, Buffer: 100000
Episode 184000/500000, Total Reward: 17525, Epsilon: 0.0100, Buffer: 100000
Episode 185000/500000, Total Reward: 9505, Epsilon: 0.0100, Buffer: 100000
Episode 186000/500000, Total Reward: 8780, Epsilon: 0.0100, Buffer: 100000
Episode 187000/500000, Total Reward: 14383, Epsilon: 0.0100, Buffer: 100000
Episode 188000/500000, Total Reward: 92, Epsilon: 0.0100, Buffer: 100000
Episode 189000/500000, Total Reward: 21433, Epsilon: 0.0100, Buffer: 100000
Episode 190000/500000, Total Reward: 14722, Epsilon: 0.0100, Buffer: 100000
Episode 191000/500000, Total Reward: 9063, Epsilon: 0.0100, Buffer: 100000
Episode 192000/500000, Total Reward: 11291, Epsilon: 0.0100, Buffer: 100000
Episode 193000/500000, Total Reward: 6670, Epsilon: 0.0100, Buffer: 100000
Episode 194000/500000, Total Reward: 15039, Epsilon: 0.0100, Buffer: 100000
Episode 195000/500000, Total Reward: 2748, Epsilon: 0.0100, Buffer: 100000
Episode 196000/500000, Total Reward: -5628, Epsilon: 0.0100, Buffer: 100000
Episode 197000/500000, Total Reward: 8922, Epsilon: 0.0100, Buffer: 100000
Episode 198000/500000, Total Reward: 5810, Epsilon: 0.0100, Buffer: 100000
Episode 199000/500000, Total Reward: 14, Epsilon: 0.0100, Buffer: 100000
Episode 200000/500000, Total Reward: 6832, Epsilon: 0.0100, Buffer: 100000
Episode 201000/500000, Total Reward: 3068, Epsilon: 0.0100, Buffer: 100000
Episode 202000/500000, Total Reward: 7767, Epsilon: 0.0100, Buffer: 100000
Episode 203000/500000, Total Reward: 14412, Epsilon: 0.0100, Buffer: 100000
Episode 204000/500000, Total Reward: -1881, Epsilon: 0.0100, Buffer: 100000
Episode 205000/500000, Total Reward: 15791, Epsilon: 0.0100, Buffer: 100000
Episode 206000/500000, Total Reward: 6906, Epsilon: 0.0100, Buffer: 100000
Episode 207000/500000, Total Reward: 19491, Epsilon: 0.0100, Buffer: 100000
Episode 208000/500000, Total Reward: 1191, Epsilon: 0.0100, Buffer: 100000
Episode 209000/500000, Total Reward: 14800, Epsilon: 0.0100, Buffer: 100000
Episode 210000/500000, Total Reward: 18470, Epsilon: 0.0100, Buffer: 100000
Episode 211000/500000, Total Reward: 13081, Epsilon: 0.0100, Buffer: 100000
Episode 212000/500000, Total Reward: 14448, Epsilon: 0.0100, Buffer: 100000
Episode 213000/500000, Total Reward: 7362, Epsilon: 0.0100, Buffer: 100000
Episode 214000/500000, Total Reward: 5413, Epsilon: 0.0100, Buffer: 100000
Episode 215000/500000, Total Reward: 10811, Epsilon: 0.0100, Buffer: 100000
Episode 216000/500000, Total Reward: 7573, Epsilon: 0.0100, Buffer: 100000
Episode 217000/500000, Total Reward: 13782, Epsilon: 0.0100, Buffer: 100000
Episode 218000/500000, Total Reward: 9073, Epsilon: 0.0100, Buffer: 100000
Episode 219000/500000, Total Reward: 14360, Epsilon: 0.0100, Buffer: 100000
Episode 220000/500000, Total Reward: 6948, Epsilon: 0.0100, Buffer: 100000
Episode 221000/500000, Total Reward: 10523, Epsilon: 0.0100, Buffer: 100000
Episode 222000/500000, Total Reward: 4075, Epsilon: 0.0100, Buffer: 100000
Episode 223000/500000, Total Reward: 559, Epsilon: 0.0100, Buffer: 100000
Episode 224000/500000, Total Reward: 12385, Epsilon: 0.0100, Buffer: 100000
Episode 225000/500000, Total Reward: 9991, Epsilon: 0.0100, Buffer: 100000
Episode 226000/500000, Total Reward: 18177, Epsilon: 0.0100, Buffer: 100000
Episode 227000/500000, Total Reward: -726, Epsilon: 0.0100, Buffer: 100000
Episode 228000/500000, Total Reward: 19777, Epsilon: 0.0100, Buffer: 100000
Episode 229000/500000, Total Reward: -4173, Epsilon: 0.0100, Buffer: 100000
Episode 230000/500000, Total Reward: 10381, Epsilon: 0.0100, Buffer: 100000
Episode 231000/500000, Total Reward: 17135, Epsilon: 0.0100, Buffer: 100000
Episode 232000/500000, Total Reward: 6560, Epsilon: 0.0100, Buffer: 100000
Episode 233000/500000, Total Reward: 6319, Epsilon: 0.0100, Buffer: 100000
Episode 234000/500000, Total Reward: 6367, Epsilon: 0.0100, Buffer: 100000
Episode 235000/500000, Total Reward: 4149, Epsilon: 0.0100, Buffer: 100000
Episode 236000/500000, Total Reward: 3576, Epsilon: 0.0100, Buffer: 100000
Episode 237000/500000, Total Reward: 20064, Epsilon: 0.0100, Buffer: 100000
Episode 238000/500000, Total Reward: 21395, Epsilon: 0.0100, Buffer: 100000
Episode 239000/500000, Total Reward: 9233, Epsilon: 0.0100, Buffer: 100000
Episode 240000/500000, Total Reward: 12963, Epsilon: 0.0100, Buffer: 100000
Episode 241000/500000, Total Reward: 5098, Epsilon: 0.0100, Buffer: 100000
Episode 242000/500000, Total Reward: 2036, Epsilon: 0.0100, Buffer: 100000
Episode 243000/500000, Total Reward: 17319, Epsilon: 0.0100, Buffer: 100000
Episode 244000/500000, Total Reward: 22637, Epsilon: 0.0100, Buffer: 100000
Episode 245000/500000, Total Reward: -7348, Epsilon: 0.0100, Buffer: 100000
Episode 246000/500000, Total Reward: 4798, Epsilon: 0.0100, Buffer: 100000
Episode 247000/500000, Total Reward: 4910, Epsilon: 0.0100, Buffer: 100000
Episode 248000/500000, Total Reward: 11280, Epsilon: 0.0100, Buffer: 100000
Episode 249000/500000, Total Reward: 165, Epsilon: 0.0100, Buffer: 100000
Episode 250000/500000, Total Reward: 9274, Epsilon: 0.0100, Buffer: 100000
Episode 251000/500000, Total Reward: 7250, Epsilon: 0.0100, Buffer: 100000
Episode 252000/500000, Total Reward: 6141, Epsilon: 0.0100, Buffer: 100000
Episode 253000/500000, Total Reward: 11369, Epsilon: 0.0100, Buffer: 100000
Episode 254000/500000, Total Reward: 4094, Epsilon: 0.0100, Buffer: 100000
Episode 255000/500000, Total Reward: 8703, Epsilon: 0.0100, Buffer: 100000
Episode 256000/500000, Total Reward: 7491, Epsilon: 0.0100, Buffer: 100000
Episode 257000/500000, Total Reward: 14288, Epsilon: 0.0100, Buffer: 100000
Episode 258000/500000, Total Reward: 17871, Epsilon: 0.0100, Buffer: 100000
Episode 259000/500000, Total Reward: 9424, Epsilon: 0.0100, Buffer: 100000
Episode 260000/500000, Total Reward: 9261, Epsilon: 0.0100, Buffer: 100000
Episode 261000/500000, Total Reward: -1748, Epsilon: 0.0100, Buffer: 100000
Episode 262000/500000, Total Reward: 11298, Epsilon: 0.0100, Buffer: 100000
Episode 263000/500000, Total Reward: 9272, Epsilon: 0.0100, Buffer: 100000
Episode 264000/500000, Total Reward: 8677, Epsilon: 0.0100, Buffer: 100000
Episode 265000/500000, Total Reward: 4520, Epsilon: 0.0100, Buffer: 100000
Episode 266000/500000, Total Reward: -7389, Epsilon: 0.0100, Buffer: 100000
Episode 267000/500000, Total Reward: 15916, Epsilon: 0.0100, Buffer: 100000
Episode 268000/500000, Total Reward: 19129, Epsilon: 0.0100, Buffer: 100000
Episode 269000/500000, Total Reward: 4168, Epsilon: 0.0100, Buffer: 100000
Episode 270000/500000, Total Reward: 10317, Epsilon: 0.0100, Buffer: 100000
Episode 271000/500000, Total Reward: -8356, Epsilon: 0.0100, Buffer: 100000
Episode 272000/500000, Total Reward: -3471, Epsilon: 0.0100, Buffer: 100000
Episode 273000/500000, Total Reward: -211, Epsilon: 0.0100, Buffer: 100000
Episode 274000/500000, Total Reward: 5765, Epsilon: 0.0100, Buffer: 100000
Episode 275000/500000, Total Reward: 13603, Epsilon: 0.0100, Buffer: 100000
Episode 276000/500000, Total Reward: 11636, Epsilon: 0.0100, Buffer: 100000
Episode 277000/500000, Total Reward: 23037, Epsilon: 0.0100, Buffer: 100000
Episode 278000/500000, Total Reward: 16360, Epsilon: 0.0100, Buffer: 100000
Episode 279000/500000, Total Reward: -1216, Epsilon: 0.0100, Buffer: 100000
Episode 280000/500000, Total Reward: 16258, Epsilon: 0.0100, Buffer: 100000
Episode 281000/500000, Total Reward: 15619, Epsilon: 0.0100, Buffer: 100000
Episode 282000/500000, Total Reward: 11214, Epsilon: 0.0100, Buffer: 100000
Episode 283000/500000, Total Reward: 9669, Epsilon: 0.0100, Buffer: 100000
Episode 284000/500000, Total Reward: 11456, Epsilon: 0.0100, Buffer: 100000
Episode 285000/500000, Total Reward: 2065, Epsilon: 0.0100, Buffer: 100000
Episode 286000/500000, Total Reward: 9873, Epsilon: 0.0100, Buffer: 100000
Episode 287000/500000, Total Reward: 21401, Epsilon: 0.0100, Buffer: 100000
Episode 288000/500000, Total Reward: 2078, Epsilon: 0.0100, Buffer: 100000
Episode 289000/500000, Total Reward: 12096, Epsilon: 0.0100, Buffer: 100000
Episode 290000/500000, Total Reward: -7330, Epsilon: 0.0100, Buffer: 100000
Episode 291000/500000, Total Reward: 11178, Epsilon: 0.0100, Buffer: 100000
Episode 292000/500000, Total Reward: 20063, Epsilon: 0.0100, Buffer: 100000
Episode 293000/500000, Total Reward: 14466, Epsilon: 0.0100, Buffer: 100000
Episode 294000/500000, Total Reward: 14300, Epsilon: 0.0100, Buffer: 100000
Episode 295000/500000, Total Reward: 8828, Epsilon: 0.0100, Buffer: 100000
Episode 296000/500000, Total Reward: 19229, Epsilon: 0.0100, Buffer: 100000
Episode 297000/500000, Total Reward: 15847, Epsilon: 0.0100, Buffer: 100000
Episode 298000/500000, Total Reward: 1019, Epsilon: 0.0100, Buffer: 100000
Episode 299000/500000, Total Reward: -8077, Epsilon: 0.0100, Buffer: 100000
Episode 300000/500000, Total Reward: 14470, Epsilon: 0.0100, Buffer: 100000
Episode 301000/500000, Total Reward: 12451, Epsilon: 0.0100, Buffer: 100000
Episode 302000/500000, Total Reward: 13967, Epsilon: 0.0100, Buffer: 100000
Episode 303000/500000, Total Reward: 5447, Epsilon: 0.0100, Buffer: 100000
Episode 304000/500000, Total Reward: 18415, Epsilon: 0.0100, Buffer: 100000
Episode 305000/500000, Total Reward: 1369, Epsilon: 0.0100, Buffer: 100000
Episode 306000/500000, Total Reward: 12731, Epsilon: 0.0100, Buffer: 100000
Episode 307000/500000, Total Reward: 14567, Epsilon: 0.0100, Buffer: 100000
Episode 308000/500000, Total Reward: -1017, Epsilon: 0.0100, Buffer: 100000
Episode 309000/500000, Total Reward: 20135, Epsilon: 0.0100, Buffer: 100000
Episode 310000/500000, Total Reward: 8102, Epsilon: 0.0100, Buffer: 100000
Episode 311000/500000, Total Reward: 12719, Epsilon: 0.0100, Buffer: 100000
Episode 312000/500000, Total Reward: 12527, Epsilon: 0.0100, Buffer: 100000
Episode 313000/500000, Total Reward: 4640, Epsilon: 0.0100, Buffer: 100000
Episode 314000/500000, Total Reward: -4528, Epsilon: 0.0100, Buffer: 100000
Episode 315000/500000, Total Reward: -4846, Epsilon: 0.0100, Buffer: 100000
Episode 316000/500000, Total Reward: 4949, Epsilon: 0.0100, Buffer: 100000
Episode 317000/500000, Total Reward: 11961, Epsilon: 0.0100, Buffer: 100000
Episode 318000/500000, Total Reward: 9891, Epsilon: 0.0100, Buffer: 100000
Episode 319000/500000, Total Reward: 11955, Epsilon: 0.0100, Buffer: 100000
Episode 320000/500000, Total Reward: 5645, Epsilon: 0.0100, Buffer: 100000
Episode 321000/500000, Total Reward: 5469, Epsilon: 0.0100, Buffer: 100000
Episode 322000/500000, Total Reward: 21178, Epsilon: 0.0100, Buffer: 100000
Episode 323000/500000, Total Reward: 7675, Epsilon: 0.0100, Buffer: 100000
Episode 324000/500000, Total Reward: -1417, Epsilon: 0.0100, Buffer: 100000
Episode 325000/500000, Total Reward: 115, Epsilon: 0.0100, Buffer: 100000
Episode 326000/500000, Total Reward: 3725, Epsilon: 0.0100, Buffer: 100000
Episode 327000/500000, Total Reward: 4771, Epsilon: 0.0100, Buffer: 100000
Episode 328000/500000, Total Reward: 11677, Epsilon: 0.0100, Buffer: 100000
Episode 329000/500000, Total Reward: -4469, Epsilon: 0.0100, Buffer: 100000
Episode 330000/500000, Total Reward: 7443, Epsilon: 0.0100, Buffer: 100000
Episode 331000/500000, Total Reward: 3894, Epsilon: 0.0100, Buffer: 100000
Episode 332000/500000, Total Reward: 19053, Epsilon: 0.0100, Buffer: 100000
Episode 333000/500000, Total Reward: 10559, Epsilon: 0.0100, Buffer: 100000
Episode 334000/500000, Total Reward: 12087, Epsilon: 0.0100, Buffer: 100000
Episode 335000/500000, Total Reward: 10502, Epsilon: 0.0100, Buffer: 100000
Episode 336000/500000, Total Reward: 13424, Epsilon: 0.0100, Buffer: 100000
Episode 337000/500000, Total Reward: 7263, Epsilon: 0.0100, Buffer: 100000
Episode 338000/500000, Total Reward: 3843, Epsilon: 0.0100, Buffer: 100000
Episode 339000/500000, Total Reward: 356, Epsilon: 0.0100, Buffer: 100000
Episode 340000/500000, Total Reward: 8849, Epsilon: 0.0100, Buffer: 100000
Episode 341000/500000, Total Reward: 9295, Epsilon: 0.0100, Buffer: 100000
Episode 342000/500000, Total Reward: 11131, Epsilon: 0.0100, Buffer: 100000
Episode 343000/500000, Total Reward: 3846, Epsilon: 0.0100, Buffer: 100000
Episode 344000/500000, Total Reward: 12775, Epsilon: 0.0100, Buffer: 100000
Episode 345000/500000, Total Reward: -1021, Epsilon: 0.0100, Buffer: 100000
Episode 346000/500000, Total Reward: 16121, Epsilon: 0.0100, Buffer: 100000
Episode 347000/500000, Total Reward: 17273, Epsilon: 0.0100, Buffer: 100000
Episode 348000/500000, Total Reward: 15773, Epsilon: 0.0100, Buffer: 100000
Episode 349000/500000, Total Reward: 7333, Epsilon: 0.0100, Buffer: 100000
Episode 350000/500000, Total Reward: -9348, Epsilon: 0.0100, Buffer: 100000
Episode 351000/500000, Total Reward: 3708, Epsilon: 0.0100, Buffer: 100000
Episode 352000/500000, Total Reward: -715, Epsilon: 0.0100, Buffer: 100000
Episode 353000/500000, Total Reward: 19825, Epsilon: 0.0100, Buffer: 100000
Episode 354000/500000, Total Reward: 6320, Epsilon: 0.0100, Buffer: 100000
Episode 355000/500000, Total Reward: 5057, Epsilon: 0.0100, Buffer: 100000
Episode 356000/500000, Total Reward: 9341, Epsilon: 0.0100, Buffer: 100000
Episode 357000/500000, Total Reward: 8249, Epsilon: 0.0100, Buffer: 100000
Episode 358000/500000, Total Reward: 18077, Epsilon: 0.0100, Buffer: 100000
Episode 359000/500000, Total Reward: -2042, Epsilon: 0.0100, Buffer: 100000
Episode 360000/500000, Total Reward: -2896, Epsilon: 0.0100, Buffer: 100000
Episode 361000/500000, Total Reward: 12892, Epsilon: 0.0100, Buffer: 100000
Episode 362000/500000, Total Reward: 3289, Epsilon: 0.0100, Buffer: 100000
Episode 363000/500000, Total Reward: -1115, Epsilon: 0.0100, Buffer: 100000
Episode 364000/500000, Total Reward: 5428, Epsilon: 0.0100, Buffer: 100000
Episode 365000/500000, Total Reward: 3076, Epsilon: 0.0100, Buffer: 100000
Episode 366000/500000, Total Reward: 18874, Epsilon: 0.0100, Buffer: 100000
Episode 367000/500000, Total Reward: 12133, Epsilon: 0.0100, Buffer: 100000
Episode 368000/500000, Total Reward: 1008, Epsilon: 0.0100, Buffer: 100000
Episode 369000/500000, Total Reward: 6639, Epsilon: 0.0100, Buffer: 100000
Episode 370000/500000, Total Reward: 9347, Epsilon: 0.0100, Buffer: 100000
Episode 371000/500000, Total Reward: 4684, Epsilon: 0.0100, Buffer: 100000
Episode 372000/500000, Total Reward: 14518, Epsilon: 0.0100, Buffer: 100000
Episode 373000/500000, Total Reward: 9104, Epsilon: 0.0100, Buffer: 100000
Episode 374000/500000, Total Reward: 19533, Epsilon: 0.0100, Buffer: 100000
Episode 375000/500000, Total Reward: 8191, Epsilon: 0.0100, Buffer: 100000
Episode 376000/500000, Total Reward: 17555, Epsilon: 0.0100, Buffer: 100000
Episode 377000/500000, Total Reward: -2313, Epsilon: 0.0100, Buffer: 100000
Episode 378000/500000, Total Reward: -2566, Epsilon: 0.0100, Buffer: 100000
Episode 379000/500000, Total Reward: -344, Epsilon: 0.0100, Buffer: 100000
Episode 380000/500000, Total Reward: 11304, Epsilon: 0.0100, Buffer: 100000
Episode 381000/500000, Total Reward: 3886, Epsilon: 0.0100, Buffer: 100000
Episode 382000/500000, Total Reward: 16865, Epsilon: 0.0100, Buffer: 100000
Episode 383000/500000, Total Reward: 9475, Epsilon: 0.0100, Buffer: 100000
Episode 384000/500000, Total Reward: 18566, Epsilon: 0.0100, Buffer: 100000
Episode 385000/500000, Total Reward: 10869, Epsilon: 0.0100, Buffer: 100000
Episode 386000/500000, Total Reward: 11109, Epsilon: 0.0100, Buffer: 100000
Episode 387000/500000, Total Reward: 15524, Epsilon: 0.0100, Buffer: 100000
Episode 388000/500000, Total Reward: 8491, Epsilon: 0.0100, Buffer: 100000
Episode 389000/500000, Total Reward: 9507, Epsilon: 0.0100, Buffer: 100000
Episode 390000/500000, Total Reward: -4945, Epsilon: 0.0100, Buffer: 100000
Episode 391000/500000, Total Reward: 8113, Epsilon: 0.0100, Buffer: 100000
Episode 392000/500000, Total Reward: -2707, Epsilon: 0.0100, Buffer: 100000
Episode 393000/500000, Total Reward: 8926, Epsilon: 0.0100, Buffer: 100000
Episode 394000/500000, Total Reward: 4878, Epsilon: 0.0100, Buffer: 100000
Episode 395000/500000, Total Reward: 10924, Epsilon: 0.0100, Buffer: 100000
Episode 396000/500000, Total Reward: 6286, Epsilon: 0.0100, Buffer: 100000
Episode 397000/500000, Total Reward: 21792, Epsilon: 0.0100, Buffer: 100000
Episode 398000/500000, Total Reward: -3346, Epsilon: 0.0100, Buffer: 100000
Episode 399000/500000, Total Reward: 15614, Epsilon: 0.0100, Buffer: 100000
Episode 400000/500000, Total Reward: 12274, Epsilon: 0.0100, Buffer: 100000
Episode 401000/500000, Total Reward: -5339, Epsilon: 0.0100, Buffer: 100000
Episode 402000/500000, Total Reward: -8521, Epsilon: 0.0100, Buffer: 100000
Episode 403000/500000, Total Reward: 5985, Epsilon: 0.0100, Buffer: 100000
Episode 404000/500000, Total Reward: 9742, Epsilon: 0.0100, Buffer: 100000
Episode 405000/500000, Total Reward: -6929, Epsilon: 0.0100, Buffer: 100000
Episode 406000/500000, Total Reward: 10558, Epsilon: 0.0100, Buffer: 100000
Episode 407000/500000, Total Reward: 14010, Epsilon: 0.0100, Buffer: 100000
Episode 408000/500000, Total Reward: -9113, Epsilon: 0.0100, Buffer: 100000
Episode 409000/500000, Total Reward: 13897, Epsilon: 0.0100, Buffer: 100000
Episode 410000/500000, Total Reward: 307, Epsilon: 0.0100, Buffer: 100000
Episode 411000/500000, Total Reward: -7297, Epsilon: 0.0100, Buffer: 100000
Episode 412000/500000, Total Reward: 1585, Epsilon: 0.0100, Buffer: 100000
Episode 413000/500000, Total Reward: 2897, Epsilon: 0.0100, Buffer: 100000
Episode 414000/500000, Total Reward: 6787, Epsilon: 0.0100, Buffer: 100000
Episode 415000/500000, Total Reward: 990, Epsilon: 0.0100, Buffer: 100000
Episode 416000/500000, Total Reward: 7350, Epsilon: 0.0100, Buffer: 100000
Episode 417000/500000, Total Reward: 9427, Epsilon: 0.0100, Buffer: 100000
Episode 418000/500000, Total Reward: 718, Epsilon: 0.0100, Buffer: 100000
Episode 419000/500000, Total Reward: 9091, Epsilon: 0.0100, Buffer: 100000
Episode 420000/500000, Total Reward: 9168, Epsilon: 0.0100, Buffer: 100000
Episode 421000/500000, Total Reward: 25347, Epsilon: 0.0100, Buffer: 100000
Episode 422000/500000, Total Reward: -1249, Epsilon: 0.0100, Buffer: 100000
Episode 423000/500000, Total Reward: 13657, Epsilon: 0.0100, Buffer: 100000
Episode 424000/500000, Total Reward: 11627, Epsilon: 0.0100, Buffer: 100000
Episode 425000/500000, Total Reward: -571, Epsilon: 0.0100, Buffer: 100000
Episode 426000/500000, Total Reward: 3508, Epsilon: 0.0100, Buffer: 100000
Episode 427000/500000, Total Reward: 908, Epsilon: 0.0100, Buffer: 100000
Episode 428000/500000, Total Reward: 2009, Epsilon: 0.0100, Buffer: 100000
Episode 429000/500000, Total Reward: 4529, Epsilon: 0.0100, Buffer: 100000
Episode 430000/500000, Total Reward: 16733, Epsilon: 0.0100, Buffer: 100000
Episode 431000/500000, Total Reward: 9112, Epsilon: 0.0100, Buffer: 100000
Episode 432000/500000, Total Reward: 1920, Epsilon: 0.0100, Buffer: 100000
Episode 433000/500000, Total Reward: 5496, Epsilon: 0.0100, Buffer: 100000
Episode 434000/500000, Total Reward: 11460, Epsilon: 0.0100, Buffer: 100000
Episode 435000/500000, Total Reward: 1472, Epsilon: 0.0100, Buffer: 100000
Episode 436000/500000, Total Reward: 12671, Epsilon: 0.0100, Buffer: 100000
Episode 437000/500000, Total Reward: 9126, Epsilon: 0.0100, Buffer: 100000
Episode 438000/500000, Total Reward: 8723, Epsilon: 0.0100, Buffer: 100000
Episode 439000/500000, Total Reward: 10972, Epsilon: 0.0100, Buffer: 100000
Episode 440000/500000, Total Reward: 3654, Epsilon: 0.0100, Buffer: 100000
Episode 441000/500000, Total Reward: 5731, Epsilon: 0.0100, Buffer: 100000
Episode 442000/500000, Total Reward: 11266, Epsilon: 0.0100, Buffer: 100000
Episode 443000/500000, Total Reward: 11974, Epsilon: 0.0100, Buffer: 100000
Episode 444000/500000, Total Reward: 14303, Epsilon: 0.0100, Buffer: 100000
Episode 445000/500000, Total Reward: 9791, Epsilon: 0.0100, Buffer: 100000
Episode 446000/500000, Total Reward: 5054, Epsilon: 0.0100, Buffer: 100000
Episode 447000/500000, Total Reward: 16950, Epsilon: 0.0100, Buffer: 100000
Episode 448000/500000, Total Reward: 12640, Epsilon: 0.0100, Buffer: 100000
Episode 449000/500000, Total Reward: 7597, Epsilon: 0.0100, Buffer: 100000
Episode 450000/500000, Total Reward: 6713, Epsilon: 0.0100, Buffer: 100000
Episode 451000/500000, Total Reward: 8055, Epsilon: 0.0100, Buffer: 100000
Episode 452000/500000, Total Reward: 3668, Epsilon: 0.0100, Buffer: 100000
Episode 453000/500000, Total Reward: 3658, Epsilon: 0.0100, Buffer: 100000
Episode 454000/500000, Total Reward: 3315, Epsilon: 0.0100, Buffer: 100000
Episode 455000/500000, Total Reward: 14191, Epsilon: 0.0100, Buffer: 100000
Episode 456000/500000, Total Reward: 8599, Epsilon: 0.0100, Buffer: 100000
Episode 457000/500000, Total Reward: 13997, Epsilon: 0.0100, Buffer: 100000
Episode 458000/500000, Total Reward: 18693, Epsilon: 0.0100, Buffer: 100000
Episode 459000/500000, Total Reward: 1646, Epsilon: 0.0100, Buffer: 100000
Episode 460000/500000, Total Reward: 15524, Epsilon: 0.0100, Buffer: 100000
Episode 461000/500000, Total Reward: 13897, Epsilon: 0.0100, Buffer: 100000
Episode 462000/500000, Total Reward: 19475, Epsilon: 0.0100, Buffer: 100000
Episode 463000/500000, Total Reward: 18846, Epsilon: 0.0100, Buffer: 100000
Episode 464000/500000, Total Reward: 13865, Epsilon: 0.0100, Buffer: 100000
Episode 465000/500000, Total Reward: 9419, Epsilon: 0.0100, Buffer: 100000
Episode 466000/500000, Total Reward: 4771, Epsilon: 0.0100, Buffer: 100000
Episode 467000/500000, Total Reward: -82, Epsilon: 0.0100, Buffer: 100000
Episode 468000/500000, Total Reward: 10001, Epsilon: 0.0100, Buffer: 100000
Episode 469000/500000, Total Reward: -47, Epsilon: 0.0100, Buffer: 100000
Episode 470000/500000, Total Reward: 12113, Epsilon: 0.0100, Buffer: 100000
Episode 471000/500000, Total Reward: 3374, Epsilon: 0.0100, Buffer: 100000
Episode 472000/500000, Total Reward: 5217, Epsilon: 0.0100, Buffer: 100000
Episode 473000/500000, Total Reward: 19611, Epsilon: 0.0100, Buffer: 100000
Episode 474000/500000, Total Reward: -8726, Epsilon: 0.0100, Buffer: 100000
Episode 475000/500000, Total Reward: 10073, Epsilon: 0.0100, Buffer: 100000
Episode 476000/500000, Total Reward: 990, Epsilon: 0.0100, Buffer: 100000
Episode 477000/500000, Total Reward: 10863, Epsilon: 0.0100, Buffer: 100000
Episode 478000/500000, Total Reward: 11152, Epsilon: 0.0100, Buffer: 100000
Episode 479000/500000, Total Reward: 2000, Epsilon: 0.0100, Buffer: 100000
Episode 480000/500000, Total Reward: 8810, Epsilon: 0.0100, Buffer: 100000
Episode 481000/500000, Total Reward: 11166, Epsilon: 0.0100, Buffer: 100000
Episode 482000/500000, Total Reward: 11212, Epsilon: 0.0100, Buffer: 100000
Episode 483000/500000, Total Reward: 17038, Epsilon: 0.0100, Buffer: 100000
Episode 484000/500000, Total Reward: 15366, Epsilon: 0.0100, Buffer: 100000
Episode 485000/500000, Total Reward: -5177, Epsilon: 0.0100, Buffer: 100000
Episode 486000/500000, Total Reward: 12424, Epsilon: 0.0100, Buffer: 100000
Episode 487000/500000, Total Reward: 23433, Epsilon: 0.0100, Buffer: 100000
Episode 488000/500000, Total Reward: 11094, Epsilon: 0.0100, Buffer: 100000
Episode 489000/500000, Total Reward: 8109, Epsilon: 0.0100, Buffer: 100000
Episode 490000/500000, Total Reward: 13305, Epsilon: 0.0100, Buffer: 100000
Episode 491000/500000, Total Reward: 13048, Epsilon: 0.0100, Buffer: 100000
Episode 492000/500000, Total Reward: 3657, Epsilon: 0.0100, Buffer: 100000
Episode 493000/500000, Total Reward: 233, Epsilon: 0.0100, Buffer: 100000
Episode 494000/500000, Total Reward: 11918, Epsilon: 0.0100, Buffer: 100000
Episode 495000/500000, Total Reward: 12894, Epsilon: 0.0100, Buffer: 100000
Episode 496000/500000, Total Reward: 7933, Epsilon: 0.0100, Buffer: 100000
Episode 497000/500000, Total Reward: 11472, Epsilon: 0.0100, Buffer: 100000
Episode 498000/500000, Total Reward: 8516, Epsilon: 0.0100, Buffer: 100000
Episode 499000/500000, Total Reward: 17236, Epsilon: 0.0100, Buffer: 100000
Episode 500000/500000, Total Reward: 11881, Epsilon: 0.0100, Buffer: 100000
Extracting Q-table from DQN for compatibility...
Saved DQN model to outputs/DQN_UB_500k_run2_model.pth
Saved Q-table (for compatibility) to outputs/DQN_UB_500k_run2.pkl

Learned DQN Q-table (sample):
State: (0, 0, 9, 0)
  Action: keep, Q-value: 2102.64
  Action: replace, Q-value: 87.82
State: (1, 1, 0, 0)
  Action: keep, Q-value: 1130.99
  Action: replace, Q-value: 72.65
State: (1, 1, 0, 1)
  Action: keep, Q-value: 729.32
  Action: replace, Q-value: 15.12
State: (1, 2, 0, 0)
  Action: keep, Q-value: 1157.63
  Action: replace, Q-value: 89.95
State: (1, 2, 0, 1)
  Action: keep, Q-value: 696.62
  Action: replace, Q-value: 22.30
State: (1, 3, 0, 0)
  Action: keep, Q-value: 1143.91
  Action: replace, Q-value: 88.42
State: (1, 3, 0, 1)
  Action: keep, Q-value: 661.58
  Action: replace, Q-value: 28.67
State: (1, 4, 0, 0)
  Action: keep, Q-value: 1066.08
  Action: replace, Q-value: 76.63
State: (1, 4, 0, 1)
  Action: keep, Q-value: 601.21
  Action: replace, Q-value: 41.36
State: (1, 4, 1, 0)
  Action: keep, Q-value: 1356.27
  Action: replace, Q-value: 61.99
Total states: 3289

Time taken for training: 109296.20 seconds
Average reward (last 1000 episodes): 8424.88
--- Run ended 2026-02-03 09:30:29 ---
