
--- Run started 2026-02-03 10:49:02 ---

======================================================================
CREATING NEW MODEL
======================================================================

Starting fresh with epsilon: 1.0000
======================================================================

Starting DQN training for 500000 episodes...
Episode 1000/500000, Total Reward: 41760, Epsilon: 0.0100, Buffer: 100000
Episode 2000/500000, Total Reward: 49757, Epsilon: 0.0100, Buffer: 100000
Episode 3000/500000, Total Reward: 48414, Epsilon: 0.0100, Buffer: 100000
Episode 4000/500000, Total Reward: 41750, Epsilon: 0.0100, Buffer: 100000
Episode 5000/500000, Total Reward: 48869, Epsilon: 0.0100, Buffer: 100000
Episode 6000/500000, Total Reward: 45904, Epsilon: 0.0100, Buffer: 100000
Episode 7000/500000, Total Reward: 47838, Epsilon: 0.0100, Buffer: 100000
Episode 8000/500000, Total Reward: 40256, Epsilon: 0.0100, Buffer: 100000
Episode 9000/500000, Total Reward: 43748, Epsilon: 0.0100, Buffer: 100000
Episode 10000/500000, Total Reward: 44600, Epsilon: 0.0100, Buffer: 100000
Episode 11000/500000, Total Reward: 44800, Epsilon: 0.0100, Buffer: 100000
Episode 12000/500000, Total Reward: 47306, Epsilon: 0.0100, Buffer: 100000
Episode 13000/500000, Total Reward: 42486, Epsilon: 0.0100, Buffer: 100000
Episode 14000/500000, Total Reward: 47910, Epsilon: 0.0100, Buffer: 100000
Episode 15000/500000, Total Reward: 48397, Epsilon: 0.0100, Buffer: 100000
Episode 16000/500000, Total Reward: 40064, Epsilon: 0.0100, Buffer: 100000
Episode 17000/500000, Total Reward: 39026, Epsilon: 0.0100, Buffer: 100000
Episode 18000/500000, Total Reward: 45924, Epsilon: 0.0100, Buffer: 100000
Episode 19000/500000, Total Reward: 47745, Epsilon: 0.0100, Buffer: 100000
Episode 20000/500000, Total Reward: 48457, Epsilon: 0.0100, Buffer: 100000
Episode 21000/500000, Total Reward: 4658, Epsilon: 0.0100, Buffer: 100000
Episode 22000/500000, Total Reward: 46421, Epsilon: 0.0100, Buffer: 100000
Episode 23000/500000, Total Reward: 46502, Epsilon: 0.0100, Buffer: 100000
Episode 24000/500000, Total Reward: 36799, Epsilon: 0.0100, Buffer: 100000
Episode 25000/500000, Total Reward: 47139, Epsilon: 0.0100, Buffer: 100000
Episode 26000/500000, Total Reward: 47740, Epsilon: 0.0100, Buffer: 100000
Episode 27000/500000, Total Reward: 43853, Epsilon: 0.0100, Buffer: 100000
Episode 28000/500000, Total Reward: 46283, Epsilon: 0.0100, Buffer: 100000
Episode 29000/500000, Total Reward: 50029, Epsilon: 0.0100, Buffer: 100000
Episode 30000/500000, Total Reward: 48293, Epsilon: 0.0100, Buffer: 100000
Episode 31000/500000, Total Reward: 52212, Epsilon: 0.0100, Buffer: 100000
Episode 32000/500000, Total Reward: 44524, Epsilon: 0.0100, Buffer: 100000
Episode 33000/500000, Total Reward: 46037, Epsilon: 0.0100, Buffer: 100000
Episode 34000/500000, Total Reward: 46313, Epsilon: 0.0100, Buffer: 100000
Episode 35000/500000, Total Reward: 42366, Epsilon: 0.0100, Buffer: 100000
Episode 36000/500000, Total Reward: 45207, Epsilon: 0.0100, Buffer: 100000
Episode 37000/500000, Total Reward: 40688, Epsilon: 0.0100, Buffer: 100000
Episode 38000/500000, Total Reward: 47230, Epsilon: 0.0100, Buffer: 100000
Episode 39000/500000, Total Reward: 47905, Epsilon: 0.0100, Buffer: 100000
Episode 40000/500000, Total Reward: 47429, Epsilon: 0.0100, Buffer: 100000
Episode 41000/500000, Total Reward: 44027, Epsilon: 0.0100, Buffer: 100000
Episode 42000/500000, Total Reward: 38920, Epsilon: 0.0100, Buffer: 100000
Episode 43000/500000, Total Reward: 45382, Epsilon: 0.0100, Buffer: 100000
Episode 44000/500000, Total Reward: 44211, Epsilon: 0.0100, Buffer: 100000
Episode 45000/500000, Total Reward: 44537, Epsilon: 0.0100, Buffer: 100000
Episode 46000/500000, Total Reward: 49178, Epsilon: 0.0100, Buffer: 100000
Episode 47000/500000, Total Reward: 42992, Epsilon: 0.0100, Buffer: 100000
Episode 48000/500000, Total Reward: 47219, Epsilon: 0.0100, Buffer: 100000
Episode 49000/500000, Total Reward: 41484, Epsilon: 0.0100, Buffer: 100000
Episode 50000/500000, Total Reward: 48849, Epsilon: 0.0100, Buffer: 100000
Episode 51000/500000, Total Reward: 45585, Epsilon: 0.0100, Buffer: 100000
Episode 52000/500000, Total Reward: 40457, Epsilon: 0.0100, Buffer: 100000
Episode 53000/500000, Total Reward: 39197, Epsilon: 0.0100, Buffer: 100000
Episode 54000/500000, Total Reward: 43044, Epsilon: 0.0100, Buffer: 100000
Episode 55000/500000, Total Reward: 42939, Epsilon: 0.0100, Buffer: 100000
Episode 56000/500000, Total Reward: 43990, Epsilon: 0.0100, Buffer: 100000
Episode 57000/500000, Total Reward: 41141, Epsilon: 0.0100, Buffer: 100000
Episode 58000/500000, Total Reward: 39995, Epsilon: 0.0100, Buffer: 100000
Episode 59000/500000, Total Reward: 43983, Epsilon: 0.0100, Buffer: 100000
Episode 60000/500000, Total Reward: 43961, Epsilon: 0.0100, Buffer: 100000
Episode 61000/500000, Total Reward: 36620, Epsilon: 0.0100, Buffer: 100000
Episode 62000/500000, Total Reward: 41134, Epsilon: 0.0100, Buffer: 100000
Episode 63000/500000, Total Reward: 43755, Epsilon: 0.0100, Buffer: 100000
Episode 64000/500000, Total Reward: 43231, Epsilon: 0.0100, Buffer: 100000
Episode 65000/500000, Total Reward: 50519, Epsilon: 0.0100, Buffer: 100000
Episode 66000/500000, Total Reward: 46232, Epsilon: 0.0100, Buffer: 100000
Episode 67000/500000, Total Reward: 46706, Epsilon: 0.0100, Buffer: 100000
Episode 68000/500000, Total Reward: 47775, Epsilon: 0.0100, Buffer: 100000
Episode 69000/500000, Total Reward: 33114, Epsilon: 0.0100, Buffer: 100000
Episode 70000/500000, Total Reward: 37496, Epsilon: 0.0100, Buffer: 100000
Episode 71000/500000, Total Reward: 44500, Epsilon: 0.0100, Buffer: 100000
Episode 72000/500000, Total Reward: 43246, Epsilon: 0.0100, Buffer: 100000
Episode 73000/500000, Total Reward: 47991, Epsilon: 0.0100, Buffer: 100000
Episode 74000/500000, Total Reward: 45504, Epsilon: 0.0100, Buffer: 100000
Episode 75000/500000, Total Reward: 44292, Epsilon: 0.0100, Buffer: 100000
Episode 76000/500000, Total Reward: 41928, Epsilon: 0.0100, Buffer: 100000
Episode 77000/500000, Total Reward: 44061, Epsilon: 0.0100, Buffer: 100000
Episode 78000/500000, Total Reward: 33370, Epsilon: 0.0100, Buffer: 100000
Episode 79000/500000, Total Reward: 38778, Epsilon: 0.0100, Buffer: 100000
Episode 80000/500000, Total Reward: 43139, Epsilon: 0.0100, Buffer: 100000
Episode 81000/500000, Total Reward: 46086, Epsilon: 0.0100, Buffer: 100000
Episode 82000/500000, Total Reward: 42117, Epsilon: 0.0100, Buffer: 100000
Episode 83000/500000, Total Reward: 50243, Epsilon: 0.0100, Buffer: 100000
Episode 84000/500000, Total Reward: 45035, Epsilon: 0.0100, Buffer: 100000
Episode 85000/500000, Total Reward: 43136, Epsilon: 0.0100, Buffer: 100000
Episode 86000/500000, Total Reward: 44753, Epsilon: 0.0100, Buffer: 100000
Episode 87000/500000, Total Reward: 43676, Epsilon: 0.0100, Buffer: 100000
Episode 88000/500000, Total Reward: 35364, Epsilon: 0.0100, Buffer: 100000
Episode 89000/500000, Total Reward: 48516, Epsilon: 0.0100, Buffer: 100000
Episode 90000/500000, Total Reward: 45473, Epsilon: 0.0100, Buffer: 100000
Episode 91000/500000, Total Reward: 43809, Epsilon: 0.0100, Buffer: 100000
Episode 92000/500000, Total Reward: 47615, Epsilon: 0.0100, Buffer: 100000
Episode 93000/500000, Total Reward: 46559, Epsilon: 0.0100, Buffer: 100000
Episode 94000/500000, Total Reward: 44907, Epsilon: 0.0100, Buffer: 100000
Episode 95000/500000, Total Reward: 43393, Epsilon: 0.0100, Buffer: 100000
Episode 96000/500000, Total Reward: 41337, Epsilon: 0.0100, Buffer: 100000
Episode 97000/500000, Total Reward: 49901, Epsilon: 0.0100, Buffer: 100000
Episode 98000/500000, Total Reward: 43877, Epsilon: 0.0100, Buffer: 100000
Episode 99000/500000, Total Reward: 44416, Epsilon: 0.0100, Buffer: 100000
Episode 100000/500000, Total Reward: 37032, Epsilon: 0.0100, Buffer: 100000
Episode 101000/500000, Total Reward: 52945, Epsilon: 0.0100, Buffer: 100000
Episode 102000/500000, Total Reward: 42329, Epsilon: 0.0100, Buffer: 100000
Episode 103000/500000, Total Reward: 46662, Epsilon: 0.0100, Buffer: 100000
Episode 104000/500000, Total Reward: 43614, Epsilon: 0.0100, Buffer: 100000
Episode 105000/500000, Total Reward: 46451, Epsilon: 0.0100, Buffer: 100000
Episode 106000/500000, Total Reward: 47010, Epsilon: 0.0100, Buffer: 100000
Episode 107000/500000, Total Reward: 45374, Epsilon: 0.0100, Buffer: 100000
Episode 108000/500000, Total Reward: 40778, Epsilon: 0.0100, Buffer: 100000
Episode 109000/500000, Total Reward: 41508, Epsilon: 0.0100, Buffer: 100000
Episode 110000/500000, Total Reward: 36256, Epsilon: 0.0100, Buffer: 100000
Episode 111000/500000, Total Reward: 46671, Epsilon: 0.0100, Buffer: 100000
Episode 112000/500000, Total Reward: 42250, Epsilon: 0.0100, Buffer: 100000
Episode 113000/500000, Total Reward: 47580, Epsilon: 0.0100, Buffer: 100000
Episode 114000/500000, Total Reward: 43310, Epsilon: 0.0100, Buffer: 100000
Episode 115000/500000, Total Reward: 39268, Epsilon: 0.0100, Buffer: 100000
Episode 116000/500000, Total Reward: 40419, Epsilon: 0.0100, Buffer: 100000
Episode 117000/500000, Total Reward: 43353, Epsilon: 0.0100, Buffer: 100000
Episode 118000/500000, Total Reward: 43522, Epsilon: 0.0100, Buffer: 100000
Episode 119000/500000, Total Reward: -11, Epsilon: 0.0100, Buffer: 100000
Episode 120000/500000, Total Reward: 45533, Epsilon: 0.0100, Buffer: 100000
Episode 121000/500000, Total Reward: 47576, Epsilon: 0.0100, Buffer: 100000
Episode 122000/500000, Total Reward: 40885, Epsilon: 0.0100, Buffer: 100000
Episode 123000/500000, Total Reward: 45371, Epsilon: 0.0100, Buffer: 100000
Episode 124000/500000, Total Reward: 39882, Epsilon: 0.0100, Buffer: 100000
Episode 125000/500000, Total Reward: 40088, Epsilon: 0.0100, Buffer: 100000
Episode 126000/500000, Total Reward: 45112, Epsilon: 0.0100, Buffer: 100000
Episode 127000/500000, Total Reward: 47425, Epsilon: 0.0100, Buffer: 100000
Episode 128000/500000, Total Reward: 50916, Epsilon: 0.0100, Buffer: 100000
Episode 129000/500000, Total Reward: 44783, Epsilon: 0.0100, Buffer: 100000
Episode 130000/500000, Total Reward: 47233, Epsilon: 0.0100, Buffer: 100000
Episode 131000/500000, Total Reward: 44663, Epsilon: 0.0100, Buffer: 100000
Episode 132000/500000, Total Reward: 49284, Epsilon: 0.0100, Buffer: 100000
Episode 133000/500000, Total Reward: 49621, Epsilon: 0.0100, Buffer: 100000
Episode 134000/500000, Total Reward: 41701, Epsilon: 0.0100, Buffer: 100000
Episode 135000/500000, Total Reward: 44388, Epsilon: 0.0100, Buffer: 100000
Episode 136000/500000, Total Reward: 44235, Epsilon: 0.0100, Buffer: 100000
Episode 137000/500000, Total Reward: 44573, Epsilon: 0.0100, Buffer: 100000
Episode 138000/500000, Total Reward: 47817, Epsilon: 0.0100, Buffer: 100000
Episode 139000/500000, Total Reward: 48446, Epsilon: 0.0100, Buffer: 100000
Episode 140000/500000, Total Reward: 37938, Epsilon: 0.0100, Buffer: 100000
Episode 141000/500000, Total Reward: 44228, Epsilon: 0.0100, Buffer: 100000
Episode 142000/500000, Total Reward: 45120, Epsilon: 0.0100, Buffer: 100000
Episode 143000/500000, Total Reward: 46049, Epsilon: 0.0100, Buffer: 100000
Episode 144000/500000, Total Reward: 34845, Epsilon: 0.0100, Buffer: 100000
Episode 145000/500000, Total Reward: 42339, Epsilon: 0.0100, Buffer: 100000
Episode 146000/500000, Total Reward: 47466, Epsilon: 0.0100, Buffer: 100000
Episode 147000/500000, Total Reward: 48562, Epsilon: 0.0100, Buffer: 100000
Episode 148000/500000, Total Reward: 39739, Epsilon: 0.0100, Buffer: 100000
Episode 149000/500000, Total Reward: 39793, Epsilon: 0.0100, Buffer: 100000
Episode 150000/500000, Total Reward: 41469, Epsilon: 0.0100, Buffer: 100000
Episode 151000/500000, Total Reward: 40728, Epsilon: 0.0100, Buffer: 100000
Episode 152000/500000, Total Reward: 44531, Epsilon: 0.0100, Buffer: 100000
Episode 153000/500000, Total Reward: 46664, Epsilon: 0.0100, Buffer: 100000
Episode 154000/500000, Total Reward: 49539, Epsilon: 0.0100, Buffer: 100000
Episode 155000/500000, Total Reward: 44385, Epsilon: 0.0100, Buffer: 100000
Episode 156000/500000, Total Reward: 47939, Epsilon: 0.0100, Buffer: 100000
Episode 157000/500000, Total Reward: 46179, Epsilon: 0.0100, Buffer: 100000
Episode 158000/500000, Total Reward: 46539, Epsilon: 0.0100, Buffer: 100000
Episode 159000/500000, Total Reward: 42731, Epsilon: 0.0100, Buffer: 100000
Episode 160000/500000, Total Reward: 46484, Epsilon: 0.0100, Buffer: 100000
Episode 161000/500000, Total Reward: 42582, Epsilon: 0.0100, Buffer: 100000
Episode 162000/500000, Total Reward: 42271, Epsilon: 0.0100, Buffer: 100000
Episode 163000/500000, Total Reward: 43970, Epsilon: 0.0100, Buffer: 100000
Episode 164000/500000, Total Reward: 48227, Epsilon: 0.0100, Buffer: 100000
Episode 165000/500000, Total Reward: 42617, Epsilon: 0.0100, Buffer: 100000
Episode 166000/500000, Total Reward: 45716, Epsilon: 0.0100, Buffer: 100000
Episode 167000/500000, Total Reward: 40660, Epsilon: 0.0100, Buffer: 100000
Episode 168000/500000, Total Reward: 47318, Epsilon: 0.0100, Buffer: 100000
Episode 169000/500000, Total Reward: 48072, Epsilon: 0.0100, Buffer: 100000
Episode 170000/500000, Total Reward: 40297, Epsilon: 0.0100, Buffer: 100000
Episode 171000/500000, Total Reward: 48746, Epsilon: 0.0100, Buffer: 100000
Episode 172000/500000, Total Reward: 41020, Epsilon: 0.0100, Buffer: 100000
Episode 173000/500000, Total Reward: 50469, Epsilon: 0.0100, Buffer: 100000
Episode 174000/500000, Total Reward: 42149, Epsilon: 0.0100, Buffer: 100000
Episode 175000/500000, Total Reward: 41350, Epsilon: 0.0100, Buffer: 100000
Episode 176000/500000, Total Reward: 37425, Epsilon: 0.0100, Buffer: 100000
Episode 177000/500000, Total Reward: 50313, Epsilon: 0.0100, Buffer: 100000
Episode 178000/500000, Total Reward: 42966, Epsilon: 0.0100, Buffer: 100000
Episode 179000/500000, Total Reward: 49294, Epsilon: 0.0100, Buffer: 100000
Episode 180000/500000, Total Reward: 45329, Epsilon: 0.0100, Buffer: 100000
Episode 181000/500000, Total Reward: 46207, Epsilon: 0.0100, Buffer: 100000
Episode 182000/500000, Total Reward: 44550, Epsilon: 0.0100, Buffer: 100000
Episode 183000/500000, Total Reward: 42042, Epsilon: 0.0100, Buffer: 100000
Episode 184000/500000, Total Reward: 40091, Epsilon: 0.0100, Buffer: 100000
Episode 185000/500000, Total Reward: 48229, Epsilon: 0.0100, Buffer: 100000
Episode 186000/500000, Total Reward: 51065, Epsilon: 0.0100, Buffer: 100000
Episode 187000/500000, Total Reward: 47769, Epsilon: 0.0100, Buffer: 100000
Episode 188000/500000, Total Reward: 42488, Epsilon: 0.0100, Buffer: 100000
Episode 189000/500000, Total Reward: 37298, Epsilon: 0.0100, Buffer: 100000
Episode 190000/500000, Total Reward: 46254, Epsilon: 0.0100, Buffer: 100000
Episode 191000/500000, Total Reward: 42739, Epsilon: 0.0100, Buffer: 100000
Episode 192000/500000, Total Reward: 48282, Epsilon: 0.0100, Buffer: 100000
Episode 193000/500000, Total Reward: 43953, Epsilon: 0.0100, Buffer: 100000
Episode 194000/500000, Total Reward: 45053, Epsilon: 0.0100, Buffer: 100000
Episode 195000/500000, Total Reward: 42604, Epsilon: 0.0100, Buffer: 100000
Episode 196000/500000, Total Reward: 42818, Epsilon: 0.0100, Buffer: 100000
Episode 197000/500000, Total Reward: 44583, Epsilon: 0.0100, Buffer: 100000
Episode 198000/500000, Total Reward: 46774, Epsilon: 0.0100, Buffer: 100000
Episode 199000/500000, Total Reward: 42741, Epsilon: 0.0100, Buffer: 100000
Episode 200000/500000, Total Reward: 45837, Epsilon: 0.0100, Buffer: 100000
Episode 201000/500000, Total Reward: 41541, Epsilon: 0.0100, Buffer: 100000
Episode 202000/500000, Total Reward: 50331, Epsilon: 0.0100, Buffer: 100000
Episode 203000/500000, Total Reward: 46981, Epsilon: 0.0100, Buffer: 100000
Episode 204000/500000, Total Reward: 41090, Epsilon: 0.0100, Buffer: 100000
Episode 205000/500000, Total Reward: 47495, Epsilon: 0.0100, Buffer: 100000
Episode 206000/500000, Total Reward: 43129, Epsilon: 0.0100, Buffer: 100000
Episode 207000/500000, Total Reward: 44035, Epsilon: 0.0100, Buffer: 100000
Episode 208000/500000, Total Reward: 41004, Epsilon: 0.0100, Buffer: 100000
Episode 209000/500000, Total Reward: 43635, Epsilon: 0.0100, Buffer: 100000
Episode 210000/500000, Total Reward: 37452, Epsilon: 0.0100, Buffer: 100000
Episode 211000/500000, Total Reward: 49201, Epsilon: 0.0100, Buffer: 100000
Episode 212000/500000, Total Reward: 40917, Epsilon: 0.0100, Buffer: 100000
Episode 213000/500000, Total Reward: 48580, Epsilon: 0.0100, Buffer: 100000
Episode 214000/500000, Total Reward: 46982, Epsilon: 0.0100, Buffer: 100000
Episode 215000/500000, Total Reward: 46209, Epsilon: 0.0100, Buffer: 100000
Episode 216000/500000, Total Reward: 47207, Epsilon: 0.0100, Buffer: 100000
Episode 217000/500000, Total Reward: 44176, Epsilon: 0.0100, Buffer: 100000
Episode 218000/500000, Total Reward: 40964, Epsilon: 0.0100, Buffer: 100000
Episode 219000/500000, Total Reward: 40936, Epsilon: 0.0100, Buffer: 100000
Episode 220000/500000, Total Reward: 42596, Epsilon: 0.0100, Buffer: 100000
Episode 221000/500000, Total Reward: 46578, Epsilon: 0.0100, Buffer: 100000
Episode 222000/500000, Total Reward: 45924, Epsilon: 0.0100, Buffer: 100000
Episode 223000/500000, Total Reward: 47091, Epsilon: 0.0100, Buffer: 100000
Episode 224000/500000, Total Reward: 46859, Epsilon: 0.0100, Buffer: 100000
Episode 225000/500000, Total Reward: 52650, Epsilon: 0.0100, Buffer: 100000
Episode 226000/500000, Total Reward: 48917, Epsilon: 0.0100, Buffer: 100000
Episode 227000/500000, Total Reward: 39346, Epsilon: 0.0100, Buffer: 100000
Episode 228000/500000, Total Reward: 40662, Epsilon: 0.0100, Buffer: 100000
Episode 229000/500000, Total Reward: 47951, Epsilon: 0.0100, Buffer: 100000
Episode 230000/500000, Total Reward: 47881, Epsilon: 0.0100, Buffer: 100000
Episode 231000/500000, Total Reward: 39856, Epsilon: 0.0100, Buffer: 100000
Episode 232000/500000, Total Reward: 39770, Epsilon: 0.0100, Buffer: 100000
Episode 233000/500000, Total Reward: 36820, Epsilon: 0.0100, Buffer: 100000
Episode 234000/500000, Total Reward: 41281, Epsilon: 0.0100, Buffer: 100000
Episode 235000/500000, Total Reward: 41090, Epsilon: 0.0100, Buffer: 100000
Episode 236000/500000, Total Reward: 45587, Epsilon: 0.0100, Buffer: 100000
Episode 237000/500000, Total Reward: 37642, Epsilon: 0.0100, Buffer: 100000
Episode 238000/500000, Total Reward: 46776, Epsilon: 0.0100, Buffer: 100000
Episode 239000/500000, Total Reward: 36397, Epsilon: 0.0100, Buffer: 100000
Episode 240000/500000, Total Reward: 42956, Epsilon: 0.0100, Buffer: 100000
Episode 241000/500000, Total Reward: 41535, Epsilon: 0.0100, Buffer: 100000
Episode 242000/500000, Total Reward: 45752, Epsilon: 0.0100, Buffer: 100000
Episode 243000/500000, Total Reward: 40121, Epsilon: 0.0100, Buffer: 100000
Episode 244000/500000, Total Reward: 48314, Epsilon: 0.0100, Buffer: 100000
Episode 245000/500000, Total Reward: 37602, Epsilon: 0.0100, Buffer: 100000
Episode 246000/500000, Total Reward: 45018, Epsilon: 0.0100, Buffer: 100000
Episode 247000/500000, Total Reward: 47904, Epsilon: 0.0100, Buffer: 100000
Episode 248000/500000, Total Reward: 50652, Epsilon: 0.0100, Buffer: 100000
Episode 249000/500000, Total Reward: 46889, Epsilon: 0.0100, Buffer: 100000
Episode 250000/500000, Total Reward: 49696, Epsilon: 0.0100, Buffer: 100000
Episode 251000/500000, Total Reward: 40186, Epsilon: 0.0100, Buffer: 100000
Episode 252000/500000, Total Reward: 45343, Epsilon: 0.0100, Buffer: 100000
Episode 253000/500000, Total Reward: 42193, Epsilon: 0.0100, Buffer: 100000
Episode 254000/500000, Total Reward: 48078, Epsilon: 0.0100, Buffer: 100000
Episode 255000/500000, Total Reward: 48323, Epsilon: 0.0100, Buffer: 100000
Episode 256000/500000, Total Reward: 45371, Epsilon: 0.0100, Buffer: 100000
Episode 257000/500000, Total Reward: 43242, Epsilon: 0.0100, Buffer: 100000
Episode 258000/500000, Total Reward: 44862, Epsilon: 0.0100, Buffer: 100000
Episode 259000/500000, Total Reward: 38120, Epsilon: 0.0100, Buffer: 100000
Episode 260000/500000, Total Reward: 44065, Epsilon: 0.0100, Buffer: 100000
Episode 261000/500000, Total Reward: 44224, Epsilon: 0.0100, Buffer: 100000
Episode 262000/500000, Total Reward: 46816, Epsilon: 0.0100, Buffer: 100000
Episode 263000/500000, Total Reward: 38187, Epsilon: 0.0100, Buffer: 100000
Episode 264000/500000, Total Reward: 40308, Epsilon: 0.0100, Buffer: 100000
Episode 265000/500000, Total Reward: 42419, Epsilon: 0.0100, Buffer: 100000
Episode 266000/500000, Total Reward: 42113, Epsilon: 0.0100, Buffer: 100000
Episode 267000/500000, Total Reward: 48308, Epsilon: 0.0100, Buffer: 100000
Episode 268000/500000, Total Reward: 42946, Epsilon: 0.0100, Buffer: 100000
Episode 269000/500000, Total Reward: 38719, Epsilon: 0.0100, Buffer: 100000
Episode 270000/500000, Total Reward: 46626, Epsilon: 0.0100, Buffer: 100000
Episode 271000/500000, Total Reward: 52730, Epsilon: 0.0100, Buffer: 100000
Episode 272000/500000, Total Reward: 49599, Epsilon: 0.0100, Buffer: 100000
Episode 273000/500000, Total Reward: 45222, Epsilon: 0.0100, Buffer: 100000
Episode 274000/500000, Total Reward: 45026, Epsilon: 0.0100, Buffer: 100000
Episode 275000/500000, Total Reward: 40655, Epsilon: 0.0100, Buffer: 100000
Episode 276000/500000, Total Reward: 46544, Epsilon: 0.0100, Buffer: 100000
Episode 277000/500000, Total Reward: 41564, Epsilon: 0.0100, Buffer: 100000
Episode 278000/500000, Total Reward: 38392, Epsilon: 0.0100, Buffer: 100000
Episode 279000/500000, Total Reward: 46328, Epsilon: 0.0100, Buffer: 100000
Episode 280000/500000, Total Reward: 38202, Epsilon: 0.0100, Buffer: 100000
Episode 281000/500000, Total Reward: 45433, Epsilon: 0.0100, Buffer: 100000
Episode 282000/500000, Total Reward: 38446, Epsilon: 0.0100, Buffer: 100000
Episode 283000/500000, Total Reward: 39746, Epsilon: 0.0100, Buffer: 100000
Episode 284000/500000, Total Reward: 48663, Epsilon: 0.0100, Buffer: 100000
Episode 285000/500000, Total Reward: 45957, Epsilon: 0.0100, Buffer: 100000
Episode 286000/500000, Total Reward: 46293, Epsilon: 0.0100, Buffer: 100000
Episode 287000/500000, Total Reward: 43940, Epsilon: 0.0100, Buffer: 100000
Episode 288000/500000, Total Reward: 47328, Epsilon: 0.0100, Buffer: 100000
Episode 289000/500000, Total Reward: 52476, Epsilon: 0.0100, Buffer: 100000
Episode 290000/500000, Total Reward: 45647, Epsilon: 0.0100, Buffer: 100000
Episode 291000/500000, Total Reward: 44855, Epsilon: 0.0100, Buffer: 100000
Episode 292000/500000, Total Reward: 52481, Epsilon: 0.0100, Buffer: 100000
Episode 293000/500000, Total Reward: 41112, Epsilon: 0.0100, Buffer: 100000
Episode 294000/500000, Total Reward: 45659, Epsilon: 0.0100, Buffer: 100000
Episode 295000/500000, Total Reward: 48527, Epsilon: 0.0100, Buffer: 100000
Episode 296000/500000, Total Reward: 42042, Epsilon: 0.0100, Buffer: 100000
Episode 297000/500000, Total Reward: 44031, Epsilon: 0.0100, Buffer: 100000
Episode 298000/500000, Total Reward: 48328, Epsilon: 0.0100, Buffer: 100000
Episode 299000/500000, Total Reward: 44790, Epsilon: 0.0100, Buffer: 100000
Episode 300000/500000, Total Reward: 44642, Epsilon: 0.0100, Buffer: 100000
Episode 301000/500000, Total Reward: 43046, Epsilon: 0.0100, Buffer: 100000
Episode 302000/500000, Total Reward: 30046, Epsilon: 0.0100, Buffer: 100000
Episode 303000/500000, Total Reward: 48119, Epsilon: 0.0100, Buffer: 100000
Episode 304000/500000, Total Reward: 42082, Epsilon: 0.0100, Buffer: 100000
Episode 305000/500000, Total Reward: 41632, Epsilon: 0.0100, Buffer: 100000
Episode 306000/500000, Total Reward: 44586, Epsilon: 0.0100, Buffer: 100000
Episode 307000/500000, Total Reward: 42704, Epsilon: 0.0100, Buffer: 100000
Episode 308000/500000, Total Reward: 46853, Epsilon: 0.0100, Buffer: 100000
Episode 309000/500000, Total Reward: 43163, Epsilon: 0.0100, Buffer: 100000
Episode 310000/500000, Total Reward: 46185, Epsilon: 0.0100, Buffer: 100000
Episode 311000/500000, Total Reward: 46777, Epsilon: 0.0100, Buffer: 100000
Episode 312000/500000, Total Reward: 38587, Epsilon: 0.0100, Buffer: 100000
Episode 313000/500000, Total Reward: 42286, Epsilon: 0.0100, Buffer: 100000
Episode 314000/500000, Total Reward: 41008, Epsilon: 0.0100, Buffer: 100000
Episode 315000/500000, Total Reward: 47130, Epsilon: 0.0100, Buffer: 100000
Episode 316000/500000, Total Reward: 46501, Epsilon: 0.0100, Buffer: 100000
Episode 317000/500000, Total Reward: 45436, Epsilon: 0.0100, Buffer: 100000
Episode 318000/500000, Total Reward: 41916, Epsilon: 0.0100, Buffer: 100000
Episode 319000/500000, Total Reward: 44791, Epsilon: 0.0100, Buffer: 100000
Episode 320000/500000, Total Reward: 45104, Epsilon: 0.0100, Buffer: 100000
Episode 321000/500000, Total Reward: 46598, Epsilon: 0.0100, Buffer: 100000
Episode 322000/500000, Total Reward: 44849, Epsilon: 0.0100, Buffer: 100000
Episode 323000/500000, Total Reward: 39457, Epsilon: 0.0100, Buffer: 100000
Episode 324000/500000, Total Reward: 49383, Epsilon: 0.0100, Buffer: 100000
Episode 325000/500000, Total Reward: 44383, Epsilon: 0.0100, Buffer: 100000
Episode 326000/500000, Total Reward: 46567, Epsilon: 0.0100, Buffer: 100000
Episode 327000/500000, Total Reward: 37545, Epsilon: 0.0100, Buffer: 100000
Episode 328000/500000, Total Reward: 47472, Epsilon: 0.0100, Buffer: 100000
Episode 329000/500000, Total Reward: 38116, Epsilon: 0.0100, Buffer: 100000
Episode 330000/500000, Total Reward: 43575, Epsilon: 0.0100, Buffer: 100000
Episode 331000/500000, Total Reward: 40830, Epsilon: 0.0100, Buffer: 100000
Episode 332000/500000, Total Reward: 47260, Epsilon: 0.0100, Buffer: 100000
Episode 333000/500000, Total Reward: 49680, Epsilon: 0.0100, Buffer: 100000
Episode 334000/500000, Total Reward: 39648, Epsilon: 0.0100, Buffer: 100000
Episode 335000/500000, Total Reward: 45439, Epsilon: 0.0100, Buffer: 100000
Episode 336000/500000, Total Reward: 38441, Epsilon: 0.0100, Buffer: 100000
Episode 337000/500000, Total Reward: 42519, Epsilon: 0.0100, Buffer: 100000
Episode 338000/500000, Total Reward: 46531, Epsilon: 0.0100, Buffer: 100000
Episode 339000/500000, Total Reward: 47967, Epsilon: 0.0100, Buffer: 100000
Episode 340000/500000, Total Reward: 47888, Epsilon: 0.0100, Buffer: 100000
Episode 341000/500000, Total Reward: 37029, Epsilon: 0.0100, Buffer: 100000
Episode 342000/500000, Total Reward: 46222, Epsilon: 0.0100, Buffer: 100000
Episode 343000/500000, Total Reward: 35681, Epsilon: 0.0100, Buffer: 100000
Episode 344000/500000, Total Reward: 44720, Epsilon: 0.0100, Buffer: 100000
Episode 345000/500000, Total Reward: 40419, Epsilon: 0.0100, Buffer: 100000
Episode 346000/500000, Total Reward: 45104, Epsilon: 0.0100, Buffer: 100000
Episode 347000/500000, Total Reward: 44569, Epsilon: 0.0100, Buffer: 100000
Episode 348000/500000, Total Reward: 44937, Epsilon: 0.0100, Buffer: 100000
Episode 349000/500000, Total Reward: 45857, Epsilon: 0.0100, Buffer: 100000
Episode 350000/500000, Total Reward: 42870, Epsilon: 0.0100, Buffer: 100000
Episode 351000/500000, Total Reward: 43508, Epsilon: 0.0100, Buffer: 100000
Episode 352000/500000, Total Reward: 44601, Epsilon: 0.0100, Buffer: 100000
Episode 353000/500000, Total Reward: 48632, Epsilon: 0.0100, Buffer: 100000
Episode 354000/500000, Total Reward: 43722, Epsilon: 0.0100, Buffer: 100000
Episode 355000/500000, Total Reward: 51613, Epsilon: 0.0100, Buffer: 100000
Episode 356000/500000, Total Reward: 48248, Epsilon: 0.0100, Buffer: 100000
Episode 357000/500000, Total Reward: 45853, Epsilon: 0.0100, Buffer: 100000
Episode 358000/500000, Total Reward: 43221, Epsilon: 0.0100, Buffer: 100000
Episode 359000/500000, Total Reward: 43101, Epsilon: 0.0100, Buffer: 100000
Episode 360000/500000, Total Reward: 46434, Epsilon: 0.0100, Buffer: 100000
Episode 361000/500000, Total Reward: 47620, Epsilon: 0.0100, Buffer: 100000
Episode 362000/500000, Total Reward: 43730, Epsilon: 0.0100, Buffer: 100000
Episode 363000/500000, Total Reward: 41028, Epsilon: 0.0100, Buffer: 100000
Episode 364000/500000, Total Reward: 49152, Epsilon: 0.0100, Buffer: 100000
Episode 365000/500000, Total Reward: 48688, Epsilon: 0.0100, Buffer: 100000
Episode 366000/500000, Total Reward: 46638, Epsilon: 0.0100, Buffer: 100000
Episode 367000/500000, Total Reward: 46990, Epsilon: 0.0100, Buffer: 100000
Episode 368000/500000, Total Reward: 46016, Epsilon: 0.0100, Buffer: 100000
Episode 369000/500000, Total Reward: 43941, Epsilon: 0.0100, Buffer: 100000
Episode 370000/500000, Total Reward: 47243, Epsilon: 0.0100, Buffer: 100000
Episode 371000/500000, Total Reward: 47233, Epsilon: 0.0100, Buffer: 100000
Episode 372000/500000, Total Reward: 43242, Epsilon: 0.0100, Buffer: 100000
Episode 373000/500000, Total Reward: 45136, Epsilon: 0.0100, Buffer: 100000
Episode 374000/500000, Total Reward: 45209, Epsilon: 0.0100, Buffer: 100000
Episode 375000/500000, Total Reward: 45305, Epsilon: 0.0100, Buffer: 100000
Episode 376000/500000, Total Reward: 40250, Epsilon: 0.0100, Buffer: 100000
Episode 377000/500000, Total Reward: 44498, Epsilon: 0.0100, Buffer: 100000
Episode 378000/500000, Total Reward: 38257, Epsilon: 0.0100, Buffer: 100000
Episode 379000/500000, Total Reward: 41638, Epsilon: 0.0100, Buffer: 100000
Episode 380000/500000, Total Reward: 47605, Epsilon: 0.0100, Buffer: 100000
Episode 381000/500000, Total Reward: 45177, Epsilon: 0.0100, Buffer: 100000
Episode 382000/500000, Total Reward: 49977, Epsilon: 0.0100, Buffer: 100000
Episode 383000/500000, Total Reward: 43588, Epsilon: 0.0100, Buffer: 100000
Episode 384000/500000, Total Reward: 47778, Epsilon: 0.0100, Buffer: 100000
Episode 385000/500000, Total Reward: 45854, Epsilon: 0.0100, Buffer: 100000
Episode 386000/500000, Total Reward: 41715, Epsilon: 0.0100, Buffer: 100000
Episode 387000/500000, Total Reward: 39628, Epsilon: 0.0100, Buffer: 100000
Episode 388000/500000, Total Reward: 35862, Epsilon: 0.0100, Buffer: 100000
Episode 389000/500000, Total Reward: 44160, Epsilon: 0.0100, Buffer: 100000
Episode 390000/500000, Total Reward: 44841, Epsilon: 0.0100, Buffer: 100000
Episode 391000/500000, Total Reward: 41549, Epsilon: 0.0100, Buffer: 100000
Episode 392000/500000, Total Reward: 45479, Epsilon: 0.0100, Buffer: 100000
Episode 393000/500000, Total Reward: 40915, Epsilon: 0.0100, Buffer: 100000
Episode 394000/500000, Total Reward: 41266, Epsilon: 0.0100, Buffer: 100000
Episode 395000/500000, Total Reward: 46054, Epsilon: 0.0100, Buffer: 100000
Episode 396000/500000, Total Reward: 43793, Epsilon: 0.0100, Buffer: 100000
Episode 397000/500000, Total Reward: 43551, Epsilon: 0.0100, Buffer: 100000
Episode 398000/500000, Total Reward: 40564, Epsilon: 0.0100, Buffer: 100000
Episode 399000/500000, Total Reward: 45076, Epsilon: 0.0100, Buffer: 100000
Episode 400000/500000, Total Reward: 46710, Epsilon: 0.0100, Buffer: 100000
Episode 401000/500000, Total Reward: 42546, Epsilon: 0.0100, Buffer: 100000
Episode 402000/500000, Total Reward: 54191, Epsilon: 0.0100, Buffer: 100000
Episode 403000/500000, Total Reward: 38802, Epsilon: 0.0100, Buffer: 100000
Episode 404000/500000, Total Reward: 43847, Epsilon: 0.0100, Buffer: 100000
Episode 405000/500000, Total Reward: 42287, Epsilon: 0.0100, Buffer: 100000
Episode 406000/500000, Total Reward: 47386, Epsilon: 0.0100, Buffer: 100000
Episode 407000/500000, Total Reward: 40526, Epsilon: 0.0100, Buffer: 100000
Episode 408000/500000, Total Reward: 45236, Epsilon: 0.0100, Buffer: 100000
Episode 409000/500000, Total Reward: 41521, Epsilon: 0.0100, Buffer: 100000
Episode 410000/500000, Total Reward: 41991, Epsilon: 0.0100, Buffer: 100000
Episode 411000/500000, Total Reward: 42130, Epsilon: 0.0100, Buffer: 100000
Episode 412000/500000, Total Reward: 42953, Epsilon: 0.0100, Buffer: 100000
Episode 413000/500000, Total Reward: 47752, Epsilon: 0.0100, Buffer: 100000
Episode 414000/500000, Total Reward: 43450, Epsilon: 0.0100, Buffer: 100000
Episode 415000/500000, Total Reward: 42251, Epsilon: 0.0100, Buffer: 100000
Episode 416000/500000, Total Reward: 39144, Epsilon: 0.0100, Buffer: 100000
Episode 417000/500000, Total Reward: 40551, Epsilon: 0.0100, Buffer: 100000
Episode 418000/500000, Total Reward: 49964, Epsilon: 0.0100, Buffer: 100000
Episode 419000/500000, Total Reward: 45513, Epsilon: 0.0100, Buffer: 100000
Episode 420000/500000, Total Reward: 41097, Epsilon: 0.0100, Buffer: 100000
Episode 421000/500000, Total Reward: 46322, Epsilon: 0.0100, Buffer: 100000
Episode 422000/500000, Total Reward: 41350, Epsilon: 0.0100, Buffer: 100000
Episode 423000/500000, Total Reward: 46015, Epsilon: 0.0100, Buffer: 100000
Episode 424000/500000, Total Reward: 46106, Epsilon: 0.0100, Buffer: 100000
Episode 425000/500000, Total Reward: 49900, Epsilon: 0.0100, Buffer: 100000
Episode 426000/500000, Total Reward: 50875, Epsilon: 0.0100, Buffer: 100000
Episode 427000/500000, Total Reward: 45327, Epsilon: 0.0100, Buffer: 100000
Episode 428000/500000, Total Reward: 49994, Epsilon: 0.0100, Buffer: 100000
Episode 429000/500000, Total Reward: 46299, Epsilon: 0.0100, Buffer: 100000
Episode 430000/500000, Total Reward: 49545, Epsilon: 0.0100, Buffer: 100000
Episode 431000/500000, Total Reward: 42519, Epsilon: 0.0100, Buffer: 100000
Episode 432000/500000, Total Reward: 42804, Epsilon: 0.0100, Buffer: 100000
Episode 433000/500000, Total Reward: 44214, Epsilon: 0.0100, Buffer: 100000
Episode 434000/500000, Total Reward: -157, Epsilon: 0.0100, Buffer: 100000
Episode 435000/500000, Total Reward: 48405, Epsilon: 0.0100, Buffer: 100000
Episode 436000/500000, Total Reward: 42866, Epsilon: 0.0100, Buffer: 100000
Episode 437000/500000, Total Reward: 41730, Epsilon: 0.0100, Buffer: 100000
Episode 438000/500000, Total Reward: 43114, Epsilon: 0.0100, Buffer: 100000
Episode 439000/500000, Total Reward: 43031, Epsilon: 0.0100, Buffer: 100000
Episode 440000/500000, Total Reward: 46059, Epsilon: 0.0100, Buffer: 100000
Episode 441000/500000, Total Reward: 42889, Epsilon: 0.0100, Buffer: 100000
Episode 442000/500000, Total Reward: 41744, Epsilon: 0.0100, Buffer: 100000
Episode 443000/500000, Total Reward: 46757, Epsilon: 0.0100, Buffer: 100000
Episode 444000/500000, Total Reward: 40857, Epsilon: 0.0100, Buffer: 100000
Episode 445000/500000, Total Reward: 44453, Epsilon: 0.0100, Buffer: 100000
Episode 446000/500000, Total Reward: 46902, Epsilon: 0.0100, Buffer: 100000
Episode 447000/500000, Total Reward: 48202, Epsilon: 0.0100, Buffer: 100000
Episode 448000/500000, Total Reward: 38734, Epsilon: 0.0100, Buffer: 100000
Episode 449000/500000, Total Reward: 47759, Epsilon: 0.0100, Buffer: 100000
Episode 450000/500000, Total Reward: 44455, Epsilon: 0.0100, Buffer: 100000
Episode 451000/500000, Total Reward: 35098, Epsilon: 0.0100, Buffer: 100000
Episode 452000/500000, Total Reward: 44081, Epsilon: 0.0100, Buffer: 100000
Episode 453000/500000, Total Reward: 43396, Epsilon: 0.0100, Buffer: 100000
Episode 454000/500000, Total Reward: 38632, Epsilon: 0.0100, Buffer: 100000
Episode 455000/500000, Total Reward: 40238, Epsilon: 0.0100, Buffer: 100000
Episode 456000/500000, Total Reward: 39483, Epsilon: 0.0100, Buffer: 100000
Episode 457000/500000, Total Reward: 50339, Epsilon: 0.0100, Buffer: 100000
Episode 458000/500000, Total Reward: 46983, Epsilon: 0.0100, Buffer: 100000
Episode 459000/500000, Total Reward: 39709, Epsilon: 0.0100, Buffer: 100000
Episode 460000/500000, Total Reward: 45503, Epsilon: 0.0100, Buffer: 100000
Episode 461000/500000, Total Reward: 40522, Epsilon: 0.0100, Buffer: 100000
Episode 462000/500000, Total Reward: 40683, Epsilon: 0.0100, Buffer: 100000
Episode 463000/500000, Total Reward: 48801, Epsilon: 0.0100, Buffer: 100000
Episode 464000/500000, Total Reward: 45426, Epsilon: 0.0100, Buffer: 100000
Episode 465000/500000, Total Reward: 50511, Epsilon: 0.0100, Buffer: 100000
Episode 466000/500000, Total Reward: 39614, Epsilon: 0.0100, Buffer: 100000
Episode 467000/500000, Total Reward: 44246, Epsilon: 0.0100, Buffer: 100000
Episode 468000/500000, Total Reward: 42022, Epsilon: 0.0100, Buffer: 100000
Episode 469000/500000, Total Reward: 43098, Epsilon: 0.0100, Buffer: 100000
Episode 470000/500000, Total Reward: 46550, Epsilon: 0.0100, Buffer: 100000
Episode 471000/500000, Total Reward: 39917, Epsilon: 0.0100, Buffer: 100000
Episode 472000/500000, Total Reward: 45259, Epsilon: 0.0100, Buffer: 100000
Episode 473000/500000, Total Reward: 41934, Epsilon: 0.0100, Buffer: 100000
Episode 474000/500000, Total Reward: 45527, Epsilon: 0.0100, Buffer: 100000
Episode 475000/500000, Total Reward: 44540, Epsilon: 0.0100, Buffer: 100000
Episode 476000/500000, Total Reward: 44345, Epsilon: 0.0100, Buffer: 100000
Episode 477000/500000, Total Reward: 43604, Epsilon: 0.0100, Buffer: 100000
Episode 478000/500000, Total Reward: 49446, Epsilon: 0.0100, Buffer: 100000
Episode 479000/500000, Total Reward: 36869, Epsilon: 0.0100, Buffer: 100000
Episode 480000/500000, Total Reward: 44083, Epsilon: 0.0100, Buffer: 100000
Episode 481000/500000, Total Reward: 43212, Epsilon: 0.0100, Buffer: 100000
Episode 482000/500000, Total Reward: 42129, Epsilon: 0.0100, Buffer: 100000
Episode 483000/500000, Total Reward: 43208, Epsilon: 0.0100, Buffer: 100000
Episode 484000/500000, Total Reward: 40629, Epsilon: 0.0100, Buffer: 100000
Episode 485000/500000, Total Reward: 42833, Epsilon: 0.0100, Buffer: 100000
Episode 486000/500000, Total Reward: 44222, Epsilon: 0.0100, Buffer: 100000
Episode 487000/500000, Total Reward: 44980, Epsilon: 0.0100, Buffer: 100000
Episode 488000/500000, Total Reward: 49118, Epsilon: 0.0100, Buffer: 100000
Episode 489000/500000, Total Reward: 45108, Epsilon: 0.0100, Buffer: 100000
Episode 490000/500000, Total Reward: 35986, Epsilon: 0.0100, Buffer: 100000
Episode 491000/500000, Total Reward: 48155, Epsilon: 0.0100, Buffer: 100000
Episode 492000/500000, Total Reward: 42754, Epsilon: 0.0100, Buffer: 100000
Episode 493000/500000, Total Reward: 43324, Epsilon: 0.0100, Buffer: 100000
Episode 494000/500000, Total Reward: 43048, Epsilon: 0.0100, Buffer: 100000
Episode 495000/500000, Total Reward: 46017, Epsilon: 0.0100, Buffer: 100000
Episode 496000/500000, Total Reward: 45762, Epsilon: 0.0100, Buffer: 100000
Episode 497000/500000, Total Reward: 36506, Epsilon: 0.0100, Buffer: 100000
Episode 498000/500000, Total Reward: 41583, Epsilon: 0.0100, Buffer: 100000
Episode 499000/500000, Total Reward: 47100, Epsilon: 0.0100, Buffer: 100000
Episode 500000/500000, Total Reward: 44267, Epsilon: 0.0100, Buffer: 100000
Extracting Q-table from DQN for compatibility...
Saved DQN model to outputs/DQN_OG_500k_run3_model.pth
Saved Q-table (for compatibility) to outputs/DQN_OG_500k_run3.pkl

Learned DQN Q-table (sample):
State: (0, 0, 9, 0)
  Action: keep, Q-value: 5168.80
  Action: replace, Q-value: 4069.05
State: (1, 1, 0, 0)
  Action: keep, Q-value: 5420.19
  Action: replace, Q-value: 4067.68
State: (1, 1, 0, 1)
  Action: keep, Q-value: 4883.50
  Action: replace, Q-value: 4004.35
State: (1, 2, 0, 0)
  Action: keep, Q-value: 5436.65
  Action: replace, Q-value: 4081.69
State: (1, 2, 0, 1)
  Action: keep, Q-value: 4867.84
  Action: replace, Q-value: 3942.95
State: (1, 3, 0, 0)
  Action: keep, Q-value: 5364.27
  Action: replace, Q-value: 4079.32
State: (1, 3, 0, 1)
  Action: keep, Q-value: 4780.56
  Action: replace, Q-value: 4062.61
State: (1, 4, 0, 0)
  Action: keep, Q-value: 5264.81
  Action: replace, Q-value: 4074.37
State: (1, 4, 0, 1)
  Action: keep, Q-value: 4675.44
  Action: replace, Q-value: 4057.13
State: (1, 4, 1, 0)
  Action: keep, Q-value: 5350.38
  Action: replace, Q-value: 4089.21
Total states: 3289

Time taken for training: 112044.14 seconds
Average reward (last 1000 episodes): 43914.09
--- Run ended 2026-02-04 17:56:32 ---
