
--- Run started 2026-02-02 03:53:44 ---

======================================================================
CREATING NEW MODEL
======================================================================

Starting fresh with epsilon: 1.0000
======================================================================

Starting DQN training for 500000 episodes...
Episode 1000/500000, Total Reward: 40321, Epsilon: 0.0100, Buffer: 100000
Episode 2000/500000, Total Reward: 48058, Epsilon: 0.0100, Buffer: 100000
Episode 3000/500000, Total Reward: 50399, Epsilon: 0.0100, Buffer: 100000
Episode 4000/500000, Total Reward: 45581, Epsilon: 0.0100, Buffer: 100000
Episode 5000/500000, Total Reward: 46407, Epsilon: 0.0100, Buffer: 100000
Episode 6000/500000, Total Reward: 38337, Epsilon: 0.0100, Buffer: 100000
Episode 7000/500000, Total Reward: 41937, Epsilon: 0.0100, Buffer: 100000
Episode 8000/500000, Total Reward: 4734, Epsilon: 0.0100, Buffer: 100000
Episode 9000/500000, Total Reward: 47357, Epsilon: 0.0100, Buffer: 100000
Episode 10000/500000, Total Reward: 48913, Epsilon: 0.0100, Buffer: 100000
Episode 11000/500000, Total Reward: 40569, Epsilon: 0.0100, Buffer: 100000
Episode 12000/500000, Total Reward: 52162, Epsilon: 0.0100, Buffer: 100000
Episode 13000/500000, Total Reward: 54617, Epsilon: 0.0100, Buffer: 100000
Episode 14000/500000, Total Reward: 54187, Epsilon: 0.0100, Buffer: 100000
Episode 15000/500000, Total Reward: 50052, Epsilon: 0.0100, Buffer: 100000
Episode 16000/500000, Total Reward: 41340, Epsilon: 0.0100, Buffer: 100000
Episode 17000/500000, Total Reward: 43877, Epsilon: 0.0100, Buffer: 100000
Episode 18000/500000, Total Reward: 50034, Epsilon: 0.0100, Buffer: 100000
Episode 19000/500000, Total Reward: 61628, Epsilon: 0.0100, Buffer: 100000
Episode 20000/500000, Total Reward: 59175, Epsilon: 0.0100, Buffer: 100000
Episode 21000/500000, Total Reward: 52136, Epsilon: 0.0100, Buffer: 100000
Episode 22000/500000, Total Reward: 45359, Epsilon: 0.0100, Buffer: 100000
Episode 23000/500000, Total Reward: 33014, Epsilon: 0.0100, Buffer: 100000
Episode 24000/500000, Total Reward: 57597, Epsilon: 0.0100, Buffer: 100000
Episode 25000/500000, Total Reward: 28540, Epsilon: 0.0100, Buffer: 100000
Episode 26000/500000, Total Reward: 54124, Epsilon: 0.0100, Buffer: 100000
Episode 27000/500000, Total Reward: 45231, Epsilon: 0.0100, Buffer: 100000
Episode 28000/500000, Total Reward: 52072, Epsilon: 0.0100, Buffer: 100000
Episode 29000/500000, Total Reward: 50313, Epsilon: 0.0100, Buffer: 100000
Episode 30000/500000, Total Reward: 39815, Epsilon: 0.0100, Buffer: 100000
Episode 31000/500000, Total Reward: 34712, Epsilon: 0.0100, Buffer: 100000
Episode 32000/500000, Total Reward: 47694, Epsilon: 0.0100, Buffer: 100000
Episode 33000/500000, Total Reward: 44092, Epsilon: 0.0100, Buffer: 100000
Episode 34000/500000, Total Reward: 51180, Epsilon: 0.0100, Buffer: 100000
Episode 35000/500000, Total Reward: 56022, Epsilon: 0.0100, Buffer: 100000
Episode 36000/500000, Total Reward: 45844, Epsilon: 0.0100, Buffer: 100000
Episode 37000/500000, Total Reward: 47910, Epsilon: 0.0100, Buffer: 100000
Episode 38000/500000, Total Reward: 49356, Epsilon: 0.0100, Buffer: 100000
Episode 39000/500000, Total Reward: 40717, Epsilon: 0.0100, Buffer: 100000
Episode 40000/500000, Total Reward: 55210, Epsilon: 0.0100, Buffer: 100000
Episode 41000/500000, Total Reward: 53673, Epsilon: 0.0100, Buffer: 100000
Episode 42000/500000, Total Reward: 52503, Epsilon: 0.0100, Buffer: 100000
Episode 43000/500000, Total Reward: 42773, Epsilon: 0.0100, Buffer: 100000
Episode 44000/500000, Total Reward: 42025, Epsilon: 0.0100, Buffer: 100000
Episode 45000/500000, Total Reward: 36121, Epsilon: 0.0100, Buffer: 100000
Episode 46000/500000, Total Reward: 47139, Epsilon: 0.0100, Buffer: 100000
Episode 47000/500000, Total Reward: 34284, Epsilon: 0.0100, Buffer: 100000
Episode 48000/500000, Total Reward: 47891, Epsilon: 0.0100, Buffer: 100000
Episode 49000/500000, Total Reward: 43768, Epsilon: 0.0100, Buffer: 100000
Episode 50000/500000, Total Reward: 53607, Epsilon: 0.0100, Buffer: 100000
Episode 51000/500000, Total Reward: 44667, Epsilon: 0.0100, Buffer: 100000
Episode 52000/500000, Total Reward: 38217, Epsilon: 0.0100, Buffer: 100000
Episode 53000/500000, Total Reward: 39849, Epsilon: 0.0100, Buffer: 100000
Episode 54000/500000, Total Reward: 53338, Epsilon: 0.0100, Buffer: 100000
Episode 55000/500000, Total Reward: 42878, Epsilon: 0.0100, Buffer: 100000
Episode 56000/500000, Total Reward: 37509, Epsilon: 0.0100, Buffer: 100000
Episode 57000/500000, Total Reward: 54285, Epsilon: 0.0100, Buffer: 100000
Episode 58000/500000, Total Reward: 51429, Epsilon: 0.0100, Buffer: 100000
Episode 59000/500000, Total Reward: 36717, Epsilon: 0.0100, Buffer: 100000
Episode 60000/500000, Total Reward: 46560, Epsilon: 0.0100, Buffer: 100000
Episode 61000/500000, Total Reward: 47371, Epsilon: 0.0100, Buffer: 100000
Episode 62000/500000, Total Reward: 46320, Epsilon: 0.0100, Buffer: 100000
Episode 63000/500000, Total Reward: 51584, Epsilon: 0.0100, Buffer: 100000
Episode 64000/500000, Total Reward: 59280, Epsilon: 0.0100, Buffer: 100000
Episode 65000/500000, Total Reward: 38194, Epsilon: 0.0100, Buffer: 100000
Episode 66000/500000, Total Reward: 43815, Epsilon: 0.0100, Buffer: 100000
Episode 67000/500000, Total Reward: 33734, Epsilon: 0.0100, Buffer: 100000
Episode 68000/500000, Total Reward: 33417, Epsilon: 0.0100, Buffer: 100000
Episode 69000/500000, Total Reward: 36689, Epsilon: 0.0100, Buffer: 100000
Episode 70000/500000, Total Reward: 1260, Epsilon: 0.0100, Buffer: 100000
Episode 71000/500000, Total Reward: 51149, Epsilon: 0.0100, Buffer: 100000
Episode 72000/500000, Total Reward: 47817, Epsilon: 0.0100, Buffer: 100000
Episode 73000/500000, Total Reward: 48045, Epsilon: 0.0100, Buffer: 100000
Episode 74000/500000, Total Reward: 39094, Epsilon: 0.0100, Buffer: 100000
Episode 75000/500000, Total Reward: 42685, Epsilon: 0.0100, Buffer: 100000
Episode 76000/500000, Total Reward: 55143, Epsilon: 0.0100, Buffer: 100000
Episode 77000/500000, Total Reward: 49473, Epsilon: 0.0100, Buffer: 100000
Episode 78000/500000, Total Reward: 49281, Epsilon: 0.0100, Buffer: 100000
Episode 79000/500000, Total Reward: 3315, Epsilon: 0.0100, Buffer: 100000
Episode 80000/500000, Total Reward: 28574, Epsilon: 0.0100, Buffer: 100000
Episode 81000/500000, Total Reward: 47307, Epsilon: 0.0100, Buffer: 100000
Episode 82000/500000, Total Reward: 53303, Epsilon: 0.0100, Buffer: 100000
Episode 83000/500000, Total Reward: 47233, Epsilon: 0.0100, Buffer: 100000
Episode 84000/500000, Total Reward: 22657, Epsilon: 0.0100, Buffer: 100000
Episode 85000/500000, Total Reward: 47769, Epsilon: 0.0100, Buffer: 100000
Episode 86000/500000, Total Reward: 53751, Epsilon: 0.0100, Buffer: 100000
Episode 87000/500000, Total Reward: 31448, Epsilon: 0.0100, Buffer: 100000
Episode 88000/500000, Total Reward: 51173, Epsilon: 0.0100, Buffer: 100000
Episode 89000/500000, Total Reward: 47042, Epsilon: 0.0100, Buffer: 100000
Episode 90000/500000, Total Reward: 45625, Epsilon: 0.0100, Buffer: 100000
Episode 91000/500000, Total Reward: 48747, Epsilon: 0.0100, Buffer: 100000
Episode 92000/500000, Total Reward: 53991, Epsilon: 0.0100, Buffer: 100000
Episode 93000/500000, Total Reward: 54330, Epsilon: 0.0100, Buffer: 100000
Episode 94000/500000, Total Reward: 52296, Epsilon: 0.0100, Buffer: 100000
Episode 95000/500000, Total Reward: 51291, Epsilon: 0.0100, Buffer: 100000
Episode 96000/500000, Total Reward: 39936, Epsilon: 0.0100, Buffer: 100000
Episode 97000/500000, Total Reward: 55035, Epsilon: 0.0100, Buffer: 100000
Episode 98000/500000, Total Reward: 49557, Epsilon: 0.0100, Buffer: 100000
Episode 99000/500000, Total Reward: 23382, Epsilon: 0.0100, Buffer: 100000
Episode 100000/500000, Total Reward: 47018, Epsilon: 0.0100, Buffer: 100000
Episode 101000/500000, Total Reward: 55721, Epsilon: 0.0100, Buffer: 100000
Episode 102000/500000, Total Reward: 49524, Epsilon: 0.0100, Buffer: 100000
Episode 103000/500000, Total Reward: 34453, Epsilon: 0.0100, Buffer: 100000
Episode 104000/500000, Total Reward: 47634, Epsilon: 0.0100, Buffer: 100000
Episode 105000/500000, Total Reward: 38730, Epsilon: 0.0100, Buffer: 100000
Episode 106000/500000, Total Reward: 39913, Epsilon: 0.0100, Buffer: 100000
Episode 107000/500000, Total Reward: 51115, Epsilon: 0.0100, Buffer: 100000
Episode 108000/500000, Total Reward: 59079, Epsilon: 0.0100, Buffer: 100000
Episode 109000/500000, Total Reward: 52782, Epsilon: 0.0100, Buffer: 100000
Episode 110000/500000, Total Reward: 60038, Epsilon: 0.0100, Buffer: 100000
Episode 111000/500000, Total Reward: 43814, Epsilon: 0.0100, Buffer: 100000
Episode 112000/500000, Total Reward: 56156, Epsilon: 0.0100, Buffer: 100000
Episode 113000/500000, Total Reward: 36195, Epsilon: 0.0100, Buffer: 100000
Episode 114000/500000, Total Reward: 39812, Epsilon: 0.0100, Buffer: 100000
Episode 115000/500000, Total Reward: 50286, Epsilon: 0.0100, Buffer: 100000
Episode 116000/500000, Total Reward: 52567, Epsilon: 0.0100, Buffer: 100000
Episode 117000/500000, Total Reward: 54472, Epsilon: 0.0100, Buffer: 100000
Episode 118000/500000, Total Reward: 44942, Epsilon: 0.0100, Buffer: 100000
Episode 119000/500000, Total Reward: 46646, Epsilon: 0.0100, Buffer: 100000
Episode 120000/500000, Total Reward: 52267, Epsilon: 0.0100, Buffer: 100000
Episode 121000/500000, Total Reward: 45329, Epsilon: 0.0100, Buffer: 100000
Episode 122000/500000, Total Reward: 44272, Epsilon: 0.0100, Buffer: 100000
Episode 123000/500000, Total Reward: 32625, Epsilon: 0.0100, Buffer: 100000
Episode 124000/500000, Total Reward: 50814, Epsilon: 0.0100, Buffer: 100000
Episode 125000/500000, Total Reward: 39671, Epsilon: 0.0100, Buffer: 100000
Episode 126000/500000, Total Reward: 27290, Epsilon: 0.0100, Buffer: 100000
Episode 127000/500000, Total Reward: 44157, Epsilon: 0.0100, Buffer: 100000
Episode 128000/500000, Total Reward: 35429, Epsilon: 0.0100, Buffer: 100000
Episode 129000/500000, Total Reward: 36618, Epsilon: 0.0100, Buffer: 100000
Episode 130000/500000, Total Reward: 60565, Epsilon: 0.0100, Buffer: 100000
Episode 131000/500000, Total Reward: 53722, Epsilon: 0.0100, Buffer: 100000
Episode 132000/500000, Total Reward: 60610, Epsilon: 0.0100, Buffer: 100000
Episode 133000/500000, Total Reward: 55160, Epsilon: 0.0100, Buffer: 100000
Episode 134000/500000, Total Reward: 42595, Epsilon: 0.0100, Buffer: 100000
Episode 135000/500000, Total Reward: 44103, Epsilon: 0.0100, Buffer: 100000
Episode 136000/500000, Total Reward: 38165, Epsilon: 0.0100, Buffer: 100000
Episode 137000/500000, Total Reward: 36892, Epsilon: 0.0100, Buffer: 100000
Episode 138000/500000, Total Reward: 61242, Epsilon: 0.0100, Buffer: 100000
Episode 139000/500000, Total Reward: 37702, Epsilon: 0.0100, Buffer: 100000
Episode 140000/500000, Total Reward: 61770, Epsilon: 0.0100, Buffer: 100000
Episode 141000/500000, Total Reward: 43553, Epsilon: 0.0100, Buffer: 100000
Episode 142000/500000, Total Reward: 49748, Epsilon: 0.0100, Buffer: 100000
Episode 143000/500000, Total Reward: 55964, Epsilon: 0.0100, Buffer: 100000
Episode 144000/500000, Total Reward: 45266, Epsilon: 0.0100, Buffer: 100000
Episode 145000/500000, Total Reward: 44161, Epsilon: 0.0100, Buffer: 100000
Episode 146000/500000, Total Reward: 50440, Epsilon: 0.0100, Buffer: 100000
Episode 147000/500000, Total Reward: 61986, Epsilon: 0.0100, Buffer: 100000
Episode 148000/500000, Total Reward: 59590, Epsilon: 0.0100, Buffer: 100000
Episode 149000/500000, Total Reward: 37771, Epsilon: 0.0100, Buffer: 100000
Episode 150000/500000, Total Reward: 52453, Epsilon: 0.0100, Buffer: 100000
Episode 151000/500000, Total Reward: 32994, Epsilon: 0.0100, Buffer: 100000
Episode 152000/500000, Total Reward: 44804, Epsilon: 0.0100, Buffer: 100000
Episode 153000/500000, Total Reward: 47392, Epsilon: 0.0100, Buffer: 100000
Episode 154000/500000, Total Reward: 44199, Epsilon: 0.0100, Buffer: 100000
Episode 155000/500000, Total Reward: 49032, Epsilon: 0.0100, Buffer: 100000
Episode 156000/500000, Total Reward: 55333, Epsilon: 0.0100, Buffer: 100000
Episode 157000/500000, Total Reward: 54132, Epsilon: 0.0100, Buffer: 100000
Episode 158000/500000, Total Reward: 53511, Epsilon: 0.0100, Buffer: 100000
Episode 159000/500000, Total Reward: 36391, Epsilon: 0.0100, Buffer: 100000
Episode 160000/500000, Total Reward: 57601, Epsilon: 0.0100, Buffer: 100000
Episode 161000/500000, Total Reward: 47802, Epsilon: 0.0100, Buffer: 100000
Episode 162000/500000, Total Reward: 52058, Epsilon: 0.0100, Buffer: 100000
Episode 163000/500000, Total Reward: 37494, Epsilon: 0.0100, Buffer: 100000
Episode 164000/500000, Total Reward: 63702, Epsilon: 0.0100, Buffer: 100000
Episode 165000/500000, Total Reward: 51828, Epsilon: 0.0100, Buffer: 100000
Episode 166000/500000, Total Reward: 31910, Epsilon: 0.0100, Buffer: 100000
Episode 167000/500000, Total Reward: 55836, Epsilon: 0.0100, Buffer: 100000
Episode 168000/500000, Total Reward: 55979, Epsilon: 0.0100, Buffer: 100000
Episode 169000/500000, Total Reward: 45341, Epsilon: 0.0100, Buffer: 100000
Episode 170000/500000, Total Reward: 39890, Epsilon: 0.0100, Buffer: 100000
Episode 171000/500000, Total Reward: 45729, Epsilon: 0.0100, Buffer: 100000
Episode 172000/500000, Total Reward: 46020, Epsilon: 0.0100, Buffer: 100000
Episode 173000/500000, Total Reward: 47786, Epsilon: 0.0100, Buffer: 100000
Episode 174000/500000, Total Reward: 41937, Epsilon: 0.0100, Buffer: 100000
Episode 175000/500000, Total Reward: 43979, Epsilon: 0.0100, Buffer: 100000
Episode 176000/500000, Total Reward: 34415, Epsilon: 0.0100, Buffer: 100000
Episode 177000/500000, Total Reward: 51465, Epsilon: 0.0100, Buffer: 100000
Episode 178000/500000, Total Reward: 43638, Epsilon: 0.0100, Buffer: 100000
Episode 179000/500000, Total Reward: 51346, Epsilon: 0.0100, Buffer: 100000
Episode 180000/500000, Total Reward: 42161, Epsilon: 0.0100, Buffer: 100000
Episode 181000/500000, Total Reward: 50214, Epsilon: 0.0100, Buffer: 100000
Episode 182000/500000, Total Reward: 5268, Epsilon: 0.0100, Buffer: 100000
Episode 183000/500000, Total Reward: 53214, Epsilon: 0.0100, Buffer: 100000
Episode 184000/500000, Total Reward: 55730, Epsilon: 0.0100, Buffer: 100000
Episode 185000/500000, Total Reward: 38084, Epsilon: 0.0100, Buffer: 100000
Episode 186000/500000, Total Reward: 40024, Epsilon: 0.0100, Buffer: 100000
Episode 187000/500000, Total Reward: 41319, Epsilon: 0.0100, Buffer: 100000
Episode 188000/500000, Total Reward: 50328, Epsilon: 0.0100, Buffer: 100000
Episode 189000/500000, Total Reward: 51378, Epsilon: 0.0100, Buffer: 100000
Episode 190000/500000, Total Reward: 58894, Epsilon: 0.0100, Buffer: 100000
Episode 191000/500000, Total Reward: 51609, Epsilon: 0.0100, Buffer: 100000
Episode 192000/500000, Total Reward: 50567, Epsilon: 0.0100, Buffer: 100000
Episode 193000/500000, Total Reward: 49544, Epsilon: 0.0100, Buffer: 100000
Episode 194000/500000, Total Reward: 45902, Epsilon: 0.0100, Buffer: 100000
Episode 195000/500000, Total Reward: 51945, Epsilon: 0.0100, Buffer: 100000
Episode 196000/500000, Total Reward: 53608, Epsilon: 0.0100, Buffer: 100000
Episode 197000/500000, Total Reward: 38810, Epsilon: 0.0100, Buffer: 100000
Episode 198000/500000, Total Reward: 45711, Epsilon: 0.0100, Buffer: 100000
Episode 199000/500000, Total Reward: 45025, Epsilon: 0.0100, Buffer: 100000
Episode 200000/500000, Total Reward: 60102, Epsilon: 0.0100, Buffer: 100000
Episode 201000/500000, Total Reward: 48757, Epsilon: 0.0100, Buffer: 100000
Episode 202000/500000, Total Reward: 47289, Epsilon: 0.0100, Buffer: 100000
Episode 203000/500000, Total Reward: 57300, Epsilon: 0.0100, Buffer: 100000
Episode 204000/500000, Total Reward: 56767, Epsilon: 0.0100, Buffer: 100000
Episode 205000/500000, Total Reward: 46369, Epsilon: 0.0100, Buffer: 100000
Episode 206000/500000, Total Reward: 38255, Epsilon: 0.0100, Buffer: 100000
Episode 207000/500000, Total Reward: 42671, Epsilon: 0.0100, Buffer: 100000
Episode 208000/500000, Total Reward: 45050, Epsilon: 0.0100, Buffer: 100000
Episode 209000/500000, Total Reward: 31597, Epsilon: 0.0100, Buffer: 100000
Episode 210000/500000, Total Reward: 4738, Epsilon: 0.0100, Buffer: 100000
Episode 211000/500000, Total Reward: 42709, Epsilon: 0.0100, Buffer: 100000
Episode 212000/500000, Total Reward: 39774, Epsilon: 0.0100, Buffer: 100000
Episode 213000/500000, Total Reward: 42500, Epsilon: 0.0100, Buffer: 100000
Episode 214000/500000, Total Reward: 1049, Epsilon: 0.0100, Buffer: 100000
Episode 215000/500000, Total Reward: 54838, Epsilon: 0.0100, Buffer: 100000
Episode 216000/500000, Total Reward: 44524, Epsilon: 0.0100, Buffer: 100000
Episode 217000/500000, Total Reward: 24325, Epsilon: 0.0100, Buffer: 100000
Episode 218000/500000, Total Reward: 56294, Epsilon: 0.0100, Buffer: 100000
Episode 219000/500000, Total Reward: 48399, Epsilon: 0.0100, Buffer: 100000
Episode 220000/500000, Total Reward: 61285, Epsilon: 0.0100, Buffer: 100000
Episode 221000/500000, Total Reward: 40587, Epsilon: 0.0100, Buffer: 100000
Episode 222000/500000, Total Reward: 35952, Epsilon: 0.0100, Buffer: 100000
Episode 223000/500000, Total Reward: 55118, Epsilon: 0.0100, Buffer: 100000
Episode 224000/500000, Total Reward: 38127, Epsilon: 0.0100, Buffer: 100000
Episode 225000/500000, Total Reward: 46333, Epsilon: 0.0100, Buffer: 100000
Episode 226000/500000, Total Reward: 39174, Epsilon: 0.0100, Buffer: 100000
Episode 227000/500000, Total Reward: 57628, Epsilon: 0.0100, Buffer: 100000
Episode 228000/500000, Total Reward: 56806, Epsilon: 0.0100, Buffer: 100000
Episode 229000/500000, Total Reward: 49363, Epsilon: 0.0100, Buffer: 100000
Episode 230000/500000, Total Reward: 38712, Epsilon: 0.0100, Buffer: 100000
Episode 231000/500000, Total Reward: 40744, Epsilon: 0.0100, Buffer: 100000
Episode 232000/500000, Total Reward: 49375, Epsilon: 0.0100, Buffer: 100000
Episode 233000/500000, Total Reward: 43786, Epsilon: 0.0100, Buffer: 100000
Episode 234000/500000, Total Reward: 60591, Epsilon: 0.0100, Buffer: 100000
Episode 235000/500000, Total Reward: 52168, Epsilon: 0.0100, Buffer: 100000
Episode 236000/500000, Total Reward: 37762, Epsilon: 0.0100, Buffer: 100000
Episode 237000/500000, Total Reward: 48776, Epsilon: 0.0100, Buffer: 100000
Episode 238000/500000, Total Reward: 55965, Epsilon: 0.0100, Buffer: 100000
Episode 239000/500000, Total Reward: 49463, Epsilon: 0.0100, Buffer: 100000
Episode 240000/500000, Total Reward: 37930, Epsilon: 0.0100, Buffer: 100000
Episode 241000/500000, Total Reward: 48178, Epsilon: 0.0100, Buffer: 100000
Episode 242000/500000, Total Reward: 56717, Epsilon: 0.0100, Buffer: 100000
Episode 243000/500000, Total Reward: 47765, Epsilon: 0.0100, Buffer: 100000
Episode 244000/500000, Total Reward: 54529, Epsilon: 0.0100, Buffer: 100000
Episode 245000/500000, Total Reward: 49875, Epsilon: 0.0100, Buffer: 100000
Episode 246000/500000, Total Reward: 46278, Epsilon: 0.0100, Buffer: 100000
Episode 247000/500000, Total Reward: 54430, Epsilon: 0.0100, Buffer: 100000
Episode 248000/500000, Total Reward: 55724, Epsilon: 0.0100, Buffer: 100000
Episode 249000/500000, Total Reward: 42521, Epsilon: 0.0100, Buffer: 100000
Episode 250000/500000, Total Reward: 34391, Epsilon: 0.0100, Buffer: 100000
Episode 251000/500000, Total Reward: 45287, Epsilon: 0.0100, Buffer: 100000
Episode 252000/500000, Total Reward: 42692, Epsilon: 0.0100, Buffer: 100000
Episode 253000/500000, Total Reward: 46513, Epsilon: 0.0100, Buffer: 100000
Episode 254000/500000, Total Reward: 52200, Epsilon: 0.0100, Buffer: 100000
Episode 255000/500000, Total Reward: 32675, Epsilon: 0.0100, Buffer: 100000
Episode 256000/500000, Total Reward: 51478, Epsilon: 0.0100, Buffer: 100000
Episode 257000/500000, Total Reward: 45148, Epsilon: 0.0100, Buffer: 100000
Episode 258000/500000, Total Reward: 47202, Epsilon: 0.0100, Buffer: 100000
Episode 259000/500000, Total Reward: 40682, Epsilon: 0.0100, Buffer: 100000
Episode 260000/500000, Total Reward: 45503, Epsilon: 0.0100, Buffer: 100000
Episode 261000/500000, Total Reward: 35220, Epsilon: 0.0100, Buffer: 100000
Episode 262000/500000, Total Reward: 55590, Epsilon: 0.0100, Buffer: 100000
Episode 263000/500000, Total Reward: 29086, Epsilon: 0.0100, Buffer: 100000
Episode 264000/500000, Total Reward: 47849, Epsilon: 0.0100, Buffer: 100000
Episode 265000/500000, Total Reward: 38001, Epsilon: 0.0100, Buffer: 100000
Episode 266000/500000, Total Reward: 41458, Epsilon: 0.0100, Buffer: 100000
Episode 267000/500000, Total Reward: 35598, Epsilon: 0.0100, Buffer: 100000
Episode 268000/500000, Total Reward: 40869, Epsilon: 0.0100, Buffer: 100000
Episode 269000/500000, Total Reward: 40446, Epsilon: 0.0100, Buffer: 100000
Episode 270000/500000, Total Reward: 53117, Epsilon: 0.0100, Buffer: 100000
Episode 271000/500000, Total Reward: 53079, Epsilon: 0.0100, Buffer: 100000
Episode 272000/500000, Total Reward: 41348, Epsilon: 0.0100, Buffer: 100000
Episode 273000/500000, Total Reward: 54839, Epsilon: 0.0100, Buffer: 100000
Episode 274000/500000, Total Reward: 52218, Epsilon: 0.0100, Buffer: 100000
Episode 275000/500000, Total Reward: 45483, Epsilon: 0.0100, Buffer: 100000
Episode 276000/500000, Total Reward: 40600, Epsilon: 0.0100, Buffer: 100000
Episode 277000/500000, Total Reward: 42454, Epsilon: 0.0100, Buffer: 100000
Episode 278000/500000, Total Reward: 42756, Epsilon: 0.0100, Buffer: 100000
Episode 279000/500000, Total Reward: 44614, Epsilon: 0.0100, Buffer: 100000
Episode 280000/500000, Total Reward: 47256, Epsilon: 0.0100, Buffer: 100000
Episode 281000/500000, Total Reward: 56349, Epsilon: 0.0100, Buffer: 100000
Episode 282000/500000, Total Reward: 46832, Epsilon: 0.0100, Buffer: 100000
Episode 283000/500000, Total Reward: 48883, Epsilon: 0.0100, Buffer: 100000
Episode 284000/500000, Total Reward: 35622, Epsilon: 0.0100, Buffer: 100000
Episode 285000/500000, Total Reward: 53088, Epsilon: 0.0100, Buffer: 100000
Episode 286000/500000, Total Reward: 39833, Epsilon: 0.0100, Buffer: 100000
Episode 287000/500000, Total Reward: 48246, Epsilon: 0.0100, Buffer: 100000
Episode 288000/500000, Total Reward: 43000, Epsilon: 0.0100, Buffer: 100000
Episode 289000/500000, Total Reward: 51779, Epsilon: 0.0100, Buffer: 100000
Episode 290000/500000, Total Reward: 44089, Epsilon: 0.0100, Buffer: 100000
Episode 291000/500000, Total Reward: 46059, Epsilon: 0.0100, Buffer: 100000
Episode 292000/500000, Total Reward: 45126, Epsilon: 0.0100, Buffer: 100000
Episode 293000/500000, Total Reward: 33625, Epsilon: 0.0100, Buffer: 100000
Episode 294000/500000, Total Reward: 54224, Epsilon: 0.0100, Buffer: 100000
Episode 295000/500000, Total Reward: 46072, Epsilon: 0.0100, Buffer: 100000
Episode 296000/500000, Total Reward: 47939, Epsilon: 0.0100, Buffer: 100000
Episode 297000/500000, Total Reward: 42653, Epsilon: 0.0100, Buffer: 100000
Episode 298000/500000, Total Reward: 41951, Epsilon: 0.0100, Buffer: 100000
Episode 299000/500000, Total Reward: 40265, Epsilon: 0.0100, Buffer: 100000
Episode 300000/500000, Total Reward: 45598, Epsilon: 0.0100, Buffer: 100000
Episode 301000/500000, Total Reward: 46452, Epsilon: 0.0100, Buffer: 100000
Episode 302000/500000, Total Reward: 60291, Epsilon: 0.0100, Buffer: 100000
Episode 303000/500000, Total Reward: 39764, Epsilon: 0.0100, Buffer: 100000
Episode 304000/500000, Total Reward: 34350, Epsilon: 0.0100, Buffer: 100000
Episode 305000/500000, Total Reward: 40595, Epsilon: 0.0100, Buffer: 100000
Episode 306000/500000, Total Reward: 40488, Epsilon: 0.0100, Buffer: 100000
Episode 307000/500000, Total Reward: 40814, Epsilon: 0.0100, Buffer: 100000
Episode 308000/500000, Total Reward: 57402, Epsilon: 0.0100, Buffer: 100000
Episode 309000/500000, Total Reward: 56943, Epsilon: 0.0100, Buffer: 100000
Episode 310000/500000, Total Reward: 35425, Epsilon: 0.0100, Buffer: 100000
Episode 311000/500000, Total Reward: 36582, Epsilon: 0.0100, Buffer: 100000
Episode 312000/500000, Total Reward: 46506, Epsilon: 0.0100, Buffer: 100000
Episode 313000/500000, Total Reward: 43105, Epsilon: 0.0100, Buffer: 100000
Episode 314000/500000, Total Reward: 55942, Epsilon: 0.0100, Buffer: 100000
Episode 315000/500000, Total Reward: 55670, Epsilon: 0.0100, Buffer: 100000
Episode 316000/500000, Total Reward: 44142, Epsilon: 0.0100, Buffer: 100000
Episode 317000/500000, Total Reward: 27292, Epsilon: 0.0100, Buffer: 100000
Episode 318000/500000, Total Reward: 39318, Epsilon: 0.0100, Buffer: 100000
Episode 319000/500000, Total Reward: 58023, Epsilon: 0.0100, Buffer: 100000
Episode 320000/500000, Total Reward: 37111, Epsilon: 0.0100, Buffer: 100000
Episode 321000/500000, Total Reward: 41595, Epsilon: 0.0100, Buffer: 100000
Episode 322000/500000, Total Reward: 58692, Epsilon: 0.0100, Buffer: 100000
Episode 323000/500000, Total Reward: 45517, Epsilon: 0.0100, Buffer: 100000
Episode 324000/500000, Total Reward: 49164, Epsilon: 0.0100, Buffer: 100000
Episode 325000/500000, Total Reward: 36882, Epsilon: 0.0100, Buffer: 100000
Episode 326000/500000, Total Reward: 51289, Epsilon: 0.0100, Buffer: 100000
Episode 327000/500000, Total Reward: 56415, Epsilon: 0.0100, Buffer: 100000
Episode 328000/500000, Total Reward: 56112, Epsilon: 0.0100, Buffer: 100000
Episode 329000/500000, Total Reward: 47888, Epsilon: 0.0100, Buffer: 100000
Episode 330000/500000, Total Reward: 46683, Epsilon: 0.0100, Buffer: 100000
Episode 331000/500000, Total Reward: 51522, Epsilon: 0.0100, Buffer: 100000
Episode 332000/500000, Total Reward: 43029, Epsilon: 0.0100, Buffer: 100000
Episode 333000/500000, Total Reward: 47581, Epsilon: 0.0100, Buffer: 100000
Episode 334000/500000, Total Reward: 51285, Epsilon: 0.0100, Buffer: 100000
Episode 335000/500000, Total Reward: 53218, Epsilon: 0.0100, Buffer: 100000
Episode 336000/500000, Total Reward: 55684, Epsilon: 0.0100, Buffer: 100000
Episode 337000/500000, Total Reward: 49702, Epsilon: 0.0100, Buffer: 100000
Episode 338000/500000, Total Reward: 43562, Epsilon: 0.0100, Buffer: 100000
Episode 339000/500000, Total Reward: 60361, Epsilon: 0.0100, Buffer: 100000
Episode 340000/500000, Total Reward: 50008, Epsilon: 0.0100, Buffer: 100000
Episode 341000/500000, Total Reward: 31381, Epsilon: 0.0100, Buffer: 100000
Episode 342000/500000, Total Reward: 42137, Epsilon: 0.0100, Buffer: 100000
Episode 343000/500000, Total Reward: 40480, Epsilon: 0.0100, Buffer: 100000
Episode 344000/500000, Total Reward: 49663, Epsilon: 0.0100, Buffer: 100000
Episode 345000/500000, Total Reward: 45703, Epsilon: 0.0100, Buffer: 100000
Episode 346000/500000, Total Reward: 53316, Epsilon: 0.0100, Buffer: 100000
Episode 347000/500000, Total Reward: 53466, Epsilon: 0.0100, Buffer: 100000
Episode 348000/500000, Total Reward: 58729, Epsilon: 0.0100, Buffer: 100000
Episode 349000/500000, Total Reward: 43557, Epsilon: 0.0100, Buffer: 100000
Episode 350000/500000, Total Reward: 52574, Epsilon: 0.0100, Buffer: 100000
Episode 351000/500000, Total Reward: 47919, Epsilon: 0.0100, Buffer: 100000
Episode 352000/500000, Total Reward: 43577, Epsilon: 0.0100, Buffer: 100000
Episode 353000/500000, Total Reward: 38871, Epsilon: 0.0100, Buffer: 100000
Episode 354000/500000, Total Reward: 45830, Epsilon: 0.0100, Buffer: 100000
Episode 355000/500000, Total Reward: 35987, Epsilon: 0.0100, Buffer: 100000
Episode 356000/500000, Total Reward: 37211, Epsilon: 0.0100, Buffer: 100000
Episode 357000/500000, Total Reward: 44807, Epsilon: 0.0100, Buffer: 100000
Episode 358000/500000, Total Reward: 52013, Epsilon: 0.0100, Buffer: 100000
Episode 359000/500000, Total Reward: 35860, Epsilon: 0.0100, Buffer: 100000
Episode 360000/500000, Total Reward: 44983, Epsilon: 0.0100, Buffer: 100000
Episode 361000/500000, Total Reward: 47297, Epsilon: 0.0100, Buffer: 100000
Episode 362000/500000, Total Reward: 41352, Epsilon: 0.0100, Buffer: 100000
Episode 363000/500000, Total Reward: 46802, Epsilon: 0.0100, Buffer: 100000
Episode 364000/500000, Total Reward: 54340, Epsilon: 0.0100, Buffer: 100000
Episode 365000/500000, Total Reward: 45179, Epsilon: 0.0100, Buffer: 100000
Episode 366000/500000, Total Reward: 42345, Epsilon: 0.0100, Buffer: 100000
Episode 367000/500000, Total Reward: 51328, Epsilon: 0.0100, Buffer: 100000
Episode 368000/500000, Total Reward: 36648, Epsilon: 0.0100, Buffer: 100000
Episode 369000/500000, Total Reward: 39920, Epsilon: 0.0100, Buffer: 100000
Episode 370000/500000, Total Reward: 40873, Epsilon: 0.0100, Buffer: 100000
Episode 371000/500000, Total Reward: 55124, Epsilon: 0.0100, Buffer: 100000
Episode 372000/500000, Total Reward: 60020, Epsilon: 0.0100, Buffer: 100000
Episode 373000/500000, Total Reward: 30598, Epsilon: 0.0100, Buffer: 100000
Episode 374000/500000, Total Reward: 46160, Epsilon: 0.0100, Buffer: 100000
Episode 375000/500000, Total Reward: 35009, Epsilon: 0.0100, Buffer: 100000
Episode 376000/500000, Total Reward: 48125, Epsilon: 0.0100, Buffer: 100000
Episode 377000/500000, Total Reward: 43927, Epsilon: 0.0100, Buffer: 100000
Episode 378000/500000, Total Reward: 33573, Epsilon: 0.0100, Buffer: 100000
Episode 379000/500000, Total Reward: 52462, Epsilon: 0.0100, Buffer: 100000
Episode 380000/500000, Total Reward: 56482, Epsilon: 0.0100, Buffer: 100000
Episode 381000/500000, Total Reward: 43632, Epsilon: 0.0100, Buffer: 100000
Episode 382000/500000, Total Reward: 51639, Epsilon: 0.0100, Buffer: 100000
Episode 383000/500000, Total Reward: 45242, Epsilon: 0.0100, Buffer: 100000
Episode 384000/500000, Total Reward: 46467, Epsilon: 0.0100, Buffer: 100000
Episode 385000/500000, Total Reward: 38585, Epsilon: 0.0100, Buffer: 100000
Episode 386000/500000, Total Reward: 35534, Epsilon: 0.0100, Buffer: 100000
Episode 387000/500000, Total Reward: 39969, Epsilon: 0.0100, Buffer: 100000
Episode 388000/500000, Total Reward: 47382, Epsilon: 0.0100, Buffer: 100000
Episode 389000/500000, Total Reward: 60481, Epsilon: 0.0100, Buffer: 100000
Episode 390000/500000, Total Reward: 36928, Epsilon: 0.0100, Buffer: 100000
Episode 391000/500000, Total Reward: 39402, Epsilon: 0.0100, Buffer: 100000
Episode 392000/500000, Total Reward: 34125, Epsilon: 0.0100, Buffer: 100000
Episode 393000/500000, Total Reward: 51706, Epsilon: 0.0100, Buffer: 100000
Episode 394000/500000, Total Reward: 48363, Epsilon: 0.0100, Buffer: 100000
Episode 395000/500000, Total Reward: 38816, Epsilon: 0.0100, Buffer: 100000
Episode 396000/500000, Total Reward: 36359, Epsilon: 0.0100, Buffer: 100000
Episode 397000/500000, Total Reward: 53627, Epsilon: 0.0100, Buffer: 100000
Episode 398000/500000, Total Reward: 33791, Epsilon: 0.0100, Buffer: 100000
Episode 399000/500000, Total Reward: 40854, Epsilon: 0.0100, Buffer: 100000
Episode 400000/500000, Total Reward: 52064, Epsilon: 0.0100, Buffer: 100000
Episode 401000/500000, Total Reward: 44759, Epsilon: 0.0100, Buffer: 100000
Episode 402000/500000, Total Reward: 30617, Epsilon: 0.0100, Buffer: 100000
Episode 403000/500000, Total Reward: 27306, Epsilon: 0.0100, Buffer: 100000
Episode 404000/500000, Total Reward: 41545, Epsilon: 0.0100, Buffer: 100000
Episode 405000/500000, Total Reward: 50007, Epsilon: 0.0100, Buffer: 100000
Episode 406000/500000, Total Reward: 53460, Epsilon: 0.0100, Buffer: 100000
Episode 407000/500000, Total Reward: 45715, Epsilon: 0.0100, Buffer: 100000
Episode 408000/500000, Total Reward: 45373, Epsilon: 0.0100, Buffer: 100000
Episode 409000/500000, Total Reward: 45587, Epsilon: 0.0100, Buffer: 100000
Episode 410000/500000, Total Reward: 51820, Epsilon: 0.0100, Buffer: 100000
Episode 411000/500000, Total Reward: 29678, Epsilon: 0.0100, Buffer: 100000
Episode 412000/500000, Total Reward: 47821, Epsilon: 0.0100, Buffer: 100000
Episode 413000/500000, Total Reward: 50085, Epsilon: 0.0100, Buffer: 100000
Episode 414000/500000, Total Reward: 43777, Epsilon: 0.0100, Buffer: 100000
Episode 415000/500000, Total Reward: 55144, Epsilon: 0.0100, Buffer: 100000
Episode 416000/500000, Total Reward: 36741, Epsilon: 0.0100, Buffer: 100000
Episode 417000/500000, Total Reward: 37245, Epsilon: 0.0100, Buffer: 100000
Episode 418000/500000, Total Reward: 51299, Epsilon: 0.0100, Buffer: 100000
Episode 419000/500000, Total Reward: 38702, Epsilon: 0.0100, Buffer: 100000
Episode 420000/500000, Total Reward: 53336, Epsilon: 0.0100, Buffer: 100000
Episode 421000/500000, Total Reward: 41344, Epsilon: 0.0100, Buffer: 100000
Episode 422000/500000, Total Reward: 46672, Epsilon: 0.0100, Buffer: 100000
Episode 423000/500000, Total Reward: 40585, Epsilon: 0.0100, Buffer: 100000
Episode 424000/500000, Total Reward: 51503, Epsilon: 0.0100, Buffer: 100000
Episode 425000/500000, Total Reward: 51288, Epsilon: 0.0100, Buffer: 100000
Episode 426000/500000, Total Reward: 52688, Epsilon: 0.0100, Buffer: 100000
Episode 427000/500000, Total Reward: 41438, Epsilon: 0.0100, Buffer: 100000
Episode 428000/500000, Total Reward: 58860, Epsilon: 0.0100, Buffer: 100000
Episode 429000/500000, Total Reward: 54205, Epsilon: 0.0100, Buffer: 100000
Episode 430000/500000, Total Reward: 40428, Epsilon: 0.0100, Buffer: 100000
Episode 431000/500000, Total Reward: 60599, Epsilon: 0.0100, Buffer: 100000
Episode 432000/500000, Total Reward: 44690, Epsilon: 0.0100, Buffer: 100000
Episode 433000/500000, Total Reward: 49338, Epsilon: 0.0100, Buffer: 100000
Episode 434000/500000, Total Reward: 40448, Epsilon: 0.0100, Buffer: 100000
Episode 435000/500000, Total Reward: 44691, Epsilon: 0.0100, Buffer: 100000
Episode 436000/500000, Total Reward: 45339, Epsilon: 0.0100, Buffer: 100000
Episode 437000/500000, Total Reward: 42043, Epsilon: 0.0100, Buffer: 100000
Episode 438000/500000, Total Reward: 50472, Epsilon: 0.0100, Buffer: 100000
Episode 439000/500000, Total Reward: 43570, Epsilon: 0.0100, Buffer: 100000
Episode 440000/500000, Total Reward: 39436, Epsilon: 0.0100, Buffer: 100000
Episode 441000/500000, Total Reward: 46550, Epsilon: 0.0100, Buffer: 100000
Episode 442000/500000, Total Reward: 52012, Epsilon: 0.0100, Buffer: 100000
Episode 443000/500000, Total Reward: 53578, Epsilon: 0.0100, Buffer: 100000
Episode 444000/500000, Total Reward: 43113, Epsilon: 0.0100, Buffer: 100000
Episode 445000/500000, Total Reward: 46383, Epsilon: 0.0100, Buffer: 100000
Episode 446000/500000, Total Reward: 32190, Epsilon: 0.0100, Buffer: 100000
Episode 447000/500000, Total Reward: 47324, Epsilon: 0.0100, Buffer: 100000
Episode 448000/500000, Total Reward: 57880, Epsilon: 0.0100, Buffer: 100000
Episode 449000/500000, Total Reward: 55027, Epsilon: 0.0100, Buffer: 100000
Episode 450000/500000, Total Reward: 50807, Epsilon: 0.0100, Buffer: 100000
Episode 451000/500000, Total Reward: 55016, Epsilon: 0.0100, Buffer: 100000
Episode 452000/500000, Total Reward: 45925, Epsilon: 0.0100, Buffer: 100000
Episode 453000/500000, Total Reward: 51205, Epsilon: 0.0100, Buffer: 100000
Episode 454000/500000, Total Reward: 53211, Epsilon: 0.0100, Buffer: 100000
Episode 455000/500000, Total Reward: 44598, Epsilon: 0.0100, Buffer: 100000
Episode 456000/500000, Total Reward: 44851, Epsilon: 0.0100, Buffer: 100000
Episode 457000/500000, Total Reward: 58469, Epsilon: 0.0100, Buffer: 100000
Episode 458000/500000, Total Reward: 60850, Epsilon: 0.0100, Buffer: 100000
Episode 459000/500000, Total Reward: 35756, Epsilon: 0.0100, Buffer: 100000
Episode 460000/500000, Total Reward: 47936, Epsilon: 0.0100, Buffer: 100000
Episode 461000/500000, Total Reward: 43129, Epsilon: 0.0100, Buffer: 100000
Episode 462000/500000, Total Reward: 49161, Epsilon: 0.0100, Buffer: 100000
Episode 463000/500000, Total Reward: 44718, Epsilon: 0.0100, Buffer: 100000
Episode 464000/500000, Total Reward: 34117, Epsilon: 0.0100, Buffer: 100000
Episode 465000/500000, Total Reward: 44267, Epsilon: 0.0100, Buffer: 100000
Episode 466000/500000, Total Reward: 48678, Epsilon: 0.0100, Buffer: 100000
Episode 467000/500000, Total Reward: 53108, Epsilon: 0.0100, Buffer: 100000
Episode 468000/500000, Total Reward: 43240, Epsilon: 0.0100, Buffer: 100000
Episode 469000/500000, Total Reward: 56625, Epsilon: 0.0100, Buffer: 100000
Episode 470000/500000, Total Reward: 47447, Epsilon: 0.0100, Buffer: 100000
Episode 471000/500000, Total Reward: 44852, Epsilon: 0.0100, Buffer: 100000
Episode 472000/500000, Total Reward: 51069, Epsilon: 0.0100, Buffer: 100000
Episode 473000/500000, Total Reward: 46800, Epsilon: 0.0100, Buffer: 100000
Episode 474000/500000, Total Reward: 49447, Epsilon: 0.0100, Buffer: 100000
Episode 475000/500000, Total Reward: 31834, Epsilon: 0.0100, Buffer: 100000
Episode 476000/500000, Total Reward: 37937, Epsilon: 0.0100, Buffer: 100000
Episode 477000/500000, Total Reward: 47541, Epsilon: 0.0100, Buffer: 100000
Episode 478000/500000, Total Reward: 39917, Epsilon: 0.0100, Buffer: 100000
Episode 479000/500000, Total Reward: 52892, Epsilon: 0.0100, Buffer: 100000
Episode 480000/500000, Total Reward: 50337, Epsilon: 0.0100, Buffer: 100000
Episode 481000/500000, Total Reward: 53519, Epsilon: 0.0100, Buffer: 100000
Episode 482000/500000, Total Reward: 59979, Epsilon: 0.0100, Buffer: 100000
Episode 483000/500000, Total Reward: 48508, Epsilon: 0.0100, Buffer: 100000
Episode 484000/500000, Total Reward: 48319, Epsilon: 0.0100, Buffer: 100000
Episode 485000/500000, Total Reward: 49971, Epsilon: 0.0100, Buffer: 100000
Episode 486000/500000, Total Reward: 48194, Epsilon: 0.0100, Buffer: 100000
Episode 487000/500000, Total Reward: 44025, Epsilon: 0.0100, Buffer: 100000
Episode 488000/500000, Total Reward: 24397, Epsilon: 0.0100, Buffer: 100000
Episode 489000/500000, Total Reward: 49343, Epsilon: 0.0100, Buffer: 100000
Episode 490000/500000, Total Reward: 38610, Epsilon: 0.0100, Buffer: 100000
Episode 491000/500000, Total Reward: 52025, Epsilon: 0.0100, Buffer: 100000
Episode 492000/500000, Total Reward: 54607, Epsilon: 0.0100, Buffer: 100000
Episode 493000/500000, Total Reward: 46919, Epsilon: 0.0100, Buffer: 100000
Episode 494000/500000, Total Reward: 39953, Epsilon: 0.0100, Buffer: 100000
Episode 495000/500000, Total Reward: 42361, Epsilon: 0.0100, Buffer: 100000
Episode 496000/500000, Total Reward: 56721, Epsilon: 0.0100, Buffer: 100000
Episode 497000/500000, Total Reward: 47928, Epsilon: 0.0100, Buffer: 100000
Episode 498000/500000, Total Reward: 43376, Epsilon: 0.0100, Buffer: 100000
Episode 499000/500000, Total Reward: 45848, Epsilon: 0.0100, Buffer: 100000
Episode 500000/500000, Total Reward: 50260, Epsilon: 0.0100, Buffer: 100000
Extracting Q-table from DQN for compatibility...
Saved DQN model to outputs/DQN_UG_500k_run2_model.pth
Saved Q-table (for compatibility) to outputs/DQN_UG_500k_run2.pkl

Learned DQN Q-table (sample):
State: (0, 0, 9, 0)
  Action: keep, Q-value: 6132.31
  Action: replace, Q-value: 3988.82
State: (1, 1, 0, 0)
  Action: keep, Q-value: 5346.45
  Action: replace, Q-value: 3958.63
State: (1, 1, 0, 1)
  Action: keep, Q-value: 4924.35
  Action: replace, Q-value: 4012.06
State: (1, 2, 0, 0)
  Action: keep, Q-value: 5420.57
  Action: replace, Q-value: 3988.87
State: (1, 2, 0, 1)
  Action: keep, Q-value: 4776.80
  Action: replace, Q-value: 3944.83
State: (1, 3, 0, 0)
  Action: keep, Q-value: 5390.44
  Action: replace, Q-value: 4001.06
State: (1, 3, 0, 1)
  Action: keep, Q-value: 4648.48
  Action: replace, Q-value: 3957.20
State: (1, 4, 0, 0)
  Action: keep, Q-value: 5265.38
  Action: replace, Q-value: 3961.80
State: (1, 4, 0, 1)
  Action: keep, Q-value: 4534.57
  Action: replace, Q-value: 3951.08
State: (1, 4, 1, 0)
  Action: keep, Q-value: 5539.76
  Action: replace, Q-value: 3973.70
Total states: 3289

Time taken for training: 112475.70 seconds
Average reward (last 1000 episodes): 45068.19
--- Run ended 2026-02-03 11:08:26 ---
