
--- Run started 2026-02-04 15:31:28 ---

======================================================================
CREATING NEW MODEL
======================================================================

Starting fresh with epsilon: 1.0000
======================================================================

Starting DQN training for 500000 episodes...
Episode 1000/500000, Total Reward: 7794, Epsilon: 0.0100, Buffer: 100000
Episode 2000/500000, Total Reward: -158, Epsilon: 0.0100, Buffer: 100000
Episode 3000/500000, Total Reward: 12500, Epsilon: 0.0100, Buffer: 100000
Episode 4000/500000, Total Reward: 15306, Epsilon: 0.0100, Buffer: 100000
Episode 5000/500000, Total Reward: 16049, Epsilon: 0.0100, Buffer: 100000
Episode 6000/500000, Total Reward: 11798, Epsilon: 0.0100, Buffer: 100000
Episode 7000/500000, Total Reward: 3306, Epsilon: 0.0100, Buffer: 100000
Episode 8000/500000, Total Reward: 11030, Epsilon: 0.0100, Buffer: 100000
Episode 9000/500000, Total Reward: 19431, Epsilon: 0.0100, Buffer: 100000
Episode 10000/500000, Total Reward: 11314, Epsilon: 0.0100, Buffer: 100000
Episode 11000/500000, Total Reward: 21588, Epsilon: 0.0100, Buffer: 100000
Episode 12000/500000, Total Reward: 7832, Epsilon: 0.0100, Buffer: 100000
Episode 13000/500000, Total Reward: 14786, Epsilon: 0.0100, Buffer: 100000
Episode 14000/500000, Total Reward: 12163, Epsilon: 0.0100, Buffer: 100000
Episode 15000/500000, Total Reward: 19371, Epsilon: 0.0100, Buffer: 100000
Episode 16000/500000, Total Reward: 3673, Epsilon: 0.0100, Buffer: 100000
Episode 17000/500000, Total Reward: -6866, Epsilon: 0.0100, Buffer: 100000
Episode 18000/500000, Total Reward: 15130, Epsilon: 0.0100, Buffer: 100000
Episode 19000/500000, Total Reward: 4446, Epsilon: 0.0100, Buffer: 100000
Episode 20000/500000, Total Reward: 18244, Epsilon: 0.0100, Buffer: 100000
Episode 21000/500000, Total Reward: 12078, Epsilon: 0.0100, Buffer: 100000
Episode 22000/500000, Total Reward: 16099, Epsilon: 0.0100, Buffer: 100000
Episode 23000/500000, Total Reward: 5500, Epsilon: 0.0100, Buffer: 100000
Episode 24000/500000, Total Reward: 6259, Epsilon: 0.0100, Buffer: 100000
Episode 25000/500000, Total Reward: -1236, Epsilon: 0.0100, Buffer: 100000
Episode 26000/500000, Total Reward: 16231, Epsilon: 0.0100, Buffer: 100000
Episode 27000/500000, Total Reward: 7963, Epsilon: 0.0100, Buffer: 100000
Episode 28000/500000, Total Reward: 15010, Epsilon: 0.0100, Buffer: 100000
Episode 29000/500000, Total Reward: 13835, Epsilon: 0.0100, Buffer: 100000
Episode 30000/500000, Total Reward: 3581, Epsilon: 0.0100, Buffer: 100000
Episode 31000/500000, Total Reward: 3263, Epsilon: 0.0100, Buffer: 100000
Episode 32000/500000, Total Reward: -544, Epsilon: 0.0100, Buffer: 100000
Episode 33000/500000, Total Reward: 11051, Epsilon: 0.0100, Buffer: 100000
Episode 34000/500000, Total Reward: 14494, Epsilon: 0.0100, Buffer: 100000
Episode 35000/500000, Total Reward: 5032, Epsilon: 0.0100, Buffer: 100000
Episode 36000/500000, Total Reward: 10510, Epsilon: 0.0100, Buffer: 100000
Episode 37000/500000, Total Reward: 9073, Epsilon: 0.0100, Buffer: 100000
Episode 38000/500000, Total Reward: 3213, Epsilon: 0.0100, Buffer: 100000
Episode 39000/500000, Total Reward: 9893, Epsilon: 0.0100, Buffer: 100000
Episode 40000/500000, Total Reward: 7056, Epsilon: 0.0100, Buffer: 100000
Episode 41000/500000, Total Reward: 17598, Epsilon: 0.0100, Buffer: 100000
Episode 42000/500000, Total Reward: 6672, Epsilon: 0.0100, Buffer: 100000
Episode 43000/500000, Total Reward: 8612, Epsilon: 0.0100, Buffer: 100000
Episode 44000/500000, Total Reward: 2976, Epsilon: 0.0100, Buffer: 100000
Episode 45000/500000, Total Reward: 12492, Epsilon: 0.0100, Buffer: 100000
Episode 46000/500000, Total Reward: 6521, Epsilon: 0.0100, Buffer: 100000
Episode 47000/500000, Total Reward: 21257, Epsilon: 0.0100, Buffer: 100000
Episode 48000/500000, Total Reward: 6205, Epsilon: 0.0100, Buffer: 100000
Episode 49000/500000, Total Reward: 12182, Epsilon: 0.0100, Buffer: 100000
Episode 50000/500000, Total Reward: 10145, Epsilon: 0.0100, Buffer: 100000
Episode 51000/500000, Total Reward: 3885, Epsilon: 0.0100, Buffer: 100000
Episode 52000/500000, Total Reward: 9347, Epsilon: 0.0100, Buffer: 100000
Episode 53000/500000, Total Reward: 10413, Epsilon: 0.0100, Buffer: 100000
Episode 54000/500000, Total Reward: 9237, Epsilon: 0.0100, Buffer: 100000
Episode 55000/500000, Total Reward: 4221, Epsilon: 0.0100, Buffer: 100000
Episode 56000/500000, Total Reward: -2774, Epsilon: 0.0100, Buffer: 100000
Episode 57000/500000, Total Reward: 1976, Epsilon: 0.0100, Buffer: 100000
Episode 58000/500000, Total Reward: 8670, Epsilon: 0.0100, Buffer: 100000
Episode 59000/500000, Total Reward: 9251, Epsilon: 0.0100, Buffer: 100000
Episode 60000/500000, Total Reward: 10869, Epsilon: 0.0100, Buffer: 100000
Episode 61000/500000, Total Reward: 15185, Epsilon: 0.0100, Buffer: 100000
Episode 62000/500000, Total Reward: 10230, Epsilon: 0.0100, Buffer: 100000
Episode 63000/500000, Total Reward: 16034, Epsilon: 0.0100, Buffer: 100000
Episode 64000/500000, Total Reward: 1726, Epsilon: 0.0100, Buffer: 100000
Episode 65000/500000, Total Reward: 16676, Epsilon: 0.0100, Buffer: 100000
Episode 66000/500000, Total Reward: 11152, Epsilon: 0.0100, Buffer: 100000
Episode 67000/500000, Total Reward: 10058, Epsilon: 0.0100, Buffer: 100000
Episode 68000/500000, Total Reward: -874, Epsilon: 0.0100, Buffer: 100000
Episode 69000/500000, Total Reward: 6692, Epsilon: 0.0100, Buffer: 100000
Episode 70000/500000, Total Reward: 8201, Epsilon: 0.0100, Buffer: 100000
Episode 71000/500000, Total Reward: 15361, Epsilon: 0.0100, Buffer: 100000
Episode 72000/500000, Total Reward: -1264, Epsilon: 0.0100, Buffer: 100000
Episode 73000/500000, Total Reward: 5611, Epsilon: 0.0100, Buffer: 100000
Episode 74000/500000, Total Reward: 17313, Epsilon: 0.0100, Buffer: 100000
Episode 75000/500000, Total Reward: 7247, Epsilon: 0.0100, Buffer: 100000
Episode 76000/500000, Total Reward: 2882, Epsilon: 0.0100, Buffer: 100000
Episode 77000/500000, Total Reward: 7980, Epsilon: 0.0100, Buffer: 100000
Episode 78000/500000, Total Reward: 4619, Epsilon: 0.0100, Buffer: 100000
Episode 79000/500000, Total Reward: 2047, Epsilon: 0.0100, Buffer: 100000
Episode 80000/500000, Total Reward: 15398, Epsilon: 0.0100, Buffer: 100000
Episode 81000/500000, Total Reward: 11507, Epsilon: 0.0100, Buffer: 100000
Episode 82000/500000, Total Reward: 15744, Epsilon: 0.0100, Buffer: 100000
Episode 83000/500000, Total Reward: 4578, Epsilon: 0.0100, Buffer: 100000
Episode 84000/500000, Total Reward: 3878, Epsilon: 0.0100, Buffer: 100000
Episode 85000/500000, Total Reward: 6834, Epsilon: 0.0100, Buffer: 100000
Episode 86000/500000, Total Reward: 12428, Epsilon: 0.0100, Buffer: 100000
Episode 87000/500000, Total Reward: 9644, Epsilon: 0.0100, Buffer: 100000
Episode 88000/500000, Total Reward: 23006, Epsilon: 0.0100, Buffer: 100000
Episode 89000/500000, Total Reward: 17958, Epsilon: 0.0100, Buffer: 100000
Episode 90000/500000, Total Reward: -359, Epsilon: 0.0100, Buffer: 100000
Episode 91000/500000, Total Reward: 6622, Epsilon: 0.0100, Buffer: 100000
Episode 92000/500000, Total Reward: 18774, Epsilon: 0.0100, Buffer: 100000
Episode 93000/500000, Total Reward: 8325, Epsilon: 0.0100, Buffer: 100000
Episode 94000/500000, Total Reward: 4975, Epsilon: 0.0100, Buffer: 100000
Episode 95000/500000, Total Reward: 21591, Epsilon: 0.0100, Buffer: 100000
Episode 96000/500000, Total Reward: 8986, Epsilon: 0.0100, Buffer: 100000
Episode 97000/500000, Total Reward: 12105, Epsilon: 0.0100, Buffer: 100000
Episode 98000/500000, Total Reward: -111, Epsilon: 0.0100, Buffer: 100000
Episode 99000/500000, Total Reward: 17469, Epsilon: 0.0100, Buffer: 100000
Episode 100000/500000, Total Reward: 12338, Epsilon: 0.0100, Buffer: 100000
Episode 101000/500000, Total Reward: 7472, Epsilon: 0.0100, Buffer: 100000
Episode 102000/500000, Total Reward: 11713, Epsilon: 0.0100, Buffer: 100000
Episode 103000/500000, Total Reward: 19651, Epsilon: 0.0100, Buffer: 100000
Episode 104000/500000, Total Reward: 799, Epsilon: 0.0100, Buffer: 100000
Episode 105000/500000, Total Reward: 13273, Epsilon: 0.0100, Buffer: 100000
Episode 106000/500000, Total Reward: -8475, Epsilon: 0.0100, Buffer: 100000
Episode 107000/500000, Total Reward: 9884, Epsilon: 0.0100, Buffer: 100000
Episode 108000/500000, Total Reward: 19876, Epsilon: 0.0100, Buffer: 100000
Episode 109000/500000, Total Reward: 10536, Epsilon: 0.0100, Buffer: 100000
Episode 110000/500000, Total Reward: 4908, Epsilon: 0.0100, Buffer: 100000
Episode 111000/500000, Total Reward: -3044, Epsilon: 0.0100, Buffer: 100000
Episode 112000/500000, Total Reward: 14573, Epsilon: 0.0100, Buffer: 100000
Episode 113000/500000, Total Reward: 12156, Epsilon: 0.0100, Buffer: 100000
Episode 114000/500000, Total Reward: 2437, Epsilon: 0.0100, Buffer: 100000
Episode 115000/500000, Total Reward: 3648, Epsilon: 0.0100, Buffer: 100000
Episode 116000/500000, Total Reward: 3593, Epsilon: 0.0100, Buffer: 100000
Episode 117000/500000, Total Reward: -939, Epsilon: 0.0100, Buffer: 100000
Episode 118000/500000, Total Reward: 5493, Epsilon: 0.0100, Buffer: 100000
Episode 119000/500000, Total Reward: 19832, Epsilon: 0.0100, Buffer: 100000
Episode 120000/500000, Total Reward: 4814, Epsilon: 0.0100, Buffer: 100000
Episode 121000/500000, Total Reward: -197, Epsilon: 0.0100, Buffer: 100000
Episode 122000/500000, Total Reward: 15885, Epsilon: 0.0100, Buffer: 100000
Episode 123000/500000, Total Reward: -1571, Epsilon: 0.0100, Buffer: 100000
Episode 124000/500000, Total Reward: 17738, Epsilon: 0.0100, Buffer: 100000
Episode 125000/500000, Total Reward: 17178, Epsilon: 0.0100, Buffer: 100000
Episode 126000/500000, Total Reward: 9236, Epsilon: 0.0100, Buffer: 100000
Episode 127000/500000, Total Reward: 12078, Epsilon: 0.0100, Buffer: 100000
Episode 128000/500000, Total Reward: 21954, Epsilon: 0.0100, Buffer: 100000
Episode 129000/500000, Total Reward: 9726, Epsilon: 0.0100, Buffer: 100000
Episode 130000/500000, Total Reward: 990, Epsilon: 0.0100, Buffer: 100000
Episode 131000/500000, Total Reward: -4636, Epsilon: 0.0100, Buffer: 100000
Episode 132000/500000, Total Reward: 19020, Epsilon: 0.0100, Buffer: 100000
Episode 133000/500000, Total Reward: 15467, Epsilon: 0.0100, Buffer: 100000
Episode 134000/500000, Total Reward: 13602, Epsilon: 0.0100, Buffer: 100000
Episode 135000/500000, Total Reward: 32, Epsilon: 0.0100, Buffer: 100000
Episode 136000/500000, Total Reward: 2639, Epsilon: 0.0100, Buffer: 100000
Episode 137000/500000, Total Reward: 4149, Epsilon: 0.0100, Buffer: 100000
Episode 138000/500000, Total Reward: 13847, Epsilon: 0.0100, Buffer: 100000
Episode 139000/500000, Total Reward: -2163, Epsilon: 0.0100, Buffer: 100000
Episode 140000/500000, Total Reward: 15983, Epsilon: 0.0100, Buffer: 100000
Episode 141000/500000, Total Reward: 18330, Epsilon: 0.0100, Buffer: 100000
Episode 142000/500000, Total Reward: 14424, Epsilon: 0.0100, Buffer: 100000
Episode 143000/500000, Total Reward: 9586, Epsilon: 0.0100, Buffer: 100000
Episode 144000/500000, Total Reward: 3128, Epsilon: 0.0100, Buffer: 100000
Episode 145000/500000, Total Reward: 7836, Epsilon: 0.0100, Buffer: 100000
Episode 146000/500000, Total Reward: 14248, Epsilon: 0.0100, Buffer: 100000
Episode 147000/500000, Total Reward: 4140, Epsilon: 0.0100, Buffer: 100000
Episode 148000/500000, Total Reward: 12942, Epsilon: 0.0100, Buffer: 100000
Episode 149000/500000, Total Reward: 12122, Epsilon: 0.0100, Buffer: 100000
Episode 150000/500000, Total Reward: 23, Epsilon: 0.0100, Buffer: 100000
Episode 151000/500000, Total Reward: 11476, Epsilon: 0.0100, Buffer: 100000
Episode 152000/500000, Total Reward: -975, Epsilon: 0.0100, Buffer: 100000
Episode 153000/500000, Total Reward: 14477, Epsilon: 0.0100, Buffer: 100000
Episode 154000/500000, Total Reward: 5299, Epsilon: 0.0100, Buffer: 100000
Episode 155000/500000, Total Reward: 7792, Epsilon: 0.0100, Buffer: 100000
Episode 156000/500000, Total Reward: 13741, Epsilon: 0.0100, Buffer: 100000
Episode 157000/500000, Total Reward: 8366, Epsilon: 0.0100, Buffer: 100000
Episode 158000/500000, Total Reward: 14754, Epsilon: 0.0100, Buffer: 100000
Episode 159000/500000, Total Reward: 11035, Epsilon: 0.0100, Buffer: 100000
Episode 160000/500000, Total Reward: 17200, Epsilon: 0.0100, Buffer: 100000
Episode 161000/500000, Total Reward: 13987, Epsilon: 0.0100, Buffer: 100000
Episode 162000/500000, Total Reward: 8535, Epsilon: 0.0100, Buffer: 100000
Episode 163000/500000, Total Reward: 13574, Epsilon: 0.0100, Buffer: 100000
Episode 164000/500000, Total Reward: 12264, Epsilon: 0.0100, Buffer: 100000
Episode 165000/500000, Total Reward: 1240, Epsilon: 0.0100, Buffer: 100000
Episode 166000/500000, Total Reward: 8983, Epsilon: 0.0100, Buffer: 100000
Episode 167000/500000, Total Reward: 7578, Epsilon: 0.0100, Buffer: 100000
Episode 168000/500000, Total Reward: 414, Epsilon: 0.0100, Buffer: 100000
Episode 169000/500000, Total Reward: 15245, Epsilon: 0.0100, Buffer: 100000
Episode 170000/500000, Total Reward: 16066, Epsilon: 0.0100, Buffer: 100000
Episode 171000/500000, Total Reward: -498, Epsilon: 0.0100, Buffer: 100000
Episode 172000/500000, Total Reward: 11311, Epsilon: 0.0100, Buffer: 100000
Episode 173000/500000, Total Reward: 15958, Epsilon: 0.0100, Buffer: 100000
Episode 174000/500000, Total Reward: -1929, Epsilon: 0.0100, Buffer: 100000
Episode 175000/500000, Total Reward: 16154, Epsilon: 0.0100, Buffer: 100000
Episode 176000/500000, Total Reward: 15979, Epsilon: 0.0100, Buffer: 100000
Episode 177000/500000, Total Reward: 18162, Epsilon: 0.0100, Buffer: 100000
Episode 178000/500000, Total Reward: 4669, Epsilon: 0.0100, Buffer: 100000
Episode 179000/500000, Total Reward: -1809, Epsilon: 0.0100, Buffer: 100000
Episode 180000/500000, Total Reward: -4449, Epsilon: 0.0100, Buffer: 100000
Episode 181000/500000, Total Reward: 7164, Epsilon: 0.0100, Buffer: 100000
Episode 182000/500000, Total Reward: 2970, Epsilon: 0.0100, Buffer: 100000
Episode 183000/500000, Total Reward: 21589, Epsilon: 0.0100, Buffer: 100000
Episode 184000/500000, Total Reward: 7135, Epsilon: 0.0100, Buffer: 100000
Episode 185000/500000, Total Reward: 1919, Epsilon: 0.0100, Buffer: 100000
Episode 186000/500000, Total Reward: 6524, Epsilon: 0.0100, Buffer: 100000
Episode 187000/500000, Total Reward: 5714, Epsilon: 0.0100, Buffer: 100000
Episode 188000/500000, Total Reward: 2333, Epsilon: 0.0100, Buffer: 100000
Episode 189000/500000, Total Reward: 10548, Epsilon: 0.0100, Buffer: 100000
Episode 190000/500000, Total Reward: 7350, Epsilon: 0.0100, Buffer: 100000
Episode 191000/500000, Total Reward: 11101, Epsilon: 0.0100, Buffer: 100000
Episode 192000/500000, Total Reward: -2244, Epsilon: 0.0100, Buffer: 100000
Episode 193000/500000, Total Reward: 4815, Epsilon: 0.0100, Buffer: 100000
Episode 194000/500000, Total Reward: -6733, Epsilon: 0.0100, Buffer: 100000
Episode 195000/500000, Total Reward: 14528, Epsilon: 0.0100, Buffer: 100000
Episode 196000/500000, Total Reward: 14308, Epsilon: 0.0100, Buffer: 100000
Episode 197000/500000, Total Reward: 10527, Epsilon: 0.0100, Buffer: 100000
Episode 198000/500000, Total Reward: 12221, Epsilon: 0.0100, Buffer: 100000
Episode 199000/500000, Total Reward: 9763, Epsilon: 0.0100, Buffer: 100000
Episode 200000/500000, Total Reward: 18676, Epsilon: 0.0100, Buffer: 100000
Episode 201000/500000, Total Reward: 5078, Epsilon: 0.0100, Buffer: 100000
Episode 202000/500000, Total Reward: 19383, Epsilon: 0.0100, Buffer: 100000
Episode 203000/500000, Total Reward: 6472, Epsilon: 0.0100, Buffer: 100000
Episode 204000/500000, Total Reward: 7320, Epsilon: 0.0100, Buffer: 100000
Episode 205000/500000, Total Reward: 9513, Epsilon: 0.0100, Buffer: 100000
Episode 206000/500000, Total Reward: 12315, Epsilon: 0.0100, Buffer: 100000
Episode 207000/500000, Total Reward: 8296, Epsilon: 0.0100, Buffer: 100000
Episode 208000/500000, Total Reward: 11123, Epsilon: 0.0100, Buffer: 100000
Episode 209000/500000, Total Reward: -3816, Epsilon: 0.0100, Buffer: 100000
Episode 210000/500000, Total Reward: 2489, Epsilon: 0.0100, Buffer: 100000
Episode 211000/500000, Total Reward: 23610, Epsilon: 0.0100, Buffer: 100000
Episode 212000/500000, Total Reward: 10783, Epsilon: 0.0100, Buffer: 100000
Episode 213000/500000, Total Reward: 4257, Epsilon: 0.0100, Buffer: 100000
Episode 214000/500000, Total Reward: 6466, Epsilon: 0.0100, Buffer: 100000
Episode 215000/500000, Total Reward: 9091, Epsilon: 0.0100, Buffer: 100000
Episode 216000/500000, Total Reward: 19676, Epsilon: 0.0100, Buffer: 100000
Episode 217000/500000, Total Reward: 21961, Epsilon: 0.0100, Buffer: 100000
Episode 218000/500000, Total Reward: 17557, Epsilon: 0.0100, Buffer: 100000
Episode 219000/500000, Total Reward: 2312, Epsilon: 0.0100, Buffer: 100000
Episode 220000/500000, Total Reward: 17336, Epsilon: 0.0100, Buffer: 100000
Episode 221000/500000, Total Reward: 1992, Epsilon: 0.0100, Buffer: 100000
Episode 222000/500000, Total Reward: 8161, Epsilon: 0.0100, Buffer: 100000
Episode 223000/500000, Total Reward: 13410, Epsilon: 0.0100, Buffer: 100000
Episode 224000/500000, Total Reward: 18593, Epsilon: 0.0100, Buffer: 100000
Episode 225000/500000, Total Reward: 6333, Epsilon: 0.0100, Buffer: 100000
Episode 226000/500000, Total Reward: -717, Epsilon: 0.0100, Buffer: 100000
Episode 227000/500000, Total Reward: 12150, Epsilon: 0.0100, Buffer: 100000
Episode 228000/500000, Total Reward: 5893, Epsilon: 0.0100, Buffer: 100000
Episode 229000/500000, Total Reward: 11243, Epsilon: 0.0100, Buffer: 100000
Episode 230000/500000, Total Reward: 6261, Epsilon: 0.0100, Buffer: 100000
Episode 231000/500000, Total Reward: -112, Epsilon: 0.0100, Buffer: 100000
Episode 232000/500000, Total Reward: 13008, Epsilon: 0.0100, Buffer: 100000
Episode 233000/500000, Total Reward: 9433, Epsilon: 0.0100, Buffer: 100000
Episode 234000/500000, Total Reward: -119, Epsilon: 0.0100, Buffer: 100000
Episode 235000/500000, Total Reward: 21047, Epsilon: 0.0100, Buffer: 100000
Episode 236000/500000, Total Reward: 14225, Epsilon: 0.0100, Buffer: 100000
Episode 237000/500000, Total Reward: 5810, Epsilon: 0.0100, Buffer: 100000
Episode 238000/500000, Total Reward: 2484, Epsilon: 0.0100, Buffer: 100000
Episode 239000/500000, Total Reward: 16522, Epsilon: 0.0100, Buffer: 100000
Episode 240000/500000, Total Reward: -228, Epsilon: 0.0100, Buffer: 100000
Episode 241000/500000, Total Reward: 4933, Epsilon: 0.0100, Buffer: 100000
Episode 242000/500000, Total Reward: 2172, Epsilon: 0.0100, Buffer: 100000
Episode 243000/500000, Total Reward: 6175, Epsilon: 0.0100, Buffer: 100000
Episode 244000/500000, Total Reward: 9016, Epsilon: 0.0100, Buffer: 100000
Episode 245000/500000, Total Reward: 19656, Epsilon: 0.0100, Buffer: 100000
Episode 246000/500000, Total Reward: 17289, Epsilon: 0.0100, Buffer: 100000
Episode 247000/500000, Total Reward: 12175, Epsilon: 0.0100, Buffer: 100000
Episode 248000/500000, Total Reward: 19122, Epsilon: 0.0100, Buffer: 100000
Episode 249000/500000, Total Reward: 16485, Epsilon: 0.0100, Buffer: 100000
Episode 250000/500000, Total Reward: 3218, Epsilon: 0.0100, Buffer: 100000
Episode 251000/500000, Total Reward: 4723, Epsilon: 0.0100, Buffer: 100000
Episode 252000/500000, Total Reward: 10431, Epsilon: 0.0100, Buffer: 100000
Episode 253000/500000, Total Reward: 12735, Epsilon: 0.0100, Buffer: 100000
Episode 254000/500000, Total Reward: 18566, Epsilon: 0.0100, Buffer: 100000
Episode 255000/500000, Total Reward: 3395, Epsilon: 0.0100, Buffer: 100000
Episode 256000/500000, Total Reward: 4751, Epsilon: 0.0100, Buffer: 100000
Episode 257000/500000, Total Reward: 721, Epsilon: 0.0100, Buffer: 100000
Episode 258000/500000, Total Reward: 19170, Epsilon: 0.0100, Buffer: 100000
Episode 259000/500000, Total Reward: 8066, Epsilon: 0.0100, Buffer: 100000
Episode 260000/500000, Total Reward: 11945, Epsilon: 0.0100, Buffer: 100000
Episode 261000/500000, Total Reward: 9467, Epsilon: 0.0100, Buffer: 100000
Episode 262000/500000, Total Reward: -2249, Epsilon: 0.0100, Buffer: 100000
Episode 263000/500000, Total Reward: 17273, Epsilon: 0.0100, Buffer: 100000
Episode 264000/500000, Total Reward: 426, Epsilon: 0.0100, Buffer: 100000
Episode 265000/500000, Total Reward: 4431, Epsilon: 0.0100, Buffer: 100000
Episode 266000/500000, Total Reward: 12123, Epsilon: 0.0100, Buffer: 100000
Episode 267000/500000, Total Reward: 7441, Epsilon: 0.0100, Buffer: 100000
Episode 268000/500000, Total Reward: 3731, Epsilon: 0.0100, Buffer: 100000
Episode 269000/500000, Total Reward: 11881, Epsilon: 0.0100, Buffer: 100000
Episode 270000/500000, Total Reward: 16359, Epsilon: 0.0100, Buffer: 100000
Episode 271000/500000, Total Reward: 5135, Epsilon: 0.0100, Buffer: 100000
Episode 272000/500000, Total Reward: 7218, Epsilon: 0.0100, Buffer: 100000
Episode 273000/500000, Total Reward: 21774, Epsilon: 0.0100, Buffer: 100000
Episode 274000/500000, Total Reward: 10174, Epsilon: 0.0100, Buffer: 100000
Episode 275000/500000, Total Reward: 21419, Epsilon: 0.0100, Buffer: 100000
Episode 276000/500000, Total Reward: 5950, Epsilon: 0.0100, Buffer: 100000
Episode 277000/500000, Total Reward: 4160, Epsilon: 0.0100, Buffer: 100000
Episode 278000/500000, Total Reward: 16124, Epsilon: 0.0100, Buffer: 100000
Episode 279000/500000, Total Reward: 8557, Epsilon: 0.0100, Buffer: 100000
Episode 280000/500000, Total Reward: 2839, Epsilon: 0.0100, Buffer: 100000
Episode 281000/500000, Total Reward: -10082, Epsilon: 0.0100, Buffer: 100000
Episode 282000/500000, Total Reward: 12719, Epsilon: 0.0100, Buffer: 100000
Episode 283000/500000, Total Reward: 8305, Epsilon: 0.0100, Buffer: 100000
Episode 284000/500000, Total Reward: -3368, Epsilon: 0.0100, Buffer: 100000
Episode 285000/500000, Total Reward: -4522, Epsilon: 0.0100, Buffer: 100000
Episode 286000/500000, Total Reward: 9765, Epsilon: 0.0100, Buffer: 100000
Episode 287000/500000, Total Reward: 9202, Epsilon: 0.0100, Buffer: 100000
Episode 288000/500000, Total Reward: 10118, Epsilon: 0.0100, Buffer: 100000
Episode 289000/500000, Total Reward: 13713, Epsilon: 0.0100, Buffer: 100000
Episode 290000/500000, Total Reward: 3385, Epsilon: 0.0100, Buffer: 100000
Episode 291000/500000, Total Reward: 3954, Epsilon: 0.0100, Buffer: 100000
Episode 292000/500000, Total Reward: 11995, Epsilon: 0.0100, Buffer: 100000
Episode 293000/500000, Total Reward: 13892, Epsilon: 0.0100, Buffer: 100000
Episode 294000/500000, Total Reward: 23230, Epsilon: 0.0100, Buffer: 100000
Episode 295000/500000, Total Reward: 9617, Epsilon: 0.0100, Buffer: 100000
Episode 296000/500000, Total Reward: 13877, Epsilon: 0.0100, Buffer: 100000
Episode 297000/500000, Total Reward: 11547, Epsilon: 0.0100, Buffer: 100000
Episode 298000/500000, Total Reward: 16726, Epsilon: 0.0100, Buffer: 100000
Episode 299000/500000, Total Reward: 16992, Epsilon: 0.0100, Buffer: 100000
Episode 300000/500000, Total Reward: 9394, Epsilon: 0.0100, Buffer: 100000
Episode 301000/500000, Total Reward: 14392, Epsilon: 0.0100, Buffer: 100000
Episode 302000/500000, Total Reward: 10961, Epsilon: 0.0100, Buffer: 100000
Episode 303000/500000, Total Reward: -1093, Epsilon: 0.0100, Buffer: 100000
Episode 304000/500000, Total Reward: 9157, Epsilon: 0.0100, Buffer: 100000
Episode 305000/500000, Total Reward: 14911, Epsilon: 0.0100, Buffer: 100000
Episode 306000/500000, Total Reward: 17271, Epsilon: 0.0100, Buffer: 100000
Episode 307000/500000, Total Reward: 3781, Epsilon: 0.0100, Buffer: 100000
Episode 308000/500000, Total Reward: 5996, Epsilon: 0.0100, Buffer: 100000
Episode 309000/500000, Total Reward: 736, Epsilon: 0.0100, Buffer: 100000
Episode 310000/500000, Total Reward: 12251, Epsilon: 0.0100, Buffer: 100000
Episode 311000/500000, Total Reward: 6637, Epsilon: 0.0100, Buffer: 100000
Episode 312000/500000, Total Reward: -3925, Epsilon: 0.0100, Buffer: 100000
Episode 313000/500000, Total Reward: 2263, Epsilon: 0.0100, Buffer: 100000
Episode 314000/500000, Total Reward: 4134, Epsilon: 0.0100, Buffer: 100000
Episode 315000/500000, Total Reward: 13332, Epsilon: 0.0100, Buffer: 100000
Episode 316000/500000, Total Reward: 11209, Epsilon: 0.0100, Buffer: 100000
Episode 317000/500000, Total Reward: 11668, Epsilon: 0.0100, Buffer: 100000
Episode 318000/500000, Total Reward: 19472, Epsilon: 0.0100, Buffer: 100000
Episode 319000/500000, Total Reward: 11743, Epsilon: 0.0100, Buffer: 100000
Episode 320000/500000, Total Reward: 16649, Epsilon: 0.0100, Buffer: 100000
Episode 321000/500000, Total Reward: 17202, Epsilon: 0.0100, Buffer: 100000
Episode 322000/500000, Total Reward: 4567, Epsilon: 0.0100, Buffer: 100000
Episode 323000/500000, Total Reward: 17357, Epsilon: 0.0100, Buffer: 100000
Episode 324000/500000, Total Reward: 9441, Epsilon: 0.0100, Buffer: 100000
Episode 325000/500000, Total Reward: 10601, Epsilon: 0.0100, Buffer: 100000
Episode 326000/500000, Total Reward: -5894, Epsilon: 0.0100, Buffer: 100000
Episode 327000/500000, Total Reward: 2375, Epsilon: 0.0100, Buffer: 100000
Episode 328000/500000, Total Reward: 12995, Epsilon: 0.0100, Buffer: 100000
Episode 329000/500000, Total Reward: -4607, Epsilon: 0.0100, Buffer: 100000
Episode 330000/500000, Total Reward: 3042, Epsilon: 0.0100, Buffer: 100000
Episode 331000/500000, Total Reward: 6191, Epsilon: 0.0100, Buffer: 100000
Episode 332000/500000, Total Reward: -3653, Epsilon: 0.0100, Buffer: 100000
Episode 333000/500000, Total Reward: 4481, Epsilon: 0.0100, Buffer: 100000
Episode 334000/500000, Total Reward: 19, Epsilon: 0.0100, Buffer: 100000
Episode 335000/500000, Total Reward: 19522, Epsilon: 0.0100, Buffer: 100000
Episode 336000/500000, Total Reward: 13151, Epsilon: 0.0100, Buffer: 100000
Episode 337000/500000, Total Reward: 9980, Epsilon: 0.0100, Buffer: 100000
Episode 338000/500000, Total Reward: 1008, Epsilon: 0.0100, Buffer: 100000
Episode 339000/500000, Total Reward: 2202, Epsilon: 0.0100, Buffer: 100000
Episode 340000/500000, Total Reward: 5756, Epsilon: 0.0100, Buffer: 100000
Episode 341000/500000, Total Reward: 13085, Epsilon: 0.0100, Buffer: 100000
Episode 342000/500000, Total Reward: 18599, Epsilon: 0.0100, Buffer: 100000
Episode 343000/500000, Total Reward: 2955, Epsilon: 0.0100, Buffer: 100000
Episode 344000/500000, Total Reward: 13215, Epsilon: 0.0100, Buffer: 100000
Episode 345000/500000, Total Reward: 7713, Epsilon: 0.0100, Buffer: 100000
Episode 346000/500000, Total Reward: 11034, Epsilon: 0.0100, Buffer: 100000
Episode 347000/500000, Total Reward: 990, Epsilon: 0.0100, Buffer: 100000
Episode 348000/500000, Total Reward: 1651, Epsilon: 0.0100, Buffer: 100000
Episode 349000/500000, Total Reward: 3979, Epsilon: 0.0100, Buffer: 100000
Episode 350000/500000, Total Reward: 10598, Epsilon: 0.0100, Buffer: 100000
Episode 351000/500000, Total Reward: 6580, Epsilon: 0.0100, Buffer: 100000
Episode 352000/500000, Total Reward: -1038, Epsilon: 0.0100, Buffer: 100000
Episode 353000/500000, Total Reward: 21508, Epsilon: 0.0100, Buffer: 100000
Episode 354000/500000, Total Reward: 718, Epsilon: 0.0100, Buffer: 100000
Episode 355000/500000, Total Reward: 7613, Epsilon: 0.0100, Buffer: 100000
Episode 356000/500000, Total Reward: 915, Epsilon: 0.0100, Buffer: 100000
Episode 357000/500000, Total Reward: 13680, Epsilon: 0.0100, Buffer: 100000
Episode 358000/500000, Total Reward: 885, Epsilon: 0.0100, Buffer: 100000
Episode 359000/500000, Total Reward: 3413, Epsilon: 0.0100, Buffer: 100000
Episode 360000/500000, Total Reward: -2378, Epsilon: 0.0100, Buffer: 100000
Episode 361000/500000, Total Reward: 14567, Epsilon: 0.0100, Buffer: 100000
Episode 362000/500000, Total Reward: 13586, Epsilon: 0.0100, Buffer: 100000
Episode 363000/500000, Total Reward: 871, Epsilon: 0.0100, Buffer: 100000
Episode 364000/500000, Total Reward: 5123, Epsilon: 0.0100, Buffer: 100000
Episode 365000/500000, Total Reward: 11882, Epsilon: 0.0100, Buffer: 100000
Episode 366000/500000, Total Reward: 14070, Epsilon: 0.0100, Buffer: 100000
Episode 367000/500000, Total Reward: 15201, Epsilon: 0.0100, Buffer: 100000
Episode 368000/500000, Total Reward: 13883, Epsilon: 0.0100, Buffer: 100000
Episode 369000/500000, Total Reward: 6695, Epsilon: 0.0100, Buffer: 100000
Episode 370000/500000, Total Reward: -811, Epsilon: 0.0100, Buffer: 100000
Episode 371000/500000, Total Reward: 14914, Epsilon: 0.0100, Buffer: 100000
Episode 372000/500000, Total Reward: 12918, Epsilon: 0.0100, Buffer: 100000
Episode 373000/500000, Total Reward: 22106, Epsilon: 0.0100, Buffer: 100000
Episode 374000/500000, Total Reward: 7789, Epsilon: 0.0100, Buffer: 100000
Episode 375000/500000, Total Reward: 7525, Epsilon: 0.0100, Buffer: 100000
Episode 376000/500000, Total Reward: 13377, Epsilon: 0.0100, Buffer: 100000
Episode 377000/500000, Total Reward: 9379, Epsilon: 0.0100, Buffer: 100000
Episode 378000/500000, Total Reward: 2095, Epsilon: 0.0100, Buffer: 100000
Episode 379000/500000, Total Reward: 23191, Epsilon: 0.0100, Buffer: 100000
Episode 380000/500000, Total Reward: 17016, Epsilon: 0.0100, Buffer: 100000
Episode 381000/500000, Total Reward: 9361, Epsilon: 0.0100, Buffer: 100000
Episode 382000/500000, Total Reward: 11722, Epsilon: 0.0100, Buffer: 100000
Episode 383000/500000, Total Reward: 12663, Epsilon: 0.0100, Buffer: 100000
Episode 384000/500000, Total Reward: 15299, Epsilon: 0.0100, Buffer: 100000
Episode 385000/500000, Total Reward: 10233, Epsilon: 0.0100, Buffer: 100000
Episode 386000/500000, Total Reward: 14504, Epsilon: 0.0100, Buffer: 100000
Episode 387000/500000, Total Reward: 12786, Epsilon: 0.0100, Buffer: 100000
Episode 388000/500000, Total Reward: 7712, Epsilon: 0.0100, Buffer: 100000
Episode 389000/500000, Total Reward: 20299, Epsilon: 0.0100, Buffer: 100000
Episode 390000/500000, Total Reward: 2696, Epsilon: 0.0100, Buffer: 100000
Episode 391000/500000, Total Reward: 13952, Epsilon: 0.0100, Buffer: 100000
Episode 392000/500000, Total Reward: 11311, Epsilon: 0.0100, Buffer: 100000
Episode 393000/500000, Total Reward: 236, Epsilon: 0.0100, Buffer: 100000
Episode 394000/500000, Total Reward: 17002, Epsilon: 0.0100, Buffer: 100000
Episode 395000/500000, Total Reward: 7445, Epsilon: 0.0100, Buffer: 100000
Episode 396000/500000, Total Reward: 20333, Epsilon: 0.0100, Buffer: 100000
Episode 397000/500000, Total Reward: 16761, Epsilon: 0.0100, Buffer: 100000
Episode 398000/500000, Total Reward: 10737, Epsilon: 0.0100, Buffer: 100000
Episode 399000/500000, Total Reward: 12840, Epsilon: 0.0100, Buffer: 100000
Episode 400000/500000, Total Reward: 14126, Epsilon: 0.0100, Buffer: 100000
Episode 401000/500000, Total Reward: 10675, Epsilon: 0.0100, Buffer: 100000
Episode 402000/500000, Total Reward: 6587, Epsilon: 0.0100, Buffer: 100000
Episode 403000/500000, Total Reward: 15641, Epsilon: 0.0100, Buffer: 100000
Episode 404000/500000, Total Reward: 9469, Epsilon: 0.0100, Buffer: 100000
Episode 405000/500000, Total Reward: 5850, Epsilon: 0.0100, Buffer: 100000
Episode 406000/500000, Total Reward: 9802, Epsilon: 0.0100, Buffer: 100000
Episode 407000/500000, Total Reward: 15678, Epsilon: 0.0100, Buffer: 100000
Episode 408000/500000, Total Reward: 5144, Epsilon: 0.0100, Buffer: 100000
Episode 409000/500000, Total Reward: 8221, Epsilon: 0.0100, Buffer: 100000
Episode 410000/500000, Total Reward: -5283, Epsilon: 0.0100, Buffer: 100000
Episode 411000/500000, Total Reward: 8416, Epsilon: 0.0100, Buffer: 100000
Episode 412000/500000, Total Reward: 20762, Epsilon: 0.0100, Buffer: 100000
Episode 413000/500000, Total Reward: 2704, Epsilon: 0.0100, Buffer: 100000
Episode 414000/500000, Total Reward: 8988, Epsilon: 0.0100, Buffer: 100000
Episode 415000/500000, Total Reward: 4731, Epsilon: 0.0100, Buffer: 100000
Episode 416000/500000, Total Reward: 13543, Epsilon: 0.0100, Buffer: 100000
Episode 417000/500000, Total Reward: 2066, Epsilon: 0.0100, Buffer: 100000
Episode 418000/500000, Total Reward: 18421, Epsilon: 0.0100, Buffer: 100000
Episode 419000/500000, Total Reward: 8188, Epsilon: 0.0100, Buffer: 100000
Episode 420000/500000, Total Reward: 17514, Epsilon: 0.0100, Buffer: 100000
Episode 421000/500000, Total Reward: 15862, Epsilon: 0.0100, Buffer: 100000
Episode 422000/500000, Total Reward: 11870, Epsilon: 0.0100, Buffer: 100000
Episode 423000/500000, Total Reward: 2436, Epsilon: 0.0100, Buffer: 100000
Episode 424000/500000, Total Reward: 3099, Epsilon: 0.0100, Buffer: 100000
Episode 425000/500000, Total Reward: 10443, Epsilon: 0.0100, Buffer: 100000
Episode 426000/500000, Total Reward: 4490, Epsilon: 0.0100, Buffer: 100000
Episode 427000/500000, Total Reward: 15375, Epsilon: 0.0100, Buffer: 100000
Episode 428000/500000, Total Reward: 11173, Epsilon: 0.0100, Buffer: 100000
Episode 429000/500000, Total Reward: 3944, Epsilon: 0.0100, Buffer: 100000
Episode 430000/500000, Total Reward: 17598, Epsilon: 0.0100, Buffer: 100000
Episode 431000/500000, Total Reward: 3533, Epsilon: 0.0100, Buffer: 100000
Episode 432000/500000, Total Reward: 871, Epsilon: 0.0100, Buffer: 100000
Episode 433000/500000, Total Reward: 1799, Epsilon: 0.0100, Buffer: 100000
Episode 434000/500000, Total Reward: 9257, Epsilon: 0.0100, Buffer: 100000
Episode 435000/500000, Total Reward: 21554, Epsilon: 0.0100, Buffer: 100000
Episode 436000/500000, Total Reward: 18935, Epsilon: 0.0100, Buffer: 100000
Episode 437000/500000, Total Reward: 1239, Epsilon: 0.0100, Buffer: 100000
Episode 438000/500000, Total Reward: 9699, Epsilon: 0.0100, Buffer: 100000
Episode 439000/500000, Total Reward: 4882, Epsilon: 0.0100, Buffer: 100000
Episode 440000/500000, Total Reward: 14970, Epsilon: 0.0100, Buffer: 100000
Episode 441000/500000, Total Reward: 14623, Epsilon: 0.0100, Buffer: 100000
Episode 442000/500000, Total Reward: 6149, Epsilon: 0.0100, Buffer: 100000
Episode 443000/500000, Total Reward: 12406, Epsilon: 0.0100, Buffer: 100000
Episode 444000/500000, Total Reward: -7035, Epsilon: 0.0100, Buffer: 100000
Episode 445000/500000, Total Reward: 13755, Epsilon: 0.0100, Buffer: 100000
Episode 446000/500000, Total Reward: -5889, Epsilon: 0.0100, Buffer: 100000
Episode 447000/500000, Total Reward: 8218, Epsilon: 0.0100, Buffer: 100000
Episode 448000/500000, Total Reward: 5633, Epsilon: 0.0100, Buffer: 100000
Episode 449000/500000, Total Reward: -6272, Epsilon: 0.0100, Buffer: 100000
Episode 450000/500000, Total Reward: 6154, Epsilon: 0.0100, Buffer: 100000
Episode 451000/500000, Total Reward: 8990, Epsilon: 0.0100, Buffer: 100000
Episode 452000/500000, Total Reward: 1008, Epsilon: 0.0100, Buffer: 100000
Episode 453000/500000, Total Reward: 8541, Epsilon: 0.0100, Buffer: 100000
Episode 454000/500000, Total Reward: 12779, Epsilon: 0.0100, Buffer: 100000
Episode 455000/500000, Total Reward: 10814, Epsilon: 0.0100, Buffer: 100000
Episode 456000/500000, Total Reward: 4194, Epsilon: 0.0100, Buffer: 100000
Episode 457000/500000, Total Reward: 13349, Epsilon: 0.0100, Buffer: 100000
Episode 458000/500000, Total Reward: 6212, Epsilon: 0.0100, Buffer: 100000
Episode 459000/500000, Total Reward: 10698, Epsilon: 0.0100, Buffer: 100000
Episode 460000/500000, Total Reward: 7834, Epsilon: 0.0100, Buffer: 100000
Episode 461000/500000, Total Reward: 1054, Epsilon: 0.0100, Buffer: 100000
Episode 462000/500000, Total Reward: 12465, Epsilon: 0.0100, Buffer: 100000
Episode 463000/500000, Total Reward: 8969, Epsilon: 0.0100, Buffer: 100000
Episode 464000/500000, Total Reward: 8825, Epsilon: 0.0100, Buffer: 100000
Episode 465000/500000, Total Reward: 990, Epsilon: 0.0100, Buffer: 100000
Episode 466000/500000, Total Reward: 12091, Epsilon: 0.0100, Buffer: 100000
Episode 467000/500000, Total Reward: 17629, Epsilon: 0.0100, Buffer: 100000
Episode 468000/500000, Total Reward: 14550, Epsilon: 0.0100, Buffer: 100000
Episode 469000/500000, Total Reward: 16224, Epsilon: 0.0100, Buffer: 100000
Episode 470000/500000, Total Reward: 12588, Epsilon: 0.0100, Buffer: 100000
Episode 471000/500000, Total Reward: 16966, Epsilon: 0.0100, Buffer: 100000
Episode 472000/500000, Total Reward: 5608, Epsilon: 0.0100, Buffer: 100000
Episode 473000/500000, Total Reward: 20133, Epsilon: 0.0100, Buffer: 100000
Episode 474000/500000, Total Reward: 8117, Epsilon: 0.0100, Buffer: 100000
Episode 475000/500000, Total Reward: 7269, Epsilon: 0.0100, Buffer: 100000
Episode 476000/500000, Total Reward: -9742, Epsilon: 0.0100, Buffer: 100000
Episode 477000/500000, Total Reward: 2468, Epsilon: 0.0100, Buffer: 100000
Episode 478000/500000, Total Reward: 11965, Epsilon: 0.0100, Buffer: 100000
Episode 479000/500000, Total Reward: 11132, Epsilon: 0.0100, Buffer: 100000
Episode 480000/500000, Total Reward: -339, Epsilon: 0.0100, Buffer: 100000
Episode 481000/500000, Total Reward: 1431, Epsilon: 0.0100, Buffer: 100000
Episode 482000/500000, Total Reward: 13524, Epsilon: 0.0100, Buffer: 100000
Episode 483000/500000, Total Reward: 12076, Epsilon: 0.0100, Buffer: 100000
Episode 484000/500000, Total Reward: 1510, Epsilon: 0.0100, Buffer: 100000
Episode 485000/500000, Total Reward: 5196, Epsilon: 0.0100, Buffer: 100000
Episode 486000/500000, Total Reward: 18162, Epsilon: 0.0100, Buffer: 100000
Episode 487000/500000, Total Reward: 11909, Epsilon: 0.0100, Buffer: 100000
Episode 488000/500000, Total Reward: 10010, Epsilon: 0.0100, Buffer: 100000
Episode 489000/500000, Total Reward: -2363, Epsilon: 0.0100, Buffer: 100000
Episode 490000/500000, Total Reward: 13907, Epsilon: 0.0100, Buffer: 100000
Episode 491000/500000, Total Reward: 9174, Epsilon: 0.0100, Buffer: 100000
Episode 492000/500000, Total Reward: -2321, Epsilon: 0.0100, Buffer: 100000
Episode 493000/500000, Total Reward: 12564, Epsilon: 0.0100, Buffer: 100000
Episode 494000/500000, Total Reward: 11235, Epsilon: 0.0100, Buffer: 100000
Episode 495000/500000, Total Reward: -3140, Epsilon: 0.0100, Buffer: 100000
Episode 496000/500000, Total Reward: 10101, Epsilon: 0.0100, Buffer: 100000
Episode 497000/500000, Total Reward: 2183, Epsilon: 0.0100, Buffer: 100000
Episode 498000/500000, Total Reward: 5338, Epsilon: 0.0100, Buffer: 100000
Episode 499000/500000, Total Reward: 6632, Epsilon: 0.0100, Buffer: 100000
Episode 500000/500000, Total Reward: 3162, Epsilon: 0.0100, Buffer: 100000
Extracting Q-table from DQN for compatibility...
Saved DQN model to outputs/DQN_UB_500k_run4_model.pth
Saved Q-table (for compatibility) to outputs/DQN_UB_500k_run4.pkl

Learned DQN Q-table (sample):
State: (0, 0, 9, 0)
  Action: keep, Q-value: 2177.44
  Action: replace, Q-value: 170.21
State: (1, 1, 0, 0)
  Action: keep, Q-value: 1212.19
  Action: replace, Q-value: 152.22
State: (1, 1, 0, 1)
  Action: keep, Q-value: 1110.60
  Action: replace, Q-value: -25.67
State: (1, 2, 0, 0)
  Action: keep, Q-value: 1260.43
  Action: replace, Q-value: 146.57
State: (1, 2, 0, 1)
  Action: keep, Q-value: 856.89
  Action: replace, Q-value: 48.73
State: (1, 3, 0, 0)
  Action: keep, Q-value: 1266.92
  Action: replace, Q-value: 135.60
State: (1, 3, 0, 1)
  Action: keep, Q-value: 783.15
  Action: replace, Q-value: 64.07
State: (1, 4, 0, 0)
  Action: keep, Q-value: 1198.75
  Action: replace, Q-value: 161.41
State: (1, 4, 0, 1)
  Action: keep, Q-value: 677.04
  Action: replace, Q-value: 47.86
State: (1, 4, 1, 0)
  Action: keep, Q-value: 1452.29
  Action: replace, Q-value: 143.29
Total states: 3289

Time taken for training: 112908.23 seconds
Average reward (last 1000 episodes): 8808.36
--- Run ended 2026-02-05 22:53:22 ---
