
--- Run started 2026-02-03 11:08:33 ---

======================================================================
CREATING NEW MODEL
======================================================================

Starting fresh with epsilon: 1.0000
======================================================================

Starting DQN training for 500000 episodes...
Episode 1000/500000, Total Reward: 40410, Epsilon: 0.0100, Buffer: 100000
Episode 2000/500000, Total Reward: 35204, Epsilon: 0.0100, Buffer: 100000
Episode 3000/500000, Total Reward: 49960, Epsilon: 0.0100, Buffer: 100000
Episode 4000/500000, Total Reward: 37027, Epsilon: 0.0100, Buffer: 100000
Episode 5000/500000, Total Reward: 50969, Epsilon: 0.0100, Buffer: 100000
Episode 6000/500000, Total Reward: 54244, Epsilon: 0.0100, Buffer: 100000
Episode 7000/500000, Total Reward: 56807, Epsilon: 0.0100, Buffer: 100000
Episode 8000/500000, Total Reward: 45650, Epsilon: 0.0100, Buffer: 100000
Episode 9000/500000, Total Reward: 47329, Epsilon: 0.0100, Buffer: 100000
Episode 10000/500000, Total Reward: 53777, Epsilon: 0.0100, Buffer: 100000
Episode 11000/500000, Total Reward: 52020, Epsilon: 0.0100, Buffer: 100000
Episode 12000/500000, Total Reward: 51002, Epsilon: 0.0100, Buffer: 100000
Episode 13000/500000, Total Reward: 301, Epsilon: 0.0100, Buffer: 100000
Episode 14000/500000, Total Reward: 63550, Epsilon: 0.0100, Buffer: 100000
Episode 15000/500000, Total Reward: 51830, Epsilon: 0.0100, Buffer: 100000
Episode 16000/500000, Total Reward: 40991, Epsilon: 0.0100, Buffer: 100000
Episode 17000/500000, Total Reward: 56467, Epsilon: 0.0100, Buffer: 100000
Episode 18000/500000, Total Reward: 52853, Epsilon: 0.0100, Buffer: 100000
Episode 19000/500000, Total Reward: 34101, Epsilon: 0.0100, Buffer: 100000
Episode 20000/500000, Total Reward: 51273, Epsilon: 0.0100, Buffer: 100000
Episode 21000/500000, Total Reward: 62474, Epsilon: 0.0100, Buffer: 100000
Episode 22000/500000, Total Reward: 18531, Epsilon: 0.0100, Buffer: 100000
Episode 23000/500000, Total Reward: 43978, Epsilon: 0.0100, Buffer: 100000
Episode 24000/500000, Total Reward: 52443, Epsilon: 0.0100, Buffer: 100000
Episode 25000/500000, Total Reward: 50752, Epsilon: 0.0100, Buffer: 100000
Episode 26000/500000, Total Reward: 46451, Epsilon: 0.0100, Buffer: 100000
Episode 27000/500000, Total Reward: 46328, Epsilon: 0.0100, Buffer: 100000
Episode 28000/500000, Total Reward: 50472, Epsilon: 0.0100, Buffer: 100000
Episode 29000/500000, Total Reward: 46281, Epsilon: 0.0100, Buffer: 100000
Episode 30000/500000, Total Reward: 41277, Epsilon: 0.0100, Buffer: 100000
Episode 31000/500000, Total Reward: 38015, Epsilon: 0.0100, Buffer: 100000
Episode 32000/500000, Total Reward: 42634, Epsilon: 0.0100, Buffer: 100000
Episode 33000/500000, Total Reward: 51487, Epsilon: 0.0100, Buffer: 100000
Episode 34000/500000, Total Reward: 38576, Epsilon: 0.0100, Buffer: 100000
Episode 35000/500000, Total Reward: 45743, Epsilon: 0.0100, Buffer: 100000
Episode 36000/500000, Total Reward: 31221, Epsilon: 0.0100, Buffer: 100000
Episode 37000/500000, Total Reward: 58635, Epsilon: 0.0100, Buffer: 100000
Episode 38000/500000, Total Reward: 44376, Epsilon: 0.0100, Buffer: 100000
Episode 39000/500000, Total Reward: 44781, Epsilon: 0.0100, Buffer: 100000
Episode 40000/500000, Total Reward: 39698, Epsilon: 0.0100, Buffer: 100000
Episode 41000/500000, Total Reward: 53520, Epsilon: 0.0100, Buffer: 100000
Episode 42000/500000, Total Reward: 44306, Epsilon: 0.0100, Buffer: 100000
Episode 43000/500000, Total Reward: 38255, Epsilon: 0.0100, Buffer: 100000
Episode 44000/500000, Total Reward: 57294, Epsilon: 0.0100, Buffer: 100000
Episode 45000/500000, Total Reward: 53422, Epsilon: 0.0100, Buffer: 100000
Episode 46000/500000, Total Reward: 51466, Epsilon: 0.0100, Buffer: 100000
Episode 47000/500000, Total Reward: 45514, Epsilon: 0.0100, Buffer: 100000
Episode 48000/500000, Total Reward: 55557, Epsilon: 0.0100, Buffer: 100000
Episode 49000/500000, Total Reward: 31870, Epsilon: 0.0100, Buffer: 100000
Episode 50000/500000, Total Reward: 33253, Epsilon: 0.0100, Buffer: 100000
Episode 51000/500000, Total Reward: 50852, Epsilon: 0.0100, Buffer: 100000
Episode 52000/500000, Total Reward: 47477, Epsilon: 0.0100, Buffer: 100000
Episode 53000/500000, Total Reward: 31326, Epsilon: 0.0100, Buffer: 100000
Episode 54000/500000, Total Reward: 42978, Epsilon: 0.0100, Buffer: 100000
Episode 55000/500000, Total Reward: 55570, Epsilon: 0.0100, Buffer: 100000
Episode 56000/500000, Total Reward: 49991, Epsilon: 0.0100, Buffer: 100000
Episode 57000/500000, Total Reward: 42486, Epsilon: 0.0100, Buffer: 100000
Episode 58000/500000, Total Reward: 52626, Epsilon: 0.0100, Buffer: 100000
Episode 59000/500000, Total Reward: 43212, Epsilon: 0.0100, Buffer: 100000
Episode 60000/500000, Total Reward: 58511, Epsilon: 0.0100, Buffer: 100000
Episode 61000/500000, Total Reward: 45798, Epsilon: 0.0100, Buffer: 100000
Episode 62000/500000, Total Reward: 51129, Epsilon: 0.0100, Buffer: 100000
Episode 63000/500000, Total Reward: 49513, Epsilon: 0.0100, Buffer: 100000
Episode 64000/500000, Total Reward: 23438, Epsilon: 0.0100, Buffer: 100000
Episode 65000/500000, Total Reward: 47208, Epsilon: 0.0100, Buffer: 100000
Episode 66000/500000, Total Reward: 42572, Epsilon: 0.0100, Buffer: 100000
Episode 67000/500000, Total Reward: 37922, Epsilon: 0.0100, Buffer: 100000
Episode 68000/500000, Total Reward: 35968, Epsilon: 0.0100, Buffer: 100000
Episode 69000/500000, Total Reward: 36207, Epsilon: 0.0100, Buffer: 100000
Episode 70000/500000, Total Reward: 47046, Epsilon: 0.0100, Buffer: 100000
Episode 71000/500000, Total Reward: 52091, Epsilon: 0.0100, Buffer: 100000
Episode 72000/500000, Total Reward: 51232, Epsilon: 0.0100, Buffer: 100000
Episode 73000/500000, Total Reward: 42169, Epsilon: 0.0100, Buffer: 100000
Episode 74000/500000, Total Reward: 39753, Epsilon: 0.0100, Buffer: 100000
Episode 75000/500000, Total Reward: 41374, Epsilon: 0.0100, Buffer: 100000
Episode 76000/500000, Total Reward: 32917, Epsilon: 0.0100, Buffer: 100000
Episode 77000/500000, Total Reward: 49090, Epsilon: 0.0100, Buffer: 100000
Episode 78000/500000, Total Reward: 46082, Epsilon: 0.0100, Buffer: 100000
Episode 79000/500000, Total Reward: 47987, Epsilon: 0.0100, Buffer: 100000
Episode 80000/500000, Total Reward: 57833, Epsilon: 0.0100, Buffer: 100000
Episode 81000/500000, Total Reward: 53580, Epsilon: 0.0100, Buffer: 100000
Episode 82000/500000, Total Reward: 36940, Epsilon: 0.0100, Buffer: 100000
Episode 83000/500000, Total Reward: 61270, Epsilon: 0.0100, Buffer: 100000
Episode 84000/500000, Total Reward: 42251, Epsilon: 0.0100, Buffer: 100000
Episode 85000/500000, Total Reward: 43597, Epsilon: 0.0100, Buffer: 100000
Episode 86000/500000, Total Reward: 44059, Epsilon: 0.0100, Buffer: 100000
Episode 87000/500000, Total Reward: 48693, Epsilon: 0.0100, Buffer: 100000
Episode 88000/500000, Total Reward: 43609, Epsilon: 0.0100, Buffer: 100000
Episode 89000/500000, Total Reward: 27851, Epsilon: 0.0100, Buffer: 100000
Episode 90000/500000, Total Reward: 36235, Epsilon: 0.0100, Buffer: 100000
Episode 91000/500000, Total Reward: 31944, Epsilon: 0.0100, Buffer: 100000
Episode 92000/500000, Total Reward: 46252, Epsilon: 0.0100, Buffer: 100000
Episode 93000/500000, Total Reward: 52223, Epsilon: 0.0100, Buffer: 100000
Episode 94000/500000, Total Reward: 29490, Epsilon: 0.0100, Buffer: 100000
Episode 95000/500000, Total Reward: 49700, Epsilon: 0.0100, Buffer: 100000
Episode 96000/500000, Total Reward: 52971, Epsilon: 0.0100, Buffer: 100000
Episode 97000/500000, Total Reward: 25824, Epsilon: 0.0100, Buffer: 100000
Episode 98000/500000, Total Reward: 46855, Epsilon: 0.0100, Buffer: 100000
Episode 99000/500000, Total Reward: 55803, Epsilon: 0.0100, Buffer: 100000
Episode 100000/500000, Total Reward: 36278, Epsilon: 0.0100, Buffer: 100000
Episode 101000/500000, Total Reward: 51290, Epsilon: 0.0100, Buffer: 100000
Episode 102000/500000, Total Reward: 38704, Epsilon: 0.0100, Buffer: 100000
Episode 103000/500000, Total Reward: 47015, Epsilon: 0.0100, Buffer: 100000
Episode 104000/500000, Total Reward: 35204, Epsilon: 0.0100, Buffer: 100000
Episode 105000/500000, Total Reward: 48208, Epsilon: 0.0100, Buffer: 100000
Episode 106000/500000, Total Reward: 44318, Epsilon: 0.0100, Buffer: 100000
Episode 107000/500000, Total Reward: 48705, Epsilon: 0.0100, Buffer: 100000
Episode 108000/500000, Total Reward: 60580, Epsilon: 0.0100, Buffer: 100000
Episode 109000/500000, Total Reward: 52463, Epsilon: 0.0100, Buffer: 100000
Episode 110000/500000, Total Reward: 46449, Epsilon: 0.0100, Buffer: 100000
Episode 111000/500000, Total Reward: 41216, Epsilon: 0.0100, Buffer: 100000
Episode 112000/500000, Total Reward: 59614, Epsilon: 0.0100, Buffer: 100000
Episode 113000/500000, Total Reward: 46612, Epsilon: 0.0100, Buffer: 100000
Episode 114000/500000, Total Reward: 44846, Epsilon: 0.0100, Buffer: 100000
Episode 115000/500000, Total Reward: 37008, Epsilon: 0.0100, Buffer: 100000
Episode 116000/500000, Total Reward: 48507, Epsilon: 0.0100, Buffer: 100000
Episode 117000/500000, Total Reward: 41747, Epsilon: 0.0100, Buffer: 100000
Episode 118000/500000, Total Reward: 31728, Epsilon: 0.0100, Buffer: 100000
Episode 119000/500000, Total Reward: 34304, Epsilon: 0.0100, Buffer: 100000
Episode 120000/500000, Total Reward: 53614, Epsilon: 0.0100, Buffer: 100000
Episode 121000/500000, Total Reward: 46503, Epsilon: 0.0100, Buffer: 100000
Episode 122000/500000, Total Reward: 52191, Epsilon: 0.0100, Buffer: 100000
Episode 123000/500000, Total Reward: 60954, Epsilon: 0.0100, Buffer: 100000
Episode 124000/500000, Total Reward: 50488, Epsilon: 0.0100, Buffer: 100000
Episode 125000/500000, Total Reward: 44943, Epsilon: 0.0100, Buffer: 100000
Episode 126000/500000, Total Reward: 55211, Epsilon: 0.0100, Buffer: 100000
Episode 127000/500000, Total Reward: 37936, Epsilon: 0.0100, Buffer: 100000
Episode 128000/500000, Total Reward: 50279, Epsilon: 0.0100, Buffer: 100000
Episode 129000/500000, Total Reward: 44113, Epsilon: 0.0100, Buffer: 100000
Episode 130000/500000, Total Reward: 53324, Epsilon: 0.0100, Buffer: 100000
Episode 131000/500000, Total Reward: 37268, Epsilon: 0.0100, Buffer: 100000
Episode 132000/500000, Total Reward: 57758, Epsilon: 0.0100, Buffer: 100000
Episode 133000/500000, Total Reward: 43040, Epsilon: 0.0100, Buffer: 100000
Episode 134000/500000, Total Reward: 32435, Epsilon: 0.0100, Buffer: 100000
Episode 135000/500000, Total Reward: 52496, Epsilon: 0.0100, Buffer: 100000
Episode 136000/500000, Total Reward: 37111, Epsilon: 0.0100, Buffer: 100000
Episode 137000/500000, Total Reward: 48723, Epsilon: 0.0100, Buffer: 100000
Episode 138000/500000, Total Reward: 54997, Epsilon: 0.0100, Buffer: 100000
Episode 139000/500000, Total Reward: 38009, Epsilon: 0.0100, Buffer: 100000
Episode 140000/500000, Total Reward: 30026, Epsilon: 0.0100, Buffer: 100000
Episode 141000/500000, Total Reward: 42120, Epsilon: 0.0100, Buffer: 100000
Episode 142000/500000, Total Reward: 37663, Epsilon: 0.0100, Buffer: 100000
Episode 143000/500000, Total Reward: 35277, Epsilon: 0.0100, Buffer: 100000
Episode 144000/500000, Total Reward: 35602, Epsilon: 0.0100, Buffer: 100000
Episode 145000/500000, Total Reward: 53496, Epsilon: 0.0100, Buffer: 100000
Episode 146000/500000, Total Reward: 37483, Epsilon: 0.0100, Buffer: 100000
Episode 147000/500000, Total Reward: 47528, Epsilon: 0.0100, Buffer: 100000
Episode 148000/500000, Total Reward: 50694, Epsilon: 0.0100, Buffer: 100000
Episode 149000/500000, Total Reward: 46324, Epsilon: 0.0100, Buffer: 100000
Episode 150000/500000, Total Reward: 50530, Epsilon: 0.0100, Buffer: 100000
Episode 151000/500000, Total Reward: 56182, Epsilon: 0.0100, Buffer: 100000
Episode 152000/500000, Total Reward: 47715, Epsilon: 0.0100, Buffer: 100000
Episode 153000/500000, Total Reward: 34659, Epsilon: 0.0100, Buffer: 100000
Episode 154000/500000, Total Reward: 35711, Epsilon: 0.0100, Buffer: 100000
Episode 155000/500000, Total Reward: 51498, Epsilon: 0.0100, Buffer: 100000
Episode 156000/500000, Total Reward: 56610, Epsilon: 0.0100, Buffer: 100000
Episode 157000/500000, Total Reward: 46511, Epsilon: 0.0100, Buffer: 100000
Episode 158000/500000, Total Reward: 50707, Epsilon: 0.0100, Buffer: 100000
Episode 159000/500000, Total Reward: 58846, Epsilon: 0.0100, Buffer: 100000
Episode 160000/500000, Total Reward: 37004, Epsilon: 0.0100, Buffer: 100000
Episode 161000/500000, Total Reward: 45503, Epsilon: 0.0100, Buffer: 100000
Episode 162000/500000, Total Reward: 55258, Epsilon: 0.0100, Buffer: 100000
Episode 163000/500000, Total Reward: 51186, Epsilon: 0.0100, Buffer: 100000
Episode 164000/500000, Total Reward: 54373, Epsilon: 0.0100, Buffer: 100000
Episode 165000/500000, Total Reward: 50347, Epsilon: 0.0100, Buffer: 100000
Episode 166000/500000, Total Reward: 61801, Epsilon: 0.0100, Buffer: 100000
Episode 167000/500000, Total Reward: 45013, Epsilon: 0.0100, Buffer: 100000
Episode 168000/500000, Total Reward: 64219, Epsilon: 0.0100, Buffer: 100000
Episode 169000/500000, Total Reward: 35815, Epsilon: 0.0100, Buffer: 100000
Episode 170000/500000, Total Reward: 34873, Epsilon: 0.0100, Buffer: 100000
Episode 171000/500000, Total Reward: 11957, Epsilon: 0.0100, Buffer: 100000
Episode 172000/500000, Total Reward: 50576, Epsilon: 0.0100, Buffer: 100000
Episode 173000/500000, Total Reward: 51381, Epsilon: 0.0100, Buffer: 100000
Episode 174000/500000, Total Reward: 38786, Epsilon: 0.0100, Buffer: 100000
Episode 175000/500000, Total Reward: 36426, Epsilon: 0.0100, Buffer: 100000
Episode 176000/500000, Total Reward: 57187, Epsilon: 0.0100, Buffer: 100000
Episode 177000/500000, Total Reward: 56566, Epsilon: 0.0100, Buffer: 100000
Episode 178000/500000, Total Reward: 49056, Epsilon: 0.0100, Buffer: 100000
Episode 179000/500000, Total Reward: 39334, Epsilon: 0.0100, Buffer: 100000
Episode 180000/500000, Total Reward: 42476, Epsilon: 0.0100, Buffer: 100000
Episode 181000/500000, Total Reward: 39118, Epsilon: 0.0100, Buffer: 100000
Episode 182000/500000, Total Reward: 43783, Epsilon: 0.0100, Buffer: 100000
Episode 183000/500000, Total Reward: 52229, Epsilon: 0.0100, Buffer: 100000
Episode 184000/500000, Total Reward: 43299, Epsilon: 0.0100, Buffer: 100000
Episode 185000/500000, Total Reward: 46972, Epsilon: 0.0100, Buffer: 100000
Episode 186000/500000, Total Reward: 48224, Epsilon: 0.0100, Buffer: 100000
Episode 187000/500000, Total Reward: 45487, Epsilon: 0.0100, Buffer: 100000
Episode 188000/500000, Total Reward: 41479, Epsilon: 0.0100, Buffer: 100000
Episode 189000/500000, Total Reward: 45319, Epsilon: 0.0100, Buffer: 100000
Episode 190000/500000, Total Reward: 34779, Epsilon: 0.0100, Buffer: 100000
Episode 191000/500000, Total Reward: 53561, Epsilon: 0.0100, Buffer: 100000
Episode 192000/500000, Total Reward: 18630, Epsilon: 0.0100, Buffer: 100000
Episode 193000/500000, Total Reward: 50558, Epsilon: 0.0100, Buffer: 100000
Episode 194000/500000, Total Reward: 50031, Epsilon: 0.0100, Buffer: 100000
Episode 195000/500000, Total Reward: 40871, Epsilon: 0.0100, Buffer: 100000
Episode 196000/500000, Total Reward: 50101, Epsilon: 0.0100, Buffer: 100000
Episode 197000/500000, Total Reward: 38385, Epsilon: 0.0100, Buffer: 100000
Episode 198000/500000, Total Reward: 46719, Epsilon: 0.0100, Buffer: 100000
Episode 199000/500000, Total Reward: 37003, Epsilon: 0.0100, Buffer: 100000
Episode 200000/500000, Total Reward: 41877, Epsilon: 0.0100, Buffer: 100000
Episode 201000/500000, Total Reward: 53129, Epsilon: 0.0100, Buffer: 100000
Episode 202000/500000, Total Reward: 54889, Epsilon: 0.0100, Buffer: 100000
Episode 203000/500000, Total Reward: 41719, Epsilon: 0.0100, Buffer: 100000
Episode 204000/500000, Total Reward: 43439, Epsilon: 0.0100, Buffer: 100000
Episode 205000/500000, Total Reward: 46510, Epsilon: 0.0100, Buffer: 100000
Episode 206000/500000, Total Reward: 268, Epsilon: 0.0100, Buffer: 100000
Episode 207000/500000, Total Reward: 55002, Epsilon: 0.0100, Buffer: 100000
Episode 208000/500000, Total Reward: 40717, Epsilon: 0.0100, Buffer: 100000
Episode 209000/500000, Total Reward: 32551, Epsilon: 0.0100, Buffer: 100000
Episode 210000/500000, Total Reward: 61559, Epsilon: 0.0100, Buffer: 100000
Episode 211000/500000, Total Reward: 30241, Epsilon: 0.0100, Buffer: 100000
Episode 212000/500000, Total Reward: 46118, Epsilon: 0.0100, Buffer: 100000
Episode 213000/500000, Total Reward: 54102, Epsilon: 0.0100, Buffer: 100000
Episode 214000/500000, Total Reward: 54351, Epsilon: 0.0100, Buffer: 100000
Episode 215000/500000, Total Reward: 41205, Epsilon: 0.0100, Buffer: 100000
Episode 216000/500000, Total Reward: 46704, Epsilon: 0.0100, Buffer: 100000
Episode 217000/500000, Total Reward: 44899, Epsilon: 0.0100, Buffer: 100000
Episode 218000/500000, Total Reward: 42217, Epsilon: 0.0100, Buffer: 100000
Episode 219000/500000, Total Reward: 49233, Epsilon: 0.0100, Buffer: 100000
Episode 220000/500000, Total Reward: 52643, Epsilon: 0.0100, Buffer: 100000
Episode 221000/500000, Total Reward: 42287, Epsilon: 0.0100, Buffer: 100000
Episode 222000/500000, Total Reward: 51996, Epsilon: 0.0100, Buffer: 100000
Episode 223000/500000, Total Reward: 52099, Epsilon: 0.0100, Buffer: 100000
Episode 224000/500000, Total Reward: 50519, Epsilon: 0.0100, Buffer: 100000
Episode 225000/500000, Total Reward: 36954, Epsilon: 0.0100, Buffer: 100000
Episode 226000/500000, Total Reward: 45117, Epsilon: 0.0100, Buffer: 100000
Episode 227000/500000, Total Reward: 49178, Epsilon: 0.0100, Buffer: 100000
Episode 228000/500000, Total Reward: 45115, Epsilon: 0.0100, Buffer: 100000
Episode 229000/500000, Total Reward: 53355, Epsilon: 0.0100, Buffer: 100000
Episode 230000/500000, Total Reward: 42052, Epsilon: 0.0100, Buffer: 100000
Episode 231000/500000, Total Reward: 32235, Epsilon: 0.0100, Buffer: 100000
Episode 232000/500000, Total Reward: 45195, Epsilon: 0.0100, Buffer: 100000
Episode 233000/500000, Total Reward: 46643, Epsilon: 0.0100, Buffer: 100000
Episode 234000/500000, Total Reward: 58545, Epsilon: 0.0100, Buffer: 100000
Episode 235000/500000, Total Reward: 47641, Epsilon: 0.0100, Buffer: 100000
Episode 236000/500000, Total Reward: 42956, Epsilon: 0.0100, Buffer: 100000
Episode 237000/500000, Total Reward: 48684, Epsilon: 0.0100, Buffer: 100000
Episode 238000/500000, Total Reward: 50255, Epsilon: 0.0100, Buffer: 100000
Episode 239000/500000, Total Reward: 53913, Epsilon: 0.0100, Buffer: 100000
Episode 240000/500000, Total Reward: 42001, Epsilon: 0.0100, Buffer: 100000
Episode 241000/500000, Total Reward: 60999, Epsilon: 0.0100, Buffer: 100000
Episode 242000/500000, Total Reward: 49756, Epsilon: 0.0100, Buffer: 100000
Episode 243000/500000, Total Reward: 45905, Epsilon: 0.0100, Buffer: 100000
Episode 244000/500000, Total Reward: 36856, Epsilon: 0.0100, Buffer: 100000
Episode 245000/500000, Total Reward: 54723, Epsilon: 0.0100, Buffer: 100000
Episode 246000/500000, Total Reward: 47185, Epsilon: 0.0100, Buffer: 100000
Episode 247000/500000, Total Reward: 41372, Epsilon: 0.0100, Buffer: 100000
Episode 248000/500000, Total Reward: 52953, Epsilon: 0.0100, Buffer: 100000
Episode 249000/500000, Total Reward: 52287, Epsilon: 0.0100, Buffer: 100000
Episode 250000/500000, Total Reward: 60698, Epsilon: 0.0100, Buffer: 100000
Episode 251000/500000, Total Reward: 50841, Epsilon: 0.0100, Buffer: 100000
Episode 252000/500000, Total Reward: 30926, Epsilon: 0.0100, Buffer: 100000
Episode 253000/500000, Total Reward: 40711, Epsilon: 0.0100, Buffer: 100000
Episode 254000/500000, Total Reward: 46582, Epsilon: 0.0100, Buffer: 100000
Episode 255000/500000, Total Reward: 23620, Epsilon: 0.0100, Buffer: 100000
Episode 256000/500000, Total Reward: 42860, Epsilon: 0.0100, Buffer: 100000
Episode 257000/500000, Total Reward: 48670, Epsilon: 0.0100, Buffer: 100000
Episode 258000/500000, Total Reward: -78, Epsilon: 0.0100, Buffer: 100000
Episode 259000/500000, Total Reward: 54671, Epsilon: 0.0100, Buffer: 100000
Episode 260000/500000, Total Reward: 56304, Epsilon: 0.0100, Buffer: 100000
Episode 261000/500000, Total Reward: 38995, Epsilon: 0.0100, Buffer: 100000
Episode 262000/500000, Total Reward: 54978, Epsilon: 0.0100, Buffer: 100000
Episode 263000/500000, Total Reward: 39913, Epsilon: 0.0100, Buffer: 100000
Episode 264000/500000, Total Reward: 53289, Epsilon: 0.0100, Buffer: 100000
Episode 265000/500000, Total Reward: 53478, Epsilon: 0.0100, Buffer: 100000
Episode 266000/500000, Total Reward: 52946, Epsilon: 0.0100, Buffer: 100000
Episode 267000/500000, Total Reward: 50851, Epsilon: 0.0100, Buffer: 100000
Episode 268000/500000, Total Reward: 56344, Epsilon: 0.0100, Buffer: 100000
Episode 269000/500000, Total Reward: 53097, Epsilon: 0.0100, Buffer: 100000
Episode 270000/500000, Total Reward: 40811, Epsilon: 0.0100, Buffer: 100000
Episode 271000/500000, Total Reward: 48179, Epsilon: 0.0100, Buffer: 100000
Episode 272000/500000, Total Reward: 46635, Epsilon: 0.0100, Buffer: 100000
Episode 273000/500000, Total Reward: 28141, Epsilon: 0.0100, Buffer: 100000
Episode 274000/500000, Total Reward: 43418, Epsilon: 0.0100, Buffer: 100000
Episode 275000/500000, Total Reward: 34988, Epsilon: 0.0100, Buffer: 100000
Episode 276000/500000, Total Reward: 51581, Epsilon: 0.0100, Buffer: 100000
Episode 277000/500000, Total Reward: 39288, Epsilon: 0.0100, Buffer: 100000
Episode 278000/500000, Total Reward: 39203, Epsilon: 0.0100, Buffer: 100000
Episode 279000/500000, Total Reward: 45903, Epsilon: 0.0100, Buffer: 100000
Episode 280000/500000, Total Reward: 57719, Epsilon: 0.0100, Buffer: 100000
Episode 281000/500000, Total Reward: 44291, Epsilon: 0.0100, Buffer: 100000
Episode 282000/500000, Total Reward: 44564, Epsilon: 0.0100, Buffer: 100000
Episode 283000/500000, Total Reward: 60695, Epsilon: 0.0100, Buffer: 100000
Episode 284000/500000, Total Reward: 46045, Epsilon: 0.0100, Buffer: 100000
Episode 285000/500000, Total Reward: 47917, Epsilon: 0.0100, Buffer: 100000
Episode 286000/500000, Total Reward: 46617, Epsilon: 0.0100, Buffer: 100000
Episode 287000/500000, Total Reward: 39542, Epsilon: 0.0100, Buffer: 100000
Episode 288000/500000, Total Reward: 49514, Epsilon: 0.0100, Buffer: 100000
Episode 289000/500000, Total Reward: 51386, Epsilon: 0.0100, Buffer: 100000
Episode 290000/500000, Total Reward: 56283, Epsilon: 0.0100, Buffer: 100000
Episode 291000/500000, Total Reward: 30990, Epsilon: 0.0100, Buffer: 100000
Episode 292000/500000, Total Reward: 43885, Epsilon: 0.0100, Buffer: 100000
Episode 293000/500000, Total Reward: 51493, Epsilon: 0.0100, Buffer: 100000
Episode 294000/500000, Total Reward: 40447, Epsilon: 0.0100, Buffer: 100000
Episode 295000/500000, Total Reward: 52588, Epsilon: 0.0100, Buffer: 100000
Episode 296000/500000, Total Reward: 50654, Epsilon: 0.0100, Buffer: 100000
Episode 297000/500000, Total Reward: 44133, Epsilon: 0.0100, Buffer: 100000
Episode 298000/500000, Total Reward: 42164, Epsilon: 0.0100, Buffer: 100000
Episode 299000/500000, Total Reward: 44733, Epsilon: 0.0100, Buffer: 100000
Episode 300000/500000, Total Reward: 30469, Epsilon: 0.0100, Buffer: 100000
Episode 301000/500000, Total Reward: 46687, Epsilon: 0.0100, Buffer: 100000
Episode 302000/500000, Total Reward: 56996, Epsilon: 0.0100, Buffer: 100000
Episode 303000/500000, Total Reward: 46984, Epsilon: 0.0100, Buffer: 100000
Episode 304000/500000, Total Reward: 45962, Epsilon: 0.0100, Buffer: 100000
Episode 305000/500000, Total Reward: 42005, Epsilon: 0.0100, Buffer: 100000
Episode 306000/500000, Total Reward: 48738, Epsilon: 0.0100, Buffer: 100000
Episode 307000/500000, Total Reward: 57904, Epsilon: 0.0100, Buffer: 100000
Episode 308000/500000, Total Reward: 45785, Epsilon: 0.0100, Buffer: 100000
Episode 309000/500000, Total Reward: 42968, Epsilon: 0.0100, Buffer: 100000
Episode 310000/500000, Total Reward: 36182, Epsilon: 0.0100, Buffer: 100000
Episode 311000/500000, Total Reward: 49593, Epsilon: 0.0100, Buffer: 100000
Episode 312000/500000, Total Reward: 43931, Epsilon: 0.0100, Buffer: 100000
Episode 313000/500000, Total Reward: 41340, Epsilon: 0.0100, Buffer: 100000
Episode 314000/500000, Total Reward: 41886, Epsilon: 0.0100, Buffer: 100000
Episode 315000/500000, Total Reward: 30351, Epsilon: 0.0100, Buffer: 100000
Episode 316000/500000, Total Reward: 43067, Epsilon: 0.0100, Buffer: 100000
Episode 317000/500000, Total Reward: 39031, Epsilon: 0.0100, Buffer: 100000
Episode 318000/500000, Total Reward: 48840, Epsilon: 0.0100, Buffer: 100000
Episode 319000/500000, Total Reward: 33486, Epsilon: 0.0100, Buffer: 100000
Episode 320000/500000, Total Reward: 47036, Epsilon: 0.0100, Buffer: 100000
Episode 321000/500000, Total Reward: 27817, Epsilon: 0.0100, Buffer: 100000
Episode 322000/500000, Total Reward: 29472, Epsilon: 0.0100, Buffer: 100000
Episode 323000/500000, Total Reward: 28642, Epsilon: 0.0100, Buffer: 100000
Episode 324000/500000, Total Reward: 51968, Epsilon: 0.0100, Buffer: 100000
Episode 325000/500000, Total Reward: 45469, Epsilon: 0.0100, Buffer: 100000
Episode 326000/500000, Total Reward: 49796, Epsilon: 0.0100, Buffer: 100000
Episode 327000/500000, Total Reward: 52366, Epsilon: 0.0100, Buffer: 100000
Episode 328000/500000, Total Reward: 44120, Epsilon: 0.0100, Buffer: 100000
Episode 329000/500000, Total Reward: 41227, Epsilon: 0.0100, Buffer: 100000
Episode 330000/500000, Total Reward: 52528, Epsilon: 0.0100, Buffer: 100000
Episode 331000/500000, Total Reward: 44730, Epsilon: 0.0100, Buffer: 100000
Episode 332000/500000, Total Reward: 44700, Epsilon: 0.0100, Buffer: 100000
Episode 333000/500000, Total Reward: 51668, Epsilon: 0.0100, Buffer: 100000
Episode 334000/500000, Total Reward: 51092, Epsilon: 0.0100, Buffer: 100000
Episode 335000/500000, Total Reward: 48318, Epsilon: 0.0100, Buffer: 100000
Episode 336000/500000, Total Reward: 26279, Epsilon: 0.0100, Buffer: 100000
Episode 337000/500000, Total Reward: 47632, Epsilon: 0.0100, Buffer: 100000
Episode 338000/500000, Total Reward: 53735, Epsilon: 0.0100, Buffer: 100000
Episode 339000/500000, Total Reward: 42261, Epsilon: 0.0100, Buffer: 100000
Episode 340000/500000, Total Reward: 58280, Epsilon: 0.0100, Buffer: 100000
Episode 341000/500000, Total Reward: 48270, Epsilon: 0.0100, Buffer: 100000
Episode 342000/500000, Total Reward: 51672, Epsilon: 0.0100, Buffer: 100000
Episode 343000/500000, Total Reward: 34392, Epsilon: 0.0100, Buffer: 100000
Episode 344000/500000, Total Reward: 50547, Epsilon: 0.0100, Buffer: 100000
Episode 345000/500000, Total Reward: 39965, Epsilon: 0.0100, Buffer: 100000
Episode 346000/500000, Total Reward: 44070, Epsilon: 0.0100, Buffer: 100000
Episode 347000/500000, Total Reward: 51527, Epsilon: 0.0100, Buffer: 100000
Episode 348000/500000, Total Reward: 50575, Epsilon: 0.0100, Buffer: 100000
Episode 349000/500000, Total Reward: 48285, Epsilon: 0.0100, Buffer: 100000
Episode 350000/500000, Total Reward: 52378, Epsilon: 0.0100, Buffer: 100000
Episode 351000/500000, Total Reward: 43951, Epsilon: 0.0100, Buffer: 100000
Episode 352000/500000, Total Reward: 53148, Epsilon: 0.0100, Buffer: 100000
Episode 353000/500000, Total Reward: 40770, Epsilon: 0.0100, Buffer: 100000
Episode 354000/500000, Total Reward: 49875, Epsilon: 0.0100, Buffer: 100000
Episode 355000/500000, Total Reward: 34117, Epsilon: 0.0100, Buffer: 100000
Episode 356000/500000, Total Reward: 29735, Epsilon: 0.0100, Buffer: 100000
Episode 357000/500000, Total Reward: 56167, Epsilon: 0.0100, Buffer: 100000
Episode 358000/500000, Total Reward: 44173, Epsilon: 0.0100, Buffer: 100000
Episode 359000/500000, Total Reward: 52861, Epsilon: 0.0100, Buffer: 100000
Episode 360000/500000, Total Reward: 54989, Epsilon: 0.0100, Buffer: 100000
Episode 361000/500000, Total Reward: 52822, Epsilon: 0.0100, Buffer: 100000
Episode 362000/500000, Total Reward: 48087, Epsilon: 0.0100, Buffer: 100000
Episode 363000/500000, Total Reward: 32982, Epsilon: 0.0100, Buffer: 100000
Episode 364000/500000, Total Reward: 34790, Epsilon: 0.0100, Buffer: 100000
Episode 365000/500000, Total Reward: 50852, Epsilon: 0.0100, Buffer: 100000
Episode 366000/500000, Total Reward: 53211, Epsilon: 0.0100, Buffer: 100000
Episode 367000/500000, Total Reward: 43562, Epsilon: 0.0100, Buffer: 100000
Episode 368000/500000, Total Reward: 54943, Epsilon: 0.0100, Buffer: 100000
Episode 369000/500000, Total Reward: 36203, Epsilon: 0.0100, Buffer: 100000
Episode 370000/500000, Total Reward: 48220, Epsilon: 0.0100, Buffer: 100000
Episode 371000/500000, Total Reward: 44760, Epsilon: 0.0100, Buffer: 100000
Episode 372000/500000, Total Reward: 37093, Epsilon: 0.0100, Buffer: 100000
Episode 373000/500000, Total Reward: 54251, Epsilon: 0.0100, Buffer: 100000
Episode 374000/500000, Total Reward: 51267, Epsilon: 0.0100, Buffer: 100000
Episode 375000/500000, Total Reward: 34865, Epsilon: 0.0100, Buffer: 100000
Episode 376000/500000, Total Reward: 39978, Epsilon: 0.0100, Buffer: 100000
Episode 377000/500000, Total Reward: 50371, Epsilon: 0.0100, Buffer: 100000
Episode 378000/500000, Total Reward: 49704, Epsilon: 0.0100, Buffer: 100000
Episode 379000/500000, Total Reward: 51510, Epsilon: 0.0100, Buffer: 100000
Episode 380000/500000, Total Reward: 35568, Epsilon: 0.0100, Buffer: 100000
Episode 381000/500000, Total Reward: 53578, Epsilon: 0.0100, Buffer: 100000
Episode 382000/500000, Total Reward: 46502, Epsilon: 0.0100, Buffer: 100000
Episode 383000/500000, Total Reward: 50143, Epsilon: 0.0100, Buffer: 100000
Episode 384000/500000, Total Reward: 53789, Epsilon: 0.0100, Buffer: 100000
Episode 385000/500000, Total Reward: 39556, Epsilon: 0.0100, Buffer: 100000
Episode 386000/500000, Total Reward: 41299, Epsilon: 0.0100, Buffer: 100000
Episode 387000/500000, Total Reward: 29940, Epsilon: 0.0100, Buffer: 100000
Episode 388000/500000, Total Reward: 56549, Epsilon: 0.0100, Buffer: 100000
Episode 389000/500000, Total Reward: 43314, Epsilon: 0.0100, Buffer: 100000
Episode 390000/500000, Total Reward: 48271, Epsilon: 0.0100, Buffer: 100000
Episode 391000/500000, Total Reward: 50370, Epsilon: 0.0100, Buffer: 100000
Episode 392000/500000, Total Reward: 51003, Epsilon: 0.0100, Buffer: 100000
Episode 393000/500000, Total Reward: 51538, Epsilon: 0.0100, Buffer: 100000
Episode 394000/500000, Total Reward: 55203, Epsilon: 0.0100, Buffer: 100000
Episode 395000/500000, Total Reward: 42419, Epsilon: 0.0100, Buffer: 100000
Episode 396000/500000, Total Reward: 34848, Epsilon: 0.0100, Buffer: 100000
Episode 397000/500000, Total Reward: 39103, Epsilon: 0.0100, Buffer: 100000
Episode 398000/500000, Total Reward: 55892, Epsilon: 0.0100, Buffer: 100000
Episode 399000/500000, Total Reward: 54951, Epsilon: 0.0100, Buffer: 100000
Episode 400000/500000, Total Reward: 32509, Epsilon: 0.0100, Buffer: 100000
Episode 401000/500000, Total Reward: 31950, Epsilon: 0.0100, Buffer: 100000
Episode 402000/500000, Total Reward: 50131, Epsilon: 0.0100, Buffer: 100000
Episode 403000/500000, Total Reward: 53010, Epsilon: 0.0100, Buffer: 100000
Episode 404000/500000, Total Reward: 51678, Epsilon: 0.0100, Buffer: 100000
Episode 405000/500000, Total Reward: 47812, Epsilon: 0.0100, Buffer: 100000
Episode 406000/500000, Total Reward: 53722, Epsilon: 0.0100, Buffer: 100000
Episode 407000/500000, Total Reward: 29672, Epsilon: 0.0100, Buffer: 100000
Episode 408000/500000, Total Reward: 45449, Epsilon: 0.0100, Buffer: 100000
Episode 409000/500000, Total Reward: 53572, Epsilon: 0.0100, Buffer: 100000
Episode 410000/500000, Total Reward: 39748, Epsilon: 0.0100, Buffer: 100000
Episode 411000/500000, Total Reward: 58008, Epsilon: 0.0100, Buffer: 100000
Episode 412000/500000, Total Reward: 39143, Epsilon: 0.0100, Buffer: 100000
Episode 413000/500000, Total Reward: 54140, Epsilon: 0.0100, Buffer: 100000
Episode 414000/500000, Total Reward: 27222, Epsilon: 0.0100, Buffer: 100000
Episode 415000/500000, Total Reward: 43414, Epsilon: 0.0100, Buffer: 100000
Episode 416000/500000, Total Reward: 42185, Epsilon: 0.0100, Buffer: 100000
Episode 417000/500000, Total Reward: 38380, Epsilon: 0.0100, Buffer: 100000
Episode 418000/500000, Total Reward: 28512, Epsilon: 0.0100, Buffer: 100000
Episode 419000/500000, Total Reward: 41109, Epsilon: 0.0100, Buffer: 100000
Episode 420000/500000, Total Reward: 44427, Epsilon: 0.0100, Buffer: 100000
Episode 421000/500000, Total Reward: 44403, Epsilon: 0.0100, Buffer: 100000
Episode 422000/500000, Total Reward: 56530, Epsilon: 0.0100, Buffer: 100000
Episode 423000/500000, Total Reward: 46662, Epsilon: 0.0100, Buffer: 100000
Episode 424000/500000, Total Reward: 43449, Epsilon: 0.0100, Buffer: 100000
Episode 425000/500000, Total Reward: 42659, Epsilon: 0.0100, Buffer: 100000
Episode 426000/500000, Total Reward: 58079, Epsilon: 0.0100, Buffer: 100000
Episode 427000/500000, Total Reward: 43367, Epsilon: 0.0100, Buffer: 100000
Episode 428000/500000, Total Reward: 49643, Epsilon: 0.0100, Buffer: 100000
Episode 429000/500000, Total Reward: 45966, Epsilon: 0.0100, Buffer: 100000
Episode 430000/500000, Total Reward: 41028, Epsilon: 0.0100, Buffer: 100000
Episode 431000/500000, Total Reward: 54011, Epsilon: 0.0100, Buffer: 100000
Episode 432000/500000, Total Reward: 42426, Epsilon: 0.0100, Buffer: 100000
Episode 433000/500000, Total Reward: 44017, Epsilon: 0.0100, Buffer: 100000
Episode 434000/500000, Total Reward: 45269, Epsilon: 0.0100, Buffer: 100000
Episode 435000/500000, Total Reward: 49132, Epsilon: 0.0100, Buffer: 100000
Episode 436000/500000, Total Reward: 28441, Epsilon: 0.0100, Buffer: 100000
Episode 437000/500000, Total Reward: 58314, Epsilon: 0.0100, Buffer: 100000
Episode 438000/500000, Total Reward: 46241, Epsilon: 0.0100, Buffer: 100000
Episode 439000/500000, Total Reward: 38235, Epsilon: 0.0100, Buffer: 100000
Episode 440000/500000, Total Reward: 49314, Epsilon: 0.0100, Buffer: 100000
Episode 441000/500000, Total Reward: 53629, Epsilon: 0.0100, Buffer: 100000
Episode 442000/500000, Total Reward: 36106, Epsilon: 0.0100, Buffer: 100000
Episode 443000/500000, Total Reward: 47136, Epsilon: 0.0100, Buffer: 100000
Episode 444000/500000, Total Reward: 46486, Epsilon: 0.0100, Buffer: 100000
Episode 445000/500000, Total Reward: 56726, Epsilon: 0.0100, Buffer: 100000
Episode 446000/500000, Total Reward: 43251, Epsilon: 0.0100, Buffer: 100000
Episode 447000/500000, Total Reward: 36422, Epsilon: 0.0100, Buffer: 100000
Episode 448000/500000, Total Reward: 49402, Epsilon: 0.0100, Buffer: 100000
Episode 449000/500000, Total Reward: 37753, Epsilon: 0.0100, Buffer: 100000
Episode 450000/500000, Total Reward: 42257, Epsilon: 0.0100, Buffer: 100000
Episode 451000/500000, Total Reward: 39190, Epsilon: 0.0100, Buffer: 100000
Episode 452000/500000, Total Reward: 38639, Epsilon: 0.0100, Buffer: 100000
Episode 453000/500000, Total Reward: 38811, Epsilon: 0.0100, Buffer: 100000
Episode 454000/500000, Total Reward: 57122, Epsilon: 0.0100, Buffer: 100000
Episode 455000/500000, Total Reward: 56746, Epsilon: 0.0100, Buffer: 100000
Episode 456000/500000, Total Reward: 47324, Epsilon: 0.0100, Buffer: 100000
Episode 457000/500000, Total Reward: 39854, Epsilon: 0.0100, Buffer: 100000
Episode 458000/500000, Total Reward: 40805, Epsilon: 0.0100, Buffer: 100000
Episode 459000/500000, Total Reward: 57398, Epsilon: 0.0100, Buffer: 100000
Episode 460000/500000, Total Reward: 18283, Epsilon: 0.0100, Buffer: 100000
Episode 461000/500000, Total Reward: 52485, Epsilon: 0.0100, Buffer: 100000
Episode 462000/500000, Total Reward: 55966, Epsilon: 0.0100, Buffer: 100000
Episode 463000/500000, Total Reward: 43009, Epsilon: 0.0100, Buffer: 100000
Episode 464000/500000, Total Reward: 48345, Epsilon: 0.0100, Buffer: 100000
Episode 465000/500000, Total Reward: 40571, Epsilon: 0.0100, Buffer: 100000
Episode 466000/500000, Total Reward: 42992, Epsilon: 0.0100, Buffer: 100000
Episode 467000/500000, Total Reward: 46214, Epsilon: 0.0100, Buffer: 100000
Episode 468000/500000, Total Reward: 49197, Epsilon: 0.0100, Buffer: 100000
Episode 469000/500000, Total Reward: 51763, Epsilon: 0.0100, Buffer: 100000
Episode 470000/500000, Total Reward: 48524, Epsilon: 0.0100, Buffer: 100000
Episode 471000/500000, Total Reward: 26155, Epsilon: 0.0100, Buffer: 100000
Episode 472000/500000, Total Reward: 44944, Epsilon: 0.0100, Buffer: 100000
Episode 473000/500000, Total Reward: 40361, Epsilon: 0.0100, Buffer: 100000
Episode 474000/500000, Total Reward: 40715, Epsilon: 0.0100, Buffer: 100000
Episode 475000/500000, Total Reward: 55205, Epsilon: 0.0100, Buffer: 100000
Episode 476000/500000, Total Reward: 32353, Epsilon: 0.0100, Buffer: 100000
Episode 477000/500000, Total Reward: 43340, Epsilon: 0.0100, Buffer: 100000
Episode 478000/500000, Total Reward: 38525, Epsilon: 0.0100, Buffer: 100000
Episode 479000/500000, Total Reward: 43613, Epsilon: 0.0100, Buffer: 100000
Episode 480000/500000, Total Reward: 55817, Epsilon: 0.0100, Buffer: 100000
Episode 481000/500000, Total Reward: 39796, Epsilon: 0.0100, Buffer: 100000
Episode 482000/500000, Total Reward: 54167, Epsilon: 0.0100, Buffer: 100000
Episode 483000/500000, Total Reward: 31390, Epsilon: 0.0100, Buffer: 100000
Episode 484000/500000, Total Reward: 42996, Epsilon: 0.0100, Buffer: 100000
Episode 485000/500000, Total Reward: 25953, Epsilon: 0.0100, Buffer: 100000
Episode 486000/500000, Total Reward: 46755, Epsilon: 0.0100, Buffer: 100000
Episode 487000/500000, Total Reward: 53506, Epsilon: 0.0100, Buffer: 100000
Episode 488000/500000, Total Reward: 35425, Epsilon: 0.0100, Buffer: 100000
Episode 489000/500000, Total Reward: 53314, Epsilon: 0.0100, Buffer: 100000
Episode 490000/500000, Total Reward: 41153, Epsilon: 0.0100, Buffer: 100000
Episode 491000/500000, Total Reward: 45379, Epsilon: 0.0100, Buffer: 100000
Episode 492000/500000, Total Reward: 40860, Epsilon: 0.0100, Buffer: 100000
Episode 493000/500000, Total Reward: 29978, Epsilon: 0.0100, Buffer: 100000
Episode 494000/500000, Total Reward: 43910, Epsilon: 0.0100, Buffer: 100000
Episode 495000/500000, Total Reward: 45656, Epsilon: 0.0100, Buffer: 100000
Episode 496000/500000, Total Reward: 53739, Epsilon: 0.0100, Buffer: 100000
Episode 497000/500000, Total Reward: 47718, Epsilon: 0.0100, Buffer: 100000
Episode 498000/500000, Total Reward: 43618, Epsilon: 0.0100, Buffer: 100000
Episode 499000/500000, Total Reward: 44034, Epsilon: 0.0100, Buffer: 100000
Episode 500000/500000, Total Reward: 34623, Epsilon: 0.0100, Buffer: 100000
Extracting Q-table from DQN for compatibility...
Saved DQN model to outputs/DQN_UG_500k_run3_model.pth
Saved Q-table (for compatibility) to outputs/DQN_UG_500k_run3.pkl

Learned DQN Q-table (sample):
State: (0, 0, 9, 0)
  Action: keep, Q-value: 6237.75
  Action: replace, Q-value: 4044.15
State: (1, 1, 0, 0)
  Action: keep, Q-value: 5454.66
  Action: replace, Q-value: 4073.81
State: (1, 1, 0, 1)
  Action: keep, Q-value: 4842.78
  Action: replace, Q-value: 3957.41
State: (1, 2, 0, 0)
  Action: keep, Q-value: 5496.98
  Action: replace, Q-value: 4062.04
State: (1, 2, 0, 1)
  Action: keep, Q-value: 4751.08
  Action: replace, Q-value: 3919.12
State: (1, 3, 0, 0)
  Action: keep, Q-value: 5466.19
  Action: replace, Q-value: 4068.13
State: (1, 3, 0, 1)
  Action: keep, Q-value: 4734.79
  Action: replace, Q-value: 3928.42
State: (1, 4, 0, 0)
  Action: keep, Q-value: 5323.67
  Action: replace, Q-value: 4058.79
State: (1, 4, 0, 1)
  Action: keep, Q-value: 4629.22
  Action: replace, Q-value: 3927.79
State: (1, 4, 1, 0)
  Action: keep, Q-value: 5636.49
  Action: replace, Q-value: 4068.67
Total states: 3289

Time taken for training: 110581.44 seconds
Average reward (last 1000 episodes): 45943.40
--- Run ended 2026-02-04 17:51:41 ---
