
--- Run started 2026-02-11 18:23:54 ---

======================================================================
CREATING NEW MODEL
======================================================================

Starting fresh with epsilon: 1.0000
======================================================================

Starting DQN training for 5000 episodes...
Episode 1000/5000, Total Reward: 40531, Epsilon: 0.0100, Buffer: 100000
Episode 2000/5000, Total Reward: 32220, Epsilon: 0.0100, Buffer: 100000
Episode 3000/5000, Total Reward: 34218, Epsilon: 0.0100, Buffer: 100000
Episode 4000/5000, Total Reward: 39128, Epsilon: 0.0100, Buffer: 100000
Episode 5000/5000, Total Reward: 42287, Epsilon: 0.0100, Buffer: 100000
Extracting Q-table from DQN for compatibility...
Saved DQN model to outputs/edgecases_policy_model.pth
Saved Q-table (for compatibility) to outputs/edgecases_policy.pkl

Learned DQN Q-table (sample):
State: (0, 0, 9, 0)
  Action: keep, Q-value: 4336.21
  Action: replace, Q-value: 3271.67
State: (1, 1, 0, 0)
  Action: keep, Q-value: 3792.26
  Action: replace, Q-value: 3161.47
State: (1, 1, 0, 1)
  Action: keep, Q-value: 3323.75
  Action: replace, Q-value: 3053.17
State: (1, 2, 0, 0)
  Action: keep, Q-value: 3783.11
  Action: replace, Q-value: 3146.53
State: (1, 2, 0, 1)
  Action: keep, Q-value: 3280.80
  Action: replace, Q-value: 3061.84
State: (1, 3, 0, 0)
  Action: keep, Q-value: 3750.32
  Action: replace, Q-value: 3141.27
State: (1, 3, 0, 1)
  Action: keep, Q-value: 3233.46
  Action: replace, Q-value: 3073.54
State: (1, 4, 0, 0)
  Action: keep, Q-value: 3654.23
  Action: replace, Q-value: 3149.26
State: (1, 4, 0, 1)
  Action: keep, Q-value: 3138.09
  Action: replace, Q-value: 3072.54
State: (1, 4, 1, 0)
  Action: keep, Q-value: 3913.69
  Action: replace, Q-value: 3145.60
Total states: 2209

Time taken for training: 687.01 seconds
Average reward (last 1000 episodes): 33895.29
--- Run ended 2026-02-11 18:35:23 ---

--- Run started 2026-02-11 18:37:14 ---

======================================================================
LOADING EXISTING MODEL
======================================================================
Model file: outputs/edgecases_policy_model.pth
Loaded 5000 previous episodes
Continuing from epsilon: 0.0100
Previous final reward: 42287
======================================================================

Starting DQN training for 5000 episodes...
Episode 1000/5000, Total Reward: 17349, Epsilon: 0.0100, Buffer: 100000
Episode 2000/5000, Total Reward: 38221, Epsilon: 0.0100, Buffer: 100000
Episode 3000/5000, Total Reward: 40317, Epsilon: 0.0100, Buffer: 100000
Episode 4000/5000, Total Reward: 29198, Epsilon: 0.0100, Buffer: 100000
Episode 5000/5000, Total Reward: 29525, Epsilon: 0.0100, Buffer: 100000
Extracting Q-table from DQN for compatibility...
Saved DQN model to outputs/edgecases_policy_model.pth
Saved Q-table (for compatibility) to outputs/edgecases_policy.pkl

Learned DQN Q-table (sample):
State: (0, 0, 9, 0)
  Action: keep, Q-value: 4401.96
  Action: replace, Q-value: 3308.15
State: (1, 1, 0, 0)
  Action: keep, Q-value: 3865.16
  Action: replace, Q-value: 3262.49
State: (1, 1, 0, 1)
  Action: keep, Q-value: 3534.58
  Action: replace, Q-value: 3137.05
State: (1, 2, 0, 0)
  Action: keep, Q-value: 3881.38
  Action: replace, Q-value: 3220.29
State: (1, 2, 0, 1)
  Action: keep, Q-value: 3486.85
  Action: replace, Q-value: 3135.91
State: (1, 3, 0, 0)
  Action: keep, Q-value: 3861.92
  Action: replace, Q-value: 3194.88
State: (1, 3, 0, 1)
  Action: keep, Q-value: 3402.38
  Action: replace, Q-value: 3126.79
State: (1, 4, 0, 0)
  Action: keep, Q-value: 3803.18
  Action: replace, Q-value: 3182.51
State: (1, 4, 0, 1)
  Action: keep, Q-value: 3336.70
  Action: replace, Q-value: 3132.74
State: (1, 4, 1, 0)
  Action: keep, Q-value: 4034.42
  Action: replace, Q-value: 3199.58
Total states: 2209

Time taken for training: 724.64 seconds
Average reward (last 1000 episodes): 34157.99
--- Run ended 2026-02-11 18:49:24 ---
